2019-12-19 13:19:54,038-log_demo-INFO-sql able to connect!
2019-12-19 13:19:54,038-log_demo-INFO-delete from xtp_fund_asset_20191219 where fund_acc = 100065004975 and oms_id = 11
2019-12-19 13:19:54,050-log_demo-INFO-delete table xtp_fund_asset_20191219 success!
2019-12-19 13:19:54,053-log_demo-INFO-insert into xtp_fund_asset_20191219
                       select
                        100065004975,
                        cur_type,
                        fund_avl_bal,
                        fund_frz_bal,
                        fund_bal,
                        fund_buy_sale,
                        fund_unc_buy,
                        fund_unc_sale,
                        fund_trsf,
                        node_id,
                        11
                  from xtp_fund_asset_auto where py_name="YW_ETFSS_SZSG_001"
2019-12-19 13:19:54,070-log_demo-INFO-insert_fund_assetYW_ETFSS_SZSG_001success!
2019-12-19 13:19:54,071-paramiko.transport-DEBUG-starting thread (client mode): 0x20ebc50L
2019-12-19 13:19:54,071-paramiko.transport-DEBUG-Local version/idstring: SSH-2.0-paramiko_2.4.1
2019-12-19 13:19:54,076-paramiko.transport-DEBUG-Remote version/idstring: SSH-2.0-OpenSSH_6.6.1
2019-12-19 13:19:54,076-paramiko.transport-INFO-Connected (version 2.0, client OpenSSH_6.6.1)
2019-12-19 13:19:54,077-paramiko.transport-DEBUG-kex algos:[u'curve25519-sha256@libssh.org', u'ecdh-sha2-nistp256', u'ecdh-sha2-nistp384', u'ecdh-sha2-nistp521', u'diffie-hellman-group-exchange-sha256', u'diffie-hellman-group-exchange-sha1', u'diffie-hellman-group14-sha1', u'diffie-hellman-group1-sha1'] server key:[u'ssh-rsa', u'ecdsa-sha2-nistp256', u'ssh-ed25519'] client encrypt:[u'aes128-ctr', u'aes192-ctr', u'aes256-ctr', u'arcfour256', u'arcfour128', u'aes128-gcm@openssh.com', u'aes256-gcm@openssh.com', u'chacha20-poly1305@openssh.com', u'aes128-cbc', u'3des-cbc', u'blowfish-cbc', u'cast128-cbc', u'aes192-cbc', u'aes256-cbc', u'arcfour', u'rijndael-cbc@lysator.liu.se'] server encrypt:[u'aes128-ctr', u'aes192-ctr', u'aes256-ctr', u'arcfour256', u'arcfour128', u'aes128-gcm@openssh.com', u'aes256-gcm@openssh.com', u'chacha20-poly1305@openssh.com', u'aes128-cbc', u'3des-cbc', u'blowfish-cbc', u'cast128-cbc', u'aes192-cbc', u'aes256-cbc', u'arcfour', u'rijndael-cbc@lysator.liu.se'] client mac:[u'hmac-md5-etm@openssh.com', u'hmac-sha1-etm@openssh.com', u'umac-64-etm@openssh.com', u'umac-128-etm@openssh.com', u'hmac-sha2-256-etm@openssh.com', u'hmac-sha2-512-etm@openssh.com', u'hmac-ripemd160-etm@openssh.com', u'hmac-sha1-96-etm@openssh.com', u'hmac-md5-96-etm@openssh.com', u'hmac-md5', u'hmac-sha1', u'umac-64@openssh.com', u'umac-128@openssh.com', u'hmac-sha2-256', u'hmac-sha2-512', u'hmac-ripemd160', u'hmac-ripemd160@openssh.com', u'hmac-sha1-96', u'hmac-md5-96'] server mac:[u'hmac-md5-etm@openssh.com', u'hmac-sha1-etm@openssh.com', u'umac-64-etm@openssh.com', u'umac-128-etm@openssh.com', u'hmac-sha2-256-etm@openssh.com', u'hmac-sha2-512-etm@openssh.com', u'hmac-ripemd160-etm@openssh.com', u'hmac-sha1-96-etm@openssh.com', u'hmac-md5-96-etm@openssh.com', u'hmac-md5', u'hmac-sha1', u'umac-64@openssh.com', u'umac-128@openssh.com', u'hmac-sha2-256', u'hmac-sha2-512', u'hmac-ripemd160', u'hmac-ripemd160@openssh.com', u'hmac-sha1-96', u'hmac-md5-96'] client compress:[u'none', u'zlib@openssh.com'] server compress:[u'none', u'zlib@openssh.com'] client lang:[u''] server lang:[u''] kex follows?False
2019-12-19 13:19:54,077-paramiko.transport-DEBUG-Kex agreed: ecdh-sha2-nistp256
2019-12-19 13:19:54,077-paramiko.transport-DEBUG-HostKey agreed: ssh-ed25519
2019-12-19 13:19:54,077-paramiko.transport-DEBUG-Cipher agreed: aes128-ctr
2019-12-19 13:19:54,077-paramiko.transport-DEBUG-MAC agreed: hmac-sha2-256
2019-12-19 13:19:54,077-paramiko.transport-DEBUG-Compression agreed: none
2019-12-19 13:19:54,108-paramiko.transport-DEBUG-kex engine KexNistp256 specified hash_algo <built-in function openssl_sha256>
2019-12-19 13:19:54,109-paramiko.transport-DEBUG-Switch to new keys ...
2019-12-19 13:19:54,139-paramiko.transport-DEBUG-Adding ssh-ed25519 host key for 10.29.182.38: 9c589c255248bf0581d9b58ecf85e2ed
2019-12-19 13:19:54,148-paramiko.transport-DEBUG-userauth is OK
2019-12-19 13:19:54,171-paramiko.transport-INFO-Authentication (password) successful!
2019-12-19 13:19:54,204-paramiko.transport-DEBUG-[chan 0] Max packet in: 32768 bytes
2019-12-19 13:19:54,204-paramiko.transport-DEBUG-[chan 0] Max packet out: 32768 bytes
2019-12-19 13:19:54,204-paramiko.transport-DEBUG-Secsh channel 0 opened.
2019-12-19 13:19:54,206-paramiko.transport-DEBUG-[chan 0] Sesch channel 0 request ok
2019-12-19 13:19:54,483-paramiko.transport-DEBUG-[chan 0] EOF received (0)
2019-12-19 13:19:54,483-paramiko.transport-DEBUG-[chan 0] EOF sent (0)
2019-12-19 13:19:56,488-paramiko.transport-DEBUG-EOF in transport thread
2019-12-19 13:19:56,501-log_demo-INFO-sql able to connect!
2019-12-19 13:19:56,501-log_demo-INFO-TRUNCATE TABLE ashare_cjhb
2019-12-19 13:19:56,504-log_demo-INFO-TRUNCATE TABLE ashare_ordwth
2019-12-19 13:19:56,511-log_demo-INFO-TRUNCATE TABLE ashare_ordwth2
2019-12-19 13:19:56,517-log_demo-INFO-TRUNCATE TABLE reqresp
2019-12-19 13:19:56,524-log_demo-INFO-TRUNCATE TABLE execreport
2019-12-19 13:19:56,533-log_demo-INFO-TRUNCATE TABLE ashare_ordwth_cancel
2019-12-19 13:19:56,541-log_demo-INFO-truncate table ashare_ordwth_cancel success!
2019-12-19 13:19:56,541-paramiko.transport-DEBUG-starting thread (client mode): 0x20ebc10L
2019-12-19 13:19:56,542-paramiko.transport-DEBUG-Local version/idstring: SSH-2.0-paramiko_2.4.1
2019-12-19 13:19:56,548-paramiko.transport-DEBUG-Remote version/idstring: SSH-2.0-OpenSSH_6.6.1
2019-12-19 13:19:56,548-paramiko.transport-INFO-Connected (version 2.0, client OpenSSH_6.6.1)
2019-12-19 13:19:56,549-paramiko.transport-DEBUG-kex algos:[u'curve25519-sha256@libssh.org', u'ecdh-sha2-nistp256', u'ecdh-sha2-nistp384', u'ecdh-sha2-nistp521', u'diffie-hellman-group-exchange-sha256', u'diffie-hellman-group-exchange-sha1', u'diffie-hellman-group14-sha1', u'diffie-hellman-group1-sha1'] server key:[u'ssh-rsa', u'ecdsa-sha2-nistp256', u'ssh-ed25519'] client encrypt:[u'aes128-ctr', u'aes192-ctr', u'aes256-ctr', u'arcfour256', u'arcfour128', u'aes128-gcm@openssh.com', u'aes256-gcm@openssh.com', u'chacha20-poly1305@openssh.com', u'aes128-cbc', u'3des-cbc', u'blowfish-cbc', u'cast128-cbc', u'aes192-cbc', u'aes256-cbc', u'arcfour', u'rijndael-cbc@lysator.liu.se'] server encrypt:[u'aes128-ctr', u'aes192-ctr', u'aes256-ctr', u'arcfour256', u'arcfour128', u'aes128-gcm@openssh.com', u'aes256-gcm@openssh.com', u'chacha20-poly1305@openssh.com', u'aes128-cbc', u'3des-cbc', u'blowfish-cbc', u'cast128-cbc', u'aes192-cbc', u'aes256-cbc', u'arcfour', u'rijndael-cbc@lysator.liu.se'] client mac:[u'hmac-md5-etm@openssh.com', u'hmac-sha1-etm@openssh.com', u'umac-64-etm@openssh.com', u'umac-128-etm@openssh.com', u'hmac-sha2-256-etm@openssh.com', u'hmac-sha2-512-etm@openssh.com', u'hmac-ripemd160-etm@openssh.com', u'hmac-sha1-96-etm@openssh.com', u'hmac-md5-96-etm@openssh.com', u'hmac-md5', u'hmac-sha1', u'umac-64@openssh.com', u'umac-128@openssh.com', u'hmac-sha2-256', u'hmac-sha2-512', u'hmac-ripemd160', u'hmac-ripemd160@openssh.com', u'hmac-sha1-96', u'hmac-md5-96'] server mac:[u'hmac-md5-etm@openssh.com', u'hmac-sha1-etm@openssh.com', u'umac-64-etm@openssh.com', u'umac-128-etm@openssh.com', u'hmac-sha2-256-etm@openssh.com', u'hmac-sha2-512-etm@openssh.com', u'hmac-ripemd160-etm@openssh.com', u'hmac-sha1-96-etm@openssh.com', u'hmac-md5-96-etm@openssh.com', u'hmac-md5', u'hmac-sha1', u'umac-64@openssh.com', u'umac-128@openssh.com', u'hmac-sha2-256', u'hmac-sha2-512', u'hmac-ripemd160', u'hmac-ripemd160@openssh.com', u'hmac-sha1-96', u'hmac-md5-96'] client compress:[u'none', u'zlib@openssh.com'] server compress:[u'none', u'zlib@openssh.com'] client lang:[u''] server lang:[u''] kex follows?False
2019-12-19 13:19:56,549-paramiko.transport-DEBUG-Kex agreed: ecdh-sha2-nistp256
2019-12-19 13:19:56,549-paramiko.transport-DEBUG-HostKey agreed: ssh-ed25519
2019-12-19 13:19:56,549-paramiko.transport-DEBUG-Cipher agreed: aes128-ctr
2019-12-19 13:19:56,549-paramiko.transport-DEBUG-MAC agreed: hmac-sha2-256
2019-12-19 13:19:56,549-paramiko.transport-DEBUG-Compression agreed: none
2019-12-19 13:19:56,553-paramiko.transport-DEBUG-kex engine KexNistp256 specified hash_algo <built-in function openssl_sha256>
2019-12-19 13:19:56,553-paramiko.transport-DEBUG-Switch to new keys ...
2019-12-19 13:19:56,557-paramiko.transport-DEBUG-Adding ssh-ed25519 host key for 10.29.182.38: 9c589c255248bf0581d9b58ecf85e2ed
2019-12-19 13:19:56,593-paramiko.transport-DEBUG-userauth is OK
2019-12-19 13:19:56,614-paramiko.transport-INFO-Authentication (password) successful!
2019-12-19 13:19:56,621-paramiko.transport-DEBUG-[chan 0] Max packet in: 32768 bytes
2019-12-19 13:19:56,621-paramiko.transport-DEBUG-[chan 0] Max packet out: 32768 bytes
2019-12-19 13:19:56,621-paramiko.transport-DEBUG-Secsh channel 0 opened.
2019-12-19 13:19:56,623-paramiko.transport-DEBUG-[chan 0] Sesch channel 0 request ok
2019-12-19 13:19:56,635-paramiko.transport-DEBUG-[chan 0] EOF received (0)
2019-12-19 13:19:56,636-paramiko.transport-DEBUG-[chan 0] EOF sent (0)
2019-12-19 13:19:58,638-paramiko.transport-DEBUG-[chan 1] Max packet in: 32768 bytes
2019-12-19 13:19:58,638-paramiko.transport-DEBUG-[chan 1] Max packet out: 32768 bytes
2019-12-19 13:19:58,638-paramiko.transport-DEBUG-Secsh channel 1 opened.
2019-12-19 13:19:58,640-paramiko.transport-DEBUG-[chan 1] Sesch channel 1 request ok
2019-12-19 13:19:58,652-paramiko.transport-DEBUG-[chan 1] EOF received (1)
2019-12-19 13:19:58,652-paramiko.transport-DEBUG-[chan 1] EOF sent (1)
2019-12-19 13:20:00,654-paramiko.transport-DEBUG-[chan 2] Max packet in: 32768 bytes
2019-12-19 13:20:00,655-paramiko.transport-DEBUG-[chan 2] Max packet out: 32768 bytes
2019-12-19 13:20:00,655-paramiko.transport-DEBUG-Secsh channel 2 opened.
2019-12-19 13:20:00,657-paramiko.transport-DEBUG-[chan 2] Sesch channel 2 request ok
2019-12-19 13:20:00,669-paramiko.transport-DEBUG-[chan 2] EOF received (2)
2019-12-19 13:20:00,670-paramiko.transport-DEBUG-[chan 2] EOF sent (2)
2019-12-19 13:20:02,673-paramiko.transport-DEBUG-EOF in transport thread
2019-12-19 13:20:30,237-paramiko.transport-DEBUG-starting thread (client mode): 0x20ebc10L
2019-12-19 13:20:30,237-paramiko.transport-DEBUG-Local version/idstring: SSH-2.0-paramiko_2.4.1
2019-12-19 13:20:30,243-paramiko.transport-DEBUG-Remote version/idstring: SSH-2.0-OpenSSH_6.6.1
2019-12-19 13:20:30,244-paramiko.transport-INFO-Connected (version 2.0, client OpenSSH_6.6.1)
2019-12-19 13:20:30,245-paramiko.transport-DEBUG-kex algos:[u'curve25519-sha256@libssh.org', u'ecdh-sha2-nistp256', u'ecdh-sha2-nistp384', u'ecdh-sha2-nistp521', u'diffie-hellman-group-exchange-sha256', u'diffie-hellman-group-exchange-sha1', u'diffie-hellman-group14-sha1', u'diffie-hellman-group1-sha1'] server key:[u'ssh-rsa', u'ecdsa-sha2-nistp256', u'ssh-ed25519'] client encrypt:[u'aes128-ctr', u'aes192-ctr', u'aes256-ctr', u'arcfour256', u'arcfour128', u'aes128-gcm@openssh.com', u'aes256-gcm@openssh.com', u'chacha20-poly1305@openssh.com', u'aes128-cbc', u'3des-cbc', u'blowfish-cbc', u'cast128-cbc', u'aes192-cbc', u'aes256-cbc', u'arcfour', u'rijndael-cbc@lysator.liu.se'] server encrypt:[u'aes128-ctr', u'aes192-ctr', u'aes256-ctr', u'arcfour256', u'arcfour128', u'aes128-gcm@openssh.com', u'aes256-gcm@openssh.com', u'chacha20-poly1305@openssh.com', u'aes128-cbc', u'3des-cbc', u'blowfish-cbc', u'cast128-cbc', u'aes192-cbc', u'aes256-cbc', u'arcfour', u'rijndael-cbc@lysator.liu.se'] client mac:[u'hmac-md5-etm@openssh.com', u'hmac-sha1-etm@openssh.com', u'umac-64-etm@openssh.com', u'umac-128-etm@openssh.com', u'hmac-sha2-256-etm@openssh.com', u'hmac-sha2-512-etm@openssh.com', u'hmac-ripemd160-etm@openssh.com', u'hmac-sha1-96-etm@openssh.com', u'hmac-md5-96-etm@openssh.com', u'hmac-md5', u'hmac-sha1', u'umac-64@openssh.com', u'umac-128@openssh.com', u'hmac-sha2-256', u'hmac-sha2-512', u'hmac-ripemd160', u'hmac-ripemd160@openssh.com', u'hmac-sha1-96', u'hmac-md5-96'] server mac:[u'hmac-md5-etm@openssh.com', u'hmac-sha1-etm@openssh.com', u'umac-64-etm@openssh.com', u'umac-128-etm@openssh.com', u'hmac-sha2-256-etm@openssh.com', u'hmac-sha2-512-etm@openssh.com', u'hmac-ripemd160-etm@openssh.com', u'hmac-sha1-96-etm@openssh.com', u'hmac-md5-96-etm@openssh.com', u'hmac-md5', u'hmac-sha1', u'umac-64@openssh.com', u'umac-128@openssh.com', u'hmac-sha2-256', u'hmac-sha2-512', u'hmac-ripemd160', u'hmac-ripemd160@openssh.com', u'hmac-sha1-96', u'hmac-md5-96'] client compress:[u'none', u'zlib@openssh.com'] server compress:[u'none', u'zlib@openssh.com'] client lang:[u''] server lang:[u''] kex follows?False
2019-12-19 13:20:30,245-paramiko.transport-DEBUG-Kex agreed: ecdh-sha2-nistp256
2019-12-19 13:20:30,245-paramiko.transport-DEBUG-HostKey agreed: ssh-ed25519
2019-12-19 13:20:30,245-paramiko.transport-DEBUG-Cipher agreed: aes128-ctr
2019-12-19 13:20:30,245-paramiko.transport-DEBUG-MAC agreed: hmac-sha2-256
2019-12-19 13:20:30,245-paramiko.transport-DEBUG-Compression agreed: none
2019-12-19 13:20:30,250-paramiko.transport-DEBUG-kex engine KexNistp256 specified hash_algo <built-in function openssl_sha256>
2019-12-19 13:20:30,250-paramiko.transport-DEBUG-Switch to new keys ...
2019-12-19 13:20:30,253-paramiko.transport-DEBUG-Adding ssh-ed25519 host key for 10.29.182.38: 9c589c255248bf0581d9b58ecf85e2ed
2019-12-19 13:20:30,290-paramiko.transport-DEBUG-userauth is OK
2019-12-19 13:20:30,314-paramiko.transport-INFO-Authentication (password) successful!
2019-12-19 13:20:30,317-paramiko.transport-DEBUG-[chan 0] Max packet in: 32768 bytes
2019-12-19 13:20:30,319-paramiko.transport-DEBUG-[chan 0] Max packet out: 32768 bytes
2019-12-19 13:20:30,320-paramiko.transport-DEBUG-Secsh channel 0 opened.
2019-12-19 13:20:30,321-paramiko.transport-DEBUG-[chan 0] Sesch channel 0 request ok
2019-12-19 13:20:30,826-paramiko.transport-DEBUG-[chan 0] EOF received (0)
2019-12-19 13:20:30,827-paramiko.transport-DEBUG-[chan 0] EOF sent (0)
2019-12-19 13:20:32,829-paramiko.transport-DEBUG-[chan 1] Max packet in: 32768 bytes
2019-12-19 13:20:32,830-paramiko.transport-DEBUG-[chan 1] Max packet out: 32768 bytes
2019-12-19 13:20:32,830-paramiko.transport-DEBUG-Secsh channel 1 opened.
2019-12-19 13:20:32,832-paramiko.transport-DEBUG-[chan 1] Sesch channel 1 request ok
2019-12-19 13:20:33,471-paramiko.transport-DEBUG-[chan 1] EOF received (1)
2019-12-19 13:20:33,471-paramiko.transport-DEBUG-[chan 1] EOF sent (1)
2019-12-19 13:20:39,481-paramiko.transport-DEBUG-[chan 2] Max packet in: 32768 bytes
2019-12-19 13:20:39,481-paramiko.transport-DEBUG-[chan 2] Max packet out: 32768 bytes
2019-12-19 13:20:39,482-paramiko.transport-DEBUG-Secsh channel 2 opened.
2019-12-19 13:20:39,483-paramiko.transport-DEBUG-[chan 2] Sesch channel 2 request ok
2019-12-19 13:20:40,081-paramiko.transport-DEBUG-[chan 2] EOF received (2)
2019-12-19 13:20:40,081-paramiko.transport-DEBUG-[chan 2] EOF sent (2)
2019-12-19 13:20:42,084-paramiko.transport-DEBUG-[chan 3] Max packet in: 32768 bytes
2019-12-19 13:20:42,084-paramiko.transport-DEBUG-[chan 3] Max packet out: 32768 bytes
2019-12-19 13:20:42,085-paramiko.transport-DEBUG-Secsh channel 3 opened.
2019-12-19 13:20:42,087-paramiko.transport-DEBUG-[chan 3] Sesch channel 3 request ok
2019-12-19 13:20:42,363-paramiko.transport-DEBUG-[chan 3] EOF received (3)
2019-12-19 13:20:42,363-paramiko.transport-DEBUG-[chan 3] EOF sent (3)
2019-12-19 13:20:44,364-paramiko.transport-DEBUG-[chan 4] Max packet in: 32768 bytes
2019-12-19 13:20:44,365-paramiko.transport-DEBUG-[chan 4] Max packet out: 32768 bytes
2019-12-19 13:20:44,365-paramiko.transport-DEBUG-Secsh channel 4 opened.
2019-12-19 13:20:44,367-paramiko.transport-DEBUG-[chan 4] Sesch channel 4 request ok
2019-12-19 13:20:44,873-paramiko.transport-DEBUG-[chan 4] EOF received (4)
2019-12-19 13:20:44,874-paramiko.transport-DEBUG-[chan 4] EOF sent (4)
2019-12-19 13:20:46,878-paramiko.transport-DEBUG-EOF in transport thread
2019-12-19 13:20:49,001-myloger-WARNING-深圳ETF申购--禁止现金替代：T-1日无成分股→T日申购ETF, case_ID=ATC-202-01
2019-12-19 13:20:49,008-myloger-WARNING-用例case_ID = ATC-202-01, etf申购的执行结果为: False, 获取下单参数失败, 不存在符合要求的持仓证券
