2018-03-07 17:32:00,499-log_demo-INFO-sql able to connect!
2018-03-07 17:32:00,500-log_demo-INFO-delete from xtp_fund_asset_20180307 where fund_acc = 53300007513
2018-03-07 17:32:00,511-log_demo-INFO-delete table xtp_fund_asset_20180307 success!
2018-03-07 17:32:00,514-log_demo-INFO-insert into xtp_fund_asset_20180307
                       select
                        53300007513,
                        cur_type,
                        fund_avl_bal,
                        fund_frz_bal,
                        fund_bal,
                        fund_buy_sale,
                        fund_unc_buy,
                        fund_unc_sale,
                        fund_trsf,
                        node_id
                  from xtp_fund_asset_auto where py_name="YW_ETFSS_SZSG_077"
2018-03-07 17:32:00,523-log_demo-INFO-insert_fund_assetYW_ETFSS_SZSG_077success!
2018-03-07 17:32:00,524-paramiko.transport-DEBUG-starting thread (client mode): 0x2d96950L
2018-03-07 17:32:00,524-paramiko.transport-DEBUG-Local version/idstring: SSH-2.0-paramiko_2.1.4
2018-03-07 17:32:00,536-paramiko.transport-DEBUG-Remote version/idstring: SSH-2.0-OpenSSH_6.6.1
2018-03-07 17:32:00,537-paramiko.transport-INFO-Connected (version 2.0, client OpenSSH_6.6.1)
2018-03-07 17:32:00,539-paramiko.transport-DEBUG-kex algos:[u'curve25519-sha256@libssh.org', u'ecdh-sha2-nistp256', u'ecdh-sha2-nistp384', u'ecdh-sha2-nistp521', u'diffie-hellman-group-exchange-sha256', u'diffie-hellman-group-exchange-sha1', u'diffie-hellman-group14-sha1', u'diffie-hellman-group1-sha1'] server key:[u'ssh-rsa', u'ecdsa-sha2-nistp256', u'ssh-ed25519'] client encrypt:[u'aes128-ctr', u'aes192-ctr', u'aes256-ctr', u'arcfour256', u'arcfour128', u'aes128-gcm@openssh.com', u'aes256-gcm@openssh.com', u'chacha20-poly1305@openssh.com', u'aes128-cbc', u'3des-cbc', u'blowfish-cbc', u'cast128-cbc', u'aes192-cbc', u'aes256-cbc', u'arcfour', u'rijndael-cbc@lysator.liu.se'] server encrypt:[u'aes128-ctr', u'aes192-ctr', u'aes256-ctr', u'arcfour256', u'arcfour128', u'aes128-gcm@openssh.com', u'aes256-gcm@openssh.com', u'chacha20-poly1305@openssh.com', u'aes128-cbc', u'3des-cbc', u'blowfish-cbc', u'cast128-cbc', u'aes192-cbc', u'aes256-cbc', u'arcfour', u'rijndael-cbc@lysator.liu.se'] client mac:[u'hmac-md5-etm@openssh.com', u'hmac-sha1-etm@openssh.com', u'umac-64-etm@openssh.com', u'umac-128-etm@openssh.com', u'hmac-sha2-256-etm@openssh.com', u'hmac-sha2-512-etm@openssh.com', u'hmac-ripemd160-etm@openssh.com', u'hmac-sha1-96-etm@openssh.com', u'hmac-md5-96-etm@openssh.com', u'hmac-md5', u'hmac-sha1', u'umac-64@openssh.com', u'umac-128@openssh.com', u'hmac-sha2-256', u'hmac-sha2-512', u'hmac-ripemd160', u'hmac-ripemd160@openssh.com', u'hmac-sha1-96', u'hmac-md5-96'] server mac:[u'hmac-md5-etm@openssh.com', u'hmac-sha1-etm@openssh.com', u'umac-64-etm@openssh.com', u'umac-128-etm@openssh.com', u'hmac-sha2-256-etm@openssh.com', u'hmac-sha2-512-etm@openssh.com', u'hmac-ripemd160-etm@openssh.com', u'hmac-sha1-96-etm@openssh.com', u'hmac-md5-96-etm@openssh.com', u'hmac-md5', u'hmac-sha1', u'umac-64@openssh.com', u'umac-128@openssh.com', u'hmac-sha2-256', u'hmac-sha2-512', u'hmac-ripemd160', u'hmac-ripemd160@openssh.com', u'hmac-sha1-96', u'hmac-md5-96'] client compress:[u'none', u'zlib@openssh.com'] server compress:[u'none', u'zlib@openssh.com'] client lang:[u''] server lang:[u''] kex follows?False
2018-03-07 17:32:00,539-paramiko.transport-DEBUG-Kex agreed: diffie-hellman-group1-sha1
2018-03-07 17:32:00,540-paramiko.transport-DEBUG-HostKey agreed: ecdsa-sha2-nistp256
2018-03-07 17:32:00,540-paramiko.transport-DEBUG-Cipher agreed: aes128-ctr
2018-03-07 17:32:00,540-paramiko.transport-DEBUG-MAC agreed: hmac-sha2-256
2018-03-07 17:32:00,540-paramiko.transport-DEBUG-Compression agreed: none
2018-03-07 17:32:00,615-paramiko.transport-DEBUG-kex engine KexGroup1 specified hash_algo <built-in function openssl_sha1>
2018-03-07 17:32:00,616-paramiko.transport-DEBUG-Switch to new keys ...
2018-03-07 17:32:00,624-paramiko.transport-DEBUG-Adding ecdsa-sha2-nistp256 host key for 10.26.134.198: 3d1842d20ab9aae1ed9777a303bff486
2018-03-07 17:32:00,655-paramiko.transport-DEBUG-userauth is OK
2018-03-07 17:32:00,701-paramiko.transport-INFO-Authentication (password) successful!
2018-03-07 17:32:00,725-paramiko.transport-DEBUG-[chan 0] Max packet in: 32768 bytes
2018-03-07 17:32:00,872-paramiko.transport-DEBUG-[chan 0] Max packet out: 32768 bytes
2018-03-07 17:32:00,872-paramiko.transport-DEBUG-Secsh channel 0 opened.
2018-03-07 17:32:00,894-paramiko.transport-DEBUG-[chan 0] Sesch channel 0 request ok
2018-03-07 17:32:01,552-paramiko.transport-DEBUG-[chan 0] EOF received (0)
2018-03-07 17:32:01,553-paramiko.transport-DEBUG-[chan 0] EOF sent (0)
2018-03-07 17:32:03,557-paramiko.transport-DEBUG-EOF in transport thread
2018-03-07 17:32:03,559-paramiko.transport-DEBUG-starting thread (client mode): 0x2d96990L
2018-03-07 17:32:03,559-paramiko.transport-DEBUG-Local version/idstring: SSH-2.0-paramiko_2.1.4
2018-03-07 17:32:03,572-paramiko.transport-DEBUG-Remote version/idstring: SSH-2.0-OpenSSH_6.6.1
2018-03-07 17:32:03,573-paramiko.transport-INFO-Connected (version 2.0, client OpenSSH_6.6.1)
2018-03-07 17:32:03,575-paramiko.transport-DEBUG-kex algos:[u'curve25519-sha256@libssh.org', u'ecdh-sha2-nistp256', u'ecdh-sha2-nistp384', u'ecdh-sha2-nistp521', u'diffie-hellman-group-exchange-sha256', u'diffie-hellman-group-exchange-sha1', u'diffie-hellman-group14-sha1', u'diffie-hellman-group1-sha1'] server key:[u'ssh-rsa', u'ecdsa-sha2-nistp256', u'ssh-ed25519'] client encrypt:[u'aes128-ctr', u'aes192-ctr', u'aes256-ctr', u'arcfour256', u'arcfour128', u'aes128-gcm@openssh.com', u'aes256-gcm@openssh.com', u'chacha20-poly1305@openssh.com', u'aes128-cbc', u'3des-cbc', u'blowfish-cbc', u'cast128-cbc', u'aes192-cbc', u'aes256-cbc', u'arcfour', u'rijndael-cbc@lysator.liu.se'] server encrypt:[u'aes128-ctr', u'aes192-ctr', u'aes256-ctr', u'arcfour256', u'arcfour128', u'aes128-gcm@openssh.com', u'aes256-gcm@openssh.com', u'chacha20-poly1305@openssh.com', u'aes128-cbc', u'3des-cbc', u'blowfish-cbc', u'cast128-cbc', u'aes192-cbc', u'aes256-cbc', u'arcfour', u'rijndael-cbc@lysator.liu.se'] client mac:[u'hmac-md5-etm@openssh.com', u'hmac-sha1-etm@openssh.com', u'umac-64-etm@openssh.com', u'umac-128-etm@openssh.com', u'hmac-sha2-256-etm@openssh.com', u'hmac-sha2-512-etm@openssh.com', u'hmac-ripemd160-etm@openssh.com', u'hmac-sha1-96-etm@openssh.com', u'hmac-md5-96-etm@openssh.com', u'hmac-md5', u'hmac-sha1', u'umac-64@openssh.com', u'umac-128@openssh.com', u'hmac-sha2-256', u'hmac-sha2-512', u'hmac-ripemd160', u'hmac-ripemd160@openssh.com', u'hmac-sha1-96', u'hmac-md5-96'] server mac:[u'hmac-md5-etm@openssh.com', u'hmac-sha1-etm@openssh.com', u'umac-64-etm@openssh.com', u'umac-128-etm@openssh.com', u'hmac-sha2-256-etm@openssh.com', u'hmac-sha2-512-etm@openssh.com', u'hmac-ripemd160-etm@openssh.com', u'hmac-sha1-96-etm@openssh.com', u'hmac-md5-96-etm@openssh.com', u'hmac-md5', u'hmac-sha1', u'umac-64@openssh.com', u'umac-128@openssh.com', u'hmac-sha2-256', u'hmac-sha2-512', u'hmac-ripemd160', u'hmac-ripemd160@openssh.com', u'hmac-sha1-96', u'hmac-md5-96'] client compress:[u'none', u'zlib@openssh.com'] server compress:[u'none', u'zlib@openssh.com'] client lang:[u''] server lang:[u''] kex follows?False
2018-03-07 17:32:03,575-paramiko.transport-DEBUG-Kex agreed: diffie-hellman-group1-sha1
2018-03-07 17:32:03,575-paramiko.transport-DEBUG-HostKey agreed: ecdsa-sha2-nistp256
2018-03-07 17:32:03,575-paramiko.transport-DEBUG-Cipher agreed: aes128-ctr
2018-03-07 17:32:03,576-paramiko.transport-DEBUG-MAC agreed: hmac-sha2-256
2018-03-07 17:32:03,576-paramiko.transport-DEBUG-Compression agreed: none
2018-03-07 17:32:03,604-paramiko.transport-DEBUG-kex engine KexGroup1 specified hash_algo <built-in function openssl_sha1>
2018-03-07 17:32:03,605-paramiko.transport-DEBUG-Switch to new keys ...
2018-03-07 17:32:03,634-paramiko.transport-DEBUG-Adding ecdsa-sha2-nistp256 host key for 10.26.134.198: 3d1842d20ab9aae1ed9777a303bff486
2018-03-07 17:32:03,644-paramiko.transport-DEBUG-userauth is OK
2018-03-07 17:32:03,690-paramiko.transport-INFO-Authentication (password) successful!
2018-03-07 17:32:03,698-paramiko.transport-DEBUG-[chan 0] Max packet in: 32768 bytes
2018-03-07 17:32:03,863-paramiko.transport-DEBUG-[chan 0] Max packet out: 32768 bytes
2018-03-07 17:32:03,863-paramiko.transport-DEBUG-Secsh channel 0 opened.
2018-03-07 17:32:03,902-paramiko.transport-DEBUG-[chan 0] Sesch channel 0 request ok
2018-03-07 17:32:03,928-paramiko.transport-DEBUG-[chan 0] EOF received (0)
2018-03-07 17:32:03,929-paramiko.transport-DEBUG-[chan 0] EOF sent (0)
2018-03-07 17:32:05,930-paramiko.transport-DEBUG-[chan 1] Max packet in: 32768 bytes
2018-03-07 17:32:05,930-paramiko.transport-DEBUG-[chan 1] Max packet out: 32768 bytes
2018-03-07 17:32:05,930-paramiko.transport-DEBUG-Secsh channel 1 opened.
2018-03-07 17:32:05,933-paramiko.transport-DEBUG-[chan 1] Sesch channel 1 request ok
2018-03-07 17:32:05,951-paramiko.transport-DEBUG-[chan 1] EOF received (1)
2018-03-07 17:32:05,951-paramiko.transport-DEBUG-[chan 1] EOF sent (1)
2018-03-07 17:32:07,955-paramiko.transport-DEBUG-EOF in transport thread
2018-03-07 17:32:07,957-paramiko.transport-DEBUG-starting thread (client mode): 0x2d96650L
2018-03-07 17:32:07,958-paramiko.transport-DEBUG-Local version/idstring: SSH-2.0-paramiko_2.1.4
2018-03-07 17:32:07,970-paramiko.transport-DEBUG-Remote version/idstring: SSH-2.0-OpenSSH_6.6.1
2018-03-07 17:32:07,970-paramiko.transport-INFO-Connected (version 2.0, client OpenSSH_6.6.1)
2018-03-07 17:32:07,973-paramiko.transport-DEBUG-kex algos:[u'curve25519-sha256@libssh.org', u'ecdh-sha2-nistp256', u'ecdh-sha2-nistp384', u'ecdh-sha2-nistp521', u'diffie-hellman-group-exchange-sha256', u'diffie-hellman-group-exchange-sha1', u'diffie-hellman-group14-sha1', u'diffie-hellman-group1-sha1'] server key:[u'ssh-rsa', u'ecdsa-sha2-nistp256', u'ssh-ed25519'] client encrypt:[u'aes128-ctr', u'aes192-ctr', u'aes256-ctr', u'arcfour256', u'arcfour128', u'aes128-gcm@openssh.com', u'aes256-gcm@openssh.com', u'chacha20-poly1305@openssh.com', u'aes128-cbc', u'3des-cbc', u'blowfish-cbc', u'cast128-cbc', u'aes192-cbc', u'aes256-cbc', u'arcfour', u'rijndael-cbc@lysator.liu.se'] server encrypt:[u'aes128-ctr', u'aes192-ctr', u'aes256-ctr', u'arcfour256', u'arcfour128', u'aes128-gcm@openssh.com', u'aes256-gcm@openssh.com', u'chacha20-poly1305@openssh.com', u'aes128-cbc', u'3des-cbc', u'blowfish-cbc', u'cast128-cbc', u'aes192-cbc', u'aes256-cbc', u'arcfour', u'rijndael-cbc@lysator.liu.se'] client mac:[u'hmac-md5-etm@openssh.com', u'hmac-sha1-etm@openssh.com', u'umac-64-etm@openssh.com', u'umac-128-etm@openssh.com', u'hmac-sha2-256-etm@openssh.com', u'hmac-sha2-512-etm@openssh.com', u'hmac-ripemd160-etm@openssh.com', u'hmac-sha1-96-etm@openssh.com', u'hmac-md5-96-etm@openssh.com', u'hmac-md5', u'hmac-sha1', u'umac-64@openssh.com', u'umac-128@openssh.com', u'hmac-sha2-256', u'hmac-sha2-512', u'hmac-ripemd160', u'hmac-ripemd160@openssh.com', u'hmac-sha1-96', u'hmac-md5-96'] server mac:[u'hmac-md5-etm@openssh.com', u'hmac-sha1-etm@openssh.com', u'umac-64-etm@openssh.com', u'umac-128-etm@openssh.com', u'hmac-sha2-256-etm@openssh.com', u'hmac-sha2-512-etm@openssh.com', u'hmac-ripemd160-etm@openssh.com', u'hmac-sha1-96-etm@openssh.com', u'hmac-md5-96-etm@openssh.com', u'hmac-md5', u'hmac-sha1', u'umac-64@openssh.com', u'umac-128@openssh.com', u'hmac-sha2-256', u'hmac-sha2-512', u'hmac-ripemd160', u'hmac-ripemd160@openssh.com', u'hmac-sha1-96', u'hmac-md5-96'] client compress:[u'none', u'zlib@openssh.com'] server compress:[u'none', u'zlib@openssh.com'] client lang:[u''] server lang:[u''] kex follows?False
2018-03-07 17:32:07,973-paramiko.transport-DEBUG-Kex agreed: diffie-hellman-group1-sha1
2018-03-07 17:32:07,973-paramiko.transport-DEBUG-HostKey agreed: ecdsa-sha2-nistp256
2018-03-07 17:32:07,973-paramiko.transport-DEBUG-Cipher agreed: aes128-ctr
2018-03-07 17:32:07,973-paramiko.transport-DEBUG-MAC agreed: hmac-sha2-256
2018-03-07 17:32:07,973-paramiko.transport-DEBUG-Compression agreed: none
2018-03-07 17:32:08,002-paramiko.transport-DEBUG-kex engine KexGroup1 specified hash_algo <built-in function openssl_sha1>
2018-03-07 17:32:08,002-paramiko.transport-DEBUG-Switch to new keys ...
2018-03-07 17:32:08,031-paramiko.transport-DEBUG-Adding ecdsa-sha2-nistp256 host key for 10.26.134.198: 3d1842d20ab9aae1ed9777a303bff486
2018-03-07 17:32:08,041-paramiko.transport-DEBUG-userauth is OK
2018-03-07 17:32:08,085-paramiko.transport-INFO-Authentication (password) successful!
2018-03-07 17:32:08,096-paramiko.transport-DEBUG-[chan 0] Max packet in: 32768 bytes
2018-03-07 17:32:08,254-paramiko.transport-DEBUG-[chan 0] Max packet out: 32768 bytes
2018-03-07 17:32:08,254-paramiko.transport-DEBUG-Secsh channel 0 opened.
2018-03-07 17:32:08,262-paramiko.transport-DEBUG-[chan 0] Sesch channel 0 request ok
2018-03-07 17:32:09,740-paramiko.transport-DEBUG-[chan 0] EOF received (0)
2018-03-07 17:32:09,740-paramiko.transport-DEBUG-[chan 0] EOF sent (0)
2018-03-07 17:32:11,742-paramiko.transport-DEBUG-[chan 1] Max packet in: 32768 bytes
2018-03-07 17:32:11,743-paramiko.transport-DEBUG-[chan 1] Max packet out: 32768 bytes
2018-03-07 17:32:11,743-paramiko.transport-DEBUG-Secsh channel 1 opened.
2018-03-07 17:32:11,746-paramiko.transport-DEBUG-[chan 1] Sesch channel 1 request ok
2018-03-07 17:32:13,507-paramiko.transport-DEBUG-[chan 1] EOF received (1)
2018-03-07 17:32:13,507-paramiko.transport-DEBUG-[chan 1] EOF sent (1)
2018-03-07 17:32:15,509-paramiko.transport-DEBUG-[chan 2] Max packet in: 32768 bytes
2018-03-07 17:32:15,510-paramiko.transport-DEBUG-[chan 2] Max packet out: 32768 bytes
2018-03-07 17:32:15,511-paramiko.transport-DEBUG-Secsh channel 2 opened.
2018-03-07 17:32:15,515-paramiko.transport-DEBUG-[chan 2] Sesch channel 2 request ok
2018-03-07 17:32:16,199-paramiko.transport-DEBUG-[chan 2] EOF received (2)
2018-03-07 17:32:16,200-paramiko.transport-DEBUG-[chan 2] EOF sent (2)
2018-03-07 17:32:18,200-paramiko.transport-DEBUG-[chan 3] Max packet in: 32768 bytes
2018-03-07 17:32:18,201-paramiko.transport-DEBUG-[chan 3] Max packet out: 32768 bytes
2018-03-07 17:32:18,201-paramiko.transport-DEBUG-Secsh channel 3 opened.
2018-03-07 17:32:18,204-paramiko.transport-DEBUG-[chan 3] Sesch channel 3 request ok
2018-03-07 17:32:19,693-paramiko.transport-DEBUG-[chan 3] EOF received (3)
2018-03-07 17:32:19,694-paramiko.transport-DEBUG-[chan 3] EOF sent (3)
2018-03-07 17:32:21,696-paramiko.transport-DEBUG-[chan 4] Max packet in: 32768 bytes
2018-03-07 17:32:21,697-paramiko.transport-DEBUG-[chan 4] Max packet out: 32768 bytes
2018-03-07 17:32:21,697-paramiko.transport-DEBUG-Secsh channel 4 opened.
2018-03-07 17:32:21,699-paramiko.transport-DEBUG-[chan 4] Sesch channel 4 request ok
2018-03-07 17:32:22,363-paramiko.transport-DEBUG-[chan 4] EOF received (4)
2018-03-07 17:32:22,364-paramiko.transport-DEBUG-[chan 4] EOF sent (4)
2018-03-07 17:32:24,364-paramiko.transport-DEBUG-[chan 5] Max packet in: 32768 bytes
2018-03-07 17:32:24,365-paramiko.transport-DEBUG-[chan 5] Max packet out: 32768 bytes
2018-03-07 17:32:24,365-paramiko.transport-DEBUG-Secsh channel 5 opened.
2018-03-07 17:32:24,368-paramiko.transport-DEBUG-[chan 5] Sesch channel 5 request ok
2018-03-07 17:32:25,398-paramiko.transport-DEBUG-[chan 5] EOF received (5)
2018-03-07 17:32:25,398-paramiko.transport-DEBUG-[chan 5] EOF sent (5)
2018-03-07 17:32:27,401-paramiko.transport-DEBUG-[chan 6] Max packet in: 32768 bytes
2018-03-07 17:32:27,401-paramiko.transport-DEBUG-[chan 6] Max packet out: 32768 bytes
2018-03-07 17:32:27,402-paramiko.transport-DEBUG-Secsh channel 6 opened.
2018-03-07 17:32:27,404-paramiko.transport-DEBUG-[chan 6] Sesch channel 6 request ok
2018-03-07 17:32:28,893-paramiko.transport-DEBUG-[chan 6] EOF received (6)
2018-03-07 17:32:28,893-paramiko.transport-DEBUG-[chan 6] EOF sent (6)
2018-03-07 17:32:30,897-paramiko.transport-DEBUG-EOF in transport thread
2018-03-07 17:32:31,009-myloger-WARNING-深圳ETF申购--金额溢出（总金额>1000亿）, case_ID=ATC-202-76
2018-03-07 17:33:44,372-myloger-WARNING-用例case_ID = ATC-202-76, etf申赎的执行结果为: True, , 
