2020-03-20 16:41:51,784-log_demo-INFO-sql able to connect!
2020-03-20 16:41:51,784-log_demo-INFO-delete from xtp_fund_asset_20200320 where fund_acc = 100065004975 and oms_id = 11
2020-03-20 16:41:51,786-log_demo-INFO-delete table xtp_fund_asset_20200320 success!
2020-03-20 16:41:51,844-log_demo-INFO-insert into xtp_fund_asset_20200320
                       select
                        100065004975,
                        cur_type,
                        fund_avl_bal,
                        fund_frz_bal,
                        fund_bal,
                        fund_buy_sale,
                        fund_unc_buy,
                        fund_unc_sale,
                        fund_trsf,
                        node_id,
                        11
                  from xtp_fund_asset_auto where py_name="YW_PGJK_SHKCB_025"
2020-03-20 16:41:51,847-log_demo-INFO-insert_fund_assetYW_PGJK_SHKCB_025success!
2020-03-20 16:41:51,847-paramiko.transport-DEBUG-starting thread (client mode): 0x2064650L
2020-03-20 16:41:51,847-paramiko.transport-DEBUG-Local version/idstring: SSH-2.0-paramiko_2.4.1
2020-03-20 16:41:51,854-paramiko.transport-DEBUG-Remote version/idstring: SSH-2.0-OpenSSH_6.6.1
2020-03-20 16:41:51,854-paramiko.transport-INFO-Connected (version 2.0, client OpenSSH_6.6.1)
2020-03-20 16:41:51,870-paramiko.transport-DEBUG-kex algos:[u'curve25519-sha256@libssh.org', u'ecdh-sha2-nistp256', u'ecdh-sha2-nistp384', u'ecdh-sha2-nistp521', u'diffie-hellman-group-exchange-sha256', u'diffie-hellman-group-exchange-sha1', u'diffie-hellman-group14-sha1', u'diffie-hellman-group1-sha1'] server key:[u'ssh-rsa', u'ecdsa-sha2-nistp256', u'ssh-ed25519'] client encrypt:[u'aes128-ctr', u'aes192-ctr', u'aes256-ctr', u'arcfour256', u'arcfour128', u'aes128-gcm@openssh.com', u'aes256-gcm@openssh.com', u'chacha20-poly1305@openssh.com', u'aes128-cbc', u'3des-cbc', u'blowfish-cbc', u'cast128-cbc', u'aes192-cbc', u'aes256-cbc', u'arcfour', u'rijndael-cbc@lysator.liu.se'] server encrypt:[u'aes128-ctr', u'aes192-ctr', u'aes256-ctr', u'arcfour256', u'arcfour128', u'aes128-gcm@openssh.com', u'aes256-gcm@openssh.com', u'chacha20-poly1305@openssh.com', u'aes128-cbc', u'3des-cbc', u'blowfish-cbc', u'cast128-cbc', u'aes192-cbc', u'aes256-cbc', u'arcfour', u'rijndael-cbc@lysator.liu.se'] client mac:[u'hmac-md5-etm@openssh.com', u'hmac-sha1-etm@openssh.com', u'umac-64-etm@openssh.com', u'umac-128-etm@openssh.com', u'hmac-sha2-256-etm@openssh.com', u'hmac-sha2-512-etm@openssh.com', u'hmac-ripemd160-etm@openssh.com', u'hmac-sha1-96-etm@openssh.com', u'hmac-md5-96-etm@openssh.com', u'hmac-md5', u'hmac-sha1', u'umac-64@openssh.com', u'umac-128@openssh.com', u'hmac-sha2-256', u'hmac-sha2-512', u'hmac-ripemd160', u'hmac-ripemd160@openssh.com', u'hmac-sha1-96', u'hmac-md5-96'] server mac:[u'hmac-md5-etm@openssh.com', u'hmac-sha1-etm@openssh.com', u'umac-64-etm@openssh.com', u'umac-128-etm@openssh.com', u'hmac-sha2-256-etm@openssh.com', u'hmac-sha2-512-etm@openssh.com', u'hmac-ripemd160-etm@openssh.com', u'hmac-sha1-96-etm@openssh.com', u'hmac-md5-96-etm@openssh.com', u'hmac-md5', u'hmac-sha1', u'umac-64@openssh.com', u'umac-128@openssh.com', u'hmac-sha2-256', u'hmac-sha2-512', u'hmac-ripemd160', u'hmac-ripemd160@openssh.com', u'hmac-sha1-96', u'hmac-md5-96'] client compress:[u'none', u'zlib@openssh.com'] server compress:[u'none', u'zlib@openssh.com'] client lang:[u''] server lang:[u''] kex follows?False
2020-03-20 16:41:51,870-paramiko.transport-DEBUG-Kex agreed: ecdh-sha2-nistp256
2020-03-20 16:41:51,870-paramiko.transport-DEBUG-HostKey agreed: ssh-ed25519
2020-03-20 16:41:51,870-paramiko.transport-DEBUG-Cipher agreed: aes128-ctr
2020-03-20 16:41:51,870-paramiko.transport-DEBUG-MAC agreed: hmac-sha2-256
2020-03-20 16:41:51,870-paramiko.transport-DEBUG-Compression agreed: none
2020-03-20 16:41:51,899-paramiko.transport-DEBUG-kex engine KexNistp256 specified hash_algo <built-in function openssl_sha256>
2020-03-20 16:41:51,899-paramiko.transport-DEBUG-Switch to new keys ...
2020-03-20 16:41:51,922-paramiko.transport-DEBUG-Adding ssh-ed25519 host key for 10.29.182.38: 9c589c255248bf0581d9b58ecf85e2ed
2020-03-20 16:41:51,939-paramiko.transport-DEBUG-userauth is OK
2020-03-20 16:41:51,960-paramiko.transport-INFO-Authentication (password) successful!
2020-03-20 16:41:51,992-paramiko.transport-DEBUG-[chan 0] Max packet in: 32768 bytes
2020-03-20 16:41:51,992-paramiko.transport-DEBUG-[chan 0] Max packet out: 32768 bytes
2020-03-20 16:41:51,992-paramiko.transport-DEBUG-Secsh channel 0 opened.
2020-03-20 16:41:51,994-paramiko.transport-DEBUG-[chan 0] Sesch channel 0 request ok
2020-03-20 16:41:52,367-paramiko.transport-DEBUG-[chan 0] EOF received (0)
2020-03-20 16:41:52,367-paramiko.transport-DEBUG-[chan 0] EOF sent (0)
2020-03-20 16:41:54,371-paramiko.transport-DEBUG-EOF in transport thread
2020-03-20 16:41:54,376-log_demo-INFO-sql able to connect!
2020-03-20 16:41:54,376-log_demo-INFO-TRUNCATE TABLE ashare_cjhb
2020-03-20 16:41:54,379-log_demo-INFO-TRUNCATE TABLE ashare_ordwth
2020-03-20 16:41:54,382-log_demo-INFO-TRUNCATE TABLE ashare_ordwth2
2020-03-20 16:41:54,383-log_demo-INFO-TRUNCATE TABLE reqresp
2020-03-20 16:41:54,385-log_demo-INFO-TRUNCATE TABLE execreport
2020-03-20 16:41:54,386-log_demo-INFO-TRUNCATE TABLE ashare_ordwth_cancel
2020-03-20 16:41:54,388-log_demo-INFO-truncate table ashare_ordwth_cancel success!
2020-03-20 16:41:54,389-paramiko.transport-DEBUG-starting thread (client mode): 0x2064690L
2020-03-20 16:41:54,389-paramiko.transport-DEBUG-Local version/idstring: SSH-2.0-paramiko_2.4.1
2020-03-20 16:41:54,394-paramiko.transport-DEBUG-Remote version/idstring: SSH-2.0-OpenSSH_6.6.1
2020-03-20 16:41:54,394-paramiko.transport-INFO-Connected (version 2.0, client OpenSSH_6.6.1)
2020-03-20 16:41:54,395-paramiko.transport-DEBUG-kex algos:[u'curve25519-sha256@libssh.org', u'ecdh-sha2-nistp256', u'ecdh-sha2-nistp384', u'ecdh-sha2-nistp521', u'diffie-hellman-group-exchange-sha256', u'diffie-hellman-group-exchange-sha1', u'diffie-hellman-group14-sha1', u'diffie-hellman-group1-sha1'] server key:[u'ssh-rsa', u'ecdsa-sha2-nistp256', u'ssh-ed25519'] client encrypt:[u'aes128-ctr', u'aes192-ctr', u'aes256-ctr', u'arcfour256', u'arcfour128', u'aes128-gcm@openssh.com', u'aes256-gcm@openssh.com', u'chacha20-poly1305@openssh.com', u'aes128-cbc', u'3des-cbc', u'blowfish-cbc', u'cast128-cbc', u'aes192-cbc', u'aes256-cbc', u'arcfour', u'rijndael-cbc@lysator.liu.se'] server encrypt:[u'aes128-ctr', u'aes192-ctr', u'aes256-ctr', u'arcfour256', u'arcfour128', u'aes128-gcm@openssh.com', u'aes256-gcm@openssh.com', u'chacha20-poly1305@openssh.com', u'aes128-cbc', u'3des-cbc', u'blowfish-cbc', u'cast128-cbc', u'aes192-cbc', u'aes256-cbc', u'arcfour', u'rijndael-cbc@lysator.liu.se'] client mac:[u'hmac-md5-etm@openssh.com', u'hmac-sha1-etm@openssh.com', u'umac-64-etm@openssh.com', u'umac-128-etm@openssh.com', u'hmac-sha2-256-etm@openssh.com', u'hmac-sha2-512-etm@openssh.com', u'hmac-ripemd160-etm@openssh.com', u'hmac-sha1-96-etm@openssh.com', u'hmac-md5-96-etm@openssh.com', u'hmac-md5', u'hmac-sha1', u'umac-64@openssh.com', u'umac-128@openssh.com', u'hmac-sha2-256', u'hmac-sha2-512', u'hmac-ripemd160', u'hmac-ripemd160@openssh.com', u'hmac-sha1-96', u'hmac-md5-96'] server mac:[u'hmac-md5-etm@openssh.com', u'hmac-sha1-etm@openssh.com', u'umac-64-etm@openssh.com', u'umac-128-etm@openssh.com', u'hmac-sha2-256-etm@openssh.com', u'hmac-sha2-512-etm@openssh.com', u'hmac-ripemd160-etm@openssh.com', u'hmac-sha1-96-etm@openssh.com', u'hmac-md5-96-etm@openssh.com', u'hmac-md5', u'hmac-sha1', u'umac-64@openssh.com', u'umac-128@openssh.com', u'hmac-sha2-256', u'hmac-sha2-512', u'hmac-ripemd160', u'hmac-ripemd160@openssh.com', u'hmac-sha1-96', u'hmac-md5-96'] client compress:[u'none', u'zlib@openssh.com'] server compress:[u'none', u'zlib@openssh.com'] client lang:[u''] server lang:[u''] kex follows?False
2020-03-20 16:41:54,395-paramiko.transport-DEBUG-Kex agreed: ecdh-sha2-nistp256
2020-03-20 16:41:54,395-paramiko.transport-DEBUG-HostKey agreed: ssh-ed25519
2020-03-20 16:41:54,395-paramiko.transport-DEBUG-Cipher agreed: aes128-ctr
2020-03-20 16:41:54,395-paramiko.transport-DEBUG-MAC agreed: hmac-sha2-256
2020-03-20 16:41:54,395-paramiko.transport-DEBUG-Compression agreed: none
2020-03-20 16:41:54,399-paramiko.transport-DEBUG-kex engine KexNistp256 specified hash_algo <built-in function openssl_sha256>
2020-03-20 16:41:54,399-paramiko.transport-DEBUG-Switch to new keys ...
2020-03-20 16:41:54,404-paramiko.transport-DEBUG-Adding ssh-ed25519 host key for 10.29.182.38: 9c589c255248bf0581d9b58ecf85e2ed
2020-03-20 16:41:54,439-paramiko.transport-DEBUG-userauth is OK
2020-03-20 16:41:54,459-paramiko.transport-INFO-Authentication (password) successful!
2020-03-20 16:41:54,468-paramiko.transport-DEBUG-[chan 0] Max packet in: 32768 bytes
2020-03-20 16:41:54,468-paramiko.transport-DEBUG-[chan 0] Max packet out: 32768 bytes
2020-03-20 16:41:54,469-paramiko.transport-DEBUG-Secsh channel 0 opened.
2020-03-20 16:41:54,470-paramiko.transport-DEBUG-[chan 0] Sesch channel 0 request ok
2020-03-20 16:41:54,481-paramiko.transport-DEBUG-[chan 0] EOF received (0)
2020-03-20 16:41:54,481-paramiko.transport-DEBUG-[chan 0] EOF sent (0)
2020-03-20 16:41:56,483-paramiko.transport-DEBUG-[chan 1] Max packet in: 32768 bytes
2020-03-20 16:41:56,484-paramiko.transport-DEBUG-[chan 1] Max packet out: 32768 bytes
2020-03-20 16:41:56,484-paramiko.transport-DEBUG-Secsh channel 1 opened.
2020-03-20 16:41:56,486-paramiko.transport-DEBUG-[chan 1] Sesch channel 1 request ok
2020-03-20 16:41:56,498-paramiko.transport-DEBUG-[chan 1] EOF received (1)
2020-03-20 16:41:56,498-paramiko.transport-DEBUG-[chan 1] EOF sent (1)
