2019-04-23 19:59:44,554-log_demo-INFO-sql able to connect!
2019-04-23 19:59:44,554-log_demo-INFO-delete from xtp_fund_asset_20190423 where fund_acc = 100065004975 and oms_id = 17
2019-04-23 19:59:44,555-log_demo-INFO-delete table xtp_fund_asset_20190423 success!
2019-04-23 19:59:44,558-log_demo-INFO-insert into xtp_fund_asset_20190423
                       select
                        100065004975,
                        cur_type,
                        fund_avl_bal,
                        fund_frz_bal,
                        fund_bal,
                        fund_buy_sale,
                        fund_unc_buy,
                        fund_unc_sale,
                        fund_trsf,
                        node_id,
                        17
                  from xtp_fund_asset_auto where py_name="YW_CETFSS_SHSG_108"
2019-04-23 19:59:44,559-log_demo-INFO-insert_fund_assetYW_CETFSS_SHSG_108success!
2019-04-23 19:59:44,560-paramiko.transport-DEBUG-starting thread (client mode): 0x1e64510L
2019-04-23 19:59:44,560-paramiko.transport-DEBUG-Local version/idstring: SSH-2.0-paramiko_2.4.1
2019-04-23 19:59:44,566-paramiko.transport-DEBUG-Remote version/idstring: SSH-2.0-OpenSSH_6.6.1
2019-04-23 19:59:44,566-paramiko.transport-INFO-Connected (version 2.0, client OpenSSH_6.6.1)
2019-04-23 19:59:44,567-paramiko.transport-DEBUG-kex algos:[u'curve25519-sha256@libssh.org', u'ecdh-sha2-nistp256', u'ecdh-sha2-nistp384', u'ecdh-sha2-nistp521', u'diffie-hellman-group-exchange-sha256', u'diffie-hellman-group-exchange-sha1', u'diffie-hellman-group14-sha1', u'diffie-hellman-group1-sha1'] server key:[u'ssh-rsa', u'ecdsa-sha2-nistp256', u'ssh-ed25519'] client encrypt:[u'aes128-ctr', u'aes192-ctr', u'aes256-ctr', u'arcfour256', u'arcfour128', u'aes128-gcm@openssh.com', u'aes256-gcm@openssh.com', u'chacha20-poly1305@openssh.com', u'aes128-cbc', u'3des-cbc', u'blowfish-cbc', u'cast128-cbc', u'aes192-cbc', u'aes256-cbc', u'arcfour', u'rijndael-cbc@lysator.liu.se'] server encrypt:[u'aes128-ctr', u'aes192-ctr', u'aes256-ctr', u'arcfour256', u'arcfour128', u'aes128-gcm@openssh.com', u'aes256-gcm@openssh.com', u'chacha20-poly1305@openssh.com', u'aes128-cbc', u'3des-cbc', u'blowfish-cbc', u'cast128-cbc', u'aes192-cbc', u'aes256-cbc', u'arcfour', u'rijndael-cbc@lysator.liu.se'] client mac:[u'hmac-md5-etm@openssh.com', u'hmac-sha1-etm@openssh.com', u'umac-64-etm@openssh.com', u'umac-128-etm@openssh.com', u'hmac-sha2-256-etm@openssh.com', u'hmac-sha2-512-etm@openssh.com', u'hmac-ripemd160-etm@openssh.com', u'hmac-sha1-96-etm@openssh.com', u'hmac-md5-96-etm@openssh.com', u'hmac-md5', u'hmac-sha1', u'umac-64@openssh.com', u'umac-128@openssh.com', u'hmac-sha2-256', u'hmac-sha2-512', u'hmac-ripemd160', u'hmac-ripemd160@openssh.com', u'hmac-sha1-96', u'hmac-md5-96'] server mac:[u'hmac-md5-etm@openssh.com', u'hmac-sha1-etm@openssh.com', u'umac-64-etm@openssh.com', u'umac-128-etm@openssh.com', u'hmac-sha2-256-etm@openssh.com', u'hmac-sha2-512-etm@openssh.com', u'hmac-ripemd160-etm@openssh.com', u'hmac-sha1-96-etm@openssh.com', u'hmac-md5-96-etm@openssh.com', u'hmac-md5', u'hmac-sha1', u'umac-64@openssh.com', u'umac-128@openssh.com', u'hmac-sha2-256', u'hmac-sha2-512', u'hmac-ripemd160', u'hmac-ripemd160@openssh.com', u'hmac-sha1-96', u'hmac-md5-96'] client compress:[u'none', u'zlib@openssh.com'] server compress:[u'none', u'zlib@openssh.com'] client lang:[u''] server lang:[u''] kex follows?False
2019-04-23 19:59:44,567-paramiko.transport-DEBUG-Kex agreed: ecdh-sha2-nistp256
2019-04-23 19:59:44,567-paramiko.transport-DEBUG-HostKey agreed: ssh-ed25519
2019-04-23 19:59:44,567-paramiko.transport-DEBUG-Cipher agreed: aes128-ctr
2019-04-23 19:59:44,567-paramiko.transport-DEBUG-MAC agreed: hmac-sha2-256
2019-04-23 19:59:44,567-paramiko.transport-DEBUG-Compression agreed: none
2019-04-23 19:59:44,597-paramiko.transport-DEBUG-kex engine KexNistp256 specified hash_algo <built-in function openssl_sha256>
2019-04-23 19:59:44,598-paramiko.transport-DEBUG-Switch to new keys ...
2019-04-23 19:59:44,628-paramiko.transport-DEBUG-Adding ssh-ed25519 host key for 10.29.182.38: 9c589c255248bf0581d9b58ecf85e2ed
2019-04-23 19:59:44,637-paramiko.transport-DEBUG-userauth is OK
2019-04-23 19:59:44,657-paramiko.transport-INFO-Authentication (password) successful!
2019-04-23 19:59:44,660-paramiko.transport-DEBUG-[chan 0] Max packet in: 32768 bytes
2019-04-23 19:59:44,663-paramiko.transport-DEBUG-[chan 0] Max packet out: 32768 bytes
2019-04-23 19:59:44,663-paramiko.transport-DEBUG-Secsh channel 0 opened.
2019-04-23 19:59:44,664-paramiko.transport-DEBUG-[chan 0] Sesch channel 0 request ok
2019-04-23 19:59:44,921-paramiko.transport-DEBUG-[chan 0] EOF received (0)
2019-04-23 19:59:44,921-paramiko.transport-DEBUG-[chan 0] EOF sent (0)
2019-04-23 19:59:46,924-paramiko.transport-DEBUG-EOF in transport thread
2019-04-23 19:59:46,928-log_demo-INFO-sql able to connect!
2019-04-23 19:59:46,928-log_demo-INFO-TRUNCATE TABLE ashare_cjhb
2019-04-23 19:59:46,930-log_demo-INFO-TRUNCATE TABLE ashare_ordwth
2019-04-23 19:59:46,931-log_demo-INFO-TRUNCATE TABLE ashare_ordwth2
2019-04-23 19:59:46,932-log_demo-INFO-TRUNCATE TABLE reqresp
2019-04-23 19:59:46,933-log_demo-INFO-TRUNCATE TABLE execreport
2019-04-23 19:59:46,935-log_demo-INFO-TRUNCATE TABLE ashare_ordwth_cancel
2019-04-23 19:59:46,936-log_demo-INFO-truncate table ashare_ordwth_cancel success!
2019-04-23 19:59:46,937-paramiko.transport-DEBUG-starting thread (client mode): 0x1e644d0L
2019-04-23 19:59:46,937-paramiko.transport-DEBUG-Local version/idstring: SSH-2.0-paramiko_2.4.1
2019-04-23 19:59:46,942-paramiko.transport-DEBUG-Remote version/idstring: SSH-2.0-OpenSSH_6.6.1
2019-04-23 19:59:46,942-paramiko.transport-INFO-Connected (version 2.0, client OpenSSH_6.6.1)
2019-04-23 19:59:46,943-paramiko.transport-DEBUG-kex algos:[u'curve25519-sha256@libssh.org', u'ecdh-sha2-nistp256', u'ecdh-sha2-nistp384', u'ecdh-sha2-nistp521', u'diffie-hellman-group-exchange-sha256', u'diffie-hellman-group-exchange-sha1', u'diffie-hellman-group14-sha1', u'diffie-hellman-group1-sha1'] server key:[u'ssh-rsa', u'ecdsa-sha2-nistp256', u'ssh-ed25519'] client encrypt:[u'aes128-ctr', u'aes192-ctr', u'aes256-ctr', u'arcfour256', u'arcfour128', u'aes128-gcm@openssh.com', u'aes256-gcm@openssh.com', u'chacha20-poly1305@openssh.com', u'aes128-cbc', u'3des-cbc', u'blowfish-cbc', u'cast128-cbc', u'aes192-cbc', u'aes256-cbc', u'arcfour', u'rijndael-cbc@lysator.liu.se'] server encrypt:[u'aes128-ctr', u'aes192-ctr', u'aes256-ctr', u'arcfour256', u'arcfour128', u'aes128-gcm@openssh.com', u'aes256-gcm@openssh.com', u'chacha20-poly1305@openssh.com', u'aes128-cbc', u'3des-cbc', u'blowfish-cbc', u'cast128-cbc', u'aes192-cbc', u'aes256-cbc', u'arcfour', u'rijndael-cbc@lysator.liu.se'] client mac:[u'hmac-md5-etm@openssh.com', u'hmac-sha1-etm@openssh.com', u'umac-64-etm@openssh.com', u'umac-128-etm@openssh.com', u'hmac-sha2-256-etm@openssh.com', u'hmac-sha2-512-etm@openssh.com', u'hmac-ripemd160-etm@openssh.com', u'hmac-sha1-96-etm@openssh.com', u'hmac-md5-96-etm@openssh.com', u'hmac-md5', u'hmac-sha1', u'umac-64@openssh.com', u'umac-128@openssh.com', u'hmac-sha2-256', u'hmac-sha2-512', u'hmac-ripemd160', u'hmac-ripemd160@openssh.com', u'hmac-sha1-96', u'hmac-md5-96'] server mac:[u'hmac-md5-etm@openssh.com', u'hmac-sha1-etm@openssh.com', u'umac-64-etm@openssh.com', u'umac-128-etm@openssh.com', u'hmac-sha2-256-etm@openssh.com', u'hmac-sha2-512-etm@openssh.com', u'hmac-ripemd160-etm@openssh.com', u'hmac-sha1-96-etm@openssh.com', u'hmac-md5-96-etm@openssh.com', u'hmac-md5', u'hmac-sha1', u'umac-64@openssh.com', u'umac-128@openssh.com', u'hmac-sha2-256', u'hmac-sha2-512', u'hmac-ripemd160', u'hmac-ripemd160@openssh.com', u'hmac-sha1-96', u'hmac-md5-96'] client compress:[u'none', u'zlib@openssh.com'] server compress:[u'none', u'zlib@openssh.com'] client lang:[u''] server lang:[u''] kex follows?False
2019-04-23 19:59:46,943-paramiko.transport-DEBUG-Kex agreed: ecdh-sha2-nistp256
2019-04-23 19:59:46,943-paramiko.transport-DEBUG-HostKey agreed: ssh-ed25519
2019-04-23 19:59:46,943-paramiko.transport-DEBUG-Cipher agreed: aes128-ctr
2019-04-23 19:59:46,943-paramiko.transport-DEBUG-MAC agreed: hmac-sha2-256
2019-04-23 19:59:46,943-paramiko.transport-DEBUG-Compression agreed: none
2019-04-23 19:59:46,947-paramiko.transport-DEBUG-kex engine KexNistp256 specified hash_algo <built-in function openssl_sha256>
2019-04-23 19:59:46,947-paramiko.transport-DEBUG-Switch to new keys ...
2019-04-23 19:59:46,955-paramiko.transport-DEBUG-Adding ssh-ed25519 host key for 10.29.182.38: 9c589c255248bf0581d9b58ecf85e2ed
2019-04-23 19:59:46,987-paramiko.transport-DEBUG-userauth is OK
2019-04-23 19:59:47,008-paramiko.transport-INFO-Authentication (password) successful!
2019-04-23 19:59:47,018-paramiko.transport-DEBUG-[chan 0] Max packet in: 32768 bytes
2019-04-23 19:59:47,019-paramiko.transport-DEBUG-[chan 0] Max packet out: 32768 bytes
2019-04-23 19:59:47,019-paramiko.transport-DEBUG-Secsh channel 0 opened.
2019-04-23 19:59:47,021-paramiko.transport-DEBUG-[chan 0] Sesch channel 0 request ok
2019-04-23 19:59:47,031-paramiko.transport-DEBUG-[chan 0] EOF received (0)
2019-04-23 19:59:47,031-paramiko.transport-DEBUG-[chan 0] EOF sent (0)
2019-04-23 19:59:49,032-paramiko.transport-DEBUG-[chan 1] Max packet in: 32768 bytes
2019-04-23 19:59:49,032-paramiko.transport-DEBUG-[chan 1] Max packet out: 32768 bytes
2019-04-23 19:59:49,032-paramiko.transport-DEBUG-Secsh channel 1 opened.
2019-04-23 19:59:49,034-paramiko.transport-DEBUG-[chan 1] Sesch channel 1 request ok
2019-04-23 19:59:49,045-paramiko.transport-DEBUG-[chan 1] EOF received (1)
2019-04-23 19:59:49,045-paramiko.transport-DEBUG-[chan 1] EOF sent (1)
2019-04-23 19:59:51,047-paramiko.transport-DEBUG-[chan 2] Max packet in: 32768 bytes
2019-04-23 19:59:51,048-paramiko.transport-DEBUG-[chan 2] Max packet out: 32768 bytes
2019-04-23 19:59:51,048-paramiko.transport-DEBUG-Secsh channel 2 opened.
2019-04-23 19:59:51,050-paramiko.transport-DEBUG-[chan 2] Sesch channel 2 request ok
2019-04-23 19:59:51,061-paramiko.transport-DEBUG-[chan 2] EOF received (2)
2019-04-23 19:59:51,061-paramiko.transport-DEBUG-[chan 2] EOF sent (2)
2019-04-23 19:59:53,064-paramiko.transport-DEBUG-EOF in transport thread
2019-04-23 20:00:07,092-paramiko.transport-DEBUG-starting thread (client mode): 0xe426cc90L
2019-04-23 20:00:07,092-paramiko.transport-DEBUG-Local version/idstring: SSH-2.0-paramiko_2.4.1
2019-04-23 20:00:07,097-paramiko.transport-DEBUG-Remote version/idstring: SSH-2.0-OpenSSH_6.6.1
2019-04-23 20:00:07,097-paramiko.transport-INFO-Connected (version 2.0, client OpenSSH_6.6.1)
2019-04-23 20:00:07,098-paramiko.transport-DEBUG-kex algos:[u'curve25519-sha256@libssh.org', u'ecdh-sha2-nistp256', u'ecdh-sha2-nistp384', u'ecdh-sha2-nistp521', u'diffie-hellman-group-exchange-sha256', u'diffie-hellman-group-exchange-sha1', u'diffie-hellman-group14-sha1', u'diffie-hellman-group1-sha1'] server key:[u'ssh-rsa', u'ecdsa-sha2-nistp256', u'ssh-ed25519'] client encrypt:[u'aes128-ctr', u'aes192-ctr', u'aes256-ctr', u'arcfour256', u'arcfour128', u'aes128-gcm@openssh.com', u'aes256-gcm@openssh.com', u'chacha20-poly1305@openssh.com', u'aes128-cbc', u'3des-cbc', u'blowfish-cbc', u'cast128-cbc', u'aes192-cbc', u'aes256-cbc', u'arcfour', u'rijndael-cbc@lysator.liu.se'] server encrypt:[u'aes128-ctr', u'aes192-ctr', u'aes256-ctr', u'arcfour256', u'arcfour128', u'aes128-gcm@openssh.com', u'aes256-gcm@openssh.com', u'chacha20-poly1305@openssh.com', u'aes128-cbc', u'3des-cbc', u'blowfish-cbc', u'cast128-cbc', u'aes192-cbc', u'aes256-cbc', u'arcfour', u'rijndael-cbc@lysator.liu.se'] client mac:[u'hmac-md5-etm@openssh.com', u'hmac-sha1-etm@openssh.com', u'umac-64-etm@openssh.com', u'umac-128-etm@openssh.com', u'hmac-sha2-256-etm@openssh.com', u'hmac-sha2-512-etm@openssh.com', u'hmac-ripemd160-etm@openssh.com', u'hmac-sha1-96-etm@openssh.com', u'hmac-md5-96-etm@openssh.com', u'hmac-md5', u'hmac-sha1', u'umac-64@openssh.com', u'umac-128@openssh.com', u'hmac-sha2-256', u'hmac-sha2-512', u'hmac-ripemd160', u'hmac-ripemd160@openssh.com', u'hmac-sha1-96', u'hmac-md5-96'] server mac:[u'hmac-md5-etm@openssh.com', u'hmac-sha1-etm@openssh.com', u'umac-64-etm@openssh.com', u'umac-128-etm@openssh.com', u'hmac-sha2-256-etm@openssh.com', u'hmac-sha2-512-etm@openssh.com', u'hmac-ripemd160-etm@openssh.com', u'hmac-sha1-96-etm@openssh.com', u'hmac-md5-96-etm@openssh.com', u'hmac-md5', u'hmac-sha1', u'umac-64@openssh.com', u'umac-128@openssh.com', u'hmac-sha2-256', u'hmac-sha2-512', u'hmac-ripemd160', u'hmac-ripemd160@openssh.com', u'hmac-sha1-96', u'hmac-md5-96'] client compress:[u'none', u'zlib@openssh.com'] server compress:[u'none', u'zlib@openssh.com'] client lang:[u''] server lang:[u''] kex follows?False
2019-04-23 20:00:07,098-paramiko.transport-DEBUG-Kex agreed: ecdh-sha2-nistp256
2019-04-23 20:00:07,098-paramiko.transport-DEBUG-HostKey agreed: ssh-ed25519
2019-04-23 20:00:07,098-paramiko.transport-DEBUG-Cipher agreed: aes128-ctr
2019-04-23 20:00:07,098-paramiko.transport-DEBUG-MAC agreed: hmac-sha2-256
2019-04-23 20:00:07,098-paramiko.transport-DEBUG-Compression agreed: none
2019-04-23 20:00:07,102-paramiko.transport-DEBUG-kex engine KexNistp256 specified hash_algo <built-in function openssl_sha256>
2019-04-23 20:00:07,102-paramiko.transport-DEBUG-Switch to new keys ...
2019-04-23 20:00:07,107-paramiko.transport-DEBUG-Adding ssh-ed25519 host key for 10.29.182.38: 9c589c255248bf0581d9b58ecf85e2ed
2019-04-23 20:00:07,142-paramiko.transport-DEBUG-userauth is OK
2019-04-23 20:00:07,164-paramiko.transport-INFO-Authentication (password) successful!
2019-04-23 20:00:07,171-paramiko.transport-DEBUG-[chan 0] Max packet in: 32768 bytes
2019-04-23 20:00:07,172-paramiko.transport-DEBUG-[chan 0] Max packet out: 32768 bytes
2019-04-23 20:00:07,172-paramiko.transport-DEBUG-Secsh channel 0 opened.
2019-04-23 20:00:07,173-paramiko.transport-DEBUG-[chan 0] Sesch channel 0 request ok
2019-04-23 20:00:07,662-paramiko.transport-DEBUG-[chan 0] EOF received (0)
2019-04-23 20:00:07,662-paramiko.transport-DEBUG-[chan 0] EOF sent (0)
2019-04-23 20:00:09,664-paramiko.transport-DEBUG-[chan 1] Max packet in: 32768 bytes
2019-04-23 20:00:09,665-paramiko.transport-DEBUG-[chan 1] Max packet out: 32768 bytes
2019-04-23 20:00:09,665-paramiko.transport-DEBUG-Secsh channel 1 opened.
2019-04-23 20:00:09,666-paramiko.transport-DEBUG-[chan 1] Sesch channel 1 request ok
2019-04-23 20:00:10,276-paramiko.transport-DEBUG-[chan 1] EOF received (1)
2019-04-23 20:00:10,276-paramiko.transport-DEBUG-[chan 1] EOF sent (1)
2019-04-23 20:00:16,286-paramiko.transport-DEBUG-[chan 2] Max packet in: 32768 bytes
2019-04-23 20:00:16,286-paramiko.transport-DEBUG-[chan 2] Max packet out: 32768 bytes
2019-04-23 20:00:16,286-paramiko.transport-DEBUG-Secsh channel 2 opened.
2019-04-23 20:00:16,288-paramiko.transport-DEBUG-[chan 2] Sesch channel 2 request ok
2019-04-23 20:00:16,776-paramiko.transport-DEBUG-[chan 2] EOF received (2)
2019-04-23 20:00:16,777-paramiko.transport-DEBUG-[chan 2] EOF sent (2)
2019-04-23 20:00:18,779-paramiko.transport-DEBUG-[chan 3] Max packet in: 32768 bytes
2019-04-23 20:00:18,780-paramiko.transport-DEBUG-[chan 3] Max packet out: 32768 bytes
2019-04-23 20:00:18,780-paramiko.transport-DEBUG-Secsh channel 3 opened.
2019-04-23 20:00:18,782-paramiko.transport-DEBUG-[chan 3] Sesch channel 3 request ok
2019-04-23 20:00:19,135-paramiko.transport-DEBUG-[chan 3] EOF received (3)
2019-04-23 20:00:19,135-paramiko.transport-DEBUG-[chan 3] EOF sent (3)
2019-04-23 20:00:21,138-paramiko.transport-DEBUG-[chan 4] Max packet in: 32768 bytes
2019-04-23 20:00:21,138-paramiko.transport-DEBUG-[chan 4] Max packet out: 32768 bytes
2019-04-23 20:00:21,138-paramiko.transport-DEBUG-Secsh channel 4 opened.
2019-04-23 20:00:21,140-paramiko.transport-DEBUG-[chan 4] Sesch channel 4 request ok
2019-04-23 20:00:21,639-paramiko.transport-DEBUG-[chan 4] EOF received (4)
2019-04-23 20:00:21,639-paramiko.transport-DEBUG-[chan 4] EOF sent (4)
2019-04-23 20:00:23,644-paramiko.transport-DEBUG-EOF in transport thread
2019-04-23 20:00:23,754-myloger-WARNING-上海ETF申购--金额溢出（900亿）
2019-04-23 20:02:10,524-myloger-WARNING- etf申赎的执行结果为: True, , 
