2020-07-12 14:53:37,415 - YW_CYBMM_SZXJ_012.py:43 - 限价委托买-已成（费用>min）
2020-07-12 14:53:38,544 - YW_CYBMM_SZXJ_012.py:70 - 执行结果为True,,
2020-07-12 14:54:10,509 - YW_CYBMM_SZXJ_031.py:45 - 默认2：可用资金不足-深A限价买（可用资金=下单金额+费用-0.01）
2020-07-12 14:54:11,638 - YW_CYBMM_SZXJ_031.py:72 - 执行结果为True,,
2020-07-12 14:54:43,587 - YW_CYBMM_SZXJ_032.py:45 - 默认2：可用资金正好-深A限价买（可用资金=下单金额+费用）
2020-07-12 14:54:44,741 - YW_CYBMM_SZXJ_032.py:72 - 执行结果为True,,
2020-07-12 14:54:44,759 - YW_CYBMM_SZXJ_072.py:36 - 限价委托卖-废单再撤单（OMS）
2020-07-12 14:54:46,003 - YW_CYBMM_SZXJ_072.py:63 - 执行结果为True,,
2020-07-12 14:55:54,778 - YW_CYBMM_SZSJ_004.py:43 - 即成剩撤买--已成（费用>min）
2020-07-12 14:55:55,900 - YW_CYBMM_SZSJ_004.py:70 - 执行结果为True,,
2020-07-12 14:56:27,870 - YW_CYBMM_SZSJ_029.py:45 - 默认1：可用资金正好-深A即成剩撤买（可用资金=下单金额+费用）
2020-07-12 14:56:28,128 - BdtsDataCheck.py:287 - 期望状态和报单状态、提交状态不匹配，期望状态、报单状态、提交状态分别为全成,XTP_ORDER_STATUS_REJECTED,XTP_ORDER_SUBMIT_STATUS_INSERT_REJECTED
2020-07-12 14:56:28,991 - YW_CYBMM_SZSJ_029.py:72 - 执行结果为False,报单查询,期望状态与报单状态不匹配
2020-07-12 14:57:00,932 - YW_CYBMM_SZSJ_105.py:45 - 可用资金正好-深A五档即成转撤销买（可用资金=下单金额+费用）
2020-07-12 14:57:02,061 - YW_CYBMM_SZSJ_105.py:72 - 执行结果为True,,
2020-07-12 14:57:34,066 - YW_CYBMM_SZSJ_179.py:45 - 默认1：可用资金正好-深A全部成交或撤销买（可用资金=下单金额+费用）
2020-07-12 14:57:35,186 - YW_CYBMM_SZSJ_179.py:72 - 执行结果为True,,
2020-07-12 14:58:07,182 - YW_CYBMM_SZSJ_258.py:45 - 可用资金正好-深A本方最优买（可用资金=下单金额+费用）
2020-07-12 14:58:10,338 - YW_CYBMM_SZSJ_258.py:72 - 执行结果为True,,
2020-07-12 14:58:42,377 - YW_CYBMM_SZSJ_343.py:45 - 可用资金正好-深A对方最优转限价买（可用资金=下单金额+费用）
2020-07-12 14:58:43,497 - YW_CYBMM_SZSJ_343.py:72 - 执行结果为True,,
2020-07-12 14:59:15,447 - YW_CYBMM_SZSJ_030.py:45 - 默认1：可用资金不足-深A即成剩撤买（可用资金=下单金额+费用-0.01）
2020-07-12 14:59:16,585 - YW_CYBMM_SZSJ_030.py:72 - 执行结果为True,,
2020-07-12 14:59:48,527 - YW_CYBMM_SZSJ_106.py:45 - 可用资金不足-深A五档即成转撤销买（可用资金=下单金额+费用-0.01）
2020-07-12 14:59:49,647 - YW_CYBMM_SZSJ_106.py:72 - 执行结果为True,,
2020-07-12 15:00:21,559 - YW_CYBMM_SZSJ_180.py:45 - 默认1：可用资金不足-深A全部成交或撤销买（可用资金=下单金额+费用-0.01）
2020-07-12 15:00:22,682 - YW_CYBMM_SZSJ_180.py:72 - 执行结果为True,,
2020-07-12 15:00:54,655 - YW_CYBMM_SZSJ_259.py:45 - 可用资金不足-深A本方最优买（可用资金=下单金额+费用-0.01）
2020-07-12 15:00:55,777 - YW_CYBMM_SZSJ_259.py:72 - 执行结果为True,,
2020-07-12 15:01:27,757 - YW_CYBMM_SZSJ_344.py:45 - 可用资金不足-深A对方最优转限价买（可用资金=下单金额+费用-0.01）
2020-07-12 15:01:28,879 - YW_CYBMM_SZSJ_344.py:72 - 执行结果为True,,
2020-07-12 15:02:01,039 - YW_CYBMM_SZSJ_014.py:45 - 即成剩撤买-废单再撤单(OMS)
2020-07-12 15:02:02,365 - YW_CYBMM_SZSJ_014.py:72 - 执行结果为True,,
2020-07-12 15:03:10,017 - YW_FXJSMM_SZXJ_012.py:43 - 限价委托买-已成（费用>min）
2020-07-12 15:03:11,138 - YW_FXJSMM_SZXJ_012.py:70 - 执行结果为True,,
2020-07-12 15:03:43,232 - YW_FXJSMM_SZXJ_031.py:45 - 默认2：可用资金不足-深A限价买（可用资金=下单金额+费用-0.01）
2020-07-12 15:03:44,356 - YW_FXJSMM_SZXJ_031.py:72 - 执行结果为True,,
2020-07-12 15:04:16,345 - YW_FXJSMM_SZXJ_032.py:45 - 默认2：可用资金正好-深A限价买（可用资金=下单金额+费用）
2020-07-12 15:04:17,472 - YW_FXJSMM_SZXJ_032.py:72 - 执行结果为True,,
2020-07-12 15:04:17,489 - YW_FXJSMM_SZXJ_072.py:36 - 限价委托卖-废单再撤单（OMS）
2020-07-12 15:04:18,752 - YW_FXJSMM_SZXJ_072.py:63 - 执行结果为True,,
2020-07-12 15:05:26,168 - YW_TSZLMM_SZXJ_012.py:43 - 限价委托买-已成（费用>min）
2020-07-12 15:05:27,293 - YW_TSZLMM_SZXJ_012.py:70 - 执行结果为True,,
2020-07-12 15:05:59,246 - YW_TSZLMM_SZXJ_031.py:45 - 默认1：可用资金不足-深A限价买（可用资金=下单金额+费用-0.01）
2020-07-12 15:06:00,387 - YW_TSZLMM_SZXJ_031.py:72 - 执行结果为True,,
2020-07-12 15:06:32,279 - YW_TSZLMM_SZXJ_032.py:45 - 默认1：可用资金正好-深A限价买（可用资金=下单金额+费用）
2020-07-12 15:06:33,400 - YW_TSZLMM_SZXJ_032.py:72 - 执行结果为True,,
2020-07-12 15:07:05,416 - YW_TSZLMM_SZXJ_024.py:45 - 限价委托买-废单再撤单（OMS）
2020-07-12 15:07:07,157 - YW_TSZLMM_SZXJ_024.py:72 - 执行结果为True,,
2020-07-12 15:08:15,988 - YW_ZXBMM_SZXJ_012.py:43 - 限价委托买-已成（费用>min）
2020-07-12 15:08:17,111 - YW_ZXBMM_SZXJ_012.py:70 - 执行结果为True,,
2020-07-12 15:08:49,083 - YW_ZXBMM_SZXJ_024.py:45 - 限价委托买-废单再撤单（OMS）
2020-07-12 15:08:50,442 - YW_ZXBMM_SZXJ_024.py:72 - 执行结果为True,,
2020-07-12 15:09:22,450 - YW_ZXBMM_SZXJ_031.py:45 - 默认1：可用资金不足-深A限价买（可用资金=下单金额+费用-0.01）
2020-07-12 15:09:23,569 - YW_ZXBMM_SZXJ_031.py:72 - 执行结果为True,,
2020-07-12 15:09:55,676 - YW_ZXBMM_SZXJ_032.py:45 - 默认1：可用资金正好-深A限价买（可用资金=下单金额+费用）
2020-07-12 15:09:56,798 - YW_ZXBMM_SZXJ_032.py:72 - 执行结果为True,,
2020-07-12 15:11:05,555 - YW_ZXBMM_SZSJ_004.py:43 - 即成剩撤买--已成（费用>min）
2020-07-12 15:11:06,677 - YW_ZXBMM_SZSJ_004.py:70 - 执行结果为True,,
2020-07-12 15:11:38,717 - YW_ZXBMM_SZSJ_014.py:45 - 即成剩撤买-废单再撤单(OMS)
2020-07-12 15:11:40,086 - YW_ZXBMM_SZSJ_014.py:72 - 执行结果为True,,
2020-07-12 15:12:12,052 - YW_ZXBMM_SZSJ_029.py:45 - 默认1：可用资金正好-深A即成剩撤买（可用资金=下单金额+费用）
2020-07-12 15:12:13,170 - YW_ZXBMM_SZSJ_029.py:72 - 执行结果为True,,
2020-07-12 15:12:45,188 - YW_ZXBMM_SZSJ_030.py:45 - 默认1：可用资金不足-深A即成剩撤买（可用资金=下单金额+费用-0.01）
2020-07-12 15:12:45,568 - BdtsDataCheck.py:208 - 期望状态和报单状态、提交状态不匹配，期望状态、报单状态、提交状态分别为废单,XTP_ORDER_STATUS_ALLTRADED,XTP_ORDER_SUBMIT_STATUS_INSERT_ACCEPTED
2020-07-12 15:12:46,308 - YW_ZXBMM_SZSJ_030.py:72 - 执行结果为False,报单查询,期望状态与报单状态不匹配
2020-07-12 15:13:18,286 - YW_ZXBMM_SZSJ_105.py:45 - 可用资金正好-深A五档即成转撤销买（可用资金=下单金额+费用）
2020-07-12 15:13:19,406 - YW_ZXBMM_SZSJ_105.py:72 - 执行结果为True,,
2020-07-12 15:13:51,317 - YW_ZXBMM_SZSJ_106.py:45 - 可用资金不足-深A五档即成转撤销买（可用资金=下单金额+费用-0.01）
2020-07-12 15:13:51,714 - BdtsDataCheck.py:208 - 期望状态和报单状态、提交状态不匹配，期望状态、报单状态、提交状态分别为废单,XTP_ORDER_STATUS_ALLTRADED,XTP_ORDER_SUBMIT_STATUS_INSERT_ACCEPTED
2020-07-12 15:13:52,449 - YW_ZXBMM_SZSJ_106.py:72 - 执行结果为False,报单查询,期望状态与报单状态不匹配
2020-07-12 15:14:24,327 - YW_ZXBMM_SZSJ_179.py:45 - 默认1：可用资金正好-深A全部成交或撤销买（可用资金=下单金额+费用）
2020-07-12 15:14:25,460 - YW_ZXBMM_SZSJ_179.py:72 - 执行结果为True,,
2020-07-12 15:14:57,367 - YW_ZXBMM_SZSJ_180.py:45 - 默认1：可用资金不足-深A全部成交或撤销买（可用资金=下单金额+费用-0.01）
2020-07-12 15:14:57,775 - BdtsDataCheck.py:208 - 期望状态和报单状态、提交状态不匹配，期望状态、报单状态、提交状态分别为废单,XTP_ORDER_STATUS_ALLTRADED,XTP_ORDER_SUBMIT_STATUS_INSERT_ACCEPTED
2020-07-12 15:14:58,496 - YW_ZXBMM_SZSJ_180.py:72 - 执行结果为False,报单查询,期望状态与报单状态不匹配
2020-07-12 15:15:30,456 - YW_ZXBMM_SZSJ_258.py:45 - 可用资金正好-深A本方最优买（可用资金=下单金额+费用）
2020-07-12 15:15:31,593 - YW_ZXBMM_SZSJ_258.py:72 - 执行结果为True,,
2020-07-12 15:16:03,629 - YW_ZXBMM_SZSJ_259.py:45 - 可用资金不足-深A本方最优买（可用资金=下单金额+费用-0.01）
2020-07-12 15:16:06,111 - BdtsDataCheck.py:208 - 期望状态和报单状态、提交状态不匹配，期望状态、报单状态、提交状态分别为废单,XTP_ORDER_STATUS_ALLTRADED,XTP_ORDER_SUBMIT_STATUS_INSERT_ACCEPTED
2020-07-12 15:16:06,787 - YW_ZXBMM_SZSJ_259.py:72 - 执行结果为False,报单查询,期望状态与报单状态不匹配
2020-07-12 15:16:38,744 - YW_ZXBMM_SZSJ_343.py:45 - 可用资金正好-深A对方最优转限价买（可用资金=下单金额+费用）
2020-07-12 15:16:41,907 - YW_ZXBMM_SZSJ_343.py:72 - 执行结果为True,,
2020-07-12 15:17:13,880 - YW_ZXBMM_SZSJ_344.py:45 - 可用资金不足-深A对方最优转限价买（可用资金=下单金额+费用-0.01）
2020-07-12 15:17:16,313 - BdtsDataCheck.py:208 - 期望状态和报单状态、提交状态不匹配，期望状态、报单状态、提交状态分别为废单,XTP_ORDER_STATUS_ALLTRADED,XTP_ORDER_SUBMIT_STATUS_INSERT_ACCEPTED
2020-07-12 15:17:16,999 - YW_ZXBMM_SZSJ_344.py:72 - 执行结果为False,报单查询,期望状态与报单状态不匹配
2020-07-12 15:18:24,688 - YW_TSZLMM_SHXJ_010.py:43 - 限价委托买-已成（费用>min）
2020-07-12 15:18:25,822 - YW_TSZLMM_SHXJ_010.py:70 - 执行结果为True,,
2020-07-12 15:19:33,647 - YW_TSZLMM_SHXJ_029.py:44 - 默认1：可用资金不足-沪A限价买（可用资金=下单金额+费用-0.01）
2020-07-12 15:19:34,787 - YW_TSZLMM_SHXJ_029.py:71 - 执行结果为True,,
2020-07-12 15:20:42,950 - YW_TSZLMM_SHXJ_030.py:44 - 默认1：可用资金正好-沪A限价买（可用资金=下单金额+费用）
2020-07-12 15:20:44,076 - YW_TSZLMM_SHXJ_030.py:71 - 执行结果为True,,
2020-07-12 15:21:51,978 - YW_TSZLMM_SHXJ_022.py:44 - 限价委托买-废单再撤单（OMS）
2020-07-12 15:21:53,894 - YW_TSZLMM_SHXJ_022.py:71 - 执行结果为True,,
2020-07-12 15:21:59,400 - YW_TSZLMM_SHXJ_026.py:38 - 限价委托买-订单报盘（午休时间）
2020-07-12 15:22:01,655 - YW_TSZLMM_SHXJ_026.py:65 - 执行结果为True,,
2020-07-12 15:22:01,655 - YW_TSZLMM_SHXJ_026.py:68 - 午休后开市,开启模拟撮合
2020-07-12 15:22:36,194 - YW_TSZLMM_SHXJ_026.py:71 - 执行结果为True
2020-07-12 15:22:36,195 - YW_TSZLMM_SHXJ_028.py:41 - 限价委托买-撤单报盘（午休时间）
2020-07-12 15:22:58,923 - mainService.py:235 - 报单查询等待...,xtpID=901029373774178349
2020-07-12 15:23:00,163 - YW_TSZLMM_SHXJ_028.py:68 - 执行结果为True,,
2020-07-12 15:24:13,295 - YW_TSZLMM_SHXJ_072.py:38 - 限价委托卖-订单报盘（午休时间）
2020-07-12 15:24:14,541 - YW_TSZLMM_SHXJ_072.py:65 - 执行结果为True,,
2020-07-12 15:24:14,541 - YW_TSZLMM_SHXJ_072.py:68 - 午休后开市,开启模拟撮合
2020-07-12 15:24:49,048 - YW_TSZLMM_SHXJ_072.py:71 - 执行结果为True
2020-07-12 15:24:49,049 - YW_TSZLMM_SHXJ_074.py:41 - 限价委托卖-撤单报盘（午休时间）
2020-07-12 15:24:58,992 - mainService.py:235 - 报单查询等待...,xtpID=901029373774179352
2020-07-12 15:25:00,241 - YW_TSZLMM_SHXJ_074.py:68 - 执行结果为True,,
2020-07-12 15:27:14,958 - YW_FXJSMM_SHXJ_010.py:43 - 限价委托买-已成（费用>min）
2020-07-12 15:27:16,095 - YW_FXJSMM_SHXJ_010.py:70 - 执行结果为True,,
2020-07-12 15:28:23,884 - YW_FXJSMM_SHXJ_029.py:44 - 默认1：可用资金不足-沪A限价买（可用资金=下单金额+费用-0.01）
2020-07-12 15:28:25,032 - YW_FXJSMM_SHXJ_029.py:71 - 执行结果为True,,
2020-07-12 15:29:32,813 - YW_FXJSMM_SHXJ_030.py:44 - 默认1：可用资金正好-沪A限价买（可用资金=下单金额+费用）
2020-07-12 15:29:33,948 - YW_FXJSMM_SHXJ_030.py:71 - 执行结果为True,,
2020-07-12 15:30:41,735 - YW_FXJSMM_SHXJ_022.py:44 - 限价委托买-废单再撤单（OMS）
2020-07-12 15:30:43,571 - YW_FXJSMM_SHXJ_022.py:71 - 执行结果为True,,
2020-07-12 15:56:26,036 - YW_CYBMM_SZSJ_029.py:45 - 默认1：可用资金正好-深A即成剩撤买（可用资金=下单金额+费用）
2020-07-12 15:56:26,331 - BdtsDataCheck.py:287 - 期望状态和报单状态、提交状态不匹配，期望状态、报单状态、提交状态分别为全成,XTP_ORDER_STATUS_REJECTED,XTP_ORDER_SUBMIT_STATUS_INSERT_REJECTED
2020-07-12 15:56:27,166 - YW_CYBMM_SZSJ_029.py:72 - 执行结果为False,报单查询,期望状态与报单状态不匹配
2020-07-12 16:13:30,412 - YW_ZXBMM_SZSJ_030.py:45 - 默认1：可用资金不足-深A即成剩撤买（可用资金=下单金额+费用-0.01）
2020-07-12 16:13:30,805 - BdtsDataCheck.py:262 - 期望状态和报单状态、提交状态不匹配，期望状态、报单状态、提交状态分别为废单,XTP_ORDER_STATUS_CANCELED,XTP_ORDER_SUBMIT_STATUS_INSERT_ACCEPTED
2020-07-12 16:13:31,561 - YW_ZXBMM_SZSJ_030.py:72 - 执行结果为False,报单查询,期望状态与报单状态不匹配
2020-07-12 16:15:11,034 - YW_ZXBMM_SZSJ_106.py:45 - 可用资金不足-深A五档即成转撤销买（可用资金=下单金额+费用-0.01）
2020-07-12 16:15:11,469 - BdtsDataCheck.py:208 - 期望状态和报单状态、提交状态不匹配，期望状态、报单状态、提交状态分别为废单,XTP_ORDER_STATUS_ALLTRADED,XTP_ORDER_SUBMIT_STATUS_INSERT_ACCEPTED
2020-07-12 16:15:12,204 - YW_ZXBMM_SZSJ_106.py:72 - 执行结果为False,报单查询,期望状态与报单状态不匹配
2020-07-12 17:15:12,605 - YW_TSZLMM_SZXJ_047.py:36 - 深圳Ａ股股票交易日限价委托买-错误的价格条件
2020-07-12 17:15:13,487 - BdtsDataCheck.py:655 - 报单的error_id与用例期望的不一致，期望和实际的error_id分别是11000315,11010120
2020-07-12 17:15:14,338 - YW_TSZLMM_SZXJ_047.py:63 - 执行结果为False,报单推送,报单的error_id与用例期望的不一致
2020-07-12 17:16:41,665 - YW_TSZLMM_SZXJ_047.py:36 - 深圳Ａ股股票交易日限价委托买-错误的价格条件
2020-07-12 17:16:42,631 - BdtsDataCheck.py:655 - 报单的error_id与用例期望的不一致，期望和实际的error_id分别是11000315,11100020
2020-07-12 17:16:43,488 - YW_TSZLMM_SZXJ_047.py:63 - 执行结果为False,报单推送,报单的error_id与用例期望的不一致
2020-07-12 17:17:06,780 - YW_TSZLMM_SZXJ_047.py:36 - 深圳Ａ股股票交易日限价委托买-错误的价格条件
2020-07-12 17:17:07,740 - BdtsDataCheck.py:655 - 报单的error_id与用例期望的不一致，期望和实际的error_id分别是11000315,11100020
2020-07-12 17:17:08,586 - YW_TSZLMM_SZXJ_047.py:63 - 执行结果为False,报单推送,报单的error_id与用例期望的不一致
2020-07-12 17:22:35,576 - YW_TSZLMM_SHXJ_082.py:36 - 默认3：订单报价未超过涨跌幅限制-沪A限价卖=跌停价
2020-07-12 17:22:36,005 - BdtsDataCheck.py:287 - 期望状态和报单状态、提交状态不匹配，期望状态、报单状态、提交状态分别为未成交,XTP_ORDER_STATUS_REJECTED,XTP_ORDER_SUBMIT_STATUS_INSERT_REJECTED
2020-07-12 17:22:36,840 - YW_TSZLMM_SHXJ_082.py:63 - 执行结果为False,报单查询,期望状态与报单状态不匹配
2020-07-12 17:27:39,434 - YW_TSZLMM_SHXJ_082.py:36 - 默认3：订单报价未超过涨跌幅限制-沪A限价卖=跌停价
2020-07-12 17:27:39,901 - BdtsDataCheck.py:287 - 期望状态和报单状态、提交状态不匹配，期望状态、报单状态、提交状态分别为全成,XTP_ORDER_STATUS_REJECTED,XTP_ORDER_SUBMIT_STATUS_INSERT_REJECTED
2020-07-12 17:27:40,733 - YW_TSZLMM_SHXJ_082.py:63 - 执行结果为False,报单查询,期望状态与报单状态不匹配
2020-07-12 17:34:14,444 - YW_CYBMM_SZSJ_029.py:45 - 默认1：可用资金正好-深A即成剩撤买（可用资金=下单金额+费用）
2020-07-12 17:34:14,709 - BdtsDataCheck.py:287 - 期望状态和报单状态、提交状态不匹配，期望状态、报单状态、提交状态分别为全成,XTP_ORDER_STATUS_REJECTED,XTP_ORDER_SUBMIT_STATUS_INSERT_REJECTED
2020-07-12 17:34:15,572 - YW_CYBMM_SZSJ_029.py:72 - 执行结果为False,报单查询,期望状态与报单状态不匹配
2020-07-12 17:37:54,800 - YW_CYBMM_SZSJ_029.py:45 - 默认1：可用资金正好-深A即成剩撤买（可用资金=下单金额+费用）
2020-07-12 17:37:55,951 - YW_CYBMM_SZSJ_029.py:73 - 执行结果为True,,
2020-07-12 17:43:00,309 - YW_CYBMM_SZSJ_030.py:45 - 默认1：可用资金不足-深A即成剩撤买（可用资金=下单金额+费用-0.01）
2020-07-12 17:43:00,696 - BdtsDataCheck.py:208 - 期望状态和报单状态、提交状态不匹配，期望状态、报单状态、提交状态分别为废单,XTP_ORDER_STATUS_ALLTRADED,XTP_ORDER_SUBMIT_STATUS_INSERT_ACCEPTED
2020-07-12 17:43:01,438 - YW_CYBMM_SZSJ_030.py:74 - 执行结果为False,报单查询,期望状态与报单状态不匹配
2020-07-12 17:44:31,803 - YW_CYBMM_SZSJ_030.py:45 - 默认1：可用资金不足-深A即成剩撤买（可用资金=下单金额+费用-0.01）
2020-07-12 17:44:34,260 - BdtsDataCheck.py:208 - 期望状态和报单状态、提交状态不匹配，期望状态、报单状态、提交状态分别为废单,XTP_ORDER_STATUS_ALLTRADED,XTP_ORDER_SUBMIT_STATUS_INSERT_ACCEPTED
2020-07-12 17:44:34,942 - YW_CYBMM_SZSJ_030.py:74 - 执行结果为False,报单查询,期望状态与报单状态不匹配
2020-07-12 17:48:42,996 - YW_ZXBMM_SZSJ_106.py:45 - 可用资金不足-深A五档即成转撤销买（可用资金=下单金额+费用-0.01）
2020-07-12 17:48:43,391 - BdtsDataCheck.py:208 - 期望状态和报单状态、提交状态不匹配，期望状态、报单状态、提交状态分别为废单,XTP_ORDER_STATUS_ALLTRADED,XTP_ORDER_SUBMIT_STATUS_INSERT_ACCEPTED
2020-07-12 17:48:44,125 - YW_ZXBMM_SZSJ_106.py:72 - 执行结果为False,报单查询,期望状态与报单状态不匹配
2020-07-12 17:50:21,227 - YW_ZXBMM_SZSJ_106.py:45 - 可用资金不足-深A五档即成转撤销买（可用资金=下单金额+费用-0.01）
2020-07-12 17:50:23,674 - BdtsDataCheck.py:208 - 期望状态和报单状态、提交状态不匹配，期望状态、报单状态、提交状态分别为废单,XTP_ORDER_STATUS_ALLTRADED,XTP_ORDER_SUBMIT_STATUS_INSERT_ACCEPTED
2020-07-12 17:50:24,360 - YW_ZXBMM_SZSJ_106.py:74 - 执行结果为False,报单查询,期望状态与报单状态不匹配
