2020-07-21 17:01:28,434 - YW_CYBMM_SZXJ_010.py:36 - 限价委托买-订单确认
2020-07-21 17:01:28,763 - BdtsDataCheck.py:287 - 期望状态和报单状态、提交状态不匹配，期望状态、报单状态、提交状态分别为未成交,XTP_ORDER_STATUS_REJECTED,XTP_ORDER_SUBMIT_STATUS_INSERT_REJECTED
2020-07-21 17:01:29,600 - YW_CYBMM_SZXJ_010.py:63 - 执行结果为False,报单查询,期望状态与报单状态不匹配
2020-07-21 18:15:20,375 - YW_CYBMM_SZXJ_010.py:36 - 限价委托买-订单确认
2020-07-21 18:15:23,505 - YW_CYBMM_SZXJ_010.py:63 - 执行结果为True,,
2020-07-21 18:17:25,582 - YW_CYBMM_SZXJ_011.py:36 - 限价委托买-部成
2020-07-21 18:17:28,781 - YW_CYBMM_SZXJ_011.py:63 - 执行结果为True,,
2020-07-21 18:18:38,393 - YW_CYBMM_SZXJ_012.py:43 - 限价委托买-已成（费用>min）
2020-07-21 18:18:39,551 - YW_CYBMM_SZXJ_012.py:70 - 执行结果为True,,
2020-07-21 18:20:32,130 - YW_CYBMM_SZXJ_010.py:36 - 限价委托买-订单确认
2020-07-21 18:20:35,270 - YW_CYBMM_SZXJ_010.py:63 - 执行结果为True,,
2020-07-21 18:20:38,288 - YW_CYBMM_SZXJ_011.py:36 - 限价委托买-部成
2020-07-21 18:20:41,415 - YW_CYBMM_SZXJ_011.py:63 - 执行结果为True,,
2020-07-21 18:20:52,663 - YW_CYBMM_SZXJ_013.py:36 - 限价委托买-已成（费用=min）
2020-07-21 18:20:52,945 - BdtsDataCheck.py:287 - 期望状态和报单状态、提交状态不匹配，期望状态、报单状态、提交状态分别为全成,XTP_ORDER_STATUS_REJECTED,XTP_ORDER_SUBMIT_STATUS_INSERT_REJECTED
2020-07-21 18:20:53,794 - YW_CYBMM_SZXJ_013.py:63 - 执行结果为False,报单查询,期望状态与报单状态不匹配
2020-07-21 18:26:16,190 - YW_CYBMM_SZXJ_013.py:36 - 限价委托买-已成（费用=min）
2020-07-21 18:26:17,326 - YW_CYBMM_SZXJ_013.py:63 - 执行结果为True,,
2020-07-21 18:28:09,688 - YW_CYBMM_SZXJ_014.py:36 - 限价委托买-已成（费用<min）
2020-07-21 18:28:10,818 - YW_CYBMM_SZXJ_014.py:63 - 执行结果为True,,
2020-07-21 18:28:32,243 - YW_CYBMM_SZXJ_015.py:36 - 限价委托买-买前有持仓
2020-07-21 18:28:33,379 - YW_CYBMM_SZXJ_015.py:63 - 执行结果为True,,
2020-07-21 18:29:01,461 - YW_CYBMM_SZXJ_020.py:36 - 限价委托买-部成撤单 
2020-07-21 18:29:03,788 - mainService.py:235 - 报单查询等待...,xtpID=901029373774142309
2020-07-21 18:29:04,592 - YW_CYBMM_SZXJ_020.py:63 - 执行结果为True,,
2020-07-21 18:29:10,147 - YW_CYBMM_SZXJ_022.py:36 - 限价委托买-全部撤单
2020-07-21 18:29:12,359 - mainService.py:235 - 报单查询等待...,xtpID=901029373774143312
2020-07-21 18:29:13,301 - YW_CYBMM_SZXJ_022.py:63 - 执行结果为True,,
2020-07-21 18:29:16,269 - YW_CYBMM_SZXJ_023.py:36 - 限价委托买-全成再撤单（OMS）
2020-07-21 18:29:18,399 - YW_CYBMM_SZXJ_023.py:63 - 执行结果为True,,
2020-07-21 18:29:25,176 - YW_CYBMM_SZXJ_025.py:36 - 限价委托买-部撤再撤单（OMS）
2020-07-21 18:29:27,460 - mainService.py:235 - 报单查询等待...,xtpID=901029373774145318
2020-07-21 18:29:28,302 - YW_CYBMM_SZXJ_025.py:63 - 执行结果为True,,
2020-07-21 18:29:31,364 - YW_CYBMM_SZXJ_026.py:36 - 限价委托买-全撤再撤单（OMS）
2020-07-21 18:29:33,588 - mainService.py:235 - 报单查询等待...,xtpID=901029373774146322
2020-07-21 18:29:34,499 - YW_CYBMM_SZXJ_026.py:63 - 执行结果为True,,
2020-07-21 18:29:43,718 - YW_CYBMM_SZXJ_033.py:36 - 默认3：订单报价超过涨跌幅限制-深A限价买>涨停价（涨停价+0.02）
2020-07-21 18:29:44,909 - YW_CYBMM_SZXJ_033.py:63 - 执行结果为True,,
2020-07-21 18:31:21,323 - YW_CYBMM_SZXJ_034.py:36 - 默认3：订单报价未超过涨跌幅限制-深A限价买=涨停价
2020-07-21 18:31:24,453 - YW_CYBMM_SZXJ_034.py:63 - 执行结果为True,,
2020-07-21 18:31:29,177 - YW_CYBMM_SZXJ_035.py:36 - 默认3：订单报价超过涨跌幅限制-深A限价买><跌停价（跌停价-0.02）
2020-07-21 18:31:30,309 - YW_CYBMM_SZXJ_035.py:63 - 执行结果为True,,
2020-07-21 18:31:33,522 - YW_CYBMM_SZXJ_036.py:36 - 默认3：订单报价未超过涨跌幅限制-深A限价买=跌停价
2020-07-21 18:31:36,694 - YW_CYBMM_SZXJ_036.py:63 - 执行结果为True,,
2020-07-21 18:31:46,688 - YW_CYBMM_SZXJ_039.py:35 - 深圳Ａ股股票交易日限价委托买-不存在的证券代码
2020-07-21 18:31:46,960 - BdtsDataCheck.py:655 - 报单的error_id与用例期望的不一致，期望和实际的error_id分别是11000010,11010122
2020-07-21 18:31:47,785 - YW_CYBMM_SZXJ_039.py:50 - 执行结果为False,报单推送,报单的error_id与用例期望的不一致
2020-07-21 18:32:11,830 - YW_CYBMM_SZXJ_039.py:35 - 深圳Ａ股股票交易日限价委托买-不存在的证券代码
2020-07-21 18:32:12,926 - YW_CYBMM_SZXJ_039.py:50 - 执行结果为True,,
2020-07-21 18:32:45,189 - YW_CYBMM_SZXJ_040.py:36 - 深圳Ａ股股票交易日限价委托买-错误的市场
2020-07-21 18:32:46,318 - YW_CYBMM_SZXJ_040.py:63 - 执行结果为True,,
2020-07-21 18:32:49,665 - YW_CYBMM_SZXJ_041.py:36 - 深圳Ａ股股票交易日限价委托买-错误的价格（价格<0）
2020-07-21 18:32:49,789 - YW_CYBMM_SZXJ_041.py:63 - 执行结果为True,,
2020-07-21 18:32:52,532 - YW_CYBMM_SZXJ_042.py:36 - 交易日限价委托买-错误的价格（价格=0）
2020-07-21 18:32:53,660 - YW_CYBMM_SZXJ_042.py:63 - 执行结果为True,,
2020-07-21 18:32:59,620 - YW_CYBMM_SZXJ_043.py:36 - 深圳Ａ股股票交易日限价委托买-错误的价格（价格巨大）
2020-07-21 18:33:00,766 - YW_CYBMM_SZXJ_043.py:63 - 执行结果为True,,
2020-07-21 18:33:03,501 - YW_CYBMM_SZXJ_044.py:36 - 深圳Ａ股股票交易日限价委托买-错误的数量（数量<0）
2020-07-21 18:33:03,626 - YW_CYBMM_SZXJ_044.py:63 - 执行结果为True,,
2020-07-21 18:33:06,095 - YW_CYBMM_SZXJ_045.py:36 - 深圳Ａ股股票交易日限价委托买-错误的数量（数量=0）
2020-07-21 18:33:07,237 - YW_CYBMM_SZXJ_045.py:63 - 执行结果为True,,
2020-07-21 18:33:10,389 - YW_CYBMM_SZXJ_046.py:36 - 深圳Ａ股股票交易日限价委托买-错误的数量（数量>200万）
2020-07-21 18:33:11,514 - YW_CYBMM_SZXJ_046.py:63 - 执行结果为True,,
2020-07-21 18:33:14,295 - YW_CYBMM_SZXJ_047.py:36 - 深圳Ａ股股票交易日限价委托买-错误的价格条件
2020-07-21 18:33:15,430 - YW_CYBMM_SZXJ_047.py:63 - 执行结果为True,,
2020-07-21 18:33:19,277 - YW_CYBMM_SZXJ_048.py:36 - 深圳Ａ股股票交易日限价委托买-数量溢出（100亿）
2020-07-21 18:33:20,411 - YW_CYBMM_SZXJ_048.py:63 - 执行结果为True,,
2020-07-21 18:37:41,384 - YW_CYBMM_SZXJ_049.py:36 - 深圳Ａ股股票交易日限价委托买-金额溢出（总金额>10亿）
2020-07-21 18:37:42,518 - YW_CYBMM_SZXJ_049.py:63 - 执行结果为True,,
2020-07-21 18:46:32,894 - YW_CYBMM_SZXJ_111.py:36 - 订单报价，四舍五入后，未超过涨跌幅限制-深A限价买=涨停价+0.004
2020-07-21 18:46:35,494 - CjhbDataCheck.py:527 - 可用资金计算有错,原可用资金、成交金额、待成交数量、委托价格、费用、现可用资金分别是50000000000.0,2021.0,100,20.214,5.9,49999995952.1
2020-07-21 18:46:36,022 - YW_CYBMM_SZXJ_111.py:63 - 执行结果为False,成交回报,['\xe5\x8f\xaf\xe7\x94\xa8\xe8\xb5\x84\xe9\x87\x91\xe8\xae\xa1\xe7\xae\x97\xe6\x9c\x89\xe9\x94\x99', {'\xe8\xb4\xb9\xe7\x94\xa8': 5.9, '\xe5\xbe\x85\xe6\x88\x90\xe4\xba\xa4\xe6\x95\xb0\xe9\x87\x8f': 100, '\xe6\x88\x90\xe4\xba\xa4\xe9\x87\x91\xe9\xa2\x9d': 2021.0, '\xe5\xa7\x94\xe6\x89\x98\xe4\xbb\xb7\xe6\xa0\xbc': 20.214000000000002, '\xe7\x8e\xb0\xe5\x8f\xaf\xe7\x94\xa8\xe8\xb5\x84\xe9\x87\x91': 49999995952.1, '\xe5\x8e\x9f\xe5\x8f\xaf\xe7\x94\xa8\xe8\xb5\x84\xe9\x87\x91': 50000000000.0}]
2020-07-21 18:47:48,248 - YW_CYBMM_SZXJ_112.py:36 - 订单报价，四舍五入后，超过涨跌幅限制-深A限价买=涨停价+0.005
2020-07-21 18:47:49,377 - YW_CYBMM_SZXJ_112.py:63 - 执行结果为True,,
2020-07-21 18:48:17,892 - YW_CYBMM_SZXJ_113.py:36 - 订单报价，四舍五入后，未超过涨跌幅限制-深A限价买=跌停价-0.006
2020-07-21 18:48:19,062 - YW_CYBMM_SZXJ_113.py:63 - 执行结果为True,,
2020-07-21 18:48:21,946 - YW_CYBMM_SZXJ_114.py:36 - 订单报价，四舍五入后，未超过涨跌幅限制-深A限价买=跌停价-0.005
2020-07-21 18:48:24,372 - FundStkCheck.py:306 - 可用资金预冻结不正确
2020-07-21 18:48:25,076 - YW_CYBMM_SZXJ_114.py:63 - 执行结果为False,报单查询,可用资金预冻结不正确
2020-07-21 18:49:22,131 - YW_CYBMM_SZXJ_115.py:36 - 创业板股票交易日限价委托买-错误的业务类型
2020-07-21 18:49:23,278 - YW_CYBMM_SZXJ_115.py:63 - 执行结果为True,,
2020-07-21 18:49:26,653 - YW_CYBMM_SZXJ_116.py:36 - 创业板股票交易日限价委托买-错误的买卖方向
2020-07-21 18:49:27,780 - YW_CYBMM_SZXJ_116.py:63 - 执行结果为True,,
2020-07-21 18:49:30,670 - YW_CYBMM_SZXJ_117.py:36 - 创业板股票交易日限价委托卖-允许的最小申报数量-1（100-1）
2020-07-21 18:49:31,948 - YW_CYBMM_SZXJ_117.py:63 - 执行结果为True,,
2020-07-21 18:49:35,382 - YW_CYBMM_SZXJ_118.py:36 - 创业板股票交易日限价委托卖-允许的最小申报数量+1（100+1）
2020-07-21 18:49:36,607 - YW_CYBMM_SZXJ_118.py:63 - 执行结果为True,,
2020-07-21 18:49:39,384 - YW_CYBMM_SZXJ_119.py:36 - 创业板股票交易日限价委托卖-允许的最大申报数量-1（30万-1）
2020-07-21 18:49:40,605 - YW_CYBMM_SZXJ_119.py:63 - 执行结果为True,,
2020-07-21 18:49:44,021 - YW_CYBMM_SZXJ_120.py:36 - 创业板股票交易日限价委托卖-允许的最大申报数量（30万）
2020-07-21 18:49:47,251 - YW_CYBMM_SZXJ_120.py:63 - 执行结果为True,,
2020-07-21 18:49:50,879 - YW_CYBMM_SZXJ_121.py:36 - 创业板股票交易日限价委托卖-超过限价单允许最大数量（30万+1）
2020-07-21 18:49:51,265 - BdtsDataCheck.py:655 - 报单的error_id与用例期望的不一致，期望和实际的error_id分别是11010123,11010126
2020-07-21 18:49:52,123 - YW_CYBMM_SZXJ_121.py:63 - 执行结果为False,报单推送,报单的error_id与用例期望的不一致
2020-07-21 18:55:22,792 - YW_CYBMM_SZXJ_121.py:36 - 创业板股票交易日限价委托卖-超过限价单允许最大数量（30万+1）
2020-07-21 18:55:24,079 - YW_CYBMM_SZXJ_121.py:63 - 执行结果为True,,
2020-07-21 18:58:59,324 - YW_CYBMM_SZXJ_121.py:36 - 创业板股票交易日限价委托卖-超过限价单允许最大数量（30万+1）
2020-07-21 18:59:00,595 - YW_CYBMM_SZXJ_121.py:63 - 执行结果为True,,
2020-07-21 18:59:31,086 - YW_CYBMM_SZXJ_122.py:36 - 订单报价四舍五入后，未超过涨跌幅限制-深A限价卖=涨停价+0.004
2020-07-21 18:59:31,628 - CheckDataPrice.py:42 - price应大于等于委托价格，price和委托价格分别是20.21,20.214
2020-07-21 18:59:31,628 - CjhbDataCheck.py:200 - 成交回报和委托信息不一致，如：xtpid,market,ticker,side,price
2020-07-21 18:59:31,964 - CheckDataPrice.py:42 - price应大于等于委托价格，price和委托价格分别是20.21,20.214
2020-07-21 18:59:31,964 - CjhbDataCheck.py:200 - 成交回报和委托信息不一致，如：xtpid,market,ticker,side,price
2020-07-21 18:59:32,321 - YW_CYBMM_SZXJ_122.py:63 - 执行结果为False,成交回报,成交回报和委托信息不一致，如：xtpid,market,ticker,side,price
2020-07-21 19:00:32,618 - YW_CYBMM_SZXJ_123.py:36 - 订单报价四舍五入后，未超过涨跌幅限制-深A限价卖=涨停价+0.005
2020-07-21 19:00:33,849 - YW_CYBMM_SZXJ_123.py:63 - 执行结果为True,,
2020-07-21 19:00:47,349 - YW_CYBMM_SZXJ_124.py:36 - 订单报价四舍五入后，未超过涨跌幅限制-深A限价卖=跌停价-0.006
2020-07-21 19:00:48,479 - YW_CYBMM_SZXJ_124.py:63 - 执行结果为True,,
2020-07-21 19:00:57,610 - YW_CYBMM_SZXJ_125.py:36 - 订单报价四舍五入后，超过涨跌幅限制-深A限价卖=跌停价-0.005
2020-07-21 19:01:00,898 - YW_CYBMM_SZXJ_125.py:63 - 执行结果为True,,
2020-07-21 19:01:32,387 - YW_CYBMM_SZXJ_117.py:36 - 创业板股票交易日限价委托卖-允许的最小申报数量-1（100-1）
2020-07-21 19:01:33,612 - YW_CYBMM_SZXJ_117.py:63 - 执行结果为True,,
2020-07-21 19:09:44,896 - YW_CYBMM_SZXJ_117.py:36 - 创业板股票交易日限价委托买-允许的最小申报数量-1（100-1）
2020-07-21 19:09:46,029 - YW_CYBMM_SZXJ_117.py:63 - 执行结果为True,,
2020-07-21 19:09:58,053 - YW_CYBMM_SZXJ_118.py:36 - 创业板股票交易日限价委托买-允许的最小申报数量+1（100+1）
2020-07-21 19:09:59,202 - YW_CYBMM_SZXJ_118.py:63 - 执行结果为True,,
2020-07-21 19:10:05,457 - YW_CYBMM_SZXJ_119.py:36 - 创业板股票交易日限价委托买-允许的最大申报数量-1（30万-1）
2020-07-21 19:10:06,586 - YW_CYBMM_SZXJ_119.py:63 - 执行结果为True,,
2020-07-21 19:10:10,534 - YW_CYBMM_SZXJ_120.py:36 - 创业板股票交易日限价委托买-允许的最大申报数量（30万）
2020-07-21 19:10:13,666 - YW_CYBMM_SZXJ_120.py:63 - 执行结果为True,,
2020-07-21 19:10:16,501 - YW_CYBMM_SZXJ_121.py:36 - 创业板股票交易日限价委托买-超过限价单允许最大数量（30万+1）
2020-07-21 19:10:17,627 - YW_CYBMM_SZXJ_121.py:63 - 执行结果为True,,
2020-07-21 19:10:34,951 - YW_CYBMM_SZXJ_059.py:36 - 限价委托卖-订单确认
2020-07-21 19:10:38,212 - YW_CYBMM_SZXJ_059.py:63 - 执行结果为True,,
2020-07-21 19:10:44,302 - YW_CYBMM_SZXJ_060.py:36 - 限价委托卖-部成
2020-07-21 19:10:47,533 - YW_CYBMM_SZXJ_060.py:63 - 执行结果为True,,
2020-07-21 19:10:50,896 - YW_CYBMM_SZXJ_061.py:36 - 限价委托卖-已成（费用>min）
2020-07-21 19:10:52,134 - YW_CYBMM_SZXJ_061.py:63 - 执行结果为True,,
2020-07-21 19:10:55,038 - YW_CYBMM_SZXJ_062.py:36 - 限价委托卖-已成（费用=min）
2020-07-21 19:10:55,406 - BdtsDataCheck.py:287 - 期望状态和报单状态、提交状态不匹配，期望状态、报单状态、提交状态分别为全成,XTP_ORDER_STATUS_REJECTED,XTP_ORDER_SUBMIT_STATUS_INSERT_REJECTED
2020-07-21 19:10:56,266 - YW_CYBMM_SZXJ_062.py:63 - 执行结果为False,报单查询,期望状态与报单状态不匹配
2020-07-21 19:11:45,365 - YW_CYBMM_SZXJ_062.py:36 - 限价委托卖-已成（费用=min）
2020-07-21 19:11:46,664 - YW_CYBMM_SZXJ_062.py:63 - 执行结果为True,,
2020-07-21 19:11:59,532 - YW_CYBMM_SZXJ_063.py:36 - 限价委托卖-已成（费用<min）
2020-07-21 19:12:00,783 - YW_CYBMM_SZXJ_063.py:63 - 执行结果为True,,
2020-07-21 19:12:05,904 - YW_CYBMM_SZXJ_068.py:36 - 限价委托卖-部成撤单 
2020-07-21 19:12:08,339 - mainService.py:235 - 报单查询等待...,xtpID=901029373774147319
2020-07-21 19:12:09,180 - YW_CYBMM_SZXJ_068.py:63 - 执行结果为True,,
2020-07-21 19:12:12,955 - YW_CYBMM_SZXJ_069.py:36 - 限价委托卖-全部撤单
2020-07-21 19:12:15,265 - mainService.py:235 - 报单查询等待...,xtpID=901029373774148322
2020-07-21 19:12:16,205 - YW_CYBMM_SZXJ_069.py:63 - 执行结果为True,,
2020-07-21 19:12:19,753 - YW_CYBMM_SZXJ_071.py:36 - 限价委托卖-全成再撤单（OMS）
2020-07-21 19:12:22,048 - YW_CYBMM_SZXJ_071.py:63 - 执行结果为True,,
2020-07-21 19:12:25,020 - YW_CYBMM_SZXJ_073.py:36 - 限价委托卖-部撤再撤单（OMS）
2020-07-21 19:12:27,402 - mainService.py:235 - 报单查询等待...,xtpID=901029373774150328
2020-07-21 19:12:28,243 - YW_CYBMM_SZXJ_073.py:63 - 执行结果为True,,
2020-07-21 19:12:30,956 - YW_CYBMM_SZXJ_074.py:36 - 限价委托卖-全撤再撤单（OMS）
2020-07-21 19:12:33,298 - mainService.py:235 - 报单查询等待...,xtpID=901029373774151332
2020-07-21 19:12:34,241 - YW_CYBMM_SZXJ_074.py:63 - 执行结果为True,,
2020-07-21 19:12:40,657 - YW_CYBMM_SZXJ_081.py:36 - 深A限价卖（卖出数量=可用股份数+100）
2020-07-21 19:12:43,231 - BdtsDataCheck.py:208 - 期望状态和报单状态、提交状态不匹配，期望状态、报单状态、提交状态分别为废单,XTP_ORDER_STATUS_ALLTRADED,XTP_ORDER_SUBMIT_STATUS_INSERT_ACCEPTED
2020-07-21 19:12:43,912 - YW_CYBMM_SZXJ_081.py:63 - 执行结果为False,报单查询,期望状态与报单状态不匹配
2020-07-21 19:13:22,133 - YW_CYBMM_SZXJ_083.py:36 - 默认3：订单报价超过涨跌幅限制-深A限价卖>涨停价（涨停价+0.02）
2020-07-21 19:13:23,365 - YW_CYBMM_SZXJ_083.py:63 - 执行结果为True,,
2020-07-21 19:13:27,040 - YW_CYBMM_SZXJ_084.py:36 - 默认3：订单报价超过涨跌幅限制-深A限价卖=涨停价
2020-07-21 19:13:30,314 - YW_CYBMM_SZXJ_084.py:63 - 执行结果为True,,
2020-07-21 19:13:33,163 - YW_CYBMM_SZXJ_085.py:36 - 默认3：订单报价超过涨跌幅限制-深A限价卖><跌停价（跌停价-0.02）
2020-07-21 19:13:34,293 - YW_CYBMM_SZXJ_085.py:63 - 执行结果为True,,
2020-07-21 19:13:37,284 - YW_CYBMM_SZXJ_086.py:36 - 默认3：订单报价未超过涨跌幅限制-深A限价卖=跌停价
2020-07-21 19:13:38,543 - YW_CYBMM_SZXJ_086.py:63 - 执行结果为True,,
2020-07-21 19:13:49,658 - YW_CYBMM_SZXJ_090.py:35 - 深圳Ａ股股票交易日限价委托卖-不存在的证券代码
2020-07-21 19:13:50,768 - YW_CYBMM_SZXJ_090.py:50 - 执行结果为True,,
2020-07-21 19:13:54,092 - YW_CYBMM_SZXJ_091.py:36 - 深圳Ａ股股票交易日限价委托卖-错误的市场
2020-07-21 19:13:55,340 - YW_CYBMM_SZXJ_091.py:63 - 执行结果为True,,
2020-07-21 19:13:57,939 - YW_CYBMM_SZXJ_092.py:36 - 深圳Ａ股股票交易日限价委托卖-错误的价格（价格<0）
2020-07-21 19:13:58,175 - YW_CYBMM_SZXJ_092.py:63 - 执行结果为True,,
2020-07-21 19:14:02,426 - YW_CYBMM_SZXJ_093.py:36 - 交易日限价委托卖-错误的价格（价格=0）
2020-07-21 19:14:03,682 - YW_CYBMM_SZXJ_093.py:63 - 执行结果为True,,
2020-07-21 19:14:06,502 - YW_CYBMM_SZXJ_094.py:36 - 深圳Ａ股股票交易日限价委托卖-错误的价格（价格巨大）
2020-07-21 19:14:07,804 - YW_CYBMM_SZXJ_094.py:63 - 执行结果为True,,
2020-07-21 19:14:10,421 - YW_CYBMM_SZXJ_095.py:36 - 深圳Ａ股股票交易日限价委托卖-错误的数量（数量<0）
2020-07-21 19:14:10,667 - YW_CYBMM_SZXJ_095.py:63 - 执行结果为True,,
2020-07-21 19:14:17,039 - YW_CYBMM_SZXJ_096.py:36 - 深圳Ａ股股票交易日限价委托卖-错误的数量（数量=0）
2020-07-21 19:14:18,271 - YW_CYBMM_SZXJ_096.py:63 - 执行结果为True,,
2020-07-21 19:14:21,759 - YW_CYBMM_SZXJ_097.py:36 - 深圳Ａ股股票交易日限价委托卖-错误的数量（数量>200万）
2020-07-21 19:14:23,034 - YW_CYBMM_SZXJ_097.py:63 - 执行结果为True,,
2020-07-21 19:14:26,304 - YW_CYBMM_SZXJ_098.py:36 - 深圳Ａ股股票交易日限价委托卖-错误的买卖方向
2020-07-21 19:14:27,581 - YW_CYBMM_SZXJ_098.py:63 - 执行结果为True,,
2020-07-21 19:14:30,386 - YW_CYBMM_SZXJ_099.py:36 - 深圳Ａ股股票交易日限价委托卖-数量溢出（100亿）
2020-07-21 19:14:31,651 - YW_CYBMM_SZXJ_099.py:63 - 执行结果为True,,
2020-07-21 19:14:35,527 - YW_CYBMM_SZXJ_100.py:36 - 深圳Ａ股股票交易日限价委托卖-金额溢出（总金额>10亿）
2020-07-21 19:14:36,768 - YW_CYBMM_SZXJ_100.py:63 - 执行结果为True,,
2020-07-21 19:14:40,813 - YW_CYBMM_SZXJ_101.py:36 - 交易日限价委托卖-非最后一次卖为非100的倍数
2020-07-21 19:14:42,046 - YW_CYBMM_SZXJ_101.py:63 - 执行结果为True,,
2020-07-21 19:14:44,622 - YW_CYBMM_SZXJ_102.py:36 - 交易日限价委托卖-最后一次卖为非100的倍数
2020-07-21 19:14:45,043 - BdtsDataCheck.py:287 - 期望状态和报单状态、提交状态不匹配，期望状态、报单状态、提交状态分别为全成,XTP_ORDER_STATUS_REJECTED,XTP_ORDER_SUBMIT_STATUS_INSERT_REJECTED
2020-07-21 19:14:45,899 - YW_CYBMM_SZXJ_102.py:63 - 执行结果为False,报单查询,期望状态与报单状态不匹配
2020-07-21 19:16:53,643 - YW_CYBMM_SZXJ_122.py:36 - 订单报价四舍五入后，未超过涨跌幅限制-深A限价卖=涨停价+0.004
2020-07-21 19:16:56,302 - CheckDataPrice.py:42 - price应大于等于委托价格，price和委托价格分别是20.21,20.214
2020-07-21 19:16:56,302 - CjhbDataCheck.py:200 - 成交回报和委托信息不一致，如：xtpid,market,ticker,side,price
2020-07-21 19:16:56,947 - YW_CYBMM_SZXJ_122.py:63 - 执行结果为False,成交回报,成交回报和委托信息不一致，如：xtpid,market,ticker,side,price
2020-07-21 19:17:00,022 - YW_CYBMM_SZXJ_123.py:36 - 订单报价四舍五入后，未超过涨跌幅限制-深A限价卖=涨停价+0.005
2020-07-21 19:17:01,280 - YW_CYBMM_SZXJ_123.py:63 - 执行结果为True,,
2020-07-21 19:17:04,434 - YW_CYBMM_SZXJ_124.py:36 - 订单报价四舍五入后，未超过涨跌幅限制-深A限价卖=跌停价-0.006
2020-07-21 19:17:05,563 - YW_CYBMM_SZXJ_124.py:63 - 执行结果为True,,
2020-07-21 19:17:09,852 - YW_CYBMM_SZXJ_125.py:36 - 订单报价四舍五入后，超过涨跌幅限制-深A限价卖=跌停价-0.005
2020-07-21 19:17:11,091 - YW_CYBMM_SZXJ_125.py:63 - 执行结果为True,,
2020-07-21 19:17:38,437 - YW_CYBMM_SZXJ_126.py:36 - 创业板股票交易日限价委托卖-允许的最小申报数量-1（100-1）
2020-07-21 19:17:39,680 - YW_CYBMM_SZXJ_126.py:63 - 执行结果为True,,
2020-07-21 19:17:42,732 - YW_CYBMM_SZXJ_127.py:36 - 创业板股票交易日限价委托卖-允许的最小申报数量+1（100+1）
2020-07-21 19:17:43,987 - YW_CYBMM_SZXJ_127.py:63 - 执行结果为True,,
2020-07-21 19:17:47,112 - YW_CYBMM_SZXJ_128.py:36 - 创业板股票交易日限价委托卖-允许的最大申报数量-1（30万-1）
2020-07-21 19:17:48,424 - YW_CYBMM_SZXJ_128.py:63 - 执行结果为True,,
2020-07-21 19:17:52,472 - YW_CYBMM_SZXJ_129.py:36 - 创业板股票交易日限价委托卖-允许的最大申报数量（30万）
2020-07-21 19:17:55,734 - YW_CYBMM_SZXJ_129.py:63 - 执行结果为True,,
2020-07-21 19:17:58,914 - YW_CYBMM_SZXJ_130.py:36 - 创业板股票交易日限价委托卖-超过限价单允许最大数量（30万+1）
2020-07-21 19:17:59,298 - BdtsDataCheck.py:655 - 报单的error_id与用例期望的不一致，期望和实际的error_id分别是11010123,11010126
2020-07-21 19:18:00,150 - YW_CYBMM_SZXJ_130.py:63 - 执行结果为False,报单推送,报单的error_id与用例期望的不一致
