2020-07-22 15:19:54,805 - YW_CYBMM_SZXJ_013.py:36 - 限价委托买-已成（费用=min）
2020-07-22 15:19:55,087 - BdtsDataCheck.py:287 - 期望状态和报单状态、提交状态不匹配，期望状态、报单状态、提交状态分别为全成,XTP_ORDER_STATUS_REJECTED,XTP_ORDER_SUBMIT_STATUS_INSERT_REJECTED
2020-07-22 15:19:55,935 - YW_CYBMM_SZXJ_013.py:63 - 执行结果为False,报单查询,期望状态与报单状态不匹配
2020-07-22 15:19:55,936 - YW_CYBMM_SZXJ_014.py:36 - 限价委托买-已成（费用<min）
2020-07-22 15:19:57,058 - YW_CYBMM_SZXJ_014.py:63 - 执行结果为True,,
2020-07-22 15:19:57,059 - YW_CYBMM_SZXJ_015.py:36 - 限价委托买-买前有持仓
2020-07-22 15:19:58,217 - YW_CYBMM_SZXJ_015.py:63 - 执行结果为True,,
2020-07-22 15:19:58,218 - YW_CYBMM_SZXJ_010.py:36 - 限价委托买-订单确认
2020-07-22 15:20:01,581 - YW_CYBMM_SZXJ_010.py:63 - 执行结果为True,,
2020-07-22 15:20:01,582 - YW_CYBMM_SZXJ_011.py:36 - 限价委托买-部成
2020-07-22 15:20:04,848 - YW_CYBMM_SZXJ_011.py:63 - 执行结果为True,,
2020-07-22 15:20:04,849 - YW_CYBMM_SZXJ_020.py:36 - 限价委托买-部成撤单 
2020-07-22 15:21:04,669 - YW_CYBMM_SZXJ_013.py:36 - 限价委托买-已成（费用=min）
2020-07-22 15:21:04,941 - BdtsDataCheck.py:287 - 期望状态和报单状态、提交状态不匹配，期望状态、报单状态、提交状态分别为全成,XTP_ORDER_STATUS_REJECTED,XTP_ORDER_SUBMIT_STATUS_INSERT_REJECTED
2020-07-22 15:21:05,799 - YW_CYBMM_SZXJ_013.py:63 - 执行结果为False,报单查询,期望状态与报单状态不匹配
2020-07-22 15:21:05,799 - YW_CYBMM_SZXJ_014.py:36 - 限价委托买-已成（费用<min）
2020-07-22 15:21:06,957 - YW_CYBMM_SZXJ_014.py:63 - 执行结果为True,,
2020-07-22 15:21:06,957 - YW_CYBMM_SZXJ_015.py:36 - 限价委托买-买前有持仓
2020-07-22 15:21:08,080 - YW_CYBMM_SZXJ_015.py:63 - 执行结果为True,,
2020-07-22 15:21:08,080 - YW_CYBMM_SZXJ_010.py:36 - 限价委托买-订单确认
2020-07-22 15:21:11,341 - YW_CYBMM_SZXJ_010.py:63 - 执行结果为True,,
2020-07-22 15:21:11,341 - YW_CYBMM_SZXJ_011.py:36 - 限价委托买-部成
2020-07-22 15:21:14,605 - YW_CYBMM_SZXJ_011.py:63 - 执行结果为True,,
2020-07-22 15:21:14,606 - YW_CYBMM_SZXJ_020.py:36 - 限价委托买-部成撤单 
2020-07-22 15:21:17,085 - mainService.py:235 - 报单查询等待...,xtpID=901029373774136302
2020-07-22 15:21:17,900 - YW_CYBMM_SZXJ_020.py:63 - 执行结果为True,,
2020-07-22 15:21:17,900 - YW_CYBMM_SZXJ_022.py:36 - 限价委托买-全部撤单
2020-07-22 15:21:20,213 - mainService.py:235 - 报单查询等待...,xtpID=901029373774136304
2020-07-22 15:21:21,150 - YW_CYBMM_SZXJ_022.py:63 - 执行结果为True,,
2020-07-22 15:21:21,167 - YW_CYBMM_SZXJ_023.py:36 - 限价委托买-全成再撤单（OMS）
2020-07-22 15:21:23,413 - YW_CYBMM_SZXJ_023.py:63 - 执行结果为True,,
2020-07-22 15:21:23,431 - YW_CYBMM_SZXJ_025.py:36 - 限价委托买-部撤再撤单（OMS）
2020-07-22 15:21:23,844 - BdtsDataCheck.py:287 - 期望状态和报单状态、提交状态不匹配，期望状态、报单状态、提交状态分别为部撤,XTP_ORDER_STATUS_REJECTED,XTP_ORDER_SUBMIT_STATUS_INSERT_REJECTED
2020-07-22 15:21:24,700 - YW_CYBMM_SZXJ_025.py:63 - 执行结果为False,报单查询－状态检查,期望状态与报单状态不匹配
2020-07-22 15:21:24,718 - YW_CYBMM_SZXJ_026.py:36 - 限价委托买-全撤再撤单（OMS）
2020-07-22 15:21:27,048 - mainService.py:235 - 报单查询等待...,xtpID=901029373774136309
2020-07-22 15:21:27,989 - YW_CYBMM_SZXJ_026.py:63 - 执行结果为True,,
2020-07-22 15:21:28,015 - YW_CYBMM_SZXJ_033.py:36 - 默认3：订单报价超过涨跌幅限制-深A限价买>涨停价（涨停价+0.02）
2020-07-22 15:21:29,285 - YW_CYBMM_SZXJ_033.py:63 - 执行结果为True,,
2020-07-22 15:21:29,286 - YW_CYBMM_SZXJ_034.py:36 - 默认3：订单报价未超过涨跌幅限制-深A限价买=涨停价
2020-07-22 15:21:32,565 - YW_CYBMM_SZXJ_034.py:63 - 执行结果为True,,
2020-07-22 15:21:32,582 - YW_CYBMM_SZXJ_035.py:36 - 默认3：订单报价超过涨跌幅限制-深A限价买><跌停价（跌停价-0.02）
2020-07-22 15:21:33,700 - YW_CYBMM_SZXJ_035.py:63 - 执行结果为True,,
2020-07-22 15:21:33,701 - YW_CYBMM_SZXJ_036.py:36 - 默认3：订单报价未超过涨跌幅限制-深A限价买=跌停价
2020-07-22 15:21:36,950 - YW_CYBMM_SZXJ_036.py:63 - 执行结果为True,,
2020-07-22 15:21:36,967 - YW_CYBMM_SZXJ_039.py:35 - 深圳Ａ股股票交易日限价委托买-不存在的证券代码
2020-07-22 15:21:38,054 - YW_CYBMM_SZXJ_039.py:50 - 执行结果为True,,
2020-07-22 15:21:38,073 - YW_CYBMM_SZXJ_040.py:36 - 深圳Ａ股股票交易日限价委托买-错误的市场
2020-07-22 15:21:39,339 - YW_CYBMM_SZXJ_040.py:63 - 执行结果为True,,
2020-07-22 15:21:39,355 - YW_CYBMM_SZXJ_041.py:36 - 深圳Ａ股股票交易日限价委托买-错误的价格（价格<0）
2020-07-22 15:21:39,630 - YW_CYBMM_SZXJ_041.py:63 - 执行结果为True,,
2020-07-22 15:21:39,646 - YW_CYBMM_SZXJ_042.py:36 - 交易日限价委托买-错误的价格（价格=0）
2020-07-22 15:21:40,903 - YW_CYBMM_SZXJ_042.py:63 - 执行结果为True,,
2020-07-22 15:21:40,920 - YW_CYBMM_SZXJ_043.py:36 - 深圳Ａ股股票交易日限价委托买-错误的价格（价格巨大）
2020-07-22 15:21:42,165 - YW_CYBMM_SZXJ_043.py:63 - 执行结果为True,,
2020-07-22 15:21:42,187 - YW_CYBMM_SZXJ_044.py:36 - 深圳Ａ股股票交易日限价委托买-错误的数量（数量<0）
2020-07-22 15:21:42,460 - YW_CYBMM_SZXJ_044.py:63 - 执行结果为True,,
2020-07-22 15:21:42,491 - YW_CYBMM_SZXJ_045.py:36 - 深圳Ａ股股票交易日限价委托买-错误的数量（数量=0）
2020-07-22 15:21:43,748 - YW_CYBMM_SZXJ_045.py:63 - 执行结果为True,,
2020-07-22 15:21:43,766 - YW_CYBMM_SZXJ_046.py:36 - 深圳Ａ股股票交易日限价委托买-错误的数量（数量>200万）
2020-07-22 15:21:45,030 - YW_CYBMM_SZXJ_046.py:63 - 执行结果为True,,
2020-07-22 15:21:45,046 - YW_CYBMM_SZXJ_047.py:36 - 深圳Ａ股股票交易日限价委托买-错误的价格条件
2020-07-22 15:21:46,296 - YW_CYBMM_SZXJ_047.py:63 - 执行结果为True,,
2020-07-22 15:21:46,316 - YW_CYBMM_SZXJ_048.py:36 - 深圳Ａ股股票交易日限价委托买-数量溢出（200亿）
2020-07-22 15:21:47,571 - YW_CYBMM_SZXJ_048.py:63 - 执行结果为True,,
2020-07-22 15:21:47,571 - YW_CYBMM_SZXJ_049.py:36 - 深圳Ａ股股票交易日限价委托买-金额溢出（总金额>20亿）
2020-07-22 15:21:47,828 - BdtsDataCheck.py:287 - 期望状态和报单状态、提交状态不匹配，期望状态、报单状态、提交状态分别为全成,XTP_ORDER_STATUS_REJECTED,XTP_ORDER_SUBMIT_STATUS_INSERT_REJECTED
2020-07-22 15:21:48,689 - YW_CYBMM_SZXJ_049.py:63 - 执行结果为False,报单查询,期望状态与报单状态不匹配
2020-07-22 15:21:48,690 - YW_CYBMM_SZXJ_059.py:36 - 限价委托卖-订单确认
2020-07-22 15:21:51,943 - YW_CYBMM_SZXJ_059.py:63 - 执行结果为True,,
2020-07-22 15:21:51,944 - YW_CYBMM_SZXJ_060.py:36 - 限价委托卖-部成
2020-07-22 15:21:55,226 - YW_CYBMM_SZXJ_060.py:63 - 执行结果为True,,
2020-07-22 15:21:55,227 - YW_CYBMM_SZXJ_061.py:36 - 限价委托卖-已成（费用>min）
2020-07-22 15:21:56,464 - YW_CYBMM_SZXJ_061.py:63 - 执行结果为True,,
2020-07-22 15:21:56,465 - YW_CYBMM_SZXJ_062.py:36 - 限价委托卖-已成（费用=min）
2020-07-22 15:21:57,687 - YW_CYBMM_SZXJ_062.py:63 - 执行结果为True,,
2020-07-22 15:21:57,688 - YW_CYBMM_SZXJ_063.py:36 - 限价委托卖-已成（费用<min）
2020-07-22 15:21:58,930 - YW_CYBMM_SZXJ_063.py:63 - 执行结果为True,,
2020-07-22 15:21:58,930 - YW_CYBMM_SZXJ_068.py:36 - 限价委托卖-部成撤单 
2020-07-22 15:22:01,350 - mainService.py:235 - 报单查询等待...,xtpID=901029373774136330
2020-07-22 15:22:02,192 - YW_CYBMM_SZXJ_068.py:63 - 执行结果为True,,
2020-07-22 15:22:02,193 - YW_CYBMM_SZXJ_069.py:36 - 限价委托卖-全部撤单
2020-07-22 15:22:04,504 - mainService.py:235 - 报单查询等待...,xtpID=901029373774136332
2020-07-22 15:22:05,444 - YW_CYBMM_SZXJ_069.py:63 - 执行结果为True,,
2020-07-22 15:22:05,461 - YW_CYBMM_SZXJ_071.py:36 - 限价委托卖-全成再撤单（OMS）
2020-07-22 15:22:07,782 - YW_CYBMM_SZXJ_071.py:63 - 执行结果为True,,
2020-07-22 15:22:07,798 - YW_CYBMM_SZXJ_073.py:36 - 限价委托卖-部撤再撤单（OMS）
2020-07-22 15:22:10,215 - mainService.py:235 - 报单查询等待...,xtpID=901029373774136336
2020-07-22 15:22:11,055 - YW_CYBMM_SZXJ_073.py:63 - 执行结果为True,,
2020-07-22 15:22:11,071 - YW_CYBMM_SZXJ_074.py:36 - 限价委托卖-全撤再撤单（OMS）
2020-07-22 15:22:13,392 - mainService.py:235 - 报单查询等待...,xtpID=901029373774136339
2020-07-22 15:22:14,332 - YW_CYBMM_SZXJ_074.py:63 - 执行结果为True,,
2020-07-22 15:22:14,348 - YW_CYBMM_SZXJ_081.py:36 - 深A限价卖（卖出数量=可用股份数+100）
2020-07-22 15:22:15,594 - YW_CYBMM_SZXJ_081.py:63 - 执行结果为True,,
2020-07-22 15:22:15,594 - YW_CYBMM_SZXJ_082.py:36 - 深A限价卖（卖出数量=可用股份数）
2020-07-22 15:22:18,823 - YW_CYBMM_SZXJ_082.py:63 - 执行结果为True,,
2020-07-22 15:22:18,839 - YW_CYBMM_SZXJ_083.py:36 - 默认3：订单报价超过涨跌幅限制-深A限价卖>涨停价（涨停价+0.02）
2020-07-22 15:22:20,107 - YW_CYBMM_SZXJ_083.py:63 - 执行结果为True,,
2020-07-22 15:22:20,107 - YW_CYBMM_SZXJ_084.py:36 - 默认3：订单报价超过涨跌幅限制-深A限价卖=涨停价
2020-07-22 15:22:23,402 - YW_CYBMM_SZXJ_084.py:63 - 执行结果为True,,
2020-07-22 15:22:23,428 - YW_CYBMM_SZXJ_085.py:36 - 默认3：订单报价超过涨跌幅限制-深A限价卖><跌停价（跌停价-0.02）
2020-07-22 15:22:24,549 - YW_CYBMM_SZXJ_085.py:63 - 执行结果为True,,
2020-07-22 15:22:24,550 - YW_CYBMM_SZXJ_086.py:36 - 默认3：订单报价未超过涨跌幅限制-深A限价卖=跌停价
2020-07-22 15:22:27,810 - YW_CYBMM_SZXJ_086.py:63 - 执行结果为True,,
2020-07-22 15:22:27,826 - YW_CYBMM_SZXJ_090.py:35 - 深圳Ａ股股票交易日限价委托卖-不存在的证券代码
2020-07-22 15:22:28,927 - YW_CYBMM_SZXJ_090.py:50 - 执行结果为True,,
2020-07-22 15:22:28,944 - YW_CYBMM_SZXJ_091.py:36 - 深圳Ａ股股票交易日限价委托卖-错误的市场
2020-07-22 15:22:30,240 - YW_CYBMM_SZXJ_091.py:63 - 执行结果为True,,
2020-07-22 15:22:30,256 - YW_CYBMM_SZXJ_092.py:36 - 深圳Ａ股股票交易日限价委托卖-错误的价格（价格<0）
2020-07-22 15:22:30,503 - YW_CYBMM_SZXJ_092.py:63 - 执行结果为True,,
2020-07-22 15:22:30,521 - YW_CYBMM_SZXJ_093.py:36 - 交易日限价委托卖-错误的价格（价格=0）
2020-07-22 15:22:31,786 - YW_CYBMM_SZXJ_093.py:63 - 执行结果为True,,
2020-07-22 15:22:31,804 - YW_CYBMM_SZXJ_094.py:36 - 深圳Ａ股股票交易日限价委托卖-错误的价格（价格巨大）
2020-07-22 15:22:33,090 - YW_CYBMM_SZXJ_094.py:63 - 执行结果为True,,
2020-07-22 15:22:33,107 - YW_CYBMM_SZXJ_095.py:36 - 深圳Ａ股股票交易日限价委托卖-错误的数量（数量<0）
2020-07-22 15:22:33,417 - YW_CYBMM_SZXJ_095.py:63 - 执行结果为True,,
2020-07-22 15:22:33,443 - YW_CYBMM_SZXJ_096.py:36 - 深圳Ａ股股票交易日限价委托卖-错误的数量（数量=0）
2020-07-22 15:22:34,751 - YW_CYBMM_SZXJ_096.py:63 - 执行结果为True,,
2020-07-22 15:22:34,768 - YW_CYBMM_SZXJ_097.py:36 - 深圳Ａ股股票交易日限价委托卖-错误的数量（数量>200万）
2020-07-22 15:22:36,018 - YW_CYBMM_SZXJ_097.py:63 - 执行结果为True,,
2020-07-22 15:22:36,036 - YW_CYBMM_SZXJ_098.py:36 - 深圳Ａ股股票交易日限价委托卖-错误的买卖方向
2020-07-22 15:22:37,288 - YW_CYBMM_SZXJ_098.py:63 - 执行结果为True,,
2020-07-22 15:22:37,305 - YW_CYBMM_SZXJ_099.py:36 - 深圳Ａ股股票交易日限价委托卖-数量溢出（200亿）
2020-07-22 15:22:38,587 - YW_CYBMM_SZXJ_099.py:63 - 执行结果为True,,
2020-07-22 15:22:38,587 - YW_CYBMM_SZXJ_100.py:36 - 深圳Ａ股股票交易日限价委托卖-金额溢出（总金额>20亿）
2020-07-22 15:22:39,031 - BdtsDataCheck.py:287 - 期望状态和报单状态、提交状态不匹配，期望状态、报单状态、提交状态分别为全成,XTP_ORDER_STATUS_REJECTED,XTP_ORDER_SUBMIT_STATUS_INSERT_REJECTED
2020-07-22 15:22:39,847 - YW_CYBMM_SZXJ_100.py:63 - 执行结果为False,报单查询,期望状态与报单状态不匹配
2020-07-22 15:22:39,864 - YW_CYBMM_SZXJ_101.py:36 - 交易日限价委托卖-非最后一次卖为非200的倍数
2020-07-22 15:22:41,092 - YW_CYBMM_SZXJ_101.py:63 - 执行结果为True,,
2020-07-22 15:22:41,092 - YW_CYBMM_SZXJ_102.py:36 - 交易日限价委托卖-最后一次卖为非200的倍数
2020-07-22 15:22:42,329 - YW_CYBMM_SZXJ_102.py:63 - 执行结果为True,,
2020-07-22 15:22:42,329 - YW_CYBMM_SZXJ_103.py:36 - 交易日限价委托卖-先卖零头股再卖整数股
2020-07-22 15:22:43,555 - YW_CYBMM_SZXJ_103.py:63 - 执行结果为True,,
2020-07-22 15:22:43,556 - YW_CYBMM_SZXJ_103_2.py:36 - 交易日限价委托卖-先卖零头股再卖整数股
2020-07-22 15:22:44,777 - YW_CYBMM_SZXJ_103_2.py:63 - 执行结果为True,,
2020-07-22 15:22:44,777 - YW_CYBMM_SZXJ_104.py:36 - 交易日限价委托卖-先卖整数股再卖零头股
2020-07-22 15:22:46,002 - YW_CYBMM_SZXJ_104.py:63 - 执行结果为True,,
2020-07-22 15:22:46,003 - YW_CYBMM_SZXJ_104_2.py:36 - 交易日限价委托卖-先卖整数股再卖零头股
2020-07-22 15:22:47,253 - YW_CYBMM_SZXJ_104_2.py:63 - 执行结果为True,,
2020-07-22 15:22:47,254 - YW_CYBMM_SZXJ_105.py:36 - 交易日限价委托卖-先卖含零头股的部分再卖整数股
2020-07-22 15:22:48,515 - YW_CYBMM_SZXJ_105.py:63 - 执行结果为True,,
2020-07-22 15:22:48,516 - YW_CYBMM_SZXJ_105_2.py:36 - 交易日限价委托卖-先卖含零头股的部分再卖整数股
2020-07-22 15:22:49,780 - YW_CYBMM_SZXJ_105_2.py:63 - 执行结果为True,,
2020-07-22 15:22:49,780 - YW_CYBMM_SZXJ_106.py:36 - 交易日限价委托卖-先卖整数股再卖含零头股的部分
2020-07-22 15:22:51,019 - YW_CYBMM_SZXJ_106.py:63 - 执行结果为True,,
2020-07-22 15:22:51,020 - YW_CYBMM_SZXJ_106_2.py:36 - 交易日限价委托卖-先卖整数股再卖含零头股的部分
2020-07-22 15:22:52,254 - YW_CYBMM_SZXJ_106_2.py:63 - 执行结果为True,,
2020-07-22 15:22:52,255 - YW_CYBMM_SZXJ_107.py:36 - 交易日限价委托-T+0卖→T+0买
2020-07-22 15:22:53,495 - YW_CYBMM_SZXJ_107.py:63 - 执行结果为True,,
2020-07-22 15:22:53,496 - YW_CYBMM_SZXJ_107_2.py:36 - 交易日限价委托-T+0卖→T+0买
2020-07-22 15:22:54,613 - YW_CYBMM_SZXJ_107_2.py:63 - 执行结果为True,,
2020-07-22 15:22:54,614 - YW_CYBMM_SZXJ_108.py:36 - 交易日限价委托-T+0买→T+0卖（未持有证券代码）
2020-07-22 15:22:55,743 - YW_CYBMM_SZXJ_108.py:63 - 执行结果为True,,
2020-07-22 15:22:55,760 - YW_CYBMM_SZXJ_108_2.py:36 - 交易日限价委托-T+0买→T+0卖（未持有证券代码）
2020-07-22 15:22:56,880 - YW_CYBMM_SZXJ_108_2.py:63 - 执行结果为True,,
2020-07-22 15:22:56,880 - YW_CYBMM_SZXJ_109.py:36 - 交易日限价委托-T+0买→T+0卖失败（已持有证券代码）
2020-07-22 15:22:58,050 - YW_CYBMM_SZXJ_109.py:63 - 执行结果为True,,
2020-07-22 15:22:58,076 - YW_CYBMM_SZXJ_109_2.py:36 - 交易日限价委托-T+0买→T+0卖失败（已持有证券代码）
2020-07-22 15:22:59,325 - YW_CYBMM_SZXJ_109_2.py:63 - 执行结果为True,,
2020-07-22 15:22:59,326 - YW_CYBMM_SZXJ_110.py:36 - 交易日限价委托-T+0买→T+0卖（已持有证券代码）
2020-07-22 15:23:00,453 - YW_CYBMM_SZXJ_110.py:63 - 执行结果为True,,
2020-07-22 15:23:00,454 - YW_CYBMM_SZXJ_110_2.py:36 - 交易日限价委托-T+0买→T+0卖（已持有证券代码）
2020-07-22 15:23:01,678 - YW_CYBMM_SZXJ_110_2.py:63 - 执行结果为True,,
2020-07-22 15:23:01,679 - YW_CYBMM_SZXJ_111.py:36 - 订单报价，四舍五入后，未超过涨跌幅限制-深A限价买=涨停价+0.004
2020-07-22 15:23:04,112 - FundStkCheck.py:306 - 可用资金预冻结不正确
2020-07-22 15:23:04,802 - YW_CYBMM_SZXJ_111.py:63 - 执行结果为False,报单查询,可用资金预冻结不正确
2020-07-22 15:23:04,803 - YW_CYBMM_SZXJ_112.py:36 - 订单报价，四舍五入后，超过涨跌幅限制-深A限价买=涨停价+0.005
2020-07-22 15:23:05,936 - YW_CYBMM_SZXJ_112.py:63 - 执行结果为True,,
2020-07-22 15:23:05,937 - YW_CYBMM_SZXJ_114.py:36 - 订单报价，四舍五入后，未超过涨跌幅限制-深A限价买=跌停价-0.005
2020-07-22 15:23:08,366 - FundStkCheck.py:306 - 可用资金预冻结不正确
2020-07-22 15:23:09,060 - YW_CYBMM_SZXJ_114.py:63 - 执行结果为False,报单查询,可用资金预冻结不正确
2020-07-22 15:23:09,076 - YW_CYBMM_SZXJ_115.py:36 - 创业板股票交易日限价委托买-错误的业务类型
2020-07-22 15:23:10,195 - YW_CYBMM_SZXJ_115.py:63 - 执行结果为True,,
2020-07-22 15:23:10,213 - YW_CYBMM_SZXJ_116.py:36 - 创业板股票交易日限价委托买-错误的买卖方向
2020-07-22 15:23:11,357 - YW_CYBMM_SZXJ_116.py:63 - 执行结果为True,,
2020-07-22 15:23:11,380 - YW_CYBMM_SZXJ_117.py:36 - 创业板股票交易日限价委托买-允许的最小申报数量-1（100-1）
2020-07-22 15:23:12,516 - YW_CYBMM_SZXJ_117.py:63 - 执行结果为True,,
2020-07-22 15:23:12,532 - YW_CYBMM_SZXJ_118.py:36 - 创业板股票交易日限价委托买-允许的最小申报数量+1（100+1）
2020-07-22 15:23:13,659 - YW_CYBMM_SZXJ_118.py:63 - 执行结果为True,,
2020-07-22 15:23:13,678 - YW_CYBMM_SZXJ_119.py:36 - 创业板股票交易日限价委托买-允许的最大申报数量-1（30万-1）
2020-07-22 15:23:14,827 - YW_CYBMM_SZXJ_119.py:63 - 执行结果为True,,
2020-07-22 15:23:14,828 - YW_CYBMM_SZXJ_120.py:36 - 创业板股票交易日限价委托买-允许的最大申报数量（30万）
2020-07-22 15:23:17,950 - YW_CYBMM_SZXJ_120.py:63 - 执行结果为True,,
2020-07-22 15:23:17,966 - YW_CYBMM_SZXJ_121.py:36 - 创业板股票交易日限价委托买-超过限价单允许最大数量（30万+1）
2020-07-22 15:23:19,102 - YW_CYBMM_SZXJ_121.py:63 - 执行结果为True,,
2020-07-22 15:23:19,102 - YW_CYBMM_SZXJ_122.py:36 - 订单报价四舍五入后，未超过涨跌幅限制-深A限价卖=涨停价+0.004
2020-07-22 15:23:22,336 - YW_CYBMM_SZXJ_122.py:63 - 执行结果为True,,
2020-07-22 15:23:22,337 - YW_CYBMM_SZXJ_123.py:36 - 订单报价四舍五入后，未超过涨跌幅限制-深A限价卖=涨停价+0.005
2020-07-22 15:23:23,563 - YW_CYBMM_SZXJ_123.py:63 - 执行结果为True,,
2020-07-22 15:23:23,563 - YW_CYBMM_SZXJ_124.py:36 - 订单报价四舍五入后，未超过涨跌幅限制-深A限价卖=跌停价-0.006
2020-07-22 15:23:24,735 - YW_CYBMM_SZXJ_124.py:63 - 执行结果为True,,
2020-07-22 15:23:24,735 - YW_CYBMM_SZXJ_125.py:36 - 订单报价四舍五入后，超过涨跌幅限制-深A限价卖=跌停价-0.005
2020-07-22 15:23:27,958 - YW_CYBMM_SZXJ_125.py:63 - 执行结果为True,,
2020-07-22 15:23:27,975 - YW_CYBMM_SZXJ_126.py:36 - 创业板股票交易日限价委托卖-允许的最小申报数量-1（100-1）
2020-07-22 15:23:29,280 - YW_CYBMM_SZXJ_126.py:63 - 执行结果为True,,
2020-07-22 15:23:29,306 - YW_CYBMM_SZXJ_127.py:36 - 创业板股票交易日限价委托卖-允许的最小申报数量+1（100+1）
2020-07-22 15:23:30,595 - YW_CYBMM_SZXJ_127.py:63 - 执行结果为True,,
2020-07-22 15:23:30,611 - YW_CYBMM_SZXJ_128.py:36 - 创业板股票交易日限价委托卖-允许的最大申报数量-1（30万-1）
2020-07-22 15:23:31,846 - YW_CYBMM_SZXJ_128.py:63 - 执行结果为True,,
2020-07-22 15:23:31,847 - YW_CYBMM_SZXJ_129.py:36 - 创业板股票交易日限价委托卖-允许的最大申报数量（30万）
2020-07-22 15:23:35,093 - YW_CYBMM_SZXJ_129.py:63 - 执行结果为True,,
2020-07-22 15:23:35,119 - YW_CYBMM_SZXJ_130.py:36 - 创业板股票交易日限价委托卖-超过限价单允许最大数量（30万+1）
2020-07-22 15:23:36,352 - YW_CYBMM_SZXJ_130.py:63 - 执行结果为True,,
2020-07-22 15:29:08,862 - YW_CYBMM_SZXJ_013.py:36 - 限价委托买-已成（费用=min）
2020-07-22 15:29:09,998 - YW_CYBMM_SZXJ_013.py:63 - 执行结果为True,,
2020-07-22 15:41:29,066 - YW_CYBMM_SZXJ_025.py:36 - 限价委托买-部撤再撤单（OMS）
2020-07-22 15:41:31,363 - mainService.py:235 - 报单查询等待...,xtpID=901029373774138397
2020-07-22 15:41:32,202 - YW_CYBMM_SZXJ_025.py:63 - 执行结果为True,,
2020-07-22 15:41:54,841 - YW_CYBMM_SZXJ_049.py:36 - 深圳Ａ股股票交易日限价委托买-金额溢出（总金额>10亿）
2020-07-22 15:41:55,974 - YW_CYBMM_SZXJ_049.py:63 - 执行结果为True,,
2020-07-22 15:42:38,009 - YW_CYBMM_SZXJ_100.py:36 - 深圳Ａ股股票交易日限价委托卖-金额溢出（总金额>10亿）
2020-07-22 15:42:39,276 - YW_CYBMM_SZXJ_100.py:63 - 执行结果为True,,
2020-07-22 15:43:07,835 - YW_CYBMM_SZXJ_111.py:36 - 订单报价，四舍五入后，未超过涨跌幅限制-深A限价买=涨停价+0.004
2020-07-22 15:43:08,972 - YW_CYBMM_SZXJ_111.py:63 - 执行结果为True,,
2020-07-22 15:43:22,651 - YW_CYBMM_SZXJ_114.py:36 - 订单报价，四舍五入后，未超过涨跌幅限制-深A限价买=跌停价-0.005
2020-07-22 15:43:23,145 - CheckDataPrice.py:35 - price应小于等于委托价格，price和委托价格分别是13.47,13.465
2020-07-22 15:43:23,145 - CjhbDataCheck.py:142 - 成交回报和委托信息不一致，如：xtpid,market,ticker,side,price
2020-07-22 15:43:23,521 - CheckDataPrice.py:35 - price应小于等于委托价格，price和委托价格分别是13.47,13.465
2020-07-22 15:43:23,521 - CjhbDataCheck.py:142 - 成交回报和委托信息不一致，如：xtpid,market,ticker,side,price
2020-07-22 15:43:23,799 - YW_CYBMM_SZXJ_114.py:63 - 执行结果为False,成交回报,成交回报和委托信息不一致，如：xtpid,market,ticker,side,price
2020-07-22 15:44:21,453 - YW_CYBMM_SZSJ_005.py:36 - 即成剩撤买--已成（费用=min）
2020-07-22 15:44:22,596 - YW_CYBMM_SZSJ_005.py:63 - 执行结果为True,,
2020-07-22 15:44:22,597 - YW_CYBMM_SZSJ_006.py:36 - 即成剩撤买--已成（费用<min）
2020-07-22 15:44:23,723 - YW_CYBMM_SZSJ_006.py:63 - 执行结果为True,,
2020-07-22 15:44:23,724 - YW_CYBMM_SZSJ_007.py:36 - 即成剩撤买-买前有持仓
2020-07-22 15:44:24,868 - YW_CYBMM_SZSJ_007.py:63 - 执行结果为True,,
2020-07-22 15:44:24,885 - YW_CYBMM_SZSJ_021.py:36 - 深圳Ａ股股票交易日即成剩撤买——错误的价格(价格<0)
2020-07-22 15:44:25,186 - YW_CYBMM_SZSJ_021.py:63 - 执行结果为True,,
2020-07-22 15:44:25,204 - YW_CYBMM_SZSJ_023.py:36 - 深圳Ａ股股票交易日即成剩撤买——错误的数量(数量<0)
2020-07-22 15:44:25,490 - YW_CYBMM_SZSJ_023.py:63 - 执行结果为True,,
2020-07-22 15:44:25,509 - YW_CYBMM_SZSJ_056.py:36 - 深圳Ａ股股票交易日即成剩撤卖——错误的价格(价格<0)
2020-07-22 15:44:25,784 - YW_CYBMM_SZSJ_056.py:63 - 执行结果为True,,
2020-07-22 15:44:25,800 - YW_CYBMM_SZSJ_058.py:36 - 深圳Ａ股股票交易日即成剩撤卖——错误的数量(数量<0)
2020-07-22 15:44:26,062 - YW_CYBMM_SZSJ_058.py:63 - 执行结果为True,,
2020-07-22 15:44:26,062 - YW_CYBMM_SZSJ_022.py:36 - 深圳Ａ股股票交易日即成剩撤买——错误的价格(价格10亿)
2020-07-22 15:44:27,323 - YW_CYBMM_SZSJ_022.py:63 - 执行结果为True,,
2020-07-22 15:44:27,341 - YW_CYBMM_SZSJ_097.py:36 - 深圳Ａ股股票交易日五档即成转撤销买——错误的价格(价格<0)
2020-07-22 15:44:27,663 - YW_CYBMM_SZSJ_097.py:63 - 执行结果为True,,
2020-07-22 15:44:27,679 - YW_CYBMM_SZSJ_099.py:36 - 深圳Ａ股股票交易日五档即成转撤销买——错误的数量(数量<0)
2020-07-22 15:44:27,939 - YW_CYBMM_SZSJ_099.py:63 - 执行结果为True,,
2020-07-22 15:44:27,956 - YW_CYBMM_SZSJ_132.py:36 - 深圳Ａ股股票交易日五档即成转撤销卖——错误的价格(价格<0)
2020-07-22 15:44:28,218 - YW_CYBMM_SZSJ_132.py:63 - 执行结果为True,,
2020-07-22 15:44:28,234 - YW_CYBMM_SZSJ_134.py:36 - 深圳Ａ股股票交易日五档即成转撤销卖——错误的数量(数量<0)
2020-07-22 15:44:28,570 - YW_CYBMM_SZSJ_134.py:63 - 执行结果为True,,
2020-07-22 15:44:28,586 - YW_CYBMM_SZSJ_171.py:36 - 深圳Ａ股股票交易日全部成交或撤销买——错误的价格(价格<0)
2020-07-22 15:44:28,860 - YW_CYBMM_SZSJ_171.py:63 - 执行结果为True,,
2020-07-22 15:44:28,861 - YW_CYBMM_SZSJ_028.py:36 - 深圳Ａ股股票交易日即成剩撤买——金额溢出（总金额>20亿）
2020-07-22 15:44:29,199 - BdtsDataCheck.py:287 - 期望状态和报单状态、提交状态不匹配，期望状态、报单状态、提交状态分别为全成,XTP_ORDER_STATUS_REJECTED,XTP_ORDER_SUBMIT_STATUS_INSERT_REJECTED
2020-07-22 15:44:29,989 - YW_CYBMM_SZSJ_028.py:63 - 执行结果为False,报单查询,期望状态与报单状态不匹配
2020-07-22 15:44:29,990 - YW_CYBMM_SZSJ_036.py:36 - 即成剩撤卖--已成（费用>min）
2020-07-22 15:44:31,256 - YW_CYBMM_SZSJ_036.py:63 - 执行结果为True,,
2020-07-22 15:44:31,256 - YW_CYBMM_SZSJ_037.py:36 - 即成剩撤卖--已成（费用=min）
2020-07-22 15:44:32,514 - YW_CYBMM_SZSJ_037.py:63 - 执行结果为True,,
2020-07-22 15:44:32,515 - YW_CYBMM_SZSJ_038.py:36 - 即成剩撤卖--已成（费用<min）
2020-07-22 15:44:33,756 - YW_CYBMM_SZSJ_038.py:63 - 执行结果为True,,
2020-07-22 15:44:33,757 - YW_CYBMM_SZSJ_052.py:36 - 深A即成剩撤卖（卖出数量=可用股份数）
2020-07-22 15:44:35,018 - YW_CYBMM_SZSJ_052.py:63 - 执行结果为True,,
2020-07-22 15:44:35,044 - YW_CYBMM_SZSJ_173.py:36 - 深圳Ａ股股票交易日全部成交或撤销买——错误的数量(数量<0)
2020-07-22 15:44:35,424 - YW_CYBMM_SZSJ_173.py:63 - 执行结果为True,,
2020-07-22 15:44:35,441 - YW_CYBMM_SZSJ_204.py:36 - 深圳Ａ股股票交易日全部成交或撤销卖——错误的价格(价格<0)
2020-07-22 15:44:35,702 - YW_CYBMM_SZSJ_204.py:63 - 执行结果为True,,
2020-07-22 15:44:35,718 - YW_CYBMM_SZSJ_206.py:36 - 深圳Ａ股股票交易日全部成交或撤销卖——错误的数量(数量<0)
2020-07-22 15:44:35,979 - YW_CYBMM_SZSJ_206.py:63 - 执行结果为True,,
2020-07-22 15:44:35,997 - YW_CYBMM_SZSJ_250.py:36 - 深圳Ａ股股票交易日本方最优买——错误的价格(价格<0)
2020-07-22 15:44:36,260 - YW_CYBMM_SZSJ_250.py:63 - 执行结果为True,,
2020-07-22 15:44:36,276 - YW_CYBMM_SZSJ_252.py:36 - 深圳Ａ股股票交易日本方最优买——错误的数量(数量<0)
2020-07-22 15:44:36,612 - YW_CYBMM_SZSJ_252.py:63 - 执行结果为True,,
2020-07-22 15:44:36,628 - YW_CYBMM_SZSJ_290.py:36 - 深圳Ａ股股票交易日本方最优卖——错误的价格(价格<0)
2020-07-22 15:44:36,908 - YW_CYBMM_SZSJ_290.py:63 - 执行结果为True,,
2020-07-22 15:44:36,924 - YW_CYBMM_SZSJ_292.py:36 - 深圳Ａ股股票交易日本方最优卖——错误的数量(数量<0)
2020-07-22 15:44:37,182 - YW_CYBMM_SZSJ_292.py:63 - 执行结果为True,,
2020-07-22 15:44:37,198 - YW_CYBMM_SZSJ_335.py:36 - 深圳Ａ股股票交易日对方最优转限价买——错误的价格(价格<0)
2020-07-22 15:44:37,502 - YW_CYBMM_SZSJ_335.py:63 - 执行结果为True,,
2020-07-22 15:44:37,518 - YW_CYBMM_SZSJ_337.py:36 - 深圳Ａ股股票交易日对方最优转限价买——错误的数量(数量<0)
2020-07-22 15:44:37,774 - YW_CYBMM_SZSJ_337.py:63 - 执行结果为True,,
2020-07-22 15:44:37,775 - YW_CYBMM_SZSJ_063.py:36 - 深圳Ａ股股票交易日即成剩撤卖——金额溢出（总金额>10亿）
2020-07-22 15:44:38,272 - BdtsDataCheck.py:287 - 期望状态和报单状态、提交状态不匹配，期望状态、报单状态、提交状态分别为全成,XTP_ORDER_STATUS_REJECTED,XTP_ORDER_SUBMIT_STATUS_INSERT_REJECTED
2020-07-22 15:44:39,082 - YW_CYBMM_SZSJ_063.py:63 - 执行结果为False,报单查询,期望状态与报单状态不匹配
2020-07-22 15:44:39,099 - YW_CYBMM_SZSJ_374.py:36 - 深圳Ａ股股票交易日对方最优转限价卖——错误的价格(价格<0)
2020-07-22 15:44:39,381 - YW_CYBMM_SZSJ_374.py:63 - 执行结果为True,,
2020-07-22 15:44:39,382 - YW_CYBMM_SZSJ_068.py:36 - 交易日即成剩撤卖-最后一次卖为非100的倍数
2020-07-22 15:44:40,617 - YW_CYBMM_SZSJ_068.py:63 - 执行结果为True,,
2020-07-22 15:44:40,617 - YW_CYBMM_SZSJ_069.py:36 - 交易日即成剩撤卖-先卖零头股再卖整数股
2020-07-22 15:44:41,855 - YW_CYBMM_SZSJ_069.py:63 - 执行结果为True,,
2020-07-22 15:44:41,856 - YW_CYBMM_SZSJ_069_1.py:36 - 交易日即成剩撤卖-先卖零头股再卖整数股
2020-07-22 15:44:43,155 - YW_CYBMM_SZSJ_069_1.py:63 - 执行结果为True,,
2020-07-22 15:44:43,155 - YW_CYBMM_SZSJ_070.py:36 - 交易日即成剩撤卖-先卖整数股再卖零头股
2020-07-22 15:44:44,439 - YW_CYBMM_SZSJ_070.py:63 - 执行结果为True,,
2020-07-22 15:44:44,440 - YW_CYBMM_SZSJ_070_1.py:36 - 交易日即成剩撤卖-先卖整数股再卖零头股
2020-07-22 15:44:45,699 - YW_CYBMM_SZSJ_070_1.py:63 - 执行结果为True,,
2020-07-22 15:44:45,699 - YW_CYBMM_SZSJ_071.py:36 - 交易日即成剩撤卖-先卖含零头股的部分再卖整数股
2020-07-22 15:44:46,954 - YW_CYBMM_SZSJ_071.py:63 - 执行结果为True,,
2020-07-22 15:44:46,955 - YW_CYBMM_SZSJ_071_1.py:36 - 交易日即成剩撤卖-先卖含零头股的部分再卖整数股
2020-07-22 15:44:48,186 - YW_CYBMM_SZSJ_071_1.py:63 - 执行结果为True,,
2020-07-22 15:44:48,187 - YW_CYBMM_SZSJ_072.py:36 - 交易日即成剩撤卖-先卖整数股再卖含零头股的部分
2020-07-22 15:44:49,423 - YW_CYBMM_SZSJ_072.py:63 - 执行结果为True,,
2020-07-22 15:44:49,423 - YW_CYBMM_SZSJ_072_1.py:36 - 交易日即成剩撤卖-先卖整数股再卖含零头股的部分
2020-07-22 15:44:50,666 - YW_CYBMM_SZSJ_072_1.py:63 - 执行结果为True,,
2020-07-22 15:44:50,666 - YW_CYBMM_SZSJ_073.py:36 - 交易日即成剩撤-T+0卖→T+0买
2020-07-22 15:44:51,907 - YW_CYBMM_SZSJ_073.py:63 - 执行结果为True,,
2020-07-22 15:44:51,907 - YW_CYBMM_SZSJ_073_1.py:36 - 交易日即成剩撤-T+0卖→T+0买
2020-07-22 15:44:53,066 - YW_CYBMM_SZSJ_073_1.py:63 - 执行结果为True,,
2020-07-22 15:44:53,066 - YW_CYBMM_SZSJ_074.py:36 - 交易日即成剩撤-T+0买→T+0卖（未持有证券代码）
2020-07-22 15:44:54,192 - YW_CYBMM_SZSJ_074.py:63 - 执行结果为True,,
2020-07-22 15:44:54,208 - YW_CYBMM_SZSJ_074_1.py:36 - 交易日即成剩撤-T+0买→T+0卖（未持有证券代码）
2020-07-22 15:44:55,332 - YW_CYBMM_SZSJ_074_1.py:63 - 执行结果为True,,
2020-07-22 15:44:55,333 - YW_CYBMM_SZSJ_075.py:36 - 交易日即成剩撤-T+0买→T+0卖失败（已持有证券代码）
2020-07-22 15:44:56,496 - YW_CYBMM_SZSJ_075.py:63 - 执行结果为True,,
2020-07-22 15:44:56,512 - YW_CYBMM_SZSJ_075_1.py:36 - 交易日即成剩撤-T+0买→T+0卖失败（已持有证券代码）
2020-07-22 15:44:57,789 - YW_CYBMM_SZSJ_075_1.py:63 - 执行结果为True,,
2020-07-22 15:44:57,790 - YW_CYBMM_SZSJ_076.py:36 - 交易日即成剩撤-T+0买→T+0卖（已持有证券代码）
2020-07-22 15:44:58,936 - YW_CYBMM_SZSJ_076.py:63 - 执行结果为True,,
2020-07-22 15:44:58,937 - YW_CYBMM_SZSJ_076_1.py:36 - 交易日即成剩撤-T+0买→T+0卖（已持有证券代码）
2020-07-22 15:45:00,177 - YW_CYBMM_SZSJ_076_1.py:63 - 执行结果为True,,
2020-07-22 15:45:00,178 - YW_CYBMM_SZSJ_080.py:36 - 五档即成转撤销买--已成（费用>min）
2020-07-22 15:45:01,323 - YW_CYBMM_SZSJ_080.py:63 - 执行结果为True,,
2020-07-22 15:45:01,324 - YW_CYBMM_SZSJ_081.py:36 - 五档即成转撤销买--已成（费用=min）
2020-07-22 15:45:02,459 - YW_CYBMM_SZSJ_081.py:63 - 执行结果为True,,
2020-07-22 15:45:02,460 - YW_CYBMM_SZSJ_082.py:36 - 五档即成转撤销买--已成（费用<min）
2020-07-22 15:45:03,603 - YW_CYBMM_SZSJ_082.py:63 - 执行结果为True,,
2020-07-22 15:45:03,603 - YW_CYBMM_SZSJ_083.py:36 - 五档即成转撤销买-买前有持仓
2020-07-22 15:45:04,728 - YW_CYBMM_SZSJ_083.py:63 - 执行结果为True,,
2020-07-22 15:45:04,744 - YW_CYBMM_SZSJ_376.py:36 - 深圳Ａ股股票交易日对方最优转限价卖——错误的数量(数量<0)
2020-07-22 15:45:05,050 - YW_CYBMM_SZSJ_376.py:63 - 执行结果为True,,
2020-07-22 15:45:05,067 - YW_CYBMM_SZSJ_019.py:35 - 深圳Ａ股股票交易日即成剩撤买——不存在的证券代码
2020-07-22 15:45:06,161 - YW_CYBMM_SZSJ_019.py:50 - 执行结果为True,,
2020-07-22 15:45:06,178 - YW_CYBMM_SZSJ_054.py:35 - 深圳Ａ股股票交易日即成剩撤卖——不存在的证券代码
2020-07-22 15:45:07,272 - YW_CYBMM_SZSJ_054.py:50 - 执行结果为True,,
2020-07-22 15:45:07,295 - YW_CYBMM_SZSJ_095.py:35 - 深圳Ａ股股票交易日五档即成转撤销买——不存在的证券代码
2020-07-22 15:45:08,386 - YW_CYBMM_SZSJ_095.py:50 - 执行结果为True,,
2020-07-22 15:45:08,387 - YW_CYBMM_SZSJ_098.py:36 - 深圳Ａ股股票交易日五档即成转撤销买——错误的价格(价格10亿)
2020-07-22 15:45:09,688 - YW_CYBMM_SZSJ_098.py:63 - 执行结果为True,,
2020-07-22 15:45:09,704 - YW_CYBMM_SZSJ_130.py:35 - 深圳Ａ股股票交易日五档即成转撤销卖——不存在的证券代码
2020-07-22 15:45:10,803 - YW_CYBMM_SZSJ_130.py:50 - 执行结果为True,,
2020-07-22 15:45:10,820 - YW_CYBMM_SZSJ_169.py:35 - 深圳Ａ股股票交易日全部成交或撤销买——不存在的证券代码
2020-07-22 15:45:11,914 - YW_CYBMM_SZSJ_169.py:50 - 执行结果为True,,
2020-07-22 15:45:11,930 - YW_CYBMM_SZSJ_202.py:35 - 深圳Ａ股股票交易日全部成交或撤销卖——不存在的证券代码
2020-07-22 15:45:13,027 - YW_CYBMM_SZSJ_202.py:50 - 执行结果为True,,
2020-07-22 15:45:13,044 - YW_CYBMM_SZSJ_248.py:35 - 深圳Ａ股股票交易日本方最优买——不存在的证券代码
2020-07-22 15:45:14,162 - YW_CYBMM_SZSJ_248.py:50 - 执行结果为True,,
2020-07-22 15:45:14,179 - YW_CYBMM_SZSJ_288.py:35 - 深圳Ａ股股票交易日本方最优卖——不存在的证券代码
2020-07-22 15:45:15,301 - YW_CYBMM_SZSJ_288.py:50 - 执行结果为True,,
2020-07-22 15:45:15,302 - YW_CYBMM_SZSJ_104.py:36 - 深圳Ａ股股票交易日五档即成转撤销买——金额溢出（总金额>20亿）
2020-07-22 15:45:15,589 - BdtsDataCheck.py:287 - 期望状态和报单状态、提交状态不匹配，期望状态、报单状态、提交状态分别为全成,XTP_ORDER_STATUS_REJECTED,XTP_ORDER_SUBMIT_STATUS_INSERT_REJECTED
2020-07-22 15:45:16,428 - YW_CYBMM_SZSJ_104.py:63 - 执行结果为False,报单查询,期望状态与报单状态不匹配
2020-07-22 15:45:16,429 - YW_CYBMM_SZSJ_112.py:36 - 五档即成转撤销卖--已成（费用>min）
2020-07-22 15:45:17,685 - YW_CYBMM_SZSJ_112.py:63 - 执行结果为True,,
2020-07-22 15:45:17,686 - YW_CYBMM_SZSJ_113.py:36 - 五档即成转撤销卖--已成（费用=min）
2020-07-22 15:45:18,939 - YW_CYBMM_SZSJ_113.py:63 - 执行结果为True,,
2020-07-22 15:45:18,940 - YW_CYBMM_SZSJ_114.py:36 - 五档即成转撤销卖--已成（费用<min）
2020-07-22 15:45:20,229 - YW_CYBMM_SZSJ_114.py:63 - 执行结果为True,,
2020-07-22 15:45:20,230 - YW_CYBMM_SZSJ_128.py:36 - 深A五档即成转撤销卖（卖出数量=可用股份数）
2020-07-22 15:45:21,541 - YW_CYBMM_SZSJ_128.py:63 - 执行结果为True,,
2020-07-22 15:45:21,560 - YW_CYBMM_SZSJ_333.py:35 - 深圳Ａ股股票交易日对方最优转限价买——不存在的证券代码
2020-07-22 15:45:22,658 - YW_CYBMM_SZSJ_333.py:50 - 执行结果为True,,
2020-07-22 15:45:22,686 - YW_CYBMM_SZSJ_372.py:35 - 深圳Ａ股股票交易日对方最优转限价卖——不存在的证券代码
2020-07-22 15:45:23,779 - YW_CYBMM_SZSJ_372.py:50 - 执行结果为True,,
2020-07-22 15:45:23,796 - YW_CYBMM_SZSJ_024.py:36 - 深圳Ａ股股票交易日即成剩撤买——错误的数量(数量=0)
2020-07-22 15:45:25,098 - YW_CYBMM_SZSJ_024.py:63 - 执行结果为True,,
2020-07-22 15:45:25,115 - YW_CYBMM_SZSJ_025.py:36 - 深圳Ａ股股票交易日即成剩撤买——错误的数量(数量>100万)
2020-07-22 15:45:26,408 - YW_CYBMM_SZSJ_025.py:63 - 执行结果为True,,
2020-07-22 15:45:26,425 - YW_CYBMM_SZSJ_027.py:36 - 深圳Ａ股股票交易日即成剩撤买——数量溢出（100亿）
2020-07-22 15:45:27,725 - YW_CYBMM_SZSJ_027.py:63 - 执行结果为True,,
2020-07-22 15:45:27,742 - YW_CYBMM_SZSJ_059.py:36 - 深圳Ａ股股票交易日即成剩撤卖——错误的数量(数量=0)
2020-07-22 15:45:29,050 - YW_CYBMM_SZSJ_059.py:63 - 执行结果为True,,
2020-07-22 15:45:29,067 - YW_CYBMM_SZSJ_060.py:36 - 深圳Ａ股股票交易日即成剩撤卖——错误的数量(数量>100万)
2020-07-22 15:45:30,381 - YW_CYBMM_SZSJ_060.py:63 - 执行结果为True,,
2020-07-22 15:45:30,397 - YW_CYBMM_SZSJ_062.py:36 - 深圳Ａ股股票交易日即成剩撤卖——数量溢出（100亿）
2020-07-22 15:45:31,654 - YW_CYBMM_SZSJ_062.py:63 - 执行结果为True,,
2020-07-22 15:45:31,671 - YW_CYBMM_SZSJ_100.py:36 - 深圳Ａ股股票交易日五档即成转撤销买——错误的数量(数量=0)
2020-07-22 15:45:32,925 - YW_CYBMM_SZSJ_100.py:63 - 执行结果为True,,
2020-07-22 15:45:32,926 - YW_CYBMM_SZSJ_139.py:36 - 深圳Ａ股股票交易日五档即成转撤销卖——金额溢出（总金额>10亿）
2020-07-22 15:45:33,326 - BdtsDataCheck.py:287 - 期望状态和报单状态、提交状态不匹配，期望状态、报单状态、提交状态分别为全成,XTP_ORDER_STATUS_REJECTED,XTP_ORDER_SUBMIT_STATUS_INSERT_REJECTED
2020-07-22 15:45:34,180 - YW_CYBMM_SZSJ_139.py:63 - 执行结果为False,报单查询,期望状态与报单状态不匹配
2020-07-22 15:45:34,198 - YW_CYBMM_SZSJ_101.py:36 - 深圳Ａ股股票交易日五档即成转撤销买——错误的数量(数量>100万)
2020-07-22 15:45:35,584 - YW_CYBMM_SZSJ_101.py:63 - 执行结果为True,,
2020-07-22 15:45:35,584 - YW_CYBMM_SZSJ_144.py:36 - 交易日五档即成转撤销卖-最后一次卖为非100的倍数
2020-07-22 15:45:36,836 - YW_CYBMM_SZSJ_144.py:63 - 执行结果为True,,
2020-07-22 15:45:36,836 - YW_CYBMM_SZSJ_145.py:36 - 交易日五档即成转撤销卖-先卖零头股再卖整数股
2020-07-22 15:45:38,112 - YW_CYBMM_SZSJ_145.py:63 - 执行结果为True,,
2020-07-22 15:45:38,113 - YW_CYBMM_SZSJ_145_1.py:36 - 交易日五档即成转撤销卖-先卖零头股再卖整数股
2020-07-22 15:45:39,354 - YW_CYBMM_SZSJ_145_1.py:63 - 执行结果为True,,
2020-07-22 15:45:39,355 - YW_CYBMM_SZSJ_146.py:36 - 交易日五档即成转撤销卖-先卖整数股再卖零头股
2020-07-22 15:45:40,651 - YW_CYBMM_SZSJ_146.py:63 - 执行结果为True,,
2020-07-22 15:45:40,651 - YW_CYBMM_SZSJ_146_1.py:36 - 交易日五档即成转撤销卖-先卖整数股再卖零头股
2020-07-22 15:45:41,885 - YW_CYBMM_SZSJ_146_1.py:63 - 执行结果为True,,
2020-07-22 15:45:41,885 - YW_CYBMM_SZSJ_147.py:36 - 交易日五档即成转撤销卖-先卖含零头股的部分再卖整数股
2020-07-22 15:45:43,116 - YW_CYBMM_SZSJ_147.py:63 - 执行结果为True,,
2020-07-22 15:45:43,116 - YW_CYBMM_SZSJ_147_1.py:36 - 交易日五档即成转撤销卖-先卖含零头股的部分再卖整数股
2020-07-22 15:45:44,394 - YW_CYBMM_SZSJ_147_1.py:63 - 执行结果为True,,
2020-07-22 15:45:44,394 - YW_CYBMM_SZSJ_148.py:36 - 交易日五档即成转撤销卖-先卖整数股再卖含零头股的部分
2020-07-22 15:45:45,637 - YW_CYBMM_SZSJ_148.py:63 - 执行结果为True,,
2020-07-22 15:45:45,638 - YW_CYBMM_SZSJ_148_1.py:36 - 交易日五档即成转撤销卖-先卖整数股再卖含零头股的部分
2020-07-22 15:45:46,899 - YW_CYBMM_SZSJ_148_1.py:63 - 执行结果为True,,
2020-07-22 15:45:46,900 - YW_CYBMM_SZSJ_149.py:36 - 交易日五档即成转撤销-T+0卖→T+0买
2020-07-22 15:45:48,135 - YW_CYBMM_SZSJ_149.py:63 - 执行结果为True,,
2020-07-22 15:45:48,136 - YW_CYBMM_SZSJ_149_1.py:36 - 交易日五档即成转撤销-T+0卖→T+0买
2020-07-22 15:45:49,259 - YW_CYBMM_SZSJ_149_1.py:63 - 执行结果为True,,
2020-07-22 15:45:49,259 - YW_CYBMM_SZSJ_150.py:36 - 交易日五档即成转撤销-T+0买→T+0卖（未持有证券代码）
2020-07-22 15:45:50,411 - YW_CYBMM_SZSJ_150.py:63 - 执行结果为True,,
2020-07-22 15:45:50,428 - YW_CYBMM_SZSJ_150_1.py:36 - 交易日五档即成转撤销-T+0买→T+0卖（未持有证券代码）
2020-07-22 15:45:51,556 - YW_CYBMM_SZSJ_150_1.py:63 - 执行结果为True,,
2020-07-22 15:45:51,557 - YW_CYBMM_SZSJ_151.py:36 - 交易日五档即成转撤销-T+0买→T+0卖失败（已持有证券代码）
2020-07-22 15:45:52,729 - YW_CYBMM_SZSJ_151.py:63 - 执行结果为True,,
2020-07-22 15:45:52,746 - YW_CYBMM_SZSJ_151_1.py:36 - 交易日五档即成转撤销-T+0买→T+0卖失败（已持有证券代码）
2020-07-22 15:45:53,978 - YW_CYBMM_SZSJ_151_1.py:63 - 执行结果为True,,
2020-07-22 15:45:53,978 - YW_CYBMM_SZSJ_152.py:36 - 交易日五档即成转撤销-T+0买→T+0卖（已持有证券代码）
2020-07-22 15:45:55,128 - YW_CYBMM_SZSJ_152.py:63 - 执行结果为True,,
2020-07-22 15:45:55,129 - YW_CYBMM_SZSJ_152_1.py:36 - 交易日五档即成转撤销-T+0买→T+0卖（已持有证券代码）
2020-07-22 15:45:56,364 - YW_CYBMM_SZSJ_152_1.py:63 - 执行结果为True,,
2020-07-22 15:45:56,365 - YW_CYBMM_SZSJ_156.py:36 - 全部成交或撤销买--已成（费用>min）
2020-07-22 15:45:57,519 - YW_CYBMM_SZSJ_156.py:63 - 执行结果为True,,
2020-07-22 15:45:57,519 - YW_CYBMM_SZSJ_157.py:36 - 全部成交或撤销买--已成（费用=min）
2020-07-22 15:45:58,649 - YW_CYBMM_SZSJ_157.py:63 - 执行结果为True,,
2020-07-22 15:45:58,650 - YW_CYBMM_SZSJ_158.py:36 - 全部成交或撤销买--已成（费用<min）
2020-07-22 15:45:59,778 - YW_CYBMM_SZSJ_158.py:63 - 执行结果为True,,
2020-07-22 15:45:59,779 - YW_CYBMM_SZSJ_159.py:36 - 全部成交或撤销买-买前有持仓
2020-07-22 15:46:00,903 - YW_CYBMM_SZSJ_159.py:63 - 执行结果为True,,
2020-07-22 15:46:00,919 - YW_CYBMM_SZSJ_103.py:36 - 深圳Ａ股股票交易日五档即成转撤销买——数量溢出（100亿）
2020-07-22 15:46:02,187 - YW_CYBMM_SZSJ_103.py:63 - 执行结果为True,,
2020-07-22 15:46:02,204 - YW_CYBMM_SZSJ_135.py:36 - 深圳Ａ股股票交易日五档即成转撤销卖——错误的数量(数量=0)
2020-07-22 15:46:03,494 - YW_CYBMM_SZSJ_135.py:63 - 执行结果为True,,
2020-07-22 15:46:03,519 - YW_CYBMM_SZSJ_136.py:36 - 深圳Ａ股股票交易日五档即成转撤销卖——错误的数量(数量>100万)
2020-07-22 15:46:04,857 - YW_CYBMM_SZSJ_136.py:63 - 执行结果为True,,
2020-07-22 15:46:04,874 - YW_CYBMM_SZSJ_138.py:36 - 深圳Ａ股股票交易日五档即成转撤销卖——数量溢出（100亿）
2020-07-22 15:46:06,137 - YW_CYBMM_SZSJ_138.py:63 - 执行结果为True,,
2020-07-22 15:46:06,137 - YW_CYBMM_SZSJ_172.py:36 - 深圳Ａ股股票交易日全部成交或撤销买——错误的价格(价格10亿)
2020-07-22 15:46:07,509 - YW_CYBMM_SZSJ_172.py:63 - 执行结果为True,,
2020-07-22 15:46:07,526 - YW_CYBMM_SZSJ_174.py:36 - 深圳Ａ股股票交易日全部成交或撤销买——错误的数量(数量=0)
2020-07-22 15:46:08,800 - YW_CYBMM_SZSJ_174.py:63 - 执行结果为True,,
2020-07-22 15:46:08,816 - YW_CYBMM_SZSJ_175.py:36 - 深圳Ａ股股票交易日全部成交或撤销买——错误的数量(数量>100万)
2020-07-22 15:46:10,084 - YW_CYBMM_SZSJ_175.py:63 - 执行结果为True,,
2020-07-22 15:46:10,101 - YW_CYBMM_SZSJ_177.py:36 - 深圳Ａ股股票交易日全部成交或撤销买——数量溢出（100亿）
2020-07-22 15:46:11,363 - YW_CYBMM_SZSJ_177.py:63 - 执行结果为True,,
2020-07-22 15:46:11,388 - YW_CYBMM_SZSJ_207.py:36 - 深圳Ａ股股票交易日全部成交或撤销卖——错误的数量(数量=0)
2020-07-22 15:46:12,702 - YW_CYBMM_SZSJ_207.py:63 - 执行结果为True,,
2020-07-22 15:46:12,720 - YW_CYBMM_SZSJ_208.py:36 - 深圳Ａ股股票交易日全部成交或撤销卖——错误的数量(数量>100万)
2020-07-22 15:46:14,016 - YW_CYBMM_SZSJ_208.py:63 - 执行结果为True,,
2020-07-22 15:46:14,017 - YW_CYBMM_SZSJ_178.py:36 - 深圳Ａ股股票交易日全部成交或撤销买——金额溢出（总金额>20亿）
2020-07-22 15:46:14,375 - BdtsDataCheck.py:287 - 期望状态和报单状态、提交状态不匹配，期望状态、报单状态、提交状态分别为全成,XTP_ORDER_STATUS_REJECTED,XTP_ORDER_SUBMIT_STATUS_INSERT_REJECTED
2020-07-22 15:46:15,189 - YW_CYBMM_SZSJ_178.py:63 - 执行结果为False,报单查询,期望状态与报单状态不匹配
2020-07-22 15:46:15,190 - YW_CYBMM_SZSJ_186.py:36 - 全部成交或撤销卖--已成（费用>min）
2020-07-22 15:46:16,424 - YW_CYBMM_SZSJ_186.py:63 - 执行结果为True,,
2020-07-22 15:46:16,424 - YW_CYBMM_SZSJ_187.py:36 - 全部成交或撤销卖--已成（费用=min）
2020-07-22 15:46:17,677 - YW_CYBMM_SZSJ_187.py:63 - 执行结果为True,,
2020-07-22 15:46:17,678 - YW_CYBMM_SZSJ_188.py:36 - 全部成交或撤销卖--已成（费用<min）
2020-07-22 15:46:18,936 - YW_CYBMM_SZSJ_188.py:63 - 执行结果为True,,
2020-07-22 15:46:18,937 - YW_CYBMM_SZSJ_200.py:36 - 深A全部成交或撤销卖（卖出数量=可用股份数）
2020-07-22 15:46:20,209 - YW_CYBMM_SZSJ_200.py:63 - 执行结果为True,,
2020-07-22 15:46:20,225 - YW_CYBMM_SZSJ_210.py:36 - 深圳Ａ股股票交易日全部成交或撤销卖——数量溢出（100亿）
2020-07-22 15:46:21,538 - YW_CYBMM_SZSJ_210.py:63 - 执行结果为True,,
2020-07-22 15:46:21,554 - YW_CYBMM_SZSJ_253.py:36 - 深圳Ａ股股票交易日本方最优买——错误的数量(数量=0)
2020-07-22 15:46:22,848 - YW_CYBMM_SZSJ_253.py:63 - 执行结果为True,,
2020-07-22 15:46:22,865 - YW_CYBMM_SZSJ_254.py:36 - 深圳Ａ股股票交易日本方最优买——错误的数量(数量>100万)
2020-07-22 15:46:24,125 - YW_CYBMM_SZSJ_254.py:63 - 执行结果为True,,
2020-07-22 15:46:24,152 - YW_CYBMM_SZSJ_256.py:36 - 深圳Ａ股股票交易日本方最优买——数量溢出（100亿）
2020-07-22 15:46:25,562 - YW_CYBMM_SZSJ_256.py:63 - 执行结果为True,,
2020-07-22 15:46:25,588 - YW_CYBMM_SZSJ_293.py:36 - 深圳Ａ股股票交易日本方最优卖——错误的数量(数量=0)
2020-07-22 15:46:26,890 - YW_CYBMM_SZSJ_293.py:63 - 执行结果为True,,
2020-07-22 15:46:26,906 - YW_CYBMM_SZSJ_294.py:36 - 深圳Ａ股股票交易日本方最优卖——错误的数量(数量>100万)
2020-07-22 15:46:28,218 - YW_CYBMM_SZSJ_294.py:63 - 执行结果为True,,
2020-07-22 15:46:28,235 - YW_CYBMM_SZSJ_296.py:36 - 深圳Ａ股股票交易日本方最优卖——数量溢出（100亿）
2020-07-22 15:46:29,545 - YW_CYBMM_SZSJ_296.py:63 - 执行结果为True,,
2020-07-22 15:46:29,562 - YW_CYBMM_SZSJ_338.py:36 - 深圳Ａ股股票交易日对方最优转限价买——错误的数量(数量=0)
2020-07-22 15:46:30,828 - YW_CYBMM_SZSJ_338.py:63 - 执行结果为True,,
2020-07-22 15:46:30,844 - YW_CYBMM_SZSJ_339.py:36 - 深圳Ａ股股票交易日对方最优转限价买——错误的数量(数量>100万)
2020-07-22 15:46:32,109 - YW_CYBMM_SZSJ_339.py:63 - 执行结果为True,,
2020-07-22 15:46:32,110 - YW_CYBMM_SZSJ_211.py:36 - 深圳Ａ股股票交易日全部成交或撤销卖——金额溢出（总金额>10亿）
2020-07-22 15:46:32,558 - BdtsDataCheck.py:287 - 期望状态和报单状态、提交状态不匹配，期望状态、报单状态、提交状态分别为全成,XTP_ORDER_STATUS_REJECTED,XTP_ORDER_SUBMIT_STATUS_INSERT_REJECTED
2020-07-22 15:46:33,404 - YW_CYBMM_SZSJ_211.py:63 - 执行结果为False,报单查询,期望状态与报单状态不匹配
2020-07-22 15:46:33,420 - YW_CYBMM_SZSJ_341.py:36 - 深圳Ａ股股票交易日对方最优转限价买——数量溢出（100亿）
2020-07-22 15:46:34,692 - YW_CYBMM_SZSJ_341.py:63 - 执行结果为True,,
2020-07-22 15:46:34,692 - YW_CYBMM_SZSJ_216.py:36 - 交易日全部成交或撤销卖-最后一次卖为非100的倍数
2020-07-22 15:46:35,921 - YW_CYBMM_SZSJ_216.py:63 - 执行结果为True,,
2020-07-22 15:46:35,922 - YW_CYBMM_SZSJ_217.py:36 - 交易日全部成交或撤销卖-先卖零头股再卖整数股
2020-07-22 15:46:37,218 - YW_CYBMM_SZSJ_217.py:63 - 执行结果为True,,
2020-07-22 15:46:37,218 - YW_CYBMM_SZSJ_217_1.py:36 - 交易日全部成交或撤销卖-先卖零头股再卖整数股
2020-07-22 15:46:38,486 - YW_CYBMM_SZSJ_217_1.py:63 - 执行结果为True,,
2020-07-22 15:46:38,487 - YW_CYBMM_SZSJ_218.py:36 - 交易日全部成交或撤销卖-先卖整数股再卖零头股
2020-07-22 15:46:39,740 - YW_CYBMM_SZSJ_218.py:63 - 执行结果为True,,
2020-07-22 15:46:39,740 - YW_CYBMM_SZSJ_218_1.py:36 - 交易日全部成交或撤销卖-先卖整数股再卖零头股
2020-07-22 15:46:41,017 - YW_CYBMM_SZSJ_218_1.py:63 - 执行结果为True,,
2020-07-22 15:46:41,017 - YW_CYBMM_SZSJ_219.py:36 - 交易日全部成交或撤销卖-先卖含零头股的部分再卖整数股
2020-07-22 15:46:42,273 - YW_CYBMM_SZSJ_219.py:63 - 执行结果为True,,
2020-07-22 15:46:42,274 - YW_CYBMM_SZSJ_219_1.py:36 - 交易日全部成交或撤销卖-先卖含零头股的部分再卖整数股
2020-07-22 15:46:43,510 - YW_CYBMM_SZSJ_219_1.py:63 - 执行结果为True,,
2020-07-22 15:46:43,510 - YW_CYBMM_SZSJ_220.py:36 - 交易日全部成交或撤销卖-先卖整数股再卖含零头股的部分
2020-07-22 15:46:44,768 - YW_CYBMM_SZSJ_220.py:63 - 执行结果为True,,
2020-07-22 15:46:44,769 - YW_CYBMM_SZSJ_220_1.py:36 - 交易日全部成交或撤销卖-先卖整数股再卖含零头股的部分
2020-07-22 15:46:46,004 - YW_CYBMM_SZSJ_220_1.py:63 - 执行结果为True,,
2020-07-22 15:46:46,005 - YW_CYBMM_SZSJ_221.py:36 - 交易日全部成交或撤销-T+0卖→T+0买
2020-07-22 15:46:47,297 - YW_CYBMM_SZSJ_221.py:63 - 执行结果为True,,
2020-07-22 15:46:47,298 - YW_CYBMM_SZSJ_221_1.py:36 - 交易日全部成交或撤销-T+0卖→T+0买
2020-07-22 15:46:48,425 - YW_CYBMM_SZSJ_221_1.py:63 - 执行结果为True,,
2020-07-22 15:46:48,426 - YW_CYBMM_SZSJ_222.py:36 - 交易日全部成交或撤销-T+0买→T+0卖（未持有证券代码）
2020-07-22 15:46:49,604 - YW_CYBMM_SZSJ_222.py:63 - 执行结果为True,,
2020-07-22 15:46:49,620 - YW_CYBMM_SZSJ_222_1.py:36 - 交易日全部成交或撤销-T+0买→T+0卖（未持有证券代码）
2020-07-22 15:46:50,742 - YW_CYBMM_SZSJ_222_1.py:63 - 执行结果为True,,
2020-07-22 15:46:50,743 - YW_CYBMM_SZSJ_223.py:36 - 交易日全部成交或撤销-T+0买→T+0卖失败（已持有证券代码）
2020-07-22 15:46:51,878 - YW_CYBMM_SZSJ_223.py:63 - 执行结果为True,,
2020-07-22 15:46:51,895 - YW_CYBMM_SZSJ_223_1.py:36 - 交易日全部成交或撤销-T+0买→T+0卖失败（已持有证券代码）
2020-07-22 15:46:53,125 - YW_CYBMM_SZSJ_223_1.py:63 - 执行结果为True,,
2020-07-22 15:46:53,125 - YW_CYBMM_SZSJ_224.py:36 - 交易日全部成交或撤销-T+0买→T+0卖（已持有证券代码）
2020-07-22 15:46:54,269 - YW_CYBMM_SZSJ_224.py:63 - 执行结果为True,,
2020-07-22 15:46:54,269 - YW_CYBMM_SZSJ_224_1.py:36 - 交易日全部成交或撤销-T+0买→T+0卖（已持有证券代码）
2020-07-22 15:46:55,521 - YW_CYBMM_SZSJ_224_1.py:63 - 执行结果为True,,
2020-07-22 15:46:55,522 - YW_CYBMM_SZSJ_228.py:36 - 本方最优买--已成（费用>min）
2020-07-22 15:46:56,656 - YW_CYBMM_SZSJ_228.py:63 - 执行结果为True,,
2020-07-22 15:46:56,657 - YW_CYBMM_SZSJ_229.py:36 - 本方最优买--已成（费用=min）
2020-07-22 15:46:57,809 - YW_CYBMM_SZSJ_229.py:63 - 执行结果为True,,
2020-07-22 15:46:57,809 - YW_CYBMM_SZSJ_230.py:36 - 本方最优买--已成（费用<min）
2020-07-22 15:46:58,957 - YW_CYBMM_SZSJ_230.py:63 - 执行结果为True,,
2020-07-22 15:46:58,958 - YW_CYBMM_SZSJ_233.py:36 - 本方最优买-买前有持仓
2020-07-22 15:47:00,120 - YW_CYBMM_SZSJ_233.py:63 - 执行结果为True,,
2020-07-22 15:47:00,137 - YW_CYBMM_SZSJ_377.py:36 - 深圳Ａ股股票交易日对方最优转限价卖——错误的数量(数量=0)
2020-07-22 15:47:01,433 - YW_CYBMM_SZSJ_377.py:63 - 执行结果为True,,
2020-07-22 15:47:01,450 - YW_CYBMM_SZSJ_378.py:36 - 深圳Ａ股股票交易日对方最优转限价卖——错误的数量(数量>100万)
2020-07-22 15:47:02,717 - YW_CYBMM_SZSJ_378.py:63 - 执行结果为True,,
2020-07-22 15:47:02,734 - YW_CYBMM_SZSJ_380.py:36 - 深圳Ａ股股票交易日对方最优转限价卖——数量溢出（100亿）
2020-07-22 15:47:04,017 - YW_CYBMM_SZSJ_380.py:63 - 执行结果为True,,
2020-07-22 15:47:04,034 - YW_CYBMM_SZSJ_020.py:36 - 深圳Ａ股股票交易日即成剩撤买——错误的市场
2020-07-22 15:47:05,447 - YW_CYBMM_SZSJ_020.py:63 - 执行结果为True,,
2020-07-22 15:47:05,447 - YW_CYBMM_SZSJ_251.py:36 - 深圳Ａ股股票交易日本方最优买——错误的价格(价格10亿)
2020-07-22 15:47:06,722 - YW_CYBMM_SZSJ_251.py:63 - 执行结果为True,,
2020-07-22 15:47:06,738 - YW_CYBMM_SZSJ_055.py:36 - 深圳Ａ股股票交易日即成剩撤卖——错误的市场
2020-07-22 15:47:07,995 - YW_CYBMM_SZSJ_055.py:63 - 执行结果为True,,
2020-07-22 15:47:08,012 - YW_CYBMM_SZSJ_096.py:36 - 深圳Ａ股股票交易日五档即成转撤销买——错误的市场
2020-07-22 15:47:09,267 - YW_CYBMM_SZSJ_096.py:63 - 执行结果为True,,
2020-07-22 15:47:09,283 - YW_CYBMM_SZSJ_131.py:36 - 深圳Ａ股股票交易日五档即成转撤销卖——错误的市场
2020-07-22 15:47:10,540 - YW_CYBMM_SZSJ_131.py:63 - 执行结果为True,,
2020-07-22 15:47:10,557 - YW_CYBMM_SZSJ_170.py:36 - 深圳Ａ股股票交易日全部成交或撤销买——错误的市场
2020-07-22 15:47:11,829 - YW_CYBMM_SZSJ_170.py:63 - 执行结果为True,,
2020-07-22 15:47:11,847 - YW_CYBMM_SZSJ_203.py:36 - 深圳Ａ股股票交易日全部成交或撤销卖——错误的市场
2020-07-22 15:47:13,112 - YW_CYBMM_SZSJ_203.py:63 - 执行结果为True,,
2020-07-22 15:47:13,113 - YW_CYBMM_SZSJ_257.py:36 - 深圳Ａ股股票交易日本方最优买——金额溢出（总金额>20亿）
2020-07-22 15:47:13,405 - BdtsDataCheck.py:287 - 期望状态和报单状态、提交状态不匹配，期望状态、报单状态、提交状态分别为全成,XTP_ORDER_STATUS_REJECTED,XTP_ORDER_SUBMIT_STATUS_INSERT_REJECTED
2020-07-22 15:47:14,242 - YW_CYBMM_SZSJ_257.py:63 - 执行结果为False,报单查询,期望状态与报单状态不匹配
2020-07-22 15:47:14,243 - YW_CYBMM_SZSJ_265.py:36 - 本方最优卖--已成（费用>min）
2020-07-22 15:47:15,478 - YW_CYBMM_SZSJ_265.py:63 - 执行结果为True,,
2020-07-22 15:47:15,479 - YW_CYBMM_SZSJ_266.py:36 - 本方最优卖--已成（费用=min）
2020-07-22 15:47:16,713 - YW_CYBMM_SZSJ_266.py:63 - 执行结果为True,,
2020-07-22 15:47:16,714 - YW_CYBMM_SZSJ_267.py:36 - 本方最优卖--已成（费用<min）
2020-07-22 15:47:17,991 - YW_CYBMM_SZSJ_267.py:63 - 执行结果为True,,
2020-07-22 15:47:17,992 - YW_CYBMM_SZSJ_286.py:36 - 深A本方最优卖（卖出数量=可用股份数）
2020-07-22 15:47:21,266 - YW_CYBMM_SZSJ_286.py:63 - 执行结果为True,,
2020-07-22 15:47:21,291 - YW_CYBMM_SZSJ_249.py:36 - 深圳Ａ股股票交易日本方最优买——错误的市场
2020-07-22 15:47:22,599 - YW_CYBMM_SZSJ_249.py:63 - 执行结果为True,,
2020-07-22 15:47:22,615 - YW_CYBMM_SZSJ_289.py:36 - 深圳Ａ股股票交易日本方最优卖——错误的市场
2020-07-22 15:47:23,877 - YW_CYBMM_SZSJ_289.py:63 - 执行结果为True,,
2020-07-22 15:47:23,894 - YW_CYBMM_SZSJ_334.py:36 - 深圳Ａ股股票交易日对方最优转限价买——错误的市场
2020-07-22 15:47:25,156 - YW_CYBMM_SZSJ_334.py:63 - 执行结果为True,,
2020-07-22 15:47:25,172 - YW_CYBMM_SZSJ_373.py:36 - 深圳Ａ股股票交易日对方最优转限价卖——错误的市场
2020-07-22 15:47:26,443 - YW_CYBMM_SZSJ_373.py:63 - 执行结果为True,,
2020-07-22 15:47:26,459 - YW_CYBMM_SZSJ_395.py:36 - 深圳Ａ股股票交易日即成剩撤卖-错误的买卖方向（新增）
2020-07-22 15:47:27,748 - YW_CYBMM_SZSJ_395.py:63 - 执行结果为True,,
2020-07-22 15:47:27,771 - YW_CYBMM_SZSJ_396.py:36 - 深圳Ａ股股票交易日五档即成转撤销卖-错误的买卖方向（新增）
2020-07-22 15:47:29,049 - YW_CYBMM_SZSJ_396.py:63 - 执行结果为True,,
2020-07-22 15:47:29,066 - YW_CYBMM_SZSJ_397.py:36 - 深圳Ａ股股票全部成交或撤销卖-错误的买卖方向（新增）
2020-07-22 15:47:30,331 - YW_CYBMM_SZSJ_397.py:63 - 执行结果为True,,
2020-07-22 15:47:30,352 - YW_CYBMM_SZSJ_398.py:36 - 深圳Ａ股股票交易日本方最优卖-错误的买卖方向（新增）
2020-07-22 15:47:31,630 - YW_CYBMM_SZSJ_398.py:63 - 执行结果为True,,
2020-07-22 15:47:31,646 - YW_CYBMM_SZSJ_399.py:36 - 深圳Ａ股股票交易日对方最优转限价卖-错误的买卖方向（新增）
2020-07-22 15:47:32,917 - YW_CYBMM_SZSJ_399.py:63 - 执行结果为True,,
2020-07-22 15:47:32,917 - YW_CYBMM_SZSJ_297.py:36 - 深圳Ａ股股票交易日本方最优卖——金额溢出（总金额>10亿）
2020-07-22 15:47:33,345 - BdtsDataCheck.py:287 - 期望状态和报单状态、提交状态不匹配，期望状态、报单状态、提交状态分别为全成,XTP_ORDER_STATUS_REJECTED,XTP_ORDER_SUBMIT_STATUS_INSERT_REJECTED
2020-07-22 15:47:34,161 - YW_CYBMM_SZSJ_297.py:63 - 执行结果为False,报单查询,期望状态与报单状态不匹配
2020-07-22 15:47:34,177 - YW_CYBMM_SZSJ_013.py:36 - 即成剩撤买-全成再撤单(OMS)
2020-07-22 15:47:36,492 - YW_CYBMM_SZSJ_013.py:63 - 执行结果为True,,
2020-07-22 15:47:36,493 - YW_CYBMM_SZSJ_302.py:36 - 交易日本方最优卖-最后一次卖为非100的倍数
2020-07-22 15:47:37,754 - YW_CYBMM_SZSJ_302.py:63 - 执行结果为True,,
2020-07-22 15:47:37,755 - YW_CYBMM_SZSJ_303.py:36 - 交易日本方最优卖-先卖零头股再卖整数股
2020-07-22 15:47:39,015 - YW_CYBMM_SZSJ_303.py:63 - 执行结果为True,,
2020-07-22 15:47:39,016 - YW_CYBMM_SZSJ_303_1.py:36 - 交易日本方最优卖-先卖零头股再卖整数股
2020-07-22 15:47:40,275 - YW_CYBMM_SZSJ_303_1.py:63 - 执行结果为True,,
2020-07-22 15:47:40,276 - YW_CYBMM_SZSJ_304.py:36 - 交易日本方最优卖-先卖整数股再卖零头股
2020-07-22 15:47:41,628 - YW_CYBMM_SZSJ_304.py:63 - 执行结果为True,,
2020-07-22 15:47:41,629 - YW_CYBMM_SZSJ_304_1.py:36 - 交易日本方最优卖-先卖整数股再卖零头股
2020-07-22 15:47:42,878 - YW_CYBMM_SZSJ_304_1.py:63 - 执行结果为True,,
2020-07-22 15:47:42,878 - YW_CYBMM_SZSJ_305_1.py:36 - 交易日本方最优卖-先卖含零头股的部分再卖整数股
2020-07-22 15:47:44,130 - YW_CYBMM_SZSJ_305_1.py:63 - 执行结果为True,,
2020-07-22 15:47:44,131 - YW_CYBMM_SZSJ_305.py:36 - 交易日本方最优卖-先卖含零头股的部分再卖整数股
2020-07-22 15:47:45,402 - YW_CYBMM_SZSJ_305.py:63 - 执行结果为True,,
2020-07-22 15:47:45,402 - YW_CYBMM_SZSJ_306.py:36 - 交易日本方最优卖-先卖整数股再卖含零头股的部分
2020-07-22 15:47:46,644 - YW_CYBMM_SZSJ_306.py:63 - 执行结果为True,,
2020-07-22 15:47:46,644 - YW_CYBMM_SZSJ_306_1.py:36 - 交易日本方最优卖-先卖整数股再卖含零头股的部分
2020-07-22 15:47:47,891 - YW_CYBMM_SZSJ_306_1.py:63 - 执行结果为True,,
2020-07-22 15:47:47,891 - YW_CYBMM_SZSJ_307.py:36 - 交易日本方最优-T+0卖→T+0买
2020-07-22 15:47:49,156 - YW_CYBMM_SZSJ_307.py:63 - 执行结果为True,,
2020-07-22 15:47:49,157 - YW_CYBMM_SZSJ_307_1.py:36 - 交易日本方最优-T+0卖→T+0买
2020-07-22 15:47:50,282 - YW_CYBMM_SZSJ_307_1.py:63 - 执行结果为True,,
2020-07-22 15:47:50,283 - YW_CYBMM_SZSJ_308.py:36 - 交易日本方最优-T+0买→T+0卖（未持有证券代码）
2020-07-22 15:47:51,418 - YW_CYBMM_SZSJ_308.py:63 - 执行结果为True,,
2020-07-22 15:47:51,435 - YW_CYBMM_SZSJ_308_1.py:36 - 交易日本方最优-T+0买→T+0卖（未持有证券代码）
2020-07-22 15:47:52,563 - YW_CYBMM_SZSJ_308_1.py:63 - 执行结果为True,,
2020-07-22 15:47:52,563 - YW_CYBMM_SZSJ_309.py:36 - 交易日本方最优-T+0买→T+0卖失败（已持有证券代码）
2020-07-22 15:47:53,801 - YW_CYBMM_SZSJ_309.py:63 - 执行结果为True,,
2020-07-22 15:47:53,818 - YW_CYBMM_SZSJ_309_1.py:36 - 交易日本方最优-T+0买→T+0卖失败（已持有证券代码）
2020-07-22 15:47:55,060 - YW_CYBMM_SZSJ_309_1.py:63 - 执行结果为True,,
2020-07-22 15:47:55,060 - YW_CYBMM_SZSJ_310.py:36 - 交易日本方最优-T+0买→T+0卖（已持有证券代码）
2020-07-22 15:47:56,194 - YW_CYBMM_SZSJ_310.py:63 - 执行结果为True,,
2020-07-22 15:47:56,195 - YW_CYBMM_SZSJ_310_1.py:36 - 交易日本方最优-T+0买→T+0卖（已持有证券代码）
2020-07-22 15:47:57,427 - YW_CYBMM_SZSJ_310_1.py:63 - 执行结果为True,,
2020-07-22 15:47:57,427 - YW_CYBMM_SZSJ_314.py:36 - 对方最优转限价买--已成（费用>min）
2020-07-22 15:47:58,593 - YW_CYBMM_SZSJ_314.py:63 - 执行结果为True,,
2020-07-22 15:47:58,594 - YW_CYBMM_SZSJ_315.py:36 - 对方最优转限价买--已成（费用=min）
2020-07-22 15:47:59,747 - YW_CYBMM_SZSJ_315.py:63 - 执行结果为True,,
2020-07-22 15:47:59,748 - YW_CYBMM_SZSJ_316.py:36 - 对方最优转限价买--已成（费用<min）
2020-07-22 15:48:00,888 - YW_CYBMM_SZSJ_316.py:63 - 执行结果为True,,
2020-07-22 15:48:00,889 - YW_CYBMM_SZSJ_318.py:36 - 对方最优转限价买-买前有持仓
2020-07-22 15:48:02,025 - YW_CYBMM_SZSJ_318.py:63 - 执行结果为True,,
2020-07-22 15:48:02,042 - YW_CYBMM_SZSJ_089.py:36 - 五档即成转撤销买-全成再撤单(OMS)
2020-07-22 15:48:04,345 - YW_CYBMM_SZSJ_089.py:63 - 执行结果为True,,
2020-07-22 15:48:04,361 - YW_CYBMM_SZSJ_164.py:36 - 全部成交或撤销买-全成再撤单(OMS)
2020-07-22 15:48:06,667 - YW_CYBMM_SZSJ_164.py:63 - 执行结果为True,,
2020-07-22 15:48:06,684 - YW_CYBMM_SZSJ_240.py:36 - 本方最优买-全成再撤单(OMS)
2020-07-22 15:48:08,984 - YW_CYBMM_SZSJ_240.py:63 - 执行结果为True,,
2020-07-22 15:48:09,000 - YW_CYBMM_SZSJ_325.py:36 - 对方最优转限价买-全成再撤单(OMS)
2020-07-22 15:48:11,290 - YW_CYBMM_SZSJ_325.py:63 - 执行结果为True,,
2020-07-22 15:48:11,290 - YW_CYBMM_SZSJ_336.py:36 - 深圳Ａ股股票交易日对方最优转限价买——错误的价格(价格10亿)
2020-07-22 15:48:12,666 - YW_CYBMM_SZSJ_336.py:63 - 执行结果为True,,
2020-07-22 15:48:12,689 - YW_CYBMM_SZSJ_044.py:36 - 即成剩撤卖-全成再撤单(OMS)
2020-07-22 15:48:14,953 - YW_CYBMM_SZSJ_044.py:63 - 执行结果为True,,
2020-07-22 15:48:14,969 - YW_CYBMM_SZSJ_120.py:36 - 五档即成转撤销卖-全成再撤单(OMS)
2020-07-22 15:48:17,330 - YW_CYBMM_SZSJ_120.py:63 - 执行结果为True,,
2020-07-22 15:48:17,346 - YW_CYBMM_SZSJ_193.py:36 - 全部成交或撤销卖-全成再撤单(OMS)
2020-07-22 15:48:19,789 - YW_CYBMM_SZSJ_193.py:63 - 执行结果为True,,
2020-07-22 15:48:19,806 - YW_CYBMM_SZSJ_276.py:36 - 本方最优卖-全成再撤单(OMS)
2020-07-22 15:48:22,068 - YW_CYBMM_SZSJ_276.py:63 - 执行结果为True,,
2020-07-22 15:48:22,084 - YW_CYBMM_SZSJ_360.py:36 - 对方最优转限价卖-全成再撤单(OMS)
2020-07-22 15:48:24,439 - YW_CYBMM_SZSJ_360.py:63 - 执行结果为True,,
2020-07-22 15:48:24,440 - YW_CYBMM_SZSJ_342.py:36 - 深圳Ａ股股票交易日对方最优转限价买——金额溢出（总金额>20亿）
2020-07-22 15:48:24,749 - BdtsDataCheck.py:287 - 期望状态和报单状态、提交状态不匹配，期望状态、报单状态、提交状态分别为全成,XTP_ORDER_STATUS_REJECTED,XTP_ORDER_SUBMIT_STATUS_INSERT_REJECTED
2020-07-22 15:48:25,597 - YW_CYBMM_SZSJ_342.py:63 - 执行结果为False,报单查询,期望状态与报单状态不匹配
2020-07-22 15:48:25,599 - YW_CYBMM_SZSJ_350.py:36 - 对方最优转限价卖--已成（费用>min）
2020-07-22 15:48:26,932 - YW_CYBMM_SZSJ_350.py:63 - 执行结果为True,,
2020-07-22 15:48:26,932 - YW_CYBMM_SZSJ_351.py:36 - 对方最优转限价卖--已成（费用=min）
2020-07-22 15:48:28,173 - YW_CYBMM_SZSJ_351.py:63 - 执行结果为True,,
2020-07-22 15:48:28,174 - YW_CYBMM_SZSJ_352.py:36 - 对方最优转限价卖--已成（费用<min）
2020-07-22 15:48:29,419 - YW_CYBMM_SZSJ_352.py:63 - 执行结果为True,,
2020-07-22 15:48:29,420 - YW_CYBMM_SZSJ_370.py:36 - 深A对方最优转限价卖（卖出数量=可用股份数）
2020-07-22 15:48:30,674 - YW_CYBMM_SZSJ_370.py:63 - 执行结果为True,,
2020-07-22 15:48:30,690 - YW_CYBMM_SZSJ_045.py:36 - 即成剩撤卖-废单再撤单(OMS)
2020-07-22 15:48:31,950 - YW_CYBMM_SZSJ_045.py:63 - 执行结果为True,,
2020-07-22 15:48:31,967 - YW_CYBMM_SZSJ_090.py:36 - 五档即成转撤销买-废单再撤单(OMS)
2020-07-22 15:48:33,224 - YW_CYBMM_SZSJ_090.py:63 - 执行结果为True,,
2020-07-22 15:48:33,241 - YW_CYBMM_SZSJ_123.py:36 - 五档即成转撤销卖-废单再撤单(OMS)
2020-07-22 15:48:34,516 - YW_CYBMM_SZSJ_123.py:63 - 执行结果为True,,
2020-07-22 15:48:34,533 - YW_CYBMM_SZSJ_165.py:36 - 全部成交或撤销买-废单再撤单(OMS)
2020-07-22 15:48:35,824 - YW_CYBMM_SZSJ_165.py:63 - 执行结果为True,,
2020-07-22 15:48:35,841 - YW_CYBMM_SZSJ_194.py:36 - 全部成交或撤销卖-废单再撤单(OMS)
2020-07-22 15:48:37,107 - YW_CYBMM_SZSJ_194.py:63 - 执行结果为True,,
2020-07-22 15:48:37,125 - YW_CYBMM_SZSJ_241.py:36 - 本方最优买-废单再撤单(OMS)
2020-07-22 15:48:38,381 - YW_CYBMM_SZSJ_241.py:63 - 执行结果为True,,
2020-07-22 15:48:38,399 - YW_CYBMM_SZSJ_277.py:36 - 本方最优卖-废单再撤单(OMS)
2020-07-22 15:48:39,691 - YW_CYBMM_SZSJ_277.py:63 - 执行结果为True,,
2020-07-22 15:48:39,707 - YW_CYBMM_SZSJ_326.py:36 - 对方最优转限价买-废单再撤单(OMS)
2020-07-22 15:48:40,999 - YW_CYBMM_SZSJ_326.py:63 - 执行结果为True,,
2020-07-22 15:48:41,000 - YW_CYBMM_SZSJ_381.py:36 - 深圳Ａ股股票交易日对方最优转限价卖——金额溢出（总金额>10亿）
2020-07-22 15:48:41,389 - BdtsDataCheck.py:287 - 期望状态和报单状态、提交状态不匹配，期望状态、报单状态、提交状态分别为全成,XTP_ORDER_STATUS_REJECTED,XTP_ORDER_SUBMIT_STATUS_INSERT_REJECTED
2020-07-22 15:48:42,234 - YW_CYBMM_SZSJ_381.py:63 - 执行结果为False,报单查询,期望状态与报单状态不匹配
2020-07-22 15:48:42,251 - YW_CYBMM_SZSJ_361.py:36 - 对方最优转限价卖-废单再撤单(OMS)
2020-07-22 15:48:43,573 - YW_CYBMM_SZSJ_361.py:63 - 执行结果为True,,
2020-07-22 15:48:43,574 - YW_CYBMM_SZSJ_386.py:36 - 交易日对方最优转限价卖-最后一次卖为非100的倍数
2020-07-22 15:48:44,863 - YW_CYBMM_SZSJ_386.py:63 - 执行结果为True,,
2020-07-22 15:48:44,863 - YW_CYBMM_SZSJ_387.py:36 - 交易日对方最优转限价卖-先卖零头股再卖整数股
2020-07-22 15:48:46,146 - YW_CYBMM_SZSJ_387.py:63 - 执行结果为True,,
2020-07-22 15:48:46,147 - YW_CYBMM_SZSJ_387_1.py:36 - 交易日对方最优转限价卖-先卖零头股再卖整数股
2020-07-22 15:48:47,385 - YW_CYBMM_SZSJ_387_1.py:63 - 执行结果为True,,
2020-07-22 15:48:47,386 - YW_CYBMM_SZSJ_388.py:36 - 交易日对方最优转限价卖-先卖整数股再卖零头股
2020-07-22 15:48:48,671 - YW_CYBMM_SZSJ_388.py:63 - 执行结果为True,,
2020-07-22 15:48:48,672 - YW_CYBMM_SZSJ_388_1.py:36 - 交易日对方最优转限价卖-先卖整数股再卖零头股
2020-07-22 15:48:49,992 - YW_CYBMM_SZSJ_388_1.py:63 - 执行结果为True,,
2020-07-22 15:48:49,993 - YW_CYBMM_SZSJ_389.py:36 - 交易日对方最优转限价卖-先卖含零头股的部分再卖整数股
2020-07-22 15:48:51,227 - YW_CYBMM_SZSJ_389.py:63 - 执行结果为True,,
2020-07-22 15:48:51,228 - YW_CYBMM_SZSJ_389_1.py:36 - 交易日对方最优转限价卖-先卖含零头股的部分再卖整数股
2020-07-22 15:48:52,509 - YW_CYBMM_SZSJ_389_1.py:63 - 执行结果为True,,
2020-07-22 15:48:52,509 - YW_CYBMM_SZSJ_390.py:36 - 交易日对方最优转限价卖-先卖整数股再卖含零头股的部分
2020-07-22 15:48:53,766 - YW_CYBMM_SZSJ_390.py:63 - 执行结果为True,,
2020-07-22 15:48:53,767 - YW_CYBMM_SZSJ_390_1.py:36 - 交易日对方最优转限价卖-先卖整数股再卖含零头股的部分
2020-07-22 15:48:55,010 - YW_CYBMM_SZSJ_390_1.py:63 - 执行结果为True,,
2020-07-22 15:48:55,011 - YW_CYBMM_SZSJ_391.py:36 - 交易日对方最优转限价-T+0卖→T+0买
2020-07-22 15:48:56,252 - YW_CYBMM_SZSJ_391.py:63 - 执行结果为True,,
2020-07-22 15:48:56,252 - YW_CYBMM_SZSJ_391_1.py:36 - 交易日对方最优转限价-T+0卖→T+0买
2020-07-22 15:48:57,383 - YW_CYBMM_SZSJ_391_1.py:63 - 执行结果为True,,
2020-07-22 15:48:57,383 - YW_CYBMM_SZSJ_392.py:36 - 交易日对方最优转限价-T+0买→T+0卖（未持有证券代码）
2020-07-22 15:48:58,509 - YW_CYBMM_SZSJ_392.py:63 - 执行结果为True,,
2020-07-22 15:48:58,526 - YW_CYBMM_SZSJ_392_1.py:36 - 交易日对方最优转限价-T+0买→T+0卖（未持有证券代码）
2020-07-22 15:48:59,657 - YW_CYBMM_SZSJ_392_1.py:63 - 执行结果为True,,
2020-07-22 15:48:59,658 - YW_CYBMM_SZSJ_393.py:36 - 交易日对方最优转限价-T+0买→T+0卖失败（已持有证券代码）
2020-07-22 15:49:00,808 - YW_CYBMM_SZSJ_393.py:63 - 执行结果为True,,
2020-07-22 15:49:00,825 - YW_CYBMM_SZSJ_393_1.py:36 - 交易日对方最优转限价-T+0买→T+0卖失败（已持有证券代码）
2020-07-22 15:49:02,087 - YW_CYBMM_SZSJ_393_1.py:63 - 执行结果为True,,
2020-07-22 15:49:02,088 - YW_CYBMM_SZSJ_394.py:36 - 交易日对方最优转限价-T+0买→T+0卖（已持有证券代码）
2020-07-22 15:49:03,239 - YW_CYBMM_SZSJ_394.py:63 - 执行结果为True,,
2020-07-22 15:49:03,239 - YW_CYBMM_SZSJ_394_1.py:36 - 交易日对方最优转限价-T+0买→T+0卖（已持有证券代码）
2020-07-22 15:49:04,486 - YW_CYBMM_SZSJ_394_1.py:63 - 执行结果为True,,
2020-07-22 15:49:04,503 - YW_CYBMM_SZSJ_015.py:36 - 即成剩撤买-部撤再撤单(OMS)
2020-07-22 15:49:05,769 - YW_CYBMM_SZSJ_015.py:63 - 执行结果为True,,
2020-07-22 15:49:05,796 - YW_CYBMM_SZSJ_046.py:36 - 即成剩撤卖-部撤再撤单(OMS)
2020-07-22 15:49:07,112 - YW_CYBMM_SZSJ_046.py:63 - 执行结果为True,,
2020-07-22 15:49:07,128 - YW_CYBMM_SZSJ_091.py:36 - 五档即成转撤销买-部撤再撤单(OMS)
2020-07-22 15:49:08,388 - YW_CYBMM_SZSJ_091.py:63 - 执行结果为True,,
2020-07-22 15:49:08,404 - YW_CYBMM_SZSJ_121.py:36 - 五档即成转撤销卖-部撤再撤单(OMS)
2020-07-22 15:49:09,669 - YW_CYBMM_SZSJ_121.py:63 - 执行结果为True,,
2020-07-22 15:49:09,685 - YW_CYBMM_SZSJ_242.py:36 - 本方最优买-部撤再撤单(OMS)
2020-07-22 15:49:12,095 - mainService.py:235 - 报单查询等待...,xtpID=901029373774143649
2020-07-22 15:49:12,938 - YW_CYBMM_SZSJ_242.py:63 - 执行结果为True,,
2020-07-22 15:49:12,964 - YW_CYBMM_SZSJ_278.py:36 - 本方最优卖-部撤再撤单(OMS)
2020-07-22 15:49:15,440 - mainService.py:235 - 报单查询等待...,xtpID=901029373774143652
2020-07-22 15:49:16,282 - YW_CYBMM_SZSJ_278.py:63 - 执行结果为True,,
2020-07-22 15:49:16,282 - YW_CYBMM_SZSJ_057.py:36 - 深圳Ａ股股票交易日即成剩撤卖——错误的价格(价格10亿)
2020-07-22 15:49:17,565 - YW_CYBMM_SZSJ_057.py:63 - 执行结果为True,,
2020-07-22 15:49:17,583 - YW_CYBMM_SZSJ_327.py:36 - 对方最优转限价买-部撤再撤单(OMS)
2020-07-22 15:49:20,017 - mainService.py:235 - 报单查询等待...,xtpID=901029373774143656
2020-07-22 15:49:20,856 - YW_CYBMM_SZSJ_327.py:63 - 执行结果为True,,
2020-07-22 15:49:20,856 - YW_CYBMM_SZSJ_133.py:36 - 深圳Ａ股股票交易日五档即成转撤销卖——错误的价格(价格10亿)
2020-07-22 15:49:22,145 - YW_CYBMM_SZSJ_133.py:63 - 执行结果为True,,
2020-07-22 15:49:22,161 - YW_CYBMM_SZSJ_362.py:36 - 对方最优转限价卖-部撤再撤单(OMS)
2020-07-22 15:49:24,609 - mainService.py:235 - 报单查询等待...,xtpID=901029373774143660
2020-07-22 15:49:25,449 - YW_CYBMM_SZSJ_362.py:63 - 执行结果为True,,
2020-07-22 15:49:25,450 - YW_CYBMM_SZSJ_205.py:36 - 深圳Ａ股股票交易日全部成交或撤销卖——错误的价格(价格10亿)
2020-07-22 15:49:26,716 - YW_CYBMM_SZSJ_205.py:63 - 执行结果为True,,
2020-07-22 15:49:26,733 - YW_CYBMM_SZSJ_016.py:36 - 即成剩撤买-全撤再撤单(OMS)
2020-07-22 15:49:27,997 - YW_CYBMM_SZSJ_016.py:63 - 执行结果为True,,
2020-07-22 15:49:27,997 - YW_CYBMM_SZSJ_291.py:36 - 深圳Ａ股股票交易日本方最优卖——错误的价格(价格10亿)
2020-07-22 15:49:29,300 - YW_CYBMM_SZSJ_291.py:63 - 执行结果为True,,
2020-07-22 15:49:29,316 - YW_CYBMM_SZSJ_047.py:36 - 即成剩撤卖-全撤再撤单(OMS)
2020-07-22 15:49:30,579 - YW_CYBMM_SZSJ_047.py:63 - 执行结果为True,,
2020-07-22 15:49:30,580 - YW_CYBMM_SZSJ_375.py:36 - 深圳Ａ股股票交易日对方最优转限价卖——错误的价格(价格10亿)
2020-07-22 15:49:31,878 - YW_CYBMM_SZSJ_375.py:63 - 执行结果为True,,
2020-07-22 15:49:31,896 - YW_CYBMM_SZSJ_092.py:36 - 五档即成转撤销买-全撤再撤单(OMS)
2020-07-22 15:49:33,166 - YW_CYBMM_SZSJ_092.py:63 - 执行结果为True,,
2020-07-22 15:49:33,182 - YW_CYBMM_SZSJ_122.py:36 - 五档即成转撤销卖-全撤再撤单(OMS)
2020-07-22 15:49:34,493 - YW_CYBMM_SZSJ_122.py:63 - 执行结果为True,,
2020-07-22 15:49:34,509 - YW_CYBMM_SZSJ_166.py:36 - 全部成交或撤销买-全撤再撤单(OMS)
2020-07-22 15:49:35,806 - YW_CYBMM_SZSJ_166.py:63 - 执行结果为True,,
2020-07-22 15:49:35,822 - YW_CYBMM_SZSJ_195.py:36 - 全部成交或撤销卖-全撤再撤单(OMS)
2020-07-22 15:49:37,094 - YW_CYBMM_SZSJ_195.py:63 - 执行结果为True,,
2020-07-22 15:49:37,120 - YW_CYBMM_SZSJ_243.py:36 - 本方最优买-全撤再撤单(OMS)
2020-07-22 15:49:39,458 - mainService.py:235 - 报单查询等待...,xtpID=901029373774143678
2020-07-22 15:49:40,390 - YW_CYBMM_SZSJ_243.py:63 - 执行结果为True,,
2020-07-22 15:49:40,406 - YW_CYBMM_SZSJ_279.py:36 - 本方最优卖-全撤再撤单(OMS)
2020-07-22 15:49:42,782 - mainService.py:235 - 报单查询等待...,xtpID=901029373774143681
2020-07-22 15:49:43,706 - YW_CYBMM_SZSJ_279.py:63 - 执行结果为True,,
2020-07-22 15:49:43,722 - YW_CYBMM_SZSJ_328.py:36 - 对方最优转限价买-全撤再撤单(OMS)
2020-07-22 15:49:44,981 - YW_CYBMM_SZSJ_328.py:63 - 执行结果为True,,
2020-07-22 15:49:45,000 - YW_CYBMM_SZSJ_363.py:36 - 对方最优转限价卖-全撤再撤单(OMS)
2020-07-22 15:49:46,266 - YW_CYBMM_SZSJ_363.py:63 - 执行结果为True,,
2020-07-22 15:49:46,282 - YW_CYBMM_SZSJ_053.py:36 - 深A即成剩撤卖（卖出数量=可用股份数+100）
2020-07-22 15:49:47,578 - YW_CYBMM_SZSJ_053.py:63 - 执行结果为True,,
2020-07-22 15:49:47,594 - YW_CYBMM_SZSJ_129.py:36 - 深A五档即成转撤销卖（卖出数量=可用股份数+100）
2020-07-22 15:49:48,843 - YW_CYBMM_SZSJ_129.py:63 - 执行结果为True,,
2020-07-22 15:49:48,862 - YW_CYBMM_SZSJ_201.py:36 - 深A全部成交或撤销卖（卖出数量=可用股份数+100）
2020-07-22 15:49:50,146 - YW_CYBMM_SZSJ_201.py:63 - 执行结果为True,,
2020-07-22 15:49:50,162 - YW_CYBMM_SZSJ_287.py:36 - 深A本方最优卖（卖出数量=可用股份数+100）
2020-07-22 15:49:51,419 - YW_CYBMM_SZSJ_287.py:63 - 执行结果为True,,
2020-07-22 15:49:51,435 - YW_CYBMM_SZSJ_371.py:36 - 深A对方最优转限价卖（卖出数量=可用股份数+100）
2020-07-22 15:49:52,732 - YW_CYBMM_SZSJ_371.py:63 - 执行结果为True,,
2020-07-22 15:49:52,748 - YW_CYBMM_SZSJ_067.py:36 - 交易日即成剩撤卖-非最后一次卖为非100的倍数
2020-07-22 15:49:54,001 - YW_CYBMM_SZSJ_067.py:63 - 执行结果为True,,
2020-07-22 15:49:54,020 - YW_CYBMM_SZSJ_143.py:36 - 交易日五档即成转撤销卖-非最后一次卖为非100的倍数
2020-07-22 15:49:55,264 - YW_CYBMM_SZSJ_143.py:63 - 执行结果为True,,
2020-07-22 15:49:55,264 - YW_CYBMM_SZSJ_011.py:36 - 即成剩撤买-部成撤单 
2020-07-22 15:49:56,535 - YW_CYBMM_SZSJ_011.py:63 - 执行结果为True,,
2020-07-22 15:49:56,551 - YW_CYBMM_SZSJ_215.py:36 - 交易日全部成交或撤销卖-非最后一次卖为非100的倍数
2020-07-22 15:49:57,812 - YW_CYBMM_SZSJ_215.py:63 - 执行结果为True,,
2020-07-22 15:49:57,812 - YW_CYBMM_SZSJ_042.py:36 - 即成剩撤卖-部成撤单 
2020-07-22 15:49:59,085 - YW_CYBMM_SZSJ_042.py:63 - 执行结果为True,,
2020-07-22 15:49:59,102 - YW_CYBMM_SZSJ_301.py:36 - 交易日本方最优卖-非最后一次卖为非100的倍数
2020-07-22 15:50:00,336 - YW_CYBMM_SZSJ_301.py:63 - 执行结果为True,,
2020-07-22 15:50:00,337 - YW_CYBMM_SZSJ_087.py:36 - 五档即成转撤销买-部成撤单 
2020-07-22 15:50:01,602 - YW_CYBMM_SZSJ_087.py:63 - 执行结果为True,,
2020-07-22 15:50:01,619 - YW_CYBMM_SZSJ_385.py:36 - 交易日对方最优转限价卖-非最后一次卖为非100的倍数
2020-07-22 15:50:02,884 - YW_CYBMM_SZSJ_385.py:63 - 执行结果为True,,
2020-07-22 15:50:02,885 - YW_CYBMM_SZSJ_118.py:36 - 五档即成转撤销卖-部成撤单 
2020-07-22 15:50:04,152 - YW_CYBMM_SZSJ_118.py:63 - 执行结果为True,,
2020-07-22 15:50:04,153 - YW_CYBMM_SZSJ_232.py:36 - 本方最优买--部成
2020-07-22 15:50:07,417 - YW_CYBMM_SZSJ_232.py:63 - 执行结果为True,,
2020-07-22 15:50:07,418 - YW_CYBMM_SZSJ_237.py:36 - 本方最优买-部成（手动）撤单 
2020-07-22 15:50:09,922 - mainService.py:235 - 报单查询等待...,xtpID=901029373774143703
2020-07-22 15:50:10,765 - YW_CYBMM_SZSJ_237.py:63 - 执行结果为True,,
2020-07-22 15:50:10,765 - YW_CYBMM_SZSJ_269.py:36 - 本方最优卖--部成
2020-07-22 15:50:14,029 - YW_CYBMM_SZSJ_269.py:63 - 执行结果为True,,
2020-07-22 15:50:14,030 - YW_CYBMM_SZSJ_273.py:36 - 本方最优卖-部成(手动）撤单 
2020-07-22 15:50:16,466 - mainService.py:235 - 报单查询等待...,xtpID=901029373774143706
2020-07-22 15:50:17,307 - YW_CYBMM_SZSJ_273.py:63 - 执行结果为True,,
2020-07-22 15:50:17,308 - YW_CYBMM_SZSJ_317.py:36 - 对方最优转限价买--部成
2020-07-22 15:50:20,576 - YW_CYBMM_SZSJ_317.py:63 - 执行结果为True,,
2020-07-22 15:50:20,577 - YW_CYBMM_SZSJ_322.py:36 - 对方最优转限价买-部成撤单 
2020-07-22 15:50:23,022 - mainService.py:235 - 报单查询等待...,xtpID=901029373774143709
2020-07-22 15:50:23,864 - YW_CYBMM_SZSJ_322.py:63 - 执行结果为True,,
2020-07-22 15:50:23,864 - YW_CYBMM_SZSJ_353.py:36 - 对方最优转限价卖--部成
2020-07-22 15:50:27,194 - YW_CYBMM_SZSJ_353.py:63 - 执行结果为True,,
2020-07-22 15:50:27,194 - YW_CYBMM_SZSJ_357.py:36 - 对方最优转限价卖-部成撤单 
2020-07-22 15:50:29,667 - mainService.py:235 - 报单查询等待...,xtpID=901029373774143712
2020-07-22 15:50:30,506 - YW_CYBMM_SZSJ_357.py:63 - 执行结果为True,,
2020-07-22 15:50:30,507 - YW_CYBMM_SZSJ_012.py:36 - 即成剩撤买-全部撤单
2020-07-22 15:50:31,761 - YW_CYBMM_SZSJ_012.py:63 - 执行结果为True,,
2020-07-22 15:50:31,778 - YW_CYBMM_SZSJ_026.py:36 - 深圳Ａ股股票交易日即成剩撤买——错误的价格条件
2020-07-22 15:50:33,078 - YW_CYBMM_SZSJ_026.py:63 - 执行结果为True,,
2020-07-22 15:50:33,079 - YW_CYBMM_SZSJ_043.py:36 - 即成剩撤卖-全部撤单
2020-07-22 15:50:34,341 - YW_CYBMM_SZSJ_043.py:63 - 执行结果为True,,
2020-07-22 15:50:34,361 - YW_CYBMM_SZSJ_061.py:36 - 深圳Ａ股股票交易日即成剩撤卖——错误的价格条件
2020-07-22 15:50:35,641 - YW_CYBMM_SZSJ_061.py:63 - 执行结果为True,,
2020-07-22 15:50:35,641 - YW_CYBMM_SZSJ_088.py:36 - 五档即成转撤销买-全部撤单
2020-07-22 15:50:36,944 - YW_CYBMM_SZSJ_088.py:63 - 执行结果为True,,
2020-07-22 15:50:36,962 - YW_CYBMM_SZSJ_102.py:36 - 深圳Ａ股股票交易日五档即成转撤销买——错误的价格条件
2020-07-22 15:50:38,215 - YW_CYBMM_SZSJ_102.py:63 - 执行结果为True,,
2020-07-22 15:50:38,215 - YW_CYBMM_SZSJ_119.py:36 - 五档即成转撤销卖-全部撤单
2020-07-22 15:50:39,480 - YW_CYBMM_SZSJ_119.py:63 - 执行结果为True,,
2020-07-22 15:50:39,499 - YW_CYBMM_SZSJ_137.py:36 - 深圳Ａ股股票交易日五档即成转撤销卖——错误的价格条件
2020-07-22 15:50:40,814 - YW_CYBMM_SZSJ_137.py:63 - 执行结果为True,,
2020-07-22 15:50:40,815 - YW_CYBMM_SZSJ_163.py:36 - 全部成交或撤销买-全部撤单
2020-07-22 15:50:42,121 - YW_CYBMM_SZSJ_163.py:63 - 执行结果为True,,
2020-07-22 15:50:42,137 - YW_CYBMM_SZSJ_176.py:36 - 深圳Ａ股股票交易日全部成交或撤销买——错误的价格条件
2020-07-22 15:50:43,396 - YW_CYBMM_SZSJ_176.py:63 - 执行结果为True,,
2020-07-22 15:50:43,396 - YW_CYBMM_SZSJ_192.py:36 - 全部成交或撤销卖-全部撤单
2020-07-22 15:50:44,666 - YW_CYBMM_SZSJ_192.py:63 - 执行结果为True,,
2020-07-22 15:50:44,683 - YW_CYBMM_SZSJ_209.py:36 - 深圳Ａ股股票交易日全部成交或撤销卖——错误的价格条件
2020-07-22 15:50:45,951 - YW_CYBMM_SZSJ_209.py:63 - 执行结果为True,,
2020-07-22 15:50:45,952 - YW_CYBMM_SZSJ_231.py:36 - 本方最优买--订单确认
2020-07-22 15:50:48,570 - FundStkCheck.py:306 - 可用资金预冻结不正确
2020-07-22 15:50:49,237 - YW_CYBMM_SZSJ_231.py:63 - 执行结果为False,报单查询,可用资金预冻结不正确
2020-07-22 15:50:49,238 - YW_CYBMM_SZSJ_238.py:36 - 本方最优买-全部（手动）撤单
2020-07-22 15:50:51,590 - mainService.py:235 - 报单查询等待...,xtpID=901029373774143727
2020-07-22 15:50:52,516 - YW_CYBMM_SZSJ_238.py:63 - 执行结果为True,,
2020-07-22 15:50:52,533 - YW_CYBMM_SZSJ_255.py:36 - 深圳Ａ股股票交易日本方最优买——错误的价格条件
2020-07-22 15:50:53,789 - YW_CYBMM_SZSJ_255.py:63 - 执行结果为True,,
2020-07-22 15:50:53,789 - YW_CYBMM_SZSJ_268.py:36 - 本方最优卖--订单确认
2020-07-22 15:50:57,060 - YW_CYBMM_SZSJ_268.py:63 - 执行结果为True,,
2020-07-22 15:50:57,060 - YW_CYBMM_SZSJ_274.py:36 - 本方最优卖-全部撤单
2020-07-22 15:50:59,424 - mainService.py:235 - 报单查询等待...,xtpID=901029373774143731
2020-07-22 15:51:00,365 - YW_CYBMM_SZSJ_274.py:63 - 执行结果为True,,
2020-07-22 15:51:00,382 - YW_CYBMM_SZSJ_295.py:36 - 深圳Ａ股股票交易日本方最优卖——错误的价格条件
2020-07-22 15:51:01,673 - YW_CYBMM_SZSJ_295.py:63 - 执行结果为True,,
2020-07-22 15:51:01,673 - YW_CYBMM_SZSJ_323.py:36 - 对方最优转限价买-全部撤单
2020-07-22 15:51:02,934 - YW_CYBMM_SZSJ_323.py:63 - 执行结果为True,,
2020-07-22 15:51:02,950 - YW_CYBMM_SZSJ_340.py:36 - 深圳Ａ股股票交易日对方最优转限价买——错误的价格条件
2020-07-22 15:51:04,204 - YW_CYBMM_SZSJ_340.py:63 - 执行结果为True,,
2020-07-22 15:51:04,205 - YW_CYBMM_SZSJ_358.py:36 - 对方最优转限价卖-全部撤单
2020-07-22 15:51:05,473 - YW_CYBMM_SZSJ_358.py:63 - 执行结果为True,,
2020-07-22 15:51:05,500 - YW_CYBMM_SZSJ_379.py:36 - 深圳Ａ股股票交易日对方最优转限价卖——错误的价格条件
2020-07-22 15:51:06,796 - YW_CYBMM_SZSJ_379.py:63 - 执行结果为True,,
2020-07-22 16:05:27,933 - YW_CYBMM_SZSJ_028.py:36 - 深圳Ａ股股票交易日即成剩撤买——金额溢出（总金额>20亿）
2020-07-22 16:05:28,256 - BdtsDataCheck.py:287 - 期望状态和报单状态、提交状态不匹配，期望状态、报单状态、提交状态分别为全成,XTP_ORDER_STATUS_REJECTED,XTP_ORDER_SUBMIT_STATUS_INSERT_REJECTED
2020-07-22 16:05:29,090 - YW_CYBMM_SZSJ_028.py:63 - 执行结果为False,报单查询,期望状态与报单状态不匹配
2020-07-22 16:05:50,312 - YW_CYBMM_SZSJ_028.py:36 - 深圳Ａ股股票交易日即成剩撤买——金额溢出（总金额>20亿）
2020-07-22 16:05:50,581 - BdtsDataCheck.py:287 - 期望状态和报单状态、提交状态不匹配，期望状态、报单状态、提交状态分别为全成,XTP_ORDER_STATUS_REJECTED,XTP_ORDER_SUBMIT_STATUS_INSERT_REJECTED
2020-07-22 16:05:51,442 - YW_CYBMM_SZSJ_028.py:63 - 执行结果为False,报单查询,期望状态与报单状态不匹配
2020-07-22 16:06:09,489 - YW_CYBMM_SZSJ_028.py:36 - 深圳Ａ股股票交易日即成剩撤买——金额溢出（总金额>20亿）
2020-07-22 16:06:09,767 - BdtsDataCheck.py:287 - 期望状态和报单状态、提交状态不匹配，期望状态、报单状态、提交状态分别为全成,XTP_ORDER_STATUS_REJECTED,XTP_ORDER_SUBMIT_STATUS_INSERT_REJECTED
2020-07-22 16:06:10,626 - YW_CYBMM_SZSJ_028.py:63 - 执行结果为False,报单查询,期望状态与报单状态不匹配
2020-07-22 16:14:36,627 - YW_CYBMM_SZSJ_028.py:36 - 深圳Ａ股股票交易日即成剩撤买——金额溢出（总金额>10亿）
2020-07-22 16:14:37,759 - YW_CYBMM_SZSJ_028.py:63 - 执行结果为True,,
2020-07-22 16:14:53,330 - YW_CYBMM_SZSJ_063.py:36 - 深圳Ａ股股票交易日即成剩撤卖——金额溢出（总金额>10亿）
2020-07-22 16:14:54,566 - YW_CYBMM_SZSJ_063.py:63 - 执行结果为True,,
2020-07-22 16:15:15,204 - YW_CYBMM_SZSJ_104.py:36 - 深圳Ａ股股票交易日五档即成转撤销买——金额溢出（总金额>10亿）
2020-07-22 16:15:16,344 - YW_CYBMM_SZSJ_104.py:63 - 执行结果为True,,
2020-07-22 16:15:30,914 - YW_CYBMM_SZSJ_139.py:36 - 深圳Ａ股股票交易日五档即成转撤销卖——金额溢出（总金额>10亿）
2020-07-22 16:15:32,152 - YW_CYBMM_SZSJ_139.py:63 - 执行结果为True,,
2020-07-22 16:15:49,943 - YW_CYBMM_SZSJ_178.py:36 - 深圳Ａ股股票交易日全部成交或撤销买——金额溢出（总金额>10亿）
2020-07-22 16:15:51,073 - YW_CYBMM_SZSJ_178.py:63 - 执行结果为True,,
2020-07-22 16:16:05,821 - YW_CYBMM_SZSJ_211.py:36 - 深圳Ａ股股票交易日全部成交或撤销卖——金额溢出（总金额>10亿）
2020-07-22 16:16:07,062 - YW_CYBMM_SZSJ_211.py:63 - 执行结果为True,,
2020-07-22 16:16:34,742 - YW_CYBMM_SZSJ_257.py:36 - 深圳Ａ股股票交易日本方最优买——金额溢出（总金额>10亿）
2020-07-22 16:16:35,886 - YW_CYBMM_SZSJ_257.py:63 - 执行结果为True,,
2020-07-22 16:16:50,350 - YW_CYBMM_SZSJ_297.py:36 - 深圳Ａ股股票交易日本方最优卖——金额溢出（总金额>10亿）
2020-07-22 16:16:51,586 - YW_CYBMM_SZSJ_297.py:63 - 执行结果为True,,
2020-07-22 16:17:10,576 - YW_CYBMM_SZSJ_342.py:36 - 深圳Ａ股股票交易日对方最优转限价买——金额溢出（总金额>10亿）
2020-07-22 16:17:11,713 - YW_CYBMM_SZSJ_342.py:63 - 执行结果为True,,
2020-07-22 16:17:29,772 - YW_CYBMM_SZSJ_381.py:36 - 深圳Ａ股股票交易日对方最优转限价卖——金额溢出（总金额>10亿）
2020-07-22 16:17:31,083 - YW_CYBMM_SZSJ_381.py:63 - 执行结果为True,,
2020-07-22 16:18:35,388 - YW_CYBMM_SZSJ_231.py:36 - 本方最优买--订单确认
2020-07-22 16:18:38,522 - YW_CYBMM_SZSJ_231.py:63 - 执行结果为True,,
2020-07-22 16:40:12,438 - YW_CYBMM_SZXJ_012.py:43 - 限价委托买-已成（费用>min）
2020-07-22 16:40:13,569 - YW_CYBMM_SZXJ_012.py:70 - 执行结果为True,,
2020-07-22 16:40:45,783 - YW_CYBMM_SZXJ_031.py:45 - 默认2：可用资金不足-深A限价买（可用资金=下单金额+费用-0.01）
2020-07-22 16:40:46,952 - YW_CYBMM_SZXJ_031.py:72 - 执行结果为True,,
2020-07-22 16:41:18,912 - YW_CYBMM_SZXJ_032.py:45 - 默认2：可用资金正好-深A限价买（可用资金=下单金额+费用）
2020-07-22 16:41:21,530 - CjhbDataCheck.py:527 - 可用资金计算有错,原可用资金、成交金额、待成交数量、委托价格、费用、现可用资金分别是1995.7,995.0,100,9.95,5.6,0.0
2020-07-22 16:41:21,845 - CjhbDataCheck.py:123 - 成交回报检查：错误,期待状态为部成，但成交回报数量累计已经全部成交！
2020-07-22 16:41:21,900 - BdtsDataCheck.py:208 - 期望状态和报单状态、提交状态不匹配，期望状态、报单状态、提交状态分别为部成,XTP_ORDER_STATUS_ALLTRADED,XTP_ORDER_SUBMIT_STATUS_INSERT_ACCEPTED
2020-07-22 16:41:22,057 - YW_CYBMM_SZXJ_032.py:72 - 执行结果为False,报单查询,期望状态与报单状态不匹配
2020-07-22 16:41:22,074 - YW_CYBMM_SZXJ_072.py:36 - 限价委托卖-废单再撤单（OMS）
2020-07-22 16:41:23,338 - YW_CYBMM_SZXJ_072.py:63 - 执行结果为True,,
2020-07-22 16:42:32,305 - YW_CYBMM_SZSJ_004.py:43 - 即成剩撤买--已成（费用>min）
2020-07-22 16:42:33,430 - YW_CYBMM_SZSJ_004.py:70 - 执行结果为True,,
2020-07-22 16:43:05,252 - YW_CYBMM_SZSJ_029.py:45 - 默认1：可用资金正好-深A即成剩撤买（可用资金=下单金额+费用）
2020-07-22 16:43:05,543 - BdtsDataCheck.py:287 - 期望状态和报单状态、提交状态不匹配，期望状态、报单状态、提交状态分别为全成,XTP_ORDER_STATUS_REJECTED,XTP_ORDER_SUBMIT_STATUS_INSERT_REJECTED
2020-07-22 16:43:06,398 - YW_CYBMM_SZSJ_029.py:72 - 执行结果为False,报单查询,期望状态与报单状态不匹配
2020-07-22 16:43:38,385 - YW_CYBMM_SZSJ_105.py:45 - 可用资金正好-深A五档即成转撤销买（可用资金=下单金额+费用）
2020-07-22 16:43:38,670 - BdtsDataCheck.py:287 - 期望状态和报单状态、提交状态不匹配，期望状态、报单状态、提交状态分别为全成,XTP_ORDER_STATUS_REJECTED,XTP_ORDER_SUBMIT_STATUS_INSERT_REJECTED
2020-07-22 16:43:39,509 - YW_CYBMM_SZSJ_105.py:72 - 执行结果为False,报单查询,期望状态与报单状态不匹配
2020-07-22 16:44:11,421 - YW_CYBMM_SZSJ_179.py:45 - 默认1：可用资金正好-深A全部成交或撤销买（可用资金=下单金额+费用）
2020-07-22 16:44:11,720 - BdtsDataCheck.py:287 - 期望状态和报单状态、提交状态不匹配，期望状态、报单状态、提交状态分别为全成,XTP_ORDER_STATUS_REJECTED,XTP_ORDER_SUBMIT_STATUS_INSERT_REJECTED
2020-07-22 16:44:12,542 - YW_CYBMM_SZSJ_179.py:72 - 执行结果为False,报单查询,期望状态与报单状态不匹配
2020-07-22 16:44:44,388 - YW_CYBMM_SZSJ_258.py:45 - 可用资金正好-深A本方最优买（可用资金=下单金额+费用）
2020-07-22 16:44:44,656 - BdtsDataCheck.py:287 - 期望状态和报单状态、提交状态不匹配，期望状态、报单状态、提交状态分别为未成交,XTP_ORDER_STATUS_REJECTED,XTP_ORDER_SUBMIT_STATUS_INSERT_REJECTED
2020-07-22 16:44:45,510 - YW_CYBMM_SZSJ_258.py:72 - 执行结果为False,报单查询,期望状态与报单状态不匹配
2020-07-22 16:45:17,333 - YW_CYBMM_SZSJ_343.py:45 - 可用资金正好-深A对方最优转限价买（可用资金=下单金额+费用）
2020-07-22 16:45:17,595 - BdtsDataCheck.py:287 - 期望状态和报单状态、提交状态不匹配，期望状态、报单状态、提交状态分别为全成,XTP_ORDER_STATUS_REJECTED,XTP_ORDER_SUBMIT_STATUS_INSERT_REJECTED
2020-07-22 16:45:18,453 - YW_CYBMM_SZSJ_343.py:72 - 执行结果为False,报单查询,期望状态与报单状态不匹配
2020-07-22 16:45:50,293 - YW_CYBMM_SZSJ_030.py:45 - 默认1：可用资金不足-深A即成剩撤买（可用资金=下单金额+费用-0.01）
2020-07-22 16:45:52,775 - BdtsDataCheck.py:208 - 期望状态和报单状态、提交状态不匹配，期望状态、报单状态、提交状态分别为废单,XTP_ORDER_STATUS_ALLTRADED,XTP_ORDER_SUBMIT_STATUS_INSERT_ACCEPTED
2020-07-22 16:45:53,448 - YW_CYBMM_SZSJ_030.py:74 - 执行结果为False,报单查询,期望状态与报单状态不匹配
2020-07-22 16:46:25,358 - YW_CYBMM_SZSJ_106.py:45 - 可用资金不足-深A五档即成转撤销买（可用资金=下单金额+费用-0.01）
2020-07-22 16:46:26,495 - YW_CYBMM_SZSJ_106.py:72 - 执行结果为True,,
2020-07-22 16:46:58,541 - YW_CYBMM_SZSJ_180.py:45 - 默认1：可用资金不足-深A全部成交或撤销买（可用资金=下单金额+费用-0.01）
2020-07-22 16:46:59,666 - YW_CYBMM_SZSJ_180.py:72 - 执行结果为True,,
2020-07-22 16:47:32,979 - YW_CYBMM_SZSJ_259.py:45 - 可用资金不足-深A本方最优买（可用资金=下单金额+费用-0.01）
2020-07-22 16:47:34,151 - YW_CYBMM_SZSJ_259.py:72 - 执行结果为True,,
2020-07-22 16:48:06,765 - YW_CYBMM_SZSJ_344.py:45 - 可用资金不足-深A对方最优转限价买（可用资金=下单金额+费用-0.01）
2020-07-22 16:48:07,900 - YW_CYBMM_SZSJ_344.py:72 - 执行结果为True,,
2020-07-22 16:48:39,800 - YW_CYBMM_SZSJ_014.py:45 - 即成剩撤买-废单再撤单(OMS)
2020-07-22 16:48:41,079 - YW_CYBMM_SZSJ_014.py:72 - 执行结果为True,,
2020-07-22 17:06:44,439 - YW_CYBMM_SZSJ_029.py:45 - 默认1：可用资金正好-深A即成剩撤买（可用资金=下单金额+费用）
2020-07-22 17:06:45,575 - YW_CYBMM_SZSJ_029.py:72 - 执行结果为True,,
2020-07-22 17:11:12,818 - YW_CYBMM_SZSJ_029.py:46 - 默认1：可用资金正好-深A即成剩撤买（可用资金=下单金额+费用）
2020-07-22 17:11:13,246 - BdtsDataCheck.py:262 - 期望状态和报单状态、提交状态不匹配，期望状态、报单状态、提交状态分别为未成交,XTP_ORDER_STATUS_CANCELED,XTP_ORDER_SUBMIT_STATUS_INSERT_ACCEPTED
2020-07-22 17:11:13,998 - YW_CYBMM_SZSJ_029.py:74 - 执行结果为False,报单查询,期望状态与报单状态不匹配
2020-07-22 17:14:51,921 - YW_CYBMM_SZSJ_029.py:45 - 默认1：可用资金正好-深A即成剩撤买（可用资金=下单金额+费用）
2020-07-22 17:14:53,075 - YW_CYBMM_SZSJ_029.py:72 - 执行结果为True,,
2020-07-22 17:17:56,380 - YW_CYBMM_SZSJ_105.py:45 - 可用资金正好-深A五档即成转撤销买（可用资金=下单金额+费用）
2020-07-22 17:17:56,703 - BdtsDataCheck.py:287 - 期望状态和报单状态、提交状态不匹配，期望状态、报单状态、提交状态分别为全成,XTP_ORDER_STATUS_REJECTED,XTP_ORDER_SUBMIT_STATUS_INSERT_REJECTED
2020-07-22 17:17:57,539 - YW_CYBMM_SZSJ_105.py:72 - 执行结果为False,报单查询,期望状态与报单状态不匹配
2020-07-22 17:21:10,043 - YW_CYBMM_SZSJ_105.py:45 - 可用资金正好-深A五档即成转撤销买（可用资金=下单金额+费用）
2020-07-22 17:21:11,171 - YW_CYBMM_SZSJ_105.py:72 - 执行结果为True,,
2020-07-22 17:24:10,063 - YW_CYBMM_SZSJ_105.py:46 - 可用资金正好-深A五档即成转撤销买（可用资金=下单金额+费用）
2020-07-22 17:24:13,192 - YW_CYBMM_SZSJ_105.py:75 - 执行结果为True,,
2020-07-22 17:26:37,397 - YW_CYBMM_SZSJ_105.py:45 - 可用资金正好-深A五档即成转撤销买（可用资金=下单金额+费用）
2020-07-22 17:26:37,708 - BdtsDataCheck.py:287 - 期望状态和报单状态、提交状态不匹配，期望状态、报单状态、提交状态分别为全成,XTP_ORDER_STATUS_REJECTED,XTP_ORDER_SUBMIT_STATUS_INSERT_REJECTED
2020-07-22 17:26:38,557 - YW_CYBMM_SZSJ_105.py:72 - 执行结果为False,报单查询,期望状态与报单状态不匹配
2020-07-22 17:39:03,661 - YW_CYBMM_SZSJ_105.py:45 - 可用资金正好-深A五档即成转撤销买（可用资金=下单金额+费用）
2020-07-22 17:39:04,809 - YW_CYBMM_SZSJ_105.py:72 - 执行结果为True,,
2020-07-22 17:40:08,225 - YW_CYBMM_SZSJ_029.py:45 - 默认1：可用资金正好-深A即成剩撤买（可用资金=下单金额+费用）
2020-07-22 17:40:09,364 - YW_CYBMM_SZSJ_029.py:72 - 执行结果为True,,
2020-07-22 17:41:44,888 - YW_CYBMM_SZSJ_179.py:45 - 默认1：可用资金正好-深A全部成交或撤销买（可用资金=下单金额+费用）
2020-07-22 17:41:45,169 - BdtsDataCheck.py:287 - 期望状态和报单状态、提交状态不匹配，期望状态、报单状态、提交状态分别为全成,XTP_ORDER_STATUS_REJECTED,XTP_ORDER_SUBMIT_STATUS_INSERT_REJECTED
2020-07-22 17:41:46,026 - YW_CYBMM_SZSJ_179.py:72 - 执行结果为False,报单查询,期望状态与报单状态不匹配
2020-07-22 17:44:24,630 - YW_CYBMM_SZSJ_179.py:45 - 默认1：可用资金正好-深A全部成交或撤销买（可用资金=下单金额+费用）
2020-07-22 17:44:25,785 - YW_CYBMM_SZSJ_179.py:72 - 执行结果为True,,
2020-07-22 17:46:07,856 - YW_CYBMM_SZSJ_258.py:45 - 可用资金正好-深A本方最优买（可用资金=下单金额+费用）
2020-07-22 17:46:10,999 - YW_CYBMM_SZSJ_258.py:72 - 执行结果为True,,
2020-07-22 17:46:55,678 - YW_CYBMM_SZSJ_343.py:45 - 可用资金正好-深A对方最优转限价买（可用资金=下单金额+费用）
2020-07-22 17:46:56,858 - YW_CYBMM_SZSJ_343.py:72 - 执行结果为True,,
2020-07-22 17:47:40,068 - YW_CYBMM_SZSJ_030.py:45 - 默认1：可用资金不足-深A即成剩撤买（可用资金=下单金额+费用-0.01）
2020-07-22 17:47:41,199 - YW_CYBMM_SZSJ_030.py:72 - 执行结果为True,,
2020-07-22 17:49:48,466 - YW_CYBMM_SZSJ_030.py:45 - 默认1：可用资金不足-深A即成剩撤买（可用资金=下单金额+费用-0.01）
2020-07-22 17:49:49,597 - YW_CYBMM_SZSJ_030.py:72 - 执行结果为True,,
2020-07-22 17:54:43,392 - YW_CYBMM_SZSJ_344.py:45 - 可用资金不足-深A对方最优转限价买（可用资金=下单金额+费用-0.01）
2020-07-22 17:54:44,533 - YW_CYBMM_SZSJ_344.py:72 - 执行结果为True,,
2020-07-22 17:55:25,966 - YW_CYBMM_SZSJ_259.py:45 - 可用资金不足-深A本方最优买（可用资金=下单金额+费用-0.01）
2020-07-22 17:55:27,127 - YW_CYBMM_SZSJ_259.py:72 - 执行结果为True,,
2020-07-22 17:58:12,622 - YW_CYBMM_SZSJ_180.py:45 - 默认1：可用资金不足-深A全部成交或撤销买（可用资金=下单金额+费用-0.01）
2020-07-22 17:58:13,754 - YW_CYBMM_SZSJ_180.py:72 - 执行结果为True,,
2020-07-22 18:14:44,284 - YW_CYBMM_SZSJ_106.py:45 - 可用资金不足-深A五档即成转撤销买（可用资金=下单金额+费用-0.01）
2020-07-22 18:14:45,413 - YW_CYBMM_SZSJ_106.py:72 - 执行结果为True,,
