2020-07-20 10:35:03,553 - YW_XGSG_SZSG_CYBGGQX_001.py:35 - 有买入核准制创业板股票的权限&无买入注册制创业板股票的权限-新股申购核准制创业板股票
2020-07-20 10:35:04,651 - YW_XGSG_SZSG_CYBGGQX_001.py:49 - 执行结果为True,,
2020-07-20 10:48:26,961 - YW_XGSG_SZSG_CYBGGQX_002.py:30 - 有买入核准制创业板股票的权限&无买入注册制创业板股票的权限-新股申购注册制创业板股票
2020-07-20 10:48:27,160 - mainService.py:235 - 报单查询等待...,xtpID=901029373774138299
2020-07-20 10:48:27,362 - CancelOrderErrorDataCheck.py:17 - 错误，errorID与期望不一致，撤废返回的errID和期望errID分别是11000562,11100044
2020-07-20 10:48:28,057 - YW_XGSG_SZSG_CYBGGQX_002.py:44 - 执行结果为False,,撤废返回的errorID与期望不一致
2020-07-20 10:55:05,238 - YW_XGSG_SZSG_CYBGGQX_002.py:30 - 有买入核准制创业板股票的权限&无买入注册制创业板股票的权限-新股申购注册制创业板股票
2020-07-20 10:55:06,377 - YW_XGSG_SZSG_CYBGGQX_002.py:44 - 执行结果为True,,
2020-07-20 11:01:55,873 - YW_XGSG_SZSG_CYBGGQX_003.py:35 - 有买入注册制创业板股票的权限-新股申购核准制创业板股票
2020-07-20 11:01:56,970 - YW_XGSG_SZSG_CYBGGQX_003.py:49 - 执行结果为True,,
2020-07-20 11:02:14,583 - YW_XGSG_SZSG_CYBGGQX_004.py:30 - 有买入注册制创业板股票的权限-新股申购注册制创业板股票
2020-07-20 11:02:15,681 - YW_XGSG_SZSG_CYBGGQX_004.py:44 - 执行结果为True,,
2020-07-20 11:03:25,964 - YW_XGSG_SZSG_CYBGGQX_005.py:35 - 无买入创业板股票的权限-新股申购核准制创业板股票
2020-07-20 11:03:27,058 - YW_XGSG_SZSG_CYBGGQX_005.py:49 - 执行结果为True,,
2020-07-20 11:03:34,906 - YW_XGSG_SZSG_CYBGGQX_006.py:30 - 无买入创业板股票的权限-新股申购注册制创业板股票
2020-07-20 11:03:35,999 - YW_XGSG_SZSG_CYBGGQX_006.py:44 - 执行结果为True,,
2020-07-20 13:43:03,796 - YW_PG_SZPG_CYBGGQX_001.py:34 - 有买入核准制创业板股票的权限&无买入注册制创业板股票的权限-配股缴款核准制创业板股票
2020-07-20 13:43:03,985 - BdtsDataCheck.py:287 - 期望状态和报单状态、提交状态不匹配，期望状态、报单状态、提交状态分别为未成交,XTP_ORDER_STATUS_REJECTED,XTP_ORDER_SUBMIT_STATUS_INSERT_REJECTED
2020-07-20 13:43:04,896 - YW_PG_SZPG_CYBGGQX_001.py:48 - 执行结果为False,报单查询,期望状态与报单状态不匹配
2020-07-20 13:46:31,082 - YW_PG_SZPG_CYBGGQX_001.py:34 - 有买入核准制创业板股票的权限&无买入注册制创业板股票的权限-配股缴款核准制创业板股票
2020-07-20 13:46:31,271 - BdtsDataCheck.py:287 - 期望状态和报单状态、提交状态不匹配，期望状态、报单状态、提交状态分别为未成交,XTP_ORDER_STATUS_REJECTED,XTP_ORDER_SUBMIT_STATUS_INSERT_REJECTED
2020-07-20 13:46:32,185 - YW_PG_SZPG_CYBGGQX_001.py:48 - 执行结果为False,报单查询,期望状态与报单状态不匹配
2020-07-20 13:48:20,600 - YW_PG_SZPG_CYBGGQX_001.py:34 - 有买入核准制创业板股票的权限&无买入注册制创业板股票的权限-配股缴款核准制创业板股票
2020-07-20 13:48:20,814 - BdtsDataCheck.py:287 - 期望状态和报单状态、提交状态不匹配，期望状态、报单状态、提交状态分别为未成交,XTP_ORDER_STATUS_REJECTED,XTP_ORDER_SUBMIT_STATUS_INSERT_REJECTED
2020-07-20 13:48:21,697 - YW_PG_SZPG_CYBGGQX_001.py:48 - 执行结果为False,报单查询,期望状态与报单状态不匹配
2020-07-20 14:03:21,956 - YW_PG_SZPG_CYBGGQX_001.py:34 - 有买入核准制创业板股票的权限&无买入注册制创业板股票的权限-配股缴款核准制创业板股票
2020-07-20 14:03:25,056 - YW_PG_SZPG_CYBGGQX_001.py:48 - 执行结果为True,,
2020-07-20 14:04:17,554 - YW_PG_SZPG_CYBGGQX_002.py:29 - 有买入核准制创业板股票的权限&无买入注册制创业板股票的权限--配股缴款注册制创业板股票
2020-07-20 14:04:18,670 - YW_PG_SZPG_CYBGGQX_002.py:43 - 执行结果为True,,
2020-07-20 14:04:54,489 - YW_PG_SZPG_CYBGGQX_003.py:34 - 有买入注册制创业板股票的权限-配股缴款核准制创业板股票
2020-07-20 14:04:57,606 - YW_PG_SZPG_CYBGGQX_003.py:48 - 执行结果为True,,
2020-07-20 14:05:03,731 - YW_PG_SZPG_CYBGGQX_004.py:29 - 有买入注册制创业板股票的权限--配股缴款注册制创业板股票
2020-07-20 14:05:06,834 - YW_PG_SZPG_CYBGGQX_004.py:43 - 执行结果为True,,
2020-07-20 14:05:42,162 - YW_PG_SZPG_CYBGGQX_005.py:34 - 无买入创业板股票的权限-配股缴款核准制创业板股票
2020-07-20 14:05:43,257 - YW_PG_SZPG_CYBGGQX_005.py:48 - 执行结果为True,,
2020-07-20 14:05:49,715 - YW_PG_SZPG_CYBGGQX_006.py:29 - 无买入创业板股票的权限--配股缴款注册制创业板股票
2020-07-20 14:05:50,818 - YW_PG_SZPG_CYBGGQX_006.py:43 - 执行结果为True,,
2020-07-20 16:13:11,787 - YW_CYBMM_SZXJ_010.py:36 - 限价委托买-订单确认
2020-07-20 16:13:14,916 - YW_CYBMM_SZXJ_010.py:63 - 执行结果为True,,
2020-07-20 16:13:32,085 - YW_CYBMM_SZXJ_011.py:36 - 限价委托买-部成
2020-07-20 16:13:35,213 - YW_CYBMM_SZXJ_011.py:63 - 执行结果为True,,
2020-07-20 16:13:54,730 - YW_CYBMM_SZXJ_013.py:36 - 限价委托买-已成（费用=min）
2020-07-20 16:13:55,015 - BdtsDataCheck.py:287 - 期望状态和报单状态、提交状态不匹配，期望状态、报单状态、提交状态分别为全成,XTP_ORDER_STATUS_REJECTED,XTP_ORDER_SUBMIT_STATUS_INSERT_REJECTED
2020-07-20 16:13:55,876 - YW_CYBMM_SZXJ_013.py:63 - 执行结果为False,报单查询,期望状态与报单状态不匹配
2020-07-20 16:21:59,108 - YW_CYBMM_SZXJ_013.py:36 - 限价委托买-已成（费用=min）
2020-07-20 16:21:59,386 - BdtsDataCheck.py:287 - 期望状态和报单状态、提交状态不匹配，期望状态、报单状态、提交状态分别为全成,XTP_ORDER_STATUS_REJECTED,XTP_ORDER_SUBMIT_STATUS_INSERT_REJECTED
2020-07-20 16:22:00,253 - YW_CYBMM_SZXJ_013.py:63 - 执行结果为False,报单查询,期望状态与报单状态不匹配
2020-07-20 16:23:06,076 - YW_CYBMM_SZXJ_013.py:36 - 限价委托买-已成（费用=min）
2020-07-20 16:23:07,208 - YW_CYBMM_SZXJ_013.py:63 - 执行结果为True,,
2020-07-20 16:24:22,179 - YW_CYBMM_SZXJ_014.py:36 - 限价委托买-已成（费用<min）
2020-07-20 16:24:23,306 - YW_CYBMM_SZXJ_014.py:63 - 执行结果为True,,
2020-07-20 16:24:51,513 - YW_CYBMM_SZXJ_015.py:36 - 限价委托买-买前有持仓
2020-07-20 16:24:52,642 - YW_CYBMM_SZXJ_015.py:63 - 执行结果为True,,
2020-07-20 16:25:16,706 - YW_CYBMM_SZXJ_020.py:36 - 限价委托买-部成撤单 
2020-07-20 16:25:19,038 - mainService.py:235 - 报单查询等待...,xtpID=901029373774143311
2020-07-20 16:25:19,880 - YW_CYBMM_SZXJ_020.py:63 - 执行结果为True,,
2020-07-20 16:25:23,386 - YW_CYBMM_SZXJ_022.py:36 - 限价委托买-全部撤单
2020-07-20 16:25:25,640 - mainService.py:235 - 报单查询等待...,xtpID=901029373774144314
2020-07-20 16:25:26,549 - YW_CYBMM_SZXJ_022.py:63 - 执行结果为True,,
2020-07-20 16:25:38,028 - YW_CYBMM_SZXJ_023.py:36 - 限价委托买-全成再撤单（OMS）
2020-07-20 16:25:40,166 - YW_CYBMM_SZXJ_023.py:63 - 执行结果为True,,
2020-07-20 16:25:56,738 - YW_CYBMM_SZXJ_025.py:36 - 限价委托买-部撤再撤单（OMS）
2020-07-20 16:25:59,033 - mainService.py:235 - 报单查询等待...,xtpID=901029373774146320
2020-07-20 16:25:59,873 - YW_CYBMM_SZXJ_025.py:63 - 执行结果为True,,
2020-07-20 16:26:05,802 - YW_CYBMM_SZXJ_026.py:36 - 限价委托买-全撤再撤单（OMS）
2020-07-20 16:26:08,012 - mainService.py:235 - 报单查询等待...,xtpID=901029373774147324
2020-07-20 16:26:08,953 - YW_CYBMM_SZXJ_026.py:63 - 执行结果为True,,
2020-07-20 16:26:20,503 - YW_CYBMM_SZXJ_033.py:36 - 默认3：订单报价超过涨跌幅限制-深A限价买>涨停价（涨停价+0.02）
2020-07-20 16:26:21,635 - YW_CYBMM_SZXJ_033.py:63 - 执行结果为True,,
2020-07-20 16:27:18,058 - YW_CYBMM_SZXJ_034.py:36 - 默认3：订单报价未超过涨跌幅限制-深A限价买=涨停价
2020-07-20 16:27:19,191 - YW_CYBMM_SZXJ_034.py:63 - 执行结果为True,,
2020-07-20 16:27:31,781 - YW_CYBMM_SZXJ_035.py:36 - 默认3：订单报价超过涨跌幅限制-深A限价买><跌停价（跌停价-0.02）
2020-07-20 16:27:32,911 - YW_CYBMM_SZXJ_035.py:63 - 执行结果为True,,
2020-07-20 16:27:36,247 - YW_CYBMM_SZXJ_036.py:36 - 默认3：订单报价未超过涨跌幅限制-深A限价买=跌停价
2020-07-20 16:27:39,376 - YW_CYBMM_SZXJ_036.py:63 - 执行结果为True,,
2020-07-20 16:27:46,653 - YW_CYBMM_SZXJ_039.py:35 - 深圳Ａ股股票交易日限价委托买-不存在的证券代码
2020-07-20 16:27:49,071 - BdtsDataCheck.py:208 - 期望状态和报单状态、提交状态不匹配，期望状态、报单状态、提交状态分别为废单,XTP_ORDER_STATUS_ALLTRADED,XTP_ORDER_SUBMIT_STATUS_INSERT_ACCEPTED
2020-07-20 16:27:49,757 - YW_CYBMM_SZXJ_039.py:50 - 执行结果为False,报单查询,期望状态与报单状态不匹配
2020-07-20 16:29:19,743 - YW_CYBMM_SZXJ_039.py:35 - 深圳Ａ股股票交易日限价委托买-不存在的证券代码
2020-07-20 16:29:20,840 - YW_CYBMM_SZXJ_039.py:50 - 执行结果为True,,
2020-07-20 16:29:30,881 - YW_CYBMM_SZXJ_040.py:36 - 深圳Ａ股股票交易日限价委托买-错误的市场
2020-07-20 16:29:32,022 - YW_CYBMM_SZXJ_040.py:63 - 执行结果为True,,
2020-07-20 16:29:36,276 - YW_CYBMM_SZXJ_041.py:36 - 深圳Ａ股股票交易日限价委托买-错误的价格（价格<0）
2020-07-20 16:29:36,438 - YW_CYBMM_SZXJ_041.py:63 - 执行结果为True,,
2020-07-20 16:29:40,943 - YW_CYBMM_SZXJ_042.py:36 - 交易日限价委托买-错误的价格（价格=0）
2020-07-20 16:29:42,072 - YW_CYBMM_SZXJ_042.py:63 - 执行结果为True,,
2020-07-20 16:29:48,125 - YW_CYBMM_SZXJ_043.py:36 - 深圳Ａ股股票交易日限价委托买-错误的价格（价格巨大）
2020-07-20 16:29:49,273 - YW_CYBMM_SZXJ_043.py:63 - 执行结果为True,,
2020-07-20 16:29:54,769 - YW_CYBMM_SZXJ_044.py:36 - 深圳Ａ股股票交易日限价委托买-错误的数量（数量<0）
2020-07-20 16:29:54,900 - YW_CYBMM_SZXJ_044.py:63 - 执行结果为True,,
2020-07-20 16:29:57,852 - YW_CYBMM_SZXJ_045.py:36 - 深圳Ａ股股票交易日限价委托买-错误的数量（数量=0）
2020-07-20 16:29:59,007 - YW_CYBMM_SZXJ_045.py:63 - 执行结果为True,,
2020-07-20 16:30:02,387 - YW_CYBMM_SZXJ_046.py:36 - 深圳Ａ股股票交易日限价委托买-错误的数量（数量>200万）
2020-07-20 16:30:03,515 - YW_CYBMM_SZXJ_046.py:63 - 执行结果为True,,
2020-07-20 16:30:06,858 - YW_CYBMM_SZXJ_047.py:36 - 深圳Ａ股股票交易日限价委托买-错误的价格条件
2020-07-20 16:30:07,990 - YW_CYBMM_SZXJ_047.py:63 - 执行结果为True,,
2020-07-20 16:30:12,404 - YW_CYBMM_SZXJ_048.py:36 - 深圳Ａ股股票交易日限价委托买-数量溢出（100亿）
2020-07-20 16:30:13,538 - YW_CYBMM_SZXJ_048.py:63 - 执行结果为True,,
2020-07-20 16:31:03,531 - YW_CYBMM_SZXJ_048.py:36 - 深圳Ａ股股票交易日限价委托买-数量溢出（100亿）
2020-07-20 16:31:04,679 - YW_CYBMM_SZXJ_048.py:63 - 执行结果为True,,
2020-07-20 17:15:10,493 - YW_CYBMM_SZXJ_010.py:36 - 限价委托买-订单确认
2020-07-20 17:15:10,776 - BdtsDataCheck.py:287 - 期望状态和报单状态、提交状态不匹配，期望状态、报单状态、提交状态分别为未成交,XTP_ORDER_STATUS_REJECTED,XTP_ORDER_SUBMIT_STATUS_INSERT_REJECTED
2020-07-20 17:15:11,648 - YW_CYBMM_SZXJ_010.py:64 - 执行结果为False,报单查询,期望状态与报单状态不匹配
2020-07-20 17:16:36,998 - YW_CYBMM_SZXJ_010.py:36 - 限价委托买-订单确认
2020-07-20 17:16:37,359 - BdtsDataCheck.py:287 - 期望状态和报单状态、提交状态不匹配，期望状态、报单状态、提交状态分别为未成交,XTP_ORDER_STATUS_REJECTED,XTP_ORDER_SUBMIT_STATUS_INSERT_REJECTED
2020-07-20 17:16:38,178 - YW_CYBMM_SZXJ_010.py:64 - 执行结果为False,报单查询,期望状态与报单状态不匹配
2020-07-20 17:18:05,993 - YW_CYBMM_SZXJ_010.py:36 - 限价委托买-订单确认
2020-07-20 17:18:06,266 - BdtsDataCheck.py:287 - 期望状态和报单状态、提交状态不匹配，期望状态、报单状态、提交状态分别为未成交,XTP_ORDER_STATUS_REJECTED,XTP_ORDER_SUBMIT_STATUS_INSERT_REJECTED
2020-07-20 17:18:07,122 - YW_CYBMM_SZXJ_010.py:64 - 执行结果为False,报单查询,期望状态与报单状态不匹配
2020-07-20 17:19:29,176 - YW_CYBMM_SZXJ_010.py:36 - 限价委托买-订单确认
2020-07-20 17:19:29,448 - BdtsDataCheck.py:287 - 期望状态和报单状态、提交状态不匹配，期望状态、报单状态、提交状态分别为未成交,XTP_ORDER_STATUS_REJECTED,XTP_ORDER_SUBMIT_STATUS_INSERT_REJECTED
2020-07-20 17:19:30,308 - YW_CYBMM_SZXJ_010.py:64 - 执行结果为False,报单查询,期望状态与报单状态不匹配
2020-07-20 17:20:17,860 - YW_CYBMM_SZXJ_010.py:36 - 限价委托买-订单确认
2020-07-20 17:20:21,015 - YW_CYBMM_SZXJ_010.py:64 - 执行结果为True,,
2020-07-20 17:20:54,182 - YW_CYBMM_SZXJ_010.py:36 - 限价委托买-订单确认
2020-07-20 17:20:54,445 - BdtsDataCheck.py:287 - 期望状态和报单状态、提交状态不匹配，期望状态、报单状态、提交状态分别为未成交,XTP_ORDER_STATUS_REJECTED,XTP_ORDER_SUBMIT_STATUS_INSERT_REJECTED
2020-07-20 17:20:55,306 - YW_CYBMM_SZXJ_010.py:64 - 执行结果为False,报单查询,期望状态与报单状态不匹配
2020-07-20 17:43:35,252 - YW_CYBMM_SZXJ_111.py:36 - 订单报价，四舍五入后，未超过涨跌幅限制-深A限价买=涨停价+0.004
2020-07-20 17:43:35,520 - BdtsDataCheck.py:287 - 期望状态和报单状态、提交状态不匹配，期望状态、报单状态、提交状态分别为全成,XTP_ORDER_STATUS_REJECTED,XTP_ORDER_SUBMIT_STATUS_INSERT_REJECTED
2020-07-20 17:43:36,380 - YW_CYBMM_SZXJ_111.py:63 - 执行结果为False,报单查询,期望状态与报单状态不匹配
2020-07-20 17:56:46,436 - YW_CYBMM_SZXJ_111.py:36 - 订单报价，四舍五入后，未超过涨跌幅限制-深A限价买=涨停价+0.004
2020-07-20 17:56:47,563 - YW_CYBMM_SZXJ_111.py:63 - 执行结果为True,,
2020-07-20 17:56:52,267 - YW_CYBMM_SZXJ_112.py:36 - 订单报价，四舍五入后，超过涨跌幅限制-深A限价买=涨停价+0.005
2020-07-20 17:56:52,542 - BdtsDataCheck.py:655 - 报单的error_id与用例期望的不一致，期望和实际的error_id分别是11010122,11100000
2020-07-20 17:56:53,400 - YW_CYBMM_SZXJ_112.py:63 - 执行结果为False,报单推送,报单的error_id与用例期望的不一致
2020-07-20 18:02:20,328 - YW_CYBMM_SZXJ_112.py:38 - 订单报价，四舍五入后，超过涨跌幅限制-深A限价买=涨停价+0.005
2020-07-20 18:02:21,500 - YW_CYBMM_SZXJ_112.py:65 - 执行结果为True,,
2020-07-20 18:02:58,441 - YW_CYBMM_SZXJ_113.py:36 - 订单报价，四舍五入后，未超过涨跌幅限制-深A限价买=跌停价-0.005
2020-07-20 18:03:00,889 - BdtsDataCheck.py:208 - 期望状态和报单状态、提交状态不匹配，期望状态、报单状态、提交状态分别为废单,XTP_ORDER_STATUS_ALLTRADED,XTP_ORDER_SUBMIT_STATUS_INSERT_ACCEPTED
2020-07-20 18:03:01,570 - YW_CYBMM_SZXJ_113.py:63 - 执行结果为False,报单查询,期望状态与报单状态不匹配
2020-07-20 18:03:09,817 - YW_CYBMM_SZXJ_114.py:36 - 订单报价，四舍五入后，未超过涨跌幅限制-深A限价买=跌停价-0.006
2020-07-20 18:03:10,103 - BdtsDataCheck.py:287 - 期望状态和报单状态、提交状态不匹配，期望状态、报单状态、提交状态分别为未成交,XTP_ORDER_STATUS_REJECTED,XTP_ORDER_SUBMIT_STATUS_INSERT_REJECTED
2020-07-20 18:03:10,946 - YW_CYBMM_SZXJ_114.py:63 - 执行结果为False,报单查询,期望状态与报单状态不匹配
2020-07-20 18:18:01,188 - YW_CYBMM_SZXJ_112.py:36 - 订单报价，四舍五入后，超过涨跌幅限制-深A限价买=涨停价+0.005
2020-07-20 18:18:02,340 - YW_CYBMM_SZXJ_112.py:63 - 执行结果为True,,
2020-07-20 18:19:14,176 - YW_CYBMM_SZXJ_113.py:36 - 订单报价，四舍五入后，未超过涨跌幅限制-深A限价买=跌停价-0.006
2020-07-20 18:19:17,311 - YW_CYBMM_SZXJ_113.py:63 - 执行结果为False,报单查询,期望状态与报单状态不匹配
2020-07-20 18:20:20,294 - YW_CYBMM_SZXJ_113.py:36 - 订单报价，四舍五入后，未超过涨跌幅限制-深A限价买=跌停价-0.006
2020-07-20 18:20:21,421 - YW_CYBMM_SZXJ_113.py:63 - 执行结果为True,,
2020-07-20 18:20:50,736 - YW_CYBMM_SZXJ_114.py:36 - 订单报价，四舍五入后，未超过涨跌幅限制-深A限价买=跌停价-0.005
2020-07-20 18:20:53,204 - FundStkCheck.py:306 - 可用资金预冻结不正确
2020-07-20 18:20:53,892 - YW_CYBMM_SZXJ_114.py:63 - 执行结果为False,报单查询,可用资金预冻结不正确
2020-07-20 18:21:02,697 - YW_CYBMM_SZXJ_114.py:36 - 订单报价，四舍五入后，未超过涨跌幅限制-深A限价买=跌停价-0.005
2020-07-20 18:21:05,240 - CheckDataPrice.py:35 - price应小于等于委托价格，price和委托价格分别是8.42,8.415
2020-07-20 18:21:05,240 - CjhbDataCheck.py:142 - 成交回报和委托信息不一致，如：xtpid,market,ticker,side,price
2020-07-20 18:21:05,827 - YW_CYBMM_SZXJ_114.py:63 - 执行结果为False,成交回报,成交回报和委托信息不一致，如：xtpid,market,ticker,side,price
2020-07-20 18:24:17,291 - YW_CYBMM_SZXJ_114.py:36 - 订单报价，四舍五入后，未超过涨跌幅限制-深A限价买=跌停价-0.005
2020-07-20 18:24:19,747 - FundStkCheck.py:306 - 可用资金预冻结不正确
2020-07-20 18:24:20,418 - YW_CYBMM_SZXJ_114.py:63 - 执行结果为False,报单查询,可用资金预冻结不正确
2020-07-20 18:34:07,754 - YW_CYBMM_SZXJ_115.py:36 - 创业板股票交易日限价委托买-错误的业务类型
2020-07-20 18:34:07,968 - BdtsDataCheck.py:655 - 报单的error_id与用例期望的不一致，期望和实际的error_id分别是11000370,11000108
2020-07-20 18:34:08,882 - YW_CYBMM_SZXJ_115.py:63 - 执行结果为False,报单推送,报单的error_id与用例期望的不一致
2020-07-20 18:35:55,630 - YW_CYBMM_SZXJ_115.py:36 - 创业板股票交易日限价委托买-错误的业务类型
2020-07-20 18:35:56,759 - YW_CYBMM_SZXJ_115.py:63 - 执行结果为True,,
2020-07-20 18:36:22,830 - YW_CYBMM_SZXJ_116.py:36 - 创业板股票交易日限价委托买-错误的买卖方向
2020-07-20 18:36:23,957 - YW_CYBMM_SZXJ_116.py:63 - 执行结果为True,,
2020-07-20 18:36:30,506 - YW_CYBMM_SZXJ_040.py:36 - 深圳Ａ股股票交易日限价委托买-错误的市场
2020-07-20 18:36:31,638 - YW_CYBMM_SZXJ_040.py:63 - 执行结果为True,,
2020-07-20 18:36:50,290 - YW_CYBMM_SZXJ_040.py:36 - 深圳Ａ股股票交易日限价委托买-错误的市场
2020-07-20 18:36:52,783 - BdtsDataCheck.py:208 - 期望状态和报单状态、提交状态不匹配，期望状态、报单状态、提交状态分别为废单,XTP_ORDER_STATUS_ALLTRADED,XTP_ORDER_SUBMIT_STATUS_INSERT_ACCEPTED
2020-07-20 18:36:53,472 - YW_CYBMM_SZXJ_040.py:63 - 执行结果为False,报单查询,期望状态与报单状态不匹配
2020-07-20 18:40:38,297 - YW_CYBMM_SZXJ_040.py:36 - 深圳Ａ股股票交易日限价委托买-错误的市场
2020-07-20 18:40:39,427 - YW_CYBMM_SZXJ_040.py:63 - 执行结果为True,,
2020-07-20 19:54:22,260 - YW_CYBMM_SZXJ_042.py:36 - 交易日限价委托买-错误的价格（价格=0）
2020-07-20 19:54:23,391 - YW_CYBMM_SZXJ_042.py:63 - 执行结果为True,,
