2020-07-02 19:38:12,411 - YW_GPMM_QXJY_003.py:42 - OMS初始化—可选权限—Fundinfo&Secuinfo表，无市价委托权限--买入
2020-07-02 19:38:18,084 - YW_GPMM_QXJY_004.py:36 - OMS初始化—可选权限—Fundinfo&Secuinfo表，无市价委托权限--买入
2020-07-02 19:38:23,876 - YW_GPMM_QXJY_005.py:36 - OMS初始化—可选权限—Fundinfo&Secuinfo表，无市价委托权限--卖出
2020-07-02 19:38:28,941 - YW_GPMM_QXJY_006.py:36 - OMS初始化—可选权限—Fundinfo&Secuinfo表，无市价委托权限--卖出
2020-07-02 19:39:45,898 - YW_GPMM_QXJY_007.py:43 - OMS初始化—可选权限—Fundinfo表，资金账号无市价委托权限--买入
2020-07-02 19:39:51,523 - YW_GPMM_QXJY_008.py:36 - OMS初始化—可选权限—Fundinfo表，资金账号无市价委托权限--买入
2020-07-02 19:39:57,309 - YW_GPMM_QXJY_009.py:36 - OMS初始化—可选权限—Fundinfo表，资金账号无市价委托权限--卖出
2020-07-02 19:40:02,379 - YW_GPMM_QXJY_010.py:36 - OMS初始化—可选权限—Fundinfo表，资金账号无市价委托权限--卖出
2020-07-02 19:41:15,815 - YW_GPMM_QXJY_011.py:43 - OMS初始化—可选权限—Secuinfo表，沪A证券账号无市价委托权限--买入
2020-07-02 19:41:21,522 - YW_GPMM_QXJY_012.py:36 - OMS初始化—可选权限—Secuinfo表，沪A证券账号无市价委托权限--买入
2020-07-02 19:41:27,293 - YW_GPMM_QXJY_013.py:36 - OMS初始化—可选权限—Secuinfo表，沪A证券账号无市价委托权限--卖出
2020-07-02 19:41:32,361 - YW_GPMM_QXJY_014.py:36 - OMS初始化—可选权限—Secuinfo表，沪A证券账号无市价委托权限--卖出
2020-07-02 19:42:43,374 - YW_GPMM_QXJY_015.py:43 - OMS初始化—可选权限—Secuinfo表，深A证券账号无市价委托权限--买入
2020-07-02 19:42:49,049 - YW_GPMM_QXJY_016.py:36 - OMS初始化—可选权限—Secuinfo表，深A证券账号无市价委托权限--买入
2020-07-02 19:42:54,808 - YW_GPMM_QXJY_017.py:36 - OMS初始化—可选权限—Secuinfo表，深A证券账号无市价委托权限--卖出
2020-07-02 19:42:59,860 - YW_GPMM_QXJY_018.py:36 - OMS初始化—可选权限—Secuinfo表，深A证券账号无市价委托权限--卖出
2020-07-02 19:44:10,783 - YW_QX_KCBJY_001.py:44 - OMS初始化—可选权限—Fundinfo&Secuinfo表，拥有市价委托权限--买科创板
2020-07-02 19:44:15,817 - YW_QX_KCBJY_002.py:36 - OMS初始化—可选权限—Fundinfo&Secuinfo表，拥有市价委托权限--卖科创板
2020-07-02 19:45:31,594 - YW_QX_KCBJY_003.py:42 - OMS初始化—可选权限—Fundinfo&Secuinfo表，无市价委托权限--买科创板
2020-07-02 19:45:36,649 - YW_QX_KCBJY_004.py:36 - OMS初始化—可选权限—Fundinfo&Secuinfo表，无市价委托权限--卖科创板
2020-07-02 19:46:54,130 - YW_QX_KCBJY_005.py:43 - OMS初始化—可选权限—Fundinfo表，资金账号无市价委托权限--买科创板
2020-07-02 19:46:59,195 - YW_QX_KCBJY_006.py:36 - OMS初始化—可选权限—Fundinfo表，资金账号无市价委托权限--卖科创板
2020-07-02 19:48:10,019 - YW_QX_KCBJY_007.py:43 - OMS初始化—可选权限—Secuinfo表，沪A证券账号无市价委托权限--买科创板
2020-07-02 19:48:15,070 - YW_QX_KCBJY_008.py:36 - OMS初始化—可选权限—Secuinfo表，沪A证券账号无市价委托权限--卖科创板
2020-07-02 19:49:25,943 - YW_GPMM_QXJY_001.py:44 - OMS初始化—可选权限—Fundinfo&Secuinfo表，拥有市价委托权限--买入
2020-07-02 19:49:31,584 - YW_GPMM_QXJY_002.py:36 - OMS初始化—可选权限—Fundinfo&Secuinfo表，拥有市价委托权限--买入
