2020-07-16 13:14:29,273 - YW_GGQQ_YWFXJHA_GU_097.py:37 - 买平（义务方平仓，有昨仓）：限价-已成（费用>min）
2020-07-16 13:14:30,802 - YW_GGQQ_YWFXJHA_GU_097.py:67 - 执行结果为True
2020-07-16 14:50:48,852 - YW_GGQQ_YWFSJHA_GU_063.py:37 - 买平（义务方平仓，有昨仓）：市价剩余转限价-全部撤单
2020-07-16 14:50:49,887 - OptMainService.py:199 - 报单查询等待...,xtpID=901030473285765075
2020-07-16 14:50:50,887 - YW_GGQQ_YWFSJHA_GU_063.py:67 - 执行结果为True
2020-07-16 14:51:08,692 - YW_GGQQ_YWFSJHA_GU_067.py:37 - 买平（义务方平仓）：市价剩余转限价-部撤再撤单（OMS）
2020-07-16 14:51:09,904 - OptMainService.py:199 - 报单查询等待...,xtpID=901030473285766078
2020-07-16 14:51:11,212 - YW_GGQQ_YWFSJHA_GU_067.py:67 - 执行结果为True
2020-07-16 14:51:17,737 - YW_GGQQ_YWFSJHA_GU_068.py:37 - 买平（义务方平仓）：市价剩余转限价-全撤再撤单（OMS）
2020-07-16 14:51:18,935 - OptMainService.py:199 - 报单查询等待...,xtpID=901030473285767082
2020-07-16 14:51:20,257 - YW_GGQQ_YWFSJHA_GU_068.py:67 - 执行结果为True
2020-07-16 14:52:49,024 - YW_GGQQ_QLFXJHA_086.py:48 - 卖平（权利方平仓）：限价-验资（可用资金刚好）（下单金额<费用&&可用资金=（费用-下单金额））
2020-07-16 14:52:49,691 - OptCjhbDataCheck.py:1021 - 可行权合约错误，原可行权合约,现可行权合约分别为500,498
2020-07-16 14:52:50,048 - YW_GGQQ_QLFXJHA_086.py:81 - 执行结果为False,成交回报,["可行权合约错误", {"现可行权合约": 498, "原可行权合约": 500}]
2020-07-16 15:39:09,393 - YW_GGQQ_QLFXJHA_086.py:48 - 卖平（权利方平仓）：限价-验资（可用资金刚好）（下单金额<费用&&可用资金=（费用-下单金额））
2020-07-16 15:39:09,914 - YW_GGQQ_QLFXJHA_086.py:77 - 执行结果为True
2020-07-16 15:41:12,050 - YW_GGQQ_QLFSJHA_133.py:48 - 卖平（权利方平仓）：市价剩余撤销-验资（可用资金<=0且下单导致可用资金增加后变成正数）
2020-07-16 15:41:13,571 - YW_GGQQ_QLFSJHA_133.py:77 - 执行结果为True
2020-07-16 15:43:30,976 - YW_GGQQ_YWFSJHA_GOU_038.py:48 - 卖开（义务方开仓）：市价剩余转限价-验资（可用资金刚好）（可用资金=下单金额+费用）
2020-07-16 15:43:31,495 - YW_GGQQ_YWFSJHA_GOU_038.py:77 - 执行结果为True
2020-07-16 15:45:55,817 - YW_GGQQ_YWFSJHA_GOU_123.py:48 - 卖开（义务方开仓）：市价剩余转撤销-验资（可用资金刚好）（可用资金=下单金额+费用）
2020-07-16 15:57:41,020 - YW_GGQQ_YWFSJHA_GOU_123.py:48 - 卖开（义务方开仓）：市价剩余转撤销-验资（可用资金刚好）（可用资金=下单金额+费用）
2020-07-16 15:57:41,542 - YW_GGQQ_YWFSJHA_GOU_123.py:77 - 执行结果为True
2020-07-16 16:05:07,565 - YW_QX_KCBJY_007.py:43 - OMS初始化—可选权限—Secuinfo表，沪A证券账号无市价委托权限--买科创板
2020-07-16 16:05:07,885 - BdtsDataCheck.py:208 - 期望状态和报单状态、提交状态不匹配，期望状态、报单状态、提交状态分别为废单,XTP_ORDER_STATUS_ALLTRADED,XTP_ORDER_SUBMIT_STATUS_INSERT_ACCEPTED
2020-07-16 16:05:08,689 - YW_QX_KCBJY_007.py:70 - 执行结果为False,报单查询,期望状态与报单状态不匹配
2020-07-16 16:10:24,748 - YW_QX_KCBJY_008.py:36 - OMS初始化—可选权限—Secuinfo表，沪A证券账号无市价委托权限--卖科创板
2020-07-16 16:10:25,150 - BdtsDataCheck.py:208 - 期望状态和报单状态、提交状态不匹配，期望状态、报单状态、提交状态分别为废单,XTP_ORDER_STATUS_ALLTRADED,XTP_ORDER_SUBMIT_STATUS_INSERT_ACCEPTED
2020-07-16 16:10:25,974 - YW_QX_KCBJY_008.py:63 - 执行结果为False,报单查询,期望状态与报单状态不匹配
2020-07-16 16:13:33,211 - YW_CYBMM_SZSJ_068.py:36 - 交易日即成剩撤卖-最后一次卖为非100的倍数
2020-07-16 16:13:33,622 - BdtsDataCheck.py:287 - 期望状态和报单状态、提交状态不匹配，期望状态、报单状态、提交状态分别为全成,XTP_ORDER_STATUS_REJECTED,XTP_ORDER_SUBMIT_STATUS_INSERT_REJECTED
2020-07-16 16:13:34,473 - YW_CYBMM_SZSJ_068.py:63 - 执行结果为False,报单查询,期望状态与报单状态不匹配
2020-07-16 16:16:12,707 - YW_ZXBMM_SZSJ_242.py:36 - 本方最优买-部撤再撤单(OMS)
2020-07-16 16:16:15,124 - mainService.py:235 - 报单查询等待...,xtpID=901029373774140303
2020-07-16 16:16:15,967 - YW_ZXBMM_SZSJ_242.py:63 - 执行结果为True,,
2020-07-16 16:16:35,237 - YW_FXJSMM_SZXJ_047.py:36 - 深圳Ａ股股票交易日限价委托买-错误的价格条件
2020-07-16 16:16:36,124 - BdtsDataCheck.py:655 - 报单的error_id与用例期望的不一致，期望和实际的error_id分别是11000314,11100020
2020-07-16 16:16:36,981 - YW_FXJSMM_SZXJ_047.py:63 - 执行结果为False,报单推送,报单的error_id与用例期望的不一致
2020-07-16 16:25:16,970 - YW_FXJS_QXJY_029.py:44 - OMS初始化—可选权限—Fundinfo&Secuinfo表，同时拥有买入风险警示板权限（市价）
2020-07-16 16:25:18,102 - YW_FXJS_QXJY_029.py:71 - 执行结果为True,,
2020-07-16 16:29:10,282 - YW_FXJS_QXJY_029.py:44 - OMS初始化—可选权限—Fundinfo&Secuinfo表，同时拥有买入风险警示板权限（市价）
2020-07-16 16:29:11,451 - YW_FXJS_QXJY_029.py:72 - 执行结果为True,,
2020-07-16 16:30:47,085 - YW_TSZLMM_SHXJ_082.py:36 - 默认3：订单报价未超过涨跌幅限制-沪A限价卖=跌停价
2020-07-16 16:30:47,568 - BdtsDataCheck.py:287 - 期望状态和报单状态、提交状态不匹配，期望状态、报单状态、提交状态分别为全成,XTP_ORDER_STATUS_REJECTED,XTP_ORDER_SUBMIT_STATUS_INSERT_REJECTED
2020-07-16 16:30:48,412 - YW_TSZLMM_SHXJ_082.py:63 - 执行结果为False,报单查询,期望状态与报单状态不匹配
2020-07-16 16:32:52,874 - YW_TSZLMM_SHXJ_082.py:36 - 默认3：订单报价未超过涨跌幅限制-沪A限价卖=跌停价
2020-07-16 16:32:54,189 - YW_TSZLMM_SHXJ_082.py:64 - 执行结果为True,,
2020-07-16 17:35:24,737 - xj_right_init.py:52 - 卖开（义务方开仓）：T日增加10001032和20002438多头持仓
2020-07-16 17:35:25,763 - xj_right_init.py:84 - 执行结果为True
2020-07-16 17:35:28,281 - xj_right_init.py:84 - 执行结果为True
2020-07-16 17:35:31,301 - xj_right_init.py:84 - 执行结果为True
2020-07-16 17:35:34,822 - xj_right_init.py:84 - 执行结果为True
2020-07-16 17:35:37,343 - xj_right_init.py:84 - 执行结果为True
2020-07-16 17:35:40,365 - xj_right_init.py:84 - 执行结果为True
2020-07-16 17:35:42,498 - sj_right_init.py:52 - 卖开（义务方开仓）：T日增加11002633和20002438空头持仓
2020-07-16 17:35:43,516 - sj_right_init.py:84 - 执行结果为True
2020-07-16 17:35:45,634 - xj_call_init.py:55 - 卖开（义务方开仓）：T日增加11002633和20002438空头持仓
2020-07-16 17:35:46,654 - xj_call_init.py:87 - 执行结果为True
2020-07-16 17:35:49,421 - OptCjhbDataCheck.py:1021 - 可用资金错误，现可用资金,成交金额,费用,冻结保证金,原可用资金分别为3036054103.970000,8639943000.000000,16000.000000,70499100.000000,3036054103.970000
2020-07-16 17:35:49,674 - xj_call_init.py:91 - 执行结果为False,成交回报,["可用资金错误", {"冻结保证金": 70499100.0, "费用": 16000.0, "现可用资金": 3036054103.97, "成交金额": 8639943000.0, "原可用资金": 3036054103.97}]
2020-07-16 17:35:49,772 - sj_call_init.py:53 - 卖开（义务方开仓）：T日增加11002633和20002438空头持仓
2020-07-16 17:35:50,790 - sj_call_init.py:85 - 执行结果为True
2020-07-16 17:35:53,811 - sj_call_init.py:85 - 执行结果为True
2020-07-16 17:35:56,841 - sj_call_init.py:85 - 执行结果为True
2020-07-16 17:35:59,862 - sj_call_init.py:85 - 执行结果为True
2020-07-16 17:36:01,958 - xj_put_init.py:52 - 卖开（义务方开仓）：T日增加20002380和20002378空头持仓
2020-07-16 17:36:02,977 - xj_put_init.py:84 - 执行结果为True
2020-07-16 17:36:06,004 - xj_put_init.py:84 - 执行结果为True
2020-07-16 17:36:09,026 - xj_put_init.py:84 - 执行结果为True
2020-07-16 17:36:11,545 - xj_put_init.py:84 - 执行结果为True
2020-07-16 17:36:14,566 - xj_put_init.py:84 - 执行结果为True
2020-07-16 17:36:17,587 - xj_put_init.py:84 - 执行结果为True
2020-07-16 17:37:16,279 - sj_put_init.py:50 - 卖开（义务方开仓）：T日增加20002380和20002378空头持仓
2020-07-16 17:37:17,299 - sj_put_init.py:82 - 执行结果为True
2020-07-16 17:37:20,319 - sj_put_init.py:82 - 执行结果为True
2020-07-16 17:37:23,341 - sj_put_init.py:82 - 执行结果为True
2020-07-16 17:37:26,362 - sj_put_init.py:82 - 执行结果为True
2020-07-16 17:37:29,392 - sj_put_init.py:82 - 执行结果为True
2020-07-16 17:37:32,413 - sj_put_init.py:82 - 执行结果为True
2020-07-16 17:37:34,416 - YW_GGQQ_QLFXJHA_012.py:37 - 买开（权利方开仓）：限价-部成
2020-07-16 17:37:35,438 - YW_GGQQ_QLFXJHA_012.py:67 - 执行结果为True
2020-07-16 17:37:35,438 - YW_GGQQ_QLFXJHA_013.py:37 - 买开（权利方开仓）：限价-已成（费用=min）
2020-07-16 17:37:35,962 - YW_GGQQ_QLFXJHA_013.py:67 - 执行结果为True
2020-07-16 17:37:35,962 - YW_GGQQ_QLFXJHA_014.py:37 - 买开（权利方开仓）：限价-已成（费用>min）
2020-07-16 17:37:36,983 - YW_GGQQ_QLFXJHA_014.py:67 - 执行结果为True
2020-07-16 17:37:37,000 - YW_GGQQ_QLFXJHA_017.py:37 - 沪A买开（权利方开仓）：限价-OMS拒单（涨停价+0.0002）
2020-07-16 17:37:37,521 - YW_GGQQ_QLFXJHA_017.py:67 - 执行结果为True
2020-07-16 17:37:37,546 - YW_GGQQ_QLFXJHA_018.py:37 - 沪A买开（权利方开仓）：限价-OMS拒单（跌停价-0.0002）
2020-07-16 17:37:38,074 - YW_GGQQ_QLFXJHA_018.py:67 - 执行结果为True
2020-07-16 17:37:38,075 - YW_GGQQ_QLFXJHA_019.py:37 - 买开（权利方开仓）：限价-部成撤单
2020-07-16 17:37:39,082 - OptMainService.py:199 - 报单查询等待...,xtpID=901030473285766104
2020-07-16 17:37:40,109 - YW_GGQQ_QLFXJHA_019.py:67 - 执行结果为True
2020-07-16 17:37:40,109 - YW_GGQQ_QLFXJHA_020.py:37 - 买开（权利方开仓）：限价-全部撤单
2020-07-16 17:37:41,107 - OptMainService.py:199 - 报单查询等待...,xtpID=901030473285766106
2020-07-16 17:37:42,133 - YW_GGQQ_QLFXJHA_020.py:67 - 执行结果为True
2020-07-16 17:37:42,149 - YW_GGQQ_QLFXJHA_022.py:37 - 买开（权利方开仓）：限价-全成再撤单（OMS）
2020-07-16 17:37:43,174 - YW_GGQQ_QLFXJHA_022.py:67 - 执行结果为True
2020-07-16 17:37:43,198 - YW_GGQQ_QLFXJHA_023.py:37 - 买开（权利方开仓）：限价-废单再撤单（OMS）
2020-07-16 17:37:44,220 - YW_GGQQ_QLFXJHA_023.py:67 - 执行结果为True
2020-07-16 17:37:44,236 - YW_GGQQ_QLFXJHA_024.py:37 - 买开（权利方开仓）：限价-部撤再撤单（OMS）
2020-07-16 17:37:45,132 - OptMainService.py:199 - 报单查询等待...,xtpID=901030473285766112
2020-07-16 17:37:46,259 - YW_GGQQ_QLFXJHA_024.py:67 - 执行结果为True
2020-07-16 17:37:46,275 - YW_GGQQ_QLFXJHA_025.py:37 - 买开（权利方开仓）：限价-全撤再撤单（OMS）
2020-07-16 17:37:47,144 - OptMainService.py:199 - 报单查询等待...,xtpID=901030473285766115
2020-07-16 17:37:48,297 - YW_GGQQ_QLFXJHA_025.py:67 - 执行结果为True
2020-07-16 17:37:48,314 - YW_GGQQ_QLFXJHA_040.py:37 - 买开（权利方开仓）：限价-不存在的证券代码
2020-07-16 17:37:48,818 - YW_GGQQ_QLFXJHA_040.py:54 - 执行结果为True
2020-07-16 17:37:48,834 - YW_GGQQ_QLFXJHA_041.py:37 - 买开（权利方开仓）：限价-错误的市场
2020-07-16 17:37:49,357 - YW_GGQQ_QLFXJHA_041.py:67 - 执行结果为True
2020-07-16 17:37:49,375 - YW_GGQQ_QLFXJHA_042.py:37 - 买开（权利方开仓）：限价-错误的价格（价格=0）
2020-07-16 17:37:49,899 - YW_GGQQ_QLFXJHA_042.py:67 - 执行结果为True
2020-07-16 17:37:49,915 - YW_GGQQ_QLFXJHA_043.py:37 - 买开（权利方开仓）：限价-错误的价格（价格巨大）
2020-07-16 17:37:50,437 - YW_GGQQ_QLFXJHA_043.py:67 - 执行结果为True
2020-07-16 17:37:50,454 - YW_GGQQ_QLFXJHA_044.py:37 - 买开（权利方开仓）：限价-错误的数量（小于限价最小量）
2020-07-16 17:37:50,973 - YW_GGQQ_QLFXJHA_044.py:67 - 执行结果为True
2020-07-16 17:37:50,989 - YW_GGQQ_QLFXJHA_045.py:37 - 买开（权利方开仓）：限价-错误的数量（大于限价最大量）
2020-07-16 17:37:51,508 - YW_GGQQ_QLFXJHA_045.py:67 - 执行结果为True
2020-07-16 17:37:51,526 - YW_GGQQ_QLFXJHA_046.py:37 - 买开（权利方开仓）：限价-错误的价格条件
2020-07-16 17:37:52,048 - YW_GGQQ_QLFXJHA_046.py:67 - 执行结果为True
2020-07-16 17:37:52,065 - YW_GGQQ_QLFXJHA_047.py:37 - 买开（权利方开仓）：限价-数量溢出（100亿）
2020-07-16 17:37:52,587 - YW_GGQQ_QLFXJHA_047.py:67 - 执行结果为True
2020-07-16 17:37:52,587 - YW_GGQQ_QLFXJHA_048.py:37 - 买开（权利方开仓）：限价-金额溢出（总金额>30亿）
2020-07-16 17:37:53,107 - YW_GGQQ_QLFXJHA_048.py:67 - 执行结果为True
2020-07-16 17:37:53,108 - YW_GGQQ_QLFXJHA_059.py:37 - 卖平（权利方平仓）：限价-订单确认
2020-07-16 17:37:54,627 - YW_GGQQ_QLFXJHA_059.py:67 - 执行结果为True
2020-07-16 17:37:54,628 - YW_GGQQ_QLFXJHA_060.py:37 - 卖平（权利方平仓）：限价-部成
2020-07-16 17:37:55,647 - YW_GGQQ_QLFXJHA_060.py:67 - 执行结果为True
2020-07-16 17:37:55,647 - YW_GGQQ_QLFXJHA_061.py:37 - 卖平（权利方平仓）：限价-已成（费用=min）
2020-07-16 17:37:56,166 - YW_GGQQ_QLFXJHA_061.py:67 - 执行结果为True
2020-07-16 17:37:56,167 - YW_GGQQ_QLFXJHA_062.py:37 - 卖平（权利方平仓）：限价-已成（费用>min）
2020-07-16 17:37:57,186 - YW_GGQQ_QLFXJHA_062.py:67 - 执行结果为True
2020-07-16 17:37:57,202 - YW_GGQQ_QLFXJHA_065.py:37 - 沪A卖平（权利方平仓）：限价-OMS拒单（涨停价+0.0002）
2020-07-16 17:37:57,721 - YW_GGQQ_QLFXJHA_065.py:67 - 执行结果为True
2020-07-16 17:37:57,737 - YW_GGQQ_QLFXJHA_066.py:37 - 沪A卖平（权利方平仓）：限价-OMS拒单（跌停价-0.0002）
2020-07-16 17:37:58,256 - YW_GGQQ_QLFXJHA_066.py:67 - 执行结果为True
2020-07-16 17:37:58,256 - YW_GGQQ_QLFXJHA_067.py:37 - 卖平（权利方平仓）：限价-部成撤单
2020-07-16 17:37:59,195 - OptMainService.py:199 - 报单查询等待...,xtpID=901030473285766133
2020-07-16 17:38:00,276 - YW_GGQQ_QLFXJHA_067.py:67 - 执行结果为True
2020-07-16 17:38:00,276 - YW_GGQQ_QLFXJHA_068.py:37 - 卖平（权利方平仓）：限价-全部撤单
2020-07-16 17:38:01,205 - OptMainService.py:199 - 报单查询等待...,xtpID=901030473285766135
2020-07-16 17:38:02,301 - YW_GGQQ_QLFXJHA_068.py:67 - 执行结果为True
2020-07-16 17:38:02,318 - YW_GGQQ_QLFXJHA_070.py:37 - 卖平（权利方平仓）：限价-全成再撤单（OMS）
2020-07-16 17:38:03,338 - YW_GGQQ_QLFXJHA_070.py:67 - 执行结果为True
2020-07-16 17:38:03,354 - YW_GGQQ_QLFXJHA_071.py:37 - 卖平（权利方平仓）：限价-废单再撤单（OMS）
2020-07-16 17:38:04,372 - YW_GGQQ_QLFXJHA_071.py:67 - 执行结果为True
2020-07-16 17:38:04,388 - YW_GGQQ_QLFXJHA_072.py:37 - 卖平（权利方平仓）：限价-部撤再撤单（OMS）
2020-07-16 17:38:05,233 - OptMainService.py:199 - 报单查询等待...,xtpID=901030473285766141
2020-07-16 17:38:06,409 - YW_GGQQ_QLFXJHA_072.py:67 - 执行结果为True
2020-07-16 17:38:06,425 - YW_GGQQ_QLFXJHA_073.py:37 - 卖平（权利方平仓）：限价-全撤再撤单（OMS）
2020-07-16 17:38:07,232 - OptMainService.py:199 - 报单查询等待...,xtpID=901030473285766144
2020-07-16 17:38:08,445 - YW_GGQQ_QLFXJHA_073.py:67 - 执行结果为True
2020-07-16 17:38:08,464 - YW_GGQQ_QLFXJHA_092.py:37 - 卖平（权利方平仓）：限价-不存在的证券代码
2020-07-16 17:38:08,968 - YW_GGQQ_QLFXJHA_092.py:54 - 执行结果为True
2020-07-16 17:38:08,984 - YW_GGQQ_QLFXJHA_093.py:37 - 卖平（权利方平仓）：限价-错误的市场
2020-07-16 17:38:09,504 - YW_GGQQ_QLFXJHA_093.py:67 - 执行结果为True
2020-07-16 17:38:09,520 - YW_GGQQ_QLFXJHA_094.py:37 - 卖平（权利方平仓）：限价-错误的价格（价格=0）
2020-07-16 17:38:10,039 - YW_GGQQ_QLFXJHA_094.py:67 - 执行结果为True
2020-07-16 17:38:10,055 - YW_GGQQ_QLFXJHA_095.py:37 - 卖平（权利方平仓）：限价-错误的价格（价格巨大）
2020-07-16 17:38:10,572 - YW_GGQQ_QLFXJHA_095.py:67 - 执行结果为True
2020-07-16 17:38:10,588 - YW_GGQQ_QLFXJHA_096.py:37 - 卖平（权利方平仓）-限价-错误的数量（小于限价最小量）
2020-07-16 17:38:11,107 - YW_GGQQ_QLFXJHA_096.py:67 - 执行结果为True
2020-07-16 17:38:11,126 - YW_GGQQ_QLFXJHA_097.py:37 - 卖平（权利方平仓）-限价-错误的数量（大于限价最大量）
2020-07-16 17:38:11,645 - YW_GGQQ_QLFXJHA_097.py:67 - 执行结果为True
2020-07-16 17:38:11,664 - YW_GGQQ_QLFXJHA_098.py:37 - 卖平（权利方平仓）：限价-错误的价格条件
2020-07-16 17:38:12,188 - YW_GGQQ_QLFXJHA_098.py:67 - 执行结果为True
2020-07-16 17:38:12,214 - YW_GGQQ_QLFXJHA_099.py:37 - 卖平（权利方平仓）：限价-数量溢出（100亿）
2020-07-16 17:38:12,732 - YW_GGQQ_QLFXJHA_099.py:67 - 执行结果为True
2020-07-16 17:38:12,733 - YW_GGQQ_QLFXJHA_100.py:37 - 卖平（权利方平仓）：限价-金额溢出（总金额>30亿）
2020-07-16 17:38:13,253 - YW_GGQQ_QLFXJHA_100.py:67 - 执行结果为True
2020-07-16 17:38:13,253 - YW_GGQQ_QLFXJHA_106.py:37 - 买开（权利方开仓）：FOK限价全成或撤销-已成（费用=min）
2020-07-16 17:38:14,282 - YW_GGQQ_QLFXJHA_106.py:67 - 执行结果为True
2020-07-16 17:38:14,283 - YW_GGQQ_QLFXJHA_107.py:37 - 买开（权利方开仓）：FOK限价全成或撤销-已成（费用>min）
2020-07-16 17:38:15,302 - YW_GGQQ_QLFXJHA_107.py:67 - 执行结果为True
2020-07-16 17:38:15,320 - YW_GGQQ_QLFXJHA_110.py:37 - 沪A买开（权利方开仓）：FOK限价全成或撤销-OMS拒单（涨停价+0.0002）
2020-07-16 17:38:15,841 - YW_GGQQ_QLFXJHA_110.py:67 - 执行结果为True
2020-07-16 17:38:15,857 - YW_GGQQ_QLFXJHA_111.py:37 - 沪A买开（权利方开仓）：FOK限价全成或撤销-OMS拒单（跌停价-0.0002）
2020-07-16 17:38:16,375 - YW_GGQQ_QLFXJHA_111.py:67 - 执行结果为True
2020-07-16 17:38:16,376 - YW_GGQQ_QLFXJHA_112.py:37 - 买开（权利方开仓）：FOK限价全成或撤销-全部撤单
2020-07-16 17:38:17,398 - YW_GGQQ_QLFXJHA_112.py:67 - 执行结果为True
2020-07-16 17:38:17,414 - YW_GGQQ_QLFXJHA_113.py:37 - 买开（权利方开仓）：FOK限价全成或撤销-全成再撤单（OMS）
2020-07-16 17:38:18,436 - YW_GGQQ_QLFXJHA_113.py:67 - 执行结果为True
2020-07-16 17:38:18,452 - YW_GGQQ_QLFXJHA_114.py:37 - 买开（权利方开仓）：FOK限价全成或撤销-废单再撤单（OMS）
2020-07-16 17:38:19,476 - YW_GGQQ_QLFXJHA_114.py:67 - 执行结果为True
2020-07-16 17:38:19,492 - YW_GGQQ_QLFXJHA_115.py:37 - 买开（权利方开仓）：FOK限价全成或撤销-全撤再撤单（OMS）
2020-07-16 17:38:20,515 - YW_GGQQ_QLFXJHA_115.py:67 - 执行结果为True
2020-07-16 17:38:20,531 - YW_GGQQ_QLFXJHA_128.py:37 - 买开（权利方开仓）：FOK限价全成或撤销-不存在的证券代码
2020-07-16 17:38:21,034 - YW_GGQQ_QLFXJHA_128.py:54 - 执行结果为True
2020-07-16 17:38:21,050 - YW_GGQQ_QLFXJHA_129.py:37 - 买开（权利方开仓）：FOK限价全成或撤销-错误的市场
2020-07-16 17:38:21,571 - YW_GGQQ_QLFXJHA_129.py:67 - 执行结果为True
2020-07-16 17:38:21,588 - YW_GGQQ_QLFXJHA_130.py:37 - 买开（权利方开仓）：FOK限价全成或撤销-错误的价格（价格=0）
2020-07-16 17:38:22,110 - YW_GGQQ_QLFXJHA_130.py:67 - 执行结果为True
2020-07-16 17:38:22,126 - YW_GGQQ_QLFXJHA_131.py:37 - 买开（权利方开仓）：FOK限价全成或撤销-错误的价格（价格巨大）
2020-07-16 17:38:22,648 - YW_GGQQ_QLFXJHA_131.py:67 - 执行结果为True
2020-07-16 17:38:22,665 - YW_GGQQ_QLFXJHA_132.py:37 - 买开（权利方开仓）：FOK限价全成或撤销-错误的数量（小于限价最小量）
2020-07-16 17:38:23,183 - YW_GGQQ_QLFXJHA_132.py:67 - 执行结果为True
2020-07-16 17:38:23,199 - YW_GGQQ_QLFXJHA_133.py:37 - 买开（权利方开仓）：FOK限价全成或撤销-错误的数量（大于限价最大量）
2020-07-16 17:38:23,718 - YW_GGQQ_QLFXJHA_133.py:67 - 执行结果为True
2020-07-16 17:38:23,735 - YW_GGQQ_QLFXJHA_134.py:37 - 买开（权利方开仓）：FOK限价全成或撤销-错误的价格条件
2020-07-16 17:38:24,258 - YW_GGQQ_QLFXJHA_134.py:67 - 执行结果为True
2020-07-16 17:38:24,274 - YW_GGQQ_QLFXJHA_135.py:37 - 买开（权利方开仓）：FOK限价全成或撤销-数量溢出（100亿）
2020-07-16 17:38:24,796 - YW_GGQQ_QLFXJHA_135.py:67 - 执行结果为True
2020-07-16 17:38:24,796 - YW_GGQQ_QLFXJHA_136.py:37 - 买开（权利方开仓）：FOK限价全成或撤销-金额溢出（总金额>30亿）
2020-07-16 17:38:25,315 - YW_GGQQ_QLFXJHA_136.py:67 - 执行结果为True
2020-07-16 17:38:25,316 - YW_GGQQ_QLFXJHA_142.py:37 - 卖平（权利方平仓）：FOK限价全成或撤销-已成（费用=min）
2020-07-16 17:38:26,335 - YW_GGQQ_QLFXJHA_142.py:67 - 执行结果为True
2020-07-16 17:38:26,336 - YW_GGQQ_QLFXJHA_143.py:37 - 卖平（权利方平仓）：FOK限价全成或撤销-已成（费用>min）
2020-07-16 17:38:27,355 - YW_GGQQ_QLFXJHA_143.py:67 - 执行结果为True
2020-07-16 17:38:27,371 - YW_GGQQ_QLFXJHA_146.py:37 - 沪A卖平（权利方平仓）：FOK限价全成或撤销-OMS拒单（涨停价+0.0002）
2020-07-16 17:38:27,890 - YW_GGQQ_QLFXJHA_146.py:67 - 执行结果为True
2020-07-16 17:38:27,907 - YW_GGQQ_QLFXJHA_147.py:37 - 沪A卖平（权利方平仓）：FOK限价全成或撤销-OMS拒单（跌停价-0.0002）
2020-07-16 17:38:28,426 - YW_GGQQ_QLFXJHA_147.py:67 - 执行结果为True
2020-07-16 17:38:28,426 - YW_GGQQ_QLFXJHA_148.py:37 - 卖平（权利方平仓）：FOK限价全成或撤销-全部撤单
2020-07-16 17:38:29,446 - YW_GGQQ_QLFXJHA_148.py:67 - 执行结果为True
2020-07-16 17:38:29,462 - YW_GGQQ_QLFXJHA_149.py:37 - 卖平（权利方平仓）：FOK限价全成或撤销-全成再撤单（OMS）
2020-07-16 17:38:30,482 - YW_GGQQ_QLFXJHA_149.py:67 - 执行结果为True
2020-07-16 17:38:30,498 - YW_GGQQ_QLFXJHA_150.py:37 - 卖平（权利方平仓）：FOK限价全成或撤销-废单再撤单（OMS）
2020-07-16 17:38:31,517 - YW_GGQQ_QLFXJHA_150.py:67 - 执行结果为True
2020-07-16 17:38:31,533 - YW_GGQQ_QLFXJHA_151.py:37 - 卖平（权利方平仓）：FOK限价全成或撤销-全撤再撤单（OMS）
2020-07-16 17:38:32,052 - YW_GGQQ_QLFXJHA_151.py:67 - 执行结果为True
2020-07-16 17:38:32,069 - YW_GGQQ_QLFXJHA_168.py:37 - 卖平（权利方平仓）：FOK限价全成或撤销-不存在的证券代码
2020-07-16 17:38:32,571 - YW_GGQQ_QLFXJHA_168.py:54 - 执行结果为True
2020-07-16 17:38:32,588 - YW_GGQQ_QLFXJHA_169.py:37 - 卖平（权利方平仓）：FOK限价全成或撤销-错误的市场
2020-07-16 17:38:33,106 - YW_GGQQ_QLFXJHA_169.py:67 - 执行结果为True
2020-07-16 17:38:33,123 - YW_GGQQ_QLFXJHA_170.py:37 - 卖平（权利方平仓）：FOK限价全成或撤销-错误的价格（价格=0）
2020-07-16 17:38:33,641 - YW_GGQQ_QLFXJHA_170.py:67 - 执行结果为True
2020-07-16 17:38:33,657 - YW_GGQQ_QLFXJHA_171.py:37 - 卖平（权利方平仓）：FOK限价全成或撤销-错误的价格（价格巨大）
2020-07-16 17:38:34,176 - YW_GGQQ_QLFXJHA_171.py:67 - 执行结果为True
2020-07-16 17:38:34,192 - YW_GGQQ_QLFXJHA_172.py:37 - 卖平（权利方平仓）-FOK限价全成或撤销-错误的数量（小于限价最小量）
2020-07-16 17:38:34,710 - YW_GGQQ_QLFXJHA_172.py:67 - 执行结果为True
2020-07-16 17:38:34,727 - YW_GGQQ_QLFXJHA_173.py:37 - 卖平（权利方平仓）-FOK限价全成或撤销-错误的数量（大于限价最大量）
2020-07-16 17:38:35,246 - YW_GGQQ_QLFXJHA_173.py:67 - 执行结果为True
2020-07-16 17:38:35,262 - YW_GGQQ_QLFXJHA_174.py:37 - 卖平（权利方平仓）：FOK限价全成或撤销-错误的价格条件
2020-07-16 17:38:35,779 - YW_GGQQ_QLFXJHA_174.py:67 - 执行结果为True
2020-07-16 17:38:35,796 - YW_GGQQ_QLFXJHA_175.py:37 - 卖平（权利方平仓）：FOK限价全成或撤销-数量溢出（100亿）
2020-07-16 17:38:36,314 - YW_GGQQ_QLFXJHA_175.py:67 - 执行结果为True
2020-07-16 17:38:36,314 - YW_GGQQ_QLFXJHA_176.py:37 - 卖平（权利方平仓）：FOK限价全成或撤销-金额溢出（总金额>30亿）
2020-07-16 17:38:37,333 - YW_GGQQ_QLFXJHA_176.py:67 - 执行结果为True
2020-07-16 17:38:37,711 - YW_GGQQ_QLFSJHA_006.py:37 - 买开（权利方开仓）：市价剩余转限价-订单确认
2020-07-16 17:38:38,737 - YW_GGQQ_QLFSJHA_006.py:67 - 执行结果为True
2020-07-16 17:38:38,737 - YW_GGQQ_QLFSJHA_007.py:37 - 买开（权利方开仓）：市价剩余转限价-部成
2020-07-16 17:38:39,761 - YW_GGQQ_QLFSJHA_007.py:67 - 执行结果为True
2020-07-16 17:38:39,762 - YW_GGQQ_QLFSJHA_008.py:37 - 买开（权利方开仓）：市价剩余转限价-已成（费用=min）
2020-07-16 17:38:40,296 - YW_GGQQ_QLFSJHA_008.py:67 - 执行结果为True
2020-07-16 17:38:40,297 - YW_GGQQ_QLFSJHA_009.py:37 - 买开（权利方开仓）：市价剩余转限价-已成（费用>min）
2020-07-16 17:38:41,318 - YW_GGQQ_QLFSJHA_009.py:67 - 执行结果为True
2020-07-16 17:38:41,319 - YW_GGQQ_QLFSJHA_010.py:37 - 买开（权利方开仓）：市价剩余转限价-部成撤单
2020-07-16 17:38:42,392 - OptMainService.py:199 - 报单查询等待...,xtpID=901030473285766200
2020-07-16 17:38:43,341 - YW_GGQQ_QLFSJHA_010.py:67 - 执行结果为True
2020-07-16 17:38:43,342 - YW_GGQQ_QLFSJHA_011.py:37 - 买开（权利方开仓）：市价剩余转限价-全部撤单
2020-07-16 17:38:44,393 - OptMainService.py:199 - 报单查询等待...,xtpID=901030473285766202
2020-07-16 17:38:45,365 - YW_GGQQ_QLFSJHA_011.py:67 - 执行结果为True
2020-07-16 17:38:45,381 - YW_GGQQ_QLFSJHA_013.py:37 - 买开（权利方开仓）：市价剩余转限价-全成再撤单（OMS）
2020-07-16 17:38:46,903 - YW_GGQQ_QLFSJHA_013.py:67 - 执行结果为True
2020-07-16 17:38:46,919 - YW_GGQQ_QLFSJHA_014.py:37 - 买开（权利方开仓）：市价剩余转限价-废单再撤单（OMS）
2020-07-16 17:38:47,441 - YW_GGQQ_QLFSJHA_014.py:67 - 执行结果为True
2020-07-16 17:38:47,457 - YW_GGQQ_QLFSJHA_015.py:37 - 买开（权利方开仓）：市价剩余转限价-部撤再撤单（OMS）
2020-07-16 17:38:48,421 - OptMainService.py:199 - 报单查询等待...,xtpID=901030473285766208
2020-07-16 17:38:49,481 - YW_GGQQ_QLFSJHA_015.py:67 - 执行结果为True
2020-07-16 17:38:49,498 - YW_GGQQ_QLFSJHA_016.py:37 - 买开（权利方开仓）：市价剩余转限价-全撤再撤单（OMS）
2020-07-16 17:38:50,435 - OptMainService.py:199 - 报单查询等待...,xtpID=901030473285766211
2020-07-16 17:38:51,522 - YW_GGQQ_QLFSJHA_016.py:67 - 执行结果为True
2020-07-16 17:38:51,538 - YW_GGQQ_QLFSJHA_030.py:37 - 买开（权利方开仓）：市价剩余转限价-不存在的证券代码
2020-07-16 17:38:52,041 - YW_GGQQ_QLFSJHA_030.py:54 - 执行结果为True
2020-07-16 17:38:52,068 - YW_GGQQ_QLFSJHA_031.py:37 - 买开（权利方开仓）：市价剩余转限价-错误的市场
2020-07-16 17:38:52,590 - YW_GGQQ_QLFSJHA_031.py:67 - 执行结果为True
2020-07-16 17:38:52,611 - YW_GGQQ_QLFSJHA_032.py:37 - 买开（权利方开仓）：市价剩余转限价-错误的数量（小于限价最小量）
2020-07-16 17:38:53,130 - YW_GGQQ_QLFSJHA_032.py:67 - 执行结果为True
2020-07-16 17:38:53,146 - YW_GGQQ_QLFSJHA_033.py:37 - 买开（权利方开仓）：市价剩余转限价-错误的数量（大于限价最大量）
2020-07-16 17:38:53,666 - YW_GGQQ_QLFSJHA_033.py:67 - 执行结果为True
2020-07-16 17:38:53,692 - YW_GGQQ_QLFSJHA_034.py:37 - 买开（权利方开仓）：市价剩余转限价-错误的价格条件
2020-07-16 17:38:54,225 - YW_GGQQ_QLFSJHA_034.py:67 - 执行结果为True
2020-07-16 17:38:54,241 - YW_GGQQ_QLFSJHA_035.py:37 - 买开（权利方开仓）：市价剩余转限价-数量溢出（100亿）
2020-07-16 17:38:54,763 - YW_GGQQ_QLFSJHA_035.py:67 - 执行结果为True
2020-07-16 17:38:54,764 - YW_GGQQ_QLFSJHA_036.py:37 - 买开（权利方开仓）：市价剩余转限价-金额溢出（总金额>30亿）
2020-07-16 17:38:55,783 - YW_GGQQ_QLFSJHA_036.py:67 - 执行结果为True
2020-07-16 17:38:55,783 - YW_GGQQ_QLFSJHA_042.py:37 - 卖平（权利方平仓）：市价剩余转限价-订单确认
2020-07-16 17:38:56,804 - YW_GGQQ_QLFSJHA_042.py:67 - 执行结果为True
2020-07-16 17:38:56,805 - YW_GGQQ_QLFSJHA_043.py:37 - 卖平（权利方平仓）：市价剩余转限价-部成
2020-07-16 17:38:57,835 - YW_GGQQ_QLFSJHA_043.py:67 - 执行结果为True
2020-07-16 17:38:57,835 - YW_GGQQ_QLFSJHA_044.py:37 - 卖平（权利方平仓）：市价剩余转限价-已成（费用=min）
2020-07-16 17:38:58,355 - YW_GGQQ_QLFSJHA_044.py:67 - 执行结果为True
2020-07-16 17:38:58,356 - YW_GGQQ_QLFSJHA_045.py:37 - 卖平（权利方平仓）：市价剩余转限价-已成（费用>min）
2020-07-16 17:38:59,380 - YW_GGQQ_QLFSJHA_045.py:67 - 执行结果为True
2020-07-16 17:38:59,381 - YW_GGQQ_QLFSJHA_046.py:37 - 卖平（权利方平仓）：市价剩余转限价-部成撤单
2020-07-16 17:39:00,506 - OptMainService.py:199 - 报单查询等待...,xtpID=901030473285766225
2020-07-16 17:39:01,410 - YW_GGQQ_QLFSJHA_046.py:67 - 执行结果为True
2020-07-16 17:39:01,410 - YW_GGQQ_QLFSJHA_047.py:37 - 卖平（权利方平仓）：市价剩余转限价-全部撤单
2020-07-16 17:39:02,521 - OptMainService.py:199 - 报单查询等待...,xtpID=901030473285766227
2020-07-16 17:39:03,431 - YW_GGQQ_QLFSJHA_047.py:67 - 执行结果为True
2020-07-16 17:39:03,447 - YW_GGQQ_QLFSJHA_049.py:37 - 卖平（权利方平仓）：市价剩余转限价-全成再撤单（OMS）
2020-07-16 17:39:04,967 - YW_GGQQ_QLFSJHA_049.py:67 - 执行结果为True
2020-07-16 17:39:04,983 - YW_GGQQ_QLFSJHA_050.py:37 - 卖平（权利方平仓）：市价剩余转限价-废单再撤单（OMS）
2020-07-16 17:39:05,501 - YW_GGQQ_QLFSJHA_050.py:67 - 执行结果为True
2020-07-16 17:39:05,517 - YW_GGQQ_QLFSJHA_051.py:37 - 卖平（权利方平仓）：市价剩余转限价-部撤再撤单（OMS）
2020-07-16 17:39:06,533 - OptMainService.py:199 - 报单查询等待...,xtpID=901030473285766233
2020-07-16 17:39:07,539 - YW_GGQQ_QLFSJHA_051.py:67 - 执行结果为True
2020-07-16 17:39:07,555 - YW_GGQQ_QLFSJHA_052.py:37 - 卖平（权利方平仓）：市价剩余转限价-全撤再撤单（OMS）
2020-07-16 17:39:08,557 - OptMainService.py:199 - 报单查询等待...,xtpID=901030473285766236
2020-07-16 17:39:09,575 - YW_GGQQ_QLFSJHA_052.py:67 - 执行结果为True
2020-07-16 17:39:09,591 - YW_GGQQ_QLFSJHA_070.py:37 - 卖平（权利方平仓）：市价剩余转限价-不存在的证券代码
2020-07-16 17:39:10,094 - YW_GGQQ_QLFSJHA_070.py:54 - 执行结果为True
2020-07-16 17:39:10,110 - YW_GGQQ_QLFSJHA_071.py:37 - 卖平（权利方平仓）：市价剩余转限价-错误的市场
2020-07-16 17:39:10,704 - YW_GGQQ_QLFSJHA_071.py:67 - 执行结果为True
2020-07-16 17:39:10,721 - YW_GGQQ_QLFSJHA_072.py:37 - 卖平（权利方平仓）-市价剩余转限价-错误的数量（小于限价最小量）
2020-07-16 17:39:11,240 - YW_GGQQ_QLFSJHA_072.py:67 - 执行结果为True
2020-07-16 17:39:11,257 - YW_GGQQ_QLFSJHA_073.py:37 - 卖平（权利方平仓）-市价剩余转限价-错误的数量（大于限价最大量）
2020-07-16 17:39:11,775 - YW_GGQQ_QLFSJHA_073.py:67 - 执行结果为True
2020-07-16 17:39:11,791 - YW_GGQQ_QLFSJHA_074.py:37 - 卖平（权利方平仓）：市价剩余转限价-错误的价格条件
2020-07-16 17:39:12,310 - YW_GGQQ_QLFSJHA_074.py:67 - 执行结果为True
2020-07-16 17:39:12,326 - YW_GGQQ_QLFSJHA_075.py:37 - 卖平（权利方平仓）：市价剩余转限价-数量溢出（100亿）
2020-07-16 17:39:12,845 - YW_GGQQ_QLFSJHA_075.py:67 - 执行结果为True
2020-07-16 17:39:12,846 - YW_GGQQ_QLFSJHA_076.py:37 - 卖平（权利方平仓）：市价剩余转限价-金额溢出（总金额>30亿）
2020-07-16 17:39:13,866 - YW_GGQQ_QLFSJHA_076.py:67 - 执行结果为True
2020-07-16 17:39:13,866 - YW_GGQQ_QLFSJHA_082.py:37 - 买开（权利方开仓）：市价剩余撤销-已成（费用=min）
2020-07-16 17:39:14,889 - YW_GGQQ_QLFSJHA_082.py:67 - 执行结果为True
2020-07-16 17:39:14,890 - YW_GGQQ_QLFSJHA_083.py:37 - 买开（权利方开仓）：市价剩余撤销-已成（费用>min）
2020-07-16 17:39:15,915 - YW_GGQQ_QLFSJHA_083.py:67 - 执行结果为True
2020-07-16 17:39:15,916 - YW_GGQQ_QLFSJHA_084.py:37 - 买开（权利方开仓）：市价剩余撤销-部成撤单
2020-07-16 17:39:16,938 - YW_GGQQ_QLFSJHA_084.py:67 - 执行结果为True
2020-07-16 17:39:16,939 - YW_GGQQ_QLFSJHA_085.py:37 - 买开（权利方开仓）：市价剩余撤销-全部撤单
2020-07-16 17:39:17,462 - YW_GGQQ_QLFSJHA_085.py:67 - 执行结果为True
2020-07-16 17:39:17,478 - YW_GGQQ_QLFSJHA_086.py:37 - 买开（权利方开仓）：市价剩余撤销-全成再撤单（OMS）
2020-07-16 17:39:19,001 - YW_GGQQ_QLFSJHA_086.py:67 - 执行结果为True
2020-07-16 17:39:19,021 - YW_GGQQ_QLFSJHA_087.py:37 - 买开（权利方开仓）：市价剩余撤销-废单再撤单（OMS）
2020-07-16 17:39:19,543 - YW_GGQQ_QLFSJHA_087.py:67 - 执行结果为True
2020-07-16 17:39:19,558 - YW_GGQQ_QLFSJHA_088.py:37 - 买开（权利方开仓）：市价剩余撤销-部撤再撤单（OMS）
2020-07-16 17:39:20,581 - YW_GGQQ_QLFSJHA_088.py:67 - 执行结果为True
2020-07-16 17:39:20,597 - YW_GGQQ_QLFSJHA_089.py:37 - 买开（权利方开仓）：市价剩余撤销-全撤再撤单（OMS）
2020-07-16 17:39:21,621 - YW_GGQQ_QLFSJHA_089.py:67 - 执行结果为True
2020-07-16 17:39:21,646 - YW_GGQQ_QLFSJHA_101.py:37 - 买开（权利方开仓）：市价剩余撤销-不存在的证券代码
2020-07-16 17:39:22,149 - YW_GGQQ_QLFSJHA_101.py:54 - 执行结果为True
2020-07-16 17:39:22,166 - YW_GGQQ_QLFSJHA_102.py:37 - 买开（权利方开仓）：市价剩余撤销-错误的市场
2020-07-16 17:39:22,688 - YW_GGQQ_QLFSJHA_102.py:67 - 执行结果为True
2020-07-16 17:39:22,713 - YW_GGQQ_QLFSJHA_103.py:37 - 买开（权利方开仓）：市价剩余撤销-错误的数量（小于限价最小量）
2020-07-16 17:39:23,232 - YW_GGQQ_QLFSJHA_103.py:67 - 执行结果为True
2020-07-16 17:39:23,249 - YW_GGQQ_QLFSJHA_104.py:37 - 买开（权利方开仓）：市价剩余撤销-错误的数量（大于限价最大量）
2020-07-16 17:39:23,768 - YW_GGQQ_QLFSJHA_104.py:67 - 执行结果为True
2020-07-16 17:39:23,785 - YW_GGQQ_QLFSJHA_105.py:37 - 买开（权利方开仓）：市价剩余撤销-错误的价格条件
2020-07-16 17:39:24,307 - YW_GGQQ_QLFSJHA_105.py:67 - 执行结果为True
2020-07-16 17:39:24,329 - YW_GGQQ_QLFSJHA_106.py:37 - 买开（权利方开仓）：市价剩余撤销-数量溢出（100亿）
2020-07-16 17:39:24,856 - YW_GGQQ_QLFSJHA_106.py:67 - 执行结果为True
2020-07-16 17:39:24,857 - YW_GGQQ_QLFSJHA_107.py:37 - 买开（权利方开仓）：市价剩余撤销-金额溢出（总金额>30亿）
2020-07-16 17:39:25,878 - YW_GGQQ_QLFSJHA_107.py:67 - 执行结果为True
2020-07-16 17:39:25,879 - YW_GGQQ_QLFSJHA_113.py:37 - 卖平（权利方平仓）：市价剩余撤销-已成（费用=min）
2020-07-16 17:39:26,898 - YW_GGQQ_QLFSJHA_113.py:67 - 执行结果为True
2020-07-16 17:39:26,899 - YW_GGQQ_QLFSJHA_114.py:37 - 卖平（权利方平仓）：市价剩余撤销-已成（费用>min）
2020-07-16 17:39:27,919 - YW_GGQQ_QLFSJHA_114.py:67 - 执行结果为True
2020-07-16 17:39:27,919 - YW_GGQQ_QLFSJHA_115.py:37 - 卖平（权利方平仓）：市价剩余撤销-部成撤单
2020-07-16 17:39:28,939 - YW_GGQQ_QLFSJHA_115.py:67 - 执行结果为True
2020-07-16 17:39:28,940 - YW_GGQQ_QLFSJHA_116.py:37 - 卖平（权利方平仓）：市价剩余撤销-全部撤单
2020-07-16 17:39:29,461 - YW_GGQQ_QLFSJHA_116.py:67 - 执行结果为True
2020-07-16 17:39:29,478 - YW_GGQQ_QLFSJHA_117.py:37 - 卖平（权利方平仓）：市价剩余撤销-全成再撤单（OMS）
2020-07-16 17:39:30,998 - YW_GGQQ_QLFSJHA_117.py:67 - 执行结果为True
2020-07-16 17:39:31,015 - YW_GGQQ_QLFSJHA_118.py:37 - 卖平（权利方平仓）：市价剩余撤销-废单再撤单（OMS）
2020-07-16 17:39:32,036 - YW_GGQQ_QLFSJHA_118.py:67 - 执行结果为True
2020-07-16 17:39:32,052 - YW_GGQQ_QLFSJHA_119.py:37 - 卖平（权利方平仓）：市价剩余撤销-部撤再撤单（OMS）
2020-07-16 17:39:33,071 - YW_GGQQ_QLFSJHA_119.py:67 - 执行结果为True
2020-07-16 17:39:33,088 - YW_GGQQ_QLFSJHA_120.py:37 - 卖平（权利方平仓）：市价剩余撤销-全撤再撤单（OMS）
2020-07-16 17:39:34,107 - YW_GGQQ_QLFSJHA_120.py:67 - 执行结果为True
2020-07-16 17:39:34,124 - YW_GGQQ_QLFSJHA_136.py:37 - 卖平（权利方平仓）：市价剩余撤销-不存在的证券代码
2020-07-16 17:39:34,627 - YW_GGQQ_QLFSJHA_136.py:54 - 执行结果为True
2020-07-16 17:39:34,653 - YW_GGQQ_QLFSJHA_137.py:37 - 卖平（权利方平仓）：市价剩余撤销-错误的市场
2020-07-16 17:39:35,179 - YW_GGQQ_QLFSJHA_137.py:67 - 执行结果为True
2020-07-16 17:39:35,198 - YW_GGQQ_QLFSJHA_138.py:37 - 卖平（权利方平仓）-市价剩余撤销-错误的数量（小于限价最小量）
2020-07-16 17:39:35,722 - YW_GGQQ_QLFSJHA_138.py:67 - 执行结果为True
2020-07-16 17:39:35,739 - YW_GGQQ_QLFSJHA_139.py:37 - 卖平（权利方平仓）-市价剩余撤销-错误的数量（大于限价最大量）
2020-07-16 17:39:36,257 - YW_GGQQ_QLFSJHA_139.py:67 - 执行结果为True
2020-07-16 17:39:36,274 - YW_GGQQ_QLFSJHA_140.py:37 - 卖平（权利方平仓）：市价剩余撤销-错误的价格条件
2020-07-16 17:39:36,793 - YW_GGQQ_QLFSJHA_140.py:67 - 执行结果为True
2020-07-16 17:39:36,810 - YW_GGQQ_QLFSJHA_141.py:37 - 卖平（权利方平仓）：市价剩余撤销-数量溢出（100亿）
2020-07-16 17:39:37,329 - YW_GGQQ_QLFSJHA_141.py:67 - 执行结果为True
2020-07-16 17:39:37,330 - YW_GGQQ_QLFSJHA_142.py:37 - 卖平（权利方平仓）：市价剩余撤销-金额溢出（总金额>30亿）
2020-07-16 17:39:37,850 - YW_GGQQ_QLFSJHA_142.py:67 - 执行结果为True
2020-07-16 17:39:37,850 - YW_GGQQ_QLFSJHA_148.py:37 - 买开（权利方开仓）：FOK市价全成或撤销-已成（费用=min）
2020-07-16 17:39:38,873 - YW_GGQQ_QLFSJHA_148.py:67 - 执行结果为True
2020-07-16 17:39:38,874 - YW_GGQQ_QLFSJHA_149.py:37 - 买开（权利方开仓）：FOK市价全成或撤销-已成（费用>min）
2020-07-16 17:39:39,909 - YW_GGQQ_QLFSJHA_149.py:67 - 执行结果为True
2020-07-16 17:39:39,909 - YW_GGQQ_QLFSJHA_150.py:37 - 买开（权利方开仓）：FOK市价全成或撤销-全部撤单
2020-07-16 17:39:40,933 - YW_GGQQ_QLFSJHA_150.py:67 - 执行结果为True
2020-07-16 17:39:40,960 - YW_GGQQ_QLFSJHA_151.py:37 - 买开（权利方开仓）：FOK市价全成或撤销-全成再撤单（OMS）
2020-07-16 17:39:41,991 - YW_GGQQ_QLFSJHA_151.py:67 - 执行结果为True
2020-07-16 17:39:42,008 - YW_GGQQ_QLFSJHA_152.py:37 - 买开（权利方开仓）：FOK市价全成或撤销-废单再撤单（OMS）
2020-07-16 17:39:43,031 - YW_GGQQ_QLFSJHA_152.py:67 - 执行结果为True
2020-07-16 17:39:43,053 - YW_GGQQ_QLFSJHA_153.py:37 - 买开（权利方开仓）：FOK市价全成或撤销-全撤再撤单（OMS）
2020-07-16 17:39:44,077 - YW_GGQQ_QLFSJHA_153.py:67 - 执行结果为True
2020-07-16 17:39:44,093 - YW_GGQQ_QLFSJHA_165.py:37 - 买开（权利方开仓）：FOK市价全成或撤销-不存在的证券代码
2020-07-16 17:39:44,597 - YW_GGQQ_QLFSJHA_165.py:54 - 执行结果为True
2020-07-16 17:39:44,613 - YW_GGQQ_QLFSJHA_166.py:37 - 买开（权利方开仓）：FOK市价全成或撤销-错误的市场
2020-07-16 17:39:45,135 - YW_GGQQ_QLFSJHA_166.py:67 - 执行结果为True
2020-07-16 17:39:45,153 - YW_GGQQ_QLFSJHA_167.py:37 - 买开（权利方开仓）：FOK市价全成或撤销-错误的数量（小于限价最小量）
2020-07-16 17:39:45,672 - YW_GGQQ_QLFSJHA_167.py:67 - 执行结果为True
2020-07-16 17:39:45,688 - YW_GGQQ_QLFSJHA_168.py:37 - 买开（权利方开仓）：FOK市价全成或撤销-错误的数量（大于限价最大量）
2020-07-16 17:39:46,207 - YW_GGQQ_QLFSJHA_168.py:67 - 执行结果为True
2020-07-16 17:39:46,223 - YW_GGQQ_QLFSJHA_169.py:37 - 买开（权利方开仓）：FOK市价全成或撤销-错误的价格条件
2020-07-16 17:39:46,747 - YW_GGQQ_QLFSJHA_169.py:67 - 执行结果为True
2020-07-16 17:39:46,763 - YW_GGQQ_QLFSJHA_170.py:37 - 买开（权利方开仓）：FOK市价全成或撤销-数量溢出（100亿）
2020-07-16 17:39:47,285 - YW_GGQQ_QLFSJHA_170.py:67 - 执行结果为True
2020-07-16 17:39:47,286 - YW_GGQQ_QLFSJHA_171.py:37 - 买开（权利方开仓）：FOK市价全成或撤销-金额溢出（总金额>30亿）
2020-07-16 17:39:47,805 - YW_GGQQ_QLFSJHA_171.py:67 - 执行结果为True
2020-07-16 17:39:47,805 - YW_GGQQ_QLFSJHA_177.py:37 - 卖平（权利方平仓）：FOK市价全成或撤销-已成（费用=min）
2020-07-16 17:39:48,825 - YW_GGQQ_QLFSJHA_177.py:67 - 执行结果为True
2020-07-16 17:39:48,826 - YW_GGQQ_QLFSJHA_178.py:37 - 卖平（权利方平仓）：FOK市价全成或撤销-已成（费用>min）
2020-07-16 17:39:49,845 - YW_GGQQ_QLFSJHA_178.py:67 - 执行结果为True
2020-07-16 17:39:49,846 - YW_GGQQ_QLFSJHA_179.py:37 - 卖平（权利方平仓）：FOK市价全成或撤销-全部撤单
2020-07-16 17:39:50,865 - YW_GGQQ_QLFSJHA_179.py:67 - 执行结果为True
2020-07-16 17:39:50,881 - YW_GGQQ_QLFSJHA_180.py:37 - 卖平（权利方平仓）：FOK市价全成或撤销-全成再撤单（OMS）
2020-07-16 17:39:51,901 - YW_GGQQ_QLFSJHA_180.py:67 - 执行结果为True
2020-07-16 17:39:51,917 - YW_GGQQ_QLFSJHA_181.py:37 - 卖平（权利方平仓）：FOK市价全成或撤销-废单再撤单（OMS）
2020-07-16 17:39:52,936 - YW_GGQQ_QLFSJHA_181.py:67 - 执行结果为True
2020-07-16 17:39:52,952 - YW_GGQQ_QLFSJHA_182.py:37 - 卖平（权利方平仓）：FOK市价全成或撤销-全撤再撤单（OMS）
2020-07-16 17:39:53,971 - YW_GGQQ_QLFSJHA_182.py:67 - 执行结果为True
2020-07-16 17:39:53,988 - YW_GGQQ_QLFSJHA_198.py:37 - 卖平（权利方平仓）：FOK市价全成或撤销-不存在的证券代码
2020-07-16 17:39:54,491 - YW_GGQQ_QLFSJHA_198.py:54 - 执行结果为True
2020-07-16 17:39:54,517 - YW_GGQQ_QLFSJHA_199.py:37 - 卖平（权利方平仓）：FOK市价全成或撤销-错误的市场
2020-07-16 17:39:55,036 - YW_GGQQ_QLFSJHA_199.py:67 - 执行结果为True
2020-07-16 17:39:55,052 - YW_GGQQ_QLFSJHA_200.py:37 - 卖平（权利方平仓）-FOK市价全成或撤销-错误的数量（小于限价最小量）
2020-07-16 17:39:55,571 - YW_GGQQ_QLFSJHA_200.py:67 - 执行结果为True
2020-07-16 17:39:55,597 - YW_GGQQ_QLFSJHA_201.py:37 - 卖平（权利方平仓）-FOK市价全成或撤销-错误的数量（大于限价最大量）
2020-07-16 17:39:56,126 - YW_GGQQ_QLFSJHA_201.py:67 - 执行结果为True
2020-07-16 17:39:56,156 - YW_GGQQ_QLFSJHA_202.py:37 - 卖平（权利方平仓）：FOK市价全成或撤销-错误的价格条件
2020-07-16 17:39:56,677 - YW_GGQQ_QLFSJHA_202.py:67 - 执行结果为True
2020-07-16 17:39:56,693 - YW_GGQQ_QLFSJHA_203.py:37 - 卖平（权利方平仓）：FOK市价全成或撤销-数量溢出（100亿）
2020-07-16 17:39:57,218 - YW_GGQQ_QLFSJHA_203.py:67 - 执行结果为True
2020-07-16 17:39:57,218 - YW_GGQQ_QLFSJHA_204.py:37 - 卖平（权利方平仓）：FOK市价全成或撤销-金额溢出（总金额>30亿）
2020-07-16 17:39:57,738 - YW_GGQQ_QLFSJHA_204.py:67 - 执行结果为True
2020-07-16 17:39:58,089 - YW_GGQQ_YWFXJHA_GOU_020.py:37 - 卖开（义务方开仓）：限价-订单确认
2020-07-16 17:39:59,610 - YW_GGQQ_YWFXJHA_GOU_020.py:67 - 执行结果为True
2020-07-16 17:39:59,610 - YW_GGQQ_YWFXJHA_GOU_021.py:37 - 卖开（义务方开仓，有昨仓）：限价-订单确认
2020-07-16 17:40:01,130 - YW_GGQQ_YWFXJHA_GOU_021.py:67 - 执行结果为True
2020-07-16 17:40:01,131 - YW_GGQQ_YWFXJHA_GOU_022.py:37 - 卖开（义务方开仓）：限价-部成
2020-07-16 17:40:02,150 - YW_GGQQ_YWFXJHA_GOU_022.py:67 - 执行结果为True
2020-07-16 17:40:02,151 - YW_GGQQ_YWFXJHA_GOU_023.py:37 - 卖开（义务方开仓，有昨仓）：限价-部成
2020-07-16 17:40:03,170 - YW_GGQQ_YWFXJHA_GOU_023.py:67 - 执行结果为True
2020-07-16 17:40:03,170 - YW_GGQQ_YWFXJHA_GOU_024.py:37 - 卖开（义务方开仓）：限价-已成（费用=min）
2020-07-16 17:40:04,190 - YW_GGQQ_YWFXJHA_GOU_024.py:67 - 执行结果为True
2020-07-16 17:40:04,190 - YW_GGQQ_YWFXJHA_GOU_025.py:37 - 卖开（义务方开仓，有昨仓）：限价-已成（费用=min）
2020-07-16 17:40:05,210 - YW_GGQQ_YWFXJHA_GOU_025.py:67 - 执行结果为True
2020-07-16 17:40:05,211 - YW_GGQQ_YWFXJHA_GOU_026.py:37 - 卖开（义务方开仓）：限价-已成（费用>min）
2020-07-16 17:40:06,231 - YW_GGQQ_YWFXJHA_GOU_026.py:67 - 执行结果为True
2020-07-16 17:40:06,232 - YW_GGQQ_YWFXJHA_GOU_027.py:37 - 卖开（义务方开仓，有昨仓）：限价-已成（费用>min）
2020-07-16 17:40:07,252 - YW_GGQQ_YWFXJHA_GOU_027.py:67 - 执行结果为True
2020-07-16 17:40:07,268 - YW_GGQQ_YWFXJHA_GOU_030.py:37 - 沪A卖开（义务方开仓）：限价-OMS拒单（涨停价+0.0002）
2020-07-16 17:40:07,789 - YW_GGQQ_YWFXJHA_GOU_030.py:67 - 执行结果为True
2020-07-16 17:40:07,806 - YW_GGQQ_YWFXJHA_GOU_031.py:37 - 沪A卖开（义务方开仓）：限价-OMS拒单（跌停价-0.0002）
2020-07-16 17:40:08,325 - YW_GGQQ_YWFXJHA_GOU_031.py:67 - 执行结果为True
2020-07-16 17:40:08,326 - YW_GGQQ_YWFXJHA_GOU_032.py:37 - 卖开（义务方开仓）：限价-部成撤单
2020-07-16 17:40:08,910 - OptMainService.py:199 - 报单查询等待...,xtpID=901030473285766326
2020-07-16 17:40:10,347 - YW_GGQQ_YWFXJHA_GOU_032.py:67 - 执行结果为True
2020-07-16 17:40:10,347 - YW_GGQQ_YWFXJHA_GOU_033.py:37 - 卖开（义务方开仓，有昨仓）：限价-部成撤单
2020-07-16 17:40:10,934 - OptMainService.py:199 - 报单查询等待...,xtpID=901030473285766328
2020-07-16 17:40:12,368 - YW_GGQQ_YWFXJHA_GOU_033.py:67 - 执行结果为True
2020-07-16 17:40:12,369 - YW_GGQQ_YWFXJHA_GOU_034.py:37 - 卖开（义务方开仓）：限价-全部撤单
2020-07-16 17:40:12,929 - OptMainService.py:199 - 报单查询等待...,xtpID=901030473285766330
2020-07-16 17:40:13,890 - YW_GGQQ_YWFXJHA_GOU_034.py:67 - 执行结果为True
2020-07-16 17:40:13,890 - YW_GGQQ_YWFXJHA_GOU_035.py:37 - 卖开（义务方开仓，有昨仓）：限价-全部撤单
2020-07-16 17:40:14,955 - OptMainService.py:199 - 报单查询等待...,xtpID=901030473285766332
2020-07-16 17:40:15,919 - YW_GGQQ_YWFXJHA_GOU_035.py:67 - 执行结果为True
2020-07-16 17:40:15,943 - YW_GGQQ_YWFXJHA_GOU_037.py:37 - 卖开（义务方开仓）：限价-全成再撤单（OMS）
2020-07-16 17:40:17,465 - YW_GGQQ_YWFXJHA_GOU_037.py:67 - 执行结果为True
2020-07-16 17:40:17,481 - YW_GGQQ_YWFXJHA_GOU_038.py:37 - 卖开（义务方开仓）：限价-废单再撤单（OMS）
2020-07-16 17:40:18,002 - YW_GGQQ_YWFXJHA_GOU_038.py:67 - 执行结果为True
2020-07-16 17:40:18,019 - YW_GGQQ_YWFXJHA_GOU_039.py:37 - 卖开（义务方开仓）：限价-部撤再撤单（OMS）
2020-07-16 17:40:18,950 - OptMainService.py:199 - 报单查询等待...,xtpID=901030473285766338
2020-07-16 17:40:20,046 - YW_GGQQ_YWFXJHA_GOU_039.py:67 - 执行结果为True
2020-07-16 17:40:20,062 - YW_GGQQ_YWFXJHA_GOU_040.py:37 - 卖开（义务方开仓）：限价-全撤再撤单（OMS）
2020-07-16 17:40:20,958 - OptMainService.py:199 - 报单查询等待...,xtpID=901030473285766341
2020-07-16 17:40:22,084 - YW_GGQQ_YWFXJHA_GOU_040.py:67 - 执行结果为True
2020-07-16 17:40:22,100 - YW_GGQQ_YWFXJHA_GOU_063.py:37 - 卖开（义务方开仓）：限价-不存在的证券代码
2020-07-16 17:40:22,603 - YW_GGQQ_YWFXJHA_GOU_063.py:54 - 执行结果为True
2020-07-16 17:40:22,620 - YW_GGQQ_YWFXJHA_GOU_064.py:37 - 卖开（义务方开仓）：限价-错误的市场
2020-07-16 17:40:23,141 - YW_GGQQ_YWFXJHA_GOU_064.py:67 - 执行结果为True
2020-07-16 17:40:23,167 - YW_GGQQ_YWFXJHA_GOU_065.py:37 - 卖开（义务方开仓）：限价-错误的价格（价格=0）
2020-07-16 17:40:23,697 - YW_GGQQ_YWFXJHA_GOU_065.py:67 - 执行结果为True
2020-07-16 17:40:23,713 - YW_GGQQ_YWFXJHA_GOU_066.py:37 - 卖开（义务方开仓）：限价-错误的价格（价格巨大）
2020-07-16 17:40:24,234 - YW_GGQQ_YWFXJHA_GOU_066.py:67 - 执行结果为True
2020-07-16 17:40:24,262 - YW_GGQQ_YWFXJHA_GOU_067.py:37 - 卖开（义务方开仓）：限价-错误的数量（小于限价最小量）
2020-07-16 17:40:24,792 - YW_GGQQ_YWFXJHA_GOU_067.py:67 - 执行结果为True
2020-07-16 17:40:24,809 - YW_GGQQ_YWFXJHA_GOU_068.py:37 - 卖开（义务方开仓）：限价-错误的数量（大于限价最大量）
2020-07-16 17:40:25,328 - YW_GGQQ_YWFXJHA_GOU_068.py:67 - 执行结果为True
2020-07-16 17:40:25,345 - YW_GGQQ_YWFXJHA_GOU_069.py:37 - 卖开（义务方开仓）：限价-错误的价格条件
2020-07-16 17:40:25,865 - YW_GGQQ_YWFXJHA_GOU_069.py:67 - 执行结果为True
2020-07-16 17:40:25,892 - YW_GGQQ_YWFXJHA_GOU_070.py:37 - 卖开（义务方开仓）：限价-数量溢出（100亿）
2020-07-16 17:40:26,424 - YW_GGQQ_YWFXJHA_GOU_070.py:67 - 执行结果为True
2020-07-16 17:40:26,425 - YW_GGQQ_YWFXJHA_GOU_071.py:37 - 卖开（义务方开仓）：限价-金额溢出（总金额>30亿）
2020-07-16 17:40:27,445 - YW_GGQQ_YWFXJHA_GOU_071.py:67 - 执行结果为True
2020-07-16 17:40:27,445 - YW_GGQQ_YWFXJHA_GOU_091.py:37 - 买平（义务方平仓）：限价-订单确认
2020-07-16 17:40:28,467 - YW_GGQQ_YWFXJHA_GOU_091.py:67 - 执行结果为True
2020-07-16 17:40:28,467 - YW_GGQQ_YWFXJHA_GOU_092.py:37 - 买平（义务方平仓，有昨仓）：限价-订单确认
2020-07-16 17:40:29,488 - YW_GGQQ_YWFXJHA_GOU_092.py:67 - 执行结果为True
2020-07-16 17:40:29,488 - YW_GGQQ_YWFXJHA_GOU_093.py:37 - 买平（义务方平仓）：限价-部成
2020-07-16 17:40:30,508 - YW_GGQQ_YWFXJHA_GOU_093.py:67 - 执行结果为True
2020-07-16 17:40:30,508 - YW_GGQQ_YWFXJHA_GOU_094.py:37 - 买平（义务方平仓）：限价-已成（费用=min）
2020-07-16 17:40:31,028 - YW_GGQQ_YWFXJHA_GOU_094.py:67 - 执行结果为True
2020-07-16 17:40:31,028 - YW_GGQQ_YWFXJHA_GOU_095.py:37 - 买平（义务方平仓，有昨仓）：限价-已成（费用=min）
2020-07-16 17:40:32,047 - YW_GGQQ_YWFXJHA_GOU_095.py:67 - 执行结果为True
2020-07-16 17:40:32,048 - YW_GGQQ_YWFXJHA_GOU_096.py:37 - 买平（义务方平仓）：限价-已成（费用>min）
2020-07-16 17:40:33,074 - YW_GGQQ_YWFXJHA_GOU_096.py:67 - 执行结果为True
2020-07-16 17:40:33,074 - YW_GGQQ_YWFXJHA_GOU_097.py:37 - 买平（义务方平仓，有昨仓）：限价-已成（费用>min）
2020-07-16 17:40:34,094 - YW_GGQQ_YWFXJHA_GOU_097.py:67 - 执行结果为True
2020-07-16 17:40:34,110 - YW_GGQQ_YWFXJHA_GOU_100.py:37 - 沪A买平（义务方平仓）：限价-OMS拒单（涨停价+0.0002）
2020-07-16 17:40:34,631 - YW_GGQQ_YWFXJHA_GOU_100.py:67 - 执行结果为True
2020-07-16 17:40:34,657 - YW_GGQQ_YWFXJHA_GOU_101.py:37 - 沪A买平（义务方平仓）：限价-OMS拒单（跌停价-0.0002）
2020-07-16 17:40:35,186 - YW_GGQQ_YWFXJHA_GOU_101.py:67 - 执行结果为True
2020-07-16 17:40:35,186 - YW_GGQQ_YWFXJHA_GOU_102.py:37 - 买平（义务方平仓）：限价-部成撤单
2020-07-16 17:40:36,032 - OptMainService.py:199 - 报单查询等待...,xtpID=901030473285766362
2020-07-16 17:40:37,208 - YW_GGQQ_YWFXJHA_GOU_102.py:67 - 执行结果为True
2020-07-16 17:40:37,209 - YW_GGQQ_YWFXJHA_GOU_103.py:37 - 买平（义务方平仓，有昨仓）：限价-部成撤单
2020-07-16 17:40:38,050 - OptMainService.py:199 - 报单查询等待...,xtpID=901030473285766364
2020-07-16 17:40:39,230 - YW_GGQQ_YWFXJHA_GOU_103.py:67 - 执行结果为True
2020-07-16 17:40:39,230 - YW_GGQQ_YWFXJHA_GOU_104.py:37 - 买平（义务方平仓）：限价-全部撤单
2020-07-16 17:40:40,047 - OptMainService.py:199 - 报单查询等待...,xtpID=901030473285766366
2020-07-16 17:40:41,251 - YW_GGQQ_YWFXJHA_GOU_104.py:67 - 执行结果为True
2020-07-16 17:40:41,251 - YW_GGQQ_YWFXJHA_GOU_105.py:37 - 买平（义务方平仓，有昨仓）：限价-全部撤单
2020-07-16 17:40:42,055 - OptMainService.py:199 - 报单查询等待...,xtpID=901030473285766368
2020-07-16 17:40:43,272 - YW_GGQQ_YWFXJHA_GOU_105.py:67 - 执行结果为True
2020-07-16 17:40:43,288 - YW_GGQQ_YWFXJHA_GOU_130.py:37 - 买平（义务方平仓）：限价-不存在的证券代码
2020-07-16 17:40:43,791 - YW_GGQQ_YWFXJHA_GOU_130.py:54 - 执行结果为True
2020-07-16 17:40:43,813 - YW_GGQQ_YWFXJHA_GOU_131.py:37 - 买平（义务方平仓）：限价-错误的市场
2020-07-16 17:40:44,334 - YW_GGQQ_YWFXJHA_GOU_131.py:67 - 执行结果为True
2020-07-16 17:40:44,351 - YW_GGQQ_YWFXJHA_GOU_132.py:37 - 买平（义务方平仓）：限价-错误的价格（价格=0）
2020-07-16 17:40:44,879 - YW_GGQQ_YWFXJHA_GOU_132.py:67 - 执行结果为True
2020-07-16 17:40:44,896 - YW_GGQQ_YWFXJHA_GOU_133.py:37 - 买平（义务方平仓）：限价-错误的价格（价格巨大）
2020-07-16 17:40:45,418 - YW_GGQQ_YWFXJHA_GOU_133.py:67 - 执行结果为True
2020-07-16 17:40:45,434 - YW_GGQQ_YWFXJHA_GOU_134.py:37 - 买平（义务方平仓）-限价-错误的数量（小于限价最小量）
2020-07-16 17:40:45,954 - YW_GGQQ_YWFXJHA_GOU_134.py:67 - 执行结果为True
2020-07-16 17:40:45,970 - YW_GGQQ_YWFXJHA_GOU_135.py:37 - 买平（义务方平仓）-限价-错误的数量（大于限价最大量）
2020-07-16 17:40:46,489 - YW_GGQQ_YWFXJHA_GOU_135.py:67 - 执行结果为True
2020-07-16 17:40:46,506 - YW_GGQQ_YWFXJHA_GOU_136.py:37 - 买平（义务方平仓）：限价-错误的价格条件
2020-07-16 17:40:47,024 - YW_GGQQ_YWFXJHA_GOU_136.py:67 - 执行结果为True
2020-07-16 17:40:47,041 - YW_GGQQ_YWFXJHA_GOU_137.py:37 - 买平（义务方平仓）：限价-数量溢出（100亿）
2020-07-16 17:40:47,561 - YW_GGQQ_YWFXJHA_GOU_137.py:67 - 执行结果为True
2020-07-16 17:40:47,562 - YW_GGQQ_YWFXJHA_GOU_138.py:37 - 买平（义务方平仓）：限价-金额溢出（总金额>30亿）
2020-07-16 17:40:48,085 - YW_GGQQ_YWFXJHA_GOU_138.py:67 - 执行结果为True
2020-07-16 17:40:48,085 - YW_GGQQ_YWFXJHA_GOU_147.py:37 - 卖开（义务方开仓）：FOK限价全成或撤销-已成（费用=min）
2020-07-16 17:40:49,106 - YW_GGQQ_YWFXJHA_GOU_147.py:67 - 执行结果为True
2020-07-16 17:40:49,106 - YW_GGQQ_YWFXJHA_GOU_148.py:37 - 卖开（义务方开仓，有昨仓）：FOK限价全成或撤销-已成（费用=min）
2020-07-16 17:40:50,127 - YW_GGQQ_YWFXJHA_GOU_148.py:67 - 执行结果为True
2020-07-16 17:40:50,127 - YW_GGQQ_YWFXJHA_GOU_149.py:37 - 卖开（义务方开仓）：FOK限价全成或撤销-已成（费用>min）
2020-07-16 17:40:51,150 - YW_GGQQ_YWFXJHA_GOU_149.py:67 - 执行结果为True
2020-07-16 17:40:51,150 - YW_GGQQ_YWFXJHA_GOU_150.py:37 - 卖开（义务方开仓，有昨仓）：FOK限价全成或撤销-已成（费用>min）
2020-07-16 17:40:52,171 - YW_GGQQ_YWFXJHA_GOU_150.py:67 - 执行结果为True
2020-07-16 17:40:52,187 - YW_GGQQ_YWFXJHA_GOU_153.py:37 - 沪A卖开（义务方开仓）：FOK限价全成或撤销-OMS拒单（涨停价+0.0002）
2020-07-16 17:40:52,707 - YW_GGQQ_YWFXJHA_GOU_153.py:67 - 执行结果为True
2020-07-16 17:40:52,724 - YW_GGQQ_YWFXJHA_GOU_154.py:37 - 沪A卖开（义务方开仓）：FOK限价全成或撤销-OMS拒单（跌停价-0.0002）
2020-07-16 17:40:53,244 - YW_GGQQ_YWFXJHA_GOU_154.py:67 - 执行结果为True
2020-07-16 17:40:53,260 - YW_GGQQ_YWFXJHA_GOU_156.py:37 - 卖开（义务方开仓）：FOK限价全成或撤销-全成再撤单（OMS）
2020-07-16 17:40:54,281 - YW_GGQQ_YWFXJHA_GOU_156.py:67 - 执行结果为True
2020-07-16 17:40:54,297 - YW_GGQQ_YWFXJHA_GOU_157.py:37 - 卖开（义务方开仓）：FOK限价全成或撤销-废单再撤单（OMS）
2020-07-16 17:40:55,318 - YW_GGQQ_YWFXJHA_GOU_157.py:67 - 执行结果为True
2020-07-16 17:40:55,334 - YW_GGQQ_YWFXJHA_GOU_171.py:37 - 卖开（义务方开仓）：FOK限价全成或撤销-不存在的证券代码
2020-07-16 17:40:55,838 - YW_GGQQ_YWFXJHA_GOU_171.py:54 - 执行结果为True
2020-07-16 17:40:55,862 - YW_GGQQ_YWFXJHA_GOU_172.py:37 - 卖开（义务方开仓）：FOK限价全成或撤销-错误的市场
2020-07-16 17:40:56,384 - YW_GGQQ_YWFXJHA_GOU_172.py:67 - 执行结果为True
2020-07-16 17:40:56,411 - YW_GGQQ_YWFXJHA_GOU_173.py:37 - 卖开（义务方开仓）：FOK限价全成或撤销-错误的价格（价格=0）
2020-07-16 17:40:56,948 - YW_GGQQ_YWFXJHA_GOU_173.py:67 - 执行结果为True
2020-07-16 17:40:56,968 - YW_GGQQ_YWFXJHA_GOU_174.py:37 - 卖开（义务方开仓）：FOK限价全成或撤销-错误的价格（价格巨大）
2020-07-16 17:40:57,489 - YW_GGQQ_YWFXJHA_GOU_174.py:67 - 执行结果为True
2020-07-16 17:40:57,505 - YW_GGQQ_YWFXJHA_GOU_175.py:37 - 卖开（义务方开仓）：FOK限价全成或撤销-错误的数量（小于限价最小量）
2020-07-16 17:40:58,024 - YW_GGQQ_YWFXJHA_GOU_175.py:67 - 执行结果为True
2020-07-16 17:40:58,041 - YW_GGQQ_YWFXJHA_GOU_176.py:37 - 卖开（义务方开仓）：FOK限价全成或撤销-错误的数量（大于限价最大量）
2020-07-16 17:40:58,560 - YW_GGQQ_YWFXJHA_GOU_176.py:67 - 执行结果为True
2020-07-16 17:40:58,585 - YW_GGQQ_YWFXJHA_GOU_177.py:37 - 卖开（义务方开仓）：FOK限价全成或撤销-错误的价格条件
2020-07-16 17:40:59,109 - YW_GGQQ_YWFXJHA_GOU_177.py:67 - 执行结果为True
2020-07-16 17:40:59,125 - YW_GGQQ_YWFXJHA_GOU_178.py:37 - 卖开（义务方开仓）：FOK限价全成或撤销-数量溢出（100亿）
2020-07-16 17:40:59,653 - YW_GGQQ_YWFXJHA_GOU_178.py:67 - 执行结果为True
2020-07-16 17:40:59,654 - YW_GGQQ_YWFXJHA_GOU_179.py:37 - 卖开（义务方开仓）：FOK限价全成或撤销-金额溢出（总金额>30亿）
2020-07-16 17:41:00,173 - YW_GGQQ_YWFXJHA_GOU_179.py:67 - 执行结果为True
2020-07-16 17:41:00,174 - YW_GGQQ_YWFXJHA_GOU_185.py:37 - 买平（义务方平仓）：FOK限价全成或撤销-已成（费用=min）
2020-07-16 17:41:01,193 - YW_GGQQ_YWFXJHA_GOU_185.py:67 - 执行结果为True
2020-07-16 17:41:01,194 - YW_GGQQ_YWFXJHA_GOU_186.py:37 - 买平（义务方平仓）：FOK限价全成或撤销-已成（费用>min）
2020-07-16 17:41:02,214 - YW_GGQQ_YWFXJHA_GOU_186.py:67 - 执行结果为True
2020-07-16 17:41:02,231 - YW_GGQQ_YWFXJHA_GOU_189.py:37 - 沪A买平（义务方平仓）：FOK限价全成或撤销-OMS拒单（涨停价+0.0002）
2020-07-16 17:41:02,752 - YW_GGQQ_YWFXJHA_GOU_189.py:67 - 执行结果为True
2020-07-16 17:41:02,771 - YW_GGQQ_YWFXJHA_GOU_190.py:37 - 沪A买平（义务方平仓）：FOK限价全成或撤销-OMS拒单（跌停价-0.0002）
2020-07-16 17:41:03,290 - YW_GGQQ_YWFXJHA_GOU_190.py:67 - 执行结果为True
2020-07-16 17:41:03,306 - YW_GGQQ_YWFXJHA_GOU_192.py:37 - 买平（义务方平仓）：FOK限价全成或撤销-全成再撤单（OMS）
2020-07-16 17:41:04,326 - YW_GGQQ_YWFXJHA_GOU_192.py:67 - 执行结果为True
2020-07-16 17:41:04,342 - YW_GGQQ_YWFXJHA_GOU_193.py:37 - 买平（义务方平仓）：FOK限价全成或撤销-废单再撤单（OMS）
2020-07-16 17:41:04,862 - YW_GGQQ_YWFXJHA_GOU_193.py:67 - 执行结果为True
2020-07-16 17:41:04,879 - YW_GGQQ_YWFXJHA_GOU_215.py:37 - 买平（义务方平仓）：FOK限价全成或撤销-不存在的证券代码
2020-07-16 17:41:05,382 - YW_GGQQ_YWFXJHA_GOU_215.py:54 - 执行结果为True
2020-07-16 17:41:05,399 - YW_GGQQ_YWFXJHA_GOU_216.py:37 - 买平（义务方平仓）：FOK限价全成或撤销-错误的市场
2020-07-16 17:41:05,919 - YW_GGQQ_YWFXJHA_GOU_216.py:67 - 执行结果为True
2020-07-16 17:41:05,936 - YW_GGQQ_YWFXJHA_GOU_217.py:37 - 买平（义务方平仓）：FOK限价全成或撤销-错误的价格（价格=0）
2020-07-16 17:41:06,457 - YW_GGQQ_YWFXJHA_GOU_217.py:67 - 执行结果为True
2020-07-16 17:41:06,474 - YW_GGQQ_YWFXJHA_GOU_218.py:37 - 买平（义务方平仓）：FOK限价全成或撤销-错误的价格（价格巨大）
2020-07-16 17:41:07,007 - YW_GGQQ_YWFXJHA_GOU_218.py:67 - 执行结果为True
2020-07-16 17:41:07,023 - YW_GGQQ_YWFXJHA_GOU_219.py:37 - 买平（义务方平仓）-FOK限价全成或撤销-错误的数量（小于限价最小量）
2020-07-16 17:41:07,543 - YW_GGQQ_YWFXJHA_GOU_219.py:67 - 执行结果为True
2020-07-16 17:41:07,569 - YW_GGQQ_YWFXJHA_GOU_220.py:37 - 买平（义务方平仓）-FOK限价全成或撤销-错误的数量（大于限价最大量）
2020-07-16 17:41:08,097 - YW_GGQQ_YWFXJHA_GOU_220.py:67 - 执行结果为True
2020-07-16 17:41:08,114 - YW_GGQQ_YWFXJHA_GOU_221.py:37 - 买平（义务方平仓）：FOK限价全成或撤销-错误的价格条件
2020-07-16 17:41:08,632 - YW_GGQQ_YWFXJHA_GOU_221.py:67 - 执行结果为True
2020-07-16 17:41:08,649 - YW_GGQQ_YWFXJHA_GOU_222.py:37 - 买平（义务方平仓）：FOK限价全成或撤销-数量溢出（100亿）
2020-07-16 17:41:09,173 - YW_GGQQ_YWFXJHA_GOU_222.py:67 - 执行结果为True
2020-07-16 17:41:09,174 - YW_GGQQ_YWFXJHA_GOU_223.py:37 - 买平（义务方平仓）：FOK限价全成或撤销-金额溢出（总金额>30亿）
2020-07-16 17:41:10,195 - YW_GGQQ_YWFXJHA_GOU_223.py:67 - 执行结果为True
2020-07-16 17:41:10,572 - YW_GGQQ_YWFSJHA_GOU_008.py:37 - 卖开（义务方开仓）：市价剩余转限价-订单确认
2020-07-16 17:41:11,592 - YW_GGQQ_YWFSJHA_GOU_008.py:67 - 执行结果为True
2020-07-16 17:41:11,593 - YW_GGQQ_YWFSJHA_GOU_009.py:37 - 卖开（义务方开仓，有昨仓）：市价剩余转限价-订单确认
2020-07-16 17:41:12,613 - YW_GGQQ_YWFSJHA_GOU_009.py:67 - 执行结果为True
2020-07-16 17:41:12,613 - YW_GGQQ_YWFSJHA_GOU_010.py:37 - 卖开（义务方开仓）：市价剩余转限价-部成
2020-07-16 17:41:13,634 - YW_GGQQ_YWFSJHA_GOU_010.py:67 - 执行结果为True
2020-07-16 17:41:13,634 - YW_GGQQ_YWFSJHA_GOU_011.py:37 - 卖开（义务方开仓，有昨仓）：市价剩余转限价-部成
2020-07-16 17:41:14,654 - YW_GGQQ_YWFSJHA_GOU_011.py:67 - 执行结果为True
2020-07-16 17:41:14,655 - YW_GGQQ_YWFSJHA_GOU_012.py:37 - 卖开（义务方开仓）：市价剩余转限价-已成（费用=min）
2020-07-16 17:41:15,175 - YW_GGQQ_YWFSJHA_GOU_012.py:67 - 执行结果为True
2020-07-16 17:41:15,176 - YW_GGQQ_YWFSJHA_GOU_013.py:37 - 卖开（义务方开仓，有昨仓）：市价剩余转限价-已成（费用=min）
2020-07-16 17:41:16,695 - YW_GGQQ_YWFSJHA_GOU_013.py:67 - 执行结果为True
2020-07-16 17:41:16,695 - YW_GGQQ_YWFSJHA_GOU_014.py:37 - 卖开（义务方开仓）：市价剩余转限价-已成（费用>min）
2020-07-16 17:41:17,214 - YW_GGQQ_YWFSJHA_GOU_014.py:67 - 执行结果为True
2020-07-16 17:41:17,215 - YW_GGQQ_YWFSJHA_GOU_015.py:37 - 卖开（义务方开仓）：市价剩余转限价-部成撤单
2020-07-16 17:41:18,234 - OptMainService.py:199 - 报单查询等待...,xtpID=901030473285766422
2020-07-16 17:41:19,734 - YW_GGQQ_YWFSJHA_GOU_015.py:67 - 执行结果为True
2020-07-16 17:41:19,735 - YW_GGQQ_YWFSJHA_GOU_016.py:37 - 卖开（义务方开仓，有昨仓）：市价剩余转限价-部成撤单
2020-07-16 17:41:20,249 - OptMainService.py:199 - 报单查询等待...,xtpID=901030473285766424
2020-07-16 17:41:21,762 - YW_GGQQ_YWFSJHA_GOU_016.py:67 - 执行结果为True
2020-07-16 17:41:21,763 - YW_GGQQ_YWFSJHA_GOU_017.py:37 - 卖开（义务方开仓）：市价剩余转限价-全部撤单
2020-07-16 17:41:22,273 - OptMainService.py:199 - 报单查询等待...,xtpID=901030473285766426
2020-07-16 17:41:23,282 - YW_GGQQ_YWFSJHA_GOU_017.py:67 - 执行结果为True
2020-07-16 17:41:23,283 - YW_GGQQ_YWFSJHA_GOU_018.py:37 - 卖开（义务方开仓，有昨仓）：市价剩余转限价-全部撤单
2020-07-16 17:41:24,286 - OptMainService.py:199 - 报单查询等待...,xtpID=901030473285766428
2020-07-16 17:41:25,306 - YW_GGQQ_YWFSJHA_GOU_018.py:67 - 执行结果为True
2020-07-16 17:41:25,322 - YW_GGQQ_YWFSJHA_GOU_020.py:37 - 卖开（义务方开仓）：市价剩余转限价-全成再撤单（OMS）
2020-07-16 17:41:26,843 - YW_GGQQ_YWFSJHA_GOU_020.py:67 - 执行结果为True
2020-07-16 17:41:26,859 - YW_GGQQ_YWFSJHA_GOU_021.py:37 - 卖开（义务方开仓）：市价剩余转限价-废单再撤单（OMS）
2020-07-16 17:41:27,381 - YW_GGQQ_YWFSJHA_GOU_021.py:67 - 执行结果为True
2020-07-16 17:41:27,398 - YW_GGQQ_YWFSJHA_GOU_022.py:37 - 卖开（义务方开仓）：市价剩余转限价-部撤再撤单（OMS）
2020-07-16 17:41:28,306 - OptMainService.py:199 - 报单查询等待...,xtpID=901030473285766434
2020-07-16 17:41:29,421 - YW_GGQQ_YWFSJHA_GOU_022.py:67 - 执行结果为True
2020-07-16 17:41:29,437 - YW_GGQQ_YWFSJHA_GOU_023.py:37 - 卖开（义务方开仓）：市价剩余转限价-全撤再撤单（OMS）
2020-07-16 17:41:30,327 - OptMainService.py:199 - 报单查询等待...,xtpID=901030473285766437
2020-07-16 17:41:31,460 - YW_GGQQ_YWFSJHA_GOU_023.py:67 - 执行结果为True
2020-07-16 17:41:31,486 - YW_GGQQ_YWFSJHA_GOU_039.py:37 - 卖开（义务方开仓）：市价剩余转限价-不存在的证券代码
2020-07-16 17:41:31,991 - YW_GGQQ_YWFSJHA_GOU_039.py:54 - 执行结果为True
2020-07-16 17:41:32,007 - YW_GGQQ_YWFSJHA_GOU_040.py:37 - 卖开（义务方开仓）：市价剩余转限价-错误的市场
2020-07-16 17:41:32,528 - YW_GGQQ_YWFSJHA_GOU_040.py:67 - 执行结果为True
2020-07-16 17:41:32,549 - YW_GGQQ_YWFSJHA_GOU_041.py:37 - 卖开（义务方开仓）：市价剩余转限价-错误的数量（小于限价最小量）
2020-07-16 17:41:33,067 - YW_GGQQ_YWFSJHA_GOU_041.py:67 - 执行结果为True
2020-07-16 17:41:33,084 - YW_GGQQ_YWFSJHA_GOU_042.py:37 - 卖开（义务方开仓）：市价剩余转限价-错误的数量（大于限价最大量）
2020-07-16 17:41:33,604 - YW_GGQQ_YWFSJHA_GOU_042.py:67 - 执行结果为True
2020-07-16 17:41:33,623 - YW_GGQQ_YWFSJHA_GOU_043.py:37 - 卖开（义务方开仓）：市价剩余转限价-错误的价格条件
2020-07-16 17:41:34,144 - YW_GGQQ_YWFSJHA_GOU_043.py:67 - 执行结果为True
2020-07-16 17:41:34,170 - YW_GGQQ_YWFSJHA_GOU_044.py:37 - 卖开（义务方开仓）：市价剩余转限价-数量溢出（100亿）
2020-07-16 17:41:34,702 - YW_GGQQ_YWFSJHA_GOU_044.py:67 - 执行结果为True
2020-07-16 17:41:34,703 - YW_GGQQ_YWFSJHA_GOU_045.py:37 - 卖开（义务方开仓）：市价剩余转限价-金额溢出（总金额>30亿）
2020-07-16 17:41:35,723 - YW_GGQQ_YWFSJHA_GOU_045.py:67 - 执行结果为True
2020-07-16 17:41:35,723 - YW_GGQQ_YWFSJHA_GOU_052.py:37 - 买平（义务方平仓）：市价剩余转限价-订单确认
2020-07-16 17:41:36,744 - YW_GGQQ_YWFSJHA_GOU_052.py:67 - 执行结果为True
2020-07-16 17:41:36,744 - YW_GGQQ_YWFSJHA_GOU_053.py:37 - 买平（义务方平仓，有昨仓）：市价剩余转限价-订单确认
2020-07-16 17:41:37,764 - YW_GGQQ_YWFSJHA_GOU_053.py:67 - 执行结果为True
2020-07-16 17:41:37,765 - YW_GGQQ_YWFSJHA_GOU_054.py:37 - 买平（义务方平仓）：市价剩余转限价-部成
2020-07-16 17:41:38,796 - YW_GGQQ_YWFSJHA_GOU_054.py:67 - 执行结果为True
2020-07-16 17:41:38,796 - YW_GGQQ_YWFSJHA_GOU_055.py:37 - 买平（义务方平仓，有昨仓）：市价剩余转限价-部成
2020-07-16 17:41:39,817 - YW_GGQQ_YWFSJHA_GOU_055.py:67 - 执行结果为True
2020-07-16 17:41:39,818 - YW_GGQQ_YWFSJHA_GOU_056.py:37 - 买平（义务方平仓）：市价剩余转限价-已成（费用=min）
2020-07-16 17:41:40,348 - YW_GGQQ_YWFSJHA_GOU_056.py:67 - 执行结果为True
2020-07-16 17:41:40,349 - YW_GGQQ_YWFSJHA_GOU_057.py:37 - 买平（义务方平仓，有昨仓）：市价剩余转限价-已成（费用=min）
2020-07-16 17:41:41,369 - YW_GGQQ_YWFSJHA_GOU_057.py:67 - 执行结果为True
2020-07-16 17:41:41,370 - YW_GGQQ_YWFSJHA_GOU_058.py:37 - 买平（义务方平仓）：市价剩余转限价-已成（费用>min）
2020-07-16 17:41:42,389 - YW_GGQQ_YWFSJHA_GOU_058.py:67 - 执行结果为True
2020-07-16 17:41:42,389 - YW_GGQQ_YWFSJHA_GOU_059.py:37 - 买平（义务方平仓，有昨仓）：市价剩余转限价-已成（费用>min）
2020-07-16 17:41:43,409 - YW_GGQQ_YWFSJHA_GOU_059.py:67 - 执行结果为True
2020-07-16 17:41:43,409 - YW_GGQQ_YWFSJHA_GOU_060.py:37 - 买平（义务方平仓）：市价剩余转限价-部成撤单
2020-07-16 17:41:44,413 - OptMainService.py:199 - 报单查询等待...,xtpID=901030473285766455
2020-07-16 17:41:45,430 - YW_GGQQ_YWFSJHA_GOU_060.py:67 - 执行结果为True
2020-07-16 17:41:45,430 - YW_GGQQ_YWFSJHA_GOU_061.py:37 - 买平（义务方平仓，有昨仓）：市价剩余转限价-部成撤单
2020-07-16 17:41:46,421 - OptMainService.py:199 - 报单查询等待...,xtpID=901030473285766457
2020-07-16 17:41:47,951 - YW_GGQQ_YWFSJHA_GOU_061.py:67 - 执行结果为True
2020-07-16 17:41:47,951 - YW_GGQQ_YWFSJHA_GOU_062.py:37 - 买平（义务方平仓）：市价剩余转限价-全部撤单
2020-07-16 17:41:48,455 - OptMainService.py:199 - 报单查询等待...,xtpID=901030473285766459
2020-07-16 17:41:49,472 - YW_GGQQ_YWFSJHA_GOU_062.py:67 - 执行结果为True
2020-07-16 17:41:49,473 - YW_GGQQ_YWFSJHA_GOU_063.py:37 - 买平（义务方平仓，有昨仓）：市价剩余转限价-全部撤单
2020-07-16 17:41:50,450 - OptMainService.py:199 - 报单查询等待...,xtpID=901030473285766461
2020-07-16 17:41:51,495 - YW_GGQQ_YWFSJHA_GOU_063.py:67 - 执行结果为True
2020-07-16 17:41:51,511 - YW_GGQQ_YWFSJHA_GOU_065.py:37 - 买平（义务方平仓）：市价剩余转限价-全成再撤单（OMS）
2020-07-16 17:41:53,030 - YW_GGQQ_YWFSJHA_GOU_065.py:67 - 执行结果为True
2020-07-16 17:41:53,046 - YW_GGQQ_YWFSJHA_GOU_066.py:37 - 买平（义务方平仓）：市价剩余转限价-废单再撤单（OMS）
2020-07-16 17:41:53,566 - YW_GGQQ_YWFSJHA_GOU_066.py:67 - 执行结果为True
2020-07-16 17:41:53,582 - YW_GGQQ_YWFSJHA_GOU_067.py:37 - 买平（义务方平仓）：市价剩余转限价-部撤再撤单（OMS）
2020-07-16 17:41:54,453 - OptMainService.py:199 - 报单查询等待...,xtpID=901030473285766467
2020-07-16 17:41:55,603 - YW_GGQQ_YWFSJHA_GOU_067.py:67 - 执行结果为True
2020-07-16 17:41:55,619 - YW_GGQQ_YWFSJHA_GOU_068.py:37 - 买平（义务方平仓）：市价剩余转限价-全撤再撤单（OMS）
2020-07-16 17:41:56,463 - OptMainService.py:199 - 报单查询等待...,xtpID=901030473285766470
2020-07-16 17:41:57,639 - YW_GGQQ_YWFSJHA_GOU_068.py:67 - 执行结果为True
2020-07-16 17:41:57,656 - YW_GGQQ_YWFSJHA_GOU_087.py:37 - 买平（义务方平仓）：市价剩余转限价-不存在的证券代码
2020-07-16 17:41:58,160 - YW_GGQQ_YWFSJHA_GOU_087.py:54 - 执行结果为True
2020-07-16 17:41:58,176 - YW_GGQQ_YWFSJHA_GOU_088.py:37 - 买平（义务方平仓）：市价剩余转限价-错误的市场
2020-07-16 17:41:58,697 - YW_GGQQ_YWFSJHA_GOU_088.py:67 - 执行结果为True
2020-07-16 17:41:58,713 - YW_GGQQ_YWFSJHA_GOU_089.py:37 - 买平（义务方平仓）-市价剩余转限价-错误的数量（小于限价最小量）
2020-07-16 17:41:59,232 - YW_GGQQ_YWFSJHA_GOU_089.py:67 - 执行结果为True
2020-07-16 17:41:59,248 - YW_GGQQ_YWFSJHA_GOU_090.py:37 - 买平（义务方平仓）-市价剩余转限价-错误的数量（大于限价最大量）
2020-07-16 17:41:59,767 - YW_GGQQ_YWFSJHA_GOU_090.py:67 - 执行结果为True
2020-07-16 17:41:59,783 - YW_GGQQ_YWFSJHA_GOU_091.py:37 - 买平（义务方平仓）：市价剩余转限价-错误的价格条件
2020-07-16 17:42:00,302 - YW_GGQQ_YWFSJHA_GOU_091.py:67 - 执行结果为True
2020-07-16 17:42:00,319 - YW_GGQQ_YWFSJHA_GOU_092.py:37 - 买平（义务方平仓）：市价剩余转限价-数量溢出（100亿）
2020-07-16 17:42:00,840 - YW_GGQQ_YWFSJHA_GOU_092.py:67 - 执行结果为True
2020-07-16 17:42:00,840 - YW_GGQQ_YWFSJHA_GOU_093.py:37 - 买平（义务方平仓）：市价剩余转限价-金额溢出（总金额>30亿）
2020-07-16 17:42:01,860 - YW_GGQQ_YWFSJHA_GOU_093.py:67 - 执行结果为True
2020-07-16 17:42:01,860 - YW_GGQQ_YWFSJHA_GOU_100.py:37 - 卖开（义务方开仓）：市价剩余撤销-已成（费用=min）
2020-07-16 17:42:02,880 - YW_GGQQ_YWFSJHA_GOU_100.py:67 - 执行结果为True
2020-07-16 17:42:02,880 - YW_GGQQ_YWFSJHA_GOU_101.py:37 - 卖开（义务方开仓，有昨仓）：市价剩余撤销-已成（费用=min）
2020-07-16 17:42:03,901 - YW_GGQQ_YWFSJHA_GOU_101.py:67 - 执行结果为True
2020-07-16 17:42:03,902 - YW_GGQQ_YWFSJHA_GOU_102.py:37 - 卖开（义务方开仓）：市价剩余撤销-已成（费用>min）
2020-07-16 17:42:04,922 - YW_GGQQ_YWFSJHA_GOU_102.py:67 - 执行结果为True
2020-07-16 17:42:04,923 - YW_GGQQ_YWFSJHA_GOU_103.py:37 - 卖开（义务方开仓，有昨仓）：市价剩余撤销-已成（费用>min）
2020-07-16 17:42:05,943 - YW_GGQQ_YWFSJHA_GOU_103.py:67 - 执行结果为True
2020-07-16 17:42:05,944 - YW_GGQQ_YWFSJHA_GOU_104.py:37 - 卖开（义务方开仓）：市价剩余撤销-部成撤单
2020-07-16 17:42:06,963 - YW_GGQQ_YWFSJHA_GOU_104.py:67 - 执行结果为True
2020-07-16 17:42:06,964 - YW_GGQQ_YWFSJHA_GOU_105.py:37 - 卖开（义务方开仓，有昨仓）：市价剩余撤销-部成撤单
2020-07-16 17:42:07,995 - YW_GGQQ_YWFSJHA_GOU_105.py:67 - 执行结果为True
2020-07-16 17:42:08,011 - YW_GGQQ_YWFSJHA_GOU_107.py:37 - 卖开（义务方开仓）：市价剩余撤销-全成再撤单（OMS）
2020-07-16 17:42:09,032 - YW_GGQQ_YWFSJHA_GOU_107.py:67 - 执行结果为True
2020-07-16 17:42:09,056 - YW_GGQQ_YWFSJHA_GOU_108.py:37 - 卖开（义务方开仓）：市价剩余撤销-废单再撤单（OMS）
2020-07-16 17:42:09,577 - YW_GGQQ_YWFSJHA_GOU_108.py:67 - 执行结果为True
2020-07-16 17:42:09,594 - YW_GGQQ_YWFSJHA_GOU_109.py:37 - 卖开（义务方开仓）：市价剩余撤销-部撤再撤单（OMS）
2020-07-16 17:42:10,615 - YW_GGQQ_YWFSJHA_GOU_109.py:67 - 执行结果为True
2020-07-16 17:42:10,633 - YW_GGQQ_YWFSJHA_GOU_110.py:37 - 卖开（义务方开仓）：市价剩余撤销-全撤再撤单（OMS）
2020-07-16 17:42:11,654 - YW_GGQQ_YWFSJHA_GOU_110.py:67 - 执行结果为True
2020-07-16 17:42:11,671 - YW_GGQQ_YWFSJHA_GOU_124.py:37 - 卖开（义务方开仓）：市价剩余撤销-不存在的证券代码
2020-07-16 17:42:12,174 - YW_GGQQ_YWFSJHA_GOU_124.py:54 - 执行结果为True
2020-07-16 17:42:12,190 - YW_GGQQ_YWFSJHA_GOU_125.py:37 - 卖开（义务方开仓）：市价剩余撤销-错误的市场
2020-07-16 17:42:12,712 - YW_GGQQ_YWFSJHA_GOU_125.py:67 - 执行结果为True
2020-07-16 17:42:12,728 - YW_GGQQ_YWFSJHA_GOU_126.py:37 - 卖开（义务方开仓）：市价剩余撤销-错误的数量（小于限价最小量）
2020-07-16 17:42:13,257 - YW_GGQQ_YWFSJHA_GOU_126.py:67 - 执行结果为True
2020-07-16 17:42:13,274 - YW_GGQQ_YWFSJHA_GOU_127.py:37 - 卖开（义务方开仓）：市价剩余撤销-错误的数量（大于限价最大量）
2020-07-16 17:42:13,793 - YW_GGQQ_YWFSJHA_GOU_127.py:67 - 执行结果为True
2020-07-16 17:42:13,821 - YW_GGQQ_YWFSJHA_GOU_128.py:37 - 卖开（义务方开仓）：市价剩余撤销-错误的价格条件
2020-07-16 17:42:14,342 - YW_GGQQ_YWFSJHA_GOU_128.py:67 - 执行结果为True
2020-07-16 17:42:14,359 - YW_GGQQ_YWFSJHA_GOU_129.py:37 - 卖开（义务方开仓）：市价剩余撤销-数量溢出（100亿）
2020-07-16 17:42:14,879 - YW_GGQQ_YWFSJHA_GOU_129.py:67 - 执行结果为True
2020-07-16 17:42:14,880 - YW_GGQQ_YWFSJHA_GOU_130.py:37 - 卖开（义务方开仓）：市价剩余撤销-金额溢出（总金额>30亿）
2020-07-16 17:42:15,902 - YW_GGQQ_YWFSJHA_GOU_130.py:67 - 执行结果为True
2020-07-16 17:42:15,903 - YW_GGQQ_YWFSJHA_GOU_138.py:37 - 买平（义务方平仓）：市价剩余撤销-已成（费用=min）
2020-07-16 17:42:16,930 - YW_GGQQ_YWFSJHA_GOU_138.py:67 - 执行结果为True
2020-07-16 17:42:16,930 - YW_GGQQ_YWFSJHA_GOU_139.py:37 - 买平（义务方平仓）：市价剩余撤销-已成（费用>min）
2020-07-16 17:42:17,950 - YW_GGQQ_YWFSJHA_GOU_139.py:67 - 执行结果为True
2020-07-16 17:42:17,951 - YW_GGQQ_YWFSJHA_GOU_140.py:37 - 买平（义务方平仓）：市价剩余撤销-部成撤单
2020-07-16 17:42:18,971 - YW_GGQQ_YWFSJHA_GOU_140.py:67 - 执行结果为True
2020-07-16 17:42:18,971 - YW_GGQQ_YWFSJHA_GOU_141.py:37 - 买平（义务方平仓）：市价剩余撤销-全部撤单
2020-07-16 17:42:19,491 - YW_GGQQ_YWFSJHA_GOU_141.py:67 - 执行结果为True
2020-07-16 17:42:19,517 - YW_GGQQ_YWFSJHA_GOU_142.py:37 - 买平（义务方平仓）：市价剩余撤销-全成再撤单（OMS）
2020-07-16 17:42:21,047 - YW_GGQQ_YWFSJHA_GOU_142.py:67 - 执行结果为True
2020-07-16 17:42:21,063 - YW_GGQQ_YWFSJHA_GOU_143.py:37 - 买平（义务方平仓）：市价剩余撤销-废单再撤单（OMS）
2020-07-16 17:42:21,583 - YW_GGQQ_YWFSJHA_GOU_143.py:67 - 执行结果为True
2020-07-16 17:42:21,603 - YW_GGQQ_YWFSJHA_GOU_144.py:37 - 买平（义务方平仓）：市价剩余撤销-部撤再撤单（OMS）
2020-07-16 17:42:22,512 - OptFundStkCheck.py:974 - 可用资金错误，原可用资金,现可用资金分别为84575690554.199997,84575692913.199997
2020-07-16 17:42:22,625 - YW_GGQQ_YWFSJHA_GOU_144.py:71 - 执行结果为False,撤废-报单查询,"可用资金错误"
2020-07-16 17:42:22,641 - YW_GGQQ_YWFSJHA_GOU_145.py:37 - 买平（义务方平仓）：市价剩余撤销-全撤再撤单（OMS）
2020-07-16 17:42:23,660 - YW_GGQQ_YWFSJHA_GOU_145.py:67 - 执行结果为True
2020-07-16 17:42:23,677 - YW_GGQQ_YWFSJHA_GOU_162.py:37 - 买平（义务方平仓）：市价剩余撤销-不存在的证券代码
2020-07-16 17:42:24,180 - YW_GGQQ_YWFSJHA_GOU_162.py:54 - 执行结果为True
2020-07-16 17:42:24,197 - YW_GGQQ_YWFSJHA_GOU_163.py:37 - 买平（义务方平仓）：市价剩余撤销-错误的市场
2020-07-16 17:42:24,723 - YW_GGQQ_YWFSJHA_GOU_163.py:67 - 执行结果为True
2020-07-16 17:42:24,739 - YW_GGQQ_YWFSJHA_GOU_164.py:37 - 买平（义务方平仓）-市价剩余撤销-错误的数量（小于限价最小量）
2020-07-16 17:42:25,258 - YW_GGQQ_YWFSJHA_GOU_164.py:67 - 执行结果为True
2020-07-16 17:42:25,274 - YW_GGQQ_YWFSJHA_GOU_165.py:37 - 买平（义务方平仓）-市价剩余撤销-错误的数量（大于限价最大量）
2020-07-16 17:42:25,793 - YW_GGQQ_YWFSJHA_GOU_165.py:67 - 执行结果为True
2020-07-16 17:42:25,810 - YW_GGQQ_YWFSJHA_GOU_166.py:37 - 买平（义务方平仓）：市价剩余撤销-错误的价格条件
2020-07-16 17:42:26,329 - YW_GGQQ_YWFSJHA_GOU_166.py:67 - 执行结果为True
2020-07-16 17:42:26,345 - YW_GGQQ_YWFSJHA_GOU_167.py:37 - 买平（义务方平仓）：市价剩余撤销-数量溢出（100亿）
2020-07-16 17:42:26,872 - YW_GGQQ_YWFSJHA_GOU_167.py:67 - 执行结果为True
2020-07-16 17:42:26,873 - YW_GGQQ_YWFSJHA_GOU_168.py:37 - 买平（义务方平仓）：市价剩余撤销-金额溢出（总金额>30亿）
2020-07-16 17:42:27,894 - YW_GGQQ_YWFSJHA_GOU_168.py:67 - 执行结果为True
2020-07-16 17:42:27,894 - YW_GGQQ_YWFSJHA_GOU_176.py:37 - 卖开（义务方开仓）：FOK市价全成或撤销-已成（费用=min）
2020-07-16 17:42:28,914 - YW_GGQQ_YWFSJHA_GOU_176.py:67 - 执行结果为True
2020-07-16 17:42:28,915 - YW_GGQQ_YWFSJHA_GOU_177.py:37 - 卖开（义务方开仓，有昨仓）：FOK市价全成或撤销-已成（费用=min）
2020-07-16 17:42:29,945 - YW_GGQQ_YWFSJHA_GOU_177.py:67 - 执行结果为True
2020-07-16 17:42:29,945 - YW_GGQQ_YWFSJHA_GOU_178.py:37 - 卖开（义务方开仓）：FOK市价全成或撤销-已成（费用>min）
2020-07-16 17:42:30,965 - YW_GGQQ_YWFSJHA_GOU_178.py:67 - 执行结果为True
2020-07-16 17:42:30,966 - YW_GGQQ_YWFSJHA_GOU_179.py:37 - 卖开（义务方开仓，有昨仓）：FOK市价全成或撤销-已成（费用>min）
2020-07-16 17:42:31,986 - YW_GGQQ_YWFSJHA_GOU_179.py:67 - 执行结果为True
2020-07-16 17:42:32,002 - YW_GGQQ_YWFSJHA_GOU_181.py:37 - 卖开（义务方开仓）：FOK市价全成或撤销-全成再撤单（OMS）
2020-07-16 17:42:33,023 - YW_GGQQ_YWFSJHA_GOU_181.py:67 - 执行结果为True
2020-07-16 17:42:33,040 - YW_GGQQ_YWFSJHA_GOU_182.py:37 - 卖开（义务方开仓）：FOK市价全成或撤销-废单再撤单（OMS）
2020-07-16 17:42:34,060 - YW_GGQQ_YWFSJHA_GOU_182.py:67 - 执行结果为True
2020-07-16 17:42:34,077 - YW_GGQQ_YWFSJHA_GOU_197.py:37 - 卖开（义务方开仓）：FOK市价全成或撤销-不存在的证券代码
2020-07-16 17:42:34,581 - YW_GGQQ_YWFSJHA_GOU_197.py:54 - 执行结果为True
2020-07-16 17:42:34,597 - YW_GGQQ_YWFSJHA_GOU_198.py:37 - 卖开（义务方开仓）：FOK市价全成或撤销-错误的市场
2020-07-16 17:42:35,118 - YW_GGQQ_YWFSJHA_GOU_198.py:67 - 执行结果为True
2020-07-16 17:42:35,134 - YW_GGQQ_YWFSJHA_GOU_199.py:37 - 卖开（义务方开仓）：FOK市价全成或撤销-错误的数量（小于限价最小量）
2020-07-16 17:42:35,654 - YW_GGQQ_YWFSJHA_GOU_199.py:67 - 执行结果为True
2020-07-16 17:42:35,670 - YW_GGQQ_YWFSJHA_GOU_200.py:37 - 卖开（义务方开仓）：FOK市价全成或撤销-错误的数量（大于限价最大量）
2020-07-16 17:42:36,199 - YW_GGQQ_YWFSJHA_GOU_200.py:67 - 执行结果为True
2020-07-16 17:42:36,216 - YW_GGQQ_YWFSJHA_GOU_201.py:37 - 卖开（义务方开仓）：FOK市价全成或撤销-错误的价格条件
2020-07-16 17:42:36,737 - YW_GGQQ_YWFSJHA_GOU_201.py:67 - 执行结果为True
2020-07-16 17:42:36,757 - YW_GGQQ_YWFSJHA_GOU_202.py:37 - 卖开（义务方开仓）：FOK市价全成或撤销-数量溢出（100亿）
2020-07-16 17:42:37,285 - YW_GGQQ_YWFSJHA_GOU_202.py:67 - 执行结果为True
2020-07-16 17:42:37,286 - YW_GGQQ_YWFSJHA_GOU_203.py:37 - 卖开（义务方开仓）：FOK市价全成或撤销-金额溢出（总金额>30亿）
2020-07-16 17:42:37,805 - YW_GGQQ_YWFSJHA_GOU_203.py:67 - 执行结果为True
2020-07-16 17:42:37,806 - YW_GGQQ_YWFSJHA_GOU_209.py:37 - 买平（义务方平仓）：FOK市价全成或撤销-已成（费用=min）
2020-07-16 17:42:38,836 - YW_GGQQ_YWFSJHA_GOU_209.py:67 - 执行结果为True
2020-07-16 17:42:38,836 - YW_GGQQ_YWFSJHA_GOU_210.py:37 - 买平（义务方平仓）：FOK市价全成或撤销-已成（费用>min）
2020-07-16 17:42:39,856 - YW_GGQQ_YWFSJHA_GOU_210.py:67 - 执行结果为True
2020-07-16 17:42:39,873 - YW_GGQQ_YWFSJHA_GOU_212.py:37 - 买平（义务方平仓）：FOK市价全成或撤销-全成再撤单（OMS）
2020-07-16 17:42:40,893 - YW_GGQQ_YWFSJHA_GOU_212.py:67 - 执行结果为True
2020-07-16 17:42:40,909 - YW_GGQQ_YWFSJHA_GOU_213.py:37 - 买平（义务方平仓）：FOK市价全成或撤销-废单再撤单（OMS）
2020-07-16 17:42:41,931 - YW_GGQQ_YWFSJHA_GOU_213.py:67 - 执行结果为True
2020-07-16 17:42:41,948 - YW_GGQQ_YWFSJHA_GOU_231.py:37 - 买平（义务方平仓）：FOK市价全成或撤销-错误的市场
2020-07-16 17:42:42,469 - YW_GGQQ_YWFSJHA_GOU_231.py:67 - 执行结果为True
2020-07-16 17:42:42,485 - YW_GGQQ_YWFSJHA_GOU_232.py:37 - 买平（义务方平仓）-FOK市价全成或撤销-错误的数量（小于限价最小量）
2020-07-16 17:42:43,005 - YW_GGQQ_YWFSJHA_GOU_232.py:67 - 执行结果为True
2020-07-16 17:42:43,031 - YW_GGQQ_YWFSJHA_GOU_233.py:37 - 买平（义务方平仓）-FOK市价全成或撤销-错误的数量（大于限价最大量）
2020-07-16 17:42:43,556 - YW_GGQQ_YWFSJHA_GOU_233.py:67 - 执行结果为True
2020-07-16 17:42:43,582 - YW_GGQQ_YWFSJHA_GOU_234.py:37 - 买平（义务方平仓）：FOK市价全成或撤销-错误的价格条件
2020-07-16 17:42:44,111 - YW_GGQQ_YWFSJHA_GOU_234.py:67 - 执行结果为True
2020-07-16 17:42:44,128 - YW_GGQQ_YWFSJHA_GOU_235.py:37 - 买平（义务方平仓）：FOK市价全成或撤销-数量溢出（100亿）
2020-07-16 17:42:44,649 - YW_GGQQ_YWFSJHA_GOU_235.py:67 - 执行结果为True
2020-07-16 17:42:44,650 - YW_GGQQ_YWFSJHA_GOU_236.py:37 - 买平（义务方平仓）：FOK市价全成或撤销-金额溢出（总金额>30亿）
2020-07-16 17:42:45,675 - YW_GGQQ_YWFSJHA_GOU_236.py:67 - 执行结果为True
2020-07-16 17:42:46,049 - YW_GGQQ_YWFXJHA_GU_020.py:37 - 卖开（义务方开仓）：限价-订单确认
2020-07-16 17:42:47,076 - YW_GGQQ_YWFXJHA_GU_020.py:67 - 执行结果为True
2020-07-16 17:42:47,077 - YW_GGQQ_YWFXJHA_GU_021.py:37 - 卖开（义务方开仓，有昨仓）：限价-订单确认
2020-07-16 17:42:48,097 - YW_GGQQ_YWFXJHA_GU_021.py:67 - 执行结果为True
2020-07-16 17:42:48,098 - YW_GGQQ_YWFXJHA_GU_022.py:37 - 卖开（义务方开仓）：限价-部成
2020-07-16 17:42:49,118 - YW_GGQQ_YWFXJHA_GU_022.py:67 - 执行结果为True
2020-07-16 17:42:49,119 - YW_GGQQ_YWFXJHA_GU_023.py:37 - 卖开（义务方开仓，有昨仓）：限价-部成
2020-07-16 17:42:50,150 - YW_GGQQ_YWFXJHA_GU_023.py:67 - 执行结果为True
2020-07-16 17:42:50,150 - YW_GGQQ_YWFXJHA_GU_024.py:37 - 卖开（义务方开仓）：限价-已成（费用=min）
2020-07-16 17:42:51,171 - YW_GGQQ_YWFXJHA_GU_024.py:67 - 执行结果为True
2020-07-16 17:42:51,171 - YW_GGQQ_YWFXJHA_GU_025.py:37 - 卖开（义务方开仓，有昨仓）：限价-已成（费用=min）
2020-07-16 17:42:52,191 - YW_GGQQ_YWFXJHA_GU_025.py:67 - 执行结果为True
2020-07-16 17:42:52,192 - YW_GGQQ_YWFXJHA_GU_026.py:37 - 卖开（义务方开仓）：限价-已成（费用>min）
2020-07-16 17:42:52,712 - YW_GGQQ_YWFXJHA_GU_026.py:67 - 执行结果为True
2020-07-16 17:42:52,712 - YW_GGQQ_YWFXJHA_GU_027.py:37 - 卖开（义务方开仓，有昨仓）：限价-已成（费用>min）
2020-07-16 17:42:54,233 - YW_GGQQ_YWFXJHA_GU_027.py:67 - 执行结果为True
2020-07-16 17:42:54,249 - YW_GGQQ_YWFXJHA_GU_030.py:37 - 沪A卖开（义务方开仓）：限价-OMS拒单（涨停价+0.0002）
2020-07-16 17:42:54,769 - YW_GGQQ_YWFXJHA_GU_030.py:67 - 执行结果为True
2020-07-16 17:42:54,786 - YW_GGQQ_YWFXJHA_GU_031.py:37 - 沪A卖开（义务方开仓）：限价-OMS拒单（跌停价-0.0002）
2020-07-16 17:42:55,315 - YW_GGQQ_YWFXJHA_GU_031.py:67 - 执行结果为True
2020-07-16 17:42:55,316 - YW_GGQQ_YWFXJHA_GU_032.py:37 - 卖开（义务方开仓）：限价-部成撤单
2020-07-16 17:42:55,792 - OptMainService.py:199 - 报单查询等待...,xtpID=901030473285766557
2020-07-16 17:42:57,338 - YW_GGQQ_YWFXJHA_GU_032.py:67 - 执行结果为True
2020-07-16 17:42:57,338 - YW_GGQQ_YWFXJHA_GU_033.py:37 - 卖开（义务方开仓，有昨仓）：限价-部成撤单
2020-07-16 17:42:57,807 - OptMainService.py:199 - 报单查询等待...,xtpID=901030473285766559
2020-07-16 17:42:58,859 - YW_GGQQ_YWFXJHA_GU_033.py:67 - 执行结果为True
2020-07-16 17:42:58,859 - YW_GGQQ_YWFXJHA_GU_034.py:37 - 卖开（义务方开仓）：限价-全部撤单
2020-07-16 17:42:59,834 - OptMainService.py:199 - 报单查询等待...,xtpID=901030473285766561
2020-07-16 17:43:00,879 - YW_GGQQ_YWFXJHA_GU_034.py:67 - 执行结果为True
2020-07-16 17:43:00,880 - YW_GGQQ_YWFXJHA_GU_035.py:37 - 卖开（义务方开仓，有昨仓）：限价-全部撤单
2020-07-16 17:43:01,842 - OptMainService.py:199 - 报单查询等待...,xtpID=901030473285766563
2020-07-16 17:43:02,901 - YW_GGQQ_YWFXJHA_GU_035.py:67 - 执行结果为True
2020-07-16 17:43:02,917 - YW_GGQQ_YWFXJHA_GU_037.py:37 - 卖开（义务方开仓）：限价-全成再撤单（OMS）
2020-07-16 17:43:04,439 - YW_GGQQ_YWFXJHA_GU_037.py:67 - 执行结果为True
2020-07-16 17:43:04,456 - YW_GGQQ_YWFXJHA_GU_038.py:37 - 卖开（义务方开仓）：限价-废单再撤单（OMS）
2020-07-16 17:43:04,976 - YW_GGQQ_YWFXJHA_GU_038.py:67 - 执行结果为True
2020-07-16 17:43:04,995 - YW_GGQQ_YWFXJHA_GU_039.py:37 - 卖开（义务方开仓）：限价-部撤再撤单（OMS）
2020-07-16 17:43:05,866 - OptMainService.py:199 - 报单查询等待...,xtpID=901030473285766569
2020-07-16 17:43:07,017 - YW_GGQQ_YWFXJHA_GU_039.py:67 - 执行结果为True
2020-07-16 17:43:07,035 - YW_GGQQ_YWFXJHA_GU_040.py:37 - 卖开（义务方开仓）：限价-全撤再撤单（OMS）
2020-07-16 17:43:07,891 - OptMainService.py:199 - 报单查询等待...,xtpID=901030473285766572
2020-07-16 17:43:09,058 - YW_GGQQ_YWFXJHA_GU_040.py:67 - 执行结果为True
2020-07-16 17:43:09,084 - YW_GGQQ_YWFXJHA_GU_063.py:37 - 卖开（义务方开仓）：限价-不存在的证券代码
2020-07-16 17:43:09,587 - YW_GGQQ_YWFXJHA_GU_063.py:54 - 执行结果为True
2020-07-16 17:43:09,604 - YW_GGQQ_YWFXJHA_GU_064.py:37 - 卖开（义务方开仓）：限价-错误的市场
2020-07-16 17:43:10,126 - YW_GGQQ_YWFXJHA_GU_064.py:67 - 执行结果为True
2020-07-16 17:43:10,142 - YW_GGQQ_YWFXJHA_GU_065.py:37 - 卖开（义务方开仓）：限价-错误的价格（价格=0）
2020-07-16 17:43:10,663 - YW_GGQQ_YWFXJHA_GU_065.py:67 - 执行结果为True
2020-07-16 17:43:10,679 - YW_GGQQ_YWFXJHA_GU_066.py:37 - 卖开（义务方开仓）：限价-错误的价格（价格巨大）
2020-07-16 17:43:11,200 - YW_GGQQ_YWFXJHA_GU_066.py:67 - 执行结果为True
2020-07-16 17:43:11,216 - YW_GGQQ_YWFXJHA_GU_067.py:37 - 卖开（义务方开仓）：限价-错误的数量（小于限价最小量）
2020-07-16 17:43:11,735 - YW_GGQQ_YWFXJHA_GU_067.py:67 - 执行结果为True
2020-07-16 17:43:11,760 - YW_GGQQ_YWFXJHA_GU_068.py:37 - 卖开（义务方开仓）：限价-错误的数量（大于限价最大量）
2020-07-16 17:43:12,284 - YW_GGQQ_YWFXJHA_GU_068.py:67 - 执行结果为True
2020-07-16 17:43:12,300 - YW_GGQQ_YWFXJHA_GU_069.py:37 - 卖开（义务方开仓）：限价-错误的价格条件
2020-07-16 17:43:12,822 - YW_GGQQ_YWFXJHA_GU_069.py:67 - 执行结果为True
2020-07-16 17:43:12,839 - YW_GGQQ_YWFXJHA_GU_070.py:37 - 卖开（义务方开仓）：限价-数量溢出（100亿）
2020-07-16 17:43:13,374 - YW_GGQQ_YWFXJHA_GU_070.py:67 - 执行结果为True
2020-07-16 17:43:13,375 - YW_GGQQ_YWFXJHA_GU_071.py:37 - 卖开（义务方开仓）：限价-金额溢出（总金额>30亿）
2020-07-16 17:43:13,895 - YW_GGQQ_YWFXJHA_GU_071.py:67 - 执行结果为True
2020-07-16 17:43:13,896 - YW_GGQQ_YWFXJHA_GU_091.py:37 - 买平（义务方平仓）：限价-订单确认
2020-07-16 17:43:15,419 - YW_GGQQ_YWFXJHA_GU_091.py:67 - 执行结果为True
2020-07-16 17:43:15,420 - YW_GGQQ_YWFXJHA_GU_092.py:37 - 买平（义务方平仓，有昨仓）：限价-订单确认
2020-07-16 17:43:16,449 - YW_GGQQ_YWFXJHA_GU_092.py:67 - 执行结果为True
2020-07-16 17:43:16,449 - YW_GGQQ_YWFXJHA_GU_093.py:37 - 买平（义务方平仓）：限价-部成
2020-07-16 17:43:17,470 - YW_GGQQ_YWFXJHA_GU_093.py:67 - 执行结果为True
2020-07-16 17:43:17,470 - YW_GGQQ_YWFXJHA_GU_094.py:37 - 买平（义务方平仓）：限价-已成（费用=min）
2020-07-16 17:43:17,991 - YW_GGQQ_YWFXJHA_GU_094.py:67 - 执行结果为True
2020-07-16 17:43:17,991 - YW_GGQQ_YWFXJHA_GU_095.py:37 - 买平（义务方平仓，有昨仓）：限价-已成（费用=min）
2020-07-16 17:43:19,011 - YW_GGQQ_YWFXJHA_GU_095.py:67 - 执行结果为True
2020-07-16 17:43:19,012 - YW_GGQQ_YWFXJHA_GU_096.py:37 - 买平（义务方平仓）：限价-已成（费用>min）
2020-07-16 17:43:20,031 - YW_GGQQ_YWFXJHA_GU_096.py:67 - 执行结果为True
2020-07-16 17:43:20,032 - YW_GGQQ_YWFXJHA_GU_097.py:37 - 买平（义务方平仓，有昨仓）：限价-已成（费用>min）
2020-07-16 17:43:21,052 - YW_GGQQ_YWFXJHA_GU_097.py:67 - 执行结果为True
2020-07-16 17:43:21,078 - YW_GGQQ_YWFXJHA_GU_100.py:37 - 沪A买平（义务方平仓）：限价-OMS拒单（涨停价+0.0002）
2020-07-16 17:43:21,611 - YW_GGQQ_YWFXJHA_GU_100.py:67 - 执行结果为True
2020-07-16 17:43:21,627 - YW_GGQQ_YWFXJHA_GU_101.py:37 - 沪A买平（义务方平仓）：限价-OMS拒单（跌停价-0.0002）
2020-07-16 17:43:22,146 - YW_GGQQ_YWFXJHA_GU_101.py:67 - 执行结果为True
2020-07-16 17:43:22,147 - YW_GGQQ_YWFXJHA_GU_102.py:37 - 买平（义务方平仓）：限价-部成撤单
2020-07-16 17:43:22,954 - OptMainService.py:199 - 报单查询等待...,xtpID=901030473285766593
2020-07-16 17:43:24,168 - YW_GGQQ_YWFXJHA_GU_102.py:67 - 执行结果为True
2020-07-16 17:43:24,168 - YW_GGQQ_YWFXJHA_GU_103.py:37 - 买平（义务方平仓，有昨仓）：限价-部成撤单
2020-07-16 17:43:24,979 - OptMainService.py:199 - 报单查询等待...,xtpID=901030473285766595
2020-07-16 17:43:26,189 - YW_GGQQ_YWFXJHA_GU_103.py:67 - 执行结果为True
2020-07-16 17:43:26,190 - YW_GGQQ_YWFXJHA_GU_104.py:37 - 买平（义务方平仓）：限价-全部撤单
2020-07-16 17:43:26,987 - OptMainService.py:199 - 报单查询等待...,xtpID=901030473285766597
2020-07-16 17:43:28,210 - YW_GGQQ_YWFXJHA_GU_104.py:67 - 执行结果为True
2020-07-16 17:43:28,211 - YW_GGQQ_YWFXJHA_GU_105.py:37 - 买平（义务方平仓，有昨仓）：限价-全部撤单
2020-07-16 17:43:29,005 - OptMainService.py:199 - 报单查询等待...,xtpID=901030473285766599
2020-07-16 17:43:30,232 - YW_GGQQ_YWFXJHA_GU_105.py:67 - 执行结果为True
2020-07-16 17:43:30,249 - YW_GGQQ_YWFXJHA_GU_107.py:37 - 买平（义务方平仓）：限价-全成再撤单（OMS）
2020-07-16 17:43:31,269 - YW_GGQQ_YWFXJHA_GU_107.py:67 - 执行结果为True
2020-07-16 17:43:31,293 - YW_GGQQ_YWFXJHA_GU_108.py:37 - 买平（义务方平仓）：限价-废单再撤单（OMS）
2020-07-16 17:43:32,313 - YW_GGQQ_YWFXJHA_GU_108.py:67 - 执行结果为True
2020-07-16 17:43:32,329 - YW_GGQQ_YWFXJHA_GU_109.py:37 - 买平（义务方平仓）：限价-部撤再撤单（OMS）
2020-07-16 17:43:33,025 - OptMainService.py:199 - 报单查询等待...,xtpID=901030473285766605
2020-07-16 17:43:34,350 - YW_GGQQ_YWFXJHA_GU_109.py:67 - 执行结果为True
2020-07-16 17:43:34,367 - YW_GGQQ_YWFXJHA_GU_110.py:37 - 买平（义务方平仓）：限价-全撤再撤单（OMS）
2020-07-16 17:43:35,130 - OptMainService.py:199 - 报单查询等待...,xtpID=901030473285766608
2020-07-16 17:43:36,387 - YW_GGQQ_YWFXJHA_GU_110.py:67 - 执行结果为True
2020-07-16 17:43:36,404 - YW_GGQQ_YWFXJHA_GU_130.py:37 - 买平（义务方平仓）：限价-不存在的证券代码
2020-07-16 17:43:36,908 - YW_GGQQ_YWFXJHA_GU_130.py:54 - 执行结果为True
2020-07-16 17:43:36,925 - YW_GGQQ_YWFXJHA_GU_131.py:37 - 买平（义务方平仓）：限价-错误的市场
2020-07-16 17:43:37,446 - YW_GGQQ_YWFXJHA_GU_131.py:67 - 执行结果为True
2020-07-16 17:43:37,464 - YW_GGQQ_YWFXJHA_GU_132.py:37 - 买平（义务方平仓）：限价-错误的价格（价格=0）
2020-07-16 17:43:37,985 - YW_GGQQ_YWFXJHA_GU_132.py:67 - 执行结果为True
2020-07-16 17:43:38,001 - YW_GGQQ_YWFXJHA_GU_133.py:37 - 买平（义务方平仓）：限价-错误的价格（价格巨大）
2020-07-16 17:43:38,522 - YW_GGQQ_YWFXJHA_GU_133.py:67 - 执行结果为True
2020-07-16 17:43:38,547 - YW_GGQQ_YWFXJHA_GU_134.py:37 - 买平（义务方平仓）-限价-错误的数量（小于限价最小量）
2020-07-16 17:43:39,066 - YW_GGQQ_YWFXJHA_GU_134.py:67 - 执行结果为True
2020-07-16 17:43:39,083 - YW_GGQQ_YWFXJHA_GU_135.py:37 - 买平（义务方平仓）-限价-错误的数量（大于限价最大量）
2020-07-16 17:43:39,602 - YW_GGQQ_YWFXJHA_GU_135.py:67 - 执行结果为True
2020-07-16 17:43:39,618 - YW_GGQQ_YWFXJHA_GU_136.py:37 - 买平（义务方平仓）：限价-错误的价格条件
2020-07-16 17:43:40,136 - YW_GGQQ_YWFXJHA_GU_136.py:67 - 执行结果为True
2020-07-16 17:43:40,157 - YW_GGQQ_YWFXJHA_GU_137.py:37 - 买平（义务方平仓）：限价-数量溢出（100亿）
2020-07-16 17:43:40,678 - YW_GGQQ_YWFXJHA_GU_137.py:67 - 执行结果为True
2020-07-16 17:43:40,678 - YW_GGQQ_YWFXJHA_GU_138.py:37 - 买平（义务方平仓）：限价-金额溢出（总金额>30亿）
2020-07-16 17:43:41,198 - YW_GGQQ_YWFXJHA_GU_138.py:67 - 执行结果为True
2020-07-16 17:43:41,198 - YW_GGQQ_YWFXJHA_GU_147.py:37 - 卖开（义务方开仓）：FOK限价全成或撤销-已成（费用=min）
2020-07-16 17:43:42,218 - YW_GGQQ_YWFXJHA_GU_147.py:67 - 执行结果为True
2020-07-16 17:43:42,219 - YW_GGQQ_YWFXJHA_GU_148.py:37 - 卖开（义务方开仓，有昨仓）：FOK限价全成或撤销-已成（费用=min）
2020-07-16 17:43:43,239 - YW_GGQQ_YWFXJHA_GU_148.py:67 - 执行结果为True
2020-07-16 17:43:43,240 - YW_GGQQ_YWFXJHA_GU_149.py:37 - 卖开（义务方开仓）：FOK限价全成或撤销-已成（费用>min）
2020-07-16 17:43:44,261 - YW_GGQQ_YWFXJHA_GU_149.py:67 - 执行结果为True
2020-07-16 17:43:44,261 - YW_GGQQ_YWFXJHA_GU_150.py:37 - 卖开（义务方开仓，有昨仓）：FOK限价全成或撤销-已成（费用>min）
2020-07-16 17:43:45,281 - YW_GGQQ_YWFXJHA_GU_150.py:67 - 执行结果为True
2020-07-16 17:43:45,306 - YW_GGQQ_YWFXJHA_GU_153.py:37 - 沪A卖开（义务方开仓）：FOK限价全成或撤销-OMS拒单（涨停价+0.0002）
2020-07-16 17:43:45,830 - YW_GGQQ_YWFXJHA_GU_153.py:67 - 执行结果为True
2020-07-16 17:43:45,847 - YW_GGQQ_YWFXJHA_GU_154.py:37 - 沪A卖开（义务方开仓）：FOK限价全成或撤销-OMS拒单（跌停价-0.0002）
2020-07-16 17:43:46,366 - YW_GGQQ_YWFXJHA_GU_154.py:67 - 执行结果为True
2020-07-16 17:43:46,383 - YW_GGQQ_YWFXJHA_GU_156.py:37 - 卖开（义务方开仓）：FOK限价全成或撤销-全成再撤单（OMS）
2020-07-16 17:43:47,404 - YW_GGQQ_YWFXJHA_GU_156.py:67 - 执行结果为True
2020-07-16 17:43:47,421 - YW_GGQQ_YWFXJHA_GU_157.py:37 - 卖开（义务方开仓）：FOK限价全成或撤销-废单再撤单（OMS）
2020-07-16 17:43:48,442 - YW_GGQQ_YWFXJHA_GU_157.py:67 - 执行结果为True
2020-07-16 17:43:48,458 - YW_GGQQ_YWFXJHA_GU_158.py:37 - 卖开（义务方开仓）：FOK限价全成或撤销-全撤再撤单（OMS）
2020-07-16 17:43:49,481 - YW_GGQQ_YWFXJHA_GU_158.py:67 - 执行结果为True
2020-07-16 17:43:49,497 - YW_GGQQ_YWFXJHA_GU_171.py:37 - 卖开（义务方开仓）：FOK限价全成或撤销-不存在的证券代码
2020-07-16 17:43:50,001 - YW_GGQQ_YWFXJHA_GU_171.py:54 - 执行结果为True
2020-07-16 17:43:50,017 - YW_GGQQ_YWFXJHA_GU_172.py:37 - 卖开（义务方开仓）：FOK限价全成或撤销-错误的市场
2020-07-16 17:43:50,538 - YW_GGQQ_YWFXJHA_GU_172.py:67 - 执行结果为True
2020-07-16 17:43:50,559 - YW_GGQQ_YWFXJHA_GU_173.py:37 - 卖开（义务方开仓）：FOK限价全成或撤销-错误的价格（价格=0）
2020-07-16 17:43:51,080 - YW_GGQQ_YWFXJHA_GU_173.py:67 - 执行结果为True
2020-07-16 17:43:51,098 - YW_GGQQ_YWFXJHA_GU_174.py:37 - 卖开（义务方开仓）：FOK限价全成或撤销-错误的价格（价格巨大）
2020-07-16 17:43:51,622 - YW_GGQQ_YWFXJHA_GU_174.py:67 - 执行结果为True
2020-07-16 17:43:51,639 - YW_GGQQ_YWFXJHA_GU_175.py:37 - 卖开（义务方开仓）：FOK限价全成或撤销-错误的数量（小于限价最小量）
2020-07-16 17:43:52,158 - YW_GGQQ_YWFXJHA_GU_175.py:67 - 执行结果为True
2020-07-16 17:43:52,174 - YW_GGQQ_YWFXJHA_GU_176.py:37 - 卖开（义务方开仓）：FOK限价全成或撤销-错误的数量（大于限价最大量）
2020-07-16 17:43:52,703 - YW_GGQQ_YWFXJHA_GU_176.py:67 - 执行结果为True
2020-07-16 17:43:52,720 - YW_GGQQ_YWFXJHA_GU_177.py:37 - 卖开（义务方开仓）：FOK限价全成或撤销-错误的价格条件
2020-07-16 17:43:53,241 - YW_GGQQ_YWFXJHA_GU_177.py:67 - 执行结果为True
2020-07-16 17:43:53,257 - YW_GGQQ_YWFXJHA_GU_178.py:37 - 卖开（义务方开仓）：FOK限价全成或撤销-数量溢出（100亿）
2020-07-16 17:43:53,778 - YW_GGQQ_YWFXJHA_GU_178.py:67 - 执行结果为True
2020-07-16 17:43:53,778 - YW_GGQQ_YWFXJHA_GU_179.py:37 - 卖开（义务方开仓）：FOK限价全成或撤销-金额溢出（总金额>30亿）
2020-07-16 17:43:55,309 - YW_GGQQ_YWFXJHA_GU_179.py:67 - 执行结果为True
2020-07-16 17:43:55,310 - YW_GGQQ_YWFXJHA_GU_185.py:37 - 买平（义务方平仓）：FOK限价全成或撤销-已成（费用=min）
2020-07-16 17:43:56,341 - YW_GGQQ_YWFXJHA_GU_185.py:67 - 执行结果为True
2020-07-16 17:43:56,341 - YW_GGQQ_YWFXJHA_GU_186.py:37 - 买平（义务方平仓）：FOK限价全成或撤销-已成（费用>min）
2020-07-16 17:43:57,361 - YW_GGQQ_YWFXJHA_GU_186.py:67 - 执行结果为True
2020-07-16 17:43:57,377 - YW_GGQQ_YWFXJHA_GU_189.py:37 - 沪A买平（义务方平仓）：FOK限价全成或撤销-OMS拒单（涨停价+0.0002）
2020-07-16 17:43:57,898 - YW_GGQQ_YWFXJHA_GU_189.py:67 - 执行结果为True
2020-07-16 17:43:57,914 - YW_GGQQ_YWFXJHA_GU_190.py:37 - 沪A买平（义务方平仓）：FOK限价全成或撤销-OMS拒单（跌停价-0.0002）
2020-07-16 17:43:58,434 - YW_GGQQ_YWFXJHA_GU_190.py:67 - 执行结果为True
2020-07-16 17:43:58,450 - YW_GGQQ_YWFXJHA_GU_192.py:37 - 买平（义务方平仓）：FOK限价全成或撤销-全成再撤单（OMS）
2020-07-16 17:43:59,469 - YW_GGQQ_YWFXJHA_GU_192.py:67 - 执行结果为True
2020-07-16 17:43:59,485 - YW_GGQQ_YWFXJHA_GU_193.py:37 - 买平（义务方平仓）：FOK限价全成或撤销-废单再撤单（OMS）
2020-07-16 17:44:00,505 - YW_GGQQ_YWFXJHA_GU_193.py:67 - 执行结果为True
2020-07-16 17:44:00,521 - YW_GGQQ_YWFXJHA_GU_194.py:37 - 买平（义务方平仓）：FOK限价全成或撤销-全撤再撤单（OMS）
2020-07-16 17:44:01,541 - YW_GGQQ_YWFXJHA_GU_194.py:67 - 执行结果为True
2020-07-16 17:44:01,561 - YW_GGQQ_YWFXJHA_GU_215.py:37 - 买平（义务方平仓）：FOK限价全成或撤销-不存在的证券代码
2020-07-16 17:44:02,065 - YW_GGQQ_YWFXJHA_GU_215.py:54 - 执行结果为True
2020-07-16 17:44:02,081 - YW_GGQQ_YWFXJHA_GU_216.py:37 - 买平（义务方平仓）：FOK限价全成或撤销-错误的市场
2020-07-16 17:44:02,602 - YW_GGQQ_YWFXJHA_GU_216.py:67 - 执行结果为True
2020-07-16 17:44:02,619 - YW_GGQQ_YWFXJHA_GU_217.py:37 - 买平（义务方平仓）：FOK限价全成或撤销-错误的价格（价格=0）
2020-07-16 17:44:03,141 - YW_GGQQ_YWFXJHA_GU_217.py:67 - 执行结果为True
2020-07-16 17:44:03,158 - YW_GGQQ_YWFXJHA_GU_218.py:37 - 买平（义务方平仓）：FOK限价全成或撤销-错误的价格（价格巨大）
2020-07-16 17:44:03,679 - YW_GGQQ_YWFXJHA_GU_218.py:67 - 执行结果为True
2020-07-16 17:44:03,696 - YW_GGQQ_YWFXJHA_GU_219.py:37 - 买平（义务方平仓）-FOK限价全成或撤销-错误的数量（小于限价最小量）
2020-07-16 17:44:04,215 - YW_GGQQ_YWFXJHA_GU_219.py:67 - 执行结果为True
2020-07-16 17:44:04,235 - YW_GGQQ_YWFXJHA_GU_220.py:37 - 买平（义务方平仓）-FOK限价全成或撤销-错误的数量（大于限价最大量）
2020-07-16 17:44:04,766 - YW_GGQQ_YWFXJHA_GU_220.py:67 - 执行结果为True
2020-07-16 17:44:04,783 - YW_GGQQ_YWFXJHA_GU_221.py:37 - 买平（义务方平仓）：FOK限价全成或撤销-错误的价格条件
2020-07-16 17:44:05,303 - YW_GGQQ_YWFXJHA_GU_221.py:67 - 执行结果为True
2020-07-16 17:44:05,320 - YW_GGQQ_YWFXJHA_GU_222.py:37 - 买平（义务方平仓）：FOK限价全成或撤销-数量溢出（100亿）
2020-07-16 17:44:05,841 - YW_GGQQ_YWFXJHA_GU_222.py:67 - 执行结果为True
2020-07-16 17:44:05,842 - YW_GGQQ_YWFXJHA_GU_223.py:37 - 买平（义务方平仓）：FOK限价全成或撤销-金额溢出（总金额>30亿）
2020-07-16 17:44:07,363 - YW_GGQQ_YWFXJHA_GU_223.py:67 - 执行结果为True
2020-07-16 17:44:07,764 - YW_GGQQ_YWFSJHA_GU_008.py:37 - 卖开（义务方开仓）：市价剩余转限价-订单确认
2020-07-16 17:44:08,786 - YW_GGQQ_YWFSJHA_GU_008.py:67 - 执行结果为True
2020-07-16 17:44:08,786 - YW_GGQQ_YWFSJHA_GU_009.py:37 - 卖开（义务方开仓，有昨仓）：市价剩余转限价-订单确认
2020-07-16 17:44:09,806 - YW_GGQQ_YWFSJHA_GU_009.py:67 - 执行结果为True
2020-07-16 17:44:09,807 - YW_GGQQ_YWFSJHA_GU_010.py:37 - 卖开（义务方开仓）：市价剩余转限价-部成
2020-07-16 17:44:10,832 - YW_GGQQ_YWFSJHA_GU_010.py:67 - 执行结果为True
2020-07-16 17:44:10,833 - YW_GGQQ_YWFSJHA_GU_011.py:37 - 卖开（义务方开仓，有昨仓）：市价剩余转限价-部成
2020-07-16 17:44:11,852 - YW_GGQQ_YWFSJHA_GU_011.py:67 - 执行结果为True
2020-07-16 17:44:11,853 - YW_GGQQ_YWFSJHA_GU_012.py:37 - 卖开（义务方开仓）：市价剩余转限价-已成（费用=min）
2020-07-16 17:44:13,387 - YW_GGQQ_YWFSJHA_GU_012.py:67 - 执行结果为True
2020-07-16 17:44:13,388 - YW_GGQQ_YWFSJHA_GU_013.py:37 - 卖开（义务方开仓，有昨仓）：市价剩余转限价-已成（费用=min）
2020-07-16 17:44:14,412 - YW_GGQQ_YWFSJHA_GU_013.py:67 - 执行结果为True
2020-07-16 17:44:14,412 - YW_GGQQ_YWFSJHA_GU_014.py:37 - 卖开（义务方开仓）：市价剩余转限价-已成（费用>min）
2020-07-16 17:44:15,433 - YW_GGQQ_YWFSJHA_GU_014.py:67 - 执行结果为True
2020-07-16 17:44:15,433 - YW_GGQQ_YWFSJHA_GU_015.py:37 - 卖开（义务方开仓）：市价剩余转限价-部成撤单
2020-07-16 17:44:16,254 - OptMainService.py:199 - 报单查询等待...,xtpID=901030473285766667
2020-07-16 17:44:17,454 - YW_GGQQ_YWFSJHA_GU_015.py:67 - 执行结果为True
2020-07-16 17:44:17,454 - YW_GGQQ_YWFSJHA_GU_016.py:37 - 卖开（义务方开仓，有昨仓）：市价剩余转限价-部成撤单
2020-07-16 17:44:18,262 - OptMainService.py:199 - 报单查询等待...,xtpID=901030473285766669
2020-07-16 17:44:19,476 - YW_GGQQ_YWFSJHA_GU_016.py:67 - 执行结果为True
2020-07-16 17:44:19,476 - YW_GGQQ_YWFSJHA_GU_017.py:37 - 卖开（义务方开仓）：市价剩余转限价-全部撤单
2020-07-16 17:44:20,292 - OptMainService.py:199 - 报单查询等待...,xtpID=901030473285766671
2020-07-16 17:44:21,498 - YW_GGQQ_YWFSJHA_GU_017.py:67 - 执行结果为True
2020-07-16 17:44:21,499 - YW_GGQQ_YWFSJHA_GU_018.py:37 - 卖开（义务方开仓，有昨仓）：市价剩余转限价-全部撤单
2020-07-16 17:44:22,299 - OptMainService.py:199 - 报单查询等待...,xtpID=901030473285766673
2020-07-16 17:44:23,519 - YW_GGQQ_YWFSJHA_GU_018.py:67 - 执行结果为True
2020-07-16 17:44:23,535 - YW_GGQQ_YWFSJHA_GU_020.py:37 - 卖开（义务方开仓）：市价剩余转限价-全成再撤单（OMS）
2020-07-16 17:44:24,562 - YW_GGQQ_YWFSJHA_GU_020.py:67 - 执行结果为True
2020-07-16 17:44:24,578 - YW_GGQQ_YWFSJHA_GU_021.py:37 - 卖开（义务方开仓）：市价剩余转限价-废单再撤单（OMS）
2020-07-16 17:44:25,600 - YW_GGQQ_YWFSJHA_GU_021.py:67 - 执行结果为True
2020-07-16 17:44:25,616 - YW_GGQQ_YWFSJHA_GU_022.py:37 - 卖开（义务方开仓）：市价剩余转限价-部撤再撤单（OMS）
2020-07-16 17:44:26,320 - OptMainService.py:199 - 报单查询等待...,xtpID=901030473285766679
2020-07-16 17:44:27,638 - YW_GGQQ_YWFSJHA_GU_022.py:67 - 执行结果为True
2020-07-16 17:44:27,654 - YW_GGQQ_YWFSJHA_GU_023.py:37 - 卖开（义务方开仓）：市价剩余转限价-全撤再撤单（OMS）
2020-07-16 17:44:28,341 - OptMainService.py:199 - 报单查询等待...,xtpID=901030473285766682
2020-07-16 17:44:29,677 - YW_GGQQ_YWFSJHA_GU_023.py:67 - 执行结果为True
2020-07-16 17:44:29,694 - YW_GGQQ_YWFSJHA_GU_039.py:37 - 卖开（义务方开仓）：市价剩余转限价-不存在的证券代码
2020-07-16 17:44:30,197 - YW_GGQQ_YWFSJHA_GU_039.py:54 - 执行结果为True
2020-07-16 17:44:30,223 - YW_GGQQ_YWFSJHA_GU_040.py:37 - 卖开（义务方开仓）：市价剩余转限价-错误的市场
2020-07-16 17:44:30,756 - YW_GGQQ_YWFSJHA_GU_040.py:67 - 执行结果为True
2020-07-16 17:44:30,782 - YW_GGQQ_YWFSJHA_GU_041.py:37 - 卖开（义务方开仓）：市价剩余转限价-错误的数量（小于限价最小量）
2020-07-16 17:44:31,312 - YW_GGQQ_YWFSJHA_GU_041.py:67 - 执行结果为True
2020-07-16 17:44:31,329 - YW_GGQQ_YWFSJHA_GU_042.py:37 - 卖开（义务方开仓）：市价剩余转限价-错误的数量（大于限价最大量）
2020-07-16 17:44:31,848 - YW_GGQQ_YWFSJHA_GU_042.py:67 - 执行结果为True
2020-07-16 17:44:31,864 - YW_GGQQ_YWFSJHA_GU_043.py:37 - 卖开（义务方开仓）：市价剩余转限价-错误的价格条件
2020-07-16 17:44:32,383 - YW_GGQQ_YWFSJHA_GU_043.py:67 - 执行结果为True
2020-07-16 17:44:32,400 - YW_GGQQ_YWFSJHA_GU_044.py:37 - 卖开（义务方开仓）：市价剩余转限价-数量溢出（100亿）
2020-07-16 17:44:32,921 - YW_GGQQ_YWFSJHA_GU_044.py:67 - 执行结果为True
2020-07-16 17:44:32,921 - YW_GGQQ_YWFSJHA_GU_045.py:37 - 卖开（义务方开仓）：市价剩余转限价-金额溢出（总金额>30亿）
2020-07-16 17:44:33,441 - YW_GGQQ_YWFSJHA_GU_045.py:67 - 执行结果为True
2020-07-16 17:44:33,442 - YW_GGQQ_YWFSJHA_GU_052.py:37 - 买平（义务方平仓）：市价剩余转限价-订单确认
2020-07-16 17:44:34,962 - YW_GGQQ_YWFSJHA_GU_052.py:67 - 执行结果为True
2020-07-16 17:44:34,963 - YW_GGQQ_YWFSJHA_GU_053.py:37 - 买平（义务方平仓，有昨仓）：市价剩余转限价-订单确认
2020-07-16 17:44:35,987 - YW_GGQQ_YWFSJHA_GU_053.py:67 - 执行结果为True
2020-07-16 17:44:35,988 - YW_GGQQ_YWFSJHA_GU_054.py:37 - 买平（义务方平仓）：市价剩余转限价-部成
2020-07-16 17:44:37,019 - YW_GGQQ_YWFSJHA_GU_054.py:67 - 执行结果为True
2020-07-16 17:44:37,020 - YW_GGQQ_YWFSJHA_GU_055.py:37 - 买平（义务方平仓，有昨仓）：市价剩余转限价-部成
2020-07-16 17:44:38,041 - YW_GGQQ_YWFSJHA_GU_055.py:67 - 执行结果为True
2020-07-16 17:44:38,041 - YW_GGQQ_YWFSJHA_GU_056.py:37 - 买平（义务方平仓）：市价剩余转限价-已成（费用=min）
2020-07-16 17:44:39,562 - YW_GGQQ_YWFSJHA_GU_056.py:67 - 执行结果为True
2020-07-16 17:44:39,563 - YW_GGQQ_YWFSJHA_GU_057.py:37 - 买平（义务方平仓，有昨仓）：市价剩余转限价-已成（费用=min）
2020-07-16 17:44:40,583 - YW_GGQQ_YWFSJHA_GU_057.py:67 - 执行结果为True
2020-07-16 17:44:40,584 - YW_GGQQ_YWFSJHA_GU_058.py:37 - 买平（义务方平仓）：市价剩余转限价-已成（费用>min）
2020-07-16 17:44:41,604 - YW_GGQQ_YWFSJHA_GU_058.py:67 - 执行结果为True
2020-07-16 17:44:41,604 - YW_GGQQ_YWFSJHA_GU_059.py:37 - 买平（义务方平仓，有昨仓）：市价剩余转限价-已成（费用>min）
2020-07-16 17:44:42,626 - YW_GGQQ_YWFSJHA_GU_059.py:67 - 执行结果为True
2020-07-16 17:44:42,627 - YW_GGQQ_YWFSJHA_GU_060.py:37 - 买平（义务方平仓）：市价剩余转限价-部成撤单
2020-07-16 17:44:43,443 - OptMainService.py:199 - 报单查询等待...,xtpID=901030473285766700
2020-07-16 17:44:44,647 - YW_GGQQ_YWFSJHA_GU_060.py:67 - 执行结果为True
2020-07-16 17:44:44,648 - YW_GGQQ_YWFSJHA_GU_061.py:37 - 买平（义务方平仓，有昨仓）：市价剩余转限价-部成撤单
2020-07-16 17:44:45,441 - OptMainService.py:199 - 报单查询等待...,xtpID=901030473285766702
2020-07-16 17:44:46,669 - YW_GGQQ_YWFSJHA_GU_061.py:67 - 执行结果为True
2020-07-16 17:44:46,669 - YW_GGQQ_YWFSJHA_GU_062.py:37 - 买平（义务方平仓）：市价剩余转限价-全部撤单
2020-07-16 17:44:47,451 - OptMainService.py:199 - 报单查询等待...,xtpID=901030473285766704
2020-07-16 17:44:48,696 - YW_GGQQ_YWFSJHA_GU_062.py:67 - 执行结果为True
2020-07-16 17:44:48,696 - YW_GGQQ_YWFSJHA_GU_063.py:37 - 买平（义务方平仓，有昨仓）：市价剩余转限价-全部撤单
2020-07-16 17:44:48,761 - OptBdtsDataCheck.py:285 - 期望状态和报单状态、提交状态不匹配，期望状态、报单状态、提交状态分别为已撤,XTP_ORDER_STATUS_REJECTED,XTP_ORDER_SUBMIT_STATUS_INSERT_REJECTED
2020-07-16 17:44:49,217 - YW_GGQQ_YWFSJHA_GU_063.py:71 - 执行结果为False,报单查询－状态检查,"期望状态与报单状态不匹配"
2020-07-16 17:44:49,233 - YW_GGQQ_YWFSJHA_GU_065.py:37 - 买平（义务方平仓）：市价剩余转限价-全成再撤单（OMS）
2020-07-16 17:44:49,286 - OptBdtsDataCheck.py:285 - 期望状态和报单状态、提交状态不匹配，期望状态、报单状态、提交状态分别为全成,XTP_ORDER_STATUS_REJECTED,XTP_ORDER_SUBMIT_STATUS_INSERT_REJECTED
2020-07-16 17:44:49,782 - YW_GGQQ_YWFSJHA_GU_066.py:37 - 买平（义务方平仓）：市价剩余转限价-废单再撤单（OMS）
2020-07-16 17:44:50,305 - YW_GGQQ_YWFSJHA_GU_066.py:67 - 执行结果为True
2020-07-16 17:44:50,322 - YW_GGQQ_YWFSJHA_GU_067.py:37 - 买平（义务方平仓）：市价剩余转限价-部撤再撤单（OMS）
2020-07-16 17:44:50,384 - OptBdtsDataCheck.py:285 - 期望状态和报单状态、提交状态不匹配，期望状态、报单状态、提交状态分别为部撤,XTP_ORDER_STATUS_REJECTED,XTP_ORDER_SUBMIT_STATUS_INSERT_REJECTED
2020-07-16 17:44:50,841 - YW_GGQQ_YWFSJHA_GU_067.py:71 - 执行结果为False,报单查询－状态检查,"期望状态与报单状态不匹配"
2020-07-16 17:44:50,860 - YW_GGQQ_YWFSJHA_GU_068.py:37 - 买平（义务方平仓）：市价剩余转限价-全撤再撤单（OMS）
2020-07-16 17:44:50,925 - OptBdtsDataCheck.py:285 - 期望状态和报单状态、提交状态不匹配，期望状态、报单状态、提交状态分别为已撤,XTP_ORDER_STATUS_REJECTED,XTP_ORDER_SUBMIT_STATUS_INSERT_REJECTED
2020-07-16 17:44:51,380 - YW_GGQQ_YWFSJHA_GU_068.py:71 - 执行结果为False,报单查询－状态检查,"期望状态与报单状态不匹配"
2020-07-16 17:44:51,404 - YW_GGQQ_YWFSJHA_GU_087.py:37 - 买平（义务方平仓）：市价剩余转限价-不存在的证券代码
2020-07-16 17:44:51,908 - YW_GGQQ_YWFSJHA_GU_087.py:54 - 执行结果为True
2020-07-16 17:44:51,925 - YW_GGQQ_YWFSJHA_GU_088.py:37 - 买平（义务方平仓）：市价剩余转限价-错误的市场
2020-07-16 17:44:52,448 - YW_GGQQ_YWFSJHA_GU_088.py:67 - 执行结果为True
2020-07-16 17:44:52,467 - YW_GGQQ_YWFSJHA_GU_089.py:37 - 买平（义务方平仓）-市价剩余转限价-错误的数量（小于限价最小量）
2020-07-16 17:44:52,987 - YW_GGQQ_YWFSJHA_GU_089.py:67 - 执行结果为True
2020-07-16 17:44:53,003 - YW_GGQQ_YWFSJHA_GU_090.py:37 - 买平（义务方平仓）-市价剩余转限价-错误的数量（大于限价最大量）
2020-07-16 17:44:53,522 - YW_GGQQ_YWFSJHA_GU_090.py:67 - 执行结果为True
2020-07-16 17:44:53,538 - YW_GGQQ_YWFSJHA_GU_091.py:37 - 买平（义务方平仓）：市价剩余转限价-错误的价格条件
2020-07-16 17:44:54,058 - YW_GGQQ_YWFSJHA_GU_091.py:67 - 执行结果为True
2020-07-16 17:44:54,074 - YW_GGQQ_YWFSJHA_GU_092.py:37 - 买平（义务方平仓）：市价剩余转限价-数量溢出（100亿）
2020-07-16 17:44:54,601 - YW_GGQQ_YWFSJHA_GU_092.py:67 - 执行结果为True
2020-07-16 17:44:54,602 - YW_GGQQ_YWFSJHA_GU_093.py:37 - 买平（义务方平仓）：市价剩余转限价-金额溢出（总金额>30亿）
2020-07-16 17:44:55,622 - YW_GGQQ_YWFSJHA_GU_093.py:67 - 执行结果为True
2020-07-16 17:44:55,623 - YW_GGQQ_YWFSJHA_GU_100.py:37 - 卖开（义务方开仓）：市价剩余撤销-已成（费用=min）
2020-07-16 17:44:56,643 - YW_GGQQ_YWFSJHA_GU_100.py:67 - 执行结果为True
2020-07-16 17:44:56,644 - YW_GGQQ_YWFSJHA_GU_101.py:37 - 卖开（义务方开仓，有昨仓）：市价剩余撤销-已成（费用=min）
2020-07-16 17:44:57,664 - YW_GGQQ_YWFSJHA_GU_101.py:67 - 执行结果为True
2020-07-16 17:44:57,665 - YW_GGQQ_YWFSJHA_GU_102.py:37 - 卖开（义务方开仓）：市价剩余撤销-已成（费用>min）
2020-07-16 17:44:58,685 - YW_GGQQ_YWFSJHA_GU_102.py:67 - 执行结果为True
2020-07-16 17:44:58,685 - YW_GGQQ_YWFSJHA_GU_103.py:37 - 卖开（义务方开仓，有昨仓）：市价剩余撤销-已成（费用>min）
2020-07-16 17:44:59,705 - YW_GGQQ_YWFSJHA_GU_103.py:67 - 执行结果为True
2020-07-16 17:44:59,706 - YW_GGQQ_YWFSJHA_GU_104.py:37 - 卖开（义务方开仓）：市价剩余撤销-部成撤单
2020-07-16 17:45:00,726 - YW_GGQQ_YWFSJHA_GU_104.py:67 - 执行结果为True
2020-07-16 17:45:00,726 - YW_GGQQ_YWFSJHA_GU_105.py:37 - 卖开（义务方开仓，有昨仓）：市价剩余撤销-部成撤单
2020-07-16 17:45:01,746 - YW_GGQQ_YWFSJHA_GU_105.py:67 - 执行结果为True
2020-07-16 17:45:01,763 - YW_GGQQ_YWFSJHA_GU_107.py:37 - 卖开（义务方开仓）：市价剩余撤销-全成再撤单（OMS）
2020-07-16 17:45:02,784 - YW_GGQQ_YWFSJHA_GU_107.py:67 - 执行结果为True
2020-07-16 17:45:02,801 - YW_GGQQ_YWFSJHA_GU_108.py:37 - 卖开（义务方开仓）：市价剩余撤销-废单再撤单（OMS）
2020-07-16 17:45:03,823 - YW_GGQQ_YWFSJHA_GU_108.py:67 - 执行结果为True
2020-07-16 17:45:03,840 - YW_GGQQ_YWFSJHA_GU_109.py:37 - 卖开（义务方开仓）：市价剩余撤销-部撤再撤单（OMS）
2020-07-16 17:45:04,862 - YW_GGQQ_YWFSJHA_GU_109.py:67 - 执行结果为True
2020-07-16 17:45:04,879 - YW_GGQQ_YWFSJHA_GU_110.py:37 - 卖开（义务方开仓）：市价剩余撤销-全撤再撤单（OMS）
2020-07-16 17:45:05,900 - YW_GGQQ_YWFSJHA_GU_110.py:67 - 执行结果为True
2020-07-16 17:45:05,917 - YW_GGQQ_YWFSJHA_GU_124.py:37 - 卖开（义务方开仓）：市价剩余撤销-不存在的证券代码
2020-07-16 17:45:06,421 - YW_GGQQ_YWFSJHA_GU_124.py:54 - 执行结果为True
2020-07-16 17:45:06,437 - YW_GGQQ_YWFSJHA_GU_125.py:37 - 卖开（义务方开仓）：市价剩余撤销-错误的市场
2020-07-16 17:45:06,960 - YW_GGQQ_YWFSJHA_GU_125.py:67 - 执行结果为True
2020-07-16 17:45:06,976 - YW_GGQQ_YWFSJHA_GU_126.py:37 - 卖开（义务方开仓）：市价剩余撤销-错误的数量（小于限价最小量）
2020-07-16 17:45:07,496 - YW_GGQQ_YWFSJHA_GU_126.py:67 - 执行结果为True
2020-07-16 17:45:07,513 - YW_GGQQ_YWFSJHA_GU_127.py:37 - 卖开（义务方开仓）：市价剩余撤销-错误的数量（大于限价最大量）
2020-07-16 17:45:08,032 - YW_GGQQ_YWFSJHA_GU_127.py:67 - 执行结果为True
2020-07-16 17:45:08,048 - YW_GGQQ_YWFSJHA_GU_128.py:37 - 卖开（义务方开仓）：市价剩余撤销-错误的价格条件
2020-07-16 17:45:08,569 - YW_GGQQ_YWFSJHA_GU_128.py:67 - 执行结果为True
2020-07-16 17:45:08,587 - YW_GGQQ_YWFSJHA_GU_129.py:37 - 卖开（义务方开仓）：市价剩余撤销-数量溢出（100亿）
2020-07-16 17:45:09,109 - YW_GGQQ_YWFSJHA_GU_129.py:67 - 执行结果为True
2020-07-16 17:45:09,109 - YW_GGQQ_YWFSJHA_GU_130.py:37 - 卖开（义务方开仓）：市价剩余撤销-金额溢出（总金额>30亿）
2020-07-16 17:45:09,629 - YW_GGQQ_YWFSJHA_GU_130.py:67 - 执行结果为True
2020-07-16 17:45:09,629 - YW_GGQQ_YWFSJHA_GU_138.py:37 - 买平（义务方平仓）：市价剩余撤销-已成（费用=min）
2020-07-16 17:45:10,649 - YW_GGQQ_YWFSJHA_GU_138.py:67 - 执行结果为True
2020-07-16 17:45:10,650 - YW_GGQQ_YWFSJHA_GU_139.py:37 - 买平（义务方平仓）：市价剩余撤销-已成（费用>min）
2020-07-16 17:45:11,670 - YW_GGQQ_YWFSJHA_GU_139.py:67 - 执行结果为True
2020-07-16 17:45:11,670 - YW_GGQQ_YWFSJHA_GU_140.py:37 - 买平（义务方平仓）：市价剩余撤销-部成撤单
2020-07-16 17:45:12,691 - YW_GGQQ_YWFSJHA_GU_140.py:67 - 执行结果为True
2020-07-16 17:45:12,692 - YW_GGQQ_YWFSJHA_GU_141.py:37 - 买平（义务方平仓）：市价剩余撤销-全部撤单
2020-07-16 17:45:13,719 - YW_GGQQ_YWFSJHA_GU_141.py:67 - 执行结果为True
2020-07-16 17:45:13,736 - YW_GGQQ_YWFSJHA_GU_142.py:37 - 买平（义务方平仓）：市价剩余撤销-全成再撤单（OMS）
2020-07-16 17:45:14,756 - YW_GGQQ_YWFSJHA_GU_142.py:67 - 执行结果为True
2020-07-16 17:45:14,774 - YW_GGQQ_YWFSJHA_GU_143.py:37 - 买平（义务方平仓）：市价剩余撤销-废单再撤单（OMS）
2020-07-16 17:45:15,800 - YW_GGQQ_YWFSJHA_GU_143.py:67 - 执行结果为True
2020-07-16 17:45:15,827 - YW_GGQQ_YWFSJHA_GU_144.py:37 - 买平（义务方平仓）：市价剩余撤销-部撤再撤单（OMS）
2020-07-16 17:45:16,847 - YW_GGQQ_YWFSJHA_GU_144.py:67 - 执行结果为True
2020-07-16 17:45:16,866 - YW_GGQQ_YWFSJHA_GU_145.py:37 - 买平（义务方平仓）：市价剩余撤销-全撤再撤单（OMS）
2020-07-16 17:45:17,389 - YW_GGQQ_YWFSJHA_GU_145.py:67 - 执行结果为True
2020-07-16 17:45:17,406 - YW_GGQQ_YWFSJHA_GU_162.py:37 - 买平（义务方平仓）：市价剩余撤销-不存在的证券代码
2020-07-16 17:45:17,909 - YW_GGQQ_YWFSJHA_GU_162.py:54 - 执行结果为True
2020-07-16 17:45:17,931 - YW_GGQQ_YWFSJHA_GU_163.py:37 - 买平（义务方平仓）：市价剩余撤销-错误的市场
2020-07-16 17:45:18,452 - YW_GGQQ_YWFSJHA_GU_163.py:67 - 执行结果为True
2020-07-16 17:45:18,469 - YW_GGQQ_YWFSJHA_GU_164.py:37 - 买平（义务方平仓）-市价剩余撤销-错误的数量（小于限价最小量）
2020-07-16 17:45:18,988 - YW_GGQQ_YWFSJHA_GU_164.py:67 - 执行结果为True
2020-07-16 17:45:19,016 - YW_GGQQ_YWFSJHA_GU_165.py:37 - 买平（义务方平仓）-市价剩余撤销-错误的数量（大于限价最大量）
2020-07-16 17:45:19,535 - YW_GGQQ_YWFSJHA_GU_165.py:67 - 执行结果为True
2020-07-16 17:45:19,551 - YW_GGQQ_YWFSJHA_GU_166.py:37 - 买平（义务方平仓）：市价剩余撤销-错误的价格条件
2020-07-16 17:45:20,071 - YW_GGQQ_YWFSJHA_GU_166.py:67 - 执行结果为True
2020-07-16 17:45:20,087 - YW_GGQQ_YWFSJHA_GU_167.py:37 - 买平（义务方平仓）：市价剩余撤销-数量溢出（100亿）
2020-07-16 17:45:20,609 - YW_GGQQ_YWFSJHA_GU_167.py:67 - 执行结果为True
2020-07-16 17:45:20,610 - YW_GGQQ_YWFSJHA_GU_168.py:37 - 买平（义务方平仓）：市价剩余撤销-金额溢出（总金额>30亿）
2020-07-16 17:45:21,641 - YW_GGQQ_YWFSJHA_GU_168.py:67 - 执行结果为True
2020-07-16 17:45:21,642 - YW_GGQQ_YWFSJHA_GU_176.py:37 - 卖开（义务方开仓）：FOK市价全成或撤销-已成（费用=min）
2020-07-16 17:45:22,672 - YW_GGQQ_YWFSJHA_GU_176.py:67 - 执行结果为True
2020-07-16 17:45:22,673 - YW_GGQQ_YWFSJHA_GU_177.py:37 - 卖开（义务方开仓，有昨仓）：FOK市价全成或撤销-已成（费用=min）
2020-07-16 17:45:23,693 - YW_GGQQ_YWFSJHA_GU_177.py:67 - 执行结果为True
2020-07-16 17:45:23,693 - YW_GGQQ_YWFSJHA_GU_178.py:37 - 卖开（义务方开仓）：FOK市价全成或撤销-已成（费用>min）
2020-07-16 17:45:24,713 - YW_GGQQ_YWFSJHA_GU_178.py:67 - 执行结果为True
2020-07-16 17:45:24,714 - YW_GGQQ_YWFSJHA_GU_179.py:37 - 卖开（义务方开仓，有昨仓）：FOK市价全成或撤销-已成（费用>min）
2020-07-16 17:45:25,734 - YW_GGQQ_YWFSJHA_GU_179.py:67 - 执行结果为True
2020-07-16 17:45:25,750 - YW_GGQQ_YWFSJHA_GU_181.py:37 - 卖开（义务方开仓）：FOK市价全成或撤销-全成再撤单（OMS）
2020-07-16 17:45:27,273 - YW_GGQQ_YWFSJHA_GU_181.py:67 - 执行结果为True
2020-07-16 17:45:27,289 - YW_GGQQ_YWFSJHA_GU_182.py:37 - 卖开（义务方开仓）：FOK市价全成或撤销-废单再撤单（OMS）
2020-07-16 17:45:27,810 - YW_GGQQ_YWFSJHA_GU_182.py:67 - 执行结果为True
2020-07-16 17:45:27,826 - YW_GGQQ_YWFSJHA_GU_197.py:37 - 卖开（义务方开仓）：FOK市价全成或撤销-不存在的证券代码
2020-07-16 17:45:28,330 - YW_GGQQ_YWFSJHA_GU_197.py:54 - 执行结果为True
2020-07-16 17:45:28,348 - YW_GGQQ_YWFSJHA_GU_198.py:37 - 卖开（义务方开仓）：FOK市价全成或撤销-错误的市场
2020-07-16 17:45:28,870 - YW_GGQQ_YWFSJHA_GU_198.py:67 - 执行结果为True
2020-07-16 17:45:28,887 - YW_GGQQ_YWFSJHA_GU_199.py:37 - 卖开（义务方开仓）：FOK市价全成或撤销-错误的数量（小于限价最小量）
2020-07-16 17:45:29,406 - YW_GGQQ_YWFSJHA_GU_199.py:67 - 执行结果为True
2020-07-16 17:45:29,423 - YW_GGQQ_YWFSJHA_GU_200.py:37 - 卖开（义务方开仓）：FOK市价全成或撤销-错误的数量（大于限价最大量）
2020-07-16 17:45:29,942 - YW_GGQQ_YWFSJHA_GU_200.py:67 - 执行结果为True
2020-07-16 17:45:29,966 - YW_GGQQ_YWFSJHA_GU_201.py:37 - 卖开（义务方开仓）：FOK市价全成或撤销-错误的价格条件
2020-07-16 17:45:30,486 - YW_GGQQ_YWFSJHA_GU_201.py:67 - 执行结果为True
2020-07-16 17:45:30,503 - YW_GGQQ_YWFSJHA_GU_202.py:37 - 卖开（义务方开仓）：FOK市价全成或撤销-数量溢出（100亿）
2020-07-16 17:45:31,025 - YW_GGQQ_YWFSJHA_GU_202.py:67 - 执行结果为True
2020-07-16 17:45:31,025 - YW_GGQQ_YWFSJHA_GU_203.py:37 - 卖开（义务方开仓）：FOK市价全成或撤销-金额溢出（总金额>30亿）
2020-07-16 17:45:32,046 - YW_GGQQ_YWFSJHA_GU_203.py:67 - 执行结果为True
2020-07-16 17:45:32,047 - YW_GGQQ_YWFSJHA_GU_209.py:37 - 买平（义务方平仓）：FOK市价全成或撤销-已成（费用=min）
2020-07-16 17:45:33,067 - YW_GGQQ_YWFSJHA_GU_209.py:67 - 执行结果为True
2020-07-16 17:45:33,067 - YW_GGQQ_YWFSJHA_GU_210.py:37 - 买平（义务方平仓）：FOK市价全成或撤销-已成（费用>min）
2020-07-16 17:45:34,088 - YW_GGQQ_YWFSJHA_GU_210.py:67 - 执行结果为True
2020-07-16 17:45:34,104 - YW_GGQQ_YWFSJHA_GU_212.py:37 - 买平（义务方平仓）：FOK市价全成或撤销-全成再撤单（OMS）
2020-07-16 17:45:35,125 - YW_GGQQ_YWFSJHA_GU_212.py:67 - 执行结果为True
2020-07-16 17:45:35,141 - YW_GGQQ_YWFSJHA_GU_213.py:37 - 买平（义务方平仓）：FOK市价全成或撤销-废单再撤单（OMS）
2020-07-16 17:45:35,660 - YW_GGQQ_YWFSJHA_GU_213.py:67 - 执行结果为True
2020-07-16 17:45:35,677 - YW_GGQQ_YWFSJHA_GU_231.py:37 - 买平（义务方平仓）：FOK市价全成或撤销-错误的市场
2020-07-16 17:45:36,198 - YW_GGQQ_YWFSJHA_GU_231.py:67 - 执行结果为True
2020-07-16 17:45:36,214 - YW_GGQQ_YWFSJHA_GU_232.py:37 - 买平（义务方平仓）-FOK市价全成或撤销-错误的数量（小于限价最小量）
2020-07-16 17:45:36,735 - YW_GGQQ_YWFSJHA_GU_232.py:67 - 执行结果为True
2020-07-16 17:45:36,751 - YW_GGQQ_YWFSJHA_GU_233.py:37 - 买平（义务方平仓）-FOK市价全成或撤销-错误的数量（大于限价最大量）
2020-07-16 17:45:37,271 - YW_GGQQ_YWFSJHA_GU_233.py:67 - 执行结果为True
2020-07-16 17:45:37,293 - YW_GGQQ_YWFSJHA_GU_234.py:37 - 买平（义务方平仓）：FOK市价全成或撤销-错误的价格条件
2020-07-16 17:45:37,815 - YW_GGQQ_YWFSJHA_GU_234.py:67 - 执行结果为True
2020-07-16 17:45:37,831 - YW_GGQQ_YWFSJHA_GU_235.py:37 - 买平（义务方平仓）：FOK市价全成或撤销-数量溢出（100亿）
2020-07-16 17:45:38,361 - YW_GGQQ_YWFSJHA_GU_235.py:67 - 执行结果为True
2020-07-16 17:45:38,362 - YW_GGQQ_YWFSJHA_GU_236.py:37 - 买平（义务方平仓）：FOK市价全成或撤销-金额溢出（总金额>30亿）
2020-07-16 17:45:39,885 - YW_GGQQ_YWFSJHA_GU_236.py:67 - 执行结果为True
2020-07-16 18:02:24,866 - YCHF_YCHF_OMS_RESTART.py:42 - 用例测试结果为True
2020-07-16 18:02:24,866 - YCHF_YCHF_OMS_RESTART.py:42 - 用例测试结果为True
2020-07-16 18:06:39,191 - YCHF_YCHF_OMS_SZOffer_RESTART.py:45 - 用例测试结果为True
2020-07-16 18:06:39,191 - YCHF_YCHF_OMS_SZOffer_RESTART.py:45 - 用例测试结果为True
2020-07-16 18:06:39,780 - YCHF_YCHF_SHBP_RESTART.py:18 - SH BP restart: 
2020-07-16 18:06:39,780 - YCHF_YCHF_SHBP_RESTART.py:18 - SH BP restart: 
2020-07-16 18:08:28,196 - YCHF_YCHF_SHBP_RESTART.py:44 - 用例测试结果为True
2020-07-16 18:08:28,196 - YCHF_YCHF_SHBP_RESTART.py:44 - 用例测试结果为True
2020-07-16 18:09:10,192 - YCHF_YCHF_SHBP_RESTART.py:84 - 用例测试结果为True
2020-07-16 18:09:10,192 - YCHF_YCHF_SHBP_RESTART.py:84 - 用例测试结果为True
2020-07-16 18:09:10,816 - YCHF_YCHF_SZBP_RESTART.py:20 - SZ BP restart: 
2020-07-16 18:09:10,816 - YCHF_YCHF_SZBP_RESTART.py:20 - SZ BP restart: 
2020-07-16 18:10:45,585 - YCHF_YCHF_SZBP_RESTART.py:44 - 用例测试结果为True
2020-07-16 18:10:45,585 - YCHF_YCHF_SZBP_RESTART.py:44 - 用例测试结果为True
2020-07-16 18:11:13,962 - YCHF_YCHF_SZBP_RESTART.py:83 - 用例测试结果为True
2020-07-16 18:11:13,962 - YCHF_YCHF_SZBP_RESTART.py:83 - 用例测试结果为True
2020-07-16 18:11:14,688 - YCHF_YCHF_SQLSERVER_RESTART.py:19 - SH Sqlserver restart: 
2020-07-16 18:11:14,688 - YCHF_YCHF_SQLSERVER_RESTART.py:19 - SH Sqlserver restart: 
2020-07-16 18:12:45,999 - YCHF_YCHF_SQLSERVER_RESTART.py:42 - 用例测试结果为True
2020-07-16 18:12:45,999 - YCHF_YCHF_SQLSERVER_RESTART.py:42 - 用例测试结果为True
2020-07-16 18:13:51,279 - YCHF_YCHF_SQLSERVER_RESTART.py:84 - 用例测试结果为True
2020-07-16 18:13:51,279 - YCHF_YCHF_SQLSERVER_RESTART.py:84 - 用例测试结果为True
2020-07-16 18:24:03,870 - YW_TSZLMM_SHXJ_082.py:36 - 默认3：订单报价未超过涨跌幅限制-沪A限价卖=跌停价
2020-07-16 18:25:05,200 - YW_TSZLMM_SHXJ_082.py:64 - 执行结果为False,,用例超时
2020-07-16 18:30:24,678 - YW_TSZLMM_SHXJ_082.py:36 - 默认3：订单报价未超过涨跌幅限制-沪A限价卖=跌停价
2020-07-16 18:31:25,002 - YW_TSZLMM_SHXJ_082.py:64 - 执行结果为False,,用例超时
2020-07-16 18:32:42,606 - YW_TSZLMM_SHXJ_082.py:36 - 默认3：订单报价未超过涨跌幅限制-沪A限价卖=跌停价
2020-07-16 18:35:15,413 - YW_TSZLMM_SHXJ_082.py:36 - 默认3：订单报价未超过涨跌幅限制-沪A限价卖=跌停价
2020-07-16 18:35:15,926 - BdtsDataCheck.py:287 - 期望状态和报单状态、提交状态不匹配，期望状态、报单状态、提交状态分别为全成,XTP_ORDER_STATUS_REJECTED,XTP_ORDER_SUBMIT_STATUS_INSERT_REJECTED
2020-07-16 18:35:16,704 - YW_TSZLMM_SHXJ_082.py:64 - 执行结果为False,报单查询,期望状态与报单状态不匹配
