2020-07-03 10:05:43,088 - YW_KCB_QXJY_001.py:43 - OMS初始化—可选权限—Secuinfo表&Fundinfo表，沪A证券账号有买入科创板股票权限
2020-07-03 10:05:44,223 - YW_KCB_QXJY_001.py:70 - 执行结果为True,,
2020-07-03 10:06:50,172 - YW_KCB_QXJY_002.py:43 - OMS初始化—可选权限—Secuinfo表&Fundinfo表，沪A证券账号无买入科创板股票权限
2020-07-03 10:06:51,299 - YW_KCB_QXJY_002.py:70 - 执行结果为True,,
2020-07-03 10:07:57,102 - YW_KCB_QXJY_003.py:41 - OMS初始化—可选权限—Secuinfo表，沪A证券账号无买入科创板股票权限；Fundinfo表，资金账户有买入科创板股票权限；
2020-07-03 10:07:58,222 - YW_KCB_QXJY_003.py:68 - 执行结果为True,,
2020-07-03 10:09:04,021 - YW_KCB_QXJY_004.py:42 - OMS初始化—可选权限—Secuinfo表，沪A证券账号有买入科创板股票权限；Fundinfo表，资金账户无买入科创板股票权限；
2020-07-03 10:09:05,138 - YW_KCB_QXJY_004.py:69 - 执行结果为True,,
2020-07-03 10:10:10,995 - YW_KCB_QXJY_005.py:42 - OMS初始化—可选权限—Secuinfo表，沪A证券账号无买入科创板股票权限；Fundinfo表，资金账户无买入科创板股票权限；
2020-07-03 10:10:12,112 - YW_KCB_QXJY_005.py:69 - 执行结果为True,,
2020-07-03 10:11:17,975 - YW_KCB_QXJY_006.py:42 - OMS初始化—可选权限—Secuinfo，沪A证券账号有所有权限（其中默认亦有科创板的权限）
2020-07-03 10:11:19,105 - YW_KCB_QXJY_006.py:69 - 执行结果为True,,
2020-07-03 10:12:25,038 - YW_KCB_QXJY_007.py:42 - OMS初始化—可选权限—Secuinfo，沪A证券账号有所有权限（其中默认亦有科创板的权限）
2020-07-03 10:12:26,166 - YW_KCB_QXJY_007.py:69 - 执行结果为True,,
2020-07-03 10:13:31,926 - YW_KCB_QXJY_008.py:43 - OMS初始化—可选权限—Secuinfo表&Fundinfo表，沪A证券账号有买入科创板股票权限
2020-07-03 10:13:33,146 - YW_KCB_QXJY_008.py:70 - 执行结果为True,,
2020-07-03 10:14:39,003 - YW_KCB_QXJY_009.py:43 - OMS初始化—可选权限—Secuinfo表&Fundinfo表，沪A证券账号无买入科创板股票权限
2020-07-03 10:14:40,225 - YW_KCB_QXJY_009.py:70 - 执行结果为True,,
2020-07-03 10:15:46,345 - YW_KCB_QXJY_010.py:41 - OMS初始化—可选权限—Secuinfo表，沪A证券账号无买入科创板股票权限；Fundinfo表，资金账户有买入科创板股票权限；
2020-07-03 10:15:47,577 - YW_KCB_QXJY_010.py:68 - 执行结果为True,,
2020-07-03 10:16:53,330 - YW_KCB_QXJY_011.py:42 - OMS初始化—可选权限—Secuinfo表，沪A证券账号有买入科创板股票权限；Fundinfo表，资金账户无买入科创板股票权限；
2020-07-03 10:16:54,551 - YW_KCB_QXJY_011.py:69 - 执行结果为True,,
2020-07-03 10:18:00,419 - YW_KCB_QXJY_012.py:42 - OMS初始化—可选权限—Secuinfo表，沪A证券账号无买入科创板股票权限；Fundinfo表，资金账户无买入科创板股票权限；
2020-07-03 10:18:01,642 - YW_KCB_QXJY_012.py:69 - 执行结果为True,,
2020-07-03 10:19:07,736 - YW_KCB_QXJY_013.py:42 - OMS初始化—可选权限—Secuinfo，沪A证券账号有所有权限（其中默认亦有科创板的权限），Fundinfo表，资金账户有买入科创板股票权限；
2020-07-03 10:19:08,976 - YW_KCB_QXJY_013.py:69 - 执行结果为True,,
2020-07-03 10:20:14,934 - YW_KCB_QXJY_014.py:42 - OMS初始化—可选权限—Secuinfo，沪A证券账号有所有权限（其中默认亦有科创板的权限），Fundinfo表，资金账户有买入科创板股票权限；
2020-07-03 10:20:16,171 - YW_KCB_QXJY_014.py:69 - 执行结果为True,,
2020-07-03 10:22:33,996 - YW_FXJS_QXJY_003.py:42 - OMS初始化—可选权限—Fundinfo&Secuinfo表，无买入风险警示板权限
2020-07-03 10:22:35,133 - YW_FXJS_QXJY_003.py:69 - 执行结果为True,,
2020-07-03 10:22:35,150 - YW_FXJS_QXJY_004.py:36 - OMS初始化—可选权限—Fundinfo&Secuinfo表，无买入风险警示板权限
2020-07-03 10:22:36,289 - YW_FXJS_QXJY_004.py:63 - 执行结果为True,,
2020-07-03 10:23:42,367 - YW_FXJS_QXJY_005.py:43 - OMS初始化—可选权限—Fundinfo表，资金账号无买入风险警示板权限
2020-07-03 10:23:43,505 - YW_FXJS_QXJY_005.py:70 - 执行结果为True,,
2020-07-03 10:23:43,506 - YW_FXJS_QXJY_006.py:36 - OMS初始化—可选权限—Fundinfo表，资金账号无买入风险警示板权限
2020-07-03 10:23:44,627 - YW_FXJS_QXJY_006.py:63 - 执行结果为True,,
2020-07-03 10:24:50,541 - YW_FXJS_QXJY_007.py:43 - OMS初始化—可选权限—Secuinfo表，沪A证券账号无买入风险警示板权限
2020-07-03 10:24:51,660 - YW_FXJS_QXJY_007.py:70 - 执行结果为True,,
2020-07-03 10:24:51,677 - YW_FXJS_QXJY_008.py:36 - OMS初始化—可选权限—Secuinfo表，沪A证券账号无买入风险警示板权限
2020-07-03 10:24:52,803 - YW_FXJS_QXJY_008.py:63 - 执行结果为True,,
2020-07-03 10:25:58,614 - YW_FXJS_QXJY_009.py:43 - OMS初始化—可选权限—Secuinfo表，深A证券账号无买入风险警示板权限
2020-07-03 10:25:59,749 - YW_FXJS_QXJY_009.py:70 - 执行结果为True,,
2020-07-03 10:25:59,750 - YW_FXJS_QXJY_010.py:36 - OMS初始化—可选权限—Secuinfo表，深A证券账号无买入风险警示板权限
2020-07-03 10:26:00,872 - YW_FXJS_QXJY_010.py:63 - 执行结果为True,,
2020-07-03 10:27:06,826 - YW_FXJS_QXJY_001.py:44 - OMS初始化—可选权限—Fundinfo&Secuinfo表，同时拥有买入风险警示板权限
2020-07-03 10:27:07,946 - YW_FXJS_QXJY_001.py:71 - 执行结果为True,,
2020-07-03 10:27:07,947 - YW_FXJS_QXJY_002.py:36 - OMS初始化—可选权限—Fundinfo&Secuinfo表，同时拥有买入风险警示板权限
2020-07-03 10:27:09,080 - YW_FXJS_QXJY_002.py:63 - 执行结果为True,,
2020-07-03 10:28:15,066 - YW_FXJS_QXJY_013.py:42 - OMS初始化—可选权限—Fundinfo&Secuinfo表，无卖入风险警示板权限
2020-07-03 10:28:16,319 - YW_FXJS_QXJY_013.py:69 - 执行结果为True,,
2020-07-03 10:28:16,335 - YW_FXJS_QXJY_014.py:36 - OMS初始化—可选权限—Fundinfo&Secuinfo表，无卖入风险警示板权限
2020-07-03 10:28:18,790 - BdtsDataCheck.py:208 - 期望状态和报单状态、提交状态不匹配，期望状态、报单状态、提交状态分别为废单,XTP_ORDER_STATUS_ALLTRADED,XTP_ORDER_SUBMIT_STATUS_INSERT_ACCEPTED
2020-07-03 10:28:19,561 - YW_FXJS_QXJY_014.py:63 - 执行结果为False,报单查询,期望状态与报单状态不匹配
2020-07-03 10:29:25,552 - YW_FXJS_QXJY_015.py:43 - OMS初始化—可选权限—Fundinfo表，资金账号无卖入风险警示板权限
2020-07-03 10:29:26,778 - YW_FXJS_QXJY_015.py:70 - 执行结果为True,,
2020-07-03 10:29:26,778 - YW_FXJS_QXJY_016.py:36 - OMS初始化—可选权限—Fundinfo表，资金账号无卖入风险警示板权限
2020-07-03 10:29:28,022 - YW_FXJS_QXJY_016.py:63 - 执行结果为True,,
2020-07-03 10:30:33,923 - YW_FXJS_QXJY_017.py:43 - OMS初始化—可选权限—Secuinfo表，沪A证券账号无卖入风险警示板权限
2020-07-03 10:30:35,153 - YW_FXJS_QXJY_017.py:70 - 执行结果为True,,
2020-07-03 10:30:35,171 - YW_FXJS_QXJY_018.py:36 - OMS初始化—可选权限—Secuinfo表，沪A证券账号无卖入风险警示板权限
2020-07-03 10:30:37,630 - BdtsDataCheck.py:208 - 期望状态和报单状态、提交状态不匹配，期望状态、报单状态、提交状态分别为废单,XTP_ORDER_STATUS_ALLTRADED,XTP_ORDER_SUBMIT_STATUS_INSERT_ACCEPTED
2020-07-03 10:30:38,392 - YW_FXJS_QXJY_018.py:63 - 执行结果为False,报单查询,期望状态与报单状态不匹配
2020-07-03 10:31:44,649 - YW_FXJS_QXJY_019.py:43 - OMS初始化—可选权限—Secuinfo表，深A证券账号无卖入风险警示板权限
2020-07-03 10:31:45,899 - YW_FXJS_QXJY_019.py:70 - 执行结果为True,,
2020-07-03 10:31:45,899 - YW_FXJS_QXJY_020.py:36 - OMS初始化—可选权限—Secuinfo表，深A证券账号无卖入风险警示板权限
2020-07-03 10:31:47,136 - YW_FXJS_QXJY_020.py:63 - 执行结果为True,,
2020-07-03 10:32:53,253 - YW_FXJS_QXJY_011.py:44 - OMS初始化—可选权限—Fundinfo&Secuinfo表，同时拥有卖入风险警示板权限
2020-07-03 10:32:54,487 - YW_FXJS_QXJY_011.py:71 - 执行结果为True,,
2020-07-03 10:32:54,487 - YW_FXJS_QXJY_012.py:36 - OMS初始化—可选权限—Fundinfo&Secuinfo表，同时拥有卖入风险警示板权限
2020-07-03 10:32:55,725 - YW_FXJS_QXJY_012.py:63 - 执行结果为True,,
2020-07-03 10:34:01,531 - YW_FXJS_QXJY_021.py:43 - OMS初始化—可选权限—Secuinfo表，沪A证券账号无买入风险警示板权限
2020-07-03 10:34:01,811 - BdtsDataCheck.py:655 - 报单的error_id与用例期望的不一致，期望和实际的error_id分别是11000314,11000560
2020-07-03 10:34:02,669 - YW_FXJS_QXJY_021.py:70 - 执行结果为False,报单推送,报单的error_id与用例期望的不一致
2020-07-03 10:34:02,686 - YW_FXJS_QXJY_022.py:36 - OMS初始化—可选权限—Secuinfo表，深A证券账号无买入风险警示板权限
2020-07-03 10:34:05,029 - BdtsDataCheck.py:208 - 期望状态和报单状态、提交状态不匹配，期望状态、报单状态、提交状态分别为废单,XTP_ORDER_STATUS_ALLTRADED,XTP_ORDER_SUBMIT_STATUS_INSERT_ACCEPTED
2020-07-03 10:34:05,804 - YW_FXJS_QXJY_022.py:63 - 执行结果为False,报单查询,期望状态与报单状态不匹配
2020-07-03 10:35:11,662 - YW_FXJS_QXJY_023.py:43 - OMS初始化—可选权限—Secuinfo表，沪A证券账号无买入风险警示板权限
2020-07-03 10:35:14,102 - BdtsDataCheck.py:208 - 期望状态和报单状态、提交状态不匹配，期望状态、报单状态、提交状态分别为废单,XTP_ORDER_STATUS_ALLTRADED,XTP_ORDER_SUBMIT_STATUS_INSERT_ACCEPTED
2020-07-03 10:35:14,784 - YW_FXJS_QXJY_023.py:70 - 执行结果为False,报单查询,期望状态与报单状态不匹配
2020-07-03 10:35:14,802 - YW_FXJS_QXJY_024.py:36 - OMS初始化—可选权限—Secuinfo表，深A证券账号无买入风险警示板权限
2020-07-03 10:35:17,234 - BdtsDataCheck.py:208 - 期望状态和报单状态、提交状态不匹配，期望状态、报单状态、提交状态分别为废单,XTP_ORDER_STATUS_ALLTRADED,XTP_ORDER_SUBMIT_STATUS_INSERT_ACCEPTED
2020-07-03 10:35:17,921 - YW_FXJS_QXJY_024.py:63 - 执行结果为False,报单查询,期望状态与报单状态不匹配
2020-07-03 10:36:23,760 - YW_FXJS_QXJY_032.py:42 - OMS初始化—可选权限—Fundinfo&Secuinfo表，无卖入风险警示板权限(科创)
2020-07-03 10:36:24,991 - YW_FXJS_QXJY_032.py:69 - 执行结果为True,,
2020-07-03 10:37:30,934 - YW_FXJS_QXJY_033.py:43 - OMS初始化—可选权限—Fundinfo表，资金账号无卖入风险警示板权限(科创)
2020-07-03 10:37:32,160 - YW_FXJS_QXJY_033.py:70 - 执行结果为True,,
2020-07-03 10:38:41,341 - YW_FXJS_QXJY_035.py:44 - OMS初始化—可选权限—Fundinfo&Secuinfo表，同时拥有买入风险警示板权限（市价）
2020-07-03 10:38:42,582 - YW_FXJS_QXJY_035.py:71 - 执行结果为True,,
2020-07-03 10:39:48,632 - YW_FXJS_QXJY_036.py:42 - OMS初始化—可选权限—Fundinfo&Secuinfo表，无买入风险警示板权限（市价）
2020-07-03 10:39:49,848 - YW_FXJS_QXJY_036.py:69 - 执行结果为True,,
2020-07-03 10:49:37,165 - YW_GPMM_QXJY_003.py:42 - OMS初始化—可选权限—Fundinfo&Secuinfo表，无市价委托权限--买入
2020-07-03 10:49:38,865 - YW_GPMM_QXJY_003.py:69 - 执行结果为True,,
2020-07-03 10:49:38,882 - YW_GPMM_QXJY_004.py:36 - OMS初始化—可选权限—Fundinfo&Secuinfo表，无市价委托权限--买入
2020-07-03 10:49:40,797 - YW_GPMM_QXJY_004.py:63 - 执行结果为True,,
2020-07-03 10:49:40,814 - YW_GPMM_QXJY_005.py:36 - OMS初始化—可选权限—Fundinfo&Secuinfo表，无市价委托权限--卖出
2020-07-03 10:49:42,038 - YW_GPMM_QXJY_005.py:63 - 执行结果为True,,
2020-07-03 10:49:42,055 - YW_GPMM_QXJY_006.py:36 - OMS初始化—可选权限—Fundinfo&Secuinfo表，无市价委托权限--卖出
2020-07-03 10:49:43,285 - YW_GPMM_QXJY_006.py:63 - 执行结果为True,,
2020-07-03 10:50:49,854 - YW_GPMM_QXJY_007.py:43 - OMS初始化—可选权限—Fundinfo表，资金账号无市价委托权限--买入
2020-07-03 10:50:51,592 - YW_GPMM_QXJY_007.py:70 - 执行结果为True,,
2020-07-03 10:50:51,622 - YW_GPMM_QXJY_008.py:36 - OMS初始化—可选权限—Fundinfo表，资金账号无市价委托权限--买入
2020-07-03 10:50:53,464 - YW_GPMM_QXJY_008.py:63 - 执行结果为True,,
2020-07-03 10:50:53,482 - YW_GPMM_QXJY_009.py:36 - OMS初始化—可选权限—Fundinfo表，资金账号无市价委托权限--卖出
2020-07-03 10:50:54,735 - YW_GPMM_QXJY_009.py:63 - 执行结果为True,,
2020-07-03 10:50:54,753 - YW_GPMM_QXJY_010.py:36 - OMS初始化—可选权限—Fundinfo表，资金账号无市价委托权限--卖出
2020-07-03 10:50:55,992 - YW_GPMM_QXJY_010.py:63 - 执行结果为True,,
2020-07-03 10:52:02,525 - YW_GPMM_QXJY_011.py:43 - OMS初始化—可选权限—Secuinfo表，沪A证券账号无市价委托权限--买入
2020-07-03 10:52:04,323 - YW_GPMM_QXJY_011.py:70 - 执行结果为True,,
2020-07-03 10:52:04,339 - YW_GPMM_QXJY_012.py:36 - OMS初始化—可选权限—Secuinfo表，沪A证券账号无市价委托权限--买入
2020-07-03 10:52:07,378 - BdtsDataCheck.py:208 - 期望状态和报单状态、提交状态不匹配，期望状态、报单状态、提交状态分别为废单,XTP_ORDER_STATUS_ALLTRADED,XTP_ORDER_SUBMIT_STATUS_INSERT_ACCEPTED
2020-07-03 10:52:08,149 - YW_GPMM_QXJY_012.py:63 - 执行结果为False,报单查询,期望状态与报单状态不匹配
2020-07-03 10:52:08,149 - YW_GPMM_QXJY_013.py:36 - OMS初始化—可选权限—Secuinfo表，沪A证券账号无市价委托权限--卖出
2020-07-03 10:52:09,417 - YW_GPMM_QXJY_013.py:63 - 执行结果为True,,
2020-07-03 10:52:09,433 - YW_GPMM_QXJY_014.py:36 - OMS初始化—可选权限—Secuinfo表，沪A证券账号无市价委托权限--卖出
2020-07-03 10:52:11,954 - BdtsDataCheck.py:208 - 期望状态和报单状态、提交状态不匹配，期望状态、报单状态、提交状态分别为废单,XTP_ORDER_STATUS_ALLTRADED,XTP_ORDER_SUBMIT_STATUS_INSERT_ACCEPTED
2020-07-03 10:52:12,721 - YW_GPMM_QXJY_014.py:63 - 执行结果为False,报单查询,期望状态与报单状态不匹配
2020-07-03 10:53:19,323 - YW_GPMM_QXJY_015.py:43 - OMS初始化—可选权限—Secuinfo表，深A证券账号无市价委托权限--买入
2020-07-03 10:53:20,302 - BdtsDataCheck.py:208 - 期望状态和报单状态、提交状态不匹配，期望状态、报单状态、提交状态分别为废单,XTP_ORDER_STATUS_ALLTRADED,XTP_ORDER_SUBMIT_STATUS_INSERT_ACCEPTED
2020-07-03 10:53:21,040 - YW_GPMM_QXJY_015.py:70 - 执行结果为False,报单查询,期望状态与报单状态不匹配
2020-07-03 10:53:21,041 - YW_GPMM_QXJY_016.py:36 - OMS初始化—可选权限—Secuinfo表，深A证券账号无市价委托权限--买入
2020-07-03 10:53:22,933 - YW_GPMM_QXJY_016.py:63 - 执行结果为True,,
2020-07-03 10:53:22,950 - YW_GPMM_QXJY_017.py:36 - OMS初始化—可选权限—Secuinfo表，深A证券账号无市价委托权限--卖出
2020-07-03 10:53:23,458 - BdtsDataCheck.py:208 - 期望状态和报单状态、提交状态不匹配，期望状态、报单状态、提交状态分别为废单,XTP_ORDER_STATUS_ALLTRADED,XTP_ORDER_SUBMIT_STATUS_INSERT_ACCEPTED
2020-07-03 10:53:24,196 - YW_GPMM_QXJY_017.py:63 - 执行结果为False,报单查询,期望状态与报单状态不匹配
2020-07-03 10:53:24,197 - YW_GPMM_QXJY_018.py:36 - OMS初始化—可选权限—Secuinfo表，深A证券账号无市价委托权限--卖出
2020-07-03 10:53:25,456 - YW_GPMM_QXJY_018.py:63 - 执行结果为True,,
2020-07-03 10:54:32,126 - YW_QX_KCBJY_001.py:44 - OMS初始化—可选权限—Fundinfo&Secuinfo表，拥有市价委托权限--买科创板
2020-07-03 10:54:33,273 - YW_QX_KCBJY_001.py:71 - 执行结果为True,,
2020-07-03 10:54:33,273 - YW_QX_KCBJY_002.py:36 - OMS初始化—可选权限—Fundinfo&Secuinfo表，拥有市价委托权限--卖科创板
2020-07-03 10:54:34,549 - YW_QX_KCBJY_002.py:63 - 执行结果为True,,
2020-07-03 10:55:40,557 - YW_QX_KCBJY_003.py:42 - OMS初始化—可选权限—Fundinfo&Secuinfo表，无市价委托权限--买科创板
2020-07-03 10:55:41,685 - YW_QX_KCBJY_003.py:69 - 执行结果为True,,
2020-07-03 10:55:41,702 - YW_QX_KCBJY_004.py:36 - OMS初始化—可选权限—Fundinfo&Secuinfo表，无市价委托权限--卖科创板
2020-07-03 10:55:42,944 - YW_QX_KCBJY_004.py:63 - 执行结果为True,,
2020-07-03 10:56:49,322 - YW_QX_KCBJY_005.py:43 - OMS初始化—可选权限—Fundinfo表，资金账号无市价委托权限--买科创板
2020-07-03 10:56:50,451 - YW_QX_KCBJY_005.py:70 - 执行结果为True,,
2020-07-03 10:56:50,468 - YW_QX_KCBJY_006.py:36 - OMS初始化—可选权限—Fundinfo表，资金账号无市价委托权限--卖科创板
2020-07-03 10:56:51,703 - YW_QX_KCBJY_006.py:63 - 执行结果为True,,
2020-07-03 10:57:58,377 - YW_QX_KCBJY_007.py:43 - OMS初始化—可选权限—Secuinfo表，沪A证券账号无市价委托权限--买科创板
2020-07-03 10:57:58,722 - BdtsDataCheck.py:208 - 期望状态和报单状态、提交状态不匹配，期望状态、报单状态、提交状态分别为废单,XTP_ORDER_STATUS_ALLTRADED,XTP_ORDER_SUBMIT_STATUS_INSERT_ACCEPTED
2020-07-03 10:57:59,543 - YW_QX_KCBJY_007.py:70 - 执行结果为False,报单查询,期望状态与报单状态不匹配
2020-07-03 10:57:59,562 - YW_QX_KCBJY_008.py:36 - OMS初始化—可选权限—Secuinfo表，沪A证券账号无市价委托权限--卖科创板
2020-07-03 10:57:59,963 - BdtsDataCheck.py:208 - 期望状态和报单状态、提交状态不匹配，期望状态、报单状态、提交状态分别为废单,XTP_ORDER_STATUS_ALLTRADED,XTP_ORDER_SUBMIT_STATUS_INSERT_ACCEPTED
2020-07-03 10:58:00,792 - YW_QX_KCBJY_008.py:63 - 执行结果为False,报单查询,期望状态与报单状态不匹配
2020-07-03 10:59:07,488 - YW_GPMM_QXJY_001.py:44 - OMS初始化—可选权限—Fundinfo&Secuinfo表，拥有市价委托权限--买入
2020-07-03 10:59:09,277 - YW_GPMM_QXJY_001.py:71 - 执行结果为True,,
2020-07-03 10:59:09,277 - YW_GPMM_QXJY_002.py:36 - OMS初始化—可选权限—Fundinfo&Secuinfo表，拥有市价委托权限--买入
2020-07-03 10:59:11,119 - YW_GPMM_QXJY_002.py:63 - 执行结果为True,,
2020-07-03 13:17:50,026 - YW_GPMM_QXJY_012.py:36 - OMS初始化—可选权限—Secuinfo表，沪A证券账号无市价委托权限--买入
2020-07-03 13:17:53,067 - BdtsDataCheck.py:208 - 期望状态和报单状态、提交状态不匹配，期望状态、报单状态、提交状态分别为废单,XTP_ORDER_STATUS_ALLTRADED,XTP_ORDER_SUBMIT_STATUS_INSERT_ACCEPTED
2020-07-03 13:17:53,846 - YW_GPMM_QXJY_012.py:63 - 执行结果为False,报单查询,期望状态与报单状态不匹配
2020-07-03 13:23:11,503 - YW_GPMM_QXJY_011.py:43 - OMS初始化—可选权限—Secuinfo表，沪A证券账号无市价委托权限--买入
2020-07-03 13:23:13,235 - YW_GPMM_QXJY_011.py:70 - 执行结果为True,,
2020-07-03 13:23:44,138 - YW_GPMM_QXJY_012.py:36 - OMS初始化—可选权限—Secuinfo表，沪A证券账号无市价委托权限--买入
2020-07-03 13:23:47,230 - BdtsDataCheck.py:208 - 期望状态和报单状态、提交状态不匹配，期望状态、报单状态、提交状态分别为废单,XTP_ORDER_STATUS_ALLTRADED,XTP_ORDER_SUBMIT_STATUS_INSERT_ACCEPTED
2020-07-03 13:23:48,003 - YW_GPMM_QXJY_012.py:63 - 执行结果为False,报单查询,期望状态与报单状态不匹配
2020-07-03 13:25:26,302 - YW_GPMM_QXJY_014.py:36 - OMS初始化—可选权限—Secuinfo表，沪A证券账号无市价委托权限--卖出
2020-07-03 13:25:28,760 - BdtsDataCheck.py:208 - 期望状态和报单状态、提交状态不匹配，期望状态、报单状态、提交状态分别为废单,XTP_ORDER_STATUS_ALLTRADED,XTP_ORDER_SUBMIT_STATUS_INSERT_ACCEPTED
2020-07-03 13:25:29,532 - YW_GPMM_QXJY_014.py:63 - 执行结果为False,报单查询,期望状态与报单状态不匹配
2020-07-03 13:43:21,836 - YW_KCB_QXJY_007.py:42 - OMS初始化—可选权限—Secuinfo，沪A证券账号有所有权限（其中默认亦有科创板的权限）
2020-07-03 13:43:22,972 - YW_KCB_QXJY_007.py:69 - 执行结果为True,,
2020-07-03 13:45:22,142 - YW_KCB_QXJY_008.py:43 - OMS初始化—可选权限—Secuinfo表&Fundinfo表，沪A证券账号有买入科创板股票权限
2020-07-03 13:45:23,391 - YW_KCB_QXJY_008.py:70 - 执行结果为True,,
2020-07-03 13:48:21,014 - YW_TSZL_QXJY_005.py:42 - OMS初始化—可选权限—Secuinfo表，深A证券账号有买入退市整理期股票权限
2020-07-03 13:48:22,146 - YW_TSZL_QXJY_005.py:69 - 执行结果为True,,
2020-07-03 13:48:22,163 - YW_TSZL_QXJY_006.py:36 - OMS初始化—可选权限—Secuinfo表，深A证券账号有买入退市整理期股票权限
2020-07-03 13:48:23,293 - YW_TSZL_QXJY_006.py:63 - 执行结果为True,,
2020-07-03 13:48:23,293 - YW_TSZL_QXJY_007.py:36 - OMS初始化—可选权限—Secuinfo表，沪A证券账号无买入退市整理期股票权限
2020-07-03 13:48:24,414 - YW_TSZL_QXJY_007.py:63 - 执行结果为True,,
2020-07-03 13:48:24,431 - YW_TSZL_QXJY_008.py:36 - OMS初始化—可选权限—Secuinfo表，沪A证券账号无买入退市整理期股票权限
2020-07-03 13:48:25,551 - YW_TSZL_QXJY_008.py:63 - 执行结果为True,,
2020-07-03 13:49:31,629 - YW_TSZL_QXJY_009.py:42 - OMS初始化—可选权限—Secuinfo表，深A证券账号无买入退市整理期股票权限
2020-07-03 13:49:32,756 - YW_TSZL_QXJY_009.py:69 - 执行结果为True,,
2020-07-03 13:49:32,772 - YW_TSZL_QXJY_010.py:36 - OMS初始化—可选权限—Secuinfo表，深A证券账号无买入退市整理期股票权限
2020-07-03 13:49:33,906 - YW_TSZL_QXJY_010.py:63 - 执行结果为True,,
2020-07-03 13:49:33,924 - YW_TSZL_QXJY_003.py:36 - OMS初始化—可选权限—Secuinfo表，沪A证券账号有买入退市整理期股票权限
2020-07-03 13:49:35,041 - YW_TSZL_QXJY_003.py:63 - 执行结果为True,,
2020-07-03 13:49:35,042 - YW_TSZL_QXJY_004.py:36 - OMS初始化—可选权限—Secuinfo表，沪A证券账号有买入退市整理期股票权限
2020-07-03 13:49:36,166 - YW_TSZL_QXJY_004.py:63 - 执行结果为True,,
2020-07-03 13:50:42,268 - YW_TSZL_QXJY_001.py:41 - OMS初始化—可选权限—Secuinfo表，无买入退市整理期股票权限（深）
2020-07-03 13:50:43,394 - YW_TSZL_QXJY_001.py:68 - 执行结果为True,,
2020-07-03 13:50:43,411 - YW_TSZL_QXJY_002.py:36 - OMS初始化—可选权限—Secuinfo表，无买入退市整理期股票权限（沪）
2020-07-03 13:50:44,527 - YW_TSZL_QXJY_002.py:63 - 执行结果为True,,
2020-07-03 13:51:50,274 - YW_TSZL_QXJY_015.py:42 - OMS初始化—可选权限—Secuinfo表，深A证券账号有卖入退市整理期股票权限
2020-07-03 13:51:51,510 - YW_TSZL_QXJY_015.py:69 - 执行结果为True,,
2020-07-03 13:51:51,527 - YW_TSZL_QXJY_016.py:36 - OMS初始化—可选权限—Secuinfo表，深A证券账号有卖入退市整理期股票权限
2020-07-03 13:51:52,761 - YW_TSZL_QXJY_016.py:63 - 执行结果为True,,
2020-07-03 13:51:52,762 - YW_TSZL_QXJY_017.py:36 - OMS初始化—可选权限—Secuinfo表，沪A证券账号无卖入退市整理期股票权限
2020-07-03 13:51:53,986 - YW_TSZL_QXJY_017.py:63 - 执行结果为True,,
2020-07-03 13:51:54,003 - YW_TSZL_QXJY_018.py:36 - OMS初始化—可选权限—Secuinfo表，沪A证券账号无卖入退市整理期股票权限
2020-07-03 13:51:55,236 - YW_TSZL_QXJY_018.py:63 - 执行结果为True,,
2020-07-03 13:53:01,150 - YW_TSZL_QXJY_019.py:42 - OMS初始化—可选权限—Secuinfo表，深A证券账号无卖入退市整理期股票权限
2020-07-03 13:53:02,395 - YW_TSZL_QXJY_019.py:69 - 执行结果为True,,
2020-07-03 13:53:02,412 - YW_TSZL_QXJY_020.py:36 - OMS初始化—可选权限—Secuinfo表，深A证券账号无卖入退市整理期股票权限
2020-07-03 13:53:03,628 - YW_TSZL_QXJY_020.py:63 - 执行结果为True,,
2020-07-03 13:53:03,646 - YW_TSZL_QXJY_013.py:36 - OMS初始化—可选权限—Secuinfo表，沪A证券账号有卖入退市整理期股票权限
2020-07-03 13:53:04,869 - YW_TSZL_QXJY_013.py:63 - 执行结果为True,,
2020-07-03 13:53:04,870 - YW_TSZL_QXJY_014.py:36 - OMS初始化—可选权限—Secuinfo表，沪A证券账号有卖入退市整理期股票权限
2020-07-03 13:53:06,104 - YW_TSZL_QXJY_014.py:63 - 执行结果为True,,
2020-07-03 13:54:12,098 - YW_TSZL_QXJY_011.py:41 - OMS初始化—可选权限—Secuinfo表，无卖入退市整理期股票权限（深）
2020-07-03 13:54:13,330 - YW_TSZL_QXJY_011.py:68 - 执行结果为True,,
2020-07-03 13:54:13,347 - YW_TSZL_QXJY_012.py:36 - OMS初始化—可选权限—Secuinfo表，无卖入退市整理期股票权限（沪）
2020-07-03 13:54:14,568 - YW_TSZL_QXJY_012.py:63 - 执行结果为True,,
2020-07-03 13:55:20,684 - YW_TSZL_QXJY_021.py:41 - OMS初始化—可选权限—Secuinfo表，沪A证券账号有买入退市整理期股票权限（申报市价单）
2020-07-03 13:55:21,803 - YW_TSZL_QXJY_021.py:68 - 执行结果为True,,
2020-07-03 13:55:21,820 - YW_TSZL_QXJY_022.py:36 - OMS初始化—可选权限—Secuinfo表，沪A证券账号有买入退市整理期股票权限（申报市价单）
2020-07-03 13:55:22,940 - YW_TSZL_QXJY_022.py:63 - 执行结果为True,,
2020-07-03 13:56:28,778 - YW_TSZL_QXJY_023.py:42 - OMS初始化—可选权限—Secuinfo表，深A证券账号有买入退市整理期股票权限（申报市价单）
2020-07-03 13:56:29,897 - YW_TSZL_QXJY_023.py:69 - 执行结果为True,,
2020-07-03 13:56:29,913 - YW_TSZL_QXJY_024.py:36 - OMS初始化—可选权限—Secuinfo表，深A证券账号有买入退市整理期股票权限（申报市价单）
2020-07-03 13:56:31,037 - YW_TSZL_QXJY_024.py:63 - 执行结果为True,,
2020-07-03 13:57:36,869 - YW_TSZL_QXJY_025.py:41 - OMS初始化—可选权限—Secuinfo表，沪A证券账号有卖入退市整理期股票权限（申报市价单）
2020-07-03 13:57:38,100 - YW_TSZL_QXJY_025.py:68 - 执行结果为True,,
2020-07-03 13:57:38,117 - YW_TSZL_QXJY_026.py:36 - OMS初始化—可选权限—Secuinfo表，沪A证券账号有卖入退市整理期股票权限（申报市价单）
2020-07-03 13:57:39,362 - YW_TSZL_QXJY_026.py:63 - 执行结果为True,,
2020-07-03 13:58:45,470 - YW_TSZL_QXJY_027.py:42 - OMS初始化—可选权限—Secuinfo表，深A证券账号有卖入退市整理期股票权限（申报市价单）
2020-07-03 13:58:46,692 - YW_TSZL_QXJY_027.py:69 - 执行结果为True,,
2020-07-03 13:58:46,711 - YW_TSZL_QXJY_028.py:36 - OMS初始化—可选权限—Secuinfo表，深A证券账号有卖入退市整理期股票权限（申报市价单）
2020-07-03 13:58:47,943 - YW_TSZL_QXJY_028.py:63 - 执行结果为True,,
2020-07-03 14:05:27,022 - YW_CYB_QXJY_001.py:44 - OMS初始化—可选权限—Fundinfo&Secuinfo表，同时拥有创业板权限
2020-07-03 14:05:28,153 - YW_CYB_QXJY_001.py:71 - 执行结果为True,,
2020-07-03 14:05:28,153 - YW_CYB_QXJY_002.py:36 - OMS初始化—可选权限—Fundinfo&Secuinfo表，同时拥有创业板权限
2020-07-03 14:05:29,408 - YW_CYB_QXJY_002.py:63 - 执行结果为True,,
2020-07-03 14:06:35,582 - YW_CYB_QXJY_003.py:42 - OMS初始化—可选权限—Fundinfo&Secuinfo表，均无创业板权限
2020-07-03 14:06:38,024 - BdtsDataCheck.py:208 - 期望状态和报单状态、提交状态不匹配，期望状态、报单状态、提交状态分别为废单,XTP_ORDER_STATUS_ALLTRADED,XTP_ORDER_SUBMIT_STATUS_INSERT_ACCEPTED
2020-07-03 14:06:38,711 - YW_CYB_QXJY_003.py:69 - 执行结果为False,报单查询,期望状态与报单状态不匹配
2020-07-03 14:06:38,740 - YW_CYB_QXJY_004.py:36 - OMS初始化—可选权限—Fundinfo&Secuinfo表，均无创业板权限
2020-07-03 14:06:41,292 - BdtsDataCheck.py:208 - 期望状态和报单状态、提交状态不匹配，期望状态、报单状态、提交状态分别为废单,XTP_ORDER_STATUS_ALLTRADED,XTP_ORDER_SUBMIT_STATUS_INSERT_ACCEPTED
2020-07-03 14:06:41,976 - YW_CYB_QXJY_004.py:63 - 执行结果为False,报单查询,期望状态与报单状态不匹配
2020-07-03 14:07:48,121 - YW_CYB_QXJY_005.py:43 - OMS初始化—可选权限—Fundinfo表，资金账号无创业板权限
2020-07-03 14:07:50,565 - BdtsDataCheck.py:208 - 期望状态和报单状态、提交状态不匹配，期望状态、报单状态、提交状态分别为废单,XTP_ORDER_STATUS_ALLTRADED,XTP_ORDER_SUBMIT_STATUS_INSERT_ACCEPTED
2020-07-03 14:07:51,250 - YW_CYB_QXJY_005.py:70 - 执行结果为False,报单查询,期望状态与报单状态不匹配
2020-07-03 14:07:51,267 - YW_CYB_QXJY_006.py:36 - OMS初始化—可选权限—Fundinfo表，资金账号无创业板权限
2020-07-03 14:07:53,807 - BdtsDataCheck.py:208 - 期望状态和报单状态、提交状态不匹配，期望状态、报单状态、提交状态分别为废单,XTP_ORDER_STATUS_ALLTRADED,XTP_ORDER_SUBMIT_STATUS_INSERT_ACCEPTED
2020-07-03 14:07:54,491 - YW_CYB_QXJY_006.py:63 - 执行结果为False,报单查询,期望状态与报单状态不匹配
2020-07-03 14:09:00,344 - YW_CYB_QXJY_009.py:43 - OMS初始化—可选权限—Secuinfo表，深A证券账号无创业板权限
2020-07-03 14:09:01,468 - YW_CYB_QXJY_009.py:70 - 执行结果为True,,
2020-07-03 14:09:01,485 - YW_CYB_QXJY_010.py:36 - OMS初始化—可选权限—Secuinfo表，深A证券账号无创业板权限
2020-07-03 14:09:02,705 - YW_CYB_QXJY_010.py:63 - 执行结果为True,,
2020-07-03 14:10:09,120 - YW_CYB_QXJY_011.py:44 - OMS初始化—机构户--Fundinfo表：资金账号无创业板权限
2020-07-03 14:10:11,548 - BdtsDataCheck.py:208 - 期望状态和报单状态、提交状态不匹配，期望状态、报单状态、提交状态分别为废单,XTP_ORDER_STATUS_ALLTRADED,XTP_ORDER_SUBMIT_STATUS_INSERT_ACCEPTED
2020-07-03 14:10:12,238 - YW_CYB_QXJY_011.py:71 - 执行结果为False,报单查询,期望状态与报单状态不匹配
2020-07-03 14:10:12,257 - YW_CYB_QXJY_012.py:36 - OMS初始化—机构户--Fundinfo表：资金账号无创业板权限
2020-07-03 14:10:14,793 - BdtsDataCheck.py:208 - 期望状态和报单状态、提交状态不匹配，期望状态、报单状态、提交状态分别为废单,XTP_ORDER_STATUS_ALLTRADED,XTP_ORDER_SUBMIT_STATUS_INSERT_ACCEPTED
2020-07-03 14:10:15,481 - YW_CYB_QXJY_012.py:63 - 执行结果为False,报单查询,期望状态与报单状态不匹配
2020-07-03 15:39:31,914 - YW_CYB_QXJY_003.py:42 - OMS初始化—可选权限—Fundinfo&Secuinfo表，均无创业板权限
2020-07-03 15:39:34,369 - BdtsDataCheck.py:208 - 期望状态和报单状态、提交状态不匹配，期望状态、报单状态、提交状态分别为废单,XTP_ORDER_STATUS_ALLTRADED,XTP_ORDER_SUBMIT_STATUS_INSERT_ACCEPTED
2020-07-03 15:39:35,048 - YW_CYB_QXJY_003.py:69 - 执行结果为False,报单查询,期望状态与报单状态不匹配
2020-07-03 15:56:56,821 - YW_CYB_QXJY_003.py:42 - OMS初始化—可选权限—Fundinfo&Secuinfo表，均无创业板权限
2020-07-03 15:56:57,091 - BdtsDataCheck.py:655 - 报单的error_id与用例期望的不一致，期望和实际的error_id分别是11000552,11000562
2020-07-03 15:56:57,951 - YW_CYB_QXJY_003.py:69 - 执行结果为False,报单推送,报单的error_id与用例期望的不一致
2020-07-03 15:58:01,226 - YW_CYB_QXJY_004.py:36 - OMS初始化—可选权限—Fundinfo&Secuinfo表，均无创业板权限
2020-07-03 15:58:01,594 - BdtsDataCheck.py:655 - 报单的error_id与用例期望的不一致，期望和实际的error_id分别是11000552,11000562
2020-07-03 15:58:02,456 - YW_CYB_QXJY_004.py:63 - 执行结果为False,报单推送,报单的error_id与用例期望的不一致
