2020-07-28 17:17:07,819 - xj_right_init.py:52 - 卖开（义务方开仓）：T日增加10001032和20002438多头持仓
2020-07-28 17:17:08,343 - xj_right_init.py:84 - 执行结果为True
2020-07-28 17:17:11,366 - xj_right_init.py:84 - 执行结果为True
2020-07-28 17:17:14,389 - xj_right_init.py:84 - 执行结果为True
2020-07-28 17:17:17,414 - xj_right_init.py:84 - 执行结果为True
2020-07-28 17:17:20,247 - OptCjhbDataCheck.py:122 - 成交回报有问题：价格×数量不等于成交金额4.11,4.11
2020-07-28 17:17:20,445 - xj_right_init.py:88 - 执行结果为False,成交回报,"成交回报有问题：价格×数量不等于成交金额"
2020-07-28 17:18:29,807 - YW_GGQQ_QLFXJHA_011.py:48 - 买开（权利方开仓）：限价-订单确认
2020-07-28 17:18:31,335 - YW_GGQQ_QLFXJHA_011.py:77 - 执行结果为True
2020-07-28 17:19:40,517 - YW_GGQQ_QLFXJHA_037.py:48 - 买开（权利方开仓）：限价-验资（可用资金<=0）
2020-07-28 17:19:41,043 - YW_GGQQ_QLFXJHA_037.py:77 - 执行结果为True
2020-07-28 17:20:49,997 - YW_GGQQ_QLFXJHA_038.py:48 - 买开（权利方开仓）：限价-验资（可用资金不足）（可用资金=下单金额+费用-0.01）
2020-07-28 17:20:50,519 - YW_GGQQ_QLFXJHA_038.py:77 - 执行结果为True
2020-07-28 17:21:59,611 - YW_GGQQ_QLFXJHA_039.py:48 - 买开（权利方开仓）：限价-验资（可用资金刚好）（可用资金=下单金额+费用）
2020-07-28 17:22:00,633 - YW_GGQQ_QLFXJHA_039.py:77 - 执行结果为True
2020-07-28 17:23:09,739 - YW_GGQQ_QLFXJHA_085.py:48 - 卖平（权利方平仓）：限价-验资（可用资金不足）（下单金额<费用&&可用资金<（费用-下单金额））
2020-07-28 17:23:10,259 - YW_GGQQ_QLFXJHA_085.py:77 - 执行结果为True
2020-07-28 17:24:19,690 - YW_GGQQ_QLFXJHA_086.py:48 - 卖平（权利方平仓）：限价-验资（可用资金刚好）（下单金额<费用&&可用资金=（费用-下单金额））
2020-07-28 17:24:20,210 - YW_GGQQ_QLFXJHA_086.py:77 - 执行结果为True
2020-07-28 17:25:29,456 - YW_GGQQ_QLFXJHA_087.py:48 - 卖平（权利方平仓）：限价-验资（可用资金<=0且下单导致可用资金减少）
2020-07-28 17:25:29,985 - YW_GGQQ_QLFXJHA_087.py:77 - 执行结果为True
2020-07-28 17:26:39,056 - YW_GGQQ_QLFXJHA_088.py:48 - 卖平（权利方平仓）：限价-验资（可用资金<=0且下单导致可用资金增加后仍为负数）
2020-07-28 17:26:39,576 - YW_GGQQ_QLFXJHA_088.py:77 - 执行结果为True
2020-07-28 17:27:48,920 - YW_GGQQ_QLFXJHA_089.py:48 - 卖平（权利方平仓）：限价-验资（可用资金<=0且下单导致可用资金增加后变成正数）
2020-07-28 17:27:49,940 - YW_GGQQ_QLFXJHA_089.py:77 - 执行结果为True
2020-07-28 17:28:59,169 - YW_GGQQ_QLFXJHA_090.py:48 - 卖平（权利方平仓）：限价-验券（持仓不足）（下单数量<可卖持仓）
2020-07-28 17:28:59,688 - YW_GGQQ_QLFXJHA_090.py:77 - 执行结果为True
2020-07-28 17:30:08,862 - YW_GGQQ_QLFXJHA_091.py:48 - 卖平（权利方平仓）：限价-验券（持仓刚好）（下单数量=可卖持仓）
2020-07-28 17:30:09,884 - YW_GGQQ_QLFXJHA_091.py:77 - 执行结果为True
2020-07-28 17:31:19,198 - YW_GGQQ_QLFXJHA_125.py:48 - 买开（权利方开仓）：FOK限价全成或撤销-验资（可用资金<=0）
2020-07-28 17:31:19,721 - YW_GGQQ_QLFXJHA_125.py:77 - 执行结果为True
2020-07-28 17:32:28,899 - YW_GGQQ_QLFXJHA_126.py:48 - 买开（权利方开仓）：FOK限价全成或撤销-验资（可用资金不足）（可用资金=下单金额+费用-0.01）
2020-07-28 17:32:29,422 - YW_GGQQ_QLFXJHA_126.py:77 - 执行结果为True
2020-07-28 17:33:38,473 - YW_GGQQ_QLFXJHA_127.py:48 - 买开（权利方开仓）：FOK限价全成或撤销-验资（可用资金刚好）（可用资金=下单金额+费用）
2020-07-28 17:33:39,996 - YW_GGQQ_QLFXJHA_127.py:77 - 执行结果为True
2020-07-28 17:34:49,200 - YW_GGQQ_QLFXJHA_161.py:48 - 卖平（权利方平仓）：FOK限价全成或撤销-验资（可用资金不足）（下单金额<费用&&可用资金<（费用-下单金额））
2020-07-28 17:34:49,721 - YW_GGQQ_QLFXJHA_161.py:77 - 执行结果为True
2020-07-28 17:35:59,116 - YW_GGQQ_QLFXJHA_162.py:48 - 卖平（权利方平仓）：FOK限价全成或撤销-验资（可用资金刚好）（下单金额<费用&&可用资金=（费用-下单金额））
2020-07-28 17:36:00,140 - YW_GGQQ_QLFXJHA_162.py:77 - 执行结果为True
2020-07-28 17:37:09,383 - YW_GGQQ_QLFXJHA_163.py:48 - 卖平（权利方平仓）：FOK限价全成或撤销-验券（持仓不足）（下单数量<可卖持仓）
2020-07-28 17:37:09,902 - YW_GGQQ_QLFXJHA_163.py:77 - 执行结果为True
2020-07-28 17:38:19,294 - YW_GGQQ_QLFXJHA_164.py:48 - 卖平（权利方平仓）：FOK限价全成或撤销-验资（可用资金<=0且下单导致可用资金减少）
2020-07-28 17:38:19,813 - YW_GGQQ_QLFXJHA_164.py:77 - 执行结果为True
2020-07-28 17:39:28,782 - YW_GGQQ_QLFXJHA_165.py:48 - 卖平（权利方平仓）：FOK限价全成或撤销-验资（可用资金<=0且下单导致可用资金增加后仍为负数）
2020-07-28 17:39:29,302 - YW_GGQQ_QLFXJHA_165.py:77 - 执行结果为True
2020-07-28 17:40:38,332 - YW_GGQQ_QLFXJHA_166.py:48 - 卖平（权利方平仓）：FOK限价全成或撤销-验资（可用资金<=0且下单导致可用资金增加后变成正数）
2020-07-28 17:40:39,299 - OptCjhbDataCheck.py:1021 - 可用资金错误，原可用资金,成交金额,费用,现可用资金分别为-100.000000,3985.810000,1.600000,-100.000000
2020-07-28 17:40:39,853 - YW_GGQQ_QLFXJHA_166.py:81 - 执行结果为False,成交回报,["可用资金错误", {"费用": 1.6, "现可用资金": -100.0, "原可用资金": -100.0, "成交金额": 3985.81}]
2020-07-28 17:41:49,358 - YW_GGQQ_QLFXJHA_167.py:48 - 卖平（权利方平仓）：FOK限价全成或撤销-验券（持仓刚好）（下单数量=可卖持仓）
2020-07-28 17:41:50,381 - YW_GGQQ_QLFXJHA_167.py:77 - 执行结果为True
2020-07-28 17:41:50,992 - sj_right_init.py:52 - 卖开（义务方开仓）：T日增加11002633和20002438空头持仓
2020-07-28 17:41:51,046 - OptBdtsDataCheck.py:285 - 期望状态和报单状态、提交状态不匹配，期望状态、报单状态、提交状态分别为全成,XTP_ORDER_STATUS_REJECTED,XTP_ORDER_SUBMIT_STATUS_INSERT_REJECTED
2020-07-28 17:41:51,512 - sj_right_init.py:88 - 执行结果为False,报单查询,"期望状态与报单状态不匹配"
2020-07-28 17:43:00,586 - YW_GGQQ_QLFSJHA_027.py:48 - 买开（权利方开仓）：市价剩余转限价-验资（可用资金<=0）
2020-07-28 17:43:01,120 - YW_GGQQ_QLFSJHA_027.py:77 - 执行结果为True
2020-07-28 17:44:10,163 - YW_GGQQ_QLFSJHA_028.py:48 - 买开（权利方开仓）：市价剩余转限价-验资（可用资金不足）（可用资金=下单金额+费用-0.01）
2020-07-28 17:44:10,683 - YW_GGQQ_QLFSJHA_028.py:77 - 执行结果为True
2020-07-28 17:45:19,871 - YW_GGQQ_QLFSJHA_029.py:48 - 买开（权利方开仓）：市价剩余转限价-验资（可用资金刚好）（可用资金=下单金额+费用）
2020-07-28 17:45:20,891 - YW_GGQQ_QLFSJHA_029.py:77 - 执行结果为True
2020-07-28 17:46:30,084 - YW_GGQQ_QLFSJHA_063.py:48 - 卖平（权利方平仓）：市价剩余转限价-验资（可用资金不足）（下单金额<费用&&可用资金<（费用-下单金额））
2020-07-28 17:46:30,607 - YW_GGQQ_QLFSJHA_063.py:77 - 执行结果为True
2020-07-28 17:47:39,820 - YW_GGQQ_QLFSJHA_064.py:48 - 卖平（权利方平仓）：市价剩余转限价-验资（可用资金刚好）（下单金额<费用&&可用资金=（费用-下单金额））
2020-07-28 17:47:40,843 - YW_GGQQ_QLFSJHA_064.py:77 - 执行结果为True
2020-07-28 17:48:49,820 - YW_GGQQ_QLFSJHA_065.py:48 - 卖平（权利方平仓）：市价剩余转限价-验资（可用资金<=0且下单导致可用资金减少）
2020-07-28 17:48:50,339 - YW_GGQQ_QLFSJHA_065.py:77 - 执行结果为True
2020-07-28 17:49:59,773 - YW_GGQQ_QLFSJHA_066.py:48 - 卖平（权利方平仓）：市价剩余转限价-验资（可用资金<=0且下单导致可用资金增加后仍为负数）
2020-07-28 17:50:00,299 - YW_GGQQ_QLFSJHA_066.py:77 - 执行结果为True
2020-07-28 17:51:09,489 - YW_GGQQ_QLFSJHA_067.py:48 - 卖平（权利方平仓）：市价剩余转限价-验资（可用资金<=0且下单导致可用资金增加后变成正数）
2020-07-28 17:51:11,010 - YW_GGQQ_QLFSJHA_067.py:77 - 执行结果为True
2020-07-28 17:52:20,153 - YW_GGQQ_QLFSJHA_068.py:48 - 卖平（权利方平仓）：市价剩余转限价-验券（持仓不足）（下单数量<可卖持仓）
2020-07-28 17:52:20,672 - YW_GGQQ_QLFSJHA_068.py:77 - 执行结果为True
2020-07-28 17:53:29,973 - YW_GGQQ_QLFSJHA_069.py:48 - 卖平（权利方平仓）：市价剩余转限价-验券（持仓刚好）（下单数量=可卖持仓）
2020-07-28 17:53:30,996 - YW_GGQQ_QLFSJHA_069.py:77 - 执行结果为True
2020-07-28 17:54:40,256 - YW_GGQQ_QLFSJHA_098.py:48 - 买开（权利方开仓）：市价剩余撤销-验资（可用资金<=0）
2020-07-28 17:54:40,789 - YW_GGQQ_QLFSJHA_098.py:77 - 执行结果为True
2020-07-28 17:55:50,165 - YW_GGQQ_QLFSJHA_099.py:48 - 买开（权利方开仓）：市价剩余撤销-验资（可用资金不足）（可用资金=下单金额+费用-0.01）
2020-07-28 17:55:50,685 - YW_GGQQ_QLFSJHA_099.py:77 - 执行结果为True
2020-07-28 17:56:59,786 - YW_GGQQ_QLFSJHA_100.py:48 - 买开（权利方开仓）：市价剩余撤销-验资（可用资金刚好）（可用资金=下单金额+费用）
2020-07-28 17:57:00,806 - YW_GGQQ_QLFSJHA_100.py:77 - 执行结果为True
2020-07-28 17:58:10,184 - YW_GGQQ_QLFSJHA_129.py:48 - 卖平（权利方平仓）：市价剩余撤销-验资（可用资金不足）（下单金额<费用&&可用资金<（费用-下单金额））
2020-07-28 17:58:10,713 - YW_GGQQ_QLFSJHA_129.py:77 - 执行结果为True
2020-07-28 17:59:19,853 - YW_GGQQ_QLFSJHA_130.py:48 - 卖平（权利方平仓）：市价剩余撤销-验资（可用资金刚好）（下单金额<费用&&可用资金=（费用-下单金额））
2020-07-28 17:59:20,878 - YW_GGQQ_QLFSJHA_130.py:77 - 执行结果为True
2020-07-28 18:00:30,246 - YW_GGQQ_QLFSJHA_131.py:48 - 卖平（权利方平仓）：市价剩余撤销-验资（可用资金<=0且下单导致可用资金减少）
2020-07-28 18:00:30,769 - YW_GGQQ_QLFSJHA_131.py:77 - 执行结果为True
2020-07-28 18:01:39,874 - YW_GGQQ_QLFSJHA_132.py:48 - 卖平（权利方平仓）：市价剩余撤销-验资（可用资金<=0且下单导致可用资金增加后仍为负数）
2020-07-28 18:01:40,397 - YW_GGQQ_QLFSJHA_132.py:77 - 执行结果为True
2020-07-28 18:02:49,487 - YW_GGQQ_QLFSJHA_133.py:48 - 卖平（权利方平仓）：市价剩余撤销-验资（可用资金<=0且下单导致可用资金增加后变成正数）
2020-07-28 18:02:51,009 - YW_GGQQ_QLFSJHA_133.py:77 - 执行结果为True
2020-07-28 18:04:00,106 - YW_GGQQ_QLFSJHA_134.py:48 - 卖平（权利方平仓）：市价剩余撤销-验券（持仓不足）（下单数量<可卖持仓）
2020-07-28 18:04:00,636 - YW_GGQQ_QLFSJHA_134.py:77 - 执行结果为True
2020-07-28 18:05:09,843 - YW_GGQQ_QLFSJHA_135.py:48 - 卖平（权利方平仓）：市价剩余撤销-验券（持仓刚好）（下单数量=可卖持仓）
2020-07-28 18:05:10,869 - YW_GGQQ_QLFSJHA_135.py:77 - 执行结果为True
2020-07-28 18:06:20,001 - YW_GGQQ_QLFSJHA_162.py:48 - 买开（权利方开仓）：FOK市价全成或撤销-验资（可用资金<=0）
2020-07-28 18:06:20,527 - YW_GGQQ_QLFSJHA_162.py:77 - 执行结果为True
2020-07-28 18:07:29,676 - YW_GGQQ_QLFSJHA_163.py:48 - 买开（权利方开仓）：FOK市价全成或撤销-验资（可用资金不足）（可用资金=下单金额+费用-0.01）
2020-07-28 18:07:30,195 - YW_GGQQ_QLFSJHA_163.py:77 - 执行结果为True
2020-07-28 18:08:39,344 - YW_GGQQ_QLFSJHA_164.py:48 - 买开（权利方开仓）：FOK市价全成或撤销-验资（可用资金刚好）（可用资金=下单金额+费用）
2020-07-28 18:08:40,365 - YW_GGQQ_QLFSJHA_164.py:77 - 执行结果为True
2020-07-28 18:09:49,581 - YW_GGQQ_QLFSJHA_191.py:48 - 卖平（权利方平仓）：FOK市价全成或撤销-验资（可用资金不足）（下单金额<费用&&可用资金<（费用-下单金额））
2020-07-28 18:09:50,104 - YW_GGQQ_QLFSJHA_191.py:77 - 执行结果为True
2020-07-28 18:10:59,548 - YW_GGQQ_QLFSJHA_192.py:48 - 卖平（权利方平仓）：FOK市价全成或撤销-验资（可用资金刚好）（下单金额<费用&&可用资金=（费用-下单金额））
2020-07-28 18:11:00,568 - YW_GGQQ_QLFSJHA_192.py:77 - 执行结果为True
2020-07-28 18:12:09,703 - YW_GGQQ_QLFSJHA_193.py:48 - 卖平（权利方平仓）：FOK市价全成或撤销-验资（可用资金<=0且下单导致可用资金减少）
2020-07-28 18:12:10,222 - YW_GGQQ_QLFSJHA_193.py:77 - 执行结果为True
2020-07-28 18:13:19,658 - YW_GGQQ_QLFSJHA_194.py:48 - 卖平（权利方平仓）：FOK市价全成或撤销-验资（可用资金<=0且下单导致可用资金增加后仍为负数）
2020-07-28 18:13:20,178 - YW_GGQQ_QLFSJHA_194.py:77 - 执行结果为True
2020-07-28 18:14:29,775 - YW_GGQQ_QLFSJHA_195.py:48 - 卖平（权利方平仓）：FOK市价全成或撤销-验资（可用资金<=0且下单导致可用资金增加后变成正数）
2020-07-28 18:14:30,799 - YW_GGQQ_QLFSJHA_195.py:77 - 执行结果为True
2020-07-28 18:15:40,266 - YW_GGQQ_QLFSJHA_196.py:48 - 卖平（权利方平仓）：FOK市价全成或撤销-验券（持仓不足）（下单数量<可卖持仓）
2020-07-28 18:15:40,788 - YW_GGQQ_QLFSJHA_196.py:77 - 执行结果为True
2020-07-28 18:16:50,148 - YW_GGQQ_QLFSJHA_197.py:48 - 卖平（权利方平仓）：FOK市价全成或撤销-验券（持仓刚好）（下单数量=可卖持仓）
2020-07-28 18:16:51,177 - YW_GGQQ_QLFSJHA_197.py:77 - 执行结果为True
2020-07-28 18:16:51,654 - xj_call_init.py:55 - 卖开（义务方开仓）：T日增加11002633和20002438空头持仓
2020-07-28 18:16:52,673 - xj_call_init.py:87 - 执行结果为True
2020-07-28 18:16:55,695 - xj_call_init.py:87 - 执行结果为True
2020-07-28 18:16:58,720 - xj_call_init.py:87 - 执行结果为True
2020-07-28 18:17:01,742 - xj_call_init.py:87 - 执行结果为True
2020-07-28 18:17:04,770 - xj_call_init.py:87 - 执行结果为True
2020-07-28 18:17:07,795 - xj_call_init.py:87 - 执行结果为True
2020-07-28 18:18:19,150 - YW_GGQQ_YWFXJHA_GOU_055.py:48 - 卖开（义务方开仓）：限价-验资（可用资金不足）（下单金额<费用&&可用资金<（费用-下单金额））
2020-07-28 18:18:19,669 - YW_GGQQ_YWFXJHA_GOU_055.py:77 - 执行结果为True
2020-07-28 18:19:29,085 - YW_GGQQ_YWFXJHA_GOU_056.py:48 - 卖开（义务方开仓）：限价-验资（可用资金刚好）（下单金额<费用&&可用资金=（费用-下单金额））
2020-07-28 18:19:30,108 - YW_GGQQ_YWFXJHA_GOU_056.py:77 - 执行结果为True
2020-07-28 18:20:39,353 - YW_GGQQ_YWFXJHA_GOU_057.py:48 - 卖开（义务方开仓：限价-验资（可用资金<=0且下单导致可用资金减少）
2020-07-28 18:20:39,873 - YW_GGQQ_YWFXJHA_GOU_057.py:77 - 执行结果为True
2020-07-28 18:21:48,988 - YW_GGQQ_YWFXJHA_GOU_058.py:48 - 卖开（义务方开仓：限价-验资（可用资金<=0且下单导致可用资金增加后仍为负数）
2020-07-28 18:21:49,510 - YW_GGQQ_YWFXJHA_GOU_058.py:77 - 执行结果为True
2020-07-28 18:22:58,605 - YW_GGQQ_YWFXJHA_GOU_059.py:48 - 卖开（义务方开仓）：限价-验资（可用资金<0且下单导致可用资金增加后变成正数）
2020-07-28 18:22:59,124 - YW_GGQQ_YWFXJHA_GOU_059.py:77 - 执行结果为True
2020-07-28 18:24:08,200 - YW_GGQQ_YWFXJHA_GOU_060.py:48 - 卖开（义务方开仓）：限价-验资（可用资金=0且下单导致可用资金增加后变成正数）
2020-07-28 18:24:09,222 - YW_GGQQ_YWFXJHA_GOU_060.py:77 - 执行结果为True
2020-07-28 18:25:18,451 - YW_GGQQ_YWFXJHA_GOU_061.py:48 - 卖开（义务方开仓）：限价-验资（可用资金不足）（可用资金=下单金额+费用-0.01）
2020-07-28 18:25:18,975 - YW_GGQQ_YWFXJHA_GOU_061.py:77 - 执行结果为True
2020-07-28 18:26:28,360 - YW_GGQQ_YWFXJHA_GOU_062.py:48 - 卖开（义务方开仓）：限价-验资（可用资金刚好）（可用资金=下单金额+费用）
2020-07-28 18:26:29,881 - YW_GGQQ_YWFXJHA_GOU_062.py:77 - 执行结果为True
2020-07-28 18:27:39,021 - YW_GGQQ_YWFXJHA_GOU_122.py:48 - 买平（义务方平仓）：限价-验资（可用资金不足）（下单金额<费用&&可用资金<（费用-下单金额））
2020-07-28 18:27:39,546 - YW_GGQQ_YWFXJHA_GOU_122.py:77 - 执行结果为True
2020-07-28 18:28:48,600 - YW_GGQQ_YWFXJHA_GOU_123.py:48 - 买平（义务方平仓）：限价-验资（可用资金刚好）（下单金额<费用&&可用资金=（费用-下单金额））
2020-07-28 18:29:49,434 - YW_GGQQ_YWFXJHA_GOU_123.py:81 - 执行结果为False,,"用例超时"
2020-07-28 18:30:58,629 - YW_GGQQ_YWFXJHA_GOU_124.py:48 - 买平（义务方平仓）：限价-验资（可用资金<0且下单导致可用资金减少）
2020-07-28 18:30:59,156 - YW_GGQQ_YWFXJHA_GOU_124.py:77 - 执行结果为True
2020-07-28 18:32:08,302 - YW_GGQQ_YWFXJHA_GOU_125.py:48 - 买平（义务方平仓）：限价-验资（可用资金=0且下单导致可用资金减少）
2020-07-28 18:32:08,822 - YW_GGQQ_YWFXJHA_GOU_125.py:77 - 执行结果为True
2020-07-28 18:33:17,940 - YW_GGQQ_YWFXJHA_GOU_126.py:48 - 买平（义务方平仓）：限价-验资（可用资金<0且下单导致可用资金增加后仍为负数）
2020-07-28 18:33:18,460 - YW_GGQQ_YWFXJHA_GOU_126.py:77 - 执行结果为True
2020-07-28 18:34:27,759 - YW_GGQQ_YWFXJHA_GOU_127.py:48 - 买平（义务方平仓）：限价-验资（可用资金<=0且下单导致可用资金增加后变成正数）
2020-07-28 18:35:28,265 - YW_GGQQ_YWFXJHA_GOU_127.py:81 - 执行结果为False,,"用例超时"
2020-07-28 18:36:37,516 - YW_GGQQ_YWFXJHA_GOU_128.py:48 - 买平（义务方平仓）：限价-验券（持仓不足）（下单数量>可卖持仓）
2020-07-28 18:36:38,038 - YW_GGQQ_YWFXJHA_GOU_128.py:77 - 执行结果为True
2020-07-28 18:37:47,213 - YW_GGQQ_YWFXJHA_GOU_129.py:48 - 买平（义务方平仓）：限价-验券（持仓刚好）（下单数量=可卖持仓）
2020-07-28 18:38:48,409 - YW_GGQQ_YWFXJHA_GOU_129.py:81 - 执行结果为False,,"用例超时"
2020-07-28 18:39:57,672 - YW_GGQQ_YWFXJHA_GOU_168.py:48 - 卖开（义务方开仓）：FOK限价全成或撤销-验资（可用资金<=0）
2020-07-28 18:39:58,197 - YW_GGQQ_YWFXJHA_GOU_168.py:77 - 执行结果为True
2020-07-28 18:41:07,347 - YW_GGQQ_YWFXJHA_GOU_169.py:48 - 卖开（义务方开仓）：FOK限价全成或撤销-验资（可用资金不足）（可用资金=下单金额+费用-0.01）
2020-07-28 18:41:07,877 - YW_GGQQ_YWFXJHA_GOU_169.py:77 - 执行结果为True
2020-07-28 18:49:20,995 - YW_GGQQ_YWFXJHA_GOU_123.py:48 - 买平（义务方平仓）：限价-验资（可用资金刚好）（下单金额<费用&&可用资金=（费用-下单金额））
2020-07-28 18:50:22,165 - YW_GGQQ_YWFXJHA_GOU_123.py:81 - 执行结果为False,,"用例超时"
2020-07-28 19:13:29,627 - YW_GGQQ_YWFXJHA_GOU_123.py:48 - 买平（义务方平仓）：限价-验资（可用资金刚好）（下单金额<费用&&可用资金=（费用-下单金额））
2020-07-28 19:13:30,148 - YW_GGQQ_YWFXJHA_GOU_123.py:77 - 执行结果为True
2020-07-28 19:25:11,332 - YW_GGQQ_YWFXJHA_GOU_123.py:48 - 买平（义务方平仓）：限价-验资（可用资金刚好）（下单金额<费用&&可用资金=（费用-下单金额））
2020-07-28 19:26:12,444 - YW_GGQQ_YWFXJHA_GOU_123.py:81 - 执行结果为False,,"用例超时"
