2020-07-23 10:46:06,160 - YW_GEM_REGISTER_XGSG_SZSG_003.py:30 - 深圳新股申购--等于股票申购额度：16500股
2020-07-23 10:46:07,273 - YW_GEM_REGISTER_XGSG_SZSG_003.py:44 - 执行结果为True,,
2020-07-23 10:46:28,200 - YW_GEM_REGISTER_XGSG_SZSG_004.py:30 - 深圳新股申购--等于交易所规定最高申购数量：99,999,500股(改成99999000)
2020-07-23 10:46:29,296 - YW_GEM_REGISTER_XGSG_SZSG_004.py:44 - 执行结果为True,,
2020-07-23 10:46:36,474 - YW_GEM_REGISTER_XGSG_SZSG_005.py:30 - 深圳新股申购--价格条件：上海市价类型
2020-07-23 10:46:37,575 - YW_GEM_REGISTER_XGSG_SZSG_005.py:44 - 执行结果为True,,
2020-07-23 10:46:42,129 - YW_GEM_REGISTER_XGSG_SZSG_006.py:30 - 深圳新股申购--价格条件：深圳市价类型
2020-07-23 10:46:43,244 - YW_GEM_REGISTER_XGSG_SZSG_006.py:44 - 执行结果为True,,
2020-07-23 10:46:47,798 - YW_GEM_REGISTER_XGSG_SZSG_007.py:30 - 深圳新股申购--小于交易所规定最低额度：400股
2020-07-23 10:46:47,980 - BdtsDataCheck.py:655 - 报单的error_id与用例期望的不一致，期望和实际的error_id分别是11010123,11010412
2020-07-23 10:46:48,898 - YW_GEM_REGISTER_XGSG_SZSG_007.py:44 - 执行结果为False,报单推送,报单的error_id与用例期望的不一致
2020-07-23 10:49:09,418 - YW_GEM_REGISTER_XGSG_SZSG_008.py:30 - 深圳新股申购--大于股票申购额度：16000股
2020-07-23 10:49:09,626 - mainService.py:235 - 报单查询等待...,xtpID=901029373774141307
2020-07-23 10:49:09,828 - CancelOrderErrorDataCheck.py:17 - 错误，errorID与期望不一致，撤废返回的errID和期望errID分别是11000372,11100044
2020-07-23 10:49:10,522 - YW_GEM_REGISTER_XGSG_SZSG_008.py:44 - 执行结果为False,,撤废返回的errorID与期望不一致
2020-07-23 10:58:39,026 - YW_GEM_REGISTER_XGSG_SZSG_003.py:30 - 深圳新股申购--等于股票申购额度：16500股
2020-07-23 10:58:39,205 - BdtsDataCheck.py:287 - 期望状态和报单状态、提交状态不匹配，期望状态、报单状态、提交状态分别为未成交,XTP_ORDER_STATUS_REJECTED,XTP_ORDER_SUBMIT_STATUS_INSERT_REJECTED
2020-07-23 10:58:40,122 - YW_GEM_REGISTER_XGSG_SZSG_003.py:44 - 执行结果为False,报单查询,期望状态与报单状态不匹配
2020-07-23 11:01:24,419 - YW_GEM_REGISTER_XGSG_SZSG_008.py:30 - 深圳新股申购--大于股票申购额度：16000股
2020-07-23 11:01:25,525 - YW_GEM_REGISTER_XGSG_SZSG_008.py:44 - 执行结果为True,,
2020-07-23 11:02:17,297 - YW_GEM_REGISTER_XGSG_SZSG_003.py:30 - 深圳新股申购--等于股票申购额度：16500股
2020-07-23 11:02:18,400 - YW_GEM_REGISTER_XGSG_SZSG_003.py:44 - 执行结果为True,,
2020-07-23 11:02:53,581 - YW_GEM_REGISTER_XGSG_SZSG_010.py:30 - 深圳新股申购--大于交易所规定最高申购量：99,999,500股
2020-07-23 11:02:53,780 - mainService.py:235 - 报单查询等待...,xtpID=901029373774137299
2020-07-23 11:02:53,982 - CancelOrderErrorDataCheck.py:17 - 错误，errorID与期望不一致，撤废返回的errID和期望errID分别是11000107,11100044
2020-07-23 11:02:54,677 - YW_GEM_REGISTER_XGSG_SZSG_010.py:44 - 执行结果为False,,撤废返回的errorID与期望不一致
2020-07-23 11:04:24,771 - YW_GEM_REGISTER_XGSG_SZSG_011.py:30 - 深圳新股申购--非500的倍数
2020-07-23 11:04:24,950 - BdtsDataCheck.py:655 - 报单的error_id与用例期望的不一致，期望和实际的error_id分别是11010123,11010411
2020-07-23 11:04:25,867 - YW_GEM_REGISTER_XGSG_SZSG_011.py:44 - 执行结果为False,报单推送,报单的error_id与用例期望的不一致
2020-07-23 11:23:27,709 - YW_GEM_REGISTER_XGSG_SZSG_021.py:30 - 深圳新股申购--错误的市场
2020-07-23 11:23:28,813 - YW_GEM_REGISTER_XGSG_SZSG_021.py:44 - 执行结果为True,,
2020-07-23 11:23:45,987 - YW_GEM_REGISTER_XGSG_SZSG_022.py:30 - 深圳新股申购--错误的证券代码
2020-07-23 11:23:46,187 - mainService.py:235 - 报单查询等待...,xtpID=901029373774140306
2020-07-23 11:23:46,389 - CancelOrderErrorDataCheck.py:17 - 错误，errorID与期望不一致，撤废返回的errID和期望errID分别是11000370,11100044
2020-07-23 11:23:47,084 - YW_GEM_REGISTER_XGSG_SZSG_022.py:44 - 执行结果为False,,撤废返回的errorID与期望不一致
2020-07-23 11:26:26,882 - YW_GEM_REGISTER_XGSG_SZSG_022.py:30 - 深圳新股申购--错误的证券代码
2020-07-23 11:26:27,982 - YW_GEM_REGISTER_XGSG_SZSG_022.py:44 - 执行结果为True,,
2020-07-23 11:28:16,105 - YW_XGSG_SZSG_012.py:28 - 深圳新股申购--多次申购
2020-07-23 11:28:16,105 - YW_XGSG_SZSG_012.py:42 - 深圳新股申购--多次申购-第一次下单
2020-07-23 11:28:17,204 - YW_XGSG_SZSG_012.py:46 - 执行结果为True,,
2020-07-23 11:28:17,204 - YW_XGSG_SZSG_012.py:51 - 深圳新股申购--多次申购-第二次下单
2020-07-23 11:28:18,309 - YW_XGSG_SZSG_012.py:60 - 执行结果为True,,
2020-07-23 11:28:18,309 - YW_XGSG_SZSG_012.py:65 - 深圳新股申购--多次申购-第三次下单
2020-07-23 11:28:19,417 - YW_XGSG_SZSG_012.py:74 - 执行结果为True,,
2020-07-23 11:29:39,913 - YW_GEM_REGISTER_XGSG_SZSG_012.py:28 - 深圳新股申购--多次申购
2020-07-23 11:29:39,913 - YW_GEM_REGISTER_XGSG_SZSG_012.py:42 - 深圳新股申购--多次申购-第一次下单
2020-07-23 11:29:41,012 - YW_GEM_REGISTER_XGSG_SZSG_012.py:46 - 执行结果为True,,
2020-07-23 11:29:41,012 - YW_GEM_REGISTER_XGSG_SZSG_012.py:51 - 深圳新股申购--多次申购-第二次下单
2020-07-23 11:29:42,120 - YW_GEM_REGISTER_XGSG_SZSG_012.py:60 - 执行结果为True,,
2020-07-23 11:29:42,120 - YW_GEM_REGISTER_XGSG_SZSG_012.py:65 - 深圳新股申购--多次申购-第三次下单
2020-07-23 11:29:43,218 - YW_GEM_REGISTER_XGSG_SZSG_012.py:74 - 执行结果为True,,
2020-07-23 14:40:38,630 - YW_GEM_REGISTER_XGSG_SZSG_003.py:30 - 深圳新股申购--等于股票申购额度：15000股
2020-07-23 14:40:38,823 - BdtsDataCheck.py:287 - 期望状态和报单状态、提交状态不匹配，期望状态、报单状态、提交状态分别为未成交,XTP_ORDER_STATUS_REJECTED,XTP_ORDER_SUBMIT_STATUS_INSERT_REJECTED
2020-07-23 14:40:39,734 - YW_GEM_REGISTER_XGSG_SZSG_003.py:44 - 执行结果为False,报单查询,期望状态与报单状态不匹配
2020-07-23 14:40:39,734 - YW_GEM_REGISTER_XGSG_SZSG_004.py:30 - 深圳新股申购--等于交易所规定最高申购数量：99,999,500股(改成99999000)
2020-07-23 14:40:40,822 - YW_GEM_REGISTER_XGSG_SZSG_004.py:44 - 执行结果为True,,
2020-07-23 14:40:40,822 - YW_GEM_REGISTER_XGSG_SZSG_005.py:30 - 深圳新股申购--价格条件：上海市价类型
2020-07-23 14:40:41,968 - YW_GEM_REGISTER_XGSG_SZSG_005.py:44 - 执行结果为True,,
2020-07-23 14:40:41,969 - YW_GEM_REGISTER_XGSG_SZSG_006.py:30 - 深圳新股申购--价格条件：深圳市价类型
2020-07-23 14:40:43,053 - YW_GEM_REGISTER_XGSG_SZSG_006.py:44 - 执行结果为True,,
2020-07-23 14:40:43,070 - YW_GEM_REGISTER_XGSG_SZSG_007.py:30 - 深圳新股申购--小于交易所规定最低额度：400股
2020-07-23 14:40:44,158 - YW_GEM_REGISTER_XGSG_SZSG_007.py:44 - 执行结果为True,,
2020-07-23 14:40:44,174 - YW_GEM_REGISTER_XGSG_SZSG_008.py:30 - 深圳新股申购--大于股票申购额度：16000股
2020-07-23 14:40:45,264 - YW_GEM_REGISTER_XGSG_SZSG_008.py:44 - 执行结果为True,,
2020-07-23 14:40:45,280 - YW_GEM_REGISTER_XGSG_SZSG_011.py:30 - 深圳新股申购--非500的倍数
2020-07-23 14:40:46,366 - YW_GEM_REGISTER_XGSG_SZSG_011.py:44 - 执行结果为True,,
2020-07-23 14:40:46,382 - YW_GEM_REGISTER_XGSG_SZSG_021.py:30 - 深圳新股申购--错误的市场
2020-07-23 14:40:47,468 - YW_GEM_REGISTER_XGSG_SZSG_021.py:44 - 执行结果为True,,
2020-07-23 14:40:47,485 - YW_GEM_REGISTER_XGSG_SZSG_022.py:30 - 深圳新股申购--错误的证券代码
2020-07-23 14:40:48,586 - YW_GEM_REGISTER_XGSG_SZSG_022.py:44 - 执行结果为True,,
2020-07-23 14:40:48,587 - YW_GEM_REGISTER_XGSG_SZSG_012.py:28 - 深圳新股申购--多次申购
2020-07-23 14:40:48,587 - YW_GEM_REGISTER_XGSG_SZSG_012.py:42 - 深圳新股申购--多次申购-第一次下单
2020-07-23 14:40:48,760 - BdtsDataCheck.py:287 - 期望状态和报单状态、提交状态不匹配，期望状态、报单状态、提交状态分别为未成交,XTP_ORDER_STATUS_REJECTED,XTP_ORDER_SUBMIT_STATUS_INSERT_REJECTED
2020-07-23 14:40:49,672 - YW_GEM_REGISTER_XGSG_SZSG_012.py:46 - 执行结果为False,报单查询,期望状态与报单状态不匹配
2020-07-23 14:48:23,770 - YW_XGSG_SZSG_CYBGGQX_001.py:35 - 有买入核准制创业板股票的权限&无买入注册制创业板股票的权限-新股申购核准制创业板股票
2020-07-23 14:48:24,881 - YW_XGSG_SZSG_CYBGGQX_001.py:49 - 执行结果为True,,
2020-07-23 14:48:24,898 - YW_XGSG_SZSG_CYBGGQX_002.py:30 - 有买入核准制创业板股票的权限&无买入注册制创业板股票的权限-新股申购注册制创业板股票
2020-07-23 14:48:25,989 - YW_XGSG_SZSG_CYBGGQX_002.py:44 - 执行结果为True,,
2020-07-23 14:48:57,458 - YW_XGSG_SZSG_CYBGGQX_003.py:35 - 有买入注册制创业板股票的权限-新股申购核准制创业板股票
2020-07-23 14:48:58,556 - YW_XGSG_SZSG_CYBGGQX_003.py:49 - 执行结果为True,,
2020-07-23 14:48:58,557 - YW_XGSG_SZSG_CYBGGQX_004.py:30 - 有买入注册制创业板股票的权限-新股申购注册制创业板股票
2020-07-23 14:48:59,644 - YW_XGSG_SZSG_CYBGGQX_004.py:44 - 执行结果为True,,
2020-07-23 14:49:31,209 - YW_XGSG_SZSG_CYBGGQX_005.py:35 - 无买入创业板股票的权限-新股申购核准制创业板股票
2020-07-23 14:49:32,298 - YW_XGSG_SZSG_CYBGGQX_005.py:49 - 执行结果为True,,
2020-07-23 14:49:32,315 - YW_XGSG_SZSG_CYBGGQX_006.py:30 - 无买入创业板股票的权限-新股申购注册制创业板股票
2020-07-23 14:49:33,402 - YW_XGSG_SZSG_CYBGGQX_006.py:44 - 执行结果为True,,
2020-07-23 14:56:17,923 - YW_PG_SZPG_CYBGGQX_001.py:34 - 有买入核准制创业板股票的权限&无买入注册制创业板股票的权限-配股缴款核准制创业板股票
2020-07-23 14:56:21,034 - YW_PG_SZPG_CYBGGQX_001.py:48 - 执行结果为True,,
2020-07-23 14:56:21,051 - YW_PG_SZPG_CYBGGQX_002.py:29 - 有买入核准制创业板股票的权限&无买入注册制创业板股票的权限--配股缴款注册制创业板股票
2020-07-23 14:56:22,137 - YW_PG_SZPG_CYBGGQX_002.py:43 - 执行结果为True,,
2020-07-23 14:56:53,624 - YW_PG_SZPG_CYBGGQX_003.py:34 - 有买入注册制创业板股票的权限-配股缴款核准制创业板股票
2020-07-23 14:56:56,721 - YW_PG_SZPG_CYBGGQX_003.py:48 - 执行结果为True,,
2020-07-23 14:56:56,722 - YW_PG_SZPG_CYBGGQX_004.py:29 - 有买入注册制创业板股票的权限--配股缴款注册制创业板股票
2020-07-23 14:56:59,809 - YW_PG_SZPG_CYBGGQX_004.py:43 - 执行结果为True,,
2020-07-23 14:57:31,285 - YW_PG_SZPG_CYBGGQX_005.py:34 - 无买入创业板股票的权限-配股缴款核准制创业板股票
2020-07-23 14:57:32,370 - YW_PG_SZPG_CYBGGQX_005.py:48 - 执行结果为True,,
2020-07-23 14:57:32,386 - YW_PG_SZPG_CYBGGQX_006.py:29 - 无买入创业板股票的权限--配股缴款注册制创业板股票
2020-07-23 14:57:33,472 - YW_PG_SZPG_CYBGGQX_006.py:43 - 执行结果为True,,
2020-07-23 16:24:48,511 - YW_CYBMM_SZXJ_013.py:36 - 限价委托买-已成（费用=min）
2020-07-23 16:24:48,776 - BdtsDataCheck.py:287 - 期望状态和报单状态、提交状态不匹配，期望状态、报单状态、提交状态分别为全成,XTP_ORDER_STATUS_REJECTED,XTP_ORDER_SUBMIT_STATUS_INSERT_REJECTED
2020-07-23 16:24:49,640 - YW_CYBMM_SZXJ_013.py:63 - 执行结果为False,报单查询,期望状态与报单状态不匹配
2020-07-23 16:24:49,640 - YW_CYBMM_SZXJ_014.py:36 - 限价委托买-已成（费用<min）
2020-07-23 16:24:50,759 - YW_CYBMM_SZXJ_014.py:63 - 执行结果为True,,
2020-07-23 16:24:50,760 - YW_CYBMM_SZXJ_015.py:36 - 限价委托买-买前有持仓
2020-07-23 16:24:51,876 - YW_CYBMM_SZXJ_015.py:63 - 执行结果为True,,
2020-07-23 16:24:51,877 - YW_CYBMM_SZXJ_010.py:36 - 限价委托买-订单确认
2020-07-23 16:24:55,144 - YW_CYBMM_SZXJ_010.py:63 - 执行结果为True,,
2020-07-23 16:24:55,145 - YW_CYBMM_SZXJ_011.py:36 - 限价委托买-部成
2020-07-23 16:24:55,552 - BdtsDataCheck.py:287 - 期望状态和报单状态、提交状态不匹配，期望状态、报单状态、提交状态分别为部成,XTP_ORDER_STATUS_REJECTED,XTP_ORDER_SUBMIT_STATUS_INSERT_REJECTED
2020-07-23 16:24:56,395 - YW_CYBMM_SZXJ_011.py:63 - 执行结果为False,报单查询,期望状态与报单状态不匹配
2020-07-23 16:24:56,397 - YW_CYBMM_SZXJ_020.py:36 - 限价委托买-部成撤单 
2020-07-23 16:24:58,811 - mainService.py:235 - 报单查询等待...,xtpID=901029373774136302
2020-07-23 16:24:59,653 - YW_CYBMM_SZXJ_020.py:63 - 执行结果为True,,
2020-07-23 16:24:59,653 - YW_CYBMM_SZXJ_022.py:36 - 限价委托买-全部撤单
2020-07-23 16:25:01,964 - mainService.py:235 - 报单查询等待...,xtpID=901029373774136304
2020-07-23 16:25:02,904 - YW_CYBMM_SZXJ_022.py:63 - 执行结果为True,,
2020-07-23 16:25:02,921 - YW_CYBMM_SZXJ_023.py:36 - 限价委托买-全成再撤单（OMS）
2020-07-23 16:25:05,259 - YW_CYBMM_SZXJ_023.py:63 - 执行结果为True,,
2020-07-23 16:25:05,276 - YW_CYBMM_SZXJ_025.py:36 - 限价委托买-部撤再撤单（OMS）
2020-07-23 16:25:07,692 - mainService.py:235 - 报单查询等待...,xtpID=901029373774136308
2020-07-23 16:25:08,536 - YW_CYBMM_SZXJ_025.py:63 - 执行结果为True,,
2020-07-23 16:25:08,552 - YW_CYBMM_SZXJ_026.py:36 - 限价委托买-全撤再撤单（OMS）
2020-07-23 16:25:10,866 - mainService.py:235 - 报单查询等待...,xtpID=901029373774136311
2020-07-23 16:25:11,810 - YW_CYBMM_SZXJ_026.py:63 - 执行结果为True,,
2020-07-23 16:25:11,826 - YW_CYBMM_SZXJ_033.py:36 - 默认3：订单报价超过涨跌幅限制-深A限价买>涨停价（涨停价+0.02）
2020-07-23 16:25:12,233 - BdtsDataCheck.py:655 - 报单的error_id与用例期望的不一致，期望和实际的error_id分别是11010122,11000562
2020-07-23 16:25:13,074 - YW_CYBMM_SZXJ_033.py:63 - 执行结果为False,报单推送,报单的error_id与用例期望的不一致
2020-07-23 16:25:13,075 - YW_CYBMM_SZXJ_034.py:36 - 默认3：订单报价未超过涨跌幅限制-深A限价买=涨停价
2020-07-23 16:25:16,341 - YW_CYBMM_SZXJ_034.py:63 - 执行结果为True,,
2020-07-23 16:25:16,358 - YW_CYBMM_SZXJ_035.py:36 - 默认3：订单报价超过涨跌幅限制-深A限价买><跌停价（跌停价-0.02）
2020-07-23 16:25:17,477 - YW_CYBMM_SZXJ_035.py:63 - 执行结果为True,,
2020-07-23 16:25:17,478 - YW_CYBMM_SZXJ_036.py:36 - 默认3：订单报价未超过涨跌幅限制-深A限价买=跌停价
2020-07-23 16:25:20,736 - YW_CYBMM_SZXJ_036.py:63 - 执行结果为True,,
2020-07-23 16:25:20,752 - YW_CYBMM_SZXJ_039.py:35 - 深圳Ａ股股票交易日限价委托买-不存在的证券代码
2020-07-23 16:25:21,842 - YW_CYBMM_SZXJ_039.py:50 - 执行结果为True,,
2020-07-23 16:25:21,868 - YW_CYBMM_SZXJ_040.py:36 - 深圳Ａ股股票交易日限价委托买-错误的市场
2020-07-23 16:25:23,128 - YW_CYBMM_SZXJ_040.py:63 - 执行结果为True,,
2020-07-23 16:25:23,145 - YW_CYBMM_SZXJ_041.py:36 - 深圳Ａ股股票交易日限价委托买-错误的价格（价格<0）
2020-07-23 16:25:23,398 - YW_CYBMM_SZXJ_041.py:63 - 执行结果为True,,
2020-07-23 16:25:23,415 - YW_CYBMM_SZXJ_042.py:36 - 交易日限价委托买-错误的价格（价格=0）
2020-07-23 16:25:24,680 - YW_CYBMM_SZXJ_042.py:63 - 执行结果为True,,
2020-07-23 16:25:24,697 - YW_CYBMM_SZXJ_043.py:36 - 深圳Ａ股股票交易日限价委托买-错误的价格（价格巨大）
2020-07-23 16:25:25,955 - YW_CYBMM_SZXJ_043.py:63 - 执行结果为True,,
2020-07-23 16:25:25,971 - YW_CYBMM_SZXJ_044.py:36 - 深圳Ａ股股票交易日限价委托买-错误的数量（数量<0）
2020-07-23 16:25:26,242 - YW_CYBMM_SZXJ_044.py:63 - 执行结果为True,,
2020-07-23 16:25:26,258 - YW_CYBMM_SZXJ_045.py:36 - 深圳Ａ股股票交易日限价委托买-错误的数量（数量=0）
2020-07-23 16:25:27,514 - YW_CYBMM_SZXJ_045.py:63 - 执行结果为True,,
2020-07-23 16:25:27,530 - YW_CYBMM_SZXJ_046.py:36 - 深圳Ａ股股票交易日限价委托买-错误的数量（数量>200万）
2020-07-23 16:25:28,782 - YW_CYBMM_SZXJ_046.py:63 - 执行结果为True,,
2020-07-23 16:25:28,798 - YW_CYBMM_SZXJ_047.py:36 - 深圳Ａ股股票交易日限价委托买-错误的价格条件
2020-07-23 16:25:30,052 - YW_CYBMM_SZXJ_047.py:63 - 执行结果为True,,
2020-07-23 16:25:30,069 - YW_CYBMM_SZXJ_048.py:36 - 深圳Ａ股股票交易日限价委托买-数量溢出（200亿）
2020-07-23 16:25:31,331 - YW_CYBMM_SZXJ_048.py:63 - 执行结果为True,,
2020-07-23 16:25:31,331 - YW_CYBMM_SZXJ_049.py:36 - 深圳Ａ股股票交易日限价委托买-金额溢出（总金额>20亿）
2020-07-23 16:25:31,601 - BdtsDataCheck.py:287 - 期望状态和报单状态、提交状态不匹配，期望状态、报单状态、提交状态分别为全成,XTP_ORDER_STATUS_REJECTED,XTP_ORDER_SUBMIT_STATUS_INSERT_REJECTED
2020-07-23 16:25:32,453 - YW_CYBMM_SZXJ_049.py:63 - 执行结果为False,报单查询,期望状态与报单状态不匹配
2020-07-23 16:25:32,454 - YW_CYBMM_SZXJ_059.py:36 - 限价委托卖-订单确认
2020-07-23 16:25:35,711 - YW_CYBMM_SZXJ_059.py:63 - 执行结果为True,,
2020-07-23 16:25:35,711 - YW_CYBMM_SZXJ_060.py:36 - 限价委托卖-部成
2020-07-23 16:25:38,980 - YW_CYBMM_SZXJ_060.py:63 - 执行结果为True,,
2020-07-23 16:25:38,981 - YW_CYBMM_SZXJ_061.py:36 - 限价委托卖-已成（费用>min）
2020-07-23 16:25:40,227 - YW_CYBMM_SZXJ_061.py:63 - 执行结果为True,,
2020-07-23 16:25:40,228 - YW_CYBMM_SZXJ_062.py:36 - 限价委托卖-已成（费用=min）
2020-07-23 16:25:41,447 - YW_CYBMM_SZXJ_062.py:63 - 执行结果为True,,
2020-07-23 16:25:41,448 - YW_CYBMM_SZXJ_063.py:36 - 限价委托卖-已成（费用<min）
2020-07-23 16:25:42,678 - YW_CYBMM_SZXJ_063.py:63 - 执行结果为True,,
2020-07-23 16:25:42,679 - YW_CYBMM_SZXJ_068.py:36 - 限价委托卖-部成撤单 
2020-07-23 16:25:45,114 - mainService.py:235 - 报单查询等待...,xtpID=901029373774136332
2020-07-23 16:25:45,958 - YW_CYBMM_SZXJ_068.py:63 - 执行结果为True,,
2020-07-23 16:25:45,958 - YW_CYBMM_SZXJ_069.py:36 - 限价委托卖-全部撤单
2020-07-23 16:25:48,280 - mainService.py:235 - 报单查询等待...,xtpID=901029373774136334
2020-07-23 16:25:49,222 - YW_CYBMM_SZXJ_069.py:63 - 执行结果为True,,
2020-07-23 16:25:49,245 - YW_CYBMM_SZXJ_071.py:36 - 限价委托卖-全成再撤单（OMS）
2020-07-23 16:25:51,539 - YW_CYBMM_SZXJ_071.py:63 - 执行结果为True,,
2020-07-23 16:25:51,555 - YW_CYBMM_SZXJ_073.py:36 - 限价委托卖-部撤再撤单（OMS）
2020-07-23 16:25:53,980 - mainService.py:235 - 报单查询等待...,xtpID=901029373774136338
2020-07-23 16:25:54,817 - YW_CYBMM_SZXJ_073.py:63 - 执行结果为True,,
2020-07-23 16:25:54,833 - YW_CYBMM_SZXJ_074.py:36 - 限价委托卖-全撤再撤单（OMS）
2020-07-23 16:25:57,161 - mainService.py:235 - 报单查询等待...,xtpID=901029373774136341
2020-07-23 16:25:58,101 - YW_CYBMM_SZXJ_074.py:63 - 执行结果为True,,
2020-07-23 16:25:58,117 - YW_CYBMM_SZXJ_081.py:36 - 深A限价卖（卖出数量=可用股份数+100）
2020-07-23 16:25:59,372 - YW_CYBMM_SZXJ_081.py:63 - 执行结果为True,,
2020-07-23 16:25:59,372 - YW_CYBMM_SZXJ_082.py:36 - 深A限价卖（卖出数量=可用股份数）
2020-07-23 16:26:02,593 - YW_CYBMM_SZXJ_082.py:63 - 执行结果为True,,
2020-07-23 16:26:02,609 - YW_CYBMM_SZXJ_083.py:36 - 默认3：订单报价超过涨跌幅限制-深A限价卖>涨停价（涨停价+0.02）
2020-07-23 16:26:03,857 - YW_CYBMM_SZXJ_083.py:63 - 执行结果为True,,
2020-07-23 16:26:03,857 - YW_CYBMM_SZXJ_084.py:36 - 默认3：订单报价超过涨跌幅限制-深A限价卖=涨停价
2020-07-23 16:26:07,104 - YW_CYBMM_SZXJ_084.py:63 - 执行结果为True,,
2020-07-23 16:26:07,120 - YW_CYBMM_SZXJ_085.py:36 - 默认3：订单报价超过涨跌幅限制-深A限价卖><跌停价（跌停价-0.02）
2020-07-23 16:26:08,238 - YW_CYBMM_SZXJ_085.py:63 - 执行结果为True,,
2020-07-23 16:26:08,239 - YW_CYBMM_SZXJ_086.py:36 - 默认3：订单报价未超过涨跌幅限制-深A限价卖=跌停价
2020-07-23 16:26:11,515 - YW_CYBMM_SZXJ_086.py:63 - 执行结果为True,,
2020-07-23 16:26:11,532 - YW_CYBMM_SZXJ_090.py:35 - 深圳Ａ股股票交易日限价委托卖-不存在的证券代码
2020-07-23 16:26:12,618 - YW_CYBMM_SZXJ_090.py:50 - 执行结果为True,,
2020-07-23 16:26:12,634 - YW_CYBMM_SZXJ_091.py:36 - 深圳Ａ股股票交易日限价委托卖-错误的市场
2020-07-23 16:26:13,899 - YW_CYBMM_SZXJ_091.py:63 - 执行结果为True,,
2020-07-23 16:26:13,916 - YW_CYBMM_SZXJ_092.py:36 - 深圳Ａ股股票交易日限价委托卖-错误的价格（价格<0）
2020-07-23 16:26:14,165 - YW_CYBMM_SZXJ_092.py:63 - 执行结果为True,,
2020-07-23 16:26:14,181 - YW_CYBMM_SZXJ_093.py:36 - 交易日限价委托卖-错误的价格（价格=0）
2020-07-23 16:26:15,448 - YW_CYBMM_SZXJ_093.py:63 - 执行结果为True,,
2020-07-23 16:26:15,464 - YW_CYBMM_SZXJ_094.py:36 - 深圳Ａ股股票交易日限价委托卖-错误的价格（价格巨大）
2020-07-23 16:26:16,711 - YW_CYBMM_SZXJ_094.py:63 - 执行结果为True,,
2020-07-23 16:26:16,727 - YW_CYBMM_SZXJ_095.py:36 - 深圳Ａ股股票交易日限价委托卖-错误的数量（数量<0）
2020-07-23 16:26:16,976 - YW_CYBMM_SZXJ_095.py:63 - 执行结果为True,,
2020-07-23 16:26:16,992 - YW_CYBMM_SZXJ_096.py:36 - 深圳Ａ股股票交易日限价委托卖-错误的数量（数量=0）
2020-07-23 16:26:18,270 - YW_CYBMM_SZXJ_096.py:63 - 执行结果为True,,
2020-07-23 16:26:18,287 - YW_CYBMM_SZXJ_097.py:36 - 深圳Ａ股股票交易日限价委托卖-错误的数量（数量>200万）
2020-07-23 16:26:19,546 - YW_CYBMM_SZXJ_097.py:63 - 执行结果为True,,
2020-07-23 16:26:19,563 - YW_CYBMM_SZXJ_098.py:36 - 深圳Ａ股股票交易日限价委托卖-错误的买卖方向
2020-07-23 16:26:20,809 - YW_CYBMM_SZXJ_098.py:63 - 执行结果为True,,
2020-07-23 16:26:20,826 - YW_CYBMM_SZXJ_099.py:36 - 深圳Ａ股股票交易日限价委托卖-数量溢出（200亿）
2020-07-23 16:26:22,079 - YW_CYBMM_SZXJ_099.py:63 - 执行结果为True,,
2020-07-23 16:26:22,079 - YW_CYBMM_SZXJ_100.py:36 - 深圳Ａ股股票交易日限价委托卖-金额溢出（总金额>20亿）
2020-07-23 16:26:22,470 - BdtsDataCheck.py:287 - 期望状态和报单状态、提交状态不匹配，期望状态、报单状态、提交状态分别为全成,XTP_ORDER_STATUS_REJECTED,XTP_ORDER_SUBMIT_STATUS_INSERT_REJECTED
2020-07-23 16:26:23,328 - YW_CYBMM_SZXJ_100.py:63 - 执行结果为False,报单查询,期望状态与报单状态不匹配
2020-07-23 16:26:23,344 - YW_CYBMM_SZXJ_101.py:36 - 交易日限价委托卖-非最后一次卖为非200的倍数
2020-07-23 16:26:24,567 - YW_CYBMM_SZXJ_101.py:63 - 执行结果为True,,
2020-07-23 16:26:24,567 - YW_CYBMM_SZXJ_102.py:36 - 交易日限价委托卖-最后一次卖为非200的倍数
2020-07-23 16:26:25,798 - YW_CYBMM_SZXJ_102.py:63 - 执行结果为True,,
2020-07-23 16:26:25,798 - YW_CYBMM_SZXJ_103.py:36 - 交易日限价委托卖-先卖零头股再卖整数股
2020-07-23 16:26:27,023 - YW_CYBMM_SZXJ_103.py:63 - 执行结果为True,,
2020-07-23 16:26:27,023 - YW_CYBMM_SZXJ_103_2.py:36 - 交易日限价委托卖-先卖零头股再卖整数股
2020-07-23 16:26:28,259 - YW_CYBMM_SZXJ_103_2.py:63 - 执行结果为True,,
2020-07-23 16:26:28,259 - YW_CYBMM_SZXJ_104.py:36 - 交易日限价委托卖-先卖整数股再卖零头股
2020-07-23 16:26:29,517 - YW_CYBMM_SZXJ_104.py:63 - 执行结果为True,,
2020-07-23 16:26:29,517 - YW_CYBMM_SZXJ_104_2.py:36 - 交易日限价委托卖-先卖整数股再卖零头股
2020-07-23 16:26:30,742 - YW_CYBMM_SZXJ_104_2.py:63 - 执行结果为True,,
2020-07-23 16:26:30,743 - YW_CYBMM_SZXJ_105.py:36 - 交易日限价委托卖-先卖含零头股的部分再卖整数股
2020-07-23 16:26:31,994 - YW_CYBMM_SZXJ_105.py:63 - 执行结果为True,,
2020-07-23 16:26:31,995 - YW_CYBMM_SZXJ_105_2.py:36 - 交易日限价委托卖-先卖含零头股的部分再卖整数股
2020-07-23 16:26:33,220 - YW_CYBMM_SZXJ_105_2.py:63 - 执行结果为True,,
2020-07-23 16:26:33,221 - YW_CYBMM_SZXJ_106.py:36 - 交易日限价委托卖-先卖整数股再卖含零头股的部分
2020-07-23 16:26:34,440 - YW_CYBMM_SZXJ_106.py:63 - 执行结果为True,,
2020-07-23 16:26:34,441 - YW_CYBMM_SZXJ_106_2.py:36 - 交易日限价委托卖-先卖整数股再卖含零头股的部分
2020-07-23 16:26:35,686 - YW_CYBMM_SZXJ_106_2.py:63 - 执行结果为True,,
2020-07-23 16:26:35,687 - YW_CYBMM_SZXJ_107.py:36 - 交易日限价委托-T+0卖→T+0买
2020-07-23 16:26:36,907 - YW_CYBMM_SZXJ_107.py:63 - 执行结果为True,,
2020-07-23 16:26:36,907 - YW_CYBMM_SZXJ_107_2.py:36 - 交易日限价委托-T+0卖→T+0买
2020-07-23 16:26:38,027 - YW_CYBMM_SZXJ_107_2.py:63 - 执行结果为True,,
2020-07-23 16:26:38,028 - YW_CYBMM_SZXJ_108.py:36 - 交易日限价委托-T+0买→T+0卖（未持有证券代码）
2020-07-23 16:26:39,144 - YW_CYBMM_SZXJ_108.py:63 - 执行结果为True,,
2020-07-23 16:26:39,161 - YW_CYBMM_SZXJ_108_2.py:36 - 交易日限价委托-T+0买→T+0卖（未持有证券代码）
2020-07-23 16:26:40,281 - YW_CYBMM_SZXJ_108_2.py:63 - 执行结果为True,,
2020-07-23 16:26:40,281 - YW_CYBMM_SZXJ_109.py:36 - 交易日限价委托-T+0买→T+0卖失败（已持有证券代码）
2020-07-23 16:26:41,399 - YW_CYBMM_SZXJ_109.py:63 - 执行结果为True,,
2020-07-23 16:26:41,415 - YW_CYBMM_SZXJ_109_2.py:36 - 交易日限价委托-T+0买→T+0卖失败（已持有证券代码）
2020-07-23 16:26:42,647 - YW_CYBMM_SZXJ_109_2.py:63 - 执行结果为True,,
2020-07-23 16:26:42,647 - YW_CYBMM_SZXJ_110.py:36 - 交易日限价委托-T+0买→T+0卖（已持有证券代码）
2020-07-23 16:26:43,766 - YW_CYBMM_SZXJ_110.py:63 - 执行结果为True,,
2020-07-23 16:26:43,766 - YW_CYBMM_SZXJ_110_2.py:36 - 交易日限价委托-T+0买→T+0卖（已持有证券代码）
2020-07-23 16:26:44,986 - YW_CYBMM_SZXJ_110_2.py:63 - 执行结果为True,,
2020-07-23 16:26:47,964 - YW_CYBMM_SZSJ_005.py:36 - 即成剩撤买--已成（费用=min）
2020-07-23 16:26:49,085 - YW_CYBMM_SZSJ_005.py:63 - 执行结果为True,,
2020-07-23 16:26:49,086 - YW_CYBMM_SZSJ_006.py:36 - 即成剩撤买--已成（费用<min）
2020-07-23 16:26:50,204 - YW_CYBMM_SZSJ_006.py:63 - 执行结果为True,,
2020-07-23 16:26:50,205 - YW_CYBMM_SZSJ_007.py:36 - 即成剩撤买-买前有持仓
2020-07-23 16:26:51,324 - YW_CYBMM_SZSJ_007.py:63 - 执行结果为True,,
2020-07-23 16:26:51,341 - YW_CYBMM_SZSJ_021.py:36 - 深圳Ａ股股票交易日即成剩撤买——错误的价格(价格<0)
2020-07-23 16:26:51,596 - YW_CYBMM_SZSJ_021.py:63 - 执行结果为True,,
2020-07-23 16:26:51,613 - YW_CYBMM_SZSJ_023.py:36 - 深圳Ａ股股票交易日即成剩撤买——错误的数量(数量<0)
2020-07-23 16:26:51,863 - YW_CYBMM_SZSJ_023.py:63 - 执行结果为True,,
2020-07-23 16:26:51,880 - YW_CYBMM_SZSJ_056.py:36 - 深圳Ａ股股票交易日即成剩撤卖——错误的价格(价格<0)
2020-07-23 16:26:52,149 - YW_CYBMM_SZSJ_056.py:63 - 执行结果为True,,
2020-07-23 16:26:52,165 - YW_CYBMM_SZSJ_058.py:36 - 深圳Ａ股股票交易日即成剩撤卖——错误的数量(数量<0)
2020-07-23 16:26:52,426 - YW_CYBMM_SZSJ_058.py:63 - 执行结果为True,,
2020-07-23 16:26:52,426 - YW_CYBMM_SZSJ_022.py:36 - 深圳Ａ股股票交易日即成剩撤买——错误的价格(价格10亿)
2020-07-23 16:26:52,829 - BdtsDataCheck.py:287 - 期望状态和报单状态、提交状态不匹配，期望状态、报单状态、提交状态分别为全成,XTP_ORDER_STATUS_REJECTED,XTP_ORDER_SUBMIT_STATUS_INSERT_REJECTED
2020-07-23 16:26:53,690 - YW_CYBMM_SZSJ_022.py:63 - 执行结果为False,报单查询,期望状态与报单状态不匹配
2020-07-23 16:26:53,707 - YW_CYBMM_SZSJ_097.py:36 - 深圳Ａ股股票交易日五档即成转撤销买——错误的价格(价格<0)
2020-07-23 16:26:53,953 - YW_CYBMM_SZSJ_097.py:63 - 执行结果为True,,
2020-07-23 16:26:53,969 - YW_CYBMM_SZSJ_099.py:36 - 深圳Ａ股股票交易日五档即成转撤销买——错误的数量(数量<0)
2020-07-23 16:26:54,224 - YW_CYBMM_SZSJ_099.py:63 - 执行结果为True,,
2020-07-23 16:26:54,240 - YW_CYBMM_SZSJ_132.py:36 - 深圳Ａ股股票交易日五档即成转撤销卖——错误的价格(价格<0)
2020-07-23 16:26:54,491 - YW_CYBMM_SZSJ_132.py:63 - 执行结果为True,,
2020-07-23 16:26:54,507 - YW_CYBMM_SZSJ_134.py:36 - 深圳Ａ股股票交易日五档即成转撤销卖——错误的数量(数量<0)
2020-07-23 16:26:54,795 - YW_CYBMM_SZSJ_134.py:63 - 执行结果为True,,
2020-07-23 16:26:54,812 - YW_CYBMM_SZSJ_171.py:36 - 深圳Ａ股股票交易日全部成交或撤销买——错误的价格(价格<0)
2020-07-23 16:26:55,059 - YW_CYBMM_SZSJ_171.py:63 - 执行结果为True,,
2020-07-23 16:26:55,059 - YW_CYBMM_SZSJ_028.py:36 - 深圳Ａ股股票交易日即成剩撤买——金额溢出（总金额>20亿）
2020-07-23 16:26:55,325 - BdtsDataCheck.py:287 - 期望状态和报单状态、提交状态不匹配，期望状态、报单状态、提交状态分别为全成,XTP_ORDER_STATUS_REJECTED,XTP_ORDER_SUBMIT_STATUS_INSERT_REJECTED
2020-07-23 16:26:56,183 - YW_CYBMM_SZSJ_028.py:63 - 执行结果为False,报单查询,期望状态与报单状态不匹配
2020-07-23 16:26:56,184 - YW_CYBMM_SZSJ_036.py:36 - 即成剩撤卖--已成（费用>min）
2020-07-23 16:26:57,411 - YW_CYBMM_SZSJ_036.py:63 - 执行结果为True,,
2020-07-23 16:26:57,412 - YW_CYBMM_SZSJ_037.py:36 - 即成剩撤卖--已成（费用=min）
2020-07-23 16:26:58,649 - YW_CYBMM_SZSJ_037.py:63 - 执行结果为True,,
2020-07-23 16:26:58,649 - YW_CYBMM_SZSJ_038.py:36 - 即成剩撤卖--已成（费用<min）
2020-07-23 16:26:59,887 - YW_CYBMM_SZSJ_038.py:63 - 执行结果为True,,
2020-07-23 16:26:59,888 - YW_CYBMM_SZSJ_052.py:36 - 深A即成剩撤卖（卖出数量=可用股份数）
2020-07-23 16:27:01,130 - YW_CYBMM_SZSJ_052.py:63 - 执行结果为True,,
2020-07-23 16:27:01,147 - YW_CYBMM_SZSJ_173.py:36 - 深圳Ａ股股票交易日全部成交或撤销买——错误的数量(数量<0)
2020-07-23 16:27:01,393 - YW_CYBMM_SZSJ_173.py:63 - 执行结果为True,,
2020-07-23 16:27:01,410 - YW_CYBMM_SZSJ_204.py:36 - 深圳Ａ股股票交易日全部成交或撤销卖——错误的价格(价格<0)
2020-07-23 16:27:01,686 - YW_CYBMM_SZSJ_204.py:63 - 执行结果为True,,
2020-07-23 16:27:01,702 - YW_CYBMM_SZSJ_206.py:36 - 深圳Ａ股股票交易日全部成交或撤销卖——错误的数量(数量<0)
2020-07-23 16:27:01,959 - YW_CYBMM_SZSJ_206.py:63 - 执行结果为True,,
2020-07-23 16:27:01,975 - YW_CYBMM_SZSJ_250.py:36 - 深圳Ａ股股票交易日本方最优买——错误的价格(价格<0)
2020-07-23 16:27:02,234 - YW_CYBMM_SZSJ_250.py:63 - 执行结果为True,,
2020-07-23 16:27:02,250 - YW_CYBMM_SZSJ_252.py:36 - 深圳Ａ股股票交易日本方最优买——错误的数量(数量<0)
2020-07-23 16:27:02,514 - YW_CYBMM_SZSJ_252.py:63 - 执行结果为True,,
2020-07-23 16:27:02,531 - YW_CYBMM_SZSJ_290.py:36 - 深圳Ａ股股票交易日本方最优卖——错误的价格(价格<0)
2020-07-23 16:27:02,786 - YW_CYBMM_SZSJ_290.py:63 - 执行结果为True,,
2020-07-23 16:27:02,802 - YW_CYBMM_SZSJ_292.py:36 - 深圳Ａ股股票交易日本方最优卖——错误的数量(数量<0)
2020-07-23 16:27:03,051 - YW_CYBMM_SZSJ_292.py:63 - 执行结果为True,,
2020-07-23 16:27:03,069 - YW_CYBMM_SZSJ_335.py:36 - 深圳Ａ股股票交易日对方最优转限价买——错误的价格(价格<0)
2020-07-23 16:27:03,340 - YW_CYBMM_SZSJ_335.py:63 - 执行结果为True,,
2020-07-23 16:27:03,357 - YW_CYBMM_SZSJ_337.py:36 - 深圳Ａ股股票交易日对方最优转限价买——错误的数量(数量<0)
2020-07-23 16:27:03,639 - YW_CYBMM_SZSJ_337.py:63 - 执行结果为True,,
2020-07-23 16:27:03,640 - YW_CYBMM_SZSJ_063.py:36 - 深圳Ａ股股票交易日即成剩撤卖——金额溢出（总金额>10亿）
2020-07-23 16:27:04,025 - BdtsDataCheck.py:287 - 期望状态和报单状态、提交状态不匹配，期望状态、报单状态、提交状态分别为全成,XTP_ORDER_STATUS_REJECTED,XTP_ORDER_SUBMIT_STATUS_INSERT_REJECTED
2020-07-23 16:27:04,886 - YW_CYBMM_SZSJ_063.py:63 - 执行结果为False,报单查询,期望状态与报单状态不匹配
2020-07-23 16:27:04,903 - YW_CYBMM_SZSJ_374.py:36 - 深圳Ａ股股票交易日对方最优转限价卖——错误的价格(价格<0)
2020-07-23 16:27:05,155 - YW_CYBMM_SZSJ_374.py:63 - 执行结果为True,,
2020-07-23 16:27:05,155 - YW_CYBMM_SZSJ_068.py:36 - 交易日即成剩撤卖-最后一次卖为非100的倍数
2020-07-23 16:27:06,377 - YW_CYBMM_SZSJ_068.py:63 - 执行结果为True,,
2020-07-23 16:27:06,377 - YW_CYBMM_SZSJ_069.py:36 - 交易日即成剩撤卖-先卖零头股再卖整数股
2020-07-23 16:27:07,603 - YW_CYBMM_SZSJ_069.py:63 - 执行结果为True,,
2020-07-23 16:27:07,603 - YW_CYBMM_SZSJ_069_1.py:36 - 交易日即成剩撤卖-先卖零头股再卖整数股
2020-07-23 16:27:08,821 - YW_CYBMM_SZSJ_069_1.py:63 - 执行结果为True,,
2020-07-23 16:27:08,822 - YW_CYBMM_SZSJ_070.py:36 - 交易日即成剩撤卖-先卖整数股再卖零头股
2020-07-23 16:27:10,048 - YW_CYBMM_SZSJ_070.py:63 - 执行结果为True,,
2020-07-23 16:27:10,049 - YW_CYBMM_SZSJ_070_1.py:36 - 交易日即成剩撤卖-先卖整数股再卖零头股
2020-07-23 16:27:11,285 - YW_CYBMM_SZSJ_070_1.py:63 - 执行结果为True,,
2020-07-23 16:27:11,285 - YW_CYBMM_SZSJ_071.py:36 - 交易日即成剩撤卖-先卖含零头股的部分再卖整数股
2020-07-23 16:27:12,540 - YW_CYBMM_SZSJ_071.py:63 - 执行结果为True,,
2020-07-23 16:27:12,541 - YW_CYBMM_SZSJ_071_1.py:36 - 交易日即成剩撤卖-先卖含零头股的部分再卖整数股
2020-07-23 16:27:13,760 - YW_CYBMM_SZSJ_071_1.py:63 - 执行结果为True,,
2020-07-23 16:27:13,761 - YW_CYBMM_SZSJ_072.py:36 - 交易日即成剩撤卖-先卖整数股再卖含零头股的部分
2020-07-23 16:27:14,986 - YW_CYBMM_SZSJ_072.py:63 - 执行结果为True,,
2020-07-23 16:27:14,987 - YW_CYBMM_SZSJ_072_1.py:36 - 交易日即成剩撤卖-先卖整数股再卖含零头股的部分
2020-07-23 16:27:16,209 - YW_CYBMM_SZSJ_072_1.py:63 - 执行结果为True,,
2020-07-23 16:27:16,210 - YW_CYBMM_SZSJ_073.py:36 - 交易日即成剩撤-T+0卖→T+0买
2020-07-23 16:27:17,454 - YW_CYBMM_SZSJ_073.py:63 - 执行结果为True,,
2020-07-23 16:27:17,454 - YW_CYBMM_SZSJ_073_1.py:36 - 交易日即成剩撤-T+0卖→T+0买
2020-07-23 16:27:18,594 - YW_CYBMM_SZSJ_073_1.py:63 - 执行结果为True,,
2020-07-23 16:27:18,595 - YW_CYBMM_SZSJ_074.py:36 - 交易日即成剩撤-T+0买→T+0卖（未持有证券代码）
2020-07-23 16:27:19,718 - YW_CYBMM_SZSJ_074.py:63 - 执行结果为True,,
2020-07-23 16:27:19,735 - YW_CYBMM_SZSJ_074_1.py:36 - 交易日即成剩撤-T+0买→T+0卖（未持有证券代码）
2020-07-23 16:27:20,885 - YW_CYBMM_SZSJ_074_1.py:63 - 执行结果为True,,
2020-07-23 16:27:20,885 - YW_CYBMM_SZSJ_075.py:36 - 交易日即成剩撤-T+0买→T+0卖失败（已持有证券代码）
2020-07-23 16:27:22,008 - YW_CYBMM_SZSJ_075.py:63 - 执行结果为True,,
2020-07-23 16:27:22,024 - YW_CYBMM_SZSJ_075_1.py:36 - 交易日即成剩撤-T+0买→T+0卖失败（已持有证券代码）
2020-07-23 16:27:23,242 - YW_CYBMM_SZSJ_075_1.py:63 - 执行结果为True,,
2020-07-23 16:27:23,242 - YW_CYBMM_SZSJ_076.py:36 - 交易日即成剩撤-T+0买→T+0卖（已持有证券代码）
2020-07-23 16:27:24,362 - YW_CYBMM_SZSJ_076.py:63 - 执行结果为True,,
2020-07-23 16:27:24,363 - YW_CYBMM_SZSJ_076_1.py:36 - 交易日即成剩撤-T+0买→T+0卖（已持有证券代码）
2020-07-23 16:27:25,588 - YW_CYBMM_SZSJ_076_1.py:63 - 执行结果为True,,
2020-07-23 16:27:25,588 - YW_CYBMM_SZSJ_080.py:36 - 五档即成转撤销买--已成（费用>min）
2020-07-23 16:27:26,708 - YW_CYBMM_SZSJ_080.py:63 - 执行结果为True,,
2020-07-23 16:27:26,709 - YW_CYBMM_SZSJ_081.py:36 - 五档即成转撤销买--已成（费用=min）
2020-07-23 16:27:27,825 - YW_CYBMM_SZSJ_081.py:63 - 执行结果为True,,
2020-07-23 16:27:27,825 - YW_CYBMM_SZSJ_082.py:36 - 五档即成转撤销买--已成（费用<min）
2020-07-23 16:27:28,945 - YW_CYBMM_SZSJ_082.py:63 - 执行结果为True,,
2020-07-23 16:27:28,946 - YW_CYBMM_SZSJ_083.py:36 - 五档即成转撤销买-买前有持仓
2020-07-23 16:27:30,070 - YW_CYBMM_SZSJ_083.py:63 - 执行结果为True,,
2020-07-23 16:27:30,087 - YW_CYBMM_SZSJ_376.py:36 - 深圳Ａ股股票交易日对方最优转限价卖——错误的数量(数量<0)
2020-07-23 16:27:30,338 - YW_CYBMM_SZSJ_376.py:63 - 执行结果为True,,
2020-07-23 16:27:30,354 - YW_CYBMM_SZSJ_019.py:35 - 深圳Ａ股股票交易日即成剩撤买——不存在的证券代码
2020-07-23 16:27:31,450 - YW_CYBMM_SZSJ_019.py:50 - 执行结果为True,,
2020-07-23 16:27:31,466 - YW_CYBMM_SZSJ_054.py:35 - 深圳Ａ股股票交易日即成剩撤卖——不存在的证券代码
2020-07-23 16:27:32,576 - YW_CYBMM_SZSJ_054.py:50 - 执行结果为True,,
2020-07-23 16:27:32,593 - YW_CYBMM_SZSJ_095.py:35 - 深圳Ａ股股票交易日五档即成转撤销买——不存在的证券代码
2020-07-23 16:27:33,681 - YW_CYBMM_SZSJ_095.py:50 - 执行结果为True,,
2020-07-23 16:27:33,682 - YW_CYBMM_SZSJ_098.py:36 - 深圳Ａ股股票交易日五档即成转撤销买——错误的价格(价格10亿)
2020-07-23 16:27:34,083 - BdtsDataCheck.py:287 - 期望状态和报单状态、提交状态不匹配，期望状态、报单状态、提交状态分别为全成,XTP_ORDER_STATUS_REJECTED,XTP_ORDER_SUBMIT_STATUS_INSERT_REJECTED
2020-07-23 16:27:34,937 - YW_CYBMM_SZSJ_098.py:63 - 执行结果为False,报单查询,期望状态与报单状态不匹配
2020-07-23 16:27:34,955 - YW_CYBMM_SZSJ_130.py:35 - 深圳Ａ股股票交易日五档即成转撤销卖——不存在的证券代码
2020-07-23 16:27:36,042 - YW_CYBMM_SZSJ_130.py:50 - 执行结果为True,,
2020-07-23 16:27:36,061 - YW_CYBMM_SZSJ_169.py:35 - 深圳Ａ股股票交易日全部成交或撤销买——不存在的证券代码
2020-07-23 16:27:37,151 - YW_CYBMM_SZSJ_169.py:50 - 执行结果为True,,
2020-07-23 16:27:37,167 - YW_CYBMM_SZSJ_202.py:35 - 深圳Ａ股股票交易日全部成交或撤销卖——不存在的证券代码
2020-07-23 16:27:38,258 - YW_CYBMM_SZSJ_202.py:50 - 执行结果为True,,
2020-07-23 16:27:38,275 - YW_CYBMM_SZSJ_248.py:35 - 深圳Ａ股股票交易日本方最优买——不存在的证券代码
2020-07-23 16:27:39,362 - YW_CYBMM_SZSJ_248.py:50 - 执行结果为True,,
2020-07-23 16:27:39,378 - YW_CYBMM_SZSJ_288.py:35 - 深圳Ａ股股票交易日本方最优卖——不存在的证券代码
2020-07-23 16:27:40,468 - YW_CYBMM_SZSJ_288.py:50 - 执行结果为True,,
2020-07-23 16:27:40,468 - YW_CYBMM_SZSJ_104.py:36 - 深圳Ａ股股票交易日五档即成转撤销买——金额溢出（总金额>20亿）
2020-07-23 16:27:40,759 - BdtsDataCheck.py:287 - 期望状态和报单状态、提交状态不匹配，期望状态、报单状态、提交状态分别为全成,XTP_ORDER_STATUS_REJECTED,XTP_ORDER_SUBMIT_STATUS_INSERT_REJECTED
2020-07-23 16:27:41,602 - YW_CYBMM_SZSJ_104.py:63 - 执行结果为False,报单查询,期望状态与报单状态不匹配
2020-07-23 16:27:41,603 - YW_CYBMM_SZSJ_112.py:36 - 五档即成转撤销卖--已成（费用>min）
2020-07-23 16:27:42,830 - YW_CYBMM_SZSJ_112.py:63 - 执行结果为True,,
2020-07-23 16:27:42,830 - YW_CYBMM_SZSJ_113.py:36 - 五档即成转撤销卖--已成（费用=min）
2020-07-23 16:27:44,058 - YW_CYBMM_SZSJ_113.py:63 - 执行结果为True,,
2020-07-23 16:27:44,058 - YW_CYBMM_SZSJ_114.py:36 - 五档即成转撤销卖--已成（费用<min）
2020-07-23 16:27:45,286 - YW_CYBMM_SZSJ_114.py:63 - 执行结果为True,,
2020-07-23 16:27:45,287 - YW_CYBMM_SZSJ_128.py:36 - 深A五档即成转撤销卖（卖出数量=可用股份数）
2020-07-23 16:27:46,507 - YW_CYBMM_SZSJ_128.py:63 - 执行结果为True,,
2020-07-23 16:27:46,523 - YW_CYBMM_SZSJ_333.py:35 - 深圳Ａ股股票交易日对方最优转限价买——不存在的证券代码
2020-07-23 16:27:47,609 - YW_CYBMM_SZSJ_333.py:50 - 执行结果为True,,
2020-07-23 16:27:47,626 - YW_CYBMM_SZSJ_372.py:35 - 深圳Ａ股股票交易日对方最优转限价卖——不存在的证券代码
2020-07-23 16:27:48,715 - YW_CYBMM_SZSJ_372.py:50 - 执行结果为True,,
2020-07-23 16:27:48,734 - YW_CYBMM_SZSJ_024.py:36 - 深圳Ａ股股票交易日即成剩撤买——错误的数量(数量=0)
2020-07-23 16:27:49,987 - YW_CYBMM_SZSJ_024.py:63 - 执行结果为True,,
2020-07-23 16:27:50,004 - YW_CYBMM_SZSJ_025.py:36 - 深圳Ａ股股票交易日即成剩撤买——错误的数量(数量>100万)
2020-07-23 16:27:51,274 - YW_CYBMM_SZSJ_025.py:63 - 执行结果为True,,
2020-07-23 16:27:51,291 - YW_CYBMM_SZSJ_027.py:36 - 深圳Ａ股股票交易日即成剩撤买——数量溢出（100亿）
2020-07-23 16:27:52,565 - YW_CYBMM_SZSJ_027.py:63 - 执行结果为True,,
2020-07-23 16:27:52,581 - YW_CYBMM_SZSJ_059.py:36 - 深圳Ａ股股票交易日即成剩撤卖——错误的数量(数量=0)
2020-07-23 16:27:53,853 - YW_CYBMM_SZSJ_059.py:63 - 执行结果为True,,
2020-07-23 16:27:53,870 - YW_CYBMM_SZSJ_060.py:36 - 深圳Ａ股股票交易日即成剩撤卖——错误的数量(数量>100万)
2020-07-23 16:27:55,138 - YW_CYBMM_SZSJ_060.py:63 - 执行结果为True,,
2020-07-23 16:27:55,154 - YW_CYBMM_SZSJ_062.py:36 - 深圳Ａ股股票交易日即成剩撤卖——数量溢出（100亿）
2020-07-23 16:27:56,406 - YW_CYBMM_SZSJ_062.py:63 - 执行结果为True,,
2020-07-23 16:27:56,423 - YW_CYBMM_SZSJ_100.py:36 - 深圳Ａ股股票交易日五档即成转撤销买——错误的数量(数量=0)
2020-07-23 16:27:57,679 - YW_CYBMM_SZSJ_100.py:63 - 执行结果为True,,
2020-07-23 16:27:57,680 - YW_CYBMM_SZSJ_139.py:36 - 深圳Ａ股股票交易日五档即成转撤销卖——金额溢出（总金额>10亿）
2020-07-23 16:27:58,075 - BdtsDataCheck.py:287 - 期望状态和报单状态、提交状态不匹配，期望状态、报单状态、提交状态分别为全成,XTP_ORDER_STATUS_REJECTED,XTP_ORDER_SUBMIT_STATUS_INSERT_REJECTED
2020-07-23 16:27:58,907 - YW_CYBMM_SZSJ_139.py:63 - 执行结果为False,报单查询,期望状态与报单状态不匹配
2020-07-23 16:27:58,925 - YW_CYBMM_SZSJ_101.py:36 - 深圳Ａ股股票交易日五档即成转撤销买——错误的数量(数量>100万)
2020-07-23 16:28:00,174 - YW_CYBMM_SZSJ_101.py:63 - 执行结果为True,,
2020-07-23 16:28:00,174 - YW_CYBMM_SZSJ_144.py:36 - 交易日五档即成转撤销卖-最后一次卖为非100的倍数
2020-07-23 16:28:01,399 - YW_CYBMM_SZSJ_144.py:63 - 执行结果为True,,
2020-07-23 16:28:01,399 - YW_CYBMM_SZSJ_145.py:36 - 交易日五档即成转撤销卖-先卖零头股再卖整数股
2020-07-23 16:28:02,622 - YW_CYBMM_SZSJ_145.py:63 - 执行结果为True,,
2020-07-23 16:28:02,622 - YW_CYBMM_SZSJ_145_1.py:36 - 交易日五档即成转撤销卖-先卖零头股再卖整数股
2020-07-23 16:28:03,875 - YW_CYBMM_SZSJ_145_1.py:63 - 执行结果为True,,
2020-07-23 16:28:03,876 - YW_CYBMM_SZSJ_146.py:36 - 交易日五档即成转撤销卖-先卖整数股再卖零头股
2020-07-23 16:28:05,115 - YW_CYBMM_SZSJ_146.py:63 - 执行结果为True,,
2020-07-23 16:28:05,116 - YW_CYBMM_SZSJ_146_1.py:36 - 交易日五档即成转撤销卖-先卖整数股再卖零头股
2020-07-23 16:28:06,354 - YW_CYBMM_SZSJ_146_1.py:63 - 执行结果为True,,
2020-07-23 16:28:06,355 - YW_CYBMM_SZSJ_147.py:36 - 交易日五档即成转撤销卖-先卖含零头股的部分再卖整数股
2020-07-23 16:28:07,586 - YW_CYBMM_SZSJ_147.py:63 - 执行结果为True,,
2020-07-23 16:28:07,586 - YW_CYBMM_SZSJ_147_1.py:36 - 交易日五档即成转撤销卖-先卖含零头股的部分再卖整数股
2020-07-23 16:28:08,810 - YW_CYBMM_SZSJ_147_1.py:63 - 执行结果为True,,
2020-07-23 16:28:08,811 - YW_CYBMM_SZSJ_148.py:36 - 交易日五档即成转撤销卖-先卖整数股再卖含零头股的部分
2020-07-23 16:28:10,060 - YW_CYBMM_SZSJ_148.py:63 - 执行结果为True,,
2020-07-23 16:28:10,061 - YW_CYBMM_SZSJ_148_1.py:36 - 交易日五档即成转撤销卖-先卖整数股再卖含零头股的部分
2020-07-23 16:28:11,284 - YW_CYBMM_SZSJ_148_1.py:63 - 执行结果为True,,
2020-07-23 16:28:11,285 - YW_CYBMM_SZSJ_149.py:36 - 交易日五档即成转撤销-T+0卖→T+0买
2020-07-23 16:28:12,523 - YW_CYBMM_SZSJ_149.py:63 - 执行结果为True,,
2020-07-23 16:28:12,523 - YW_CYBMM_SZSJ_149_1.py:36 - 交易日五档即成转撤销-T+0卖→T+0买
2020-07-23 16:28:13,646 - YW_CYBMM_SZSJ_149_1.py:63 - 执行结果为True,,
2020-07-23 16:28:13,646 - YW_CYBMM_SZSJ_150.py:36 - 交易日五档即成转撤销-T+0买→T+0卖（未持有证券代码）
2020-07-23 16:28:14,767 - YW_CYBMM_SZSJ_150.py:63 - 执行结果为True,,
2020-07-23 16:28:14,784 - YW_CYBMM_SZSJ_150_1.py:36 - 交易日五档即成转撤销-T+0买→T+0卖（未持有证券代码）
2020-07-23 16:28:15,910 - YW_CYBMM_SZSJ_150_1.py:63 - 执行结果为True,,
2020-07-23 16:28:15,910 - YW_CYBMM_SZSJ_151.py:36 - 交易日五档即成转撤销-T+0买→T+0卖失败（已持有证券代码）
2020-07-23 16:28:17,035 - YW_CYBMM_SZSJ_151.py:63 - 执行结果为True,,
2020-07-23 16:28:17,052 - YW_CYBMM_SZSJ_151_1.py:36 - 交易日五档即成转撤销-T+0买→T+0卖失败（已持有证券代码）
2020-07-23 16:28:18,271 - YW_CYBMM_SZSJ_151_1.py:63 - 执行结果为True,,
2020-07-23 16:28:18,271 - YW_CYBMM_SZSJ_152.py:36 - 交易日五档即成转撤销-T+0买→T+0卖（已持有证券代码）
2020-07-23 16:28:19,391 - YW_CYBMM_SZSJ_152.py:63 - 执行结果为True,,
2020-07-23 16:28:19,391 - YW_CYBMM_SZSJ_152_1.py:36 - 交易日五档即成转撤销-T+0买→T+0卖（已持有证券代码）
2020-07-23 16:28:20,612 - YW_CYBMM_SZSJ_152_1.py:63 - 执行结果为True,,
2020-07-23 16:28:20,612 - YW_CYBMM_SZSJ_156.py:36 - 全部成交或撤销买--已成（费用>min）
2020-07-23 16:28:21,729 - YW_CYBMM_SZSJ_156.py:63 - 执行结果为True,,
2020-07-23 16:28:21,730 - YW_CYBMM_SZSJ_157.py:36 - 全部成交或撤销买--已成（费用=min）
2020-07-23 16:28:22,849 - YW_CYBMM_SZSJ_157.py:63 - 执行结果为True,,
2020-07-23 16:28:22,849 - YW_CYBMM_SZSJ_158.py:36 - 全部成交或撤销买--已成（费用<min）
2020-07-23 16:28:23,971 - YW_CYBMM_SZSJ_158.py:63 - 执行结果为True,,
2020-07-23 16:28:23,971 - YW_CYBMM_SZSJ_159.py:36 - 全部成交或撤销买-买前有持仓
2020-07-23 16:28:25,120 - YW_CYBMM_SZSJ_159.py:63 - 执行结果为True,,
2020-07-23 16:28:25,136 - YW_CYBMM_SZSJ_103.py:36 - 深圳Ａ股股票交易日五档即成转撤销买——数量溢出（100亿）
2020-07-23 16:28:26,393 - YW_CYBMM_SZSJ_103.py:63 - 执行结果为True,,
2020-07-23 16:28:26,409 - YW_CYBMM_SZSJ_135.py:36 - 深圳Ａ股股票交易日五档即成转撤销卖——错误的数量(数量=0)
2020-07-23 16:28:27,669 - YW_CYBMM_SZSJ_135.py:63 - 执行结果为True,,
2020-07-23 16:28:27,685 - YW_CYBMM_SZSJ_136.py:36 - 深圳Ａ股股票交易日五档即成转撤销卖——错误的数量(数量>100万)
2020-07-23 16:28:28,959 - YW_CYBMM_SZSJ_136.py:63 - 执行结果为True,,
2020-07-23 16:28:28,975 - YW_CYBMM_SZSJ_138.py:36 - 深圳Ａ股股票交易日五档即成转撤销卖——数量溢出（100亿）
2020-07-23 16:28:30,225 - YW_CYBMM_SZSJ_138.py:63 - 执行结果为True,,
2020-07-23 16:28:30,226 - YW_CYBMM_SZSJ_172.py:36 - 深圳Ａ股股票交易日全部成交或撤销买——错误的价格(价格10亿)
2020-07-23 16:28:31,506 - YW_CYBMM_SZSJ_172.py:63 - 执行结果为True,,
2020-07-23 16:28:31,523 - YW_CYBMM_SZSJ_174.py:36 - 深圳Ａ股股票交易日全部成交或撤销买——错误的数量(数量=0)
2020-07-23 16:28:32,768 - YW_CYBMM_SZSJ_174.py:63 - 执行结果为True,,
2020-07-23 16:28:32,784 - YW_CYBMM_SZSJ_175.py:36 - 深圳Ａ股股票交易日全部成交或撤销买——错误的数量(数量>100万)
2020-07-23 16:28:34,036 - YW_CYBMM_SZSJ_175.py:63 - 执行结果为True,,
2020-07-23 16:28:34,052 - YW_CYBMM_SZSJ_177.py:36 - 深圳Ａ股股票交易日全部成交或撤销买——数量溢出（100亿）
2020-07-23 16:28:35,306 - YW_CYBMM_SZSJ_177.py:63 - 执行结果为True,,
2020-07-23 16:28:35,322 - YW_CYBMM_SZSJ_207.py:36 - 深圳Ａ股股票交易日全部成交或撤销卖——错误的数量(数量=0)
2020-07-23 16:28:36,572 - YW_CYBMM_SZSJ_207.py:63 - 执行结果为True,,
2020-07-23 16:28:36,589 - YW_CYBMM_SZSJ_208.py:36 - 深圳Ａ股股票交易日全部成交或撤销卖——错误的数量(数量>100万)
2020-07-23 16:28:37,851 - YW_CYBMM_SZSJ_208.py:63 - 执行结果为True,,
2020-07-23 16:28:37,852 - YW_CYBMM_SZSJ_178.py:36 - 深圳Ａ股股票交易日全部成交或撤销买——金额溢出（总金额>20亿）
2020-07-23 16:28:38,117 - BdtsDataCheck.py:287 - 期望状态和报单状态、提交状态不匹配，期望状态、报单状态、提交状态分别为全成,XTP_ORDER_STATUS_REJECTED,XTP_ORDER_SUBMIT_STATUS_INSERT_REJECTED
2020-07-23 16:28:38,972 - YW_CYBMM_SZSJ_178.py:63 - 执行结果为False,报单查询,期望状态与报单状态不匹配
2020-07-23 16:28:38,973 - YW_CYBMM_SZSJ_186.py:36 - 全部成交或撤销卖--已成（费用>min）
2020-07-23 16:28:40,203 - YW_CYBMM_SZSJ_186.py:63 - 执行结果为True,,
2020-07-23 16:28:40,204 - YW_CYBMM_SZSJ_187.py:36 - 全部成交或撤销卖--已成（费用=min）
2020-07-23 16:28:41,441 - YW_CYBMM_SZSJ_187.py:63 - 执行结果为True,,
2020-07-23 16:28:41,442 - YW_CYBMM_SZSJ_188.py:36 - 全部成交或撤销卖--已成（费用<min）
2020-07-23 16:28:42,669 - YW_CYBMM_SZSJ_188.py:63 - 执行结果为True,,
2020-07-23 16:28:42,669 - YW_CYBMM_SZSJ_200.py:36 - 深A全部成交或撤销卖（卖出数量=可用股份数）
2020-07-23 16:28:43,917 - YW_CYBMM_SZSJ_200.py:63 - 执行结果为True,,
2020-07-23 16:28:43,933 - YW_CYBMM_SZSJ_210.py:36 - 深圳Ａ股股票交易日全部成交或撤销卖——数量溢出（100亿）
2020-07-23 16:28:45,183 - YW_CYBMM_SZSJ_210.py:63 - 执行结果为True,,
2020-07-23 16:28:45,200 - YW_CYBMM_SZSJ_253.py:36 - 深圳Ａ股股票交易日本方最优买——错误的数量(数量=0)
2020-07-23 16:28:46,453 - YW_CYBMM_SZSJ_253.py:63 - 执行结果为True,,
2020-07-23 16:28:46,469 - YW_CYBMM_SZSJ_254.py:36 - 深圳Ａ股股票交易日本方最优买——错误的数量(数量>100万)
2020-07-23 16:28:47,746 - YW_CYBMM_SZSJ_254.py:63 - 执行结果为True,,
2020-07-23 16:28:47,762 - YW_CYBMM_SZSJ_256.py:36 - 深圳Ａ股股票交易日本方最优买——数量溢出（100亿）
2020-07-23 16:28:49,013 - YW_CYBMM_SZSJ_256.py:63 - 执行结果为True,,
2020-07-23 16:28:49,030 - YW_CYBMM_SZSJ_293.py:36 - 深圳Ａ股股票交易日本方最优卖——错误的数量(数量=0)
2020-07-23 16:28:50,288 - YW_CYBMM_SZSJ_293.py:63 - 执行结果为True,,
2020-07-23 16:28:50,304 - YW_CYBMM_SZSJ_294.py:36 - 深圳Ａ股股票交易日本方最优卖——错误的数量(数量>100万)
2020-07-23 16:28:51,571 - YW_CYBMM_SZSJ_294.py:63 - 执行结果为True,,
2020-07-23 16:28:51,587 - YW_CYBMM_SZSJ_296.py:36 - 深圳Ａ股股票交易日本方最优卖——数量溢出（100亿）
2020-07-23 16:28:52,856 - YW_CYBMM_SZSJ_296.py:63 - 执行结果为True,,
2020-07-23 16:28:52,872 - YW_CYBMM_SZSJ_338.py:36 - 深圳Ａ股股票交易日对方最优转限价买——错误的数量(数量=0)
2020-07-23 16:28:54,127 - YW_CYBMM_SZSJ_338.py:63 - 执行结果为True,,
2020-07-23 16:28:54,145 - YW_CYBMM_SZSJ_339.py:36 - 深圳Ａ股股票交易日对方最优转限价买——错误的数量(数量>100万)
2020-07-23 16:28:55,402 - YW_CYBMM_SZSJ_339.py:63 - 执行结果为True,,
2020-07-23 16:28:55,403 - YW_CYBMM_SZSJ_211.py:36 - 深圳Ａ股股票交易日全部成交或撤销卖——金额溢出（总金额>10亿）
2020-07-23 16:28:55,787 - BdtsDataCheck.py:287 - 期望状态和报单状态、提交状态不匹配，期望状态、报单状态、提交状态分别为全成,XTP_ORDER_STATUS_REJECTED,XTP_ORDER_SUBMIT_STATUS_INSERT_REJECTED
2020-07-23 16:28:56,639 - YW_CYBMM_SZSJ_211.py:63 - 执行结果为False,报单查询,期望状态与报单状态不匹配
2020-07-23 16:28:56,656 - YW_CYBMM_SZSJ_341.py:36 - 深圳Ａ股股票交易日对方最优转限价买——数量溢出（100亿）
2020-07-23 16:28:57,912 - YW_CYBMM_SZSJ_341.py:63 - 执行结果为True,,
2020-07-23 16:28:57,912 - YW_CYBMM_SZSJ_216.py:36 - 交易日全部成交或撤销卖-最后一次卖为非100的倍数
2020-07-23 16:28:59,158 - YW_CYBMM_SZSJ_216.py:63 - 执行结果为True,,
2020-07-23 16:28:59,158 - YW_CYBMM_SZSJ_217.py:36 - 交易日全部成交或撤销卖-先卖零头股再卖整数股
2020-07-23 16:29:00,385 - YW_CYBMM_SZSJ_217.py:63 - 执行结果为True,,
2020-07-23 16:29:00,385 - YW_CYBMM_SZSJ_217_1.py:36 - 交易日全部成交或撤销卖-先卖零头股再卖整数股
2020-07-23 16:29:01,604 - YW_CYBMM_SZSJ_217_1.py:63 - 执行结果为True,,
2020-07-23 16:29:01,604 - YW_CYBMM_SZSJ_218.py:36 - 交易日全部成交或撤销卖-先卖整数股再卖零头股
2020-07-23 16:29:02,854 - YW_CYBMM_SZSJ_218.py:63 - 执行结果为True,,
2020-07-23 16:29:02,854 - YW_CYBMM_SZSJ_218_1.py:36 - 交易日全部成交或撤销卖-先卖整数股再卖零头股
2020-07-23 16:29:04,077 - YW_CYBMM_SZSJ_218_1.py:63 - 执行结果为True,,
2020-07-23 16:29:04,078 - YW_CYBMM_SZSJ_219.py:36 - 交易日全部成交或撤销卖-先卖含零头股的部分再卖整数股
2020-07-23 16:29:05,301 - YW_CYBMM_SZSJ_219.py:63 - 执行结果为True,,
2020-07-23 16:29:05,302 - YW_CYBMM_SZSJ_219_1.py:36 - 交易日全部成交或撤销卖-先卖含零头股的部分再卖整数股
2020-07-23 16:29:06,528 - YW_CYBMM_SZSJ_219_1.py:63 - 执行结果为True,,
2020-07-23 16:29:06,529 - YW_CYBMM_SZSJ_220.py:36 - 交易日全部成交或撤销卖-先卖整数股再卖含零头股的部分
2020-07-23 16:29:07,754 - YW_CYBMM_SZSJ_220.py:63 - 执行结果为True,,
2020-07-23 16:29:07,754 - YW_CYBMM_SZSJ_220_1.py:36 - 交易日全部成交或撤销卖-先卖整数股再卖含零头股的部分
2020-07-23 16:29:09,015 - YW_CYBMM_SZSJ_220_1.py:63 - 执行结果为True,,
2020-07-23 16:29:09,015 - YW_CYBMM_SZSJ_221.py:36 - 交易日全部成交或撤销-T+0卖→T+0买
2020-07-23 16:29:10,242 - YW_CYBMM_SZSJ_221.py:63 - 执行结果为True,,
2020-07-23 16:29:10,243 - YW_CYBMM_SZSJ_221_1.py:36 - 交易日全部成交或撤销-T+0卖→T+0买
2020-07-23 16:29:11,364 - YW_CYBMM_SZSJ_221_1.py:63 - 执行结果为True,,
2020-07-23 16:29:11,364 - YW_CYBMM_SZSJ_222.py:36 - 交易日全部成交或撤销-T+0买→T+0卖（未持有证券代码）
2020-07-23 16:29:12,505 - YW_CYBMM_SZSJ_222.py:63 - 执行结果为True,,
2020-07-23 16:29:12,522 - YW_CYBMM_SZSJ_222_1.py:36 - 交易日全部成交或撤销-T+0买→T+0卖（未持有证券代码）
2020-07-23 16:29:13,640 - YW_CYBMM_SZSJ_222_1.py:63 - 执行结果为True,,
2020-07-23 16:29:13,640 - YW_CYBMM_SZSJ_223.py:36 - 交易日全部成交或撤销-T+0买→T+0卖失败（已持有证券代码）
2020-07-23 16:29:14,762 - YW_CYBMM_SZSJ_223.py:63 - 执行结果为True,,
2020-07-23 16:29:14,779 - YW_CYBMM_SZSJ_223_1.py:36 - 交易日全部成交或撤销-T+0买→T+0卖失败（已持有证券代码）
2020-07-23 16:29:15,998 - YW_CYBMM_SZSJ_223_1.py:63 - 执行结果为True,,
2020-07-23 16:29:15,998 - YW_CYBMM_SZSJ_224.py:36 - 交易日全部成交或撤销-T+0买→T+0卖（已持有证券代码）
2020-07-23 16:29:17,130 - YW_CYBMM_SZSJ_224.py:63 - 执行结果为True,,
2020-07-23 16:29:17,131 - YW_CYBMM_SZSJ_224_1.py:36 - 交易日全部成交或撤销-T+0买→T+0卖（已持有证券代码）
2020-07-23 16:29:18,351 - YW_CYBMM_SZSJ_224_1.py:63 - 执行结果为True,,
2020-07-23 16:29:18,352 - YW_CYBMM_SZSJ_228.py:36 - 本方最优买--已成（费用>min）
2020-07-23 16:29:19,496 - YW_CYBMM_SZSJ_228.py:63 - 执行结果为True,,
2020-07-23 16:29:19,496 - YW_CYBMM_SZSJ_229.py:36 - 本方最优买--已成（费用=min）
2020-07-23 16:29:20,630 - YW_CYBMM_SZSJ_229.py:63 - 执行结果为True,,
2020-07-23 16:29:20,631 - YW_CYBMM_SZSJ_230.py:36 - 本方最优买--已成（费用<min）
2020-07-23 16:29:21,750 - YW_CYBMM_SZSJ_230.py:63 - 执行结果为True,,
2020-07-23 16:29:21,750 - YW_CYBMM_SZSJ_233.py:36 - 本方最优买-买前有持仓
2020-07-23 16:29:22,871 - YW_CYBMM_SZSJ_233.py:63 - 执行结果为True,,
2020-07-23 16:29:22,888 - YW_CYBMM_SZSJ_377.py:36 - 深圳Ａ股股票交易日对方最优转限价卖——错误的数量(数量=0)
2020-07-23 16:29:24,138 - YW_CYBMM_SZSJ_377.py:63 - 执行结果为True,,
2020-07-23 16:29:24,154 - YW_CYBMM_SZSJ_378.py:36 - 深圳Ａ股股票交易日对方最优转限价卖——错误的数量(数量>100万)
2020-07-23 16:29:25,407 - YW_CYBMM_SZSJ_378.py:63 - 执行结果为True,,
2020-07-23 16:29:25,425 - YW_CYBMM_SZSJ_380.py:36 - 深圳Ａ股股票交易日对方最优转限价卖——数量溢出（100亿）
2020-07-23 16:29:26,687 - YW_CYBMM_SZSJ_380.py:63 - 执行结果为True,,
2020-07-23 16:29:26,703 - YW_CYBMM_SZSJ_020.py:36 - 深圳Ａ股股票交易日即成剩撤买——错误的市场
2020-07-23 16:29:27,983 - YW_CYBMM_SZSJ_020.py:63 - 执行结果为True,,
2020-07-23 16:29:27,984 - YW_CYBMM_SZSJ_251.py:36 - 深圳Ａ股股票交易日本方最优买——错误的价格(价格10亿)
2020-07-23 16:29:29,241 - YW_CYBMM_SZSJ_251.py:63 - 执行结果为True,,
2020-07-23 16:29:29,258 - YW_CYBMM_SZSJ_055.py:36 - 深圳Ａ股股票交易日即成剩撤卖——错误的市场
2020-07-23 16:29:30,511 - YW_CYBMM_SZSJ_055.py:63 - 执行结果为True,,
2020-07-23 16:29:30,528 - YW_CYBMM_SZSJ_096.py:36 - 深圳Ａ股股票交易日五档即成转撤销买——错误的市场
2020-07-23 16:29:31,805 - YW_CYBMM_SZSJ_096.py:63 - 执行结果为True,,
2020-07-23 16:29:31,821 - YW_CYBMM_SZSJ_131.py:36 - 深圳Ａ股股票交易日五档即成转撤销卖——错误的市场
2020-07-23 16:29:33,122 - YW_CYBMM_SZSJ_131.py:63 - 执行结果为True,,
2020-07-23 16:29:33,139 - YW_CYBMM_SZSJ_170.py:36 - 深圳Ａ股股票交易日全部成交或撤销买——错误的市场
2020-07-23 16:29:34,394 - YW_CYBMM_SZSJ_170.py:63 - 执行结果为True,,
2020-07-23 16:29:34,410 - YW_CYBMM_SZSJ_203.py:36 - 深圳Ａ股股票交易日全部成交或撤销卖——错误的市场
2020-07-23 16:29:35,703 - YW_CYBMM_SZSJ_203.py:63 - 执行结果为True,,
2020-07-23 16:29:35,703 - YW_CYBMM_SZSJ_257.py:36 - 深圳Ａ股股票交易日本方最优买——金额溢出（总金额>20亿）
2020-07-23 16:29:35,960 - BdtsDataCheck.py:287 - 期望状态和报单状态、提交状态不匹配，期望状态、报单状态、提交状态分别为全成,XTP_ORDER_STATUS_REJECTED,XTP_ORDER_SUBMIT_STATUS_INSERT_REJECTED
2020-07-23 16:29:36,819 - YW_CYBMM_SZSJ_257.py:63 - 执行结果为False,报单查询,期望状态与报单状态不匹配
2020-07-23 16:29:36,820 - YW_CYBMM_SZSJ_265.py:36 - 本方最优卖--已成（费用>min）
2020-07-23 16:29:38,045 - YW_CYBMM_SZSJ_265.py:63 - 执行结果为True,,
2020-07-23 16:29:38,045 - YW_CYBMM_SZSJ_266.py:36 - 本方最优卖--已成（费用=min）
2020-07-23 16:29:39,288 - YW_CYBMM_SZSJ_266.py:63 - 执行结果为True,,
2020-07-23 16:29:39,289 - YW_CYBMM_SZSJ_267.py:36 - 本方最优卖--已成（费用<min）
2020-07-23 16:29:40,533 - YW_CYBMM_SZSJ_267.py:63 - 执行结果为True,,
2020-07-23 16:29:40,534 - YW_CYBMM_SZSJ_286.py:36 - 深A本方最优卖（卖出数量=可用股份数）
2020-07-23 16:29:43,786 - YW_CYBMM_SZSJ_286.py:63 - 执行结果为True,,
2020-07-23 16:29:43,806 - YW_CYBMM_SZSJ_249.py:36 - 深圳Ａ股股票交易日本方最优买——错误的市场
2020-07-23 16:29:45,059 - YW_CYBMM_SZSJ_249.py:63 - 执行结果为True,,
2020-07-23 16:29:45,075 - YW_CYBMM_SZSJ_289.py:36 - 深圳Ａ股股票交易日本方最优卖——错误的市场
2020-07-23 16:29:46,323 - YW_CYBMM_SZSJ_289.py:63 - 执行结果为True,,
2020-07-23 16:29:46,340 - YW_CYBMM_SZSJ_334.py:36 - 深圳Ａ股股票交易日对方最优转限价买——错误的市场
2020-07-23 16:29:47,590 - YW_CYBMM_SZSJ_334.py:63 - 执行结果为True,,
2020-07-23 16:29:47,607 - YW_CYBMM_SZSJ_373.py:36 - 深圳Ａ股股票交易日对方最优转限价卖——错误的市场
2020-07-23 16:29:48,880 - YW_CYBMM_SZSJ_373.py:63 - 执行结果为True,,
2020-07-23 16:29:48,896 - YW_CYBMM_SZSJ_395.py:36 - 深圳Ａ股股票交易日即成剩撤卖-错误的买卖方向（新增）
2020-07-23 16:29:50,158 - YW_CYBMM_SZSJ_395.py:63 - 执行结果为True,,
2020-07-23 16:29:50,175 - YW_CYBMM_SZSJ_396.py:36 - 深圳Ａ股股票交易日五档即成转撤销卖-错误的买卖方向（新增）
2020-07-23 16:29:51,425 - YW_CYBMM_SZSJ_396.py:63 - 执行结果为True,,
2020-07-23 16:29:51,445 - YW_CYBMM_SZSJ_397.py:36 - 深圳Ａ股股票全部成交或撤销卖-错误的买卖方向（新增）
2020-07-23 16:29:52,696 - YW_CYBMM_SZSJ_397.py:63 - 执行结果为True,,
2020-07-23 16:29:52,713 - YW_CYBMM_SZSJ_398.py:36 - 深圳Ａ股股票交易日本方最优卖-错误的买卖方向（新增）
2020-07-23 16:29:53,961 - YW_CYBMM_SZSJ_398.py:63 - 执行结果为True,,
2020-07-23 16:29:53,978 - YW_CYBMM_SZSJ_399.py:36 - 深圳Ａ股股票交易日对方最优转限价卖-错误的买卖方向（新增）
2020-07-23 16:29:55,248 - YW_CYBMM_SZSJ_399.py:63 - 执行结果为True,,
2020-07-23 16:29:55,249 - YW_CYBMM_SZSJ_297.py:36 - 深圳Ａ股股票交易日本方最优卖——金额溢出（总金额>10亿）
2020-07-23 16:29:55,625 - BdtsDataCheck.py:287 - 期望状态和报单状态、提交状态不匹配，期望状态、报单状态、提交状态分别为全成,XTP_ORDER_STATUS_REJECTED,XTP_ORDER_SUBMIT_STATUS_INSERT_REJECTED
2020-07-23 16:29:56,477 - YW_CYBMM_SZSJ_297.py:63 - 执行结果为False,报单查询,期望状态与报单状态不匹配
2020-07-23 16:29:56,493 - YW_CYBMM_SZSJ_013.py:36 - 即成剩撤买-全成再撤单(OMS)
2020-07-23 16:29:58,824 - YW_CYBMM_SZSJ_013.py:63 - 执行结果为True,,
2020-07-23 16:29:58,825 - YW_CYBMM_SZSJ_302.py:36 - 交易日本方最优卖-最后一次卖为非100的倍数
2020-07-23 16:30:00,067 - YW_CYBMM_SZSJ_302.py:63 - 执行结果为True,,
2020-07-23 16:30:00,068 - YW_CYBMM_SZSJ_303.py:36 - 交易日本方最优卖-先卖零头股再卖整数股
2020-07-23 16:30:01,295 - YW_CYBMM_SZSJ_303.py:63 - 执行结果为True,,
2020-07-23 16:30:01,295 - YW_CYBMM_SZSJ_303_1.py:36 - 交易日本方最优卖-先卖零头股再卖整数股
2020-07-23 16:30:02,516 - YW_CYBMM_SZSJ_303_1.py:63 - 执行结果为True,,
2020-07-23 16:30:02,516 - YW_CYBMM_SZSJ_304.py:36 - 交易日本方最优卖-先卖整数股再卖零头股
2020-07-23 16:30:03,743 - YW_CYBMM_SZSJ_304.py:63 - 执行结果为True,,
2020-07-23 16:30:03,743 - YW_CYBMM_SZSJ_304_1.py:36 - 交易日本方最优卖-先卖整数股再卖零头股
2020-07-23 16:30:04,970 - YW_CYBMM_SZSJ_304_1.py:63 - 执行结果为True,,
2020-07-23 16:30:04,970 - YW_CYBMM_SZSJ_305_1.py:36 - 交易日本方最优卖-先卖含零头股的部分再卖整数股
2020-07-23 16:30:06,196 - YW_CYBMM_SZSJ_305_1.py:63 - 执行结果为True,,
2020-07-23 16:30:06,197 - YW_CYBMM_SZSJ_305.py:36 - 交易日本方最优卖-先卖含零头股的部分再卖整数股
2020-07-23 16:30:07,421 - YW_CYBMM_SZSJ_305.py:63 - 执行结果为True,,
2020-07-23 16:30:07,422 - YW_CYBMM_SZSJ_306.py:36 - 交易日本方最优卖-先卖整数股再卖含零头股的部分
2020-07-23 16:30:08,641 - YW_CYBMM_SZSJ_306.py:63 - 执行结果为True,,
2020-07-23 16:30:08,642 - YW_CYBMM_SZSJ_306_1.py:36 - 交易日本方最优卖-先卖整数股再卖含零头股的部分
2020-07-23 16:30:09,886 - YW_CYBMM_SZSJ_306_1.py:63 - 执行结果为True,,
2020-07-23 16:30:09,887 - YW_CYBMM_SZSJ_307.py:36 - 交易日本方最优-T+0卖→T+0买
2020-07-23 16:30:11,114 - YW_CYBMM_SZSJ_307.py:63 - 执行结果为True,,
2020-07-23 16:30:11,115 - YW_CYBMM_SZSJ_307_1.py:36 - 交易日本方最优-T+0卖→T+0买
2020-07-23 16:30:12,234 - YW_CYBMM_SZSJ_307_1.py:63 - 执行结果为True,,
2020-07-23 16:30:12,234 - YW_CYBMM_SZSJ_308.py:36 - 交易日本方最优-T+0买→T+0卖（未持有证券代码）
2020-07-23 16:30:13,379 - YW_CYBMM_SZSJ_308.py:63 - 执行结果为True,,
2020-07-23 16:30:13,395 - YW_CYBMM_SZSJ_308_1.py:36 - 交易日本方最优-T+0买→T+0卖（未持有证券代码）
2020-07-23 16:30:14,515 - YW_CYBMM_SZSJ_308_1.py:63 - 执行结果为True,,
2020-07-23 16:30:14,516 - YW_CYBMM_SZSJ_309.py:36 - 交易日本方最优-T+0买→T+0卖失败（已持有证券代码）
2020-07-23 16:30:15,747 - YW_CYBMM_SZSJ_309.py:63 - 执行结果为True,,
2020-07-23 16:30:15,765 - YW_CYBMM_SZSJ_309_1.py:36 - 交易日本方最优-T+0买→T+0卖失败（已持有证券代码）
2020-07-23 16:30:17,009 - YW_CYBMM_SZSJ_309_1.py:63 - 执行结果为True,,
2020-07-23 16:30:17,010 - YW_CYBMM_SZSJ_310.py:36 - 交易日本方最优-T+0买→T+0卖（已持有证券代码）
2020-07-23 16:30:18,126 - YW_CYBMM_SZSJ_310.py:63 - 执行结果为True,,
2020-07-23 16:30:18,127 - YW_CYBMM_SZSJ_310_1.py:36 - 交易日本方最优-T+0买→T+0卖（已持有证券代码）
2020-07-23 16:30:19,354 - YW_CYBMM_SZSJ_310_1.py:63 - 执行结果为True,,
2020-07-23 16:30:19,355 - YW_CYBMM_SZSJ_314.py:36 - 对方最优转限价买--已成（费用>min）
2020-07-23 16:30:20,502 - YW_CYBMM_SZSJ_314.py:63 - 执行结果为True,,
2020-07-23 16:30:20,502 - YW_CYBMM_SZSJ_315.py:36 - 对方最优转限价买--已成（费用=min）
2020-07-23 16:30:21,624 - YW_CYBMM_SZSJ_315.py:63 - 执行结果为True,,
2020-07-23 16:30:21,625 - YW_CYBMM_SZSJ_316.py:36 - 对方最优转限价买--已成（费用<min）
2020-07-23 16:30:22,747 - YW_CYBMM_SZSJ_316.py:63 - 执行结果为True,,
2020-07-23 16:30:22,748 - YW_CYBMM_SZSJ_318.py:36 - 对方最优转限价买-买前有持仓
2020-07-23 16:30:23,868 - YW_CYBMM_SZSJ_318.py:63 - 执行结果为True,,
2020-07-23 16:30:23,884 - YW_CYBMM_SZSJ_089.py:36 - 五档即成转撤销买-全成再撤单(OMS)
2020-07-23 16:30:26,236 - YW_CYBMM_SZSJ_089.py:63 - 执行结果为True,,
2020-07-23 16:30:26,252 - YW_CYBMM_SZSJ_164.py:36 - 全部成交或撤销买-全成再撤单(OMS)
2020-07-23 16:30:28,500 - YW_CYBMM_SZSJ_164.py:63 - 执行结果为True,,
2020-07-23 16:30:28,516 - YW_CYBMM_SZSJ_240.py:36 - 本方最优买-全成再撤单(OMS)
2020-07-23 16:30:30,867 - YW_CYBMM_SZSJ_240.py:63 - 执行结果为True,,
2020-07-23 16:30:30,884 - YW_CYBMM_SZSJ_325.py:36 - 对方最优转限价买-全成再撤单(OMS)
2020-07-23 16:30:33,217 - YW_CYBMM_SZSJ_325.py:63 - 执行结果为True,,
2020-07-23 16:30:33,217 - YW_CYBMM_SZSJ_336.py:36 - 深圳Ａ股股票交易日对方最优转限价买——错误的价格(价格10亿)
2020-07-23 16:30:33,634 - BdtsDataCheck.py:287 - 期望状态和报单状态、提交状态不匹配，期望状态、报单状态、提交状态分别为全成,XTP_ORDER_STATUS_REJECTED,XTP_ORDER_SUBMIT_STATUS_INSERT_REJECTED
2020-07-23 16:30:34,494 - YW_CYBMM_SZSJ_336.py:63 - 执行结果为False,报单查询,期望状态与报单状态不匹配
2020-07-23 16:30:34,512 - YW_CYBMM_SZSJ_044.py:36 - 即成剩撤卖-全成再撤单(OMS)
2020-07-23 16:30:36,790 - YW_CYBMM_SZSJ_044.py:63 - 执行结果为True,,
2020-07-23 16:30:36,807 - YW_CYBMM_SZSJ_120.py:36 - 五档即成转撤销卖-全成再撤单(OMS)
2020-07-23 16:30:39,116 - YW_CYBMM_SZSJ_120.py:63 - 执行结果为True,,
2020-07-23 16:30:39,133 - YW_CYBMM_SZSJ_193.py:36 - 全部成交或撤销卖-全成再撤单(OMS)
2020-07-23 16:30:41,420 - YW_CYBMM_SZSJ_193.py:63 - 执行结果为True,,
2020-07-23 16:30:41,436 - YW_CYBMM_SZSJ_276.py:36 - 本方最优卖-全成再撤单(OMS)
2020-07-23 16:30:43,833 - YW_CYBMM_SZSJ_276.py:63 - 执行结果为True,,
2020-07-23 16:30:43,850 - YW_CYBMM_SZSJ_360.py:36 - 对方最优转限价卖-全成再撤单(OMS)
2020-07-23 16:30:46,204 - YW_CYBMM_SZSJ_360.py:63 - 执行结果为True,,
2020-07-23 16:30:46,205 - YW_CYBMM_SZSJ_342.py:36 - 深圳Ａ股股票交易日对方最优转限价买——金额溢出（总金额>20亿）
2020-07-23 16:30:46,473 - BdtsDataCheck.py:287 - 期望状态和报单状态、提交状态不匹配，期望状态、报单状态、提交状态分别为全成,XTP_ORDER_STATUS_REJECTED,XTP_ORDER_SUBMIT_STATUS_INSERT_REJECTED
2020-07-23 16:30:47,328 - YW_CYBMM_SZSJ_342.py:63 - 执行结果为False,报单查询,期望状态与报单状态不匹配
2020-07-23 16:30:47,329 - YW_CYBMM_SZSJ_350.py:36 - 对方最优转限价卖--已成（费用>min）
2020-07-23 16:30:48,549 - YW_CYBMM_SZSJ_350.py:63 - 执行结果为True,,
2020-07-23 16:30:48,549 - YW_CYBMM_SZSJ_351.py:36 - 对方最优转限价卖--已成（费用=min）
2020-07-23 16:30:49,769 - YW_CYBMM_SZSJ_351.py:63 - 执行结果为True,,
2020-07-23 16:30:49,769 - YW_CYBMM_SZSJ_352.py:36 - 对方最优转限价卖--已成（费用<min）
2020-07-23 16:30:50,995 - YW_CYBMM_SZSJ_352.py:63 - 执行结果为True,,
2020-07-23 16:30:50,995 - YW_CYBMM_SZSJ_370.py:36 - 深A对方最优转限价卖（卖出数量=可用股份数）
2020-07-23 16:30:54,226 - YW_CYBMM_SZSJ_370.py:63 - 执行结果为True,,
2020-07-23 16:30:54,243 - YW_CYBMM_SZSJ_045.py:36 - 即成剩撤卖-废单再撤单(OMS)
2020-07-23 16:30:55,500 - YW_CYBMM_SZSJ_045.py:63 - 执行结果为True,,
2020-07-23 16:30:55,517 - YW_CYBMM_SZSJ_090.py:36 - 五档即成转撤销买-废单再撤单(OMS)
2020-07-23 16:30:56,788 - YW_CYBMM_SZSJ_090.py:63 - 执行结果为True,,
2020-07-23 16:30:56,804 - YW_CYBMM_SZSJ_123.py:36 - 五档即成转撤销卖-废单再撤单(OMS)
2020-07-23 16:30:58,067 - YW_CYBMM_SZSJ_123.py:63 - 执行结果为True,,
2020-07-23 16:30:58,083 - YW_CYBMM_SZSJ_165.py:36 - 全部成交或撤销买-废单再撤单(OMS)
2020-07-23 16:30:59,339 - YW_CYBMM_SZSJ_165.py:63 - 执行结果为True,,
2020-07-23 16:30:59,355 - YW_CYBMM_SZSJ_194.py:36 - 全部成交或撤销卖-废单再撤单(OMS)
2020-07-23 16:31:00,623 - YW_CYBMM_SZSJ_194.py:63 - 执行结果为True,,
2020-07-23 16:31:00,639 - YW_CYBMM_SZSJ_241.py:36 - 本方最优买-废单再撤单(OMS)
2020-07-23 16:31:01,897 - YW_CYBMM_SZSJ_241.py:63 - 执行结果为True,,
2020-07-23 16:31:01,913 - YW_CYBMM_SZSJ_277.py:36 - 本方最优卖-废单再撤单(OMS)
2020-07-23 16:31:03,183 - YW_CYBMM_SZSJ_277.py:63 - 执行结果为True,,
2020-07-23 16:31:03,199 - YW_CYBMM_SZSJ_326.py:36 - 对方最优转限价买-废单再撤单(OMS)
2020-07-23 16:31:04,448 - YW_CYBMM_SZSJ_326.py:63 - 执行结果为True,,
2020-07-23 16:31:04,448 - YW_CYBMM_SZSJ_381.py:36 - 深圳Ａ股股票交易日对方最优转限价卖——金额溢出（总金额>10亿）
2020-07-23 16:31:04,869 - BdtsDataCheck.py:287 - 期望状态和报单状态、提交状态不匹配，期望状态、报单状态、提交状态分别为全成,XTP_ORDER_STATUS_REJECTED,XTP_ORDER_SUBMIT_STATUS_INSERT_REJECTED
2020-07-23 16:31:05,705 - YW_CYBMM_SZSJ_381.py:63 - 执行结果为False,报单查询,期望状态与报单状态不匹配
2020-07-23 16:31:05,722 - YW_CYBMM_SZSJ_361.py:36 - 对方最优转限价卖-废单再撤单(OMS)
2020-07-23 16:31:06,976 - YW_CYBMM_SZSJ_361.py:63 - 执行结果为True,,
2020-07-23 16:31:06,976 - YW_CYBMM_SZSJ_386.py:36 - 交易日对方最优转限价卖-最后一次卖为非100的倍数
2020-07-23 16:31:08,220 - YW_CYBMM_SZSJ_386.py:63 - 执行结果为True,,
2020-07-23 16:31:08,220 - YW_CYBMM_SZSJ_387.py:36 - 交易日对方最优转限价卖-先卖零头股再卖整数股
2020-07-23 16:31:09,442 - YW_CYBMM_SZSJ_387.py:63 - 执行结果为True,,
2020-07-23 16:31:09,443 - YW_CYBMM_SZSJ_387_1.py:36 - 交易日对方最优转限价卖-先卖零头股再卖整数股
2020-07-23 16:31:10,673 - YW_CYBMM_SZSJ_387_1.py:63 - 执行结果为True,,
2020-07-23 16:31:10,673 - YW_CYBMM_SZSJ_388.py:36 - 交易日对方最优转限价卖-先卖整数股再卖零头股
2020-07-23 16:31:11,890 - YW_CYBMM_SZSJ_388.py:63 - 执行结果为True,,
2020-07-23 16:31:11,891 - YW_CYBMM_SZSJ_388_1.py:36 - 交易日对方最优转限价卖-先卖整数股再卖零头股
2020-07-23 16:31:13,113 - YW_CYBMM_SZSJ_388_1.py:63 - 执行结果为True,,
2020-07-23 16:31:13,114 - YW_CYBMM_SZSJ_389.py:36 - 交易日对方最优转限价卖-先卖含零头股的部分再卖整数股
2020-07-23 16:31:14,359 - YW_CYBMM_SZSJ_389.py:63 - 执行结果为True,,
2020-07-23 16:31:14,360 - YW_CYBMM_SZSJ_389_1.py:36 - 交易日对方最优转限价卖-先卖含零头股的部分再卖整数股
2020-07-23 16:31:15,579 - YW_CYBMM_SZSJ_389_1.py:63 - 执行结果为True,,
2020-07-23 16:31:15,579 - YW_CYBMM_SZSJ_390.py:36 - 交易日对方最优转限价卖-先卖整数股再卖含零头股的部分
2020-07-23 16:31:16,800 - YW_CYBMM_SZSJ_390.py:63 - 执行结果为True,,
2020-07-23 16:31:16,800 - YW_CYBMM_SZSJ_390_1.py:36 - 交易日对方最优转限价卖-先卖整数股再卖含零头股的部分
2020-07-23 16:31:18,063 - YW_CYBMM_SZSJ_390_1.py:63 - 执行结果为True,,
2020-07-23 16:31:18,064 - YW_CYBMM_SZSJ_391.py:36 - 交易日对方最优转限价-T+0卖→T+0买
2020-07-23 16:31:19,292 - YW_CYBMM_SZSJ_391.py:63 - 执行结果为True,,
2020-07-23 16:31:19,293 - YW_CYBMM_SZSJ_391_1.py:36 - 交易日对方最优转限价-T+0卖→T+0买
2020-07-23 16:31:20,416 - YW_CYBMM_SZSJ_391_1.py:63 - 执行结果为True,,
2020-07-23 16:31:20,416 - YW_CYBMM_SZSJ_392.py:36 - 交易日对方最优转限价-T+0买→T+0卖（未持有证券代码）
2020-07-23 16:31:21,536 - YW_CYBMM_SZSJ_392.py:63 - 执行结果为True,,
2020-07-23 16:31:21,553 - YW_CYBMM_SZSJ_392_1.py:36 - 交易日对方最优转限价-T+0买→T+0卖（未持有证券代码）
2020-07-23 16:31:22,674 - YW_CYBMM_SZSJ_392_1.py:63 - 执行结果为True,,
2020-07-23 16:31:22,674 - YW_CYBMM_SZSJ_393.py:36 - 交易日对方最优转限价-T+0买→T+0卖失败（已持有证券代码）
2020-07-23 16:31:23,799 - YW_CYBMM_SZSJ_393.py:63 - 执行结果为True,,
2020-07-23 16:31:23,816 - YW_CYBMM_SZSJ_393_1.py:36 - 交易日对方最优转限价-T+0买→T+0卖失败（已持有证券代码）
2020-07-23 16:31:25,069 - YW_CYBMM_SZSJ_393_1.py:63 - 执行结果为True,,
2020-07-23 16:31:25,069 - YW_CYBMM_SZSJ_394.py:36 - 交易日对方最优转限价-T+0买→T+0卖（已持有证券代码）
2020-07-23 16:31:26,189 - YW_CYBMM_SZSJ_394.py:63 - 执行结果为True,,
2020-07-23 16:31:26,189 - YW_CYBMM_SZSJ_394_1.py:36 - 交易日对方最优转限价-T+0买→T+0卖（已持有证券代码）
2020-07-23 16:31:27,416 - YW_CYBMM_SZSJ_394_1.py:63 - 执行结果为True,,
2020-07-23 16:31:27,432 - YW_CYBMM_SZSJ_015.py:36 - 即成剩撤买-部撤再撤单(OMS)
2020-07-23 16:31:28,719 - YW_CYBMM_SZSJ_015.py:63 - 执行结果为True,,
2020-07-23 16:31:28,738 - YW_CYBMM_SZSJ_046.py:36 - 即成剩撤卖-部撤再撤单(OMS)
2020-07-23 16:31:29,989 - YW_CYBMM_SZSJ_046.py:63 - 执行结果为True,,
2020-07-23 16:31:30,006 - YW_CYBMM_SZSJ_091.py:36 - 五档即成转撤销买-部撤再撤单(OMS)
2020-07-23 16:31:30,399 - BdtsDataCheck.py:287 - 期望状态和报单状态、提交状态不匹配，期望状态、报单状态、提交状态分别为部撤,XTP_ORDER_STATUS_REJECTED,XTP_ORDER_SUBMIT_STATUS_INSERT_REJECTED
2020-07-23 16:31:31,273 - YW_CYBMM_SZSJ_121.py:36 - 五档即成转撤销卖-部撤再撤单(OMS)
2020-07-23 16:31:32,556 - YW_CYBMM_SZSJ_121.py:63 - 执行结果为True,,
2020-07-23 16:31:32,572 - YW_CYBMM_SZSJ_242.py:36 - 本方最优买-部撤再撤单(OMS)
2020-07-23 16:31:34,984 - mainService.py:235 - 报单查询等待...,xtpID=901029373774136616
2020-07-23 16:31:35,827 - YW_CYBMM_SZSJ_242.py:63 - 执行结果为True,,
2020-07-23 16:31:35,844 - YW_CYBMM_SZSJ_278.py:36 - 本方最优卖-部撤再撤单(OMS)
2020-07-23 16:31:38,251 - mainService.py:235 - 报单查询等待...,xtpID=901029373774136619
2020-07-23 16:31:39,095 - YW_CYBMM_SZSJ_278.py:63 - 执行结果为True,,
2020-07-23 16:31:39,095 - YW_CYBMM_SZSJ_057.py:36 - 深圳Ａ股股票交易日即成剩撤卖——错误的价格(价格10亿)
2020-07-23 16:31:40,415 - YW_CYBMM_SZSJ_057.py:63 - 执行结果为True,,
2020-07-23 16:31:40,431 - YW_CYBMM_SZSJ_327.py:36 - 对方最优转限价买-部撤再撤单(OMS)
2020-07-23 16:31:42,847 - mainService.py:235 - 报单查询等待...,xtpID=901029373774136623
2020-07-23 16:31:43,687 - YW_CYBMM_SZSJ_327.py:63 - 执行结果为True,,
2020-07-23 16:31:43,688 - YW_CYBMM_SZSJ_133.py:36 - 深圳Ａ股股票交易日五档即成转撤销卖——错误的价格(价格10亿)
2020-07-23 16:31:44,949 - YW_CYBMM_SZSJ_133.py:63 - 执行结果为True,,
2020-07-23 16:31:44,966 - YW_CYBMM_SZSJ_362.py:36 - 对方最优转限价卖-部撤再撤单(OMS)
2020-07-23 16:31:47,395 - mainService.py:235 - 报单查询等待...,xtpID=901029373774136627
2020-07-23 16:31:48,240 - YW_CYBMM_SZSJ_362.py:63 - 执行结果为True,,
2020-07-23 16:31:48,241 - YW_CYBMM_SZSJ_205.py:36 - 深圳Ａ股股票交易日全部成交或撤销卖——错误的价格(价格10亿)
2020-07-23 16:31:49,494 - YW_CYBMM_SZSJ_205.py:63 - 执行结果为True,,
2020-07-23 16:31:49,510 - YW_CYBMM_SZSJ_016.py:36 - 即成剩撤买-全撤再撤单(OMS)
2020-07-23 16:31:50,772 - YW_CYBMM_SZSJ_016.py:63 - 执行结果为True,,
2020-07-23 16:31:50,772 - YW_CYBMM_SZSJ_291.py:36 - 深圳Ａ股股票交易日本方最优卖——错误的价格(价格10亿)
2020-07-23 16:31:52,023 - YW_CYBMM_SZSJ_291.py:63 - 执行结果为True,,
2020-07-23 16:31:52,040 - YW_CYBMM_SZSJ_047.py:36 - 即成剩撤卖-全撤再撤单(OMS)
2020-07-23 16:31:53,293 - YW_CYBMM_SZSJ_047.py:63 - 执行结果为True,,
2020-07-23 16:31:53,294 - YW_CYBMM_SZSJ_375.py:36 - 深圳Ａ股股票交易日对方最优转限价卖——错误的价格(价格10亿)
2020-07-23 16:31:54,570 - YW_CYBMM_SZSJ_375.py:63 - 执行结果为True,,
2020-07-23 16:31:54,587 - YW_CYBMM_SZSJ_092.py:36 - 五档即成转撤销买-全撤再撤单(OMS)
2020-07-23 16:31:55,851 - YW_CYBMM_SZSJ_092.py:63 - 执行结果为True,,
2020-07-23 16:31:55,868 - YW_CYBMM_SZSJ_122.py:36 - 五档即成转撤销卖-全撤再撤单(OMS)
2020-07-23 16:31:57,146 - YW_CYBMM_SZSJ_122.py:63 - 执行结果为True,,
2020-07-23 16:31:57,162 - YW_CYBMM_SZSJ_166.py:36 - 全部成交或撤销买-全撤再撤单(OMS)
2020-07-23 16:31:58,464 - YW_CYBMM_SZSJ_166.py:63 - 执行结果为True,,
2020-07-23 16:31:58,487 - YW_CYBMM_SZSJ_195.py:36 - 全部成交或撤销卖-全撤再撤单(OMS)
2020-07-23 16:31:59,741 - YW_CYBMM_SZSJ_195.py:63 - 执行结果为True,,
2020-07-23 16:31:59,758 - YW_CYBMM_SZSJ_243.py:36 - 本方最优买-全撤再撤单(OMS)
2020-07-23 16:32:02,096 - mainService.py:235 - 报单查询等待...,xtpID=901029373774136645
2020-07-23 16:32:03,039 - YW_CYBMM_SZSJ_243.py:63 - 执行结果为True,,
2020-07-23 16:32:03,056 - YW_CYBMM_SZSJ_279.py:36 - 本方最优卖-全撤再撤单(OMS)
2020-07-23 16:32:05,389 - mainService.py:235 - 报单查询等待...,xtpID=901029373774136648
2020-07-23 16:32:06,329 - YW_CYBMM_SZSJ_279.py:63 - 执行结果为True,,
2020-07-23 16:32:06,346 - YW_CYBMM_SZSJ_328.py:36 - 对方最优转限价买-全撤再撤单(OMS)
2020-07-23 16:32:07,596 - YW_CYBMM_SZSJ_328.py:63 - 执行结果为True,,
2020-07-23 16:32:07,612 - YW_CYBMM_SZSJ_363.py:36 - 对方最优转限价卖-全撤再撤单(OMS)
2020-07-23 16:32:08,876 - YW_CYBMM_SZSJ_363.py:63 - 执行结果为True,,
2020-07-23 16:32:08,892 - YW_CYBMM_SZSJ_053.py:36 - 深A即成剩撤卖（卖出数量=可用股份数+100）
2020-07-23 16:32:10,115 - YW_CYBMM_SZSJ_053.py:63 - 执行结果为True,,
2020-07-23 16:32:10,131 - YW_CYBMM_SZSJ_129.py:36 - 深A五档即成转撤销卖（卖出数量=可用股份数+100）
2020-07-23 16:32:11,353 - YW_CYBMM_SZSJ_129.py:63 - 执行结果为True,,
2020-07-23 16:32:11,369 - YW_CYBMM_SZSJ_201.py:36 - 深A全部成交或撤销卖（卖出数量=可用股份数+100）
2020-07-23 16:32:12,613 - YW_CYBMM_SZSJ_201.py:63 - 执行结果为True,,
2020-07-23 16:32:12,630 - YW_CYBMM_SZSJ_287.py:36 - 深A本方最优卖（卖出数量=可用股份数+100）
2020-07-23 16:32:13,862 - YW_CYBMM_SZSJ_287.py:63 - 执行结果为True,,
2020-07-23 16:32:13,878 - YW_CYBMM_SZSJ_371.py:36 - 深A对方最优转限价卖（卖出数量=可用股份数+100）
2020-07-23 16:32:15,104 - YW_CYBMM_SZSJ_371.py:63 - 执行结果为True,,
2020-07-23 16:32:15,122 - YW_CYBMM_SZSJ_067.py:36 - 交易日即成剩撤卖-非最后一次卖为非100的倍数
2020-07-23 16:32:16,370 - YW_CYBMM_SZSJ_067.py:63 - 执行结果为True,,
2020-07-23 16:32:16,391 - YW_CYBMM_SZSJ_143.py:36 - 交易日五档即成转撤销卖-非最后一次卖为非100的倍数
2020-07-23 16:32:17,627 - YW_CYBMM_SZSJ_143.py:63 - 执行结果为True,,
2020-07-23 16:32:17,628 - YW_CYBMM_SZSJ_011.py:36 - 即成剩撤买-部成撤单 
2020-07-23 16:32:18,900 - YW_CYBMM_SZSJ_011.py:63 - 执行结果为True,,
2020-07-23 16:32:18,916 - YW_CYBMM_SZSJ_215.py:36 - 交易日全部成交或撤销卖-非最后一次卖为非100的倍数
2020-07-23 16:32:20,162 - YW_CYBMM_SZSJ_215.py:63 - 执行结果为True,,
2020-07-23 16:32:20,162 - YW_CYBMM_SZSJ_042.py:36 - 即成剩撤卖-部成撤单 
2020-07-23 16:32:21,417 - YW_CYBMM_SZSJ_042.py:63 - 执行结果为True,,
2020-07-23 16:32:21,433 - YW_CYBMM_SZSJ_301.py:36 - 交易日本方最优卖-非最后一次卖为非100的倍数
2020-07-23 16:32:22,653 - YW_CYBMM_SZSJ_301.py:63 - 执行结果为True,,
2020-07-23 16:32:22,654 - YW_CYBMM_SZSJ_087.py:36 - 五档即成转撤销买-部成撤单 
2020-07-23 16:32:23,904 - YW_CYBMM_SZSJ_087.py:63 - 执行结果为True,,
2020-07-23 16:32:23,921 - YW_CYBMM_SZSJ_385.py:36 - 交易日对方最优转限价卖-非最后一次卖为非100的倍数
2020-07-23 16:32:25,157 - YW_CYBMM_SZSJ_385.py:63 - 执行结果为True,,
2020-07-23 16:32:25,158 - YW_CYBMM_SZSJ_118.py:36 - 五档即成转撤销卖-部成撤单 
2020-07-23 16:32:26,416 - YW_CYBMM_SZSJ_118.py:63 - 执行结果为True,,
2020-07-23 16:32:26,417 - YW_CYBMM_SZSJ_232.py:36 - 本方最优买--部成
2020-07-23 16:32:29,701 - YW_CYBMM_SZSJ_232.py:63 - 执行结果为True,,
2020-07-23 16:32:29,702 - YW_CYBMM_SZSJ_237.py:36 - 本方最优买-部成（手动）撤单 
2020-07-23 16:32:32,119 - mainService.py:235 - 报单查询等待...,xtpID=901029373774136670
2020-07-23 16:32:32,954 - YW_CYBMM_SZSJ_237.py:63 - 执行结果为True,,
2020-07-23 16:32:32,955 - YW_CYBMM_SZSJ_269.py:36 - 本方最优卖--部成
2020-07-23 16:32:36,209 - YW_CYBMM_SZSJ_269.py:63 - 执行结果为True,,
2020-07-23 16:32:36,210 - YW_CYBMM_SZSJ_273.py:36 - 本方最优卖-部成(手动）撤单 
2020-07-23 16:32:38,622 - mainService.py:235 - 报单查询等待...,xtpID=901029373774136673
2020-07-23 16:32:39,465 - YW_CYBMM_SZSJ_273.py:63 - 执行结果为True,,
2020-07-23 16:32:39,466 - YW_CYBMM_SZSJ_317.py:36 - 对方最优转限价买--部成
2020-07-23 16:32:42,758 - YW_CYBMM_SZSJ_317.py:63 - 执行结果为True,,
2020-07-23 16:32:42,759 - YW_CYBMM_SZSJ_322.py:36 - 对方最优转限价买-部成撤单 
2020-07-23 16:32:45,182 - mainService.py:235 - 报单查询等待...,xtpID=901029373774136676
2020-07-23 16:32:46,026 - YW_CYBMM_SZSJ_322.py:63 - 执行结果为True,,
2020-07-23 16:32:46,026 - YW_CYBMM_SZSJ_353.py:36 - 对方最优转限价卖--部成
2020-07-23 16:32:49,287 - YW_CYBMM_SZSJ_353.py:63 - 执行结果为True,,
2020-07-23 16:32:49,287 - YW_CYBMM_SZSJ_357.py:36 - 对方最优转限价卖-部成撤单 
2020-07-23 16:32:51,703 - mainService.py:235 - 报单查询等待...,xtpID=901029373774136679
2020-07-23 16:32:52,547 - YW_CYBMM_SZSJ_357.py:63 - 执行结果为True,,
2020-07-23 16:32:52,548 - YW_CYBMM_SZSJ_012.py:36 - 即成剩撤买-全部撤单
2020-07-23 16:32:53,800 - YW_CYBMM_SZSJ_012.py:63 - 执行结果为True,,
2020-07-23 16:32:53,816 - YW_CYBMM_SZSJ_026.py:36 - 深圳Ａ股股票交易日即成剩撤买——错误的价格条件
2020-07-23 16:32:54,361 - BdtsDataCheck.py:655 - 报单的error_id与用例期望的不一致，期望和实际的error_id分别是11100020,11000562
2020-07-23 16:32:55,214 - YW_CYBMM_SZSJ_026.py:63 - 执行结果为False,报单推送,报单的error_id与用例期望的不一致
2020-07-23 16:32:55,215 - YW_CYBMM_SZSJ_043.py:36 - 即成剩撤卖-全部撤单
2020-07-23 16:32:56,467 - YW_CYBMM_SZSJ_043.py:63 - 执行结果为True,,
2020-07-23 16:32:56,490 - YW_CYBMM_SZSJ_061.py:36 - 深圳Ａ股股票交易日即成剩撤卖——错误的价格条件
2020-07-23 16:32:57,761 - YW_CYBMM_SZSJ_061.py:63 - 执行结果为True,,
2020-07-23 16:32:57,762 - YW_CYBMM_SZSJ_088.py:36 - 五档即成转撤销买-全部撤单
2020-07-23 16:32:59,019 - YW_CYBMM_SZSJ_088.py:63 - 执行结果为True,,
2020-07-23 16:32:59,036 - YW_CYBMM_SZSJ_102.py:36 - 深圳Ａ股股票交易日五档即成转撤销买——错误的价格条件
2020-07-23 16:33:00,293 - YW_CYBMM_SZSJ_102.py:63 - 执行结果为True,,
2020-07-23 16:33:00,294 - YW_CYBMM_SZSJ_119.py:36 - 五档即成转撤销卖-全部撤单
2020-07-23 16:33:01,568 - YW_CYBMM_SZSJ_119.py:63 - 执行结果为True,,
2020-07-23 16:33:01,585 - YW_CYBMM_SZSJ_137.py:36 - 深圳Ａ股股票交易日五档即成转撤销卖——错误的价格条件
2020-07-23 16:33:02,834 - YW_CYBMM_SZSJ_137.py:63 - 执行结果为True,,
2020-07-23 16:33:02,835 - YW_CYBMM_SZSJ_163.py:36 - 全部成交或撤销买-全部撤单
2020-07-23 16:33:04,084 - YW_CYBMM_SZSJ_163.py:63 - 执行结果为True,,
2020-07-23 16:33:04,100 - YW_CYBMM_SZSJ_176.py:36 - 深圳Ａ股股票交易日全部成交或撤销买——错误的价格条件
2020-07-23 16:33:05,375 - YW_CYBMM_SZSJ_176.py:63 - 执行结果为True,,
2020-07-23 16:33:05,375 - YW_CYBMM_SZSJ_192.py:36 - 全部成交或撤销卖-全部撤单
2020-07-23 16:33:06,630 - YW_CYBMM_SZSJ_192.py:63 - 执行结果为True,,
2020-07-23 16:33:06,647 - YW_CYBMM_SZSJ_209.py:36 - 深圳Ａ股股票交易日全部成交或撤销卖——错误的价格条件
2020-07-23 16:33:07,902 - YW_CYBMM_SZSJ_209.py:63 - 执行结果为True,,
2020-07-23 16:33:07,903 - YW_CYBMM_SZSJ_231.py:36 - 本方最优买--订单确认
2020-07-23 16:33:08,317 - BdtsDataCheck.py:287 - 期望状态和报单状态、提交状态不匹配，期望状态、报单状态、提交状态分别为未成交,XTP_ORDER_STATUS_REJECTED,XTP_ORDER_SUBMIT_STATUS_INSERT_REJECTED
2020-07-23 16:33:09,155 - YW_CYBMM_SZSJ_231.py:63 - 执行结果为False,报单查询,期望状态与报单状态不匹配
2020-07-23 16:33:09,156 - YW_CYBMM_SZSJ_238.py:36 - 本方最优买-全部（手动）撤单
2020-07-23 16:33:11,462 - mainService.py:235 - 报单查询等待...,xtpID=901029373774136694
2020-07-23 16:33:12,404 - YW_CYBMM_SZSJ_238.py:63 - 执行结果为True,,
2020-07-23 16:33:12,420 - YW_CYBMM_SZSJ_255.py:36 - 深圳Ａ股股票交易日本方最优买——错误的价格条件
2020-07-23 16:33:13,679 - YW_CYBMM_SZSJ_255.py:63 - 执行结果为True,,
2020-07-23 16:33:13,679 - YW_CYBMM_SZSJ_268.py:36 - 本方最优卖--订单确认
2020-07-23 16:33:16,993 - YW_CYBMM_SZSJ_268.py:63 - 执行结果为True,,
2020-07-23 16:33:16,994 - YW_CYBMM_SZSJ_274.py:36 - 本方最优卖-全部撤单
2020-07-23 16:33:19,307 - mainService.py:235 - 报单查询等待...,xtpID=901029373774136698
2020-07-23 16:33:20,248 - YW_CYBMM_SZSJ_274.py:63 - 执行结果为True,,
2020-07-23 16:33:20,264 - YW_CYBMM_SZSJ_295.py:36 - 深圳Ａ股股票交易日本方最优卖——错误的价格条件
2020-07-23 16:33:21,520 - YW_CYBMM_SZSJ_295.py:63 - 执行结果为True,,
2020-07-23 16:33:21,520 - YW_CYBMM_SZSJ_323.py:36 - 对方最优转限价买-全部撤单
2020-07-23 16:33:22,800 - YW_CYBMM_SZSJ_323.py:63 - 执行结果为True,,
2020-07-23 16:33:22,816 - YW_CYBMM_SZSJ_340.py:36 - 深圳Ａ股股票交易日对方最优转限价买——错误的价格条件
2020-07-23 16:33:24,067 - YW_CYBMM_SZSJ_340.py:63 - 执行结果为True,,
2020-07-23 16:33:24,067 - YW_CYBMM_SZSJ_358.py:36 - 对方最优转限价卖-全部撤单
2020-07-23 16:33:25,326 - YW_CYBMM_SZSJ_358.py:63 - 执行结果为True,,
2020-07-23 16:33:25,342 - YW_CYBMM_SZSJ_379.py:36 - 深圳Ａ股股票交易日对方最优转限价卖——错误的价格条件
2020-07-23 16:33:26,617 - YW_CYBMM_SZSJ_379.py:63 - 执行结果为True,,
2020-07-23 16:54:35,172 - YW_CYBMM_SZSJ_091.py:36 - 五档即成转撤销买-部撤再撤单(OMS)
2020-07-23 16:54:36,440 - YW_CYBMM_SZSJ_091.py:63 - 执行结果为True,,
2020-07-23 16:54:47,491 - YW_CYBMM_SZSJ_091.py:36 - 五档即成转撤销买-部撤再撤单(OMS)
2020-07-23 16:54:48,753 - YW_CYBMM_SZSJ_091.py:63 - 执行结果为True,,
2020-07-23 16:55:58,336 - YW_CYBMM_SZSJ_022.py:36 - 深圳Ａ股股票交易日即成剩撤买——错误的价格(价格10亿)
2020-07-23 16:55:58,749 - BdtsDataCheck.py:287 - 期望状态和报单状态、提交状态不匹配，期望状态、报单状态、提交状态分别为全成,XTP_ORDER_STATUS_REJECTED,XTP_ORDER_SUBMIT_STATUS_INSERT_REJECTED
2020-07-23 16:55:59,594 - YW_CYBMM_SZSJ_022.py:63 - 执行结果为False,报单查询,期望状态与报单状态不匹配
2020-07-23 16:58:52,066 - YW_CYBMM_SZSJ_022.py:36 - 深圳Ａ股股票交易日即成剩撤买——错误的价格(价格10亿)
2020-07-23 16:58:53,335 - YW_CYBMM_SZSJ_022.py:63 - 执行结果为True,,
2020-07-23 16:59:44,523 - YW_CYBMM_SZSJ_028.py:36 - 深圳Ａ股股票交易日即成剩撤买——金额溢出（总金额>20亿）
2020-07-23 16:59:44,834 - BdtsDataCheck.py:287 - 期望状态和报单状态、提交状态不匹配，期望状态、报单状态、提交状态分别为全成,XTP_ORDER_STATUS_REJECTED,XTP_ORDER_SUBMIT_STATUS_INSERT_REJECTED
2020-07-23 16:59:45,673 - YW_CYBMM_SZSJ_028.py:63 - 执行结果为False,报单查询,期望状态与报单状态不匹配
2020-07-23 17:12:06,561 - YW_CYBMM_SZSJ_063.py:36 - 深圳Ａ股股票交易日即成剩撤卖——金额溢出（总金额>10亿）
2020-07-23 17:12:06,954 - BdtsDataCheck.py:287 - 期望状态和报单状态、提交状态不匹配，期望状态、报单状态、提交状态分别为全成,XTP_ORDER_STATUS_REJECTED,XTP_ORDER_SUBMIT_STATUS_INSERT_REJECTED
2020-07-23 17:12:07,806 - YW_CYBMM_SZSJ_063.py:63 - 执行结果为False,报单查询,期望状态与报单状态不匹配
2020-07-23 17:13:27,363 - YW_CYBMM_SZSJ_098.py:36 - 深圳Ａ股股票交易日五档即成转撤销买——错误的价格(价格10亿)
2020-07-23 17:13:28,640 - YW_CYBMM_SZSJ_098.py:63 - 执行结果为True,,
2020-07-23 17:13:48,743 - YW_CYBMM_SZSJ_104.py:36 - 深圳Ａ股股票交易日五档即成转撤销买——金额溢出（总金额>20亿）
2020-07-23 17:13:49,040 - BdtsDataCheck.py:287 - 期望状态和报单状态、提交状态不匹配，期望状态、报单状态、提交状态分别为全成,XTP_ORDER_STATUS_REJECTED,XTP_ORDER_SUBMIT_STATUS_INSERT_REJECTED
2020-07-23 17:13:49,875 - YW_CYBMM_SZSJ_104.py:63 - 执行结果为False,报单查询,期望状态与报单状态不匹配
2020-07-23 17:14:50,741 - YW_CYBMM_SZSJ_139.py:36 - 深圳Ａ股股票交易日五档即成转撤销卖——金额溢出（总金额>10亿）
2020-07-23 17:14:51,114 - BdtsDataCheck.py:287 - 期望状态和报单状态、提交状态不匹配，期望状态、报单状态、提交状态分别为全成,XTP_ORDER_STATUS_REJECTED,XTP_ORDER_SUBMIT_STATUS_INSERT_REJECTED
2020-07-23 17:14:51,972 - YW_CYBMM_SZSJ_139.py:63 - 执行结果为False,报单查询,期望状态与报单状态不匹配
2020-07-23 17:17:36,701 - YW_CYBMM_SZSJ_178.py:36 - 深圳Ａ股股票交易日全部成交或撤销买——金额溢出（总金额>20亿）
2020-07-23 17:17:36,967 - BdtsDataCheck.py:287 - 期望状态和报单状态、提交状态不匹配，期望状态、报单状态、提交状态分别为全成,XTP_ORDER_STATUS_REJECTED,XTP_ORDER_SUBMIT_STATUS_INSERT_REJECTED
2020-07-23 17:17:37,830 - YW_CYBMM_SZSJ_178.py:63 - 执行结果为False,报单查询,期望状态与报单状态不匹配
2020-07-23 17:18:48,279 - YW_CYBMM_SZSJ_211.py:36 - 深圳Ａ股股票交易日全部成交或撤销卖——金额溢出（总金额>10亿）
2020-07-23 17:18:48,658 - BdtsDataCheck.py:287 - 期望状态和报单状态、提交状态不匹配，期望状态、报单状态、提交状态分别为全成,XTP_ORDER_STATUS_REJECTED,XTP_ORDER_SUBMIT_STATUS_INSERT_REJECTED
2020-07-23 17:18:49,518 - YW_CYBMM_SZSJ_211.py:63 - 执行结果为False,报单查询,期望状态与报单状态不匹配
2020-07-23 17:19:54,397 - YW_CYBMM_SZSJ_257.py:36 - 深圳Ａ股股票交易日本方最优买——金额溢出（总金额>20亿）
2020-07-23 17:19:54,671 - BdtsDataCheck.py:287 - 期望状态和报单状态、提交状态不匹配，期望状态、报单状态、提交状态分别为全成,XTP_ORDER_STATUS_REJECTED,XTP_ORDER_SUBMIT_STATUS_INSERT_REJECTED
2020-07-23 17:19:55,529 - YW_CYBMM_SZSJ_257.py:63 - 执行结果为False,报单查询,期望状态与报单状态不匹配
2020-07-23 17:20:55,851 - YW_CYBMM_SZSJ_297.py:36 - 深圳Ａ股股票交易日本方最优卖——金额溢出（总金额>10亿）
2020-07-23 17:20:56,243 - BdtsDataCheck.py:287 - 期望状态和报单状态、提交状态不匹配，期望状态、报单状态、提交状态分别为全成,XTP_ORDER_STATUS_REJECTED,XTP_ORDER_SUBMIT_STATUS_INSERT_REJECTED
2020-07-23 17:20:57,098 - YW_CYBMM_SZSJ_297.py:63 - 执行结果为False,报单查询,期望状态与报单状态不匹配
2020-07-23 17:21:42,949 - YW_CYBMM_SZSJ_336.py:36 - 深圳Ａ股股票交易日对方最优转限价买——错误的价格(价格10亿)
2020-07-23 17:21:44,213 - YW_CYBMM_SZSJ_336.py:63 - 执行结果为True,,
2020-07-23 17:22:09,858 - YW_CYBMM_SZSJ_336.py:36 - 深圳Ａ股股票交易日对方最优转限价买——错误的价格(价格10亿)
2020-07-23 17:22:11,146 - YW_CYBMM_SZSJ_336.py:63 - 执行结果为True,,
2020-07-23 17:22:13,091 - YW_CYBMM_SZSJ_336.py:36 - 深圳Ａ股股票交易日对方最优转限价买——错误的价格(价格10亿)
2020-07-23 17:22:14,374 - YW_CYBMM_SZSJ_336.py:63 - 执行结果为True,,
2020-07-23 17:25:19,060 - YW_CYBMM_SZSJ_342.py:36 - 深圳Ａ股股票交易日对方最优转限价买——金额溢出（总金额>20亿）
2020-07-23 17:25:19,360 - BdtsDataCheck.py:287 - 期望状态和报单状态、提交状态不匹配，期望状态、报单状态、提交状态分别为全成,XTP_ORDER_STATUS_REJECTED,XTP_ORDER_SUBMIT_STATUS_INSERT_REJECTED
2020-07-23 17:25:20,213 - YW_CYBMM_SZSJ_342.py:63 - 执行结果为False,报单查询,期望状态与报单状态不匹配
2020-07-23 17:25:59,452 - YW_CYBMM_SZSJ_381.py:36 - 深圳Ａ股股票交易日对方最优转限价卖——金额溢出（总金额>10亿）
2020-07-23 17:25:59,827 - BdtsDataCheck.py:287 - 期望状态和报单状态、提交状态不匹配，期望状态、报单状态、提交状态分别为全成,XTP_ORDER_STATUS_REJECTED,XTP_ORDER_SUBMIT_STATUS_INSERT_REJECTED
2020-07-23 17:26:00,687 - YW_CYBMM_SZSJ_381.py:63 - 执行结果为False,报单查询,期望状态与报单状态不匹配
2020-07-23 17:27:19,943 - YW_CYBMM_SZSJ_026.py:36 - 深圳Ａ股股票交易日即成剩撤买——错误的价格条件
2020-07-23 17:27:21,202 - YW_CYBMM_SZSJ_026.py:63 - 执行结果为True,,
2020-07-23 17:28:35,251 - YW_CYBMM_SZSJ_231.py:36 - 本方最优买--订单确认
2020-07-23 17:28:38,527 - YW_CYBMM_SZSJ_231.py:63 - 执行结果为True,,
