2020-05-28 18:03:45,504-log_demo-INFO-sql able to connect!
2020-05-28 18:03:45,504-log_demo-INFO-TRUNCATE TABLE ashare_cjhb
2020-05-28 18:03:45,506-log_demo-INFO-TRUNCATE TABLE ashare_ordwth
2020-05-28 18:03:45,509-log_demo-INFO-TRUNCATE TABLE ashare_ordwth2
2020-05-28 18:03:45,511-log_demo-INFO-TRUNCATE TABLE reqresp
2020-05-28 18:03:45,512-log_demo-INFO-TRUNCATE TABLE execreport
2020-05-28 18:03:45,513-log_demo-INFO-TRUNCATE TABLE ashare_ordwth_cancel
2020-05-28 18:03:45,514-log_demo-INFO-truncate table ashare_ordwth_cancel success!
2020-05-28 18:03:45,517-paramiko.transport-DEBUG-starting thread (client mode): 0x26faed0L
2020-05-28 18:03:45,517-paramiko.transport-DEBUG-Local version/idstring: SSH-2.0-paramiko_2.4.1
2020-05-28 18:03:45,526-paramiko.transport-DEBUG-Remote version/idstring: SSH-2.0-OpenSSH_6.6.1
2020-05-28 18:03:45,527-paramiko.transport-INFO-Connected (version 2.0, client OpenSSH_6.6.1)
2020-05-28 18:03:45,531-paramiko.transport-DEBUG-kex algos:[u'curve25519-sha256@libssh.org', u'ecdh-sha2-nistp256', u'ecdh-sha2-nistp384', u'ecdh-sha2-nistp521', u'diffie-hellman-group-exchange-sha256', u'diffie-hellman-group-exchange-sha1', u'diffie-hellman-group14-sha1', u'diffie-hellman-group1-sha1'] server key:[u'ssh-rsa', u'ecdsa-sha2-nistp256', u'ssh-ed25519'] client encrypt:[u'aes128-ctr', u'aes192-ctr', u'aes256-ctr', u'arcfour256', u'arcfour128', u'aes128-gcm@openssh.com', u'aes256-gcm@openssh.com', u'chacha20-poly1305@openssh.com', u'aes128-cbc', u'3des-cbc', u'blowfish-cbc', u'cast128-cbc', u'aes192-cbc', u'aes256-cbc', u'arcfour', u'rijndael-cbc@lysator.liu.se'] server encrypt:[u'aes128-ctr', u'aes192-ctr', u'aes256-ctr', u'arcfour256', u'arcfour128', u'aes128-gcm@openssh.com', u'aes256-gcm@openssh.com', u'chacha20-poly1305@openssh.com', u'aes128-cbc', u'3des-cbc', u'blowfish-cbc', u'cast128-cbc', u'aes192-cbc', u'aes256-cbc', u'arcfour', u'rijndael-cbc@lysator.liu.se'] client mac:[u'hmac-md5-etm@openssh.com', u'hmac-sha1-etm@openssh.com', u'umac-64-etm@openssh.com', u'umac-128-etm@openssh.com', u'hmac-sha2-256-etm@openssh.com', u'hmac-sha2-512-etm@openssh.com', u'hmac-ripemd160-etm@openssh.com', u'hmac-sha1-96-etm@openssh.com', u'hmac-md5-96-etm@openssh.com', u'hmac-md5', u'hmac-sha1', u'umac-64@openssh.com', u'umac-128@openssh.com', u'hmac-sha2-256', u'hmac-sha2-512', u'hmac-ripemd160', u'hmac-ripemd160@openssh.com', u'hmac-sha1-96', u'hmac-md5-96'] server mac:[u'hmac-md5-etm@openssh.com', u'hmac-sha1-etm@openssh.com', u'umac-64-etm@openssh.com', u'umac-128-etm@openssh.com', u'hmac-sha2-256-etm@openssh.com', u'hmac-sha2-512-etm@openssh.com', u'hmac-ripemd160-etm@openssh.com', u'hmac-sha1-96-etm@openssh.com', u'hmac-md5-96-etm@openssh.com', u'hmac-md5', u'hmac-sha1', u'umac-64@openssh.com', u'umac-128@openssh.com', u'hmac-sha2-256', u'hmac-sha2-512', u'hmac-ripemd160', u'hmac-ripemd160@openssh.com', u'hmac-sha1-96', u'hmac-md5-96'] client compress:[u'none', u'zlib@openssh.com'] server compress:[u'none', u'zlib@openssh.com'] client lang:[u''] server lang:[u''] kex follows?False
2020-05-28 18:03:45,531-paramiko.transport-DEBUG-Kex agreed: ecdh-sha2-nistp256
2020-05-28 18:03:45,531-paramiko.transport-DEBUG-HostKey agreed: ssh-ed25519
2020-05-28 18:03:45,531-paramiko.transport-DEBUG-Cipher agreed: aes128-ctr
2020-05-28 18:03:45,531-paramiko.transport-DEBUG-MAC agreed: hmac-sha2-256
2020-05-28 18:03:45,531-paramiko.transport-DEBUG-Compression agreed: none
2020-05-28 18:03:45,536-paramiko.transport-DEBUG-kex engine KexNistp256 specified hash_algo <built-in function openssl_sha256>
2020-05-28 18:03:45,536-paramiko.transport-DEBUG-Switch to new keys ...
2020-05-28 18:03:45,549-paramiko.transport-DEBUG-Adding ssh-ed25519 host key for 10.29.193.60: 9c589c255248bf0581d9b58ecf85e2ed
2020-05-28 18:03:45,576-paramiko.transport-DEBUG-userauth is OK
2020-05-28 18:03:45,612-paramiko.transport-INFO-Authentication (password) successful!
2020-05-28 18:03:45,613-paramiko.transport-DEBUG-[chan 0] Max packet in: 32768 bytes
2020-05-28 18:03:45,813-paramiko.transport-DEBUG-[chan 0] Max packet out: 32768 bytes
2020-05-28 18:03:45,814-paramiko.transport-DEBUG-Secsh channel 0 opened.
2020-05-28 18:03:45,818-paramiko.transport-DEBUG-[chan 0] Sesch channel 0 request ok
2020-05-28 18:03:45,843-paramiko.transport-DEBUG-[chan 0] EOF received (0)
2020-05-28 18:03:45,843-paramiko.transport-DEBUG-[chan 0] EOF sent (0)
2020-05-28 18:03:47,845-paramiko.transport-DEBUG-[chan 1] Max packet in: 32768 bytes
2020-05-28 18:03:47,846-paramiko.transport-DEBUG-[chan 1] Max packet out: 32768 bytes
2020-05-28 18:03:47,846-paramiko.transport-DEBUG-Secsh channel 1 opened.
2020-05-28 18:03:47,848-paramiko.transport-DEBUG-[chan 1] Sesch channel 1 request ok
2020-05-28 18:03:47,867-paramiko.transport-DEBUG-[chan 1] EOF received (1)
2020-05-28 18:03:47,867-paramiko.transport-DEBUG-[chan 1] EOF sent (1)
2020-05-28 18:03:49,869-paramiko.transport-DEBUG-[chan 2] Max packet in: 32768 bytes
2020-05-28 18:03:49,870-paramiko.transport-DEBUG-[chan 2] Max packet out: 32768 bytes
2020-05-28 18:03:49,870-paramiko.transport-DEBUG-Secsh channel 2 opened.
2020-05-28 18:03:49,873-paramiko.transport-DEBUG-[chan 2] Sesch channel 2 request ok
2020-05-28 18:03:49,892-paramiko.transport-DEBUG-[chan 2] EOF received (2)
2020-05-28 18:03:49,892-paramiko.transport-DEBUG-[chan 2] EOF sent (2)
2020-05-28 18:03:51,896-paramiko.transport-DEBUG-EOF in transport thread
2020-05-28 18:04:25,949-paramiko.transport-DEBUG-starting thread (client mode): 0x2700050L
2020-05-28 18:04:25,949-paramiko.transport-DEBUG-Local version/idstring: SSH-2.0-paramiko_2.4.1
2020-05-28 18:04:25,961-paramiko.transport-DEBUG-Remote version/idstring: SSH-2.0-OpenSSH_6.6.1
2020-05-28 18:04:25,961-paramiko.transport-INFO-Connected (version 2.0, client OpenSSH_6.6.1)
2020-05-28 18:04:25,965-paramiko.transport-DEBUG-kex algos:[u'curve25519-sha256@libssh.org', u'ecdh-sha2-nistp256', u'ecdh-sha2-nistp384', u'ecdh-sha2-nistp521', u'diffie-hellman-group-exchange-sha256', u'diffie-hellman-group-exchange-sha1', u'diffie-hellman-group14-sha1', u'diffie-hellman-group1-sha1'] server key:[u'ssh-rsa', u'ecdsa-sha2-nistp256', u'ssh-ed25519'] client encrypt:[u'aes128-ctr', u'aes192-ctr', u'aes256-ctr', u'arcfour256', u'arcfour128', u'aes128-gcm@openssh.com', u'aes256-gcm@openssh.com', u'chacha20-poly1305@openssh.com', u'aes128-cbc', u'3des-cbc', u'blowfish-cbc', u'cast128-cbc', u'aes192-cbc', u'aes256-cbc', u'arcfour', u'rijndael-cbc@lysator.liu.se'] server encrypt:[u'aes128-ctr', u'aes192-ctr', u'aes256-ctr', u'arcfour256', u'arcfour128', u'aes128-gcm@openssh.com', u'aes256-gcm@openssh.com', u'chacha20-poly1305@openssh.com', u'aes128-cbc', u'3des-cbc', u'blowfish-cbc', u'cast128-cbc', u'aes192-cbc', u'aes256-cbc', u'arcfour', u'rijndael-cbc@lysator.liu.se'] client mac:[u'hmac-md5-etm@openssh.com', u'hmac-sha1-etm@openssh.com', u'umac-64-etm@openssh.com', u'umac-128-etm@openssh.com', u'hmac-sha2-256-etm@openssh.com', u'hmac-sha2-512-etm@openssh.com', u'hmac-ripemd160-etm@openssh.com', u'hmac-sha1-96-etm@openssh.com', u'hmac-md5-96-etm@openssh.com', u'hmac-md5', u'hmac-sha1', u'umac-64@openssh.com', u'umac-128@openssh.com', u'hmac-sha2-256', u'hmac-sha2-512', u'hmac-ripemd160', u'hmac-ripemd160@openssh.com', u'hmac-sha1-96', u'hmac-md5-96'] server mac:[u'hmac-md5-etm@openssh.com', u'hmac-sha1-etm@openssh.com', u'umac-64-etm@openssh.com', u'umac-128-etm@openssh.com', u'hmac-sha2-256-etm@openssh.com', u'hmac-sha2-512-etm@openssh.com', u'hmac-ripemd160-etm@openssh.com', u'hmac-sha1-96-etm@openssh.com', u'hmac-md5-96-etm@openssh.com', u'hmac-md5', u'hmac-sha1', u'umac-64@openssh.com', u'umac-128@openssh.com', u'hmac-sha2-256', u'hmac-sha2-512', u'hmac-ripemd160', u'hmac-ripemd160@openssh.com', u'hmac-sha1-96', u'hmac-md5-96'] client compress:[u'none', u'zlib@openssh.com'] server compress:[u'none', u'zlib@openssh.com'] client lang:[u''] server lang:[u''] kex follows?False
2020-05-28 18:04:25,965-paramiko.transport-DEBUG-Kex agreed: ecdh-sha2-nistp256
2020-05-28 18:04:25,965-paramiko.transport-DEBUG-HostKey agreed: ssh-ed25519
2020-05-28 18:04:25,965-paramiko.transport-DEBUG-Cipher agreed: aes128-ctr
2020-05-28 18:04:25,965-paramiko.transport-DEBUG-MAC agreed: hmac-sha2-256
2020-05-28 18:04:25,965-paramiko.transport-DEBUG-Compression agreed: none
2020-05-28 18:04:25,974-paramiko.transport-DEBUG-kex engine KexNistp256 specified hash_algo <built-in function openssl_sha256>
2020-05-28 18:04:25,974-paramiko.transport-DEBUG-Switch to new keys ...
2020-05-28 18:04:25,981-paramiko.transport-DEBUG-Adding ssh-ed25519 host key for 10.29.193.60: 9c589c255248bf0581d9b58ecf85e2ed
2020-05-28 18:04:26,014-paramiko.transport-DEBUG-userauth is OK
2020-05-28 18:04:26,055-paramiko.transport-INFO-Authentication (password) successful!
2020-05-28 18:04:26,081-paramiko.transport-DEBUG-[chan 0] Max packet in: 32768 bytes
2020-05-28 18:04:26,275-paramiko.transport-DEBUG-[chan 0] Max packet out: 32768 bytes
2020-05-28 18:04:26,275-paramiko.transport-DEBUG-Secsh channel 0 opened.
2020-05-28 18:04:26,286-paramiko.transport-DEBUG-[chan 0] Sesch channel 0 request ok
2020-05-28 18:04:27,781-paramiko.transport-DEBUG-[chan 0] EOF received (0)
2020-05-28 18:04:27,781-paramiko.transport-DEBUG-[chan 0] EOF sent (0)
2020-05-28 18:04:29,783-paramiko.transport-DEBUG-[chan 1] Max packet in: 32768 bytes
2020-05-28 18:04:29,784-paramiko.transport-DEBUG-[chan 1] Max packet out: 32768 bytes
2020-05-28 18:04:29,784-paramiko.transport-DEBUG-Secsh channel 1 opened.
2020-05-28 18:04:29,786-paramiko.transport-DEBUG-[chan 1] Sesch channel 1 request ok
2020-05-28 18:04:31,498-paramiko.transport-DEBUG-[chan 1] EOF received (1)
2020-05-28 18:04:31,498-paramiko.transport-DEBUG-[chan 1] EOF sent (1)
2020-05-28 18:04:37,505-paramiko.transport-DEBUG-[chan 2] Max packet in: 32768 bytes
2020-05-28 18:04:37,506-paramiko.transport-DEBUG-[chan 2] Max packet out: 32768 bytes
2020-05-28 18:04:37,506-paramiko.transport-DEBUG-Secsh channel 2 opened.
2020-05-28 18:04:37,509-paramiko.transport-DEBUG-[chan 2] Sesch channel 2 request ok
2020-05-28 18:04:39,325-paramiko.transport-DEBUG-[chan 2] EOF received (2)
2020-05-28 18:04:39,326-paramiko.transport-DEBUG-[chan 2] EOF sent (2)
2020-05-28 18:04:41,328-paramiko.transport-DEBUG-[chan 3] Max packet in: 32768 bytes
2020-05-28 18:04:41,329-paramiko.transport-DEBUG-[chan 3] Max packet out: 32768 bytes
2020-05-28 18:04:41,329-paramiko.transport-DEBUG-Secsh channel 3 opened.
2020-05-28 18:04:41,332-paramiko.transport-DEBUG-[chan 3] Sesch channel 3 request ok
2020-05-28 18:04:42,067-paramiko.transport-DEBUG-[chan 3] EOF received (3)
2020-05-28 18:04:42,067-paramiko.transport-DEBUG-[chan 3] EOF sent (3)
2020-05-28 18:04:44,069-paramiko.transport-DEBUG-[chan 4] Max packet in: 32768 bytes
2020-05-28 18:04:44,070-paramiko.transport-DEBUG-[chan 4] Max packet out: 32768 bytes
2020-05-28 18:04:44,070-paramiko.transport-DEBUG-Secsh channel 4 opened.
2020-05-28 18:04:44,073-paramiko.transport-DEBUG-[chan 4] Sesch channel 4 request ok
2020-05-28 18:04:45,570-paramiko.transport-DEBUG-[chan 4] EOF received (4)
2020-05-28 18:04:45,571-paramiko.transport-DEBUG-[chan 4] EOF sent (4)
2020-05-28 18:04:47,576-paramiko.transport-DEBUG-EOF in transport thread
2020-05-28 18:04:47,756-myloger-WARNING-OMS初始化—可选权限—Fundinfo表，资金账号无跨市场ETF申赎权限
2020-05-28 18:04:54,531-myloger-WARNING- etf申赎的执行结果为: True, , 
