2020-04-02 11:33:42,391-log_demo-INFO-sql able to connect!
2020-04-02 11:33:42,391-log_demo-INFO-TRUNCATE TABLE ashare_cjhb
2020-04-02 11:33:42,393-log_demo-INFO-TRUNCATE TABLE ashare_ordwth
2020-04-02 11:33:42,395-log_demo-INFO-TRUNCATE TABLE ashare_ordwth2
2020-04-02 11:33:42,397-log_demo-INFO-TRUNCATE TABLE reqresp
2020-04-02 11:33:42,398-log_demo-INFO-TRUNCATE TABLE execreport
2020-04-02 11:33:42,400-log_demo-INFO-TRUNCATE TABLE ashare_ordwth_cancel
2020-04-02 11:33:42,402-log_demo-INFO-truncate table ashare_ordwth_cancel success!
2020-04-02 11:33:42,403-paramiko.transport-DEBUG-starting thread (client mode): 0x24d4990L
2020-04-02 11:33:42,403-paramiko.transport-DEBUG-Local version/idstring: SSH-2.0-paramiko_2.4.1
2020-04-02 11:33:42,415-paramiko.transport-DEBUG-Remote version/idstring: SSH-2.0-OpenSSH_6.6.1
2020-04-02 11:33:42,415-paramiko.transport-INFO-Connected (version 2.0, client OpenSSH_6.6.1)
2020-04-02 11:33:42,418-paramiko.transport-DEBUG-kex algos:[u'curve25519-sha256@libssh.org', u'ecdh-sha2-nistp256', u'ecdh-sha2-nistp384', u'ecdh-sha2-nistp521', u'diffie-hellman-group-exchange-sha256', u'diffie-hellman-group-exchange-sha1', u'diffie-hellman-group14-sha1', u'diffie-hellman-group1-sha1'] server key:[u'ssh-rsa', u'ecdsa-sha2-nistp256', u'ssh-ed25519'] client encrypt:[u'aes128-ctr', u'aes192-ctr', u'aes256-ctr', u'arcfour256', u'arcfour128', u'aes128-gcm@openssh.com', u'aes256-gcm@openssh.com', u'chacha20-poly1305@openssh.com', u'aes128-cbc', u'3des-cbc', u'blowfish-cbc', u'cast128-cbc', u'aes192-cbc', u'aes256-cbc', u'arcfour', u'rijndael-cbc@lysator.liu.se'] server encrypt:[u'aes128-ctr', u'aes192-ctr', u'aes256-ctr', u'arcfour256', u'arcfour128', u'aes128-gcm@openssh.com', u'aes256-gcm@openssh.com', u'chacha20-poly1305@openssh.com', u'aes128-cbc', u'3des-cbc', u'blowfish-cbc', u'cast128-cbc', u'aes192-cbc', u'aes256-cbc', u'arcfour', u'rijndael-cbc@lysator.liu.se'] client mac:[u'hmac-md5-etm@openssh.com', u'hmac-sha1-etm@openssh.com', u'umac-64-etm@openssh.com', u'umac-128-etm@openssh.com', u'hmac-sha2-256-etm@openssh.com', u'hmac-sha2-512-etm@openssh.com', u'hmac-ripemd160-etm@openssh.com', u'hmac-sha1-96-etm@openssh.com', u'hmac-md5-96-etm@openssh.com', u'hmac-md5', u'hmac-sha1', u'umac-64@openssh.com', u'umac-128@openssh.com', u'hmac-sha2-256', u'hmac-sha2-512', u'hmac-ripemd160', u'hmac-ripemd160@openssh.com', u'hmac-sha1-96', u'hmac-md5-96'] server mac:[u'hmac-md5-etm@openssh.com', u'hmac-sha1-etm@openssh.com', u'umac-64-etm@openssh.com', u'umac-128-etm@openssh.com', u'hmac-sha2-256-etm@openssh.com', u'hmac-sha2-512-etm@openssh.com', u'hmac-ripemd160-etm@openssh.com', u'hmac-sha1-96-etm@openssh.com', u'hmac-md5-96-etm@openssh.com', u'hmac-md5', u'hmac-sha1', u'umac-64@openssh.com', u'umac-128@openssh.com', u'hmac-sha2-256', u'hmac-sha2-512', u'hmac-ripemd160', u'hmac-ripemd160@openssh.com', u'hmac-sha1-96', u'hmac-md5-96'] client compress:[u'none', u'zlib@openssh.com'] server compress:[u'none', u'zlib@openssh.com'] client lang:[u''] server lang:[u''] kex follows?False
2020-04-02 11:33:42,418-paramiko.transport-DEBUG-Kex agreed: ecdh-sha2-nistp256
2020-04-02 11:33:42,418-paramiko.transport-DEBUG-HostKey agreed: ssh-ed25519
2020-04-02 11:33:42,419-paramiko.transport-DEBUG-Cipher agreed: aes128-ctr
2020-04-02 11:33:42,419-paramiko.transport-DEBUG-MAC agreed: hmac-sha2-256
2020-04-02 11:33:42,419-paramiko.transport-DEBUG-Compression agreed: none
2020-04-02 11:33:42,425-paramiko.transport-DEBUG-kex engine KexNistp256 specified hash_algo <built-in function openssl_sha256>
2020-04-02 11:33:42,425-paramiko.transport-DEBUG-Switch to new keys ...
2020-04-02 11:33:42,434-paramiko.transport-DEBUG-Adding ssh-ed25519 host key for 10.29.193.60: 9c589c255248bf0581d9b58ecf85e2ed
2020-04-02 11:33:42,464-paramiko.transport-DEBUG-userauth is OK
2020-04-02 11:33:42,497-paramiko.transport-INFO-Authentication (password) successful!
2020-04-02 11:33:42,498-paramiko.transport-DEBUG-[chan 0] Max packet in: 32768 bytes
2020-04-02 11:33:42,687-paramiko.transport-DEBUG-[chan 0] Max packet out: 32768 bytes
2020-04-02 11:33:42,687-paramiko.transport-DEBUG-Secsh channel 0 opened.
2020-04-02 11:33:42,701-paramiko.transport-DEBUG-[chan 0] Sesch channel 0 request ok
2020-04-02 11:33:42,722-paramiko.transport-DEBUG-[chan 0] EOF received (0)
2020-04-02 11:33:42,722-paramiko.transport-DEBUG-[chan 0] EOF sent (0)
2020-04-02 11:33:44,722-paramiko.transport-DEBUG-[chan 1] Max packet in: 32768 bytes
2020-04-02 11:33:44,723-paramiko.transport-DEBUG-[chan 1] Max packet out: 32768 bytes
2020-04-02 11:33:44,723-paramiko.transport-DEBUG-Secsh channel 1 opened.
2020-04-02 11:33:44,725-paramiko.transport-DEBUG-[chan 1] Sesch channel 1 request ok
2020-04-02 11:33:44,744-paramiko.transport-DEBUG-[chan 1] EOF received (1)
2020-04-02 11:33:44,744-paramiko.transport-DEBUG-[chan 1] EOF sent (1)
2020-04-02 11:33:46,745-paramiko.transport-DEBUG-[chan 2] Max packet in: 32768 bytes
2020-04-02 11:33:46,746-paramiko.transport-DEBUG-[chan 2] Max packet out: 32768 bytes
2020-04-02 11:33:46,746-paramiko.transport-DEBUG-Secsh channel 2 opened.
2020-04-02 11:33:46,748-paramiko.transport-DEBUG-[chan 2] Sesch channel 2 request ok
2020-04-02 11:33:46,766-paramiko.transport-DEBUG-[chan 2] EOF received (2)
2020-04-02 11:33:46,766-paramiko.transport-DEBUG-[chan 2] EOF sent (2)
2020-04-02 11:33:48,770-paramiko.transport-DEBUG-EOF in transport thread
2020-04-02 11:34:22,874-paramiko.transport-DEBUG-starting thread (client mode): 0x24d4a90L
2020-04-02 11:34:22,874-paramiko.transport-DEBUG-Local version/idstring: SSH-2.0-paramiko_2.4.1
2020-04-02 11:34:22,887-paramiko.transport-DEBUG-Remote version/idstring: SSH-2.0-OpenSSH_6.6.1
2020-04-02 11:34:22,887-paramiko.transport-INFO-Connected (version 2.0, client OpenSSH_6.6.1)
2020-04-02 11:34:22,889-paramiko.transport-DEBUG-kex algos:[u'curve25519-sha256@libssh.org', u'ecdh-sha2-nistp256', u'ecdh-sha2-nistp384', u'ecdh-sha2-nistp521', u'diffie-hellman-group-exchange-sha256', u'diffie-hellman-group-exchange-sha1', u'diffie-hellman-group14-sha1', u'diffie-hellman-group1-sha1'] server key:[u'ssh-rsa', u'ecdsa-sha2-nistp256', u'ssh-ed25519'] client encrypt:[u'aes128-ctr', u'aes192-ctr', u'aes256-ctr', u'arcfour256', u'arcfour128', u'aes128-gcm@openssh.com', u'aes256-gcm@openssh.com', u'chacha20-poly1305@openssh.com', u'aes128-cbc', u'3des-cbc', u'blowfish-cbc', u'cast128-cbc', u'aes192-cbc', u'aes256-cbc', u'arcfour', u'rijndael-cbc@lysator.liu.se'] server encrypt:[u'aes128-ctr', u'aes192-ctr', u'aes256-ctr', u'arcfour256', u'arcfour128', u'aes128-gcm@openssh.com', u'aes256-gcm@openssh.com', u'chacha20-poly1305@openssh.com', u'aes128-cbc', u'3des-cbc', u'blowfish-cbc', u'cast128-cbc', u'aes192-cbc', u'aes256-cbc', u'arcfour', u'rijndael-cbc@lysator.liu.se'] client mac:[u'hmac-md5-etm@openssh.com', u'hmac-sha1-etm@openssh.com', u'umac-64-etm@openssh.com', u'umac-128-etm@openssh.com', u'hmac-sha2-256-etm@openssh.com', u'hmac-sha2-512-etm@openssh.com', u'hmac-ripemd160-etm@openssh.com', u'hmac-sha1-96-etm@openssh.com', u'hmac-md5-96-etm@openssh.com', u'hmac-md5', u'hmac-sha1', u'umac-64@openssh.com', u'umac-128@openssh.com', u'hmac-sha2-256', u'hmac-sha2-512', u'hmac-ripemd160', u'hmac-ripemd160@openssh.com', u'hmac-sha1-96', u'hmac-md5-96'] server mac:[u'hmac-md5-etm@openssh.com', u'hmac-sha1-etm@openssh.com', u'umac-64-etm@openssh.com', u'umac-128-etm@openssh.com', u'hmac-sha2-256-etm@openssh.com', u'hmac-sha2-512-etm@openssh.com', u'hmac-ripemd160-etm@openssh.com', u'hmac-sha1-96-etm@openssh.com', u'hmac-md5-96-etm@openssh.com', u'hmac-md5', u'hmac-sha1', u'umac-64@openssh.com', u'umac-128@openssh.com', u'hmac-sha2-256', u'hmac-sha2-512', u'hmac-ripemd160', u'hmac-ripemd160@openssh.com', u'hmac-sha1-96', u'hmac-md5-96'] client compress:[u'none', u'zlib@openssh.com'] server compress:[u'none', u'zlib@openssh.com'] client lang:[u''] server lang:[u''] kex follows?False
2020-04-02 11:34:22,890-paramiko.transport-DEBUG-Kex agreed: ecdh-sha2-nistp256
2020-04-02 11:34:22,890-paramiko.transport-DEBUG-HostKey agreed: ssh-ed25519
2020-04-02 11:34:22,890-paramiko.transport-DEBUG-Cipher agreed: aes128-ctr
2020-04-02 11:34:22,890-paramiko.transport-DEBUG-MAC agreed: hmac-sha2-256
2020-04-02 11:34:22,890-paramiko.transport-DEBUG-Compression agreed: none
2020-04-02 11:34:22,895-paramiko.transport-DEBUG-kex engine KexNistp256 specified hash_algo <built-in function openssl_sha256>
2020-04-02 11:34:22,895-paramiko.transport-DEBUG-Switch to new keys ...
2020-04-02 11:34:22,906-paramiko.transport-DEBUG-Adding ssh-ed25519 host key for 10.29.193.60: 9c589c255248bf0581d9b58ecf85e2ed
2020-04-02 11:34:22,934-paramiko.transport-DEBUG-userauth is OK
2020-04-02 11:34:22,968-paramiko.transport-INFO-Authentication (password) successful!
2020-04-02 11:34:22,970-paramiko.transport-DEBUG-[chan 0] Max packet in: 32768 bytes
2020-04-02 11:34:23,156-paramiko.transport-DEBUG-[chan 0] Max packet out: 32768 bytes
2020-04-02 11:34:23,156-paramiko.transport-DEBUG-Secsh channel 0 opened.
2020-04-02 11:34:23,172-paramiko.transport-DEBUG-[chan 0] Sesch channel 0 request ok
2020-04-02 11:34:24,453-paramiko.transport-DEBUG-[chan 0] EOF received (0)
2020-04-02 11:34:24,453-paramiko.transport-DEBUG-[chan 0] EOF sent (0)
2020-04-02 11:34:26,454-paramiko.transport-DEBUG-[chan 1] Max packet in: 32768 bytes
2020-04-02 11:34:26,455-paramiko.transport-DEBUG-[chan 1] Max packet out: 32768 bytes
2020-04-02 11:34:26,455-paramiko.transport-DEBUG-Secsh channel 1 opened.
2020-04-02 11:34:26,459-paramiko.transport-DEBUG-[chan 1] Sesch channel 1 request ok
2020-04-02 11:34:28,041-paramiko.transport-DEBUG-[chan 1] EOF received (1)
2020-04-02 11:34:28,042-paramiko.transport-DEBUG-[chan 1] EOF sent (1)
2020-04-02 11:34:34,047-paramiko.transport-DEBUG-[chan 2] Max packet in: 32768 bytes
2020-04-02 11:34:34,049-paramiko.transport-DEBUG-[chan 2] Max packet out: 32768 bytes
2020-04-02 11:34:34,049-paramiko.transport-DEBUG-Secsh channel 2 opened.
2020-04-02 11:34:34,052-paramiko.transport-DEBUG-[chan 2] Sesch channel 2 request ok
2020-04-02 11:34:35,698-paramiko.transport-DEBUG-[chan 2] EOF received (2)
2020-04-02 11:34:35,698-paramiko.transport-DEBUG-[chan 2] EOF sent (2)
2020-04-02 11:34:37,700-paramiko.transport-DEBUG-[chan 3] Max packet in: 32768 bytes
2020-04-02 11:34:37,703-paramiko.transport-DEBUG-[chan 3] Max packet out: 32768 bytes
2020-04-02 11:34:37,703-paramiko.transport-DEBUG-Secsh channel 3 opened.
2020-04-02 11:34:37,706-paramiko.transport-DEBUG-[chan 3] Sesch channel 3 request ok
2020-04-02 11:34:38,302-paramiko.transport-DEBUG-[chan 3] EOF received (3)
2020-04-02 11:34:38,302-paramiko.transport-DEBUG-[chan 3] EOF sent (3)
2020-04-02 11:34:40,304-paramiko.transport-DEBUG-[chan 4] Max packet in: 32768 bytes
2020-04-02 11:34:40,306-paramiko.transport-DEBUG-[chan 4] Max packet out: 32768 bytes
2020-04-02 11:34:40,306-paramiko.transport-DEBUG-Secsh channel 4 opened.
2020-04-02 11:34:40,309-paramiko.transport-DEBUG-[chan 4] Sesch channel 4 request ok
2020-04-02 11:34:41,609-paramiko.transport-DEBUG-[chan 4] EOF received (4)
2020-04-02 11:34:41,610-paramiko.transport-DEBUG-[chan 4] EOF sent (4)
2020-04-02 11:34:43,613-paramiko.transport-DEBUG-EOF in transport thread
