2019-05-27 16:52:18,097-log_demo-INFO-sql able to connect!
2019-05-27 16:52:18,097-log_demo-INFO-delete from xtp_fund_asset_20190527 where fund_acc = 100065004975 and oms_id = 17
2019-05-27 16:52:18,098-log_demo-INFO-delete table xtp_fund_asset_20190527 success!
2019-05-27 16:52:18,101-log_demo-INFO-insert into xtp_fund_asset_20190527
                       select
                        100065004975,
                        cur_type,
                        fund_avl_bal,
                        fund_frz_bal,
                        fund_bal,
                        fund_buy_sale,
                        fund_unc_buy,
                        fund_unc_sale,
                        fund_trsf,
                        node_id,
                        17
                  from xtp_fund_asset_auto where py_name="YW_FJZJJMM_SZSJ_004"
2019-05-27 16:52:18,102-log_demo-INFO-insert_fund_assetYW_FJZJJMM_SZSJ_004success!
2019-05-27 16:52:18,103-paramiko.transport-DEBUG-starting thread (client mode): 0x1d78490L
2019-05-27 16:52:18,103-paramiko.transport-DEBUG-Local version/idstring: SSH-2.0-paramiko_2.4.1
2019-05-27 16:52:18,108-paramiko.transport-DEBUG-Remote version/idstring: SSH-2.0-OpenSSH_6.6.1
2019-05-27 16:52:18,109-paramiko.transport-INFO-Connected (version 2.0, client OpenSSH_6.6.1)
2019-05-27 16:52:18,109-paramiko.transport-DEBUG-kex algos:[u'curve25519-sha256@libssh.org', u'ecdh-sha2-nistp256', u'ecdh-sha2-nistp384', u'ecdh-sha2-nistp521', u'diffie-hellman-group-exchange-sha256', u'diffie-hellman-group-exchange-sha1', u'diffie-hellman-group14-sha1', u'diffie-hellman-group1-sha1'] server key:[u'ssh-rsa', u'ecdsa-sha2-nistp256', u'ssh-ed25519'] client encrypt:[u'aes128-ctr', u'aes192-ctr', u'aes256-ctr', u'arcfour256', u'arcfour128', u'aes128-gcm@openssh.com', u'aes256-gcm@openssh.com', u'chacha20-poly1305@openssh.com', u'aes128-cbc', u'3des-cbc', u'blowfish-cbc', u'cast128-cbc', u'aes192-cbc', u'aes256-cbc', u'arcfour', u'rijndael-cbc@lysator.liu.se'] server encrypt:[u'aes128-ctr', u'aes192-ctr', u'aes256-ctr', u'arcfour256', u'arcfour128', u'aes128-gcm@openssh.com', u'aes256-gcm@openssh.com', u'chacha20-poly1305@openssh.com', u'aes128-cbc', u'3des-cbc', u'blowfish-cbc', u'cast128-cbc', u'aes192-cbc', u'aes256-cbc', u'arcfour', u'rijndael-cbc@lysator.liu.se'] client mac:[u'hmac-md5-etm@openssh.com', u'hmac-sha1-etm@openssh.com', u'umac-64-etm@openssh.com', u'umac-128-etm@openssh.com', u'hmac-sha2-256-etm@openssh.com', u'hmac-sha2-512-etm@openssh.com', u'hmac-ripemd160-etm@openssh.com', u'hmac-sha1-96-etm@openssh.com', u'hmac-md5-96-etm@openssh.com', u'hmac-md5', u'hmac-sha1', u'umac-64@openssh.com', u'umac-128@openssh.com', u'hmac-sha2-256', u'hmac-sha2-512', u'hmac-ripemd160', u'hmac-ripemd160@openssh.com', u'hmac-sha1-96', u'hmac-md5-96'] server mac:[u'hmac-md5-etm@openssh.com', u'hmac-sha1-etm@openssh.com', u'umac-64-etm@openssh.com', u'umac-128-etm@openssh.com', u'hmac-sha2-256-etm@openssh.com', u'hmac-sha2-512-etm@openssh.com', u'hmac-ripemd160-etm@openssh.com', u'hmac-sha1-96-etm@openssh.com', u'hmac-md5-96-etm@openssh.com', u'hmac-md5', u'hmac-sha1', u'umac-64@openssh.com', u'umac-128@openssh.com', u'hmac-sha2-256', u'hmac-sha2-512', u'hmac-ripemd160', u'hmac-ripemd160@openssh.com', u'hmac-sha1-96', u'hmac-md5-96'] client compress:[u'none', u'zlib@openssh.com'] server compress:[u'none', u'zlib@openssh.com'] client lang:[u''] server lang:[u''] kex follows?False
2019-05-27 16:52:18,109-paramiko.transport-DEBUG-Kex agreed: ecdh-sha2-nistp256
2019-05-27 16:52:18,109-paramiko.transport-DEBUG-HostKey agreed: ssh-ed25519
2019-05-27 16:52:18,109-paramiko.transport-DEBUG-Cipher agreed: aes128-ctr
2019-05-27 16:52:18,110-paramiko.transport-DEBUG-MAC agreed: hmac-sha2-256
2019-05-27 16:52:18,110-paramiko.transport-DEBUG-Compression agreed: none
2019-05-27 16:52:18,140-paramiko.transport-DEBUG-kex engine KexNistp256 specified hash_algo <built-in function openssl_sha256>
2019-05-27 16:52:18,141-paramiko.transport-DEBUG-Switch to new keys ...
2019-05-27 16:52:18,150-paramiko.transport-DEBUG-Adding ssh-ed25519 host key for 10.29.182.38: 9c589c255248bf0581d9b58ecf85e2ed
2019-05-27 16:52:18,180-paramiko.transport-DEBUG-userauth is OK
2019-05-27 16:52:18,200-paramiko.transport-INFO-Authentication (password) successful!
2019-05-27 16:52:18,214-paramiko.transport-DEBUG-[chan 0] Max packet in: 32768 bytes
2019-05-27 16:52:18,214-paramiko.transport-DEBUG-[chan 0] Max packet out: 32768 bytes
2019-05-27 16:52:18,214-paramiko.transport-DEBUG-Secsh channel 0 opened.
2019-05-27 16:52:18,216-paramiko.transport-DEBUG-[chan 0] Sesch channel 0 request ok
2019-05-27 16:52:18,473-paramiko.transport-DEBUG-[chan 0] EOF received (0)
2019-05-27 16:52:18,474-paramiko.transport-DEBUG-[chan 0] EOF sent (0)
2019-05-27 16:52:20,477-paramiko.transport-DEBUG-EOF in transport thread
2019-05-27 16:52:20,491-log_demo-INFO-sql able to connect!
2019-05-27 16:52:20,491-log_demo-INFO-TRUNCATE TABLE ashare_cjhb
2019-05-27 16:52:20,493-log_demo-INFO-TRUNCATE TABLE ashare_ordwth
2019-05-27 16:52:20,495-log_demo-INFO-TRUNCATE TABLE ashare_ordwth2
2019-05-27 16:52:20,496-log_demo-INFO-TRUNCATE TABLE reqresp
2019-05-27 16:52:20,497-log_demo-INFO-TRUNCATE TABLE execreport
2019-05-27 16:52:20,498-log_demo-INFO-TRUNCATE TABLE ashare_ordwth_cancel
2019-05-27 16:52:20,499-log_demo-INFO-truncate table ashare_ordwth_cancel success!
2019-05-27 16:52:20,500-paramiko.transport-DEBUG-starting thread (client mode): 0x1d784d0L
2019-05-27 16:52:20,500-paramiko.transport-DEBUG-Local version/idstring: SSH-2.0-paramiko_2.4.1
2019-05-27 16:52:20,505-paramiko.transport-DEBUG-Remote version/idstring: SSH-2.0-OpenSSH_6.6.1
2019-05-27 16:52:20,505-paramiko.transport-INFO-Connected (version 2.0, client OpenSSH_6.6.1)
2019-05-27 16:52:20,506-paramiko.transport-DEBUG-kex algos:[u'curve25519-sha256@libssh.org', u'ecdh-sha2-nistp256', u'ecdh-sha2-nistp384', u'ecdh-sha2-nistp521', u'diffie-hellman-group-exchange-sha256', u'diffie-hellman-group-exchange-sha1', u'diffie-hellman-group14-sha1', u'diffie-hellman-group1-sha1'] server key:[u'ssh-rsa', u'ecdsa-sha2-nistp256', u'ssh-ed25519'] client encrypt:[u'aes128-ctr', u'aes192-ctr', u'aes256-ctr', u'arcfour256', u'arcfour128', u'aes128-gcm@openssh.com', u'aes256-gcm@openssh.com', u'chacha20-poly1305@openssh.com', u'aes128-cbc', u'3des-cbc', u'blowfish-cbc', u'cast128-cbc', u'aes192-cbc', u'aes256-cbc', u'arcfour', u'rijndael-cbc@lysator.liu.se'] server encrypt:[u'aes128-ctr', u'aes192-ctr', u'aes256-ctr', u'arcfour256', u'arcfour128', u'aes128-gcm@openssh.com', u'aes256-gcm@openssh.com', u'chacha20-poly1305@openssh.com', u'aes128-cbc', u'3des-cbc', u'blowfish-cbc', u'cast128-cbc', u'aes192-cbc', u'aes256-cbc', u'arcfour', u'rijndael-cbc@lysator.liu.se'] client mac:[u'hmac-md5-etm@openssh.com', u'hmac-sha1-etm@openssh.com', u'umac-64-etm@openssh.com', u'umac-128-etm@openssh.com', u'hmac-sha2-256-etm@openssh.com', u'hmac-sha2-512-etm@openssh.com', u'hmac-ripemd160-etm@openssh.com', u'hmac-sha1-96-etm@openssh.com', u'hmac-md5-96-etm@openssh.com', u'hmac-md5', u'hmac-sha1', u'umac-64@openssh.com', u'umac-128@openssh.com', u'hmac-sha2-256', u'hmac-sha2-512', u'hmac-ripemd160', u'hmac-ripemd160@openssh.com', u'hmac-sha1-96', u'hmac-md5-96'] server mac:[u'hmac-md5-etm@openssh.com', u'hmac-sha1-etm@openssh.com', u'umac-64-etm@openssh.com', u'umac-128-etm@openssh.com', u'hmac-sha2-256-etm@openssh.com', u'hmac-sha2-512-etm@openssh.com', u'hmac-ripemd160-etm@openssh.com', u'hmac-sha1-96-etm@openssh.com', u'hmac-md5-96-etm@openssh.com', u'hmac-md5', u'hmac-sha1', u'umac-64@openssh.com', u'umac-128@openssh.com', u'hmac-sha2-256', u'hmac-sha2-512', u'hmac-ripemd160', u'hmac-ripemd160@openssh.com', u'hmac-sha1-96', u'hmac-md5-96'] client compress:[u'none', u'zlib@openssh.com'] server compress:[u'none', u'zlib@openssh.com'] client lang:[u''] server lang:[u''] kex follows?False
2019-05-27 16:52:20,506-paramiko.transport-DEBUG-Kex agreed: ecdh-sha2-nistp256
2019-05-27 16:52:20,506-paramiko.transport-DEBUG-HostKey agreed: ssh-ed25519
2019-05-27 16:52:20,506-paramiko.transport-DEBUG-Cipher agreed: aes128-ctr
2019-05-27 16:52:20,506-paramiko.transport-DEBUG-MAC agreed: hmac-sha2-256
2019-05-27 16:52:20,506-paramiko.transport-DEBUG-Compression agreed: none
2019-05-27 16:52:20,510-paramiko.transport-DEBUG-kex engine KexNistp256 specified hash_algo <built-in function openssl_sha256>
2019-05-27 16:52:20,510-paramiko.transport-DEBUG-Switch to new keys ...
2019-05-27 16:52:20,515-paramiko.transport-DEBUG-Adding ssh-ed25519 host key for 10.29.182.38: 9c589c255248bf0581d9b58ecf85e2ed
2019-05-27 16:52:20,549-paramiko.transport-DEBUG-userauth is OK
2019-05-27 16:52:20,569-paramiko.transport-INFO-Authentication (password) successful!
2019-05-27 16:52:20,579-paramiko.transport-DEBUG-[chan 0] Max packet in: 32768 bytes
2019-05-27 16:52:20,579-paramiko.transport-DEBUG-[chan 0] Max packet out: 32768 bytes
2019-05-27 16:52:20,579-paramiko.transport-DEBUG-Secsh channel 0 opened.
2019-05-27 16:52:20,581-paramiko.transport-DEBUG-[chan 0] Sesch channel 0 request ok
2019-05-27 16:52:20,592-paramiko.transport-DEBUG-[chan 0] EOF received (0)
2019-05-27 16:52:20,592-paramiko.transport-DEBUG-[chan 0] EOF sent (0)
2019-05-27 16:52:22,593-paramiko.transport-DEBUG-[chan 1] Max packet in: 32768 bytes
2019-05-27 16:52:22,593-paramiko.transport-DEBUG-[chan 1] Max packet out: 32768 bytes
2019-05-27 16:52:22,593-paramiko.transport-DEBUG-Secsh channel 1 opened.
2019-05-27 16:52:22,595-paramiko.transport-DEBUG-[chan 1] Sesch channel 1 request ok
2019-05-27 16:52:22,606-paramiko.transport-DEBUG-[chan 1] EOF received (1)
2019-05-27 16:52:22,606-paramiko.transport-DEBUG-[chan 1] EOF sent (1)
2019-05-27 16:52:24,609-paramiko.transport-DEBUG-[chan 2] Max packet in: 32768 bytes
2019-05-27 16:52:24,609-paramiko.transport-DEBUG-[chan 2] Max packet out: 32768 bytes
2019-05-27 16:52:24,609-paramiko.transport-DEBUG-Secsh channel 2 opened.
2019-05-27 16:52:24,611-paramiko.transport-DEBUG-[chan 2] Sesch channel 2 request ok
2019-05-27 16:52:24,622-paramiko.transport-DEBUG-[chan 2] EOF received (2)
2019-05-27 16:52:24,622-paramiko.transport-DEBUG-[chan 2] EOF sent (2)
2019-05-27 16:52:26,626-paramiko.transport-DEBUG-EOF in transport thread
2019-05-27 16:52:54,227-paramiko.transport-DEBUG-starting thread (client mode): 0x1d78a50L
2019-05-27 16:52:54,227-paramiko.transport-DEBUG-Local version/idstring: SSH-2.0-paramiko_2.4.1
2019-05-27 16:52:54,232-paramiko.transport-DEBUG-Remote version/idstring: SSH-2.0-OpenSSH_6.6.1
2019-05-27 16:52:54,232-paramiko.transport-INFO-Connected (version 2.0, client OpenSSH_6.6.1)
2019-05-27 16:52:54,233-paramiko.transport-DEBUG-kex algos:[u'curve25519-sha256@libssh.org', u'ecdh-sha2-nistp256', u'ecdh-sha2-nistp384', u'ecdh-sha2-nistp521', u'diffie-hellman-group-exchange-sha256', u'diffie-hellman-group-exchange-sha1', u'diffie-hellman-group14-sha1', u'diffie-hellman-group1-sha1'] server key:[u'ssh-rsa', u'ecdsa-sha2-nistp256', u'ssh-ed25519'] client encrypt:[u'aes128-ctr', u'aes192-ctr', u'aes256-ctr', u'arcfour256', u'arcfour128', u'aes128-gcm@openssh.com', u'aes256-gcm@openssh.com', u'chacha20-poly1305@openssh.com', u'aes128-cbc', u'3des-cbc', u'blowfish-cbc', u'cast128-cbc', u'aes192-cbc', u'aes256-cbc', u'arcfour', u'rijndael-cbc@lysator.liu.se'] server encrypt:[u'aes128-ctr', u'aes192-ctr', u'aes256-ctr', u'arcfour256', u'arcfour128', u'aes128-gcm@openssh.com', u'aes256-gcm@openssh.com', u'chacha20-poly1305@openssh.com', u'aes128-cbc', u'3des-cbc', u'blowfish-cbc', u'cast128-cbc', u'aes192-cbc', u'aes256-cbc', u'arcfour', u'rijndael-cbc@lysator.liu.se'] client mac:[u'hmac-md5-etm@openssh.com', u'hmac-sha1-etm@openssh.com', u'umac-64-etm@openssh.com', u'umac-128-etm@openssh.com', u'hmac-sha2-256-etm@openssh.com', u'hmac-sha2-512-etm@openssh.com', u'hmac-ripemd160-etm@openssh.com', u'hmac-sha1-96-etm@openssh.com', u'hmac-md5-96-etm@openssh.com', u'hmac-md5', u'hmac-sha1', u'umac-64@openssh.com', u'umac-128@openssh.com', u'hmac-sha2-256', u'hmac-sha2-512', u'hmac-ripemd160', u'hmac-ripemd160@openssh.com', u'hmac-sha1-96', u'hmac-md5-96'] server mac:[u'hmac-md5-etm@openssh.com', u'hmac-sha1-etm@openssh.com', u'umac-64-etm@openssh.com', u'umac-128-etm@openssh.com', u'hmac-sha2-256-etm@openssh.com', u'hmac-sha2-512-etm@openssh.com', u'hmac-ripemd160-etm@openssh.com', u'hmac-sha1-96-etm@openssh.com', u'hmac-md5-96-etm@openssh.com', u'hmac-md5', u'hmac-sha1', u'umac-64@openssh.com', u'umac-128@openssh.com', u'hmac-sha2-256', u'hmac-sha2-512', u'hmac-ripemd160', u'hmac-ripemd160@openssh.com', u'hmac-sha1-96', u'hmac-md5-96'] client compress:[u'none', u'zlib@openssh.com'] server compress:[u'none', u'zlib@openssh.com'] client lang:[u''] server lang:[u''] kex follows?False
2019-05-27 16:52:54,233-paramiko.transport-DEBUG-Kex agreed: ecdh-sha2-nistp256
2019-05-27 16:52:54,233-paramiko.transport-DEBUG-HostKey agreed: ssh-ed25519
2019-05-27 16:52:54,233-paramiko.transport-DEBUG-Cipher agreed: aes128-ctr
2019-05-27 16:52:54,233-paramiko.transport-DEBUG-MAC agreed: hmac-sha2-256
2019-05-27 16:52:54,233-paramiko.transport-DEBUG-Compression agreed: none
2019-05-27 16:52:54,237-paramiko.transport-DEBUG-kex engine KexNistp256 specified hash_algo <built-in function openssl_sha256>
2019-05-27 16:52:54,237-paramiko.transport-DEBUG-Switch to new keys ...
2019-05-27 16:52:54,242-paramiko.transport-DEBUG-Adding ssh-ed25519 host key for 10.29.182.38: 9c589c255248bf0581d9b58ecf85e2ed
2019-05-27 16:52:54,277-paramiko.transport-DEBUG-userauth is OK
2019-05-27 16:52:54,298-paramiko.transport-INFO-Authentication (password) successful!
2019-05-27 16:52:54,306-paramiko.transport-DEBUG-[chan 0] Max packet in: 32768 bytes
2019-05-27 16:52:54,307-paramiko.transport-DEBUG-[chan 0] Max packet out: 32768 bytes
2019-05-27 16:52:54,307-paramiko.transport-DEBUG-Secsh channel 0 opened.
2019-05-27 16:52:54,309-paramiko.transport-DEBUG-[chan 0] Sesch channel 0 request ok
2019-05-27 16:52:54,780-paramiko.transport-DEBUG-[chan 0] EOF received (0)
2019-05-27 16:52:54,780-paramiko.transport-DEBUG-[chan 0] EOF sent (0)
2019-05-27 16:52:56,782-paramiko.transport-DEBUG-[chan 1] Max packet in: 32768 bytes
2019-05-27 16:52:56,783-paramiko.transport-DEBUG-[chan 1] Max packet out: 32768 bytes
2019-05-27 16:52:56,783-paramiko.transport-DEBUG-Secsh channel 1 opened.
2019-05-27 16:52:56,785-paramiko.transport-DEBUG-[chan 1] Sesch channel 1 request ok
2019-05-27 16:52:57,364-paramiko.transport-DEBUG-[chan 1] EOF received (1)
2019-05-27 16:52:57,365-paramiko.transport-DEBUG-[chan 1] EOF sent (1)
2019-05-27 16:53:03,367-paramiko.transport-DEBUG-[chan 2] Max packet in: 32768 bytes
2019-05-27 16:53:03,368-paramiko.transport-DEBUG-[chan 2] Max packet out: 32768 bytes
2019-05-27 16:53:03,368-paramiko.transport-DEBUG-Secsh channel 2 opened.
2019-05-27 16:53:03,370-paramiko.transport-DEBUG-[chan 2] Sesch channel 2 request ok
2019-05-27 16:53:03,851-paramiko.transport-DEBUG-[chan 2] EOF received (2)
2019-05-27 16:53:03,851-paramiko.transport-DEBUG-[chan 2] EOF sent (2)
2019-05-27 16:53:05,853-paramiko.transport-DEBUG-[chan 3] Max packet in: 32768 bytes
2019-05-27 16:53:05,853-paramiko.transport-DEBUG-[chan 3] Max packet out: 32768 bytes
2019-05-27 16:53:05,854-paramiko.transport-DEBUG-Secsh channel 3 opened.
2019-05-27 16:53:05,855-paramiko.transport-DEBUG-[chan 3] Sesch channel 3 request ok
2019-05-27 16:53:06,198-paramiko.transport-DEBUG-[chan 3] EOF received (3)
2019-05-27 16:53:06,199-paramiko.transport-DEBUG-[chan 3] EOF sent (3)
2019-05-27 16:53:08,200-paramiko.transport-DEBUG-[chan 4] Max packet in: 32768 bytes
2019-05-27 16:53:08,200-paramiko.transport-DEBUG-[chan 4] Max packet out: 32768 bytes
2019-05-27 16:53:08,200-paramiko.transport-DEBUG-Secsh channel 4 opened.
2019-05-27 16:53:08,202-paramiko.transport-DEBUG-[chan 4] Sesch channel 4 request ok
2019-05-27 16:53:08,665-paramiko.transport-DEBUG-[chan 4] EOF received (4)
2019-05-27 16:53:08,665-paramiko.transport-DEBUG-[chan 4] EOF sent (4)
2019-05-27 16:53:10,668-paramiko.transport-DEBUG-EOF in transport thread
2019-05-27 16:53:10,780-myloger-WARNING-即成剩撤买--已成（费用>min）
2019-05-27 16:53:11,344-myloger-WARNING-执行结果为True,,
