2019-07-19 12:39:31,158-log_demo-INFO-delete from  xtp_default_fee_rate  
            where fee_rate_id in (select fee_rate_id from  xtp_default_fee_rate_auto  where py_name = 'YW_KCB_YCHF_SELL_001')
2019-07-19 12:39:31,161-log_demo-INFO-delete_xtp_default_fee_rateYW_KCB_YCHF_SELL_001success!
2019-07-19 12:39:31,162-log_demo-INFO-insert into xtp_default_fee_rate select user_id, fee_rate_id, value 
            from  xtp_default_fee_rate_auto  where py_name = "YW_KCB_YCHF_SELL_001"
2019-07-19 12:39:31,164-log_demo-INFO-insert_xtp_default_fee_rateYW_KCB_YCHF_SELL_001success!
2019-07-19 12:39:31,165-paramiko.transport-DEBUG-starting thread (client mode): 0x68e9e790L
2019-07-19 12:39:31,165-paramiko.transport-DEBUG-Local version/idstring: SSH-2.0-paramiko_2.4.2
2019-07-19 12:39:31,174-paramiko.transport-DEBUG-Remote version/idstring: SSH-2.0-OpenSSH_7.4
2019-07-19 12:39:31,174-paramiko.transport-INFO-Connected (version 2.0, client OpenSSH_7.4)
2019-07-19 12:39:31,178-paramiko.transport-DEBUG-kex algos:[u'curve25519-sha256', u'curve25519-sha256@libssh.org', u'ecdh-sha2-nistp256', u'ecdh-sha2-nistp384', u'ecdh-sha2-nistp521', u'diffie-hellman-group-exchange-sha256', u'diffie-hellman-group16-sha512', u'diffie-hellman-group18-sha512', u'diffie-hellman-group-exchange-sha1', u'diffie-hellman-group14-sha256', u'diffie-hellman-group14-sha1', u'diffie-hellman-group1-sha1'] server key:[u'ssh-rsa', u'rsa-sha2-512', u'rsa-sha2-256', u'ecdsa-sha2-nistp256', u'ssh-ed25519'] client encrypt:[u'chacha20-poly1305@openssh.com', u'aes128-ctr', u'aes192-ctr', u'aes256-ctr', u'aes128-gcm@openssh.com', u'aes256-gcm@openssh.com', u'aes128-cbc', u'aes192-cbc', u'aes256-cbc', u'blowfish-cbc', u'cast128-cbc', u'3des-cbc'] server encrypt:[u'chacha20-poly1305@openssh.com', u'aes128-ctr', u'aes192-ctr', u'aes256-ctr', u'aes128-gcm@openssh.com', u'aes256-gcm@openssh.com', u'aes128-cbc', u'aes192-cbc', u'aes256-cbc', u'blowfish-cbc', u'cast128-cbc', u'3des-cbc'] client mac:[u'umac-64-etm@openssh.com', u'umac-128-etm@openssh.com', u'hmac-sha2-256-etm@openssh.com', u'hmac-sha2-512-etm@openssh.com', u'hmac-sha1-etm@openssh.com', u'umac-64@openssh.com', u'umac-128@openssh.com', u'hmac-sha2-256', u'hmac-sha2-512', u'hmac-sha1'] server mac:[u'umac-64-etm@openssh.com', u'umac-128-etm@openssh.com', u'hmac-sha2-256-etm@openssh.com', u'hmac-sha2-512-etm@openssh.com', u'hmac-sha1-etm@openssh.com', u'umac-64@openssh.com', u'umac-128@openssh.com', u'hmac-sha2-256', u'hmac-sha2-512', u'hmac-sha1'] client compress:[u'none', u'zlib@openssh.com'] server compress:[u'none', u'zlib@openssh.com'] client lang:[u''] server lang:[u''] kex follows?False
2019-07-19 12:39:31,178-paramiko.transport-DEBUG-Kex agreed: ecdh-sha2-nistp256
2019-07-19 12:39:31,178-paramiko.transport-DEBUG-HostKey agreed: ssh-ed25519
2019-07-19 12:39:31,179-paramiko.transport-DEBUG-Cipher agreed: aes128-ctr
2019-07-19 12:39:31,179-paramiko.transport-DEBUG-MAC agreed: hmac-sha2-256
2019-07-19 12:39:31,179-paramiko.transport-DEBUG-Compression agreed: none
2019-07-19 12:39:31,227-paramiko.transport-DEBUG-kex engine KexNistp256 specified hash_algo <built-in function openssl_sha256>
2019-07-19 12:39:31,227-paramiko.transport-DEBUG-Switch to new keys ...
2019-07-19 12:39:31,235-paramiko.transport-DEBUG-Adding ssh-ed25519 host key for 10.29.182.168: a7baecfa850eafc4f99d868eb0c34c61
2019-07-19 12:39:31,267-paramiko.transport-DEBUG-userauth is OK
2019-07-19 12:39:31,292-paramiko.transport-INFO-Authentication (password) successful!
2019-07-19 12:39:31,299-paramiko.transport-DEBUG-[chan 0] Max packet in: 32768 bytes
2019-07-19 12:39:31,301-paramiko.transport-DEBUG-Received global request "hostkeys-00@openssh.com"
2019-07-19 12:39:31,301-paramiko.transport-DEBUG-Rejecting "hostkeys-00@openssh.com" global request from server.
2019-07-19 12:39:31,341-paramiko.transport-DEBUG-[chan 0] Max packet out: 32768 bytes
2019-07-19 12:39:31,341-paramiko.transport-DEBUG-Secsh channel 0 opened.
2019-07-19 12:39:31,366-paramiko.transport-DEBUG-[chan 0] Sesch channel 0 request ok
2019-07-19 12:39:31,905-paramiko.transport-DEBUG-[chan 0] EOF received (0)
2019-07-19 12:39:31,905-paramiko.transport-DEBUG-[chan 0] EOF sent (0)
2019-07-19 12:39:33,906-paramiko.transport-DEBUG-[chan 1] Max packet in: 32768 bytes
2019-07-19 12:39:33,907-paramiko.transport-DEBUG-[chan 1] Max packet out: 32768 bytes
2019-07-19 12:39:33,907-paramiko.transport-DEBUG-Secsh channel 1 opened.
2019-07-19 12:39:33,910-paramiko.transport-DEBUG-[chan 1] Sesch channel 1 request ok
2019-07-19 12:39:34,641-paramiko.transport-DEBUG-[chan 1] EOF received (1)
2019-07-19 12:39:34,641-paramiko.transport-DEBUG-[chan 1] EOF sent (1)
2019-07-19 12:39:36,643-paramiko.transport-DEBUG-[chan 2] Max packet in: 32768 bytes
2019-07-19 12:39:36,644-paramiko.transport-DEBUG-[chan 2] Max packet out: 32768 bytes
2019-07-19 12:39:36,644-paramiko.transport-DEBUG-Secsh channel 2 opened.
2019-07-19 12:39:36,647-paramiko.transport-DEBUG-[chan 2] Sesch channel 2 request ok
2019-07-19 12:39:37,229-paramiko.transport-DEBUG-[chan 2] EOF received (2)
2019-07-19 12:39:37,229-paramiko.transport-DEBUG-[chan 2] EOF sent (2)
2019-07-19 12:39:39,230-paramiko.transport-DEBUG-[chan 3] Max packet in: 32768 bytes
2019-07-19 12:39:39,230-paramiko.transport-DEBUG-[chan 3] Max packet out: 32768 bytes
2019-07-19 12:39:39,230-paramiko.transport-DEBUG-Secsh channel 3 opened.
2019-07-19 12:39:39,233-paramiko.transport-DEBUG-[chan 3] Sesch channel 3 request ok
2019-07-19 12:39:40,195-paramiko.transport-DEBUG-[chan 3] EOF received (3)
2019-07-19 12:39:40,195-paramiko.transport-DEBUG-[chan 3] EOF sent (3)
2019-07-19 12:39:42,199-paramiko.transport-DEBUG-EOF in transport thread
2019-07-19 12:39:42,310-myloger-WARNING-先重启上海报盘再重启OMS（沪A本方最优：卖出最低特殊费用=0）
2019-07-19 12:39:42,732-myloger-WARNING-执行结果为True,,
2019-07-19 12:39:42,733-log_demo-INFO-delete from  xtp_default_fee_rate  
            where fee_rate_id in (select fee_rate_id from  xtp_default_fee_rate_auto  where py_name = 'YW_KCB_BAK_000')
2019-07-19 12:39:42,744-log_demo-INFO-delete_xtp_default_fee_rateYW_KCB_BAK_000success!
2019-07-19 12:39:42,745-log_demo-INFO-insert into xtp_default_fee_rate select user_id, fee_rate_id, value 
            from  xtp_default_fee_rate_auto  where py_name = "YW_KCB_BAK_000"
2019-07-19 12:39:42,751-log_demo-INFO-insert_xtp_default_fee_rateYW_KCB_BAK_000success!
2019-07-19 12:39:42,752-paramiko.transport-DEBUG-starting thread (client mode): 0x6e9e2d10L
2019-07-19 12:39:42,752-paramiko.transport-DEBUG-Local version/idstring: SSH-2.0-paramiko_2.4.2
2019-07-19 12:39:42,762-paramiko.transport-DEBUG-Remote version/idstring: SSH-2.0-OpenSSH_7.4
2019-07-19 12:39:42,763-paramiko.transport-INFO-Connected (version 2.0, client OpenSSH_7.4)
2019-07-19 12:39:42,766-paramiko.transport-DEBUG-kex algos:[u'curve25519-sha256', u'curve25519-sha256@libssh.org', u'ecdh-sha2-nistp256', u'ecdh-sha2-nistp384', u'ecdh-sha2-nistp521', u'diffie-hellman-group-exchange-sha256', u'diffie-hellman-group16-sha512', u'diffie-hellman-group18-sha512', u'diffie-hellman-group-exchange-sha1', u'diffie-hellman-group14-sha256', u'diffie-hellman-group14-sha1', u'diffie-hellman-group1-sha1'] server key:[u'ssh-rsa', u'rsa-sha2-512', u'rsa-sha2-256', u'ecdsa-sha2-nistp256', u'ssh-ed25519'] client encrypt:[u'chacha20-poly1305@openssh.com', u'aes128-ctr', u'aes192-ctr', u'aes256-ctr', u'aes128-gcm@openssh.com', u'aes256-gcm@openssh.com', u'aes128-cbc', u'aes192-cbc', u'aes256-cbc', u'blowfish-cbc', u'cast128-cbc', u'3des-cbc'] server encrypt:[u'chacha20-poly1305@openssh.com', u'aes128-ctr', u'aes192-ctr', u'aes256-ctr', u'aes128-gcm@openssh.com', u'aes256-gcm@openssh.com', u'aes128-cbc', u'aes192-cbc', u'aes256-cbc', u'blowfish-cbc', u'cast128-cbc', u'3des-cbc'] client mac:[u'umac-64-etm@openssh.com', u'umac-128-etm@openssh.com', u'hmac-sha2-256-etm@openssh.com', u'hmac-sha2-512-etm@openssh.com', u'hmac-sha1-etm@openssh.com', u'umac-64@openssh.com', u'umac-128@openssh.com', u'hmac-sha2-256', u'hmac-sha2-512', u'hmac-sha1'] server mac:[u'umac-64-etm@openssh.com', u'umac-128-etm@openssh.com', u'hmac-sha2-256-etm@openssh.com', u'hmac-sha2-512-etm@openssh.com', u'hmac-sha1-etm@openssh.com', u'umac-64@openssh.com', u'umac-128@openssh.com', u'hmac-sha2-256', u'hmac-sha2-512', u'hmac-sha1'] client compress:[u'none', u'zlib@openssh.com'] server compress:[u'none', u'zlib@openssh.com'] client lang:[u''] server lang:[u''] kex follows?False
2019-07-19 12:39:42,766-paramiko.transport-DEBUG-Kex agreed: ecdh-sha2-nistp256
2019-07-19 12:39:42,766-paramiko.transport-DEBUG-HostKey agreed: ssh-ed25519
2019-07-19 12:39:42,766-paramiko.transport-DEBUG-Cipher agreed: aes128-ctr
2019-07-19 12:39:42,767-paramiko.transport-DEBUG-MAC agreed: hmac-sha2-256
2019-07-19 12:39:42,767-paramiko.transport-DEBUG-Compression agreed: none
2019-07-19 12:39:42,772-paramiko.transport-DEBUG-kex engine KexNistp256 specified hash_algo <built-in function openssl_sha256>
2019-07-19 12:39:42,773-paramiko.transport-DEBUG-Switch to new keys ...
2019-07-19 12:39:42,784-paramiko.transport-DEBUG-Adding ssh-ed25519 host key for 10.29.182.168: a7baecfa850eafc4f99d868eb0c34c61
2019-07-19 12:39:42,813-paramiko.transport-DEBUG-userauth is OK
2019-07-19 12:39:42,846-paramiko.transport-INFO-Authentication (password) successful!
2019-07-19 12:39:42,848-paramiko.transport-DEBUG-[chan 0] Max packet in: 32768 bytes
2019-07-19 12:39:42,856-paramiko.transport-DEBUG-Received global request "hostkeys-00@openssh.com"
2019-07-19 12:39:42,856-paramiko.transport-DEBUG-Rejecting "hostkeys-00@openssh.com" global request from server.
2019-07-19 12:39:42,895-paramiko.transport-DEBUG-[chan 0] Max packet out: 32768 bytes
2019-07-19 12:39:42,896-paramiko.transport-DEBUG-Secsh channel 0 opened.
2019-07-19 12:39:42,915-paramiko.transport-DEBUG-[chan 0] Sesch channel 0 request ok
2019-07-19 12:39:43,481-paramiko.transport-DEBUG-[chan 0] EOF received (0)
2019-07-19 12:39:43,481-paramiko.transport-DEBUG-[chan 0] EOF sent (0)
2019-07-19 12:39:45,482-paramiko.transport-DEBUG-[chan 1] Max packet in: 32768 bytes
2019-07-19 12:39:45,483-paramiko.transport-DEBUG-[chan 1] Max packet out: 32768 bytes
2019-07-19 12:39:45,483-paramiko.transport-DEBUG-Secsh channel 1 opened.
2019-07-19 12:39:45,486-paramiko.transport-DEBUG-[chan 1] Sesch channel 1 request ok
2019-07-19 12:39:46,231-paramiko.transport-DEBUG-[chan 1] EOF received (1)
2019-07-19 12:39:46,232-paramiko.transport-DEBUG-[chan 1] EOF sent (1)
2019-07-19 12:39:48,234-paramiko.transport-DEBUG-[chan 2] Max packet in: 32768 bytes
2019-07-19 12:39:48,235-paramiko.transport-DEBUG-[chan 2] Max packet out: 32768 bytes
2019-07-19 12:39:48,235-paramiko.transport-DEBUG-Secsh channel 2 opened.
2019-07-19 12:39:48,238-paramiko.transport-DEBUG-[chan 2] Sesch channel 2 request ok
2019-07-19 12:39:48,808-paramiko.transport-DEBUG-[chan 2] EOF received (2)
2019-07-19 12:39:48,808-paramiko.transport-DEBUG-[chan 2] EOF sent (2)
2019-07-19 12:39:50,809-paramiko.transport-DEBUG-[chan 3] Max packet in: 32768 bytes
2019-07-19 12:39:50,810-paramiko.transport-DEBUG-[chan 3] Max packet out: 32768 bytes
2019-07-19 12:39:50,810-paramiko.transport-DEBUG-Secsh channel 3 opened.
2019-07-19 12:39:50,813-paramiko.transport-DEBUG-[chan 3] Sesch channel 3 request ok
2019-07-19 12:39:51,781-paramiko.transport-DEBUG-[chan 3] EOF received (3)
2019-07-19 12:39:51,781-paramiko.transport-DEBUG-[chan 3] EOF sent (3)
2019-07-19 12:39:53,785-paramiko.transport-DEBUG-EOF in transport thread
