2019-07-18 11:56:21,064-log_demo-INFO-delete from  xtp_default_fee_rate  
            where fee_rate_id in (select fee_rate_id from  xtp_default_fee_rate_auto  where py_name = 'YW_KCB_YCHF_SELL_001')
2019-07-18 11:56:21,070-log_demo-INFO-delete_xtp_default_fee_rateYW_KCB_YCHF_SELL_001success!
2019-07-18 11:56:21,070-log_demo-INFO-insert into xtp_default_fee_rate select user_id, fee_rate_id, value 
            from  xtp_default_fee_rate_auto  where py_name = "YW_KCB_YCHF_SELL_001"
2019-07-18 11:56:21,072-log_demo-INFO-insert_xtp_default_fee_rateYW_KCB_YCHF_SELL_001success!
2019-07-18 11:56:21,073-paramiko.transport-DEBUG-starting thread (client mode): 0x8f5049d0L
2019-07-18 11:56:21,073-paramiko.transport-DEBUG-Local version/idstring: SSH-2.0-paramiko_2.4.2
2019-07-18 11:56:21,083-paramiko.transport-DEBUG-Remote version/idstring: SSH-2.0-OpenSSH_7.4
2019-07-18 11:56:21,083-paramiko.transport-INFO-Connected (version 2.0, client OpenSSH_7.4)
2019-07-18 11:56:21,085-paramiko.transport-DEBUG-kex algos:[u'curve25519-sha256', u'curve25519-sha256@libssh.org', u'ecdh-sha2-nistp256', u'ecdh-sha2-nistp384', u'ecdh-sha2-nistp521', u'diffie-hellman-group-exchange-sha256', u'diffie-hellman-group16-sha512', u'diffie-hellman-group18-sha512', u'diffie-hellman-group-exchange-sha1', u'diffie-hellman-group14-sha256', u'diffie-hellman-group14-sha1', u'diffie-hellman-group1-sha1'] server key:[u'ssh-rsa', u'rsa-sha2-512', u'rsa-sha2-256', u'ecdsa-sha2-nistp256', u'ssh-ed25519'] client encrypt:[u'chacha20-poly1305@openssh.com', u'aes128-ctr', u'aes192-ctr', u'aes256-ctr', u'aes128-gcm@openssh.com', u'aes256-gcm@openssh.com', u'aes128-cbc', u'aes192-cbc', u'aes256-cbc', u'blowfish-cbc', u'cast128-cbc', u'3des-cbc'] server encrypt:[u'chacha20-poly1305@openssh.com', u'aes128-ctr', u'aes192-ctr', u'aes256-ctr', u'aes128-gcm@openssh.com', u'aes256-gcm@openssh.com', u'aes128-cbc', u'aes192-cbc', u'aes256-cbc', u'blowfish-cbc', u'cast128-cbc', u'3des-cbc'] client mac:[u'umac-64-etm@openssh.com', u'umac-128-etm@openssh.com', u'hmac-sha2-256-etm@openssh.com', u'hmac-sha2-512-etm@openssh.com', u'hmac-sha1-etm@openssh.com', u'umac-64@openssh.com', u'umac-128@openssh.com', u'hmac-sha2-256', u'hmac-sha2-512', u'hmac-sha1'] server mac:[u'umac-64-etm@openssh.com', u'umac-128-etm@openssh.com', u'hmac-sha2-256-etm@openssh.com', u'hmac-sha2-512-etm@openssh.com', u'hmac-sha1-etm@openssh.com', u'umac-64@openssh.com', u'umac-128@openssh.com', u'hmac-sha2-256', u'hmac-sha2-512', u'hmac-sha1'] client compress:[u'none', u'zlib@openssh.com'] server compress:[u'none', u'zlib@openssh.com'] client lang:[u''] server lang:[u''] kex follows?False
2019-07-18 11:56:21,086-paramiko.transport-DEBUG-Kex agreed: ecdh-sha2-nistp256
2019-07-18 11:56:21,086-paramiko.transport-DEBUG-HostKey agreed: ssh-ed25519
2019-07-18 11:56:21,086-paramiko.transport-DEBUG-Cipher agreed: aes128-ctr
2019-07-18 11:56:21,086-paramiko.transport-DEBUG-MAC agreed: hmac-sha2-256
2019-07-18 11:56:21,086-paramiko.transport-DEBUG-Compression agreed: none
2019-07-18 11:56:21,128-paramiko.transport-DEBUG-kex engine KexNistp256 specified hash_algo <built-in function openssl_sha256>
2019-07-18 11:56:21,128-paramiko.transport-DEBUG-Switch to new keys ...
2019-07-18 11:56:21,142-paramiko.transport-DEBUG-Adding ssh-ed25519 host key for 10.29.182.168: a7baecfa850eafc4f99d868eb0c34c61
2019-07-18 11:56:21,167-paramiko.transport-DEBUG-userauth is OK
2019-07-18 11:56:21,193-paramiko.transport-INFO-Authentication (password) successful!
2019-07-18 11:56:21,207-paramiko.transport-DEBUG-[chan 0] Max packet in: 32768 bytes
2019-07-18 11:56:21,207-paramiko.transport-DEBUG-Received global request "hostkeys-00@openssh.com"
2019-07-18 11:56:21,207-paramiko.transport-DEBUG-Rejecting "hostkeys-00@openssh.com" global request from server.
2019-07-18 11:56:21,246-paramiko.transport-DEBUG-[chan 0] Max packet out: 32768 bytes
2019-07-18 11:56:21,247-paramiko.transport-DEBUG-Secsh channel 0 opened.
2019-07-18 11:56:21,273-paramiko.transport-DEBUG-[chan 0] Sesch channel 0 request ok
2019-07-18 11:56:21,810-paramiko.transport-DEBUG-[chan 0] EOF received (0)
2019-07-18 11:56:21,811-paramiko.transport-DEBUG-[chan 0] EOF sent (0)
2019-07-18 11:56:23,812-paramiko.transport-DEBUG-[chan 1] Max packet in: 32768 bytes
2019-07-18 11:56:23,812-paramiko.transport-DEBUG-[chan 1] Max packet out: 32768 bytes
2019-07-18 11:56:23,812-paramiko.transport-DEBUG-Secsh channel 1 opened.
2019-07-18 11:56:23,815-paramiko.transport-DEBUG-[chan 1] Sesch channel 1 request ok
2019-07-18 11:56:24,514-paramiko.transport-DEBUG-[chan 1] EOF received (1)
2019-07-18 11:56:24,514-paramiko.transport-DEBUG-[chan 1] EOF sent (1)
2019-07-18 11:56:26,514-paramiko.transport-DEBUG-[chan 2] Max packet in: 32768 bytes
2019-07-18 11:56:26,515-paramiko.transport-DEBUG-[chan 2] Max packet out: 32768 bytes
2019-07-18 11:56:26,515-paramiko.transport-DEBUG-Secsh channel 2 opened.
2019-07-18 11:56:26,518-paramiko.transport-DEBUG-[chan 2] Sesch channel 2 request ok
2019-07-18 11:56:27,040-paramiko.transport-DEBUG-[chan 2] EOF received (2)
2019-07-18 11:56:27,040-paramiko.transport-DEBUG-[chan 2] EOF sent (2)
2019-07-18 11:56:29,042-paramiko.transport-DEBUG-[chan 3] Max packet in: 32768 bytes
2019-07-18 11:56:29,043-paramiko.transport-DEBUG-[chan 3] Max packet out: 32768 bytes
2019-07-18 11:56:29,043-paramiko.transport-DEBUG-Secsh channel 3 opened.
2019-07-18 11:56:29,046-paramiko.transport-DEBUG-[chan 3] Sesch channel 3 request ok
2019-07-18 11:56:29,988-paramiko.transport-DEBUG-[chan 3] EOF received (3)
2019-07-18 11:56:29,989-paramiko.transport-DEBUG-[chan 3] EOF sent (3)
2019-07-18 11:56:31,993-paramiko.transport-DEBUG-EOF in transport thread
2019-07-18 11:56:32,104-myloger-WARNING-重启数据库服务（沪A本方最优：卖出最低特殊费用=0）
2019-07-18 11:56:32,522-myloger-WARNING-执行结果为False,,
2019-07-18 11:56:32,523-log_demo-INFO-delete from  xtp_default_fee_rate  
            where fee_rate_id in (select fee_rate_id from  xtp_default_fee_rate_auto  where py_name = 'YW_KCB_BAK_000')
2019-07-18 11:56:32,525-log_demo-INFO-delete_xtp_default_fee_rateYW_KCB_BAK_000success!
2019-07-18 11:56:32,526-log_demo-INFO-insert into xtp_default_fee_rate select user_id, fee_rate_id, value 
            from  xtp_default_fee_rate_auto  where py_name = "YW_KCB_BAK_000"
2019-07-18 11:56:32,528-log_demo-INFO-insert_xtp_default_fee_rateYW_KCB_BAK_000success!
2019-07-18 11:56:32,529-paramiko.transport-DEBUG-starting thread (client mode): 0x95048f10L
2019-07-18 11:56:32,529-paramiko.transport-DEBUG-Local version/idstring: SSH-2.0-paramiko_2.4.2
2019-07-18 11:56:32,538-paramiko.transport-DEBUG-Remote version/idstring: SSH-2.0-OpenSSH_7.4
2019-07-18 11:56:32,538-paramiko.transport-INFO-Connected (version 2.0, client OpenSSH_7.4)
2019-07-18 11:56:32,541-paramiko.transport-DEBUG-kex algos:[u'curve25519-sha256', u'curve25519-sha256@libssh.org', u'ecdh-sha2-nistp256', u'ecdh-sha2-nistp384', u'ecdh-sha2-nistp521', u'diffie-hellman-group-exchange-sha256', u'diffie-hellman-group16-sha512', u'diffie-hellman-group18-sha512', u'diffie-hellman-group-exchange-sha1', u'diffie-hellman-group14-sha256', u'diffie-hellman-group14-sha1', u'diffie-hellman-group1-sha1'] server key:[u'ssh-rsa', u'rsa-sha2-512', u'rsa-sha2-256', u'ecdsa-sha2-nistp256', u'ssh-ed25519'] client encrypt:[u'chacha20-poly1305@openssh.com', u'aes128-ctr', u'aes192-ctr', u'aes256-ctr', u'aes128-gcm@openssh.com', u'aes256-gcm@openssh.com', u'aes128-cbc', u'aes192-cbc', u'aes256-cbc', u'blowfish-cbc', u'cast128-cbc', u'3des-cbc'] server encrypt:[u'chacha20-poly1305@openssh.com', u'aes128-ctr', u'aes192-ctr', u'aes256-ctr', u'aes128-gcm@openssh.com', u'aes256-gcm@openssh.com', u'aes128-cbc', u'aes192-cbc', u'aes256-cbc', u'blowfish-cbc', u'cast128-cbc', u'3des-cbc'] client mac:[u'umac-64-etm@openssh.com', u'umac-128-etm@openssh.com', u'hmac-sha2-256-etm@openssh.com', u'hmac-sha2-512-etm@openssh.com', u'hmac-sha1-etm@openssh.com', u'umac-64@openssh.com', u'umac-128@openssh.com', u'hmac-sha2-256', u'hmac-sha2-512', u'hmac-sha1'] server mac:[u'umac-64-etm@openssh.com', u'umac-128-etm@openssh.com', u'hmac-sha2-256-etm@openssh.com', u'hmac-sha2-512-etm@openssh.com', u'hmac-sha1-etm@openssh.com', u'umac-64@openssh.com', u'umac-128@openssh.com', u'hmac-sha2-256', u'hmac-sha2-512', u'hmac-sha1'] client compress:[u'none', u'zlib@openssh.com'] server compress:[u'none', u'zlib@openssh.com'] client lang:[u''] server lang:[u''] kex follows?False
2019-07-18 11:56:32,541-paramiko.transport-DEBUG-Kex agreed: ecdh-sha2-nistp256
2019-07-18 11:56:32,541-paramiko.transport-DEBUG-HostKey agreed: ssh-ed25519
2019-07-18 11:56:32,541-paramiko.transport-DEBUG-Cipher agreed: aes128-ctr
2019-07-18 11:56:32,542-paramiko.transport-DEBUG-MAC agreed: hmac-sha2-256
2019-07-18 11:56:32,542-paramiko.transport-DEBUG-Compression agreed: none
2019-07-18 11:56:32,546-paramiko.transport-DEBUG-kex engine KexNistp256 specified hash_algo <built-in function openssl_sha256>
2019-07-18 11:56:32,546-paramiko.transport-DEBUG-Switch to new keys ...
2019-07-18 11:56:32,560-paramiko.transport-DEBUG-Adding ssh-ed25519 host key for 10.29.182.168: a7baecfa850eafc4f99d868eb0c34c61
2019-07-18 11:56:32,585-paramiko.transport-DEBUG-userauth is OK
2019-07-18 11:56:32,612-paramiko.transport-INFO-Authentication (password) successful!
2019-07-18 11:56:32,624-paramiko.transport-DEBUG-[chan 0] Max packet in: 32768 bytes
2019-07-18 11:56:32,625-paramiko.transport-DEBUG-Received global request "hostkeys-00@openssh.com"
2019-07-18 11:56:32,625-paramiko.transport-DEBUG-Rejecting "hostkeys-00@openssh.com" global request from server.
2019-07-18 11:56:32,664-paramiko.transport-DEBUG-[chan 0] Max packet out: 32768 bytes
2019-07-18 11:56:32,665-paramiko.transport-DEBUG-Secsh channel 0 opened.
2019-07-18 11:56:32,690-paramiko.transport-DEBUG-[chan 0] Sesch channel 0 request ok
2019-07-18 11:56:33,201-paramiko.transport-DEBUG-[chan 0] EOF received (0)
2019-07-18 11:56:33,202-paramiko.transport-DEBUG-[chan 0] EOF sent (0)
2019-07-18 11:56:35,202-paramiko.transport-DEBUG-[chan 1] Max packet in: 32768 bytes
2019-07-18 11:56:35,203-paramiko.transport-DEBUG-[chan 1] Max packet out: 32768 bytes
2019-07-18 11:56:35,203-paramiko.transport-DEBUG-Secsh channel 1 opened.
2019-07-18 11:56:35,206-paramiko.transport-DEBUG-[chan 1] Sesch channel 1 request ok
2019-07-18 11:56:35,948-paramiko.transport-DEBUG-[chan 1] EOF received (1)
2019-07-18 11:56:35,948-paramiko.transport-DEBUG-[chan 1] EOF sent (1)
2019-07-18 11:56:37,950-paramiko.transport-DEBUG-[chan 2] Max packet in: 32768 bytes
2019-07-18 11:56:37,951-paramiko.transport-DEBUG-[chan 2] Max packet out: 32768 bytes
2019-07-18 11:56:37,951-paramiko.transport-DEBUG-Secsh channel 2 opened.
2019-07-18 11:56:37,954-paramiko.transport-DEBUG-[chan 2] Sesch channel 2 request ok
2019-07-18 11:56:38,471-paramiko.transport-DEBUG-[chan 2] EOF received (2)
2019-07-18 11:56:38,471-paramiko.transport-DEBUG-[chan 2] EOF sent (2)
2019-07-18 11:56:40,472-paramiko.transport-DEBUG-[chan 3] Max packet in: 32768 bytes
2019-07-18 11:56:40,473-paramiko.transport-DEBUG-[chan 3] Max packet out: 32768 bytes
2019-07-18 11:56:40,473-paramiko.transport-DEBUG-Secsh channel 3 opened.
2019-07-18 11:56:40,476-paramiko.transport-DEBUG-[chan 3] Sesch channel 3 request ok
2019-07-18 11:56:41,442-paramiko.transport-DEBUG-[chan 3] EOF received (3)
2019-07-18 11:56:41,443-paramiko.transport-DEBUG-[chan 3] EOF sent (3)
2019-07-18 11:56:43,447-paramiko.transport-DEBUG-EOF in transport thread
