2020-07-12 17:43:59,756-log_demo-INFO-sql able to connect!
2020-07-12 17:43:59,756-log_demo-INFO-delete from xtp_fund_asset_20200712 where fund_acc = 100065004975 and oms_id = 6
2020-07-12 17:43:59,759-log_demo-INFO-delete table xtp_fund_asset_20200712 success!
2020-07-12 17:43:59,816-log_demo-INFO-insert into xtp_fund_asset_20200712
                       select
                        100065004975,
                        cur_type,
                        fund_avl_bal,
                        fund_frz_bal,
                        fund_bal,
                        fund_buy_sale,
                        fund_unc_buy,
                        fund_unc_sale,
                        fund_trsf,
                        node_id,
                        6
                  from xtp_fund_asset_auto where py_name="YW_CYBMM_SZSJ_030"
2020-07-12 17:43:59,818-log_demo-INFO-insert_fund_assetYW_CYBMM_SZSJ_030success!
2020-07-12 17:43:59,819-paramiko.transport-DEBUG-starting thread (client mode): 0x2e151d0L
2020-07-12 17:43:59,820-paramiko.transport-DEBUG-Local version/idstring: SSH-2.0-paramiko_2.4.1
2020-07-12 17:43:59,832-paramiko.transport-DEBUG-Remote version/idstring: SSH-2.0-OpenSSH_6.6.1
2020-07-12 17:43:59,832-paramiko.transport-INFO-Connected (version 2.0, client OpenSSH_6.6.1)
2020-07-12 17:43:59,836-paramiko.transport-DEBUG-kex algos:[u'curve25519-sha256@libssh.org', u'ecdh-sha2-nistp256', u'ecdh-sha2-nistp384', u'ecdh-sha2-nistp521', u'diffie-hellman-group-exchange-sha256', u'diffie-hellman-group-exchange-sha1', u'diffie-hellman-group14-sha1', u'diffie-hellman-group1-sha1'] server key:[u'ssh-rsa', u'ecdsa-sha2-nistp256', u'ssh-ed25519'] client encrypt:[u'aes128-ctr', u'aes192-ctr', u'aes256-ctr', u'arcfour256', u'arcfour128', u'aes128-gcm@openssh.com', u'aes256-gcm@openssh.com', u'chacha20-poly1305@openssh.com', u'aes128-cbc', u'3des-cbc', u'blowfish-cbc', u'cast128-cbc', u'aes192-cbc', u'aes256-cbc', u'arcfour', u'rijndael-cbc@lysator.liu.se'] server encrypt:[u'aes128-ctr', u'aes192-ctr', u'aes256-ctr', u'arcfour256', u'arcfour128', u'aes128-gcm@openssh.com', u'aes256-gcm@openssh.com', u'chacha20-poly1305@openssh.com', u'aes128-cbc', u'3des-cbc', u'blowfish-cbc', u'cast128-cbc', u'aes192-cbc', u'aes256-cbc', u'arcfour', u'rijndael-cbc@lysator.liu.se'] client mac:[u'hmac-md5-etm@openssh.com', u'hmac-sha1-etm@openssh.com', u'umac-64-etm@openssh.com', u'umac-128-etm@openssh.com', u'hmac-sha2-256-etm@openssh.com', u'hmac-sha2-512-etm@openssh.com', u'hmac-ripemd160-etm@openssh.com', u'hmac-sha1-96-etm@openssh.com', u'hmac-md5-96-etm@openssh.com', u'hmac-md5', u'hmac-sha1', u'umac-64@openssh.com', u'umac-128@openssh.com', u'hmac-sha2-256', u'hmac-sha2-512', u'hmac-ripemd160', u'hmac-ripemd160@openssh.com', u'hmac-sha1-96', u'hmac-md5-96'] server mac:[u'hmac-md5-etm@openssh.com', u'hmac-sha1-etm@openssh.com', u'umac-64-etm@openssh.com', u'umac-128-etm@openssh.com', u'hmac-sha2-256-etm@openssh.com', u'hmac-sha2-512-etm@openssh.com', u'hmac-ripemd160-etm@openssh.com', u'hmac-sha1-96-etm@openssh.com', u'hmac-md5-96-etm@openssh.com', u'hmac-md5', u'hmac-sha1', u'umac-64@openssh.com', u'umac-128@openssh.com', u'hmac-sha2-256', u'hmac-sha2-512', u'hmac-ripemd160', u'hmac-ripemd160@openssh.com', u'hmac-sha1-96', u'hmac-md5-96'] client compress:[u'none', u'zlib@openssh.com'] server compress:[u'none', u'zlib@openssh.com'] client lang:[u''] server lang:[u''] kex follows?False
2020-07-12 17:43:59,836-paramiko.transport-DEBUG-Kex agreed: ecdh-sha2-nistp256
2020-07-12 17:43:59,837-paramiko.transport-DEBUG-HostKey agreed: ssh-ed25519
2020-07-12 17:43:59,837-paramiko.transport-DEBUG-Cipher agreed: aes128-ctr
2020-07-12 17:43:59,837-paramiko.transport-DEBUG-MAC agreed: hmac-sha2-256
2020-07-12 17:43:59,837-paramiko.transport-DEBUG-Compression agreed: none
2020-07-12 17:43:59,876-paramiko.transport-DEBUG-kex engine KexNistp256 specified hash_algo <built-in function openssl_sha256>
2020-07-12 17:43:59,877-paramiko.transport-DEBUG-Switch to new keys ...
2020-07-12 17:43:59,894-paramiko.transport-DEBUG-Adding ssh-ed25519 host key for 10.29.193.60: 9c589c255248bf0581d9b58ecf85e2ed
2020-07-12 17:43:59,917-paramiko.transport-DEBUG-userauth is OK
2020-07-12 17:43:59,954-paramiko.transport-INFO-Authentication (password) successful!
2020-07-12 17:43:59,958-paramiko.transport-DEBUG-[chan 0] Max packet in: 32768 bytes
2020-07-12 17:44:00,142-paramiko.transport-DEBUG-[chan 0] Max packet out: 32768 bytes
2020-07-12 17:44:00,142-paramiko.transport-DEBUG-Secsh channel 0 opened.
2020-07-12 17:44:00,161-paramiko.transport-DEBUG-[chan 0] Sesch channel 0 request ok
2020-07-12 17:44:00,760-paramiko.transport-DEBUG-[chan 0] EOF received (0)
2020-07-12 17:44:00,760-paramiko.transport-DEBUG-[chan 0] EOF sent (0)
2020-07-12 17:44:02,765-paramiko.transport-DEBUG-EOF in transport thread
2020-07-12 17:44:02,766-paramiko.transport-DEBUG-starting thread (client mode): 0x2e15210L
2020-07-12 17:44:02,766-paramiko.transport-DEBUG-Local version/idstring: SSH-2.0-paramiko_2.4.1
2020-07-12 17:44:02,776-paramiko.transport-DEBUG-Remote version/idstring: SSH-2.0-OpenSSH_6.6.1
2020-07-12 17:44:02,776-paramiko.transport-INFO-Connected (version 2.0, client OpenSSH_6.6.1)
2020-07-12 17:44:02,779-paramiko.transport-DEBUG-kex algos:[u'curve25519-sha256@libssh.org', u'ecdh-sha2-nistp256', u'ecdh-sha2-nistp384', u'ecdh-sha2-nistp521', u'diffie-hellman-group-exchange-sha256', u'diffie-hellman-group-exchange-sha1', u'diffie-hellman-group14-sha1', u'diffie-hellman-group1-sha1'] server key:[u'ssh-rsa', u'ecdsa-sha2-nistp256', u'ssh-ed25519'] client encrypt:[u'aes128-ctr', u'aes192-ctr', u'aes256-ctr', u'arcfour256', u'arcfour128', u'aes128-gcm@openssh.com', u'aes256-gcm@openssh.com', u'chacha20-poly1305@openssh.com', u'aes128-cbc', u'3des-cbc', u'blowfish-cbc', u'cast128-cbc', u'aes192-cbc', u'aes256-cbc', u'arcfour', u'rijndael-cbc@lysator.liu.se'] server encrypt:[u'aes128-ctr', u'aes192-ctr', u'aes256-ctr', u'arcfour256', u'arcfour128', u'aes128-gcm@openssh.com', u'aes256-gcm@openssh.com', u'chacha20-poly1305@openssh.com', u'aes128-cbc', u'3des-cbc', u'blowfish-cbc', u'cast128-cbc', u'aes192-cbc', u'aes256-cbc', u'arcfour', u'rijndael-cbc@lysator.liu.se'] client mac:[u'hmac-md5-etm@openssh.com', u'hmac-sha1-etm@openssh.com', u'umac-64-etm@openssh.com', u'umac-128-etm@openssh.com', u'hmac-sha2-256-etm@openssh.com', u'hmac-sha2-512-etm@openssh.com', u'hmac-ripemd160-etm@openssh.com', u'hmac-sha1-96-etm@openssh.com', u'hmac-md5-96-etm@openssh.com', u'hmac-md5', u'hmac-sha1', u'umac-64@openssh.com', u'umac-128@openssh.com', u'hmac-sha2-256', u'hmac-sha2-512', u'hmac-ripemd160', u'hmac-ripemd160@openssh.com', u'hmac-sha1-96', u'hmac-md5-96'] server mac:[u'hmac-md5-etm@openssh.com', u'hmac-sha1-etm@openssh.com', u'umac-64-etm@openssh.com', u'umac-128-etm@openssh.com', u'hmac-sha2-256-etm@openssh.com', u'hmac-sha2-512-etm@openssh.com', u'hmac-ripemd160-etm@openssh.com', u'hmac-sha1-96-etm@openssh.com', u'hmac-md5-96-etm@openssh.com', u'hmac-md5', u'hmac-sha1', u'umac-64@openssh.com', u'umac-128@openssh.com', u'hmac-sha2-256', u'hmac-sha2-512', u'hmac-ripemd160', u'hmac-ripemd160@openssh.com', u'hmac-sha1-96', u'hmac-md5-96'] client compress:[u'none', u'zlib@openssh.com'] server compress:[u'none', u'zlib@openssh.com'] client lang:[u''] server lang:[u''] kex follows?False
2020-07-12 17:44:02,780-paramiko.transport-DEBUG-Kex agreed: ecdh-sha2-nistp256
2020-07-12 17:44:02,780-paramiko.transport-DEBUG-HostKey agreed: ssh-ed25519
2020-07-12 17:44:02,780-paramiko.transport-DEBUG-Cipher agreed: aes128-ctr
2020-07-12 17:44:02,780-paramiko.transport-DEBUG-MAC agreed: hmac-sha2-256
2020-07-12 17:44:02,780-paramiko.transport-DEBUG-Compression agreed: none
2020-07-12 17:44:02,785-paramiko.transport-DEBUG-kex engine KexNistp256 specified hash_algo <built-in function openssl_sha256>
2020-07-12 17:44:02,785-paramiko.transport-DEBUG-Switch to new keys ...
2020-07-12 17:44:02,800-paramiko.transport-DEBUG-Adding ssh-ed25519 host key for 10.29.193.60: 9c589c255248bf0581d9b58ecf85e2ed
2020-07-12 17:44:02,825-paramiko.transport-DEBUG-userauth is OK
2020-07-12 17:44:02,859-paramiko.transport-INFO-Authentication (password) successful!
2020-07-12 17:44:02,864-paramiko.transport-DEBUG-[chan 0] Max packet in: 32768 bytes
2020-07-12 17:44:03,049-paramiko.transport-DEBUG-[chan 0] Max packet out: 32768 bytes
2020-07-12 17:44:03,049-paramiko.transport-DEBUG-Secsh channel 0 opened.
2020-07-12 17:44:03,068-paramiko.transport-DEBUG-[chan 0] Sesch channel 0 request ok
2020-07-12 17:44:03,092-paramiko.transport-DEBUG-[chan 0] EOF received (0)
2020-07-12 17:44:03,093-paramiko.transport-DEBUG-[chan 0] EOF sent (0)
2020-07-12 17:44:05,095-paramiko.transport-DEBUG-[chan 1] Max packet in: 32768 bytes
2020-07-12 17:44:05,096-paramiko.transport-DEBUG-[chan 1] Max packet out: 32768 bytes
2020-07-12 17:44:05,096-paramiko.transport-DEBUG-Secsh channel 1 opened.
2020-07-12 17:44:05,098-paramiko.transport-DEBUG-[chan 1] Sesch channel 1 request ok
2020-07-12 17:44:05,116-paramiko.transport-DEBUG-[chan 1] EOF received (1)
2020-07-12 17:44:05,116-paramiko.transport-DEBUG-[chan 1] EOF sent (1)
2020-07-12 17:44:07,117-paramiko.transport-DEBUG-[chan 2] Max packet in: 32768 bytes
2020-07-12 17:44:07,117-paramiko.transport-DEBUG-[chan 2] Max packet out: 32768 bytes
2020-07-12 17:44:07,117-paramiko.transport-DEBUG-Secsh channel 2 opened.
2020-07-12 17:44:07,119-paramiko.transport-DEBUG-[chan 2] Sesch channel 2 request ok
2020-07-12 17:44:07,137-paramiko.transport-DEBUG-[chan 2] EOF received (2)
2020-07-12 17:44:07,138-paramiko.transport-DEBUG-[chan 2] EOF sent (2)
2020-07-12 17:44:09,142-paramiko.transport-DEBUG-EOF in transport thread
2020-07-12 17:44:09,145-paramiko.transport-DEBUG-starting thread (client mode): 0x2e150d0L
2020-07-12 17:44:09,145-paramiko.transport-DEBUG-Local version/idstring: SSH-2.0-paramiko_2.4.1
2020-07-12 17:44:09,156-paramiko.transport-DEBUG-Remote version/idstring: SSH-2.0-OpenSSH_6.6.1
2020-07-12 17:44:09,156-paramiko.transport-INFO-Connected (version 2.0, client OpenSSH_6.6.1)
2020-07-12 17:44:09,159-paramiko.transport-DEBUG-kex algos:[u'curve25519-sha256@libssh.org', u'ecdh-sha2-nistp256', u'ecdh-sha2-nistp384', u'ecdh-sha2-nistp521', u'diffie-hellman-group-exchange-sha256', u'diffie-hellman-group-exchange-sha1', u'diffie-hellman-group14-sha1', u'diffie-hellman-group1-sha1'] server key:[u'ssh-rsa', u'ecdsa-sha2-nistp256', u'ssh-ed25519'] client encrypt:[u'aes128-ctr', u'aes192-ctr', u'aes256-ctr', u'arcfour256', u'arcfour128', u'aes128-gcm@openssh.com', u'aes256-gcm@openssh.com', u'chacha20-poly1305@openssh.com', u'aes128-cbc', u'3des-cbc', u'blowfish-cbc', u'cast128-cbc', u'aes192-cbc', u'aes256-cbc', u'arcfour', u'rijndael-cbc@lysator.liu.se'] server encrypt:[u'aes128-ctr', u'aes192-ctr', u'aes256-ctr', u'arcfour256', u'arcfour128', u'aes128-gcm@openssh.com', u'aes256-gcm@openssh.com', u'chacha20-poly1305@openssh.com', u'aes128-cbc', u'3des-cbc', u'blowfish-cbc', u'cast128-cbc', u'aes192-cbc', u'aes256-cbc', u'arcfour', u'rijndael-cbc@lysator.liu.se'] client mac:[u'hmac-md5-etm@openssh.com', u'hmac-sha1-etm@openssh.com', u'umac-64-etm@openssh.com', u'umac-128-etm@openssh.com', u'hmac-sha2-256-etm@openssh.com', u'hmac-sha2-512-etm@openssh.com', u'hmac-ripemd160-etm@openssh.com', u'hmac-sha1-96-etm@openssh.com', u'hmac-md5-96-etm@openssh.com', u'hmac-md5', u'hmac-sha1', u'umac-64@openssh.com', u'umac-128@openssh.com', u'hmac-sha2-256', u'hmac-sha2-512', u'hmac-ripemd160', u'hmac-ripemd160@openssh.com', u'hmac-sha1-96', u'hmac-md5-96'] server mac:[u'hmac-md5-etm@openssh.com', u'hmac-sha1-etm@openssh.com', u'umac-64-etm@openssh.com', u'umac-128-etm@openssh.com', u'hmac-sha2-256-etm@openssh.com', u'hmac-sha2-512-etm@openssh.com', u'hmac-ripemd160-etm@openssh.com', u'hmac-sha1-96-etm@openssh.com', u'hmac-md5-96-etm@openssh.com', u'hmac-md5', u'hmac-sha1', u'umac-64@openssh.com', u'umac-128@openssh.com', u'hmac-sha2-256', u'hmac-sha2-512', u'hmac-ripemd160', u'hmac-ripemd160@openssh.com', u'hmac-sha1-96', u'hmac-md5-96'] client compress:[u'none', u'zlib@openssh.com'] server compress:[u'none', u'zlib@openssh.com'] client lang:[u''] server lang:[u''] kex follows?False
2020-07-12 17:44:09,159-paramiko.transport-DEBUG-Kex agreed: ecdh-sha2-nistp256
2020-07-12 17:44:09,159-paramiko.transport-DEBUG-HostKey agreed: ssh-ed25519
2020-07-12 17:44:09,159-paramiko.transport-DEBUG-Cipher agreed: aes128-ctr
2020-07-12 17:44:09,159-paramiko.transport-DEBUG-MAC agreed: hmac-sha2-256
2020-07-12 17:44:09,159-paramiko.transport-DEBUG-Compression agreed: none
2020-07-12 17:44:09,164-paramiko.transport-DEBUG-kex engine KexNistp256 specified hash_algo <built-in function openssl_sha256>
2020-07-12 17:44:09,165-paramiko.transport-DEBUG-Switch to new keys ...
2020-07-12 17:44:09,176-paramiko.transport-DEBUG-Adding ssh-ed25519 host key for 10.29.193.60: 9c589c255248bf0581d9b58ecf85e2ed
2020-07-12 17:44:09,204-paramiko.transport-DEBUG-userauth is OK
2020-07-12 17:44:09,240-paramiko.transport-INFO-Authentication (password) successful!
2020-07-12 17:44:09,277-paramiko.transport-DEBUG-[chan 0] Max packet in: 32768 bytes
2020-07-12 17:44:09,437-paramiko.transport-DEBUG-[chan 0] Max packet out: 32768 bytes
2020-07-12 17:44:09,437-paramiko.transport-DEBUG-Secsh channel 0 opened.
2020-07-12 17:44:09,445-paramiko.transport-DEBUG-[chan 0] Sesch channel 0 request ok
2020-07-12 17:44:11,226-paramiko.transport-DEBUG-[chan 0] EOF received (0)
2020-07-12 17:44:11,226-paramiko.transport-DEBUG-[chan 0] EOF sent (0)
2020-07-12 17:44:13,228-paramiko.transport-DEBUG-[chan 1] Max packet in: 32768 bytes
2020-07-12 17:44:13,229-paramiko.transport-DEBUG-[chan 1] Max packet out: 32768 bytes
2020-07-12 17:44:13,229-paramiko.transport-DEBUG-Secsh channel 1 opened.
2020-07-12 17:44:13,231-paramiko.transport-DEBUG-[chan 1] Sesch channel 1 request ok
2020-07-12 17:44:15,306-paramiko.transport-DEBUG-[chan 1] EOF received (1)
2020-07-12 17:44:15,307-paramiko.transport-DEBUG-[chan 1] EOF sent (1)
2020-07-12 17:44:21,312-paramiko.transport-DEBUG-[chan 2] Max packet in: 32768 bytes
2020-07-12 17:44:21,313-paramiko.transport-DEBUG-[chan 2] Max packet out: 32768 bytes
2020-07-12 17:44:21,313-paramiko.transport-DEBUG-Secsh channel 2 opened.
2020-07-12 17:44:21,315-paramiko.transport-DEBUG-[chan 2] Sesch channel 2 request ok
2020-07-12 17:44:23,360-paramiko.transport-DEBUG-[chan 2] EOF received (2)
2020-07-12 17:44:23,360-paramiko.transport-DEBUG-[chan 2] EOF sent (2)
2020-07-12 17:44:25,363-paramiko.transport-DEBUG-[chan 3] Max packet in: 32768 bytes
2020-07-12 17:44:25,364-paramiko.transport-DEBUG-[chan 3] Max packet out: 32768 bytes
2020-07-12 17:44:25,364-paramiko.transport-DEBUG-Secsh channel 3 opened.
2020-07-12 17:44:25,367-paramiko.transport-DEBUG-[chan 3] Sesch channel 3 request ok
2020-07-12 17:44:25,968-paramiko.transport-DEBUG-[chan 3] EOF received (3)
2020-07-12 17:44:25,968-paramiko.transport-DEBUG-[chan 3] EOF sent (3)
2020-07-12 17:44:27,970-paramiko.transport-DEBUG-[chan 4] Max packet in: 32768 bytes
2020-07-12 17:44:27,971-paramiko.transport-DEBUG-[chan 4] Max packet out: 32768 bytes
2020-07-12 17:44:27,971-paramiko.transport-DEBUG-Secsh channel 4 opened.
2020-07-12 17:44:27,973-paramiko.transport-DEBUG-[chan 4] Sesch channel 4 request ok
2020-07-12 17:44:29,636-paramiko.transport-DEBUG-[chan 4] EOF received (4)
2020-07-12 17:44:29,636-paramiko.transport-DEBUG-[chan 4] EOF sent (4)
2020-07-12 17:44:31,641-paramiko.transport-DEBUG-EOF in transport thread
2020-07-12 17:44:31,803-myloger-WARNING-默认1：可用资金不足-深A即成剩撤买（可用资金=下单金额+费用-0.01）
2020-07-12 17:44:34,260-myloger-ERROR-期望状态和报单状态、提交状态不匹配，期望状态、报单状态、提交状态分别为废单,XTP_ORDER_STATUS_ALLTRADED,XTP_ORDER_SUBMIT_STATUS_INSERT_ACCEPTED
2020-07-12 17:44:34,942-myloger-WARNING-执行结果为False,报单查询,期望状态与报单状态不匹配
