2020-05-20 16:45:03,637-log_demo-INFO-sql able to connect!
2020-05-20 16:45:03,637-log_demo-INFO-TRUNCATE TABLE ashare_cjhb
2020-05-20 16:45:03,639-log_demo-INFO-TRUNCATE TABLE ashare_ordwth
2020-05-20 16:45:03,641-log_demo-INFO-TRUNCATE TABLE ashare_ordwth2
2020-05-20 16:45:03,643-log_demo-INFO-TRUNCATE TABLE reqresp
2020-05-20 16:45:03,644-log_demo-INFO-TRUNCATE TABLE execreport
2020-05-20 16:45:03,646-log_demo-INFO-TRUNCATE TABLE ashare_ordwth_cancel
2020-05-20 16:45:03,647-log_demo-INFO-truncate table ashare_ordwth_cancel success!
2020-05-20 16:45:37,663-paramiko.transport-DEBUG-starting thread (client mode): 0x740d6850L
2020-05-20 16:45:37,664-paramiko.transport-DEBUG-Local version/idstring: SSH-2.0-paramiko_2.4.1
2020-05-20 16:45:37,674-paramiko.transport-DEBUG-Remote version/idstring: SSH-2.0-OpenSSH_6.6.1
2020-05-20 16:45:37,674-paramiko.transport-INFO-Connected (version 2.0, client OpenSSH_6.6.1)
2020-05-20 16:45:37,677-paramiko.transport-DEBUG-kex algos:[u'curve25519-sha256@libssh.org', u'ecdh-sha2-nistp256', u'ecdh-sha2-nistp384', u'ecdh-sha2-nistp521', u'diffie-hellman-group-exchange-sha256', u'diffie-hellman-group-exchange-sha1', u'diffie-hellman-group14-sha1', u'diffie-hellman-group1-sha1'] server key:[u'ssh-rsa', u'ecdsa-sha2-nistp256', u'ssh-ed25519'] client encrypt:[u'aes128-ctr', u'aes192-ctr', u'aes256-ctr', u'arcfour256', u'arcfour128', u'aes128-gcm@openssh.com', u'aes256-gcm@openssh.com', u'chacha20-poly1305@openssh.com', u'aes128-cbc', u'3des-cbc', u'blowfish-cbc', u'cast128-cbc', u'aes192-cbc', u'aes256-cbc', u'arcfour', u'rijndael-cbc@lysator.liu.se'] server encrypt:[u'aes128-ctr', u'aes192-ctr', u'aes256-ctr', u'arcfour256', u'arcfour128', u'aes128-gcm@openssh.com', u'aes256-gcm@openssh.com', u'chacha20-poly1305@openssh.com', u'aes128-cbc', u'3des-cbc', u'blowfish-cbc', u'cast128-cbc', u'aes192-cbc', u'aes256-cbc', u'arcfour', u'rijndael-cbc@lysator.liu.se'] client mac:[u'hmac-md5-etm@openssh.com', u'hmac-sha1-etm@openssh.com', u'umac-64-etm@openssh.com', u'umac-128-etm@openssh.com', u'hmac-sha2-256-etm@openssh.com', u'hmac-sha2-512-etm@openssh.com', u'hmac-ripemd160-etm@openssh.com', u'hmac-sha1-96-etm@openssh.com', u'hmac-md5-96-etm@openssh.com', u'hmac-md5', u'hmac-sha1', u'umac-64@openssh.com', u'umac-128@openssh.com', u'hmac-sha2-256', u'hmac-sha2-512', u'hmac-ripemd160', u'hmac-ripemd160@openssh.com', u'hmac-sha1-96', u'hmac-md5-96'] server mac:[u'hmac-md5-etm@openssh.com', u'hmac-sha1-etm@openssh.com', u'umac-64-etm@openssh.com', u'umac-128-etm@openssh.com', u'hmac-sha2-256-etm@openssh.com', u'hmac-sha2-512-etm@openssh.com', u'hmac-ripemd160-etm@openssh.com', u'hmac-sha1-96-etm@openssh.com', u'hmac-md5-96-etm@openssh.com', u'hmac-md5', u'hmac-sha1', u'umac-64@openssh.com', u'umac-128@openssh.com', u'hmac-sha2-256', u'hmac-sha2-512', u'hmac-ripemd160', u'hmac-ripemd160@openssh.com', u'hmac-sha1-96', u'hmac-md5-96'] client compress:[u'none', u'zlib@openssh.com'] server compress:[u'none', u'zlib@openssh.com'] client lang:[u''] server lang:[u''] kex follows?False
2020-05-20 16:45:37,677-paramiko.transport-DEBUG-Kex agreed: ecdh-sha2-nistp256
2020-05-20 16:45:37,677-paramiko.transport-DEBUG-HostKey agreed: ssh-ed25519
2020-05-20 16:45:37,679-paramiko.transport-DEBUG-Cipher agreed: aes128-ctr
2020-05-20 16:45:37,679-paramiko.transport-DEBUG-MAC agreed: hmac-sha2-256
2020-05-20 16:45:37,679-paramiko.transport-DEBUG-Compression agreed: none
2020-05-20 16:45:37,683-paramiko.transport-DEBUG-kex engine KexNistp256 specified hash_algo <built-in function openssl_sha256>
2020-05-20 16:45:37,684-paramiko.transport-DEBUG-Switch to new keys ...
2020-05-20 16:45:37,695-paramiko.transport-DEBUG-Adding ssh-ed25519 host key for 10.29.193.60: 9c589c255248bf0581d9b58ecf85e2ed
2020-05-20 16:45:37,724-paramiko.transport-DEBUG-userauth is OK
2020-05-20 16:45:37,760-paramiko.transport-INFO-Authentication (password) successful!
2020-05-20 16:45:37,796-paramiko.transport-DEBUG-[chan 0] Max packet in: 32768 bytes
2020-05-20 16:45:38,021-paramiko.transport-DEBUG-[chan 0] Max packet out: 32768 bytes
2020-05-20 16:45:38,021-paramiko.transport-DEBUG-Secsh channel 0 opened.
2020-05-20 16:45:38,032-paramiko.transport-DEBUG-[chan 0] Sesch channel 0 request ok
2020-05-20 16:45:38,648-paramiko.transport-DEBUG-[chan 0] EOF received (0)
2020-05-20 16:45:38,649-paramiko.transport-DEBUG-[chan 0] EOF sent (0)
2020-05-20 16:45:44,654-paramiko.transport-DEBUG-[chan 1] Max packet in: 32768 bytes
2020-05-20 16:45:44,655-paramiko.transport-DEBUG-[chan 1] Max packet out: 32768 bytes
2020-05-20 16:45:44,655-paramiko.transport-DEBUG-Secsh channel 1 opened.
2020-05-20 16:45:44,657-paramiko.transport-DEBUG-[chan 1] Sesch channel 1 request ok
2020-05-20 16:45:45,321-paramiko.transport-DEBUG-[chan 1] EOF received (1)
2020-05-20 16:45:45,322-paramiko.transport-DEBUG-[chan 1] EOF sent (1)
2020-05-20 16:45:47,324-paramiko.transport-DEBUG-[chan 2] Max packet in: 32768 bytes
2020-05-20 16:45:47,325-paramiko.transport-DEBUG-[chan 2] Max packet out: 32768 bytes
2020-05-20 16:45:47,325-paramiko.transport-DEBUG-Secsh channel 2 opened.
2020-05-20 16:45:47,327-paramiko.transport-DEBUG-[chan 2] Sesch channel 2 request ok
2020-05-20 16:45:48,283-paramiko.transport-DEBUG-[chan 2] EOF received (2)
2020-05-20 16:45:48,283-paramiko.transport-DEBUG-[chan 2] EOF sent (2)
2020-05-20 16:45:54,287-paramiko.transport-DEBUG-[chan 3] Max packet in: 32768 bytes
2020-05-20 16:45:54,288-paramiko.transport-DEBUG-[chan 3] Max packet out: 32768 bytes
2020-05-20 16:45:54,288-paramiko.transport-DEBUG-Secsh channel 3 opened.
2020-05-20 16:45:54,292-paramiko.transport-DEBUG-[chan 3] Sesch channel 3 request ok
2020-05-20 16:45:54,897-paramiko.transport-DEBUG-[chan 3] EOF received (3)
2020-05-20 16:45:54,898-paramiko.transport-DEBUG-[chan 3] EOF sent (3)
2020-05-20 16:45:56,900-paramiko.transport-DEBUG-[chan 4] Max packet in: 32768 bytes
2020-05-20 16:45:56,900-paramiko.transport-DEBUG-[chan 4] Max packet out: 32768 bytes
2020-05-20 16:45:56,901-paramiko.transport-DEBUG-Secsh channel 4 opened.
2020-05-20 16:45:56,902-paramiko.transport-DEBUG-[chan 4] Sesch channel 4 request ok
2020-05-20 16:45:58,229-paramiko.transport-DEBUG-[chan 4] EOF received (4)
2020-05-20 16:45:58,230-paramiko.transport-DEBUG-[chan 4] EOF sent (4)
2020-05-20 16:46:04,231-paramiko.transport-DEBUG-[chan 5] Max packet in: 32768 bytes
2020-05-20 16:46:04,232-paramiko.transport-DEBUG-[chan 5] Max packet out: 32768 bytes
2020-05-20 16:46:04,232-paramiko.transport-DEBUG-Secsh channel 5 opened.
2020-05-20 16:46:04,234-paramiko.transport-DEBUG-[chan 5] Sesch channel 5 request ok
2020-05-20 16:46:05,560-paramiko.transport-DEBUG-[chan 5] EOF received (5)
2020-05-20 16:46:05,560-paramiko.transport-DEBUG-[chan 5] EOF sent (5)
2020-05-20 16:46:07,564-paramiko.transport-DEBUG-EOF in transport thread
