2020-07-22 18:14:12,539-log_demo-INFO-sql able to connect!
2020-07-22 18:14:12,539-log_demo-INFO-delete from xtp_fund_asset_20200722 where fund_acc = 100065004975 and oms_id = 6
2020-07-22 18:14:12,541-log_demo-INFO-delete table xtp_fund_asset_20200722 success!
2020-07-22 18:14:12,588-log_demo-INFO-insert into xtp_fund_asset_20200722
                       select
                        100065004975,
                        cur_type,
                        fund_avl_bal,
                        fund_frz_bal,
                        fund_bal,
                        fund_buy_sale,
                        fund_unc_buy,
                        fund_unc_sale,
                        fund_trsf,
                        node_id,
                        6
                  from xtp_fund_asset_auto where py_name="YW_GEM_REGISTERMM_SZSJ_106"
2020-07-22 18:14:12,592-log_demo-INFO-insert_fund_assetYW_GEM_REGISTERMM_SZSJ_106success!
2020-07-22 18:14:12,593-paramiko.transport-DEBUG-starting thread (client mode): 0x2b59210L
2020-07-22 18:14:12,594-paramiko.transport-DEBUG-Local version/idstring: SSH-2.0-paramiko_2.4.1
2020-07-22 18:14:12,606-paramiko.transport-DEBUG-Remote version/idstring: SSH-2.0-OpenSSH_6.6.1
2020-07-22 18:14:12,606-paramiko.transport-INFO-Connected (version 2.0, client OpenSSH_6.6.1)
2020-07-22 18:14:12,610-paramiko.transport-DEBUG-kex algos:[u'curve25519-sha256@libssh.org', u'ecdh-sha2-nistp256', u'ecdh-sha2-nistp384', u'ecdh-sha2-nistp521', u'diffie-hellman-group-exchange-sha256', u'diffie-hellman-group-exchange-sha1', u'diffie-hellman-group14-sha1', u'diffie-hellman-group1-sha1'] server key:[u'ssh-rsa', u'ecdsa-sha2-nistp256', u'ssh-ed25519'] client encrypt:[u'aes128-ctr', u'aes192-ctr', u'aes256-ctr', u'arcfour256', u'arcfour128', u'aes128-gcm@openssh.com', u'aes256-gcm@openssh.com', u'chacha20-poly1305@openssh.com', u'aes128-cbc', u'3des-cbc', u'blowfish-cbc', u'cast128-cbc', u'aes192-cbc', u'aes256-cbc', u'arcfour', u'rijndael-cbc@lysator.liu.se'] server encrypt:[u'aes128-ctr', u'aes192-ctr', u'aes256-ctr', u'arcfour256', u'arcfour128', u'aes128-gcm@openssh.com', u'aes256-gcm@openssh.com', u'chacha20-poly1305@openssh.com', u'aes128-cbc', u'3des-cbc', u'blowfish-cbc', u'cast128-cbc', u'aes192-cbc', u'aes256-cbc', u'arcfour', u'rijndael-cbc@lysator.liu.se'] client mac:[u'hmac-md5-etm@openssh.com', u'hmac-sha1-etm@openssh.com', u'umac-64-etm@openssh.com', u'umac-128-etm@openssh.com', u'hmac-sha2-256-etm@openssh.com', u'hmac-sha2-512-etm@openssh.com', u'hmac-ripemd160-etm@openssh.com', u'hmac-sha1-96-etm@openssh.com', u'hmac-md5-96-etm@openssh.com', u'hmac-md5', u'hmac-sha1', u'umac-64@openssh.com', u'umac-128@openssh.com', u'hmac-sha2-256', u'hmac-sha2-512', u'hmac-ripemd160', u'hmac-ripemd160@openssh.com', u'hmac-sha1-96', u'hmac-md5-96'] server mac:[u'hmac-md5-etm@openssh.com', u'hmac-sha1-etm@openssh.com', u'umac-64-etm@openssh.com', u'umac-128-etm@openssh.com', u'hmac-sha2-256-etm@openssh.com', u'hmac-sha2-512-etm@openssh.com', u'hmac-ripemd160-etm@openssh.com', u'hmac-sha1-96-etm@openssh.com', u'hmac-md5-96-etm@openssh.com', u'hmac-md5', u'hmac-sha1', u'umac-64@openssh.com', u'umac-128@openssh.com', u'hmac-sha2-256', u'hmac-sha2-512', u'hmac-ripemd160', u'hmac-ripemd160@openssh.com', u'hmac-sha1-96', u'hmac-md5-96'] client compress:[u'none', u'zlib@openssh.com'] server compress:[u'none', u'zlib@openssh.com'] client lang:[u''] server lang:[u''] kex follows?False
2020-07-22 18:14:12,611-paramiko.transport-DEBUG-Kex agreed: ecdh-sha2-nistp256
2020-07-22 18:14:12,611-paramiko.transport-DEBUG-HostKey agreed: ssh-ed25519
2020-07-22 18:14:12,611-paramiko.transport-DEBUG-Cipher agreed: aes128-ctr
2020-07-22 18:14:12,611-paramiko.transport-DEBUG-MAC agreed: hmac-sha2-256
2020-07-22 18:14:12,611-paramiko.transport-DEBUG-Compression agreed: none
2020-07-22 18:14:12,651-paramiko.transport-DEBUG-kex engine KexNistp256 specified hash_algo <built-in function openssl_sha256>
2020-07-22 18:14:12,652-paramiko.transport-DEBUG-Switch to new keys ...
2020-07-22 18:14:12,658-paramiko.transport-DEBUG-Adding ssh-ed25519 host key for 10.29.193.60: 9c589c255248bf0581d9b58ecf85e2ed
2020-07-22 18:14:12,692-paramiko.transport-DEBUG-userauth is OK
2020-07-22 18:14:12,725-paramiko.transport-INFO-Authentication (password) successful!
2020-07-22 18:14:12,760-paramiko.transport-DEBUG-[chan 0] Max packet in: 32768 bytes
2020-07-22 18:14:12,912-paramiko.transport-DEBUG-[chan 0] Max packet out: 32768 bytes
2020-07-22 18:14:12,913-paramiko.transport-DEBUG-Secsh channel 0 opened.
2020-07-22 18:14:12,926-paramiko.transport-DEBUG-[chan 0] Sesch channel 0 request ok
2020-07-22 18:14:13,537-paramiko.transport-DEBUG-[chan 0] EOF received (0)
2020-07-22 18:14:13,537-paramiko.transport-DEBUG-[chan 0] EOF sent (0)
2020-07-22 18:14:15,541-paramiko.transport-DEBUG-EOF in transport thread
2020-07-22 18:14:15,544-paramiko.transport-DEBUG-starting thread (client mode): 0xec286f90L
2020-07-22 18:14:15,544-paramiko.transport-DEBUG-Local version/idstring: SSH-2.0-paramiko_2.4.1
2020-07-22 18:14:15,555-paramiko.transport-DEBUG-Remote version/idstring: SSH-2.0-OpenSSH_6.6.1
2020-07-22 18:14:15,555-paramiko.transport-INFO-Connected (version 2.0, client OpenSSH_6.6.1)
2020-07-22 18:14:15,558-paramiko.transport-DEBUG-kex algos:[u'curve25519-sha256@libssh.org', u'ecdh-sha2-nistp256', u'ecdh-sha2-nistp384', u'ecdh-sha2-nistp521', u'diffie-hellman-group-exchange-sha256', u'diffie-hellman-group-exchange-sha1', u'diffie-hellman-group14-sha1', u'diffie-hellman-group1-sha1'] server key:[u'ssh-rsa', u'ecdsa-sha2-nistp256', u'ssh-ed25519'] client encrypt:[u'aes128-ctr', u'aes192-ctr', u'aes256-ctr', u'arcfour256', u'arcfour128', u'aes128-gcm@openssh.com', u'aes256-gcm@openssh.com', u'chacha20-poly1305@openssh.com', u'aes128-cbc', u'3des-cbc', u'blowfish-cbc', u'cast128-cbc', u'aes192-cbc', u'aes256-cbc', u'arcfour', u'rijndael-cbc@lysator.liu.se'] server encrypt:[u'aes128-ctr', u'aes192-ctr', u'aes256-ctr', u'arcfour256', u'arcfour128', u'aes128-gcm@openssh.com', u'aes256-gcm@openssh.com', u'chacha20-poly1305@openssh.com', u'aes128-cbc', u'3des-cbc', u'blowfish-cbc', u'cast128-cbc', u'aes192-cbc', u'aes256-cbc', u'arcfour', u'rijndael-cbc@lysator.liu.se'] client mac:[u'hmac-md5-etm@openssh.com', u'hmac-sha1-etm@openssh.com', u'umac-64-etm@openssh.com', u'umac-128-etm@openssh.com', u'hmac-sha2-256-etm@openssh.com', u'hmac-sha2-512-etm@openssh.com', u'hmac-ripemd160-etm@openssh.com', u'hmac-sha1-96-etm@openssh.com', u'hmac-md5-96-etm@openssh.com', u'hmac-md5', u'hmac-sha1', u'umac-64@openssh.com', u'umac-128@openssh.com', u'hmac-sha2-256', u'hmac-sha2-512', u'hmac-ripemd160', u'hmac-ripemd160@openssh.com', u'hmac-sha1-96', u'hmac-md5-96'] server mac:[u'hmac-md5-etm@openssh.com', u'hmac-sha1-etm@openssh.com', u'umac-64-etm@openssh.com', u'umac-128-etm@openssh.com', u'hmac-sha2-256-etm@openssh.com', u'hmac-sha2-512-etm@openssh.com', u'hmac-ripemd160-etm@openssh.com', u'hmac-sha1-96-etm@openssh.com', u'hmac-md5-96-etm@openssh.com', u'hmac-md5', u'hmac-sha1', u'umac-64@openssh.com', u'umac-128@openssh.com', u'hmac-sha2-256', u'hmac-sha2-512', u'hmac-ripemd160', u'hmac-ripemd160@openssh.com', u'hmac-sha1-96', u'hmac-md5-96'] client compress:[u'none', u'zlib@openssh.com'] server compress:[u'none', u'zlib@openssh.com'] client lang:[u''] server lang:[u''] kex follows?False
2020-07-22 18:14:15,558-paramiko.transport-DEBUG-Kex agreed: ecdh-sha2-nistp256
2020-07-22 18:14:15,558-paramiko.transport-DEBUG-HostKey agreed: ssh-ed25519
2020-07-22 18:14:15,558-paramiko.transport-DEBUG-Cipher agreed: aes128-ctr
2020-07-22 18:14:15,559-paramiko.transport-DEBUG-MAC agreed: hmac-sha2-256
2020-07-22 18:14:15,559-paramiko.transport-DEBUG-Compression agreed: none
2020-07-22 18:14:15,564-paramiko.transport-DEBUG-kex engine KexNistp256 specified hash_algo <built-in function openssl_sha256>
2020-07-22 18:14:15,564-paramiko.transport-DEBUG-Switch to new keys ...
2020-07-22 18:14:15,576-paramiko.transport-DEBUG-Adding ssh-ed25519 host key for 10.29.193.60: 9c589c255248bf0581d9b58ecf85e2ed
2020-07-22 18:14:15,604-paramiko.transport-DEBUG-userauth is OK
2020-07-22 18:14:15,639-paramiko.transport-INFO-Authentication (password) successful!
2020-07-22 18:14:15,640-paramiko.transport-DEBUG-[chan 0] Max packet in: 32768 bytes
2020-07-22 18:14:15,828-paramiko.transport-DEBUG-[chan 0] Max packet out: 32768 bytes
2020-07-22 18:14:15,829-paramiko.transport-DEBUG-Secsh channel 0 opened.
2020-07-22 18:14:15,844-paramiko.transport-DEBUG-[chan 0] Sesch channel 0 request ok
2020-07-22 18:14:15,865-paramiko.transport-DEBUG-[chan 0] EOF received (0)
2020-07-22 18:14:15,865-paramiko.transport-DEBUG-[chan 0] EOF sent (0)
2020-07-22 18:14:17,867-paramiko.transport-DEBUG-[chan 1] Max packet in: 32768 bytes
2020-07-22 18:14:17,868-paramiko.transport-DEBUG-[chan 1] Max packet out: 32768 bytes
2020-07-22 18:14:17,868-paramiko.transport-DEBUG-Secsh channel 1 opened.
2020-07-22 18:14:17,871-paramiko.transport-DEBUG-[chan 1] Sesch channel 1 request ok
2020-07-22 18:14:17,889-paramiko.transport-DEBUG-[chan 1] EOF received (1)
2020-07-22 18:14:17,890-paramiko.transport-DEBUG-[chan 1] EOF sent (1)
2020-07-22 18:14:19,892-paramiko.transport-DEBUG-[chan 2] Max packet in: 32768 bytes
2020-07-22 18:14:19,893-paramiko.transport-DEBUG-[chan 2] Max packet out: 32768 bytes
2020-07-22 18:14:19,893-paramiko.transport-DEBUG-Secsh channel 2 opened.
2020-07-22 18:14:19,895-paramiko.transport-DEBUG-[chan 2] Sesch channel 2 request ok
2020-07-22 18:14:19,914-paramiko.transport-DEBUG-[chan 2] EOF received (2)
2020-07-22 18:14:19,914-paramiko.transport-DEBUG-[chan 2] EOF sent (2)
2020-07-22 18:14:21,918-paramiko.transport-DEBUG-EOF in transport thread
2020-07-22 18:14:21,923-paramiko.transport-DEBUG-starting thread (client mode): 0xec286f90L
2020-07-22 18:14:21,924-paramiko.transport-DEBUG-Local version/idstring: SSH-2.0-paramiko_2.4.1
2020-07-22 18:14:21,935-paramiko.transport-DEBUG-Remote version/idstring: SSH-2.0-OpenSSH_6.6.1
2020-07-22 18:14:21,935-paramiko.transport-INFO-Connected (version 2.0, client OpenSSH_6.6.1)
2020-07-22 18:14:21,938-paramiko.transport-DEBUG-kex algos:[u'curve25519-sha256@libssh.org', u'ecdh-sha2-nistp256', u'ecdh-sha2-nistp384', u'ecdh-sha2-nistp521', u'diffie-hellman-group-exchange-sha256', u'diffie-hellman-group-exchange-sha1', u'diffie-hellman-group14-sha1', u'diffie-hellman-group1-sha1'] server key:[u'ssh-rsa', u'ecdsa-sha2-nistp256', u'ssh-ed25519'] client encrypt:[u'aes128-ctr', u'aes192-ctr', u'aes256-ctr', u'arcfour256', u'arcfour128', u'aes128-gcm@openssh.com', u'aes256-gcm@openssh.com', u'chacha20-poly1305@openssh.com', u'aes128-cbc', u'3des-cbc', u'blowfish-cbc', u'cast128-cbc', u'aes192-cbc', u'aes256-cbc', u'arcfour', u'rijndael-cbc@lysator.liu.se'] server encrypt:[u'aes128-ctr', u'aes192-ctr', u'aes256-ctr', u'arcfour256', u'arcfour128', u'aes128-gcm@openssh.com', u'aes256-gcm@openssh.com', u'chacha20-poly1305@openssh.com', u'aes128-cbc', u'3des-cbc', u'blowfish-cbc', u'cast128-cbc', u'aes192-cbc', u'aes256-cbc', u'arcfour', u'rijndael-cbc@lysator.liu.se'] client mac:[u'hmac-md5-etm@openssh.com', u'hmac-sha1-etm@openssh.com', u'umac-64-etm@openssh.com', u'umac-128-etm@openssh.com', u'hmac-sha2-256-etm@openssh.com', u'hmac-sha2-512-etm@openssh.com', u'hmac-ripemd160-etm@openssh.com', u'hmac-sha1-96-etm@openssh.com', u'hmac-md5-96-etm@openssh.com', u'hmac-md5', u'hmac-sha1', u'umac-64@openssh.com', u'umac-128@openssh.com', u'hmac-sha2-256', u'hmac-sha2-512', u'hmac-ripemd160', u'hmac-ripemd160@openssh.com', u'hmac-sha1-96', u'hmac-md5-96'] server mac:[u'hmac-md5-etm@openssh.com', u'hmac-sha1-etm@openssh.com', u'umac-64-etm@openssh.com', u'umac-128-etm@openssh.com', u'hmac-sha2-256-etm@openssh.com', u'hmac-sha2-512-etm@openssh.com', u'hmac-ripemd160-etm@openssh.com', u'hmac-sha1-96-etm@openssh.com', u'hmac-md5-96-etm@openssh.com', u'hmac-md5', u'hmac-sha1', u'umac-64@openssh.com', u'umac-128@openssh.com', u'hmac-sha2-256', u'hmac-sha2-512', u'hmac-ripemd160', u'hmac-ripemd160@openssh.com', u'hmac-sha1-96', u'hmac-md5-96'] client compress:[u'none', u'zlib@openssh.com'] server compress:[u'none', u'zlib@openssh.com'] client lang:[u''] server lang:[u''] kex follows?False
2020-07-22 18:14:21,939-paramiko.transport-DEBUG-Kex agreed: ecdh-sha2-nistp256
2020-07-22 18:14:21,939-paramiko.transport-DEBUG-HostKey agreed: ssh-ed25519
2020-07-22 18:14:21,939-paramiko.transport-DEBUG-Cipher agreed: aes128-ctr
2020-07-22 18:14:21,939-paramiko.transport-DEBUG-MAC agreed: hmac-sha2-256
2020-07-22 18:14:21,939-paramiko.transport-DEBUG-Compression agreed: none
2020-07-22 18:14:21,944-paramiko.transport-DEBUG-kex engine KexNistp256 specified hash_algo <built-in function openssl_sha256>
2020-07-22 18:14:21,944-paramiko.transport-DEBUG-Switch to new keys ...
2020-07-22 18:14:21,955-paramiko.transport-DEBUG-Adding ssh-ed25519 host key for 10.29.193.60: 9c589c255248bf0581d9b58ecf85e2ed
2020-07-22 18:14:21,984-paramiko.transport-DEBUG-userauth is OK
2020-07-22 18:14:22,017-paramiko.transport-INFO-Authentication (password) successful!
2020-07-22 18:14:22,020-paramiko.transport-DEBUG-[chan 0] Max packet in: 32768 bytes
2020-07-22 18:14:22,196-paramiko.transport-DEBUG-[chan 0] Max packet out: 32768 bytes
2020-07-22 18:14:22,196-paramiko.transport-DEBUG-Secsh channel 0 opened.
2020-07-22 18:14:22,223-paramiko.transport-DEBUG-[chan 0] Sesch channel 0 request ok
2020-07-22 18:14:23,868-paramiko.transport-DEBUG-[chan 0] EOF received (0)
2020-07-22 18:14:23,868-paramiko.transport-DEBUG-[chan 0] EOF sent (0)
2020-07-22 18:14:25,869-paramiko.transport-DEBUG-[chan 1] Max packet in: 32768 bytes
2020-07-22 18:14:25,870-paramiko.transport-DEBUG-[chan 1] Max packet out: 32768 bytes
2020-07-22 18:14:25,870-paramiko.transport-DEBUG-Secsh channel 1 opened.
2020-07-22 18:14:25,872-paramiko.transport-DEBUG-[chan 1] Sesch channel 1 request ok
2020-07-22 18:14:27,831-paramiko.transport-DEBUG-[chan 1] EOF received (1)
2020-07-22 18:14:27,832-paramiko.transport-DEBUG-[chan 1] EOF sent (1)
2020-07-22 18:14:33,835-paramiko.transport-DEBUG-[chan 2] Max packet in: 32768 bytes
2020-07-22 18:14:33,836-paramiko.transport-DEBUG-[chan 2] Max packet out: 32768 bytes
2020-07-22 18:14:33,836-paramiko.transport-DEBUG-Secsh channel 2 opened.
2020-07-22 18:14:33,840-paramiko.transport-DEBUG-[chan 2] Sesch channel 2 request ok
2020-07-22 18:14:35,848-paramiko.transport-DEBUG-[chan 2] EOF received (2)
2020-07-22 18:14:35,848-paramiko.transport-DEBUG-[chan 2] EOF sent (2)
2020-07-22 18:14:37,852-paramiko.transport-DEBUG-[chan 3] Max packet in: 32768 bytes
2020-07-22 18:14:37,852-paramiko.transport-DEBUG-[chan 3] Max packet out: 32768 bytes
2020-07-22 18:14:37,852-paramiko.transport-DEBUG-Secsh channel 3 opened.
2020-07-22 18:14:37,855-paramiko.transport-DEBUG-[chan 3] Sesch channel 3 request ok
2020-07-22 18:14:38,468-paramiko.transport-DEBUG-[chan 3] EOF received (3)
2020-07-22 18:14:38,469-paramiko.transport-DEBUG-[chan 3] EOF sent (3)
2020-07-22 18:14:40,471-paramiko.transport-DEBUG-[chan 4] Max packet in: 32768 bytes
2020-07-22 18:14:40,471-paramiko.transport-DEBUG-[chan 4] Max packet out: 32768 bytes
2020-07-22 18:14:40,471-paramiko.transport-DEBUG-Secsh channel 4 opened.
2020-07-22 18:14:40,474-paramiko.transport-DEBUG-[chan 4] Sesch channel 4 request ok
2020-07-22 18:14:42,106-paramiko.transport-DEBUG-[chan 4] EOF received (4)
2020-07-22 18:14:42,107-paramiko.transport-DEBUG-[chan 4] EOF sent (4)
2020-07-22 18:14:44,111-paramiko.transport-DEBUG-EOF in transport thread
2020-07-22 18:14:44,284-myloger-WARNING-可用资金不足-深A五档即成转撤销买（可用资金=下单金额+费用-0.01）
2020-07-22 18:14:45,413-myloger-WARNING-执行结果为True,,
