2020-07-10 20:53:56,065-log_demo-INFO-sql able to connect!
2020-07-10 20:53:56,065-log_demo-INFO-TRUNCATE TABLE ashare_cjhb
2020-07-10 20:53:56,068-log_demo-INFO-TRUNCATE TABLE ashare_ordwth
2020-07-10 20:53:56,070-log_demo-INFO-TRUNCATE TABLE ashare_ordwth2
2020-07-10 20:53:56,073-log_demo-INFO-TRUNCATE TABLE reqresp
2020-07-10 20:53:56,075-log_demo-INFO-TRUNCATE TABLE execreport
2020-07-10 20:53:56,076-log_demo-INFO-TRUNCATE TABLE ashare_ordwth_cancel
2020-07-10 20:53:56,078-log_demo-INFO-truncate table ashare_ordwth_cancel success!
2020-07-10 20:53:56,079-paramiko.transport-DEBUG-starting thread (client mode): 0x2e3e410L
2020-07-10 20:53:56,079-paramiko.transport-DEBUG-Local version/idstring: SSH-2.0-paramiko_2.4.1
2020-07-10 20:53:56,089-paramiko.transport-DEBUG-Remote version/idstring: SSH-2.0-OpenSSH_6.6.1
2020-07-10 20:53:56,089-paramiko.transport-INFO-Connected (version 2.0, client OpenSSH_6.6.1)
2020-07-10 20:53:56,093-paramiko.transport-DEBUG-kex algos:[u'curve25519-sha256@libssh.org', u'ecdh-sha2-nistp256', u'ecdh-sha2-nistp384', u'ecdh-sha2-nistp521', u'diffie-hellman-group-exchange-sha256', u'diffie-hellman-group-exchange-sha1', u'diffie-hellman-group14-sha1', u'diffie-hellman-group1-sha1'] server key:[u'ssh-rsa', u'ecdsa-sha2-nistp256', u'ssh-ed25519'] client encrypt:[u'aes128-ctr', u'aes192-ctr', u'aes256-ctr', u'arcfour256', u'arcfour128', u'aes128-gcm@openssh.com', u'aes256-gcm@openssh.com', u'chacha20-poly1305@openssh.com', u'aes128-cbc', u'3des-cbc', u'blowfish-cbc', u'cast128-cbc', u'aes192-cbc', u'aes256-cbc', u'arcfour', u'rijndael-cbc@lysator.liu.se'] server encrypt:[u'aes128-ctr', u'aes192-ctr', u'aes256-ctr', u'arcfour256', u'arcfour128', u'aes128-gcm@openssh.com', u'aes256-gcm@openssh.com', u'chacha20-poly1305@openssh.com', u'aes128-cbc', u'3des-cbc', u'blowfish-cbc', u'cast128-cbc', u'aes192-cbc', u'aes256-cbc', u'arcfour', u'rijndael-cbc@lysator.liu.se'] client mac:[u'hmac-md5-etm@openssh.com', u'hmac-sha1-etm@openssh.com', u'umac-64-etm@openssh.com', u'umac-128-etm@openssh.com', u'hmac-sha2-256-etm@openssh.com', u'hmac-sha2-512-etm@openssh.com', u'hmac-ripemd160-etm@openssh.com', u'hmac-sha1-96-etm@openssh.com', u'hmac-md5-96-etm@openssh.com', u'hmac-md5', u'hmac-sha1', u'umac-64@openssh.com', u'umac-128@openssh.com', u'hmac-sha2-256', u'hmac-sha2-512', u'hmac-ripemd160', u'hmac-ripemd160@openssh.com', u'hmac-sha1-96', u'hmac-md5-96'] server mac:[u'hmac-md5-etm@openssh.com', u'hmac-sha1-etm@openssh.com', u'umac-64-etm@openssh.com', u'umac-128-etm@openssh.com', u'hmac-sha2-256-etm@openssh.com', u'hmac-sha2-512-etm@openssh.com', u'hmac-ripemd160-etm@openssh.com', u'hmac-sha1-96-etm@openssh.com', u'hmac-md5-96-etm@openssh.com', u'hmac-md5', u'hmac-sha1', u'umac-64@openssh.com', u'umac-128@openssh.com', u'hmac-sha2-256', u'hmac-sha2-512', u'hmac-ripemd160', u'hmac-ripemd160@openssh.com', u'hmac-sha1-96', u'hmac-md5-96'] client compress:[u'none', u'zlib@openssh.com'] server compress:[u'none', u'zlib@openssh.com'] client lang:[u''] server lang:[u''] kex follows?False
2020-07-10 20:53:56,093-paramiko.transport-DEBUG-Kex agreed: ecdh-sha2-nistp256
2020-07-10 20:53:56,093-paramiko.transport-DEBUG-HostKey agreed: ssh-ed25519
2020-07-10 20:53:56,093-paramiko.transport-DEBUG-Cipher agreed: aes128-ctr
2020-07-10 20:53:56,093-paramiko.transport-DEBUG-MAC agreed: hmac-sha2-256
2020-07-10 20:53:56,093-paramiko.transport-DEBUG-Compression agreed: none
2020-07-10 20:53:56,098-paramiko.transport-DEBUG-kex engine KexNistp256 specified hash_algo <built-in function openssl_sha256>
2020-07-10 20:53:56,099-paramiko.transport-DEBUG-Switch to new keys ...
2020-07-10 20:53:56,111-paramiko.transport-DEBUG-Adding ssh-ed25519 host key for 10.29.193.60: 9c589c255248bf0581d9b58ecf85e2ed
2020-07-10 20:53:56,138-paramiko.transport-DEBUG-userauth is OK
2020-07-10 20:53:56,175-paramiko.transport-INFO-Authentication (password) successful!
2020-07-10 20:53:56,176-paramiko.transport-DEBUG-[chan 0] Max packet in: 32768 bytes
2020-07-10 20:53:56,366-paramiko.transport-DEBUG-[chan 0] Max packet out: 32768 bytes
2020-07-10 20:53:56,366-paramiko.transport-DEBUG-Secsh channel 0 opened.
2020-07-10 20:53:56,379-paramiko.transport-DEBUG-[chan 0] Sesch channel 0 request ok
2020-07-10 20:53:56,401-paramiko.transport-DEBUG-[chan 0] EOF received (0)
2020-07-10 20:53:56,401-paramiko.transport-DEBUG-[chan 0] EOF sent (0)
2020-07-10 20:53:58,403-paramiko.transport-DEBUG-[chan 1] Max packet in: 32768 bytes
2020-07-10 20:53:58,404-paramiko.transport-DEBUG-[chan 1] Max packet out: 32768 bytes
2020-07-10 20:53:58,404-paramiko.transport-DEBUG-Secsh channel 1 opened.
2020-07-10 20:53:58,406-paramiko.transport-DEBUG-[chan 1] Sesch channel 1 request ok
2020-07-10 20:53:58,425-paramiko.transport-DEBUG-[chan 1] EOF received (1)
2020-07-10 20:53:58,425-paramiko.transport-DEBUG-[chan 1] EOF sent (1)
2020-07-10 20:54:00,428-paramiko.transport-DEBUG-[chan 2] Max packet in: 32768 bytes
2020-07-10 20:54:00,428-paramiko.transport-DEBUG-[chan 2] Max packet out: 32768 bytes
2020-07-10 20:54:00,428-paramiko.transport-DEBUG-Secsh channel 2 opened.
2020-07-10 20:54:00,431-paramiko.transport-DEBUG-[chan 2] Sesch channel 2 request ok
2020-07-10 20:54:00,448-paramiko.transport-DEBUG-[chan 2] EOF received (2)
2020-07-10 20:54:00,448-paramiko.transport-DEBUG-[chan 2] EOF sent (2)
2020-07-10 20:54:02,453-paramiko.transport-DEBUG-EOF in transport thread
2020-07-10 20:54:36,596-paramiko.transport-DEBUG-starting thread (client mode): 0xb027ea50L
2020-07-10 20:54:36,597-paramiko.transport-DEBUG-Local version/idstring: SSH-2.0-paramiko_2.4.1
2020-07-10 20:54:36,606-paramiko.transport-DEBUG-Remote version/idstring: SSH-2.0-OpenSSH_6.6.1
2020-07-10 20:54:36,606-paramiko.transport-INFO-Connected (version 2.0, client OpenSSH_6.6.1)
2020-07-10 20:54:36,610-paramiko.transport-DEBUG-kex algos:[u'curve25519-sha256@libssh.org', u'ecdh-sha2-nistp256', u'ecdh-sha2-nistp384', u'ecdh-sha2-nistp521', u'diffie-hellman-group-exchange-sha256', u'diffie-hellman-group-exchange-sha1', u'diffie-hellman-group14-sha1', u'diffie-hellman-group1-sha1'] server key:[u'ssh-rsa', u'ecdsa-sha2-nistp256', u'ssh-ed25519'] client encrypt:[u'aes128-ctr', u'aes192-ctr', u'aes256-ctr', u'arcfour256', u'arcfour128', u'aes128-gcm@openssh.com', u'aes256-gcm@openssh.com', u'chacha20-poly1305@openssh.com', u'aes128-cbc', u'3des-cbc', u'blowfish-cbc', u'cast128-cbc', u'aes192-cbc', u'aes256-cbc', u'arcfour', u'rijndael-cbc@lysator.liu.se'] server encrypt:[u'aes128-ctr', u'aes192-ctr', u'aes256-ctr', u'arcfour256', u'arcfour128', u'aes128-gcm@openssh.com', u'aes256-gcm@openssh.com', u'chacha20-poly1305@openssh.com', u'aes128-cbc', u'3des-cbc', u'blowfish-cbc', u'cast128-cbc', u'aes192-cbc', u'aes256-cbc', u'arcfour', u'rijndael-cbc@lysator.liu.se'] client mac:[u'hmac-md5-etm@openssh.com', u'hmac-sha1-etm@openssh.com', u'umac-64-etm@openssh.com', u'umac-128-etm@openssh.com', u'hmac-sha2-256-etm@openssh.com', u'hmac-sha2-512-etm@openssh.com', u'hmac-ripemd160-etm@openssh.com', u'hmac-sha1-96-etm@openssh.com', u'hmac-md5-96-etm@openssh.com', u'hmac-md5', u'hmac-sha1', u'umac-64@openssh.com', u'umac-128@openssh.com', u'hmac-sha2-256', u'hmac-sha2-512', u'hmac-ripemd160', u'hmac-ripemd160@openssh.com', u'hmac-sha1-96', u'hmac-md5-96'] server mac:[u'hmac-md5-etm@openssh.com', u'hmac-sha1-etm@openssh.com', u'umac-64-etm@openssh.com', u'umac-128-etm@openssh.com', u'hmac-sha2-256-etm@openssh.com', u'hmac-sha2-512-etm@openssh.com', u'hmac-ripemd160-etm@openssh.com', u'hmac-sha1-96-etm@openssh.com', u'hmac-md5-96-etm@openssh.com', u'hmac-md5', u'hmac-sha1', u'umac-64@openssh.com', u'umac-128@openssh.com', u'hmac-sha2-256', u'hmac-sha2-512', u'hmac-ripemd160', u'hmac-ripemd160@openssh.com', u'hmac-sha1-96', u'hmac-md5-96'] client compress:[u'none', u'zlib@openssh.com'] server compress:[u'none', u'zlib@openssh.com'] client lang:[u''] server lang:[u''] kex follows?False
2020-07-10 20:54:36,610-paramiko.transport-DEBUG-Kex agreed: ecdh-sha2-nistp256
2020-07-10 20:54:36,610-paramiko.transport-DEBUG-HostKey agreed: ssh-ed25519
2020-07-10 20:54:36,610-paramiko.transport-DEBUG-Cipher agreed: aes128-ctr
2020-07-10 20:54:36,611-paramiko.transport-DEBUG-MAC agreed: hmac-sha2-256
2020-07-10 20:54:36,611-paramiko.transport-DEBUG-Compression agreed: none
2020-07-10 20:54:36,615-paramiko.transport-DEBUG-kex engine KexNistp256 specified hash_algo <built-in function openssl_sha256>
2020-07-10 20:54:36,616-paramiko.transport-DEBUG-Switch to new keys ...
2020-07-10 20:54:36,628-paramiko.transport-DEBUG-Adding ssh-ed25519 host key for 10.29.193.60: 9c589c255248bf0581d9b58ecf85e2ed
2020-07-10 20:54:36,656-paramiko.transport-DEBUG-userauth is OK
2020-07-10 20:54:36,690-paramiko.transport-INFO-Authentication (password) successful!
2020-07-10 20:54:36,692-paramiko.transport-DEBUG-[chan 0] Max packet in: 32768 bytes
2020-07-10 20:54:36,884-paramiko.transport-DEBUG-[chan 0] Max packet out: 32768 bytes
2020-07-10 20:54:36,884-paramiko.transport-DEBUG-Secsh channel 0 opened.
2020-07-10 20:54:36,897-paramiko.transport-DEBUG-[chan 0] Sesch channel 0 request ok
2020-07-10 20:54:38,611-paramiko.transport-DEBUG-[chan 0] EOF received (0)
2020-07-10 20:54:38,611-paramiko.transport-DEBUG-[chan 0] EOF sent (0)
2020-07-10 20:54:40,613-paramiko.transport-DEBUG-[chan 1] Max packet in: 32768 bytes
2020-07-10 20:54:40,614-paramiko.transport-DEBUG-[chan 1] Max packet out: 32768 bytes
2020-07-10 20:54:40,614-paramiko.transport-DEBUG-Secsh channel 1 opened.
2020-07-10 20:54:40,616-paramiko.transport-DEBUG-[chan 1] Sesch channel 1 request ok
2020-07-10 20:54:42,583-paramiko.transport-DEBUG-[chan 1] EOF received (1)
2020-07-10 20:54:42,584-paramiko.transport-DEBUG-[chan 1] EOF sent (1)
2020-07-10 20:54:48,590-paramiko.transport-DEBUG-[chan 2] Max packet in: 32768 bytes
2020-07-10 20:54:48,591-paramiko.transport-DEBUG-[chan 2] Max packet out: 32768 bytes
2020-07-10 20:54:48,591-paramiko.transport-DEBUG-Secsh channel 2 opened.
2020-07-10 20:54:48,593-paramiko.transport-DEBUG-[chan 2] Sesch channel 2 request ok
2020-07-10 20:54:50,603-paramiko.transport-DEBUG-[chan 2] EOF received (2)
2020-07-10 20:54:50,604-paramiko.transport-DEBUG-[chan 2] EOF sent (2)
2020-07-10 20:54:52,613-paramiko.transport-DEBUG-[chan 3] Max packet in: 32768 bytes
2020-07-10 20:54:52,614-paramiko.transport-DEBUG-[chan 3] Max packet out: 32768 bytes
2020-07-10 20:54:52,614-paramiko.transport-DEBUG-Secsh channel 3 opened.
2020-07-10 20:54:52,616-paramiko.transport-DEBUG-[chan 3] Sesch channel 3 request ok
2020-07-10 20:54:53,214-paramiko.transport-DEBUG-[chan 3] EOF received (3)
2020-07-10 20:54:53,215-paramiko.transport-DEBUG-[chan 3] EOF sent (3)
2020-07-10 20:54:55,215-paramiko.transport-DEBUG-[chan 4] Max packet in: 32768 bytes
2020-07-10 20:54:55,216-paramiko.transport-DEBUG-[chan 4] Max packet out: 32768 bytes
2020-07-10 20:54:55,216-paramiko.transport-DEBUG-Secsh channel 4 opened.
2020-07-10 20:54:55,218-paramiko.transport-DEBUG-[chan 4] Sesch channel 4 request ok
2020-07-10 20:54:57,028-paramiko.transport-DEBUG-[chan 4] EOF received (4)
2020-07-10 20:54:57,028-paramiko.transport-DEBUG-[chan 4] EOF sent (4)
2020-07-10 20:54:59,032-paramiko.transport-DEBUG-EOF in transport thread
2020-07-10 20:54:59,196-myloger-WARNING-OMS初始化—可选权限—Secuinfo表，深A证券账号有买入风险警示板权限
2020-07-10 20:55:00,324-myloger-WARNING-执行结果为True,,
