2020-07-28 19:24:02,083-log_demo-INFO-sql able to connect!
2020-07-28 19:24:02,083-log_demo-INFO-delete from xtp_opt_fund_asset_20200728 where fund_acc = 300065003677 and oms_id = 6
2020-07-28 19:24:02,085-log_demo-INFO-delete table xtp_opt_fund_asset_20200728 success!
2020-07-28 19:24:02,133-log_demo-INFO-insert into xtp_opt_fund_asset_20200728
                       select
                        300065003677,
                        cur_type,
                        fund_avl_bal,
                        fund_frz_bal,
                        fund_bal,
                        fund_buy_sale,
                        fund_unc_buy,
                        fund_unc_sale,
                        fund_trsf,
                        node_id,
                        margin_used,
                        margin_incl_rlt,
                        fund_exe_freeze,
                        fund_exe_margin,
                        fund_fee_freeze,
			6
                  from xtp_opt_fund_asset_auto where py_name="YW_GGQQ_YWFXJHA_GOU_123"
2020-07-28 19:24:02,135-log_demo-INFO-insert_fund_assetYW_GGQQ_YWFXJHA_GOU_123success!
2020-07-28 19:24:02,136-paramiko.transport-DEBUG-starting thread (client mode): 0x1f36e90L
2020-07-28 19:24:02,137-paramiko.transport-DEBUG-Local version/idstring: SSH-2.0-paramiko_2.4.1
2020-07-28 19:24:02,152-paramiko.transport-DEBUG-Remote version/idstring: SSH-2.0-OpenSSH_6.6.1
2020-07-28 19:24:02,152-paramiko.transport-INFO-Connected (version 2.0, client OpenSSH_6.6.1)
2020-07-28 19:24:02,157-paramiko.transport-DEBUG-kex algos:[u'curve25519-sha256@libssh.org', u'ecdh-sha2-nistp256', u'ecdh-sha2-nistp384', u'ecdh-sha2-nistp521', u'diffie-hellman-group-exchange-sha256', u'diffie-hellman-group-exchange-sha1', u'diffie-hellman-group14-sha1', u'diffie-hellman-group1-sha1'] server key:[u'ssh-rsa', u'ecdsa-sha2-nistp256', u'ssh-ed25519'] client encrypt:[u'aes128-ctr', u'aes192-ctr', u'aes256-ctr', u'arcfour256', u'arcfour128', u'aes128-gcm@openssh.com', u'aes256-gcm@openssh.com', u'chacha20-poly1305@openssh.com', u'aes128-cbc', u'3des-cbc', u'blowfish-cbc', u'cast128-cbc', u'aes192-cbc', u'aes256-cbc', u'arcfour', u'rijndael-cbc@lysator.liu.se'] server encrypt:[u'aes128-ctr', u'aes192-ctr', u'aes256-ctr', u'arcfour256', u'arcfour128', u'aes128-gcm@openssh.com', u'aes256-gcm@openssh.com', u'chacha20-poly1305@openssh.com', u'aes128-cbc', u'3des-cbc', u'blowfish-cbc', u'cast128-cbc', u'aes192-cbc', u'aes256-cbc', u'arcfour', u'rijndael-cbc@lysator.liu.se'] client mac:[u'hmac-md5-etm@openssh.com', u'hmac-sha1-etm@openssh.com', u'umac-64-etm@openssh.com', u'umac-128-etm@openssh.com', u'hmac-sha2-256-etm@openssh.com', u'hmac-sha2-512-etm@openssh.com', u'hmac-ripemd160-etm@openssh.com', u'hmac-sha1-96-etm@openssh.com', u'hmac-md5-96-etm@openssh.com', u'hmac-md5', u'hmac-sha1', u'umac-64@openssh.com', u'umac-128@openssh.com', u'hmac-sha2-256', u'hmac-sha2-512', u'hmac-ripemd160', u'hmac-ripemd160@openssh.com', u'hmac-sha1-96', u'hmac-md5-96'] server mac:[u'hmac-md5-etm@openssh.com', u'hmac-sha1-etm@openssh.com', u'umac-64-etm@openssh.com', u'umac-128-etm@openssh.com', u'hmac-sha2-256-etm@openssh.com', u'hmac-sha2-512-etm@openssh.com', u'hmac-ripemd160-etm@openssh.com', u'hmac-sha1-96-etm@openssh.com', u'hmac-md5-96-etm@openssh.com', u'hmac-md5', u'hmac-sha1', u'umac-64@openssh.com', u'umac-128@openssh.com', u'hmac-sha2-256', u'hmac-sha2-512', u'hmac-ripemd160', u'hmac-ripemd160@openssh.com', u'hmac-sha1-96', u'hmac-md5-96'] client compress:[u'none', u'zlib@openssh.com'] server compress:[u'none', u'zlib@openssh.com'] client lang:[u''] server lang:[u''] kex follows?False
2020-07-28 19:24:02,157-paramiko.transport-DEBUG-Kex agreed: ecdh-sha2-nistp256
2020-07-28 19:24:02,158-paramiko.transport-DEBUG-HostKey agreed: ssh-ed25519
2020-07-28 19:24:02,158-paramiko.transport-DEBUG-Cipher agreed: aes128-ctr
2020-07-28 19:24:02,158-paramiko.transport-DEBUG-MAC agreed: hmac-sha2-256
2020-07-28 19:24:02,158-paramiko.transport-DEBUG-Compression agreed: none
2020-07-28 19:24:02,199-paramiko.transport-DEBUG-kex engine KexNistp256 specified hash_algo <built-in function openssl_sha256>
2020-07-28 19:24:02,200-paramiko.transport-DEBUG-Switch to new keys ...
2020-07-28 19:24:02,201-paramiko.transport-DEBUG-Adding ssh-ed25519 host key for 10.29.193.60: 9c589c255248bf0581d9b58ecf85e2ed
2020-07-28 19:24:02,239-paramiko.transport-DEBUG-userauth is OK
2020-07-28 19:24:02,287-paramiko.transport-INFO-Authentication (password) successful!
2020-07-28 19:24:02,302-paramiko.transport-DEBUG-[chan 0] Max packet in: 32768 bytes
2020-07-28 19:24:02,493-paramiko.transport-DEBUG-[chan 0] Max packet out: 32768 bytes
2020-07-28 19:24:02,493-paramiko.transport-DEBUG-Secsh channel 0 opened.
2020-07-28 19:24:02,507-paramiko.transport-DEBUG-[chan 0] Sesch channel 0 request ok
2020-07-28 19:24:03,218-paramiko.transport-DEBUG-[chan 0] EOF received (0)
2020-07-28 19:24:03,218-paramiko.transport-DEBUG-[chan 0] EOF sent (0)
2020-07-28 19:24:05,225-paramiko.transport-DEBUG-EOF in transport thread
2020-07-28 19:24:05,238-log_demo-INFO-sql able to connect!
2020-07-28 19:24:05,238-log_demo-INFO-TRUNCATE TABLE ashare_cjhb
2020-07-28 19:24:05,240-log_demo-INFO-TRUNCATE TABLE ashare_ordwth
2020-07-28 19:24:05,243-log_demo-INFO-TRUNCATE TABLE ashare_ordwth2
2020-07-28 19:24:05,244-log_demo-INFO-TRUNCATE TABLE reqresp
2020-07-28 19:24:05,246-log_demo-INFO-TRUNCATE TABLE execreport
2020-07-28 19:24:05,248-log_demo-INFO-TRUNCATE TABLE ashare_ordwth_cancel
2020-07-28 19:24:05,250-log_demo-INFO-truncate table ashare_ordwth_cancel success!
2020-07-28 19:24:39,521-paramiko.transport-DEBUG-starting thread (client mode): 0x1f3c1d0L
2020-07-28 19:24:39,521-paramiko.transport-DEBUG-Local version/idstring: SSH-2.0-paramiko_2.4.1
2020-07-28 19:24:39,533-paramiko.transport-DEBUG-Remote version/idstring: SSH-2.0-OpenSSH_6.6.1
2020-07-28 19:24:39,534-paramiko.transport-INFO-Connected (version 2.0, client OpenSSH_6.6.1)
2020-07-28 19:24:39,538-paramiko.transport-DEBUG-kex algos:[u'curve25519-sha256@libssh.org', u'ecdh-sha2-nistp256', u'ecdh-sha2-nistp384', u'ecdh-sha2-nistp521', u'diffie-hellman-group-exchange-sha256', u'diffie-hellman-group-exchange-sha1', u'diffie-hellman-group14-sha1', u'diffie-hellman-group1-sha1'] server key:[u'ssh-rsa', u'ecdsa-sha2-nistp256', u'ssh-ed25519'] client encrypt:[u'aes128-ctr', u'aes192-ctr', u'aes256-ctr', u'arcfour256', u'arcfour128', u'aes128-gcm@openssh.com', u'aes256-gcm@openssh.com', u'chacha20-poly1305@openssh.com', u'aes128-cbc', u'3des-cbc', u'blowfish-cbc', u'cast128-cbc', u'aes192-cbc', u'aes256-cbc', u'arcfour', u'rijndael-cbc@lysator.liu.se'] server encrypt:[u'aes128-ctr', u'aes192-ctr', u'aes256-ctr', u'arcfour256', u'arcfour128', u'aes128-gcm@openssh.com', u'aes256-gcm@openssh.com', u'chacha20-poly1305@openssh.com', u'aes128-cbc', u'3des-cbc', u'blowfish-cbc', u'cast128-cbc', u'aes192-cbc', u'aes256-cbc', u'arcfour', u'rijndael-cbc@lysator.liu.se'] client mac:[u'hmac-md5-etm@openssh.com', u'hmac-sha1-etm@openssh.com', u'umac-64-etm@openssh.com', u'umac-128-etm@openssh.com', u'hmac-sha2-256-etm@openssh.com', u'hmac-sha2-512-etm@openssh.com', u'hmac-ripemd160-etm@openssh.com', u'hmac-sha1-96-etm@openssh.com', u'hmac-md5-96-etm@openssh.com', u'hmac-md5', u'hmac-sha1', u'umac-64@openssh.com', u'umac-128@openssh.com', u'hmac-sha2-256', u'hmac-sha2-512', u'hmac-ripemd160', u'hmac-ripemd160@openssh.com', u'hmac-sha1-96', u'hmac-md5-96'] server mac:[u'hmac-md5-etm@openssh.com', u'hmac-sha1-etm@openssh.com', u'umac-64-etm@openssh.com', u'umac-128-etm@openssh.com', u'hmac-sha2-256-etm@openssh.com', u'hmac-sha2-512-etm@openssh.com', u'hmac-ripemd160-etm@openssh.com', u'hmac-sha1-96-etm@openssh.com', u'hmac-md5-96-etm@openssh.com', u'hmac-md5', u'hmac-sha1', u'umac-64@openssh.com', u'umac-128@openssh.com', u'hmac-sha2-256', u'hmac-sha2-512', u'hmac-ripemd160', u'hmac-ripemd160@openssh.com', u'hmac-sha1-96', u'hmac-md5-96'] client compress:[u'none', u'zlib@openssh.com'] server compress:[u'none', u'zlib@openssh.com'] client lang:[u''] server lang:[u''] kex follows?False
2020-07-28 19:24:39,538-paramiko.transport-DEBUG-Kex agreed: ecdh-sha2-nistp256
2020-07-28 19:24:39,538-paramiko.transport-DEBUG-HostKey agreed: ssh-ed25519
2020-07-28 19:24:39,538-paramiko.transport-DEBUG-Cipher agreed: aes128-ctr
2020-07-28 19:24:39,539-paramiko.transport-DEBUG-MAC agreed: hmac-sha2-256
2020-07-28 19:24:39,539-paramiko.transport-DEBUG-Compression agreed: none
2020-07-28 19:24:39,546-paramiko.transport-DEBUG-kex engine KexNistp256 specified hash_algo <built-in function openssl_sha256>
2020-07-28 19:24:39,547-paramiko.transport-DEBUG-Switch to new keys ...
2020-07-28 19:24:39,553-paramiko.transport-DEBUG-Adding ssh-ed25519 host key for 10.29.193.60: 9c589c255248bf0581d9b58ecf85e2ed
2020-07-28 19:24:39,586-paramiko.transport-DEBUG-userauth is OK
2020-07-28 19:24:39,628-paramiko.transport-INFO-Authentication (password) successful!
2020-07-28 19:24:39,654-paramiko.transport-DEBUG-[chan 0] Max packet in: 32768 bytes
2020-07-28 19:24:39,844-paramiko.transport-DEBUG-[chan 0] Max packet out: 32768 bytes
2020-07-28 19:24:39,845-paramiko.transport-DEBUG-Secsh channel 0 opened.
2020-07-28 19:24:39,859-paramiko.transport-DEBUG-[chan 0] Sesch channel 0 request ok
2020-07-28 19:24:40,589-paramiko.transport-DEBUG-[chan 0] EOF received (0)
2020-07-28 19:24:40,589-paramiko.transport-DEBUG-[chan 0] EOF sent (0)
2020-07-28 19:24:46,595-paramiko.transport-DEBUG-[chan 1] Max packet in: 32768 bytes
2020-07-28 19:24:46,596-paramiko.transport-DEBUG-[chan 1] Max packet out: 32768 bytes
2020-07-28 19:24:46,596-paramiko.transport-DEBUG-Secsh channel 1 opened.
2020-07-28 19:24:46,600-paramiko.transport-DEBUG-[chan 1] Sesch channel 1 request ok
2020-07-28 19:24:47,348-paramiko.transport-DEBUG-[chan 1] EOF received (1)
2020-07-28 19:24:47,349-paramiko.transport-DEBUG-[chan 1] EOF sent (1)
2020-07-28 19:24:49,351-paramiko.transport-DEBUG-[chan 2] Max packet in: 32768 bytes
2020-07-28 19:24:49,352-paramiko.transport-DEBUG-[chan 2] Max packet out: 32768 bytes
2020-07-28 19:24:49,352-paramiko.transport-DEBUG-Secsh channel 2 opened.
2020-07-28 19:24:49,354-paramiko.transport-DEBUG-[chan 2] Sesch channel 2 request ok
2020-07-28 19:24:50,484-paramiko.transport-DEBUG-[chan 2] EOF received (2)
2020-07-28 19:24:50,485-paramiko.transport-DEBUG-[chan 2] EOF sent (2)
2020-07-28 19:24:56,488-paramiko.transport-DEBUG-[chan 3] Max packet in: 32768 bytes
2020-07-28 19:24:56,489-paramiko.transport-DEBUG-[chan 3] Max packet out: 32768 bytes
2020-07-28 19:24:56,489-paramiko.transport-DEBUG-Secsh channel 3 opened.
2020-07-28 19:24:56,491-paramiko.transport-DEBUG-[chan 3] Sesch channel 3 request ok
2020-07-28 19:24:57,219-paramiko.transport-DEBUG-[chan 3] EOF received (3)
2020-07-28 19:24:57,219-paramiko.transport-DEBUG-[chan 3] EOF sent (3)
2020-07-28 19:24:59,222-paramiko.transport-DEBUG-[chan 4] Max packet in: 32768 bytes
2020-07-28 19:24:59,222-paramiko.transport-DEBUG-[chan 4] Max packet out: 32768 bytes
2020-07-28 19:24:59,223-paramiko.transport-DEBUG-Secsh channel 4 opened.
2020-07-28 19:24:59,225-paramiko.transport-DEBUG-[chan 4] Sesch channel 4 request ok
2020-07-28 19:25:01,227-paramiko.transport-DEBUG-[chan 4] EOF received (4)
2020-07-28 19:25:01,228-paramiko.transport-DEBUG-[chan 4] EOF sent (4)
2020-07-28 19:25:07,230-paramiko.transport-DEBUG-[chan 5] Max packet in: 32768 bytes
2020-07-28 19:25:07,231-paramiko.transport-DEBUG-[chan 5] Max packet out: 32768 bytes
2020-07-28 19:25:07,231-paramiko.transport-DEBUG-Secsh channel 5 opened.
2020-07-28 19:25:07,234-paramiko.transport-DEBUG-[chan 5] Sesch channel 5 request ok
2020-07-28 19:25:09,168-paramiko.transport-DEBUG-[chan 5] EOF received (5)
2020-07-28 19:25:09,168-paramiko.transport-DEBUG-[chan 5] EOF sent (5)
2020-07-28 19:25:11,173-paramiko.transport-DEBUG-EOF in transport thread
2020-07-28 19:25:11,332-myloger-WARNING-买平（义务方平仓）：限价-验资（可用资金刚好）（下单金额<费用&&可用资金=（费用-下单金额））
2020-07-28 19:26:12,444-myloger-WARNING-执行结果为False,,"用例超时"
