2020-07-12 17:49:49,304-log_demo-INFO-sql able to connect!
2020-07-12 17:49:49,304-log_demo-INFO-delete from xtp_fund_asset_20200712 where fund_acc = 100065004975 and oms_id = 6
2020-07-12 17:49:49,306-log_demo-INFO-delete table xtp_fund_asset_20200712 success!
2020-07-12 17:49:49,353-log_demo-INFO-insert into xtp_fund_asset_20200712
                       select
                        100065004975,
                        cur_type,
                        fund_avl_bal,
                        fund_frz_bal,
                        fund_bal,
                        fund_buy_sale,
                        fund_unc_buy,
                        fund_unc_sale,
                        fund_trsf,
                        node_id,
                        6
                  from xtp_fund_asset_auto where py_name="YW_ZXBMM_SZSJ_106"
2020-07-12 17:49:49,354-log_demo-INFO-insert_fund_assetYW_ZXBMM_SZSJ_106success!
2020-07-12 17:49:49,356-paramiko.transport-DEBUG-starting thread (client mode): 0x2ca61d0L
2020-07-12 17:49:49,356-paramiko.transport-DEBUG-Local version/idstring: SSH-2.0-paramiko_2.4.1
2020-07-12 17:49:49,367-paramiko.transport-DEBUG-Remote version/idstring: SSH-2.0-OpenSSH_6.6.1
2020-07-12 17:49:49,367-paramiko.transport-INFO-Connected (version 2.0, client OpenSSH_6.6.1)
2020-07-12 17:49:49,371-paramiko.transport-DEBUG-kex algos:[u'curve25519-sha256@libssh.org', u'ecdh-sha2-nistp256', u'ecdh-sha2-nistp384', u'ecdh-sha2-nistp521', u'diffie-hellman-group-exchange-sha256', u'diffie-hellman-group-exchange-sha1', u'diffie-hellman-group14-sha1', u'diffie-hellman-group1-sha1'] server key:[u'ssh-rsa', u'ecdsa-sha2-nistp256', u'ssh-ed25519'] client encrypt:[u'aes128-ctr', u'aes192-ctr', u'aes256-ctr', u'arcfour256', u'arcfour128', u'aes128-gcm@openssh.com', u'aes256-gcm@openssh.com', u'chacha20-poly1305@openssh.com', u'aes128-cbc', u'3des-cbc', u'blowfish-cbc', u'cast128-cbc', u'aes192-cbc', u'aes256-cbc', u'arcfour', u'rijndael-cbc@lysator.liu.se'] server encrypt:[u'aes128-ctr', u'aes192-ctr', u'aes256-ctr', u'arcfour256', u'arcfour128', u'aes128-gcm@openssh.com', u'aes256-gcm@openssh.com', u'chacha20-poly1305@openssh.com', u'aes128-cbc', u'3des-cbc', u'blowfish-cbc', u'cast128-cbc', u'aes192-cbc', u'aes256-cbc', u'arcfour', u'rijndael-cbc@lysator.liu.se'] client mac:[u'hmac-md5-etm@openssh.com', u'hmac-sha1-etm@openssh.com', u'umac-64-etm@openssh.com', u'umac-128-etm@openssh.com', u'hmac-sha2-256-etm@openssh.com', u'hmac-sha2-512-etm@openssh.com', u'hmac-ripemd160-etm@openssh.com', u'hmac-sha1-96-etm@openssh.com', u'hmac-md5-96-etm@openssh.com', u'hmac-md5', u'hmac-sha1', u'umac-64@openssh.com', u'umac-128@openssh.com', u'hmac-sha2-256', u'hmac-sha2-512', u'hmac-ripemd160', u'hmac-ripemd160@openssh.com', u'hmac-sha1-96', u'hmac-md5-96'] server mac:[u'hmac-md5-etm@openssh.com', u'hmac-sha1-etm@openssh.com', u'umac-64-etm@openssh.com', u'umac-128-etm@openssh.com', u'hmac-sha2-256-etm@openssh.com', u'hmac-sha2-512-etm@openssh.com', u'hmac-ripemd160-etm@openssh.com', u'hmac-sha1-96-etm@openssh.com', u'hmac-md5-96-etm@openssh.com', u'hmac-md5', u'hmac-sha1', u'umac-64@openssh.com', u'umac-128@openssh.com', u'hmac-sha2-256', u'hmac-sha2-512', u'hmac-ripemd160', u'hmac-ripemd160@openssh.com', u'hmac-sha1-96', u'hmac-md5-96'] client compress:[u'none', u'zlib@openssh.com'] server compress:[u'none', u'zlib@openssh.com'] client lang:[u''] server lang:[u''] kex follows?False
2020-07-12 17:49:49,371-paramiko.transport-DEBUG-Kex agreed: ecdh-sha2-nistp256
2020-07-12 17:49:49,372-paramiko.transport-DEBUG-HostKey agreed: ssh-ed25519
2020-07-12 17:49:49,372-paramiko.transport-DEBUG-Cipher agreed: aes128-ctr
2020-07-12 17:49:49,372-paramiko.transport-DEBUG-MAC agreed: hmac-sha2-256
2020-07-12 17:49:49,372-paramiko.transport-DEBUG-Compression agreed: none
2020-07-12 17:49:49,414-paramiko.transport-DEBUG-kex engine KexNistp256 specified hash_algo <built-in function openssl_sha256>
2020-07-12 17:49:49,415-paramiko.transport-DEBUG-Switch to new keys ...
2020-07-12 17:49:49,431-paramiko.transport-DEBUG-Adding ssh-ed25519 host key for 10.29.193.60: 9c589c255248bf0581d9b58ecf85e2ed
2020-07-12 17:49:49,454-paramiko.transport-DEBUG-userauth is OK
2020-07-12 17:49:49,489-paramiko.transport-INFO-Authentication (password) successful!
2020-07-12 17:49:49,495-paramiko.transport-DEBUG-[chan 0] Max packet in: 32768 bytes
2020-07-12 17:49:49,677-paramiko.transport-DEBUG-[chan 0] Max packet out: 32768 bytes
2020-07-12 17:49:49,678-paramiko.transport-DEBUG-Secsh channel 0 opened.
2020-07-12 17:49:49,699-paramiko.transport-DEBUG-[chan 0] Sesch channel 0 request ok
2020-07-12 17:49:50,294-paramiko.transport-DEBUG-[chan 0] EOF received (0)
2020-07-12 17:49:50,294-paramiko.transport-DEBUG-[chan 0] EOF sent (0)
2020-07-12 17:49:52,299-paramiko.transport-DEBUG-EOF in transport thread
2020-07-12 17:49:52,303-paramiko.transport-DEBUG-starting thread (client mode): 0x2ca6210L
2020-07-12 17:49:52,303-paramiko.transport-DEBUG-Local version/idstring: SSH-2.0-paramiko_2.4.1
2020-07-12 17:49:52,314-paramiko.transport-DEBUG-Remote version/idstring: SSH-2.0-OpenSSH_6.6.1
2020-07-12 17:49:52,314-paramiko.transport-INFO-Connected (version 2.0, client OpenSSH_6.6.1)
2020-07-12 17:49:52,317-paramiko.transport-DEBUG-kex algos:[u'curve25519-sha256@libssh.org', u'ecdh-sha2-nistp256', u'ecdh-sha2-nistp384', u'ecdh-sha2-nistp521', u'diffie-hellman-group-exchange-sha256', u'diffie-hellman-group-exchange-sha1', u'diffie-hellman-group14-sha1', u'diffie-hellman-group1-sha1'] server key:[u'ssh-rsa', u'ecdsa-sha2-nistp256', u'ssh-ed25519'] client encrypt:[u'aes128-ctr', u'aes192-ctr', u'aes256-ctr', u'arcfour256', u'arcfour128', u'aes128-gcm@openssh.com', u'aes256-gcm@openssh.com', u'chacha20-poly1305@openssh.com', u'aes128-cbc', u'3des-cbc', u'blowfish-cbc', u'cast128-cbc', u'aes192-cbc', u'aes256-cbc', u'arcfour', u'rijndael-cbc@lysator.liu.se'] server encrypt:[u'aes128-ctr', u'aes192-ctr', u'aes256-ctr', u'arcfour256', u'arcfour128', u'aes128-gcm@openssh.com', u'aes256-gcm@openssh.com', u'chacha20-poly1305@openssh.com', u'aes128-cbc', u'3des-cbc', u'blowfish-cbc', u'cast128-cbc', u'aes192-cbc', u'aes256-cbc', u'arcfour', u'rijndael-cbc@lysator.liu.se'] client mac:[u'hmac-md5-etm@openssh.com', u'hmac-sha1-etm@openssh.com', u'umac-64-etm@openssh.com', u'umac-128-etm@openssh.com', u'hmac-sha2-256-etm@openssh.com', u'hmac-sha2-512-etm@openssh.com', u'hmac-ripemd160-etm@openssh.com', u'hmac-sha1-96-etm@openssh.com', u'hmac-md5-96-etm@openssh.com', u'hmac-md5', u'hmac-sha1', u'umac-64@openssh.com', u'umac-128@openssh.com', u'hmac-sha2-256', u'hmac-sha2-512', u'hmac-ripemd160', u'hmac-ripemd160@openssh.com', u'hmac-sha1-96', u'hmac-md5-96'] server mac:[u'hmac-md5-etm@openssh.com', u'hmac-sha1-etm@openssh.com', u'umac-64-etm@openssh.com', u'umac-128-etm@openssh.com', u'hmac-sha2-256-etm@openssh.com', u'hmac-sha2-512-etm@openssh.com', u'hmac-ripemd160-etm@openssh.com', u'hmac-sha1-96-etm@openssh.com', u'hmac-md5-96-etm@openssh.com', u'hmac-md5', u'hmac-sha1', u'umac-64@openssh.com', u'umac-128@openssh.com', u'hmac-sha2-256', u'hmac-sha2-512', u'hmac-ripemd160', u'hmac-ripemd160@openssh.com', u'hmac-sha1-96', u'hmac-md5-96'] client compress:[u'none', u'zlib@openssh.com'] server compress:[u'none', u'zlib@openssh.com'] client lang:[u''] server lang:[u''] kex follows?False
2020-07-12 17:49:52,317-paramiko.transport-DEBUG-Kex agreed: ecdh-sha2-nistp256
2020-07-12 17:49:52,317-paramiko.transport-DEBUG-HostKey agreed: ssh-ed25519
2020-07-12 17:49:52,318-paramiko.transport-DEBUG-Cipher agreed: aes128-ctr
2020-07-12 17:49:52,318-paramiko.transport-DEBUG-MAC agreed: hmac-sha2-256
2020-07-12 17:49:52,318-paramiko.transport-DEBUG-Compression agreed: none
2020-07-12 17:49:52,323-paramiko.transport-DEBUG-kex engine KexNistp256 specified hash_algo <built-in function openssl_sha256>
2020-07-12 17:49:52,323-paramiko.transport-DEBUG-Switch to new keys ...
2020-07-12 17:49:52,334-paramiko.transport-DEBUG-Adding ssh-ed25519 host key for 10.29.193.60: 9c589c255248bf0581d9b58ecf85e2ed
2020-07-12 17:49:52,363-paramiko.transport-DEBUG-userauth is OK
2020-07-12 17:49:52,398-paramiko.transport-INFO-Authentication (password) successful!
2020-07-12 17:49:52,435-paramiko.transport-DEBUG-[chan 0] Max packet in: 32768 bytes
2020-07-12 17:49:52,597-paramiko.transport-DEBUG-[chan 0] Max packet out: 32768 bytes
2020-07-12 17:49:52,597-paramiko.transport-DEBUG-Secsh channel 0 opened.
2020-07-12 17:49:52,602-paramiko.transport-DEBUG-[chan 0] Sesch channel 0 request ok
2020-07-12 17:49:52,624-paramiko.transport-DEBUG-[chan 0] EOF received (0)
2020-07-12 17:49:52,624-paramiko.transport-DEBUG-[chan 0] EOF sent (0)
2020-07-12 17:49:54,625-paramiko.transport-DEBUG-[chan 1] Max packet in: 32768 bytes
2020-07-12 17:49:54,626-paramiko.transport-DEBUG-[chan 1] Max packet out: 32768 bytes
2020-07-12 17:49:54,626-paramiko.transport-DEBUG-Secsh channel 1 opened.
2020-07-12 17:49:54,628-paramiko.transport-DEBUG-[chan 1] Sesch channel 1 request ok
2020-07-12 17:49:54,646-paramiko.transport-DEBUG-[chan 1] EOF received (1)
2020-07-12 17:49:54,646-paramiko.transport-DEBUG-[chan 1] EOF sent (1)
2020-07-12 17:49:56,647-paramiko.transport-DEBUG-[chan 2] Max packet in: 32768 bytes
2020-07-12 17:49:56,648-paramiko.transport-DEBUG-[chan 2] Max packet out: 32768 bytes
2020-07-12 17:49:56,648-paramiko.transport-DEBUG-Secsh channel 2 opened.
2020-07-12 17:49:56,650-paramiko.transport-DEBUG-[chan 2] Sesch channel 2 request ok
2020-07-12 17:49:56,668-paramiko.transport-DEBUG-[chan 2] EOF received (2)
2020-07-12 17:49:56,668-paramiko.transport-DEBUG-[chan 2] EOF sent (2)
2020-07-12 17:49:58,672-paramiko.transport-DEBUG-EOF in transport thread
2020-07-12 17:49:58,674-paramiko.transport-DEBUG-starting thread (client mode): 0x2ca60d0L
2020-07-12 17:49:58,675-paramiko.transport-DEBUG-Local version/idstring: SSH-2.0-paramiko_2.4.1
2020-07-12 17:49:58,688-paramiko.transport-DEBUG-Remote version/idstring: SSH-2.0-OpenSSH_6.6.1
2020-07-12 17:49:58,688-paramiko.transport-INFO-Connected (version 2.0, client OpenSSH_6.6.1)
2020-07-12 17:49:58,691-paramiko.transport-DEBUG-kex algos:[u'curve25519-sha256@libssh.org', u'ecdh-sha2-nistp256', u'ecdh-sha2-nistp384', u'ecdh-sha2-nistp521', u'diffie-hellman-group-exchange-sha256', u'diffie-hellman-group-exchange-sha1', u'diffie-hellman-group14-sha1', u'diffie-hellman-group1-sha1'] server key:[u'ssh-rsa', u'ecdsa-sha2-nistp256', u'ssh-ed25519'] client encrypt:[u'aes128-ctr', u'aes192-ctr', u'aes256-ctr', u'arcfour256', u'arcfour128', u'aes128-gcm@openssh.com', u'aes256-gcm@openssh.com', u'chacha20-poly1305@openssh.com', u'aes128-cbc', u'3des-cbc', u'blowfish-cbc', u'cast128-cbc', u'aes192-cbc', u'aes256-cbc', u'arcfour', u'rijndael-cbc@lysator.liu.se'] server encrypt:[u'aes128-ctr', u'aes192-ctr', u'aes256-ctr', u'arcfour256', u'arcfour128', u'aes128-gcm@openssh.com', u'aes256-gcm@openssh.com', u'chacha20-poly1305@openssh.com', u'aes128-cbc', u'3des-cbc', u'blowfish-cbc', u'cast128-cbc', u'aes192-cbc', u'aes256-cbc', u'arcfour', u'rijndael-cbc@lysator.liu.se'] client mac:[u'hmac-md5-etm@openssh.com', u'hmac-sha1-etm@openssh.com', u'umac-64-etm@openssh.com', u'umac-128-etm@openssh.com', u'hmac-sha2-256-etm@openssh.com', u'hmac-sha2-512-etm@openssh.com', u'hmac-ripemd160-etm@openssh.com', u'hmac-sha1-96-etm@openssh.com', u'hmac-md5-96-etm@openssh.com', u'hmac-md5', u'hmac-sha1', u'umac-64@openssh.com', u'umac-128@openssh.com', u'hmac-sha2-256', u'hmac-sha2-512', u'hmac-ripemd160', u'hmac-ripemd160@openssh.com', u'hmac-sha1-96', u'hmac-md5-96'] server mac:[u'hmac-md5-etm@openssh.com', u'hmac-sha1-etm@openssh.com', u'umac-64-etm@openssh.com', u'umac-128-etm@openssh.com', u'hmac-sha2-256-etm@openssh.com', u'hmac-sha2-512-etm@openssh.com', u'hmac-ripemd160-etm@openssh.com', u'hmac-sha1-96-etm@openssh.com', u'hmac-md5-96-etm@openssh.com', u'hmac-md5', u'hmac-sha1', u'umac-64@openssh.com', u'umac-128@openssh.com', u'hmac-sha2-256', u'hmac-sha2-512', u'hmac-ripemd160', u'hmac-ripemd160@openssh.com', u'hmac-sha1-96', u'hmac-md5-96'] client compress:[u'none', u'zlib@openssh.com'] server compress:[u'none', u'zlib@openssh.com'] client lang:[u''] server lang:[u''] kex follows?False
2020-07-12 17:49:58,692-paramiko.transport-DEBUG-Kex agreed: ecdh-sha2-nistp256
2020-07-12 17:49:58,692-paramiko.transport-DEBUG-HostKey agreed: ssh-ed25519
2020-07-12 17:49:58,692-paramiko.transport-DEBUG-Cipher agreed: aes128-ctr
2020-07-12 17:49:58,692-paramiko.transport-DEBUG-MAC agreed: hmac-sha2-256
2020-07-12 17:49:58,692-paramiko.transport-DEBUG-Compression agreed: none
2020-07-12 17:49:58,700-paramiko.transport-DEBUG-kex engine KexNistp256 specified hash_algo <built-in function openssl_sha256>
2020-07-12 17:49:58,700-paramiko.transport-DEBUG-Switch to new keys ...
2020-07-12 17:49:58,706-paramiko.transport-DEBUG-Adding ssh-ed25519 host key for 10.29.193.60: 9c589c255248bf0581d9b58ecf85e2ed
2020-07-12 17:49:58,740-paramiko.transport-DEBUG-userauth is OK
2020-07-12 17:49:58,777-paramiko.transport-INFO-Authentication (password) successful!
2020-07-12 17:49:58,807-paramiko.transport-DEBUG-[chan 0] Max packet in: 32768 bytes
2020-07-12 17:49:58,967-paramiko.transport-DEBUG-[chan 0] Max packet out: 32768 bytes
2020-07-12 17:49:58,967-paramiko.transport-DEBUG-Secsh channel 0 opened.
2020-07-12 17:49:58,974-paramiko.transport-DEBUG-[chan 0] Sesch channel 0 request ok
2020-07-12 17:50:00,696-paramiko.transport-DEBUG-[chan 0] EOF received (0)
2020-07-12 17:50:00,696-paramiko.transport-DEBUG-[chan 0] EOF sent (0)
2020-07-12 17:50:02,697-paramiko.transport-DEBUG-[chan 1] Max packet in: 32768 bytes
2020-07-12 17:50:02,698-paramiko.transport-DEBUG-[chan 1] Max packet out: 32768 bytes
2020-07-12 17:50:02,698-paramiko.transport-DEBUG-Secsh channel 1 opened.
2020-07-12 17:50:02,701-paramiko.transport-DEBUG-[chan 1] Sesch channel 1 request ok
2020-07-12 17:50:04,690-paramiko.transport-DEBUG-[chan 1] EOF received (1)
2020-07-12 17:50:04,690-paramiko.transport-DEBUG-[chan 1] EOF sent (1)
2020-07-12 17:50:10,693-paramiko.transport-DEBUG-[chan 2] Max packet in: 32768 bytes
2020-07-12 17:50:10,694-paramiko.transport-DEBUG-[chan 2] Max packet out: 32768 bytes
2020-07-12 17:50:10,694-paramiko.transport-DEBUG-Secsh channel 2 opened.
2020-07-12 17:50:10,697-paramiko.transport-DEBUG-[chan 2] Sesch channel 2 request ok
2020-07-12 17:50:12,762-paramiko.transport-DEBUG-[chan 2] EOF received (2)
2020-07-12 17:50:12,762-paramiko.transport-DEBUG-[chan 2] EOF sent (2)
2020-07-12 17:50:14,765-paramiko.transport-DEBUG-[chan 3] Max packet in: 32768 bytes
2020-07-12 17:50:14,765-paramiko.transport-DEBUG-[chan 3] Max packet out: 32768 bytes
2020-07-12 17:50:14,765-paramiko.transport-DEBUG-Secsh channel 3 opened.
2020-07-12 17:50:14,767-paramiko.transport-DEBUG-[chan 3] Sesch channel 3 request ok
2020-07-12 17:50:15,391-paramiko.transport-DEBUG-[chan 3] EOF received (3)
2020-07-12 17:50:15,391-paramiko.transport-DEBUG-[chan 3] EOF sent (3)
2020-07-12 17:50:17,392-paramiko.transport-DEBUG-[chan 4] Max packet in: 32768 bytes
2020-07-12 17:50:17,393-paramiko.transport-DEBUG-[chan 4] Max packet out: 32768 bytes
2020-07-12 17:50:17,393-paramiko.transport-DEBUG-Secsh channel 4 opened.
2020-07-12 17:50:17,395-paramiko.transport-DEBUG-[chan 4] Sesch channel 4 request ok
2020-07-12 17:50:19,057-paramiko.transport-DEBUG-[chan 4] EOF received (4)
2020-07-12 17:50:19,057-paramiko.transport-DEBUG-[chan 4] EOF sent (4)
2020-07-12 17:50:21,062-paramiko.transport-DEBUG-EOF in transport thread
2020-07-12 17:50:21,227-myloger-WARNING-可用资金不足-深A五档即成转撤销买（可用资金=下单金额+费用-0.01）
2020-07-12 17:50:23,674-myloger-ERROR-期望状态和报单状态、提交状态不匹配，期望状态、报单状态、提交状态分别为废单,XTP_ORDER_STATUS_ALLTRADED,XTP_ORDER_SUBMIT_STATUS_INSERT_ACCEPTED
2020-07-12 17:50:24,360-myloger-WARNING-执行结果为False,报单查询,期望状态与报单状态不匹配
