2020-02-28 15:17:25,314-log_demo-INFO-sql able to connect!
2020-02-28 15:17:25,314-log_demo-INFO-delete from xtp_fund_asset_20200228 where fund_acc = 100065004975 and oms_id = 11
2020-02-28 15:17:25,322-log_demo-INFO-delete table xtp_fund_asset_20200228 success!
2020-02-28 15:17:25,359-log_demo-INFO-insert into xtp_fund_asset_20200228
                       select
                        100065004975,
                        cur_type,
                        fund_avl_bal,
                        fund_frz_bal,
                        fund_bal,
                        fund_buy_sale,
                        fund_unc_buy,
                        fund_unc_sale,
                        fund_trsf,
                        node_id,
                        11
                  from xtp_fund_asset_auto where py_name="YW_CETFSS_SHSH_047"
2020-02-28 15:17:25,363-log_demo-INFO-insert_fund_assetYW_CETFSS_SHSH_047success!
2020-02-28 15:17:25,370-paramiko.transport-DEBUG-starting thread (client mode): 0x225ba50L
2020-02-28 15:17:25,370-paramiko.transport-DEBUG-Local version/idstring: SSH-2.0-paramiko_2.4.1
2020-02-28 15:17:25,376-paramiko.transport-DEBUG-Remote version/idstring: SSH-2.0-OpenSSH_6.6.1
2020-02-28 15:17:25,376-paramiko.transport-INFO-Connected (version 2.0, client OpenSSH_6.6.1)
2020-02-28 15:17:25,378-paramiko.transport-DEBUG-kex algos:[u'curve25519-sha256@libssh.org', u'ecdh-sha2-nistp256', u'ecdh-sha2-nistp384', u'ecdh-sha2-nistp521', u'diffie-hellman-group-exchange-sha256', u'diffie-hellman-group-exchange-sha1', u'diffie-hellman-group14-sha1', u'diffie-hellman-group1-sha1'] server key:[u'ssh-rsa', u'ecdsa-sha2-nistp256', u'ssh-ed25519'] client encrypt:[u'aes128-ctr', u'aes192-ctr', u'aes256-ctr', u'arcfour256', u'arcfour128', u'aes128-gcm@openssh.com', u'aes256-gcm@openssh.com', u'chacha20-poly1305@openssh.com', u'aes128-cbc', u'3des-cbc', u'blowfish-cbc', u'cast128-cbc', u'aes192-cbc', u'aes256-cbc', u'arcfour', u'rijndael-cbc@lysator.liu.se'] server encrypt:[u'aes128-ctr', u'aes192-ctr', u'aes256-ctr', u'arcfour256', u'arcfour128', u'aes128-gcm@openssh.com', u'aes256-gcm@openssh.com', u'chacha20-poly1305@openssh.com', u'aes128-cbc', u'3des-cbc', u'blowfish-cbc', u'cast128-cbc', u'aes192-cbc', u'aes256-cbc', u'arcfour', u'rijndael-cbc@lysator.liu.se'] client mac:[u'hmac-md5-etm@openssh.com', u'hmac-sha1-etm@openssh.com', u'umac-64-etm@openssh.com', u'umac-128-etm@openssh.com', u'hmac-sha2-256-etm@openssh.com', u'hmac-sha2-512-etm@openssh.com', u'hmac-ripemd160-etm@openssh.com', u'hmac-sha1-96-etm@openssh.com', u'hmac-md5-96-etm@openssh.com', u'hmac-md5', u'hmac-sha1', u'umac-64@openssh.com', u'umac-128@openssh.com', u'hmac-sha2-256', u'hmac-sha2-512', u'hmac-ripemd160', u'hmac-ripemd160@openssh.com', u'hmac-sha1-96', u'hmac-md5-96'] server mac:[u'hmac-md5-etm@openssh.com', u'hmac-sha1-etm@openssh.com', u'umac-64-etm@openssh.com', u'umac-128-etm@openssh.com', u'hmac-sha2-256-etm@openssh.com', u'hmac-sha2-512-etm@openssh.com', u'hmac-ripemd160-etm@openssh.com', u'hmac-sha1-96-etm@openssh.com', u'hmac-md5-96-etm@openssh.com', u'hmac-md5', u'hmac-sha1', u'umac-64@openssh.com', u'umac-128@openssh.com', u'hmac-sha2-256', u'hmac-sha2-512', u'hmac-ripemd160', u'hmac-ripemd160@openssh.com', u'hmac-sha1-96', u'hmac-md5-96'] client compress:[u'none', u'zlib@openssh.com'] server compress:[u'none', u'zlib@openssh.com'] client lang:[u''] server lang:[u''] kex follows?False
2020-02-28 15:17:25,378-paramiko.transport-DEBUG-Kex agreed: ecdh-sha2-nistp256
2020-02-28 15:17:25,378-paramiko.transport-DEBUG-HostKey agreed: ssh-ed25519
2020-02-28 15:17:25,378-paramiko.transport-DEBUG-Cipher agreed: aes128-ctr
2020-02-28 15:17:25,378-paramiko.transport-DEBUG-MAC agreed: hmac-sha2-256
2020-02-28 15:17:25,378-paramiko.transport-DEBUG-Compression agreed: none
2020-02-28 15:17:25,409-paramiko.transport-DEBUG-kex engine KexNistp256 specified hash_algo <built-in function openssl_sha256>
2020-02-28 15:17:25,409-paramiko.transport-DEBUG-Switch to new keys ...
2020-02-28 15:17:25,410-paramiko.transport-DEBUG-Adding ssh-ed25519 host key for 10.29.182.38: 9c589c255248bf0581d9b58ecf85e2ed
2020-02-28 15:17:25,448-paramiko.transport-DEBUG-userauth is OK
2020-02-28 15:17:25,473-paramiko.transport-INFO-Authentication (password) successful!
2020-02-28 15:17:25,474-paramiko.transport-DEBUG-[chan 0] Max packet in: 32768 bytes
2020-02-28 15:17:25,479-paramiko.transport-DEBUG-[chan 0] Max packet out: 32768 bytes
2020-02-28 15:17:25,479-paramiko.transport-DEBUG-Secsh channel 0 opened.
2020-02-28 15:17:25,483-paramiko.transport-DEBUG-[chan 0] Sesch channel 0 request ok
2020-02-28 15:17:25,819-paramiko.transport-DEBUG-[chan 0] EOF received (0)
2020-02-28 15:17:25,819-paramiko.transport-DEBUG-[chan 0] EOF sent (0)
2020-02-28 15:17:27,823-paramiko.transport-DEBUG-EOF in transport thread
2020-02-28 15:17:27,829-log_demo-INFO-sql able to connect!
2020-02-28 15:17:27,829-log_demo-INFO-TRUNCATE TABLE ashare_cjhb
2020-02-28 15:17:27,832-log_demo-INFO-TRUNCATE TABLE ashare_ordwth
2020-02-28 15:17:27,834-log_demo-INFO-TRUNCATE TABLE ashare_ordwth2
2020-02-28 15:17:27,839-log_demo-INFO-TRUNCATE TABLE reqresp
2020-02-28 15:17:27,843-log_demo-INFO-TRUNCATE TABLE execreport
2020-02-28 15:17:27,846-log_demo-INFO-TRUNCATE TABLE ashare_ordwth_cancel
2020-02-28 15:17:27,850-log_demo-INFO-truncate table ashare_ordwth_cancel success!
2020-02-28 15:17:27,851-paramiko.transport-DEBUG-starting thread (client mode): 0x225ba90L
2020-02-28 15:17:27,851-paramiko.transport-DEBUG-Local version/idstring: SSH-2.0-paramiko_2.4.1
2020-02-28 15:17:27,857-paramiko.transport-DEBUG-Remote version/idstring: SSH-2.0-OpenSSH_6.6.1
2020-02-28 15:17:27,857-paramiko.transport-INFO-Connected (version 2.0, client OpenSSH_6.6.1)
2020-02-28 15:17:27,858-paramiko.transport-DEBUG-kex algos:[u'curve25519-sha256@libssh.org', u'ecdh-sha2-nistp256', u'ecdh-sha2-nistp384', u'ecdh-sha2-nistp521', u'diffie-hellman-group-exchange-sha256', u'diffie-hellman-group-exchange-sha1', u'diffie-hellman-group14-sha1', u'diffie-hellman-group1-sha1'] server key:[u'ssh-rsa', u'ecdsa-sha2-nistp256', u'ssh-ed25519'] client encrypt:[u'aes128-ctr', u'aes192-ctr', u'aes256-ctr', u'arcfour256', u'arcfour128', u'aes128-gcm@openssh.com', u'aes256-gcm@openssh.com', u'chacha20-poly1305@openssh.com', u'aes128-cbc', u'3des-cbc', u'blowfish-cbc', u'cast128-cbc', u'aes192-cbc', u'aes256-cbc', u'arcfour', u'rijndael-cbc@lysator.liu.se'] server encrypt:[u'aes128-ctr', u'aes192-ctr', u'aes256-ctr', u'arcfour256', u'arcfour128', u'aes128-gcm@openssh.com', u'aes256-gcm@openssh.com', u'chacha20-poly1305@openssh.com', u'aes128-cbc', u'3des-cbc', u'blowfish-cbc', u'cast128-cbc', u'aes192-cbc', u'aes256-cbc', u'arcfour', u'rijndael-cbc@lysator.liu.se'] client mac:[u'hmac-md5-etm@openssh.com', u'hmac-sha1-etm@openssh.com', u'umac-64-etm@openssh.com', u'umac-128-etm@openssh.com', u'hmac-sha2-256-etm@openssh.com', u'hmac-sha2-512-etm@openssh.com', u'hmac-ripemd160-etm@openssh.com', u'hmac-sha1-96-etm@openssh.com', u'hmac-md5-96-etm@openssh.com', u'hmac-md5', u'hmac-sha1', u'umac-64@openssh.com', u'umac-128@openssh.com', u'hmac-sha2-256', u'hmac-sha2-512', u'hmac-ripemd160', u'hmac-ripemd160@openssh.com', u'hmac-sha1-96', u'hmac-md5-96'] server mac:[u'hmac-md5-etm@openssh.com', u'hmac-sha1-etm@openssh.com', u'umac-64-etm@openssh.com', u'umac-128-etm@openssh.com', u'hmac-sha2-256-etm@openssh.com', u'hmac-sha2-512-etm@openssh.com', u'hmac-ripemd160-etm@openssh.com', u'hmac-sha1-96-etm@openssh.com', u'hmac-md5-96-etm@openssh.com', u'hmac-md5', u'hmac-sha1', u'umac-64@openssh.com', u'umac-128@openssh.com', u'hmac-sha2-256', u'hmac-sha2-512', u'hmac-ripemd160', u'hmac-ripemd160@openssh.com', u'hmac-sha1-96', u'hmac-md5-96'] client compress:[u'none', u'zlib@openssh.com'] server compress:[u'none', u'zlib@openssh.com'] client lang:[u''] server lang:[u''] kex follows?False
2020-02-28 15:17:27,858-paramiko.transport-DEBUG-Kex agreed: ecdh-sha2-nistp256
2020-02-28 15:17:27,858-paramiko.transport-DEBUG-HostKey agreed: ssh-ed25519
2020-02-28 15:17:27,858-paramiko.transport-DEBUG-Cipher agreed: aes128-ctr
2020-02-28 15:17:27,858-paramiko.transport-DEBUG-MAC agreed: hmac-sha2-256
2020-02-28 15:17:27,858-paramiko.transport-DEBUG-Compression agreed: none
2020-02-28 15:17:27,862-paramiko.transport-DEBUG-kex engine KexNistp256 specified hash_algo <built-in function openssl_sha256>
2020-02-28 15:17:27,863-paramiko.transport-DEBUG-Switch to new keys ...
2020-02-28 15:17:27,867-paramiko.transport-DEBUG-Adding ssh-ed25519 host key for 10.29.182.38: 9c589c255248bf0581d9b58ecf85e2ed
2020-02-28 15:17:27,902-paramiko.transport-DEBUG-userauth is OK
2020-02-28 15:17:27,924-paramiko.transport-INFO-Authentication (password) successful!
2020-02-28 15:17:27,931-paramiko.transport-DEBUG-[chan 0] Max packet in: 32768 bytes
2020-02-28 15:17:27,931-paramiko.transport-DEBUG-[chan 0] Max packet out: 32768 bytes
2020-02-28 15:17:27,932-paramiko.transport-DEBUG-Secsh channel 0 opened.
2020-02-28 15:17:27,933-paramiko.transport-DEBUG-[chan 0] Sesch channel 0 request ok
2020-02-28 15:17:27,946-paramiko.transport-DEBUG-[chan 0] EOF received (0)
2020-02-28 15:17:27,946-paramiko.transport-DEBUG-[chan 0] EOF sent (0)
2020-02-28 15:17:29,947-paramiko.transport-DEBUG-[chan 1] Max packet in: 32768 bytes
2020-02-28 15:17:29,947-paramiko.transport-DEBUG-[chan 1] Max packet out: 32768 bytes
2020-02-28 15:17:29,947-paramiko.transport-DEBUG-Secsh channel 1 opened.
2020-02-28 15:17:29,949-paramiko.transport-DEBUG-[chan 1] Sesch channel 1 request ok
2020-02-28 15:17:29,963-paramiko.transport-DEBUG-[chan 1] EOF received (1)
2020-02-28 15:17:29,964-paramiko.transport-DEBUG-[chan 1] EOF sent (1)
2020-02-28 15:17:31,966-paramiko.transport-DEBUG-[chan 2] Max packet in: 32768 bytes
2020-02-28 15:17:31,966-paramiko.transport-DEBUG-[chan 2] Max packet out: 32768 bytes
2020-02-28 15:17:31,966-paramiko.transport-DEBUG-Secsh channel 2 opened.
2020-02-28 15:17:31,968-paramiko.transport-DEBUG-[chan 2] Sesch channel 2 request ok
2020-02-28 15:17:31,982-paramiko.transport-DEBUG-[chan 2] EOF received (2)
2020-02-28 15:17:31,982-paramiko.transport-DEBUG-[chan 2] EOF sent (2)
2020-02-28 15:17:33,985-paramiko.transport-DEBUG-EOF in transport thread
2020-02-28 15:18:04,970-paramiko.transport-DEBUG-starting thread (client mode): 0x8c225f50L
2020-02-28 15:18:04,971-paramiko.transport-DEBUG-Local version/idstring: SSH-2.0-paramiko_2.4.1
2020-02-28 15:18:04,976-paramiko.transport-DEBUG-Remote version/idstring: SSH-2.0-OpenSSH_6.6.1
2020-02-28 15:18:04,977-paramiko.transport-INFO-Connected (version 2.0, client OpenSSH_6.6.1)
2020-02-28 15:18:04,978-paramiko.transport-DEBUG-kex algos:[u'curve25519-sha256@libssh.org', u'ecdh-sha2-nistp256', u'ecdh-sha2-nistp384', u'ecdh-sha2-nistp521', u'diffie-hellman-group-exchange-sha256', u'diffie-hellman-group-exchange-sha1', u'diffie-hellman-group14-sha1', u'diffie-hellman-group1-sha1'] server key:[u'ssh-rsa', u'ecdsa-sha2-nistp256', u'ssh-ed25519'] client encrypt:[u'aes128-ctr', u'aes192-ctr', u'aes256-ctr', u'arcfour256', u'arcfour128', u'aes128-gcm@openssh.com', u'aes256-gcm@openssh.com', u'chacha20-poly1305@openssh.com', u'aes128-cbc', u'3des-cbc', u'blowfish-cbc', u'cast128-cbc', u'aes192-cbc', u'aes256-cbc', u'arcfour', u'rijndael-cbc@lysator.liu.se'] server encrypt:[u'aes128-ctr', u'aes192-ctr', u'aes256-ctr', u'arcfour256', u'arcfour128', u'aes128-gcm@openssh.com', u'aes256-gcm@openssh.com', u'chacha20-poly1305@openssh.com', u'aes128-cbc', u'3des-cbc', u'blowfish-cbc', u'cast128-cbc', u'aes192-cbc', u'aes256-cbc', u'arcfour', u'rijndael-cbc@lysator.liu.se'] client mac:[u'hmac-md5-etm@openssh.com', u'hmac-sha1-etm@openssh.com', u'umac-64-etm@openssh.com', u'umac-128-etm@openssh.com', u'hmac-sha2-256-etm@openssh.com', u'hmac-sha2-512-etm@openssh.com', u'hmac-ripemd160-etm@openssh.com', u'hmac-sha1-96-etm@openssh.com', u'hmac-md5-96-etm@openssh.com', u'hmac-md5', u'hmac-sha1', u'umac-64@openssh.com', u'umac-128@openssh.com', u'hmac-sha2-256', u'hmac-sha2-512', u'hmac-ripemd160', u'hmac-ripemd160@openssh.com', u'hmac-sha1-96', u'hmac-md5-96'] server mac:[u'hmac-md5-etm@openssh.com', u'hmac-sha1-etm@openssh.com', u'umac-64-etm@openssh.com', u'umac-128-etm@openssh.com', u'hmac-sha2-256-etm@openssh.com', u'hmac-sha2-512-etm@openssh.com', u'hmac-ripemd160-etm@openssh.com', u'hmac-sha1-96-etm@openssh.com', u'hmac-md5-96-etm@openssh.com', u'hmac-md5', u'hmac-sha1', u'umac-64@openssh.com', u'umac-128@openssh.com', u'hmac-sha2-256', u'hmac-sha2-512', u'hmac-ripemd160', u'hmac-ripemd160@openssh.com', u'hmac-sha1-96', u'hmac-md5-96'] client compress:[u'none', u'zlib@openssh.com'] server compress:[u'none', u'zlib@openssh.com'] client lang:[u''] server lang:[u''] kex follows?False
2020-02-28 15:18:04,978-paramiko.transport-DEBUG-Kex agreed: ecdh-sha2-nistp256
2020-02-28 15:18:04,978-paramiko.transport-DEBUG-HostKey agreed: ssh-ed25519
2020-02-28 15:18:04,978-paramiko.transport-DEBUG-Cipher agreed: aes128-ctr
2020-02-28 15:18:04,979-paramiko.transport-DEBUG-MAC agreed: hmac-sha2-256
2020-02-28 15:18:04,979-paramiko.transport-DEBUG-Compression agreed: none
2020-02-28 15:18:05,020-paramiko.transport-DEBUG-kex engine KexNistp256 specified hash_algo <built-in function openssl_sha256>
2020-02-28 15:18:05,021-paramiko.transport-DEBUG-Switch to new keys ...
2020-02-28 15:18:05,034-paramiko.transport-DEBUG-Adding ssh-ed25519 host key for 10.29.182.38: 9c589c255248bf0581d9b58ecf85e2ed
2020-02-28 15:18:05,060-paramiko.transport-DEBUG-userauth is OK
2020-02-28 15:18:05,081-paramiko.transport-INFO-Authentication (password) successful!
2020-02-28 15:18:05,101-paramiko.transport-DEBUG-[chan 0] Max packet in: 32768 bytes
2020-02-28 15:18:05,101-paramiko.transport-DEBUG-[chan 0] Max packet out: 32768 bytes
2020-02-28 15:18:05,101-paramiko.transport-DEBUG-Secsh channel 0 opened.
2020-02-28 15:18:05,104-paramiko.transport-DEBUG-[chan 0] Sesch channel 0 request ok
2020-02-28 15:18:05,658-paramiko.transport-DEBUG-[chan 0] EOF received (0)
2020-02-28 15:18:05,658-paramiko.transport-DEBUG-[chan 0] EOF sent (0)
2020-02-28 15:18:07,660-paramiko.transport-DEBUG-[chan 1] Max packet in: 32768 bytes
2020-02-28 15:18:07,661-paramiko.transport-DEBUG-[chan 1] Max packet out: 32768 bytes
2020-02-28 15:18:07,661-paramiko.transport-DEBUG-Secsh channel 1 opened.
2020-02-28 15:18:07,663-paramiko.transport-DEBUG-[chan 1] Sesch channel 1 request ok
2020-02-28 15:18:08,396-paramiko.transport-DEBUG-[chan 1] EOF received (1)
2020-02-28 15:18:08,396-paramiko.transport-DEBUG-[chan 1] EOF sent (1)
2020-02-28 15:18:14,402-paramiko.transport-DEBUG-[chan 2] Max packet in: 32768 bytes
2020-02-28 15:18:14,403-paramiko.transport-DEBUG-[chan 2] Max packet out: 32768 bytes
2020-02-28 15:18:14,403-paramiko.transport-DEBUG-Secsh channel 2 opened.
2020-02-28 15:18:14,405-paramiko.transport-DEBUG-[chan 2] Sesch channel 2 request ok
2020-02-28 15:18:15,051-paramiko.transport-DEBUG-[chan 2] EOF received (2)
2020-02-28 15:18:15,051-paramiko.transport-DEBUG-[chan 2] EOF sent (2)
2020-02-28 15:18:17,053-paramiko.transport-DEBUG-[chan 3] Max packet in: 32768 bytes
2020-02-28 15:18:17,054-paramiko.transport-DEBUG-[chan 3] Max packet out: 32768 bytes
2020-02-28 15:18:17,054-paramiko.transport-DEBUG-Secsh channel 3 opened.
2020-02-28 15:18:17,056-paramiko.transport-DEBUG-[chan 3] Sesch channel 3 request ok
2020-02-28 15:18:17,342-paramiko.transport-DEBUG-[chan 3] EOF received (3)
2020-02-28 15:18:17,342-paramiko.transport-DEBUG-[chan 3] EOF sent (3)
2020-02-28 15:18:19,345-paramiko.transport-DEBUG-[chan 4] Max packet in: 32768 bytes
2020-02-28 15:18:19,346-paramiko.transport-DEBUG-[chan 4] Max packet out: 32768 bytes
2020-02-28 15:18:19,346-paramiko.transport-DEBUG-Secsh channel 4 opened.
2020-02-28 15:18:19,356-paramiko.transport-DEBUG-[chan 4] Sesch channel 4 request ok
2020-02-28 15:18:19,999-paramiko.transport-DEBUG-[chan 4] EOF received (4)
2020-02-28 15:18:20,000-paramiko.transport-DEBUG-[chan 4] EOF sent (4)
2020-02-28 15:18:22,003-paramiko.transport-DEBUG-EOF in transport thread
2020-02-28 15:18:22,111-myloger-WARNING-赎回真实的ETF-可赎回的证券数足额，资金不足
2020-02-28 15:18:31,600-myloger-WARNING- etf申赎的执行结果为: True, , 
2020-02-28 15:18:34,348-myloger-WARNING-etf二级市场卖出的执行结果为: True, , 
2020-02-28 15:19:02,203-myloger-WARNING-成份股二级市场卖出的执行结果为: True, , 
