2020-03-20 10:09:08,750-log_demo-INFO-sql able to connect!
2020-03-20 10:09:08,750-log_demo-INFO-delete from xtp_opt_fund_asset_20200320 where fund_acc = 300065003677 and oms_id = 11
2020-03-20 10:09:08,757-log_demo-INFO-delete table xtp_opt_fund_asset_20200320 success!
2020-03-20 10:09:08,762-log_demo-INFO-insert into xtp_opt_fund_asset_20200320
                       select
                        300065003677,
                        cur_type,
                        fund_avl_bal,
                        fund_frz_bal,
                        fund_bal,
                        fund_buy_sale,
                        fund_unc_buy,
                        fund_unc_sale,
                        fund_trsf,
                        node_id,
                        margin_used,
                        margin_incl_rlt,
                        fund_exe_freeze,
                        fund_exe_margin,
                        fund_fee_freeze,
			11
                  from xtp_opt_fund_asset_auto where py_name="YW_GGQQ_QLFXJHA_011"
2020-03-20 10:09:08,764-log_demo-INFO-insert_fund_assetYW_GGQQ_QLFXJHA_011success!
2020-03-20 10:09:08,764-paramiko.transport-DEBUG-starting thread (client mode): 0x2aa2510L
2020-03-20 10:09:08,765-paramiko.transport-DEBUG-Local version/idstring: SSH-2.0-paramiko_2.4.1
2020-03-20 10:09:08,779-paramiko.transport-DEBUG-Remote version/idstring: SSH-2.0-OpenSSH_6.6.1
2020-03-20 10:09:08,779-paramiko.transport-INFO-Connected (version 2.0, client OpenSSH_6.6.1)
2020-03-20 10:09:08,781-paramiko.transport-DEBUG-kex algos:[u'curve25519-sha256@libssh.org', u'ecdh-sha2-nistp256', u'ecdh-sha2-nistp384', u'ecdh-sha2-nistp521', u'diffie-hellman-group-exchange-sha256', u'diffie-hellman-group-exchange-sha1', u'diffie-hellman-group14-sha1', u'diffie-hellman-group1-sha1'] server key:[u'ssh-rsa', u'ecdsa-sha2-nistp256', u'ssh-ed25519'] client encrypt:[u'aes128-ctr', u'aes192-ctr', u'aes256-ctr', u'arcfour256', u'arcfour128', u'aes128-gcm@openssh.com', u'aes256-gcm@openssh.com', u'chacha20-poly1305@openssh.com', u'aes128-cbc', u'3des-cbc', u'blowfish-cbc', u'cast128-cbc', u'aes192-cbc', u'aes256-cbc', u'arcfour', u'rijndael-cbc@lysator.liu.se'] server encrypt:[u'aes128-ctr', u'aes192-ctr', u'aes256-ctr', u'arcfour256', u'arcfour128', u'aes128-gcm@openssh.com', u'aes256-gcm@openssh.com', u'chacha20-poly1305@openssh.com', u'aes128-cbc', u'3des-cbc', u'blowfish-cbc', u'cast128-cbc', u'aes192-cbc', u'aes256-cbc', u'arcfour', u'rijndael-cbc@lysator.liu.se'] client mac:[u'hmac-md5-etm@openssh.com', u'hmac-sha1-etm@openssh.com', u'umac-64-etm@openssh.com', u'umac-128-etm@openssh.com', u'hmac-sha2-256-etm@openssh.com', u'hmac-sha2-512-etm@openssh.com', u'hmac-ripemd160-etm@openssh.com', u'hmac-sha1-96-etm@openssh.com', u'hmac-md5-96-etm@openssh.com', u'hmac-md5', u'hmac-sha1', u'umac-64@openssh.com', u'umac-128@openssh.com', u'hmac-sha2-256', u'hmac-sha2-512', u'hmac-ripemd160', u'hmac-ripemd160@openssh.com', u'hmac-sha1-96', u'hmac-md5-96'] server mac:[u'hmac-md5-etm@openssh.com', u'hmac-sha1-etm@openssh.com', u'umac-64-etm@openssh.com', u'umac-128-etm@openssh.com', u'hmac-sha2-256-etm@openssh.com', u'hmac-sha2-512-etm@openssh.com', u'hmac-ripemd160-etm@openssh.com', u'hmac-sha1-96-etm@openssh.com', u'hmac-md5-96-etm@openssh.com', u'hmac-md5', u'hmac-sha1', u'umac-64@openssh.com', u'umac-128@openssh.com', u'hmac-sha2-256', u'hmac-sha2-512', u'hmac-ripemd160', u'hmac-ripemd160@openssh.com', u'hmac-sha1-96', u'hmac-md5-96'] client compress:[u'none', u'zlib@openssh.com'] server compress:[u'none', u'zlib@openssh.com'] client lang:[u''] server lang:[u''] kex follows?False
2020-03-20 10:09:08,782-paramiko.transport-DEBUG-Kex agreed: ecdh-sha2-nistp256
2020-03-20 10:09:08,782-paramiko.transport-DEBUG-HostKey agreed: ssh-ed25519
2020-03-20 10:09:08,782-paramiko.transport-DEBUG-Cipher agreed: aes128-ctr
2020-03-20 10:09:08,782-paramiko.transport-DEBUG-MAC agreed: hmac-sha2-256
2020-03-20 10:09:08,782-paramiko.transport-DEBUG-Compression agreed: none
2020-03-20 10:09:08,811-paramiko.transport-DEBUG-kex engine KexNistp256 specified hash_algo <built-in function openssl_sha256>
2020-03-20 10:09:08,812-paramiko.transport-DEBUG-Switch to new keys ...
2020-03-20 10:09:08,841-paramiko.transport-DEBUG-Adding ssh-ed25519 host key for 10.29.182.38: 9c589c255248bf0581d9b58ecf85e2ed
2020-03-20 10:09:08,851-paramiko.transport-DEBUG-userauth is OK
2020-03-20 10:09:08,873-paramiko.transport-INFO-Authentication (password) successful!
2020-03-20 10:09:08,878-paramiko.transport-DEBUG-[chan 0] Max packet in: 32768 bytes
2020-03-20 10:09:08,881-paramiko.transport-DEBUG-[chan 0] Max packet out: 32768 bytes
2020-03-20 10:09:08,881-paramiko.transport-DEBUG-Secsh channel 0 opened.
2020-03-20 10:09:08,883-paramiko.transport-DEBUG-[chan 0] Sesch channel 0 request ok
2020-03-20 10:09:09,335-paramiko.transport-DEBUG-[chan 0] EOF received (0)
2020-03-20 10:09:09,335-paramiko.transport-DEBUG-[chan 0] EOF sent (0)
2020-03-20 10:09:11,339-paramiko.transport-DEBUG-EOF in transport thread
2020-03-20 10:09:11,346-log_demo-INFO-sql able to connect!
2020-03-20 10:09:11,346-log_demo-INFO-TRUNCATE TABLE ashare_cjhb
2020-03-20 10:09:11,349-log_demo-INFO-TRUNCATE TABLE ashare_ordwth
2020-03-20 10:09:11,364-log_demo-INFO-TRUNCATE TABLE ashare_ordwth2
2020-03-20 10:09:11,379-log_demo-INFO-TRUNCATE TABLE reqresp
2020-03-20 10:09:11,396-log_demo-INFO-TRUNCATE TABLE execreport
2020-03-20 10:09:11,411-log_demo-INFO-TRUNCATE TABLE ashare_ordwth_cancel
2020-03-20 10:09:11,426-log_demo-INFO-truncate table ashare_ordwth_cancel success!
2020-03-20 10:09:39,015-paramiko.transport-DEBUG-starting thread (client mode): 0x2aa2790L
2020-03-20 10:09:39,015-paramiko.transport-DEBUG-Local version/idstring: SSH-2.0-paramiko_2.4.1
2020-03-20 10:09:39,021-paramiko.transport-DEBUG-Remote version/idstring: SSH-2.0-OpenSSH_6.6.1
2020-03-20 10:09:39,021-paramiko.transport-INFO-Connected (version 2.0, client OpenSSH_6.6.1)
2020-03-20 10:09:39,022-paramiko.transport-DEBUG-kex algos:[u'curve25519-sha256@libssh.org', u'ecdh-sha2-nistp256', u'ecdh-sha2-nistp384', u'ecdh-sha2-nistp521', u'diffie-hellman-group-exchange-sha256', u'diffie-hellman-group-exchange-sha1', u'diffie-hellman-group14-sha1', u'diffie-hellman-group1-sha1'] server key:[u'ssh-rsa', u'ecdsa-sha2-nistp256', u'ssh-ed25519'] client encrypt:[u'aes128-ctr', u'aes192-ctr', u'aes256-ctr', u'arcfour256', u'arcfour128', u'aes128-gcm@openssh.com', u'aes256-gcm@openssh.com', u'chacha20-poly1305@openssh.com', u'aes128-cbc', u'3des-cbc', u'blowfish-cbc', u'cast128-cbc', u'aes192-cbc', u'aes256-cbc', u'arcfour', u'rijndael-cbc@lysator.liu.se'] server encrypt:[u'aes128-ctr', u'aes192-ctr', u'aes256-ctr', u'arcfour256', u'arcfour128', u'aes128-gcm@openssh.com', u'aes256-gcm@openssh.com', u'chacha20-poly1305@openssh.com', u'aes128-cbc', u'3des-cbc', u'blowfish-cbc', u'cast128-cbc', u'aes192-cbc', u'aes256-cbc', u'arcfour', u'rijndael-cbc@lysator.liu.se'] client mac:[u'hmac-md5-etm@openssh.com', u'hmac-sha1-etm@openssh.com', u'umac-64-etm@openssh.com', u'umac-128-etm@openssh.com', u'hmac-sha2-256-etm@openssh.com', u'hmac-sha2-512-etm@openssh.com', u'hmac-ripemd160-etm@openssh.com', u'hmac-sha1-96-etm@openssh.com', u'hmac-md5-96-etm@openssh.com', u'hmac-md5', u'hmac-sha1', u'umac-64@openssh.com', u'umac-128@openssh.com', u'hmac-sha2-256', u'hmac-sha2-512', u'hmac-ripemd160', u'hmac-ripemd160@openssh.com', u'hmac-sha1-96', u'hmac-md5-96'] server mac:[u'hmac-md5-etm@openssh.com', u'hmac-sha1-etm@openssh.com', u'umac-64-etm@openssh.com', u'umac-128-etm@openssh.com', u'hmac-sha2-256-etm@openssh.com', u'hmac-sha2-512-etm@openssh.com', u'hmac-ripemd160-etm@openssh.com', u'hmac-sha1-96-etm@openssh.com', u'hmac-md5-96-etm@openssh.com', u'hmac-md5', u'hmac-sha1', u'umac-64@openssh.com', u'umac-128@openssh.com', u'hmac-sha2-256', u'hmac-sha2-512', u'hmac-ripemd160', u'hmac-ripemd160@openssh.com', u'hmac-sha1-96', u'hmac-md5-96'] client compress:[u'none', u'zlib@openssh.com'] server compress:[u'none', u'zlib@openssh.com'] client lang:[u''] server lang:[u''] kex follows?False
2020-03-20 10:09:39,022-paramiko.transport-DEBUG-Kex agreed: ecdh-sha2-nistp256
2020-03-20 10:09:39,022-paramiko.transport-DEBUG-HostKey agreed: ssh-ed25519
2020-03-20 10:09:39,022-paramiko.transport-DEBUG-Cipher agreed: aes128-ctr
2020-03-20 10:09:39,022-paramiko.transport-DEBUG-MAC agreed: hmac-sha2-256
2020-03-20 10:09:39,022-paramiko.transport-DEBUG-Compression agreed: none
2020-03-20 10:09:39,065-paramiko.transport-DEBUG-kex engine KexNistp256 specified hash_algo <built-in function openssl_sha256>
2020-03-20 10:09:39,065-paramiko.transport-DEBUG-Switch to new keys ...
2020-03-20 10:09:39,081-paramiko.transport-DEBUG-Adding ssh-ed25519 host key for 10.29.182.38: 9c589c255248bf0581d9b58ecf85e2ed
2020-03-20 10:09:39,105-paramiko.transport-DEBUG-userauth is OK
2020-03-20 10:09:39,128-paramiko.transport-INFO-Authentication (password) successful!
2020-03-20 10:09:39,146-paramiko.transport-DEBUG-[chan 0] Max packet in: 32768 bytes
2020-03-20 10:09:39,146-paramiko.transport-DEBUG-[chan 0] Max packet out: 32768 bytes
2020-03-20 10:09:39,147-paramiko.transport-DEBUG-Secsh channel 0 opened.
2020-03-20 10:09:39,148-paramiko.transport-DEBUG-[chan 0] Sesch channel 0 request ok
2020-03-20 10:09:39,466-paramiko.transport-DEBUG-[chan 0] EOF received (0)
2020-03-20 10:09:39,466-paramiko.transport-DEBUG-[chan 0] EOF sent (0)
2020-03-20 10:09:45,471-paramiko.transport-DEBUG-[chan 1] Max packet in: 32768 bytes
2020-03-20 10:09:45,471-paramiko.transport-DEBUG-[chan 1] Max packet out: 32768 bytes
2020-03-20 10:09:45,472-paramiko.transport-DEBUG-Secsh channel 1 opened.
2020-03-20 10:09:45,473-paramiko.transport-DEBUG-[chan 1] Sesch channel 1 request ok
2020-03-20 10:09:45,765-paramiko.transport-DEBUG-[chan 1] EOF received (1)
2020-03-20 10:09:45,766-paramiko.transport-DEBUG-[chan 1] EOF sent (1)
2020-03-20 10:09:47,766-paramiko.transport-DEBUG-[chan 2] Max packet in: 32768 bytes
2020-03-20 10:09:47,767-paramiko.transport-DEBUG-[chan 2] Max packet out: 32768 bytes
2020-03-20 10:09:47,767-paramiko.transport-DEBUG-Secsh channel 2 opened.
2020-03-20 10:09:47,769-paramiko.transport-DEBUG-[chan 2] Sesch channel 2 request ok
2020-03-20 10:09:48,199-paramiko.transport-DEBUG-[chan 2] EOF received (2)
2020-03-20 10:09:48,199-paramiko.transport-DEBUG-[chan 2] EOF sent (2)
2020-03-20 10:09:54,204-paramiko.transport-DEBUG-[chan 3] Max packet in: 32768 bytes
2020-03-20 10:09:54,204-paramiko.transport-DEBUG-[chan 3] Max packet out: 32768 bytes
2020-03-20 10:09:54,204-paramiko.transport-DEBUG-Secsh channel 3 opened.
2020-03-20 10:09:54,206-paramiko.transport-DEBUG-[chan 3] Sesch channel 3 request ok
2020-03-20 10:09:54,648-paramiko.transport-DEBUG-[chan 3] EOF received (3)
2020-03-20 10:09:54,649-paramiko.transport-DEBUG-[chan 3] EOF sent (3)
2020-03-20 10:09:56,651-paramiko.transport-DEBUG-[chan 4] Max packet in: 32768 bytes
2020-03-20 10:09:56,651-paramiko.transport-DEBUG-[chan 4] Max packet out: 32768 bytes
2020-03-20 10:09:56,651-paramiko.transport-DEBUG-Secsh channel 4 opened.
2020-03-20 10:09:56,653-paramiko.transport-DEBUG-[chan 4] Sesch channel 4 request ok
2020-03-20 10:09:57,407-paramiko.transport-DEBUG-[chan 4] EOF received (4)
2020-03-20 10:09:57,407-paramiko.transport-DEBUG-[chan 4] EOF sent (4)
2020-03-20 10:10:03,414-paramiko.transport-DEBUG-[chan 5] Max packet in: 32768 bytes
2020-03-20 10:10:03,414-paramiko.transport-DEBUG-[chan 5] Max packet out: 32768 bytes
2020-03-20 10:10:03,414-paramiko.transport-DEBUG-Secsh channel 5 opened.
2020-03-20 10:10:03,416-paramiko.transport-DEBUG-[chan 5] Sesch channel 5 request ok
2020-03-20 10:10:04,101-paramiko.transport-DEBUG-[chan 5] EOF received (5)
2020-03-20 10:10:04,101-paramiko.transport-DEBUG-[chan 5] EOF sent (5)
2020-03-20 10:10:06,105-paramiko.transport-DEBUG-EOF in transport thread
2020-03-20 10:10:06,213-myloger-WARNING-卖开（义务方开仓）：T日增加10001032和20002438多头持仓
2020-03-20 10:10:06,725-myloger-WARNING-执行结果为True
2020-03-20 10:10:09,731-myloger-WARNING-执行结果为True
2020-03-20 10:10:12,753-myloger-WARNING-执行结果为True
2020-03-20 10:10:15,759-myloger-WARNING-执行结果为True
2020-03-20 10:10:18,764-myloger-WARNING-执行结果为True
2020-03-20 10:10:21,770-myloger-WARNING-执行结果为True
