2020-02-28 02:56:34,727-log_demo-INFO-sql able to connect!
2020-02-28 02:56:34,727-log_demo-INFO-delete from xtp_fund_asset_20200228 where fund_acc = 100065004975 and oms_id = 11
2020-02-28 02:56:34,730-log_demo-INFO-delete table xtp_fund_asset_20200228 success!
2020-02-28 02:56:34,739-log_demo-INFO-insert into xtp_fund_asset_20200228
                       select
                        100065004975,
                        cur_type,
                        fund_avl_bal,
                        fund_frz_bal,
                        fund_bal,
                        fund_buy_sale,
                        fund_unc_buy,
                        fund_unc_sale,
                        fund_trsf,
                        node_id,
                        11
                  from xtp_fund_asset_auto where py_name="YW_ETFSS_SHSH_026"
2020-02-28 02:56:34,747-log_demo-INFO-insert_fund_assetYW_ETFSS_SHSH_026success!
2020-02-28 02:56:34,754-paramiko.transport-DEBUG-starting thread (client mode): 0x2eb5bd0L
2020-02-28 02:56:34,754-paramiko.transport-DEBUG-Local version/idstring: SSH-2.0-paramiko_2.4.1
2020-02-28 02:56:34,754-paramiko.transport-DEBUG-Remote version/idstring: SSH-2.0-OpenSSH_6.6.1
2020-02-28 02:56:34,754-paramiko.transport-INFO-Connected (version 2.0, client OpenSSH_6.6.1)
2020-02-28 02:56:34,756-paramiko.transport-DEBUG-kex algos:[u'curve25519-sha256@libssh.org', u'ecdh-sha2-nistp256', u'ecdh-sha2-nistp384', u'ecdh-sha2-nistp521', u'diffie-hellman-group-exchange-sha256', u'diffie-hellman-group-exchange-sha1', u'diffie-hellman-group14-sha1', u'diffie-hellman-group1-sha1'] server key:[u'ssh-rsa', u'ecdsa-sha2-nistp256', u'ssh-ed25519'] client encrypt:[u'aes128-ctr', u'aes192-ctr', u'aes256-ctr', u'arcfour256', u'arcfour128', u'aes128-gcm@openssh.com', u'aes256-gcm@openssh.com', u'chacha20-poly1305@openssh.com', u'aes128-cbc', u'3des-cbc', u'blowfish-cbc', u'cast128-cbc', u'aes192-cbc', u'aes256-cbc', u'arcfour', u'rijndael-cbc@lysator.liu.se'] server encrypt:[u'aes128-ctr', u'aes192-ctr', u'aes256-ctr', u'arcfour256', u'arcfour128', u'aes128-gcm@openssh.com', u'aes256-gcm@openssh.com', u'chacha20-poly1305@openssh.com', u'aes128-cbc', u'3des-cbc', u'blowfish-cbc', u'cast128-cbc', u'aes192-cbc', u'aes256-cbc', u'arcfour', u'rijndael-cbc@lysator.liu.se'] client mac:[u'hmac-md5-etm@openssh.com', u'hmac-sha1-etm@openssh.com', u'umac-64-etm@openssh.com', u'umac-128-etm@openssh.com', u'hmac-sha2-256-etm@openssh.com', u'hmac-sha2-512-etm@openssh.com', u'hmac-ripemd160-etm@openssh.com', u'hmac-sha1-96-etm@openssh.com', u'hmac-md5-96-etm@openssh.com', u'hmac-md5', u'hmac-sha1', u'umac-64@openssh.com', u'umac-128@openssh.com', u'hmac-sha2-256', u'hmac-sha2-512', u'hmac-ripemd160', u'hmac-ripemd160@openssh.com', u'hmac-sha1-96', u'hmac-md5-96'] server mac:[u'hmac-md5-etm@openssh.com', u'hmac-sha1-etm@openssh.com', u'umac-64-etm@openssh.com', u'umac-128-etm@openssh.com', u'hmac-sha2-256-etm@openssh.com', u'hmac-sha2-512-etm@openssh.com', u'hmac-ripemd160-etm@openssh.com', u'hmac-sha1-96-etm@openssh.com', u'hmac-md5-96-etm@openssh.com', u'hmac-md5', u'hmac-sha1', u'umac-64@openssh.com', u'umac-128@openssh.com', u'hmac-sha2-256', u'hmac-sha2-512', u'hmac-ripemd160', u'hmac-ripemd160@openssh.com', u'hmac-sha1-96', u'hmac-md5-96'] client compress:[u'none', u'zlib@openssh.com'] server compress:[u'none', u'zlib@openssh.com'] client lang:[u''] server lang:[u''] kex follows?False
2020-02-28 02:56:34,756-paramiko.transport-DEBUG-Kex agreed: ecdh-sha2-nistp256
2020-02-28 02:56:34,756-paramiko.transport-DEBUG-HostKey agreed: ssh-ed25519
2020-02-28 02:56:34,756-paramiko.transport-DEBUG-Cipher agreed: aes128-ctr
2020-02-28 02:56:34,756-paramiko.transport-DEBUG-MAC agreed: hmac-sha2-256
2020-02-28 02:56:34,756-paramiko.transport-DEBUG-Compression agreed: none
2020-02-28 02:56:34,788-paramiko.transport-DEBUG-kex engine KexNistp256 specified hash_algo <built-in function openssl_sha256>
2020-02-28 02:56:34,788-paramiko.transport-DEBUG-Switch to new keys ...
2020-02-28 02:56:34,789-paramiko.transport-DEBUG-Adding ssh-ed25519 host key for 10.29.182.38: 9c589c255248bf0581d9b58ecf85e2ed
2020-02-28 02:56:34,827-paramiko.transport-DEBUG-userauth is OK
2020-02-28 02:56:34,850-paramiko.transport-INFO-Authentication (password) successful!
2020-02-28 02:56:34,853-paramiko.transport-DEBUG-[chan 0] Max packet in: 32768 bytes
2020-02-28 02:56:34,865-paramiko.transport-DEBUG-[chan 0] Max packet out: 32768 bytes
2020-02-28 02:56:34,866-paramiko.transport-DEBUG-Secsh channel 0 opened.
2020-02-28 02:56:34,869-paramiko.transport-DEBUG-[chan 0] Sesch channel 0 request ok
2020-02-28 02:56:35,212-paramiko.transport-DEBUG-[chan 0] EOF received (0)
2020-02-28 02:56:35,212-paramiko.transport-DEBUG-[chan 0] EOF sent (0)
2020-02-28 02:56:37,215-paramiko.transport-DEBUG-EOF in transport thread
2020-02-28 02:56:37,219-log_demo-INFO-sql able to connect!
2020-02-28 02:56:37,220-log_demo-INFO-TRUNCATE TABLE ashare_cjhb
2020-02-28 02:56:37,221-log_demo-INFO-TRUNCATE TABLE ashare_ordwth
2020-02-28 02:56:37,247-log_demo-INFO-TRUNCATE TABLE ashare_ordwth2
2020-02-28 02:56:37,263-log_demo-INFO-TRUNCATE TABLE reqresp
2020-02-28 02:56:37,279-log_demo-INFO-TRUNCATE TABLE execreport
2020-02-28 02:56:37,294-log_demo-INFO-TRUNCATE TABLE ashare_ordwth_cancel
2020-02-28 02:56:37,310-log_demo-INFO-truncate table ashare_ordwth_cancel success!
2020-02-28 02:57:08,159-paramiko.transport-DEBUG-starting thread (client mode): 0x2eb5a10L
2020-02-28 02:57:08,159-paramiko.transport-DEBUG-Local version/idstring: SSH-2.0-paramiko_2.4.1
2020-02-28 02:57:08,165-paramiko.transport-DEBUG-Remote version/idstring: SSH-2.0-OpenSSH_6.6.1
2020-02-28 02:57:08,165-paramiko.transport-INFO-Connected (version 2.0, client OpenSSH_6.6.1)
2020-02-28 02:57:08,167-paramiko.transport-DEBUG-kex algos:[u'curve25519-sha256@libssh.org', u'ecdh-sha2-nistp256', u'ecdh-sha2-nistp384', u'ecdh-sha2-nistp521', u'diffie-hellman-group-exchange-sha256', u'diffie-hellman-group-exchange-sha1', u'diffie-hellman-group14-sha1', u'diffie-hellman-group1-sha1'] server key:[u'ssh-rsa', u'ecdsa-sha2-nistp256', u'ssh-ed25519'] client encrypt:[u'aes128-ctr', u'aes192-ctr', u'aes256-ctr', u'arcfour256', u'arcfour128', u'aes128-gcm@openssh.com', u'aes256-gcm@openssh.com', u'chacha20-poly1305@openssh.com', u'aes128-cbc', u'3des-cbc', u'blowfish-cbc', u'cast128-cbc', u'aes192-cbc', u'aes256-cbc', u'arcfour', u'rijndael-cbc@lysator.liu.se'] server encrypt:[u'aes128-ctr', u'aes192-ctr', u'aes256-ctr', u'arcfour256', u'arcfour128', u'aes128-gcm@openssh.com', u'aes256-gcm@openssh.com', u'chacha20-poly1305@openssh.com', u'aes128-cbc', u'3des-cbc', u'blowfish-cbc', u'cast128-cbc', u'aes192-cbc', u'aes256-cbc', u'arcfour', u'rijndael-cbc@lysator.liu.se'] client mac:[u'hmac-md5-etm@openssh.com', u'hmac-sha1-etm@openssh.com', u'umac-64-etm@openssh.com', u'umac-128-etm@openssh.com', u'hmac-sha2-256-etm@openssh.com', u'hmac-sha2-512-etm@openssh.com', u'hmac-ripemd160-etm@openssh.com', u'hmac-sha1-96-etm@openssh.com', u'hmac-md5-96-etm@openssh.com', u'hmac-md5', u'hmac-sha1', u'umac-64@openssh.com', u'umac-128@openssh.com', u'hmac-sha2-256', u'hmac-sha2-512', u'hmac-ripemd160', u'hmac-ripemd160@openssh.com', u'hmac-sha1-96', u'hmac-md5-96'] server mac:[u'hmac-md5-etm@openssh.com', u'hmac-sha1-etm@openssh.com', u'umac-64-etm@openssh.com', u'umac-128-etm@openssh.com', u'hmac-sha2-256-etm@openssh.com', u'hmac-sha2-512-etm@openssh.com', u'hmac-ripemd160-etm@openssh.com', u'hmac-sha1-96-etm@openssh.com', u'hmac-md5-96-etm@openssh.com', u'hmac-md5', u'hmac-sha1', u'umac-64@openssh.com', u'umac-128@openssh.com', u'hmac-sha2-256', u'hmac-sha2-512', u'hmac-ripemd160', u'hmac-ripemd160@openssh.com', u'hmac-sha1-96', u'hmac-md5-96'] client compress:[u'none', u'zlib@openssh.com'] server compress:[u'none', u'zlib@openssh.com'] client lang:[u''] server lang:[u''] kex follows?False
2020-02-28 02:57:08,167-paramiko.transport-DEBUG-Kex agreed: ecdh-sha2-nistp256
2020-02-28 02:57:08,167-paramiko.transport-DEBUG-HostKey agreed: ssh-ed25519
2020-02-28 02:57:08,167-paramiko.transport-DEBUG-Cipher agreed: aes128-ctr
2020-02-28 02:57:08,167-paramiko.transport-DEBUG-MAC agreed: hmac-sha2-256
2020-02-28 02:57:08,167-paramiko.transport-DEBUG-Compression agreed: none
2020-02-28 02:57:08,171-paramiko.transport-DEBUG-kex engine KexNistp256 specified hash_algo <built-in function openssl_sha256>
2020-02-28 02:57:08,171-paramiko.transport-DEBUG-Switch to new keys ...
2020-02-28 02:57:08,174-paramiko.transport-DEBUG-Adding ssh-ed25519 host key for 10.29.182.38: 9c589c255248bf0581d9b58ecf85e2ed
2020-02-28 02:57:08,210-paramiko.transport-DEBUG-userauth is OK
2020-02-28 02:57:08,232-paramiko.transport-INFO-Authentication (password) successful!
2020-02-28 02:57:08,238-paramiko.transport-DEBUG-[chan 0] Max packet in: 32768 bytes
2020-02-28 02:57:08,238-paramiko.transport-DEBUG-[chan 0] Max packet out: 32768 bytes
2020-02-28 02:57:08,238-paramiko.transport-DEBUG-Secsh channel 0 opened.
2020-02-28 02:57:08,240-paramiko.transport-DEBUG-[chan 0] Sesch channel 0 request ok
2020-02-28 02:57:08,526-paramiko.transport-DEBUG-[chan 0] EOF received (0)
2020-02-28 02:57:08,526-paramiko.transport-DEBUG-[chan 0] EOF sent (0)
2020-02-28 02:57:14,531-paramiko.transport-DEBUG-[chan 1] Max packet in: 32768 bytes
2020-02-28 02:57:14,532-paramiko.transport-DEBUG-[chan 1] Max packet out: 32768 bytes
2020-02-28 02:57:14,532-paramiko.transport-DEBUG-Secsh channel 1 opened.
2020-02-28 02:57:14,534-paramiko.transport-DEBUG-[chan 1] Sesch channel 1 request ok
2020-02-28 02:57:14,821-paramiko.transport-DEBUG-[chan 1] EOF received (1)
2020-02-28 02:57:14,821-paramiko.transport-DEBUG-[chan 1] EOF sent (1)
2020-02-28 02:57:16,823-paramiko.transport-DEBUG-[chan 2] Max packet in: 32768 bytes
2020-02-28 02:57:16,824-paramiko.transport-DEBUG-[chan 2] Max packet out: 32768 bytes
2020-02-28 02:57:16,824-paramiko.transport-DEBUG-Secsh channel 2 opened.
2020-02-28 02:57:16,826-paramiko.transport-DEBUG-[chan 2] Sesch channel 2 request ok
2020-02-28 02:57:17,238-paramiko.transport-DEBUG-[chan 2] EOF received (2)
2020-02-28 02:57:17,239-paramiko.transport-DEBUG-[chan 2] EOF sent (2)
2020-02-28 02:57:23,242-paramiko.transport-DEBUG-[chan 3] Max packet in: 32768 bytes
2020-02-28 02:57:23,243-paramiko.transport-DEBUG-[chan 3] Max packet out: 32768 bytes
2020-02-28 02:57:23,243-paramiko.transport-DEBUG-Secsh channel 3 opened.
2020-02-28 02:57:23,245-paramiko.transport-DEBUG-[chan 3] Sesch channel 3 request ok
2020-02-28 02:57:23,686-paramiko.transport-DEBUG-[chan 3] EOF received (3)
2020-02-28 02:57:23,686-paramiko.transport-DEBUG-[chan 3] EOF sent (3)
2020-02-28 02:57:25,689-paramiko.transport-DEBUG-[chan 4] Max packet in: 32768 bytes
2020-02-28 02:57:25,690-paramiko.transport-DEBUG-[chan 4] Max packet out: 32768 bytes
2020-02-28 02:57:25,690-paramiko.transport-DEBUG-Secsh channel 4 opened.
2020-02-28 02:57:25,692-paramiko.transport-DEBUG-[chan 4] Sesch channel 4 request ok
2020-02-28 02:57:26,433-paramiko.transport-DEBUG-[chan 4] EOF received (4)
2020-02-28 02:57:26,433-paramiko.transport-DEBUG-[chan 4] EOF sent (4)
2020-02-28 02:57:32,440-paramiko.transport-DEBUG-[chan 5] Max packet in: 32768 bytes
2020-02-28 02:57:32,440-paramiko.transport-DEBUG-[chan 5] Max packet out: 32768 bytes
2020-02-28 02:57:32,440-paramiko.transport-DEBUG-Secsh channel 5 opened.
2020-02-28 02:57:32,442-paramiko.transport-DEBUG-[chan 5] Sesch channel 5 request ok
2020-02-28 02:57:33,123-paramiko.transport-DEBUG-[chan 5] EOF received (5)
2020-02-28 02:57:33,123-paramiko.transport-DEBUG-[chan 5] EOF sent (5)
2020-02-28 02:57:35,127-paramiko.transport-DEBUG-EOF in transport thread
2020-02-28 02:57:35,235-myloger-WARNING-赎回真实的ETF-可赎回的证券数足量，资金足额，预估现金差额>0, case_ID=ATC-204-026
2020-02-28 02:58:17,598-myloger-WARNING-用例case_ID = ATC-204-026, etf申赎的执行结果为: True, , 
2020-02-28 02:58:18,193-myloger-WARNING-用例case_ID=ATC-204-026, etf二级市场卖出的执行结果为: True, , 
2020-02-28 02:58:32,467-myloger-ERROR-可用资金计算有错,原可用资金、成交金额、费用、现可用资金分别是1017486360.31,15927450.0,20706.19,1017486360.31
2020-02-28 02:58:32,467-myloger-ERROR-总资产计算有错,原总资产、成交金额、费用、现总资产分别是1017486360.31,15927450.0,20706.19,1017486360.31
2020-02-28 02:58:32,467-myloger-ERROR-卖出资金有误，原卖出资金、成交金额、现卖出资金分别是17520200.0,15927450.0,17520200.0
2020-02-28 02:58:33,787-myloger-WARNING-用例case_ID=ATC-204-026, 成份股二级市场卖出的执行结果为: False, 成交回报, ['\xe5\x8d\x96\xe5\x87\xba\xe8\xb5\x84\xe9\x87\x91\xe6\x9c\x89\xe8\xaf\xaf', {'\xe5\x8e\x9f\xe5\x8d\x96\xe5\x87\xba\xe8\xb5\x84\xe9\x87\x91': 17520200.0, '\xe7\x8e\xb0\xe5\x8d\x96\xe5\x87\xba\xe8\xb5\x84\xe9\x87\x91': 17520200.0, '\xe6\x88\x90\xe4\xba\xa4\xe9\x87\x91\xe9\xa2\x9d': 15927450.0}]
