2020-03-13 21:41:43,046-log_demo-INFO-sql able to connect!
2020-03-13 21:41:43,046-log_demo-INFO-delete from xtp_fund_asset_20200313 where fund_acc = 100065004975 and oms_id = 11
2020-03-13 21:41:43,051-log_demo-INFO-delete table xtp_fund_asset_20200313 success!
2020-03-13 21:41:43,061-log_demo-INFO-insert into xtp_fund_asset_20200313
                       select
                        100065004975,
                        cur_type,
                        fund_avl_bal,
                        fund_frz_bal,
                        fund_bal,
                        fund_buy_sale,
                        fund_unc_buy,
                        fund_unc_sale,
                        fund_trsf,
                        node_id,
                        11
                  from xtp_fund_asset_auto where py_name="YW_ETFMM_SZXJ_032_K"
2020-03-13 21:41:43,067-log_demo-INFO-insert_fund_assetYW_ETFMM_SZXJ_032_Ksuccess!
2020-03-13 21:41:43,071-paramiko.transport-DEBUG-starting thread (client mode): 0x213f790L
2020-03-13 21:41:43,071-paramiko.transport-DEBUG-Local version/idstring: SSH-2.0-paramiko_2.4.1
2020-03-13 21:41:43,082-paramiko.transport-DEBUG-Remote version/idstring: SSH-2.0-OpenSSH_6.6.1
2020-03-13 21:41:43,082-paramiko.transport-INFO-Connected (version 2.0, client OpenSSH_6.6.1)
2020-03-13 21:41:43,092-paramiko.transport-DEBUG-kex algos:[u'curve25519-sha256@libssh.org', u'ecdh-sha2-nistp256', u'ecdh-sha2-nistp384', u'ecdh-sha2-nistp521', u'diffie-hellman-group-exchange-sha256', u'diffie-hellman-group-exchange-sha1', u'diffie-hellman-group14-sha1', u'diffie-hellman-group1-sha1'] server key:[u'ssh-rsa', u'ecdsa-sha2-nistp256', u'ssh-ed25519'] client encrypt:[u'aes128-ctr', u'aes192-ctr', u'aes256-ctr', u'arcfour256', u'arcfour128', u'aes128-gcm@openssh.com', u'aes256-gcm@openssh.com', u'chacha20-poly1305@openssh.com', u'aes128-cbc', u'3des-cbc', u'blowfish-cbc', u'cast128-cbc', u'aes192-cbc', u'aes256-cbc', u'arcfour', u'rijndael-cbc@lysator.liu.se'] server encrypt:[u'aes128-ctr', u'aes192-ctr', u'aes256-ctr', u'arcfour256', u'arcfour128', u'aes128-gcm@openssh.com', u'aes256-gcm@openssh.com', u'chacha20-poly1305@openssh.com', u'aes128-cbc', u'3des-cbc', u'blowfish-cbc', u'cast128-cbc', u'aes192-cbc', u'aes256-cbc', u'arcfour', u'rijndael-cbc@lysator.liu.se'] client mac:[u'hmac-md5-etm@openssh.com', u'hmac-sha1-etm@openssh.com', u'umac-64-etm@openssh.com', u'umac-128-etm@openssh.com', u'hmac-sha2-256-etm@openssh.com', u'hmac-sha2-512-etm@openssh.com', u'hmac-ripemd160-etm@openssh.com', u'hmac-sha1-96-etm@openssh.com', u'hmac-md5-96-etm@openssh.com', u'hmac-md5', u'hmac-sha1', u'umac-64@openssh.com', u'umac-128@openssh.com', u'hmac-sha2-256', u'hmac-sha2-512', u'hmac-ripemd160', u'hmac-ripemd160@openssh.com', u'hmac-sha1-96', u'hmac-md5-96'] server mac:[u'hmac-md5-etm@openssh.com', u'hmac-sha1-etm@openssh.com', u'umac-64-etm@openssh.com', u'umac-128-etm@openssh.com', u'hmac-sha2-256-etm@openssh.com', u'hmac-sha2-512-etm@openssh.com', u'hmac-ripemd160-etm@openssh.com', u'hmac-sha1-96-etm@openssh.com', u'hmac-md5-96-etm@openssh.com', u'hmac-md5', u'hmac-sha1', u'umac-64@openssh.com', u'umac-128@openssh.com', u'hmac-sha2-256', u'hmac-sha2-512', u'hmac-ripemd160', u'hmac-ripemd160@openssh.com', u'hmac-sha1-96', u'hmac-md5-96'] client compress:[u'none', u'zlib@openssh.com'] server compress:[u'none', u'zlib@openssh.com'] client lang:[u''] server lang:[u''] kex follows?False
2020-03-13 21:41:43,092-paramiko.transport-DEBUG-Kex agreed: ecdh-sha2-nistp256
2020-03-13 21:41:43,092-paramiko.transport-DEBUG-HostKey agreed: ssh-ed25519
2020-03-13 21:41:43,092-paramiko.transport-DEBUG-Cipher agreed: aes128-ctr
2020-03-13 21:41:43,092-paramiko.transport-DEBUG-MAC agreed: hmac-sha2-256
2020-03-13 21:41:43,092-paramiko.transport-DEBUG-Compression agreed: none
2020-03-13 21:41:43,135-paramiko.transport-DEBUG-kex engine KexNistp256 specified hash_algo <built-in function openssl_sha256>
2020-03-13 21:41:43,135-paramiko.transport-DEBUG-Switch to new keys ...
2020-03-13 21:41:43,145-paramiko.transport-DEBUG-Adding ssh-ed25519 host key for 10.29.182.38: 9c589c255248bf0581d9b58ecf85e2ed
2020-03-13 21:41:43,174-paramiko.transport-DEBUG-userauth is OK
2020-03-13 21:41:43,195-paramiko.transport-INFO-Authentication (password) successful!
2020-03-13 21:41:43,218-paramiko.transport-DEBUG-[chan 0] Max packet in: 32768 bytes
2020-03-13 21:41:43,218-paramiko.transport-DEBUG-[chan 0] Max packet out: 32768 bytes
2020-03-13 21:41:43,218-paramiko.transport-DEBUG-Secsh channel 0 opened.
2020-03-13 21:41:43,220-paramiko.transport-DEBUG-[chan 0] Sesch channel 0 request ok
2020-03-13 21:41:43,574-paramiko.transport-DEBUG-[chan 0] EOF received (0)
2020-03-13 21:41:43,574-paramiko.transport-DEBUG-[chan 0] EOF sent (0)
2020-03-13 21:41:45,577-paramiko.transport-DEBUG-EOF in transport thread
2020-03-13 21:41:45,581-paramiko.transport-DEBUG-starting thread (client mode): 0x213f750L
2020-03-13 21:41:45,581-paramiko.transport-DEBUG-Local version/idstring: SSH-2.0-paramiko_2.4.1
2020-03-13 21:41:45,594-paramiko.transport-DEBUG-Remote version/idstring: SSH-2.0-OpenSSH_6.6.1
2020-03-13 21:41:45,594-paramiko.transport-INFO-Connected (version 2.0, client OpenSSH_6.6.1)
2020-03-13 21:41:45,595-paramiko.transport-DEBUG-kex algos:[u'curve25519-sha256@libssh.org', u'ecdh-sha2-nistp256', u'ecdh-sha2-nistp384', u'ecdh-sha2-nistp521', u'diffie-hellman-group-exchange-sha256', u'diffie-hellman-group-exchange-sha1', u'diffie-hellman-group14-sha1', u'diffie-hellman-group1-sha1'] server key:[u'ssh-rsa', u'ecdsa-sha2-nistp256', u'ssh-ed25519'] client encrypt:[u'aes128-ctr', u'aes192-ctr', u'aes256-ctr', u'arcfour256', u'arcfour128', u'aes128-gcm@openssh.com', u'aes256-gcm@openssh.com', u'chacha20-poly1305@openssh.com', u'aes128-cbc', u'3des-cbc', u'blowfish-cbc', u'cast128-cbc', u'aes192-cbc', u'aes256-cbc', u'arcfour', u'rijndael-cbc@lysator.liu.se'] server encrypt:[u'aes128-ctr', u'aes192-ctr', u'aes256-ctr', u'arcfour256', u'arcfour128', u'aes128-gcm@openssh.com', u'aes256-gcm@openssh.com', u'chacha20-poly1305@openssh.com', u'aes128-cbc', u'3des-cbc', u'blowfish-cbc', u'cast128-cbc', u'aes192-cbc', u'aes256-cbc', u'arcfour', u'rijndael-cbc@lysator.liu.se'] client mac:[u'hmac-md5-etm@openssh.com', u'hmac-sha1-etm@openssh.com', u'umac-64-etm@openssh.com', u'umac-128-etm@openssh.com', u'hmac-sha2-256-etm@openssh.com', u'hmac-sha2-512-etm@openssh.com', u'hmac-ripemd160-etm@openssh.com', u'hmac-sha1-96-etm@openssh.com', u'hmac-md5-96-etm@openssh.com', u'hmac-md5', u'hmac-sha1', u'umac-64@openssh.com', u'umac-128@openssh.com', u'hmac-sha2-256', u'hmac-sha2-512', u'hmac-ripemd160', u'hmac-ripemd160@openssh.com', u'hmac-sha1-96', u'hmac-md5-96'] server mac:[u'hmac-md5-etm@openssh.com', u'hmac-sha1-etm@openssh.com', u'umac-64-etm@openssh.com', u'umac-128-etm@openssh.com', u'hmac-sha2-256-etm@openssh.com', u'hmac-sha2-512-etm@openssh.com', u'hmac-ripemd160-etm@openssh.com', u'hmac-sha1-96-etm@openssh.com', u'hmac-md5-96-etm@openssh.com', u'hmac-md5', u'hmac-sha1', u'umac-64@openssh.com', u'umac-128@openssh.com', u'hmac-sha2-256', u'hmac-sha2-512', u'hmac-ripemd160', u'hmac-ripemd160@openssh.com', u'hmac-sha1-96', u'hmac-md5-96'] client compress:[u'none', u'zlib@openssh.com'] server compress:[u'none', u'zlib@openssh.com'] client lang:[u''] server lang:[u''] kex follows?False
2020-03-13 21:41:45,595-paramiko.transport-DEBUG-Kex agreed: ecdh-sha2-nistp256
2020-03-13 21:41:45,595-paramiko.transport-DEBUG-HostKey agreed: ssh-ed25519
2020-03-13 21:41:45,595-paramiko.transport-DEBUG-Cipher agreed: aes128-ctr
2020-03-13 21:41:45,596-paramiko.transport-DEBUG-MAC agreed: hmac-sha2-256
2020-03-13 21:41:45,596-paramiko.transport-DEBUG-Compression agreed: none
2020-03-13 21:41:45,601-paramiko.transport-DEBUG-kex engine KexNistp256 specified hash_algo <built-in function openssl_sha256>
2020-03-13 21:41:45,601-paramiko.transport-DEBUG-Switch to new keys ...
2020-03-13 21:41:45,613-paramiko.transport-DEBUG-Adding ssh-ed25519 host key for 10.29.182.38: 9c589c255248bf0581d9b58ecf85e2ed
2020-03-13 21:41:45,641-paramiko.transport-DEBUG-userauth is OK
2020-03-13 21:41:45,664-paramiko.transport-INFO-Authentication (password) successful!
2020-03-13 21:41:45,677-paramiko.transport-DEBUG-[chan 0] Max packet in: 32768 bytes
2020-03-13 21:41:45,677-paramiko.transport-DEBUG-[chan 0] Max packet out: 32768 bytes
2020-03-13 21:41:45,677-paramiko.transport-DEBUG-Secsh channel 0 opened.
2020-03-13 21:41:45,679-paramiko.transport-DEBUG-[chan 0] Sesch channel 0 request ok
2020-03-13 21:41:45,691-paramiko.transport-DEBUG-[chan 0] EOF received (0)
2020-03-13 21:41:45,692-paramiko.transport-DEBUG-[chan 0] EOF sent (0)
2020-03-13 21:41:47,693-paramiko.transport-DEBUG-[chan 1] Max packet in: 32768 bytes
2020-03-13 21:41:47,693-paramiko.transport-DEBUG-[chan 1] Max packet out: 32768 bytes
2020-03-13 21:41:47,694-paramiko.transport-DEBUG-Secsh channel 1 opened.
2020-03-13 21:41:47,695-paramiko.transport-DEBUG-[chan 1] Sesch channel 1 request ok
2020-03-13 21:41:47,709-paramiko.transport-DEBUG-[chan 1] EOF received (1)
2020-03-13 21:41:47,709-paramiko.transport-DEBUG-[chan 1] EOF sent (1)
2020-03-13 21:41:49,711-paramiko.transport-DEBUG-[chan 2] Max packet in: 32768 bytes
2020-03-13 21:41:49,711-paramiko.transport-DEBUG-[chan 2] Max packet out: 32768 bytes
2020-03-13 21:41:49,711-paramiko.transport-DEBUG-Secsh channel 2 opened.
2020-03-13 21:41:49,713-paramiko.transport-DEBUG-[chan 2] Sesch channel 2 request ok
2020-03-13 21:41:49,724-paramiko.transport-DEBUG-[chan 2] EOF received (2)
2020-03-13 21:41:49,725-paramiko.transport-DEBUG-[chan 2] EOF sent (2)
2020-03-13 21:41:51,728-paramiko.transport-DEBUG-EOF in transport thread
2020-03-13 21:41:51,730-paramiko.transport-DEBUG-starting thread (client mode): 0x213f7d0L
2020-03-13 21:41:51,730-paramiko.transport-DEBUG-Local version/idstring: SSH-2.0-paramiko_2.4.1
2020-03-13 21:41:51,739-paramiko.transport-DEBUG-Remote version/idstring: SSH-2.0-OpenSSH_6.6.1
2020-03-13 21:41:51,739-paramiko.transport-INFO-Connected (version 2.0, client OpenSSH_6.6.1)
2020-03-13 21:41:51,740-paramiko.transport-DEBUG-kex algos:[u'curve25519-sha256@libssh.org', u'ecdh-sha2-nistp256', u'ecdh-sha2-nistp384', u'ecdh-sha2-nistp521', u'diffie-hellman-group-exchange-sha256', u'diffie-hellman-group-exchange-sha1', u'diffie-hellman-group14-sha1', u'diffie-hellman-group1-sha1'] server key:[u'ssh-rsa', u'ecdsa-sha2-nistp256', u'ssh-ed25519'] client encrypt:[u'aes128-ctr', u'aes192-ctr', u'aes256-ctr', u'arcfour256', u'arcfour128', u'aes128-gcm@openssh.com', u'aes256-gcm@openssh.com', u'chacha20-poly1305@openssh.com', u'aes128-cbc', u'3des-cbc', u'blowfish-cbc', u'cast128-cbc', u'aes192-cbc', u'aes256-cbc', u'arcfour', u'rijndael-cbc@lysator.liu.se'] server encrypt:[u'aes128-ctr', u'aes192-ctr', u'aes256-ctr', u'arcfour256', u'arcfour128', u'aes128-gcm@openssh.com', u'aes256-gcm@openssh.com', u'chacha20-poly1305@openssh.com', u'aes128-cbc', u'3des-cbc', u'blowfish-cbc', u'cast128-cbc', u'aes192-cbc', u'aes256-cbc', u'arcfour', u'rijndael-cbc@lysator.liu.se'] client mac:[u'hmac-md5-etm@openssh.com', u'hmac-sha1-etm@openssh.com', u'umac-64-etm@openssh.com', u'umac-128-etm@openssh.com', u'hmac-sha2-256-etm@openssh.com', u'hmac-sha2-512-etm@openssh.com', u'hmac-ripemd160-etm@openssh.com', u'hmac-sha1-96-etm@openssh.com', u'hmac-md5-96-etm@openssh.com', u'hmac-md5', u'hmac-sha1', u'umac-64@openssh.com', u'umac-128@openssh.com', u'hmac-sha2-256', u'hmac-sha2-512', u'hmac-ripemd160', u'hmac-ripemd160@openssh.com', u'hmac-sha1-96', u'hmac-md5-96'] server mac:[u'hmac-md5-etm@openssh.com', u'hmac-sha1-etm@openssh.com', u'umac-64-etm@openssh.com', u'umac-128-etm@openssh.com', u'hmac-sha2-256-etm@openssh.com', u'hmac-sha2-512-etm@openssh.com', u'hmac-ripemd160-etm@openssh.com', u'hmac-sha1-96-etm@openssh.com', u'hmac-md5-96-etm@openssh.com', u'hmac-md5', u'hmac-sha1', u'umac-64@openssh.com', u'umac-128@openssh.com', u'hmac-sha2-256', u'hmac-sha2-512', u'hmac-ripemd160', u'hmac-ripemd160@openssh.com', u'hmac-sha1-96', u'hmac-md5-96'] client compress:[u'none', u'zlib@openssh.com'] server compress:[u'none', u'zlib@openssh.com'] client lang:[u''] server lang:[u''] kex follows?False
2020-03-13 21:41:51,741-paramiko.transport-DEBUG-Kex agreed: ecdh-sha2-nistp256
2020-03-13 21:41:51,741-paramiko.transport-DEBUG-HostKey agreed: ssh-ed25519
2020-03-13 21:41:51,741-paramiko.transport-DEBUG-Cipher agreed: aes128-ctr
2020-03-13 21:41:51,741-paramiko.transport-DEBUG-MAC agreed: hmac-sha2-256
2020-03-13 21:41:51,741-paramiko.transport-DEBUG-Compression agreed: none
2020-03-13 21:41:51,783-paramiko.transport-DEBUG-kex engine KexNistp256 specified hash_algo <built-in function openssl_sha256>
2020-03-13 21:41:51,783-paramiko.transport-DEBUG-Switch to new keys ...
2020-03-13 21:41:51,794-paramiko.transport-DEBUG-Adding ssh-ed25519 host key for 10.29.182.38: 9c589c255248bf0581d9b58ecf85e2ed
2020-03-13 21:41:51,823-paramiko.transport-DEBUG-userauth is OK
2020-03-13 21:41:51,844-paramiko.transport-INFO-Authentication (password) successful!
2020-03-13 21:41:51,858-paramiko.transport-DEBUG-[chan 0] Max packet in: 32768 bytes
2020-03-13 21:41:51,858-paramiko.transport-DEBUG-[chan 0] Max packet out: 32768 bytes
2020-03-13 21:41:51,858-paramiko.transport-DEBUG-Secsh channel 0 opened.
2020-03-13 21:41:51,860-paramiko.transport-DEBUG-[chan 0] Sesch channel 0 request ok
2020-03-13 21:41:52,419-paramiko.transport-DEBUG-[chan 0] EOF received (0)
2020-03-13 21:41:52,419-paramiko.transport-DEBUG-[chan 0] EOF sent (0)
2020-03-13 21:41:54,421-paramiko.transport-DEBUG-[chan 1] Max packet in: 32768 bytes
2020-03-13 21:41:54,421-paramiko.transport-DEBUG-[chan 1] Max packet out: 32768 bytes
2020-03-13 21:41:54,421-paramiko.transport-DEBUG-Secsh channel 1 opened.
2020-03-13 21:41:54,423-paramiko.transport-DEBUG-[chan 1] Sesch channel 1 request ok
2020-03-13 21:41:55,096-paramiko.transport-DEBUG-[chan 1] EOF received (1)
2020-03-13 21:41:55,096-paramiko.transport-DEBUG-[chan 1] EOF sent (1)
2020-03-13 21:42:01,102-paramiko.transport-DEBUG-[chan 2] Max packet in: 32768 bytes
2020-03-13 21:42:01,103-paramiko.transport-DEBUG-[chan 2] Max packet out: 32768 bytes
2020-03-13 21:42:01,103-paramiko.transport-DEBUG-Secsh channel 2 opened.
2020-03-13 21:42:01,105-paramiko.transport-DEBUG-[chan 2] Sesch channel 2 request ok
2020-03-13 21:42:01,819-paramiko.transport-DEBUG-[chan 2] EOF received (2)
2020-03-13 21:42:01,819-paramiko.transport-DEBUG-[chan 2] EOF sent (2)
2020-03-13 21:42:03,821-paramiko.transport-DEBUG-[chan 3] Max packet in: 32768 bytes
2020-03-13 21:42:03,821-paramiko.transport-DEBUG-[chan 3] Max packet out: 32768 bytes
2020-03-13 21:42:03,821-paramiko.transport-DEBUG-Secsh channel 3 opened.
2020-03-13 21:42:03,823-paramiko.transport-DEBUG-[chan 3] Sesch channel 3 request ok
2020-03-13 21:42:04,104-paramiko.transport-DEBUG-[chan 3] EOF received (3)
2020-03-13 21:42:04,104-paramiko.transport-DEBUG-[chan 3] EOF sent (3)
2020-03-13 21:42:06,121-paramiko.transport-DEBUG-[chan 4] Max packet in: 32768 bytes
2020-03-13 21:42:06,121-paramiko.transport-DEBUG-[chan 4] Max packet out: 32768 bytes
2020-03-13 21:42:06,121-paramiko.transport-DEBUG-Secsh channel 4 opened.
2020-03-13 21:42:06,123-paramiko.transport-DEBUG-[chan 4] Sesch channel 4 request ok
2020-03-13 21:42:06,730-paramiko.transport-DEBUG-[chan 4] EOF received (4)
2020-03-13 21:42:06,730-paramiko.transport-DEBUG-[chan 4] EOF sent (4)
2020-03-13 21:42:08,734-paramiko.transport-DEBUG-EOF in transport thread
2020-03-13 21:42:08,843-myloger-WARNING-默认1：可用资金正好-深A限价买（可用资金=下单金额+费用）
2020-03-13 21:42:09,004-myloger-ERROR-期望状态和报单状态、提交状态不匹配，期望状态、报单状态、提交状态分别为未成交,XTP_ORDER_STATUS_REJECTED,XTP_ORDER_SUBMIT_STATUS_INSERT_REJECTED
2020-03-13 21:42:09,409-myloger-WARNING-执行结果为False,报单查询,期望状态与报单状态不匹配
