2020-05-14 18:17:38,426-log_demo-INFO-sql able to connect!
2020-05-14 18:17:38,426-log_demo-INFO-delete from xtp_fund_asset_20200514 where fund_acc = 100065004975 and oms_id = 6
2020-05-14 18:17:38,429-log_demo-INFO-delete table xtp_fund_asset_20200514 success!
2020-05-14 18:17:38,476-log_demo-INFO-insert into xtp_fund_asset_20200514
                       select
                        100065004975,
                        cur_type,
                        fund_avl_bal,
                        fund_frz_bal,
                        fund_bal,
                        fund_buy_sale,
                        fund_unc_buy,
                        fund_unc_sale,
                        fund_trsf,
                        node_id,
                        6
                  from xtp_fund_asset_auto where py_name="YW_FXJSMM_SZXJ_032"
2020-05-14 18:17:38,479-log_demo-INFO-insert_fund_assetYW_FXJSMM_SZXJ_032success!
2020-05-14 18:17:38,480-paramiko.transport-DEBUG-starting thread (client mode): 0x1c21150L
2020-05-14 18:17:38,480-paramiko.transport-DEBUG-Local version/idstring: SSH-2.0-paramiko_2.4.1
2020-05-14 18:17:38,491-paramiko.transport-DEBUG-Remote version/idstring: SSH-2.0-OpenSSH_6.6.1
2020-05-14 18:17:38,492-paramiko.transport-INFO-Connected (version 2.0, client OpenSSH_6.6.1)
2020-05-14 18:17:38,495-paramiko.transport-DEBUG-kex algos:[u'curve25519-sha256@libssh.org', u'ecdh-sha2-nistp256', u'ecdh-sha2-nistp384', u'ecdh-sha2-nistp521', u'diffie-hellman-group-exchange-sha256', u'diffie-hellman-group-exchange-sha1', u'diffie-hellman-group14-sha1', u'diffie-hellman-group1-sha1'] server key:[u'ssh-rsa', u'ecdsa-sha2-nistp256', u'ssh-ed25519'] client encrypt:[u'aes128-ctr', u'aes192-ctr', u'aes256-ctr', u'arcfour256', u'arcfour128', u'aes128-gcm@openssh.com', u'aes256-gcm@openssh.com', u'chacha20-poly1305@openssh.com', u'aes128-cbc', u'3des-cbc', u'blowfish-cbc', u'cast128-cbc', u'aes192-cbc', u'aes256-cbc', u'arcfour', u'rijndael-cbc@lysator.liu.se'] server encrypt:[u'aes128-ctr', u'aes192-ctr', u'aes256-ctr', u'arcfour256', u'arcfour128', u'aes128-gcm@openssh.com', u'aes256-gcm@openssh.com', u'chacha20-poly1305@openssh.com', u'aes128-cbc', u'3des-cbc', u'blowfish-cbc', u'cast128-cbc', u'aes192-cbc', u'aes256-cbc', u'arcfour', u'rijndael-cbc@lysator.liu.se'] client mac:[u'hmac-md5-etm@openssh.com', u'hmac-sha1-etm@openssh.com', u'umac-64-etm@openssh.com', u'umac-128-etm@openssh.com', u'hmac-sha2-256-etm@openssh.com', u'hmac-sha2-512-etm@openssh.com', u'hmac-ripemd160-etm@openssh.com', u'hmac-sha1-96-etm@openssh.com', u'hmac-md5-96-etm@openssh.com', u'hmac-md5', u'hmac-sha1', u'umac-64@openssh.com', u'umac-128@openssh.com', u'hmac-sha2-256', u'hmac-sha2-512', u'hmac-ripemd160', u'hmac-ripemd160@openssh.com', u'hmac-sha1-96', u'hmac-md5-96'] server mac:[u'hmac-md5-etm@openssh.com', u'hmac-sha1-etm@openssh.com', u'umac-64-etm@openssh.com', u'umac-128-etm@openssh.com', u'hmac-sha2-256-etm@openssh.com', u'hmac-sha2-512-etm@openssh.com', u'hmac-ripemd160-etm@openssh.com', u'hmac-sha1-96-etm@openssh.com', u'hmac-md5-96-etm@openssh.com', u'hmac-md5', u'hmac-sha1', u'umac-64@openssh.com', u'umac-128@openssh.com', u'hmac-sha2-256', u'hmac-sha2-512', u'hmac-ripemd160', u'hmac-ripemd160@openssh.com', u'hmac-sha1-96', u'hmac-md5-96'] client compress:[u'none', u'zlib@openssh.com'] server compress:[u'none', u'zlib@openssh.com'] client lang:[u''] server lang:[u''] kex follows?False
2020-05-14 18:17:38,495-paramiko.transport-DEBUG-Kex agreed: ecdh-sha2-nistp256
2020-05-14 18:17:38,495-paramiko.transport-DEBUG-HostKey agreed: ssh-ed25519
2020-05-14 18:17:38,495-paramiko.transport-DEBUG-Cipher agreed: aes128-ctr
2020-05-14 18:17:38,495-paramiko.transport-DEBUG-MAC agreed: hmac-sha2-256
2020-05-14 18:17:38,495-paramiko.transport-DEBUG-Compression agreed: none
2020-05-14 18:17:38,536-paramiko.transport-DEBUG-kex engine KexNistp256 specified hash_algo <built-in function openssl_sha256>
2020-05-14 18:17:38,537-paramiko.transport-DEBUG-Switch to new keys ...
2020-05-14 18:17:38,556-paramiko.transport-DEBUG-Adding ssh-ed25519 host key for 10.29.193.60: 9c589c255248bf0581d9b58ecf85e2ed
2020-05-14 18:17:38,575-paramiko.transport-DEBUG-userauth is OK
2020-05-14 18:17:38,610-paramiko.transport-INFO-Authentication (password) successful!
2020-05-14 18:17:38,620-paramiko.transport-DEBUG-[chan 0] Max packet in: 32768 bytes
2020-05-14 18:17:38,788-paramiko.transport-DEBUG-[chan 0] Max packet out: 32768 bytes
2020-05-14 18:17:38,788-paramiko.transport-DEBUG-Secsh channel 0 opened.
2020-05-14 18:17:38,823-paramiko.transport-DEBUG-[chan 0] Sesch channel 0 request ok
2020-05-14 18:17:39,434-paramiko.transport-DEBUG-[chan 0] EOF received (0)
2020-05-14 18:17:39,434-paramiko.transport-DEBUG-[chan 0] EOF sent (0)
2020-05-14 18:17:41,438-paramiko.transport-DEBUG-EOF in transport thread
2020-05-14 18:17:41,440-paramiko.transport-DEBUG-starting thread (client mode): 0x1c21110L
2020-05-14 18:17:41,440-paramiko.transport-DEBUG-Local version/idstring: SSH-2.0-paramiko_2.4.1
2020-05-14 18:17:41,450-paramiko.transport-DEBUG-Remote version/idstring: SSH-2.0-OpenSSH_6.6.1
2020-05-14 18:17:41,450-paramiko.transport-INFO-Connected (version 2.0, client OpenSSH_6.6.1)
2020-05-14 18:17:41,453-paramiko.transport-DEBUG-kex algos:[u'curve25519-sha256@libssh.org', u'ecdh-sha2-nistp256', u'ecdh-sha2-nistp384', u'ecdh-sha2-nistp521', u'diffie-hellman-group-exchange-sha256', u'diffie-hellman-group-exchange-sha1', u'diffie-hellman-group14-sha1', u'diffie-hellman-group1-sha1'] server key:[u'ssh-rsa', u'ecdsa-sha2-nistp256', u'ssh-ed25519'] client encrypt:[u'aes128-ctr', u'aes192-ctr', u'aes256-ctr', u'arcfour256', u'arcfour128', u'aes128-gcm@openssh.com', u'aes256-gcm@openssh.com', u'chacha20-poly1305@openssh.com', u'aes128-cbc', u'3des-cbc', u'blowfish-cbc', u'cast128-cbc', u'aes192-cbc', u'aes256-cbc', u'arcfour', u'rijndael-cbc@lysator.liu.se'] server encrypt:[u'aes128-ctr', u'aes192-ctr', u'aes256-ctr', u'arcfour256', u'arcfour128', u'aes128-gcm@openssh.com', u'aes256-gcm@openssh.com', u'chacha20-poly1305@openssh.com', u'aes128-cbc', u'3des-cbc', u'blowfish-cbc', u'cast128-cbc', u'aes192-cbc', u'aes256-cbc', u'arcfour', u'rijndael-cbc@lysator.liu.se'] client mac:[u'hmac-md5-etm@openssh.com', u'hmac-sha1-etm@openssh.com', u'umac-64-etm@openssh.com', u'umac-128-etm@openssh.com', u'hmac-sha2-256-etm@openssh.com', u'hmac-sha2-512-etm@openssh.com', u'hmac-ripemd160-etm@openssh.com', u'hmac-sha1-96-etm@openssh.com', u'hmac-md5-96-etm@openssh.com', u'hmac-md5', u'hmac-sha1', u'umac-64@openssh.com', u'umac-128@openssh.com', u'hmac-sha2-256', u'hmac-sha2-512', u'hmac-ripemd160', u'hmac-ripemd160@openssh.com', u'hmac-sha1-96', u'hmac-md5-96'] server mac:[u'hmac-md5-etm@openssh.com', u'hmac-sha1-etm@openssh.com', u'umac-64-etm@openssh.com', u'umac-128-etm@openssh.com', u'hmac-sha2-256-etm@openssh.com', u'hmac-sha2-512-etm@openssh.com', u'hmac-ripemd160-etm@openssh.com', u'hmac-sha1-96-etm@openssh.com', u'hmac-md5-96-etm@openssh.com', u'hmac-md5', u'hmac-sha1', u'umac-64@openssh.com', u'umac-128@openssh.com', u'hmac-sha2-256', u'hmac-sha2-512', u'hmac-ripemd160', u'hmac-ripemd160@openssh.com', u'hmac-sha1-96', u'hmac-md5-96'] client compress:[u'none', u'zlib@openssh.com'] server compress:[u'none', u'zlib@openssh.com'] client lang:[u''] server lang:[u''] kex follows?False
2020-05-14 18:17:41,453-paramiko.transport-DEBUG-Kex agreed: ecdh-sha2-nistp256
2020-05-14 18:17:41,453-paramiko.transport-DEBUG-HostKey agreed: ssh-ed25519
2020-05-14 18:17:41,453-paramiko.transport-DEBUG-Cipher agreed: aes128-ctr
2020-05-14 18:17:41,453-paramiko.transport-DEBUG-MAC agreed: hmac-sha2-256
2020-05-14 18:17:41,454-paramiko.transport-DEBUG-Compression agreed: none
2020-05-14 18:17:41,459-paramiko.transport-DEBUG-kex engine KexNistp256 specified hash_algo <built-in function openssl_sha256>
2020-05-14 18:17:41,459-paramiko.transport-DEBUG-Switch to new keys ...
2020-05-14 18:17:41,471-paramiko.transport-DEBUG-Adding ssh-ed25519 host key for 10.29.193.60: 9c589c255248bf0581d9b58ecf85e2ed
2020-05-14 18:17:41,499-paramiko.transport-DEBUG-userauth is OK
2020-05-14 18:17:41,536-paramiko.transport-INFO-Authentication (password) successful!
2020-05-14 18:17:41,572-paramiko.transport-DEBUG-[chan 0] Max packet in: 32768 bytes
2020-05-14 18:17:41,719-paramiko.transport-DEBUG-[chan 0] Max packet out: 32768 bytes
2020-05-14 18:17:41,719-paramiko.transport-DEBUG-Secsh channel 0 opened.
2020-05-14 18:17:41,739-paramiko.transport-DEBUG-[chan 0] Sesch channel 0 request ok
2020-05-14 18:17:41,760-paramiko.transport-DEBUG-[chan 0] EOF received (0)
2020-05-14 18:17:41,760-paramiko.transport-DEBUG-[chan 0] EOF sent (0)
2020-05-14 18:17:43,761-paramiko.transport-DEBUG-[chan 1] Max packet in: 32768 bytes
2020-05-14 18:17:43,762-paramiko.transport-DEBUG-[chan 1] Max packet out: 32768 bytes
2020-05-14 18:17:43,762-paramiko.transport-DEBUG-Secsh channel 1 opened.
2020-05-14 18:17:43,764-paramiko.transport-DEBUG-[chan 1] Sesch channel 1 request ok
2020-05-14 18:17:43,781-paramiko.transport-DEBUG-[chan 1] EOF received (1)
2020-05-14 18:17:43,782-paramiko.transport-DEBUG-[chan 1] EOF sent (1)
2020-05-14 18:17:45,784-paramiko.transport-DEBUG-[chan 2] Max packet in: 32768 bytes
2020-05-14 18:17:45,785-paramiko.transport-DEBUG-[chan 2] Max packet out: 32768 bytes
2020-05-14 18:17:45,785-paramiko.transport-DEBUG-Secsh channel 2 opened.
2020-05-14 18:17:45,787-paramiko.transport-DEBUG-[chan 2] Sesch channel 2 request ok
2020-05-14 18:17:45,804-paramiko.transport-DEBUG-[chan 2] EOF received (2)
2020-05-14 18:17:45,804-paramiko.transport-DEBUG-[chan 2] EOF sent (2)
2020-05-14 18:17:47,808-paramiko.transport-DEBUG-EOF in transport thread
2020-05-14 18:17:47,813-paramiko.transport-DEBUG-starting thread (client mode): 0x1c21190L
2020-05-14 18:17:47,813-paramiko.transport-DEBUG-Local version/idstring: SSH-2.0-paramiko_2.4.1
2020-05-14 18:17:47,823-paramiko.transport-DEBUG-Remote version/idstring: SSH-2.0-OpenSSH_6.6.1
2020-05-14 18:17:47,823-paramiko.transport-INFO-Connected (version 2.0, client OpenSSH_6.6.1)
2020-05-14 18:17:47,826-paramiko.transport-DEBUG-kex algos:[u'curve25519-sha256@libssh.org', u'ecdh-sha2-nistp256', u'ecdh-sha2-nistp384', u'ecdh-sha2-nistp521', u'diffie-hellman-group-exchange-sha256', u'diffie-hellman-group-exchange-sha1', u'diffie-hellman-group14-sha1', u'diffie-hellman-group1-sha1'] server key:[u'ssh-rsa', u'ecdsa-sha2-nistp256', u'ssh-ed25519'] client encrypt:[u'aes128-ctr', u'aes192-ctr', u'aes256-ctr', u'arcfour256', u'arcfour128', u'aes128-gcm@openssh.com', u'aes256-gcm@openssh.com', u'chacha20-poly1305@openssh.com', u'aes128-cbc', u'3des-cbc', u'blowfish-cbc', u'cast128-cbc', u'aes192-cbc', u'aes256-cbc', u'arcfour', u'rijndael-cbc@lysator.liu.se'] server encrypt:[u'aes128-ctr', u'aes192-ctr', u'aes256-ctr', u'arcfour256', u'arcfour128', u'aes128-gcm@openssh.com', u'aes256-gcm@openssh.com', u'chacha20-poly1305@openssh.com', u'aes128-cbc', u'3des-cbc', u'blowfish-cbc', u'cast128-cbc', u'aes192-cbc', u'aes256-cbc', u'arcfour', u'rijndael-cbc@lysator.liu.se'] client mac:[u'hmac-md5-etm@openssh.com', u'hmac-sha1-etm@openssh.com', u'umac-64-etm@openssh.com', u'umac-128-etm@openssh.com', u'hmac-sha2-256-etm@openssh.com', u'hmac-sha2-512-etm@openssh.com', u'hmac-ripemd160-etm@openssh.com', u'hmac-sha1-96-etm@openssh.com', u'hmac-md5-96-etm@openssh.com', u'hmac-md5', u'hmac-sha1', u'umac-64@openssh.com', u'umac-128@openssh.com', u'hmac-sha2-256', u'hmac-sha2-512', u'hmac-ripemd160', u'hmac-ripemd160@openssh.com', u'hmac-sha1-96', u'hmac-md5-96'] server mac:[u'hmac-md5-etm@openssh.com', u'hmac-sha1-etm@openssh.com', u'umac-64-etm@openssh.com', u'umac-128-etm@openssh.com', u'hmac-sha2-256-etm@openssh.com', u'hmac-sha2-512-etm@openssh.com', u'hmac-ripemd160-etm@openssh.com', u'hmac-sha1-96-etm@openssh.com', u'hmac-md5-96-etm@openssh.com', u'hmac-md5', u'hmac-sha1', u'umac-64@openssh.com', u'umac-128@openssh.com', u'hmac-sha2-256', u'hmac-sha2-512', u'hmac-ripemd160', u'hmac-ripemd160@openssh.com', u'hmac-sha1-96', u'hmac-md5-96'] client compress:[u'none', u'zlib@openssh.com'] server compress:[u'none', u'zlib@openssh.com'] client lang:[u''] server lang:[u''] kex follows?False
2020-05-14 18:17:47,826-paramiko.transport-DEBUG-Kex agreed: ecdh-sha2-nistp256
2020-05-14 18:17:47,826-paramiko.transport-DEBUG-HostKey agreed: ssh-ed25519
2020-05-14 18:17:47,826-paramiko.transport-DEBUG-Cipher agreed: aes128-ctr
2020-05-14 18:17:47,826-paramiko.transport-DEBUG-MAC agreed: hmac-sha2-256
2020-05-14 18:17:47,826-paramiko.transport-DEBUG-Compression agreed: none
2020-05-14 18:17:47,831-paramiko.transport-DEBUG-kex engine KexNistp256 specified hash_algo <built-in function openssl_sha256>
2020-05-14 18:17:47,831-paramiko.transport-DEBUG-Switch to new keys ...
2020-05-14 18:17:47,845-paramiko.transport-DEBUG-Adding ssh-ed25519 host key for 10.29.193.60: 9c589c255248bf0581d9b58ecf85e2ed
2020-05-14 18:17:47,870-paramiko.transport-DEBUG-userauth is OK
2020-05-14 18:17:47,902-paramiko.transport-INFO-Authentication (password) successful!
2020-05-14 18:17:47,909-paramiko.transport-DEBUG-[chan 0] Max packet in: 32768 bytes
2020-05-14 18:17:48,078-paramiko.transport-DEBUG-[chan 0] Max packet out: 32768 bytes
2020-05-14 18:17:48,078-paramiko.transport-DEBUG-Secsh channel 0 opened.
2020-05-14 18:17:48,112-paramiko.transport-DEBUG-[chan 0] Sesch channel 0 request ok
2020-05-14 18:17:49,425-paramiko.transport-DEBUG-[chan 0] EOF received (0)
2020-05-14 18:17:49,425-paramiko.transport-DEBUG-[chan 0] EOF sent (0)
2020-05-14 18:17:51,426-paramiko.transport-DEBUG-[chan 1] Max packet in: 32768 bytes
2020-05-14 18:17:51,426-paramiko.transport-DEBUG-[chan 1] Max packet out: 32768 bytes
2020-05-14 18:17:51,426-paramiko.transport-DEBUG-Secsh channel 1 opened.
2020-05-14 18:17:51,428-paramiko.transport-DEBUG-[chan 1] Sesch channel 1 request ok
2020-05-14 18:17:53,052-paramiko.transport-DEBUG-[chan 1] EOF received (1)
2020-05-14 18:17:53,052-paramiko.transport-DEBUG-[chan 1] EOF sent (1)
2020-05-14 18:17:59,060-paramiko.transport-DEBUG-[chan 2] Max packet in: 32768 bytes
2020-05-14 18:17:59,061-paramiko.transport-DEBUG-[chan 2] Max packet out: 32768 bytes
2020-05-14 18:17:59,061-paramiko.transport-DEBUG-Secsh channel 2 opened.
2020-05-14 18:17:59,063-paramiko.transport-DEBUG-[chan 2] Sesch channel 2 request ok
2020-05-14 18:18:00,692-paramiko.transport-DEBUG-[chan 2] EOF received (2)
2020-05-14 18:18:00,693-paramiko.transport-DEBUG-[chan 2] EOF sent (2)
2020-05-14 18:18:02,695-paramiko.transport-DEBUG-[chan 3] Max packet in: 32768 bytes
2020-05-14 18:18:02,695-paramiko.transport-DEBUG-[chan 3] Max packet out: 32768 bytes
2020-05-14 18:18:02,695-paramiko.transport-DEBUG-Secsh channel 3 opened.
2020-05-14 18:18:02,698-paramiko.transport-DEBUG-[chan 3] Sesch channel 3 request ok
2020-05-14 18:18:03,304-paramiko.transport-DEBUG-[chan 3] EOF received (3)
2020-05-14 18:18:03,305-paramiko.transport-DEBUG-[chan 3] EOF sent (3)
2020-05-14 18:18:05,306-paramiko.transport-DEBUG-[chan 4] Max packet in: 32768 bytes
2020-05-14 18:18:05,307-paramiko.transport-DEBUG-[chan 4] Max packet out: 32768 bytes
2020-05-14 18:18:05,307-paramiko.transport-DEBUG-Secsh channel 4 opened.
2020-05-14 18:18:05,309-paramiko.transport-DEBUG-[chan 4] Sesch channel 4 request ok
2020-05-14 18:18:06,627-paramiko.transport-DEBUG-[chan 4] EOF received (4)
2020-05-14 18:18:06,627-paramiko.transport-DEBUG-[chan 4] EOF sent (4)
2020-05-14 18:18:08,631-paramiko.transport-DEBUG-EOF in transport thread
2020-05-14 18:18:08,778-myloger-WARNING-默认2：可用资金正好-深A限价买（可用资金=下单金额+费用）
2020-05-14 18:18:09,059-myloger-ERROR-期望状态和报单状态、提交状态不匹配，期望状态、报单状态、提交状态分别为全成,XTP_ORDER_STATUS_REJECTED,XTP_ORDER_SUBMIT_STATUS_INSERT_REJECTED
2020-05-14 18:18:09,908-myloger-WARNING-执行结果为False,报单查询,期望状态与报单状态不匹配
