2019-09-30 17:23:30,875-log_demo-INFO-sql able to connect!
2019-09-30 17:23:30,875-log_demo-INFO-delete from xtp_fund_asset_20190930 where fund_acc = 100065004975 and oms_id = 11
2019-09-30 17:23:30,877-log_demo-INFO-delete table xtp_fund_asset_20190930 success!
2019-09-30 17:23:30,880-log_demo-INFO-insert into xtp_fund_asset_20190930
                       select
                        100065004975,
                        cur_type,
                        fund_avl_bal,
                        fund_frz_bal,
                        fund_bal,
                        fund_buy_sale,
                        fund_unc_buy,
                        fund_unc_sale,
                        fund_trsf,
                        node_id,
                        11
                  from xtp_fund_asset_auto where py_name="YW_KCBMM_SHXJ_032"
2019-09-30 17:23:30,881-log_demo-INFO-insert_fund_assetYW_KCBMM_SHXJ_032success!
2019-09-30 17:23:30,882-paramiko.transport-DEBUG-starting thread (client mode): 0x2975150L
2019-09-30 17:23:30,882-paramiko.transport-DEBUG-Local version/idstring: SSH-2.0-paramiko_2.4.1
2019-09-30 17:23:30,887-paramiko.transport-DEBUG-Remote version/idstring: SSH-2.0-OpenSSH_6.6.1
2019-09-30 17:23:30,887-paramiko.transport-INFO-Connected (version 2.0, client OpenSSH_6.6.1)
2019-09-30 17:23:30,888-paramiko.transport-DEBUG-kex algos:[u'curve25519-sha256@libssh.org', u'ecdh-sha2-nistp256', u'ecdh-sha2-nistp384', u'ecdh-sha2-nistp521', u'diffie-hellman-group-exchange-sha256', u'diffie-hellman-group-exchange-sha1', u'diffie-hellman-group14-sha1', u'diffie-hellman-group1-sha1'] server key:[u'ssh-rsa', u'ecdsa-sha2-nistp256', u'ssh-ed25519'] client encrypt:[u'aes128-ctr', u'aes192-ctr', u'aes256-ctr', u'arcfour256', u'arcfour128', u'aes128-gcm@openssh.com', u'aes256-gcm@openssh.com', u'chacha20-poly1305@openssh.com', u'aes128-cbc', u'3des-cbc', u'blowfish-cbc', u'cast128-cbc', u'aes192-cbc', u'aes256-cbc', u'arcfour', u'rijndael-cbc@lysator.liu.se'] server encrypt:[u'aes128-ctr', u'aes192-ctr', u'aes256-ctr', u'arcfour256', u'arcfour128', u'aes128-gcm@openssh.com', u'aes256-gcm@openssh.com', u'chacha20-poly1305@openssh.com', u'aes128-cbc', u'3des-cbc', u'blowfish-cbc', u'cast128-cbc', u'aes192-cbc', u'aes256-cbc', u'arcfour', u'rijndael-cbc@lysator.liu.se'] client mac:[u'hmac-md5-etm@openssh.com', u'hmac-sha1-etm@openssh.com', u'umac-64-etm@openssh.com', u'umac-128-etm@openssh.com', u'hmac-sha2-256-etm@openssh.com', u'hmac-sha2-512-etm@openssh.com', u'hmac-ripemd160-etm@openssh.com', u'hmac-sha1-96-etm@openssh.com', u'hmac-md5-96-etm@openssh.com', u'hmac-md5', u'hmac-sha1', u'umac-64@openssh.com', u'umac-128@openssh.com', u'hmac-sha2-256', u'hmac-sha2-512', u'hmac-ripemd160', u'hmac-ripemd160@openssh.com', u'hmac-sha1-96', u'hmac-md5-96'] server mac:[u'hmac-md5-etm@openssh.com', u'hmac-sha1-etm@openssh.com', u'umac-64-etm@openssh.com', u'umac-128-etm@openssh.com', u'hmac-sha2-256-etm@openssh.com', u'hmac-sha2-512-etm@openssh.com', u'hmac-ripemd160-etm@openssh.com', u'hmac-sha1-96-etm@openssh.com', u'hmac-md5-96-etm@openssh.com', u'hmac-md5', u'hmac-sha1', u'umac-64@openssh.com', u'umac-128@openssh.com', u'hmac-sha2-256', u'hmac-sha2-512', u'hmac-ripemd160', u'hmac-ripemd160@openssh.com', u'hmac-sha1-96', u'hmac-md5-96'] client compress:[u'none', u'zlib@openssh.com'] server compress:[u'none', u'zlib@openssh.com'] client lang:[u''] server lang:[u''] kex follows?False
2019-09-30 17:23:30,889-paramiko.transport-DEBUG-Kex agreed: ecdh-sha2-nistp256
2019-09-30 17:23:30,889-paramiko.transport-DEBUG-HostKey agreed: ssh-ed25519
2019-09-30 17:23:30,889-paramiko.transport-DEBUG-Cipher agreed: aes128-ctr
2019-09-30 17:23:30,889-paramiko.transport-DEBUG-MAC agreed: hmac-sha2-256
2019-09-30 17:23:30,889-paramiko.transport-DEBUG-Compression agreed: none
2019-09-30 17:23:30,918-paramiko.transport-DEBUG-kex engine KexNistp256 specified hash_algo <built-in function openssl_sha256>
2019-09-30 17:23:30,919-paramiko.transport-DEBUG-Switch to new keys ...
2019-09-30 17:23:30,920-paramiko.transport-DEBUG-Adding ssh-ed25519 host key for 10.29.182.38: 9c589c255248bf0581d9b58ecf85e2ed
2019-09-30 17:23:30,958-paramiko.transport-DEBUG-userauth is OK
2019-09-30 17:23:30,979-paramiko.transport-INFO-Authentication (password) successful!
2019-09-30 17:23:30,985-paramiko.transport-DEBUG-[chan 0] Max packet in: 32768 bytes
2019-09-30 17:23:30,985-paramiko.transport-DEBUG-[chan 0] Max packet out: 32768 bytes
2019-09-30 17:23:30,985-paramiko.transport-DEBUG-Secsh channel 0 opened.
2019-09-30 17:23:30,987-paramiko.transport-DEBUG-[chan 0] Sesch channel 0 request ok
2019-09-30 17:23:31,239-paramiko.transport-DEBUG-[chan 0] EOF received (0)
2019-09-30 17:23:31,239-paramiko.transport-DEBUG-[chan 0] EOF sent (0)
2019-09-30 17:23:33,243-paramiko.transport-DEBUG-EOF in transport thread
2019-09-30 17:23:33,251-log_demo-INFO-sql able to connect!
2019-09-30 17:23:33,251-log_demo-INFO-TRUNCATE TABLE ashare_cjhb
2019-09-30 17:23:33,254-log_demo-INFO-TRUNCATE TABLE ashare_ordwth
2019-09-30 17:23:33,259-log_demo-INFO-TRUNCATE TABLE ashare_ordwth2
2019-09-30 17:23:33,260-log_demo-INFO-TRUNCATE TABLE reqresp
2019-09-30 17:23:33,261-log_demo-INFO-TRUNCATE TABLE execreport
2019-09-30 17:23:33,263-log_demo-INFO-TRUNCATE TABLE ashare_ordwth_cancel
2019-09-30 17:23:33,266-log_demo-INFO-truncate table ashare_ordwth_cancel success!
2019-09-30 17:24:00,835-paramiko.transport-DEBUG-starting thread (client mode): 0x2975390L
2019-09-30 17:24:00,835-paramiko.transport-DEBUG-Local version/idstring: SSH-2.0-paramiko_2.4.1
2019-09-30 17:24:00,841-paramiko.transport-DEBUG-Remote version/idstring: SSH-2.0-OpenSSH_6.6.1
2019-09-30 17:24:00,841-paramiko.transport-INFO-Connected (version 2.0, client OpenSSH_6.6.1)
2019-09-30 17:24:00,843-paramiko.transport-DEBUG-kex algos:[u'curve25519-sha256@libssh.org', u'ecdh-sha2-nistp256', u'ecdh-sha2-nistp384', u'ecdh-sha2-nistp521', u'diffie-hellman-group-exchange-sha256', u'diffie-hellman-group-exchange-sha1', u'diffie-hellman-group14-sha1', u'diffie-hellman-group1-sha1'] server key:[u'ssh-rsa', u'ecdsa-sha2-nistp256', u'ssh-ed25519'] client encrypt:[u'aes128-ctr', u'aes192-ctr', u'aes256-ctr', u'arcfour256', u'arcfour128', u'aes128-gcm@openssh.com', u'aes256-gcm@openssh.com', u'chacha20-poly1305@openssh.com', u'aes128-cbc', u'3des-cbc', u'blowfish-cbc', u'cast128-cbc', u'aes192-cbc', u'aes256-cbc', u'arcfour', u'rijndael-cbc@lysator.liu.se'] server encrypt:[u'aes128-ctr', u'aes192-ctr', u'aes256-ctr', u'arcfour256', u'arcfour128', u'aes128-gcm@openssh.com', u'aes256-gcm@openssh.com', u'chacha20-poly1305@openssh.com', u'aes128-cbc', u'3des-cbc', u'blowfish-cbc', u'cast128-cbc', u'aes192-cbc', u'aes256-cbc', u'arcfour', u'rijndael-cbc@lysator.liu.se'] client mac:[u'hmac-md5-etm@openssh.com', u'hmac-sha1-etm@openssh.com', u'umac-64-etm@openssh.com', u'umac-128-etm@openssh.com', u'hmac-sha2-256-etm@openssh.com', u'hmac-sha2-512-etm@openssh.com', u'hmac-ripemd160-etm@openssh.com', u'hmac-sha1-96-etm@openssh.com', u'hmac-md5-96-etm@openssh.com', u'hmac-md5', u'hmac-sha1', u'umac-64@openssh.com', u'umac-128@openssh.com', u'hmac-sha2-256', u'hmac-sha2-512', u'hmac-ripemd160', u'hmac-ripemd160@openssh.com', u'hmac-sha1-96', u'hmac-md5-96'] server mac:[u'hmac-md5-etm@openssh.com', u'hmac-sha1-etm@openssh.com', u'umac-64-etm@openssh.com', u'umac-128-etm@openssh.com', u'hmac-sha2-256-etm@openssh.com', u'hmac-sha2-512-etm@openssh.com', u'hmac-ripemd160-etm@openssh.com', u'hmac-sha1-96-etm@openssh.com', u'hmac-md5-96-etm@openssh.com', u'hmac-md5', u'hmac-sha1', u'umac-64@openssh.com', u'umac-128@openssh.com', u'hmac-sha2-256', u'hmac-sha2-512', u'hmac-ripemd160', u'hmac-ripemd160@openssh.com', u'hmac-sha1-96', u'hmac-md5-96'] client compress:[u'none', u'zlib@openssh.com'] server compress:[u'none', u'zlib@openssh.com'] client lang:[u''] server lang:[u''] kex follows?False
2019-09-30 17:24:00,843-paramiko.transport-DEBUG-Kex agreed: ecdh-sha2-nistp256
2019-09-30 17:24:00,843-paramiko.transport-DEBUG-HostKey agreed: ssh-ed25519
2019-09-30 17:24:00,843-paramiko.transport-DEBUG-Cipher agreed: aes128-ctr
2019-09-30 17:24:00,843-paramiko.transport-DEBUG-MAC agreed: hmac-sha2-256
2019-09-30 17:24:00,843-paramiko.transport-DEBUG-Compression agreed: none
2019-09-30 17:24:00,847-paramiko.transport-DEBUG-kex engine KexNistp256 specified hash_algo <built-in function openssl_sha256>
2019-09-30 17:24:00,847-paramiko.transport-DEBUG-Switch to new keys ...
2019-09-30 17:24:00,851-paramiko.transport-DEBUG-Adding ssh-ed25519 host key for 10.29.182.38: 9c589c255248bf0581d9b58ecf85e2ed
2019-09-30 17:24:00,887-paramiko.transport-DEBUG-userauth is OK
2019-09-30 17:24:00,911-paramiko.transport-INFO-Authentication (password) successful!
2019-09-30 17:24:00,915-paramiko.transport-DEBUG-[chan 0] Max packet in: 32768 bytes
2019-09-30 17:24:00,918-paramiko.transport-DEBUG-[chan 0] Max packet out: 32768 bytes
2019-09-30 17:24:00,918-paramiko.transport-DEBUG-Secsh channel 0 opened.
2019-09-30 17:24:00,920-paramiko.transport-DEBUG-[chan 0] Sesch channel 0 request ok
2019-09-30 17:24:01,180-paramiko.transport-DEBUG-[chan 0] EOF received (0)
2019-09-30 17:24:01,180-paramiko.transport-DEBUG-[chan 0] EOF sent (0)
2019-09-30 17:24:07,181-paramiko.transport-DEBUG-[chan 1] Max packet in: 32768 bytes
2019-09-30 17:24:07,182-paramiko.transport-DEBUG-[chan 1] Max packet out: 32768 bytes
2019-09-30 17:24:07,182-paramiko.transport-DEBUG-Secsh channel 1 opened.
2019-09-30 17:24:07,184-paramiko.transport-DEBUG-[chan 1] Sesch channel 1 request ok
2019-09-30 17:24:07,437-paramiko.transport-DEBUG-[chan 1] EOF received (1)
2019-09-30 17:24:07,437-paramiko.transport-DEBUG-[chan 1] EOF sent (1)
2019-09-30 17:24:09,438-paramiko.transport-DEBUG-[chan 2] Max packet in: 32768 bytes
2019-09-30 17:24:09,439-paramiko.transport-DEBUG-[chan 2] Max packet out: 32768 bytes
2019-09-30 17:24:09,439-paramiko.transport-DEBUG-Secsh channel 2 opened.
2019-09-30 17:24:09,441-paramiko.transport-DEBUG-[chan 2] Sesch channel 2 request ok
2019-09-30 17:24:09,787-paramiko.transport-DEBUG-[chan 2] EOF received (2)
2019-09-30 17:24:09,788-paramiko.transport-DEBUG-[chan 2] EOF sent (2)
2019-09-30 17:24:15,791-paramiko.transport-DEBUG-[chan 3] Max packet in: 32768 bytes
2019-09-30 17:24:15,791-paramiko.transport-DEBUG-[chan 3] Max packet out: 32768 bytes
2019-09-30 17:24:15,791-paramiko.transport-DEBUG-Secsh channel 3 opened.
2019-09-30 17:24:15,793-paramiko.transport-DEBUG-[chan 3] Sesch channel 3 request ok
2019-09-30 17:24:16,047-paramiko.transport-DEBUG-[chan 3] EOF received (3)
2019-09-30 17:24:16,047-paramiko.transport-DEBUG-[chan 3] EOF sent (3)
2019-09-30 17:24:18,049-paramiko.transport-DEBUG-[chan 4] Max packet in: 32768 bytes
2019-09-30 17:24:18,049-paramiko.transport-DEBUG-[chan 4] Max packet out: 32768 bytes
2019-09-30 17:24:18,050-paramiko.transport-DEBUG-Secsh channel 4 opened.
2019-09-30 17:24:18,051-paramiko.transport-DEBUG-[chan 4] Sesch channel 4 request ok
2019-09-30 17:24:18,519-paramiko.transport-DEBUG-[chan 4] EOF received (4)
2019-09-30 17:24:18,519-paramiko.transport-DEBUG-[chan 4] EOF sent (4)
2019-09-30 17:24:24,524-paramiko.transport-DEBUG-[chan 5] Max packet in: 32768 bytes
2019-09-30 17:24:24,524-paramiko.transport-DEBUG-[chan 5] Max packet out: 32768 bytes
2019-09-30 17:24:24,524-paramiko.transport-DEBUG-Secsh channel 5 opened.
2019-09-30 17:24:24,526-paramiko.transport-DEBUG-[chan 5] Sesch channel 5 request ok
2019-09-30 17:24:24,990-paramiko.transport-DEBUG-[chan 5] EOF received (5)
2019-09-30 17:24:24,990-paramiko.transport-DEBUG-[chan 5] EOF sent (5)
2019-09-30 17:24:26,993-paramiko.transport-DEBUG-EOF in transport thread
2019-09-30 17:24:27,104-myloger-WARNING-默认3：订单报价未超过涨跌幅限制-沪A限价买=涨停价
2019-09-30 17:24:29,674-myloger-WARNING-执行结果为True,,
