2020-07-10 19:53:17,914-log_demo-INFO-sql able to connect!
2020-07-10 19:53:17,914-log_demo-INFO-TRUNCATE TABLE ashare_cjhb
2020-07-10 19:53:17,917-log_demo-INFO-TRUNCATE TABLE ashare_ordwth
2020-07-10 19:53:17,918-log_demo-INFO-TRUNCATE TABLE ashare_ordwth2
2020-07-10 19:53:17,920-log_demo-INFO-TRUNCATE TABLE reqresp
2020-07-10 19:53:17,922-log_demo-INFO-TRUNCATE TABLE execreport
2020-07-10 19:53:17,923-log_demo-INFO-TRUNCATE TABLE ashare_ordwth_cancel
2020-07-10 19:53:17,925-log_demo-INFO-truncate table ashare_ordwth_cancel success!
2020-07-10 19:53:17,926-paramiko.transport-DEBUG-starting thread (client mode): 0x1bde510L
2020-07-10 19:53:17,926-paramiko.transport-DEBUG-Local version/idstring: SSH-2.0-paramiko_2.4.1
2020-07-10 19:53:17,938-paramiko.transport-DEBUG-Remote version/idstring: SSH-2.0-OpenSSH_6.6.1
2020-07-10 19:53:17,938-paramiko.transport-INFO-Connected (version 2.0, client OpenSSH_6.6.1)
2020-07-10 19:53:17,941-paramiko.transport-DEBUG-kex algos:[u'curve25519-sha256@libssh.org', u'ecdh-sha2-nistp256', u'ecdh-sha2-nistp384', u'ecdh-sha2-nistp521', u'diffie-hellman-group-exchange-sha256', u'diffie-hellman-group-exchange-sha1', u'diffie-hellman-group14-sha1', u'diffie-hellman-group1-sha1'] server key:[u'ssh-rsa', u'ecdsa-sha2-nistp256', u'ssh-ed25519'] client encrypt:[u'aes128-ctr', u'aes192-ctr', u'aes256-ctr', u'arcfour256', u'arcfour128', u'aes128-gcm@openssh.com', u'aes256-gcm@openssh.com', u'chacha20-poly1305@openssh.com', u'aes128-cbc', u'3des-cbc', u'blowfish-cbc', u'cast128-cbc', u'aes192-cbc', u'aes256-cbc', u'arcfour', u'rijndael-cbc@lysator.liu.se'] server encrypt:[u'aes128-ctr', u'aes192-ctr', u'aes256-ctr', u'arcfour256', u'arcfour128', u'aes128-gcm@openssh.com', u'aes256-gcm@openssh.com', u'chacha20-poly1305@openssh.com', u'aes128-cbc', u'3des-cbc', u'blowfish-cbc', u'cast128-cbc', u'aes192-cbc', u'aes256-cbc', u'arcfour', u'rijndael-cbc@lysator.liu.se'] client mac:[u'hmac-md5-etm@openssh.com', u'hmac-sha1-etm@openssh.com', u'umac-64-etm@openssh.com', u'umac-128-etm@openssh.com', u'hmac-sha2-256-etm@openssh.com', u'hmac-sha2-512-etm@openssh.com', u'hmac-ripemd160-etm@openssh.com', u'hmac-sha1-96-etm@openssh.com', u'hmac-md5-96-etm@openssh.com', u'hmac-md5', u'hmac-sha1', u'umac-64@openssh.com', u'umac-128@openssh.com', u'hmac-sha2-256', u'hmac-sha2-512', u'hmac-ripemd160', u'hmac-ripemd160@openssh.com', u'hmac-sha1-96', u'hmac-md5-96'] server mac:[u'hmac-md5-etm@openssh.com', u'hmac-sha1-etm@openssh.com', u'umac-64-etm@openssh.com', u'umac-128-etm@openssh.com', u'hmac-sha2-256-etm@openssh.com', u'hmac-sha2-512-etm@openssh.com', u'hmac-ripemd160-etm@openssh.com', u'hmac-sha1-96-etm@openssh.com', u'hmac-md5-96-etm@openssh.com', u'hmac-md5', u'hmac-sha1', u'umac-64@openssh.com', u'umac-128@openssh.com', u'hmac-sha2-256', u'hmac-sha2-512', u'hmac-ripemd160', u'hmac-ripemd160@openssh.com', u'hmac-sha1-96', u'hmac-md5-96'] client compress:[u'none', u'zlib@openssh.com'] server compress:[u'none', u'zlib@openssh.com'] client lang:[u''] server lang:[u''] kex follows?False
2020-07-10 19:53:17,941-paramiko.transport-DEBUG-Kex agreed: ecdh-sha2-nistp256
2020-07-10 19:53:17,941-paramiko.transport-DEBUG-HostKey agreed: ssh-ed25519
2020-07-10 19:53:17,941-paramiko.transport-DEBUG-Cipher agreed: aes128-ctr
2020-07-10 19:53:17,941-paramiko.transport-DEBUG-MAC agreed: hmac-sha2-256
2020-07-10 19:53:17,941-paramiko.transport-DEBUG-Compression agreed: none
2020-07-10 19:53:17,946-paramiko.transport-DEBUG-kex engine KexNistp256 specified hash_algo <built-in function openssl_sha256>
2020-07-10 19:53:17,946-paramiko.transport-DEBUG-Switch to new keys ...
2020-07-10 19:53:17,957-paramiko.transport-DEBUG-Adding ssh-ed25519 host key for 10.29.193.60: 9c589c255248bf0581d9b58ecf85e2ed
2020-07-10 19:53:17,986-paramiko.transport-DEBUG-userauth is OK
2020-07-10 19:53:18,021-paramiko.transport-INFO-Authentication (password) successful!
2020-07-10 19:53:18,058-paramiko.transport-DEBUG-[chan 0] Max packet in: 32768 bytes
2020-07-10 19:53:18,217-paramiko.transport-DEBUG-[chan 0] Max packet out: 32768 bytes
2020-07-10 19:53:18,217-paramiko.transport-DEBUG-Secsh channel 0 opened.
2020-07-10 19:53:18,225-paramiko.transport-DEBUG-[chan 0] Sesch channel 0 request ok
2020-07-10 19:53:18,247-paramiko.transport-DEBUG-[chan 0] EOF received (0)
2020-07-10 19:53:18,248-paramiko.transport-DEBUG-[chan 0] EOF sent (0)
2020-07-10 19:53:20,250-paramiko.transport-DEBUG-[chan 1] Max packet in: 32768 bytes
2020-07-10 19:53:20,250-paramiko.transport-DEBUG-[chan 1] Max packet out: 32768 bytes
2020-07-10 19:53:20,250-paramiko.transport-DEBUG-Secsh channel 1 opened.
2020-07-10 19:53:20,252-paramiko.transport-DEBUG-[chan 1] Sesch channel 1 request ok
2020-07-10 19:53:20,271-paramiko.transport-DEBUG-[chan 1] EOF received (1)
2020-07-10 19:53:20,272-paramiko.transport-DEBUG-[chan 1] EOF sent (1)
2020-07-10 19:53:22,274-paramiko.transport-DEBUG-[chan 2] Max packet in: 32768 bytes
2020-07-10 19:53:22,274-paramiko.transport-DEBUG-[chan 2] Max packet out: 32768 bytes
2020-07-10 19:53:22,274-paramiko.transport-DEBUG-Secsh channel 2 opened.
2020-07-10 19:53:22,277-paramiko.transport-DEBUG-[chan 2] Sesch channel 2 request ok
2020-07-10 19:53:22,297-paramiko.transport-DEBUG-[chan 2] EOF received (2)
2020-07-10 19:53:22,297-paramiko.transport-DEBUG-[chan 2] EOF sent (2)
2020-07-10 19:53:24,301-paramiko.transport-DEBUG-EOF in transport thread
2020-07-10 19:53:58,492-paramiko.transport-DEBUG-starting thread (client mode): 0x8c27eb50L
2020-07-10 19:53:58,492-paramiko.transport-DEBUG-Local version/idstring: SSH-2.0-paramiko_2.4.1
2020-07-10 19:53:58,503-paramiko.transport-DEBUG-Remote version/idstring: SSH-2.0-OpenSSH_6.6.1
2020-07-10 19:53:58,504-paramiko.transport-INFO-Connected (version 2.0, client OpenSSH_6.6.1)
2020-07-10 19:53:58,508-paramiko.transport-DEBUG-kex algos:[u'curve25519-sha256@libssh.org', u'ecdh-sha2-nistp256', u'ecdh-sha2-nistp384', u'ecdh-sha2-nistp521', u'diffie-hellman-group-exchange-sha256', u'diffie-hellman-group-exchange-sha1', u'diffie-hellman-group14-sha1', u'diffie-hellman-group1-sha1'] server key:[u'ssh-rsa', u'ecdsa-sha2-nistp256', u'ssh-ed25519'] client encrypt:[u'aes128-ctr', u'aes192-ctr', u'aes256-ctr', u'arcfour256', u'arcfour128', u'aes128-gcm@openssh.com', u'aes256-gcm@openssh.com', u'chacha20-poly1305@openssh.com', u'aes128-cbc', u'3des-cbc', u'blowfish-cbc', u'cast128-cbc', u'aes192-cbc', u'aes256-cbc', u'arcfour', u'rijndael-cbc@lysator.liu.se'] server encrypt:[u'aes128-ctr', u'aes192-ctr', u'aes256-ctr', u'arcfour256', u'arcfour128', u'aes128-gcm@openssh.com', u'aes256-gcm@openssh.com', u'chacha20-poly1305@openssh.com', u'aes128-cbc', u'3des-cbc', u'blowfish-cbc', u'cast128-cbc', u'aes192-cbc', u'aes256-cbc', u'arcfour', u'rijndael-cbc@lysator.liu.se'] client mac:[u'hmac-md5-etm@openssh.com', u'hmac-sha1-etm@openssh.com', u'umac-64-etm@openssh.com', u'umac-128-etm@openssh.com', u'hmac-sha2-256-etm@openssh.com', u'hmac-sha2-512-etm@openssh.com', u'hmac-ripemd160-etm@openssh.com', u'hmac-sha1-96-etm@openssh.com', u'hmac-md5-96-etm@openssh.com', u'hmac-md5', u'hmac-sha1', u'umac-64@openssh.com', u'umac-128@openssh.com', u'hmac-sha2-256', u'hmac-sha2-512', u'hmac-ripemd160', u'hmac-ripemd160@openssh.com', u'hmac-sha1-96', u'hmac-md5-96'] server mac:[u'hmac-md5-etm@openssh.com', u'hmac-sha1-etm@openssh.com', u'umac-64-etm@openssh.com', u'umac-128-etm@openssh.com', u'hmac-sha2-256-etm@openssh.com', u'hmac-sha2-512-etm@openssh.com', u'hmac-ripemd160-etm@openssh.com', u'hmac-sha1-96-etm@openssh.com', u'hmac-md5-96-etm@openssh.com', u'hmac-md5', u'hmac-sha1', u'umac-64@openssh.com', u'umac-128@openssh.com', u'hmac-sha2-256', u'hmac-sha2-512', u'hmac-ripemd160', u'hmac-ripemd160@openssh.com', u'hmac-sha1-96', u'hmac-md5-96'] client compress:[u'none', u'zlib@openssh.com'] server compress:[u'none', u'zlib@openssh.com'] client lang:[u''] server lang:[u''] kex follows?False
2020-07-10 19:53:58,508-paramiko.transport-DEBUG-Kex agreed: ecdh-sha2-nistp256
2020-07-10 19:53:58,508-paramiko.transport-DEBUG-HostKey agreed: ssh-ed25519
2020-07-10 19:53:58,508-paramiko.transport-DEBUG-Cipher agreed: aes128-ctr
2020-07-10 19:53:58,508-paramiko.transport-DEBUG-MAC agreed: hmac-sha2-256
2020-07-10 19:53:58,508-paramiko.transport-DEBUG-Compression agreed: none
2020-07-10 19:53:58,514-paramiko.transport-DEBUG-kex engine KexNistp256 specified hash_algo <built-in function openssl_sha256>
2020-07-10 19:53:58,514-paramiko.transport-DEBUG-Switch to new keys ...
2020-07-10 19:53:58,525-paramiko.transport-DEBUG-Adding ssh-ed25519 host key for 10.29.193.60: 9c589c255248bf0581d9b58ecf85e2ed
2020-07-10 19:53:58,554-paramiko.transport-DEBUG-userauth is OK
2020-07-10 19:53:58,587-paramiko.transport-INFO-Authentication (password) successful!
2020-07-10 19:53:58,590-paramiko.transport-DEBUG-[chan 0] Max packet in: 32768 bytes
2020-07-10 19:53:58,769-paramiko.transport-DEBUG-[chan 0] Max packet out: 32768 bytes
2020-07-10 19:53:58,769-paramiko.transport-DEBUG-Secsh channel 0 opened.
2020-07-10 19:53:58,793-paramiko.transport-DEBUG-[chan 0] Sesch channel 0 request ok
2020-07-10 19:54:00,532-paramiko.transport-DEBUG-[chan 0] EOF received (0)
2020-07-10 19:54:00,532-paramiko.transport-DEBUG-[chan 0] EOF sent (0)
2020-07-10 19:54:02,534-paramiko.transport-DEBUG-[chan 1] Max packet in: 32768 bytes
2020-07-10 19:54:02,535-paramiko.transport-DEBUG-[chan 1] Max packet out: 32768 bytes
2020-07-10 19:54:02,535-paramiko.transport-DEBUG-Secsh channel 1 opened.
2020-07-10 19:54:02,538-paramiko.transport-DEBUG-[chan 1] Sesch channel 1 request ok
2020-07-10 19:54:04,515-paramiko.transport-DEBUG-[chan 1] EOF received (1)
2020-07-10 19:54:04,516-paramiko.transport-DEBUG-[chan 1] EOF sent (1)
2020-07-10 19:54:10,522-paramiko.transport-DEBUG-[chan 2] Max packet in: 32768 bytes
2020-07-10 19:54:10,522-paramiko.transport-DEBUG-[chan 2] Max packet out: 32768 bytes
2020-07-10 19:54:10,522-paramiko.transport-DEBUG-Secsh channel 2 opened.
2020-07-10 19:54:10,524-paramiko.transport-DEBUG-[chan 2] Sesch channel 2 request ok
2020-07-10 19:54:12,540-paramiko.transport-DEBUG-[chan 2] EOF received (2)
2020-07-10 19:54:12,540-paramiko.transport-DEBUG-[chan 2] EOF sent (2)
2020-07-10 19:54:14,541-paramiko.transport-DEBUG-[chan 3] Max packet in: 32768 bytes
2020-07-10 19:54:14,541-paramiko.transport-DEBUG-[chan 3] Max packet out: 32768 bytes
2020-07-10 19:54:14,541-paramiko.transport-DEBUG-Secsh channel 3 opened.
2020-07-10 19:54:14,543-paramiko.transport-DEBUG-[chan 3] Sesch channel 3 request ok
2020-07-10 19:54:15,160-paramiko.transport-DEBUG-[chan 3] EOF received (3)
2020-07-10 19:54:15,161-paramiko.transport-DEBUG-[chan 3] EOF sent (3)
2020-07-10 19:54:17,163-paramiko.transport-DEBUG-[chan 4] Max packet in: 32768 bytes
2020-07-10 19:54:17,163-paramiko.transport-DEBUG-[chan 4] Max packet out: 32768 bytes
2020-07-10 19:54:17,163-paramiko.transport-DEBUG-Secsh channel 4 opened.
2020-07-10 19:54:17,166-paramiko.transport-DEBUG-[chan 4] Sesch channel 4 request ok
2020-07-10 19:54:18,872-paramiko.transport-DEBUG-[chan 4] EOF received (4)
2020-07-10 19:54:18,872-paramiko.transport-DEBUG-[chan 4] EOF sent (4)
2020-07-10 19:54:20,876-paramiko.transport-DEBUG-EOF in transport thread
2020-07-10 19:54:21,042-myloger-WARNING-OMS初始化—可选权限—Secuinfo表，深A证券账号无创业板权限
2020-07-10 19:54:21,320-myloger-ERROR-报单的error_msg与用例期望的不一致，期望和实际的error_msg分别是Security account has no startup board buy right!,Security account has no startup board right!
2020-07-10 19:54:22,173-myloger-WARNING-执行结果为False,报单推送,报单的error_msg与用例期望的不一致
