2020-06-16 15:12:32,402-myloger-WARNING-上海Ａ股股票交易日限价委托买-错误的数量（数量<100）
2020-06-16 15:12:33,516-myloger-WARNING-执行结果为True,,
2020-06-16 15:12:33,533-myloger-WARNING-交易日限价委托-整股拆零卖出
2020-06-16 15:12:34,640-myloger-WARNING-执行结果为True,,
2020-06-16 15:12:34,834-myloger-WARNING-上海Ａ股股票交易日五档即成转限价委托买-错误的数量（数量<100）
2020-06-16 15:12:35,939-myloger-WARNING-执行结果为True,,
2020-06-16 15:12:35,964-myloger-WARNING-交易日五档即成转限价委托-整股拆零卖出
2020-06-16 15:12:37,072-myloger-WARNING-执行结果为True,,
2020-06-16 15:12:37,089-myloger-WARNING-上海Ａ股股票交易日五档即成转撤销委托买-错误的数量（数量<100）
2020-06-16 15:12:38,191-myloger-WARNING-执行结果为True,,
2020-06-16 15:12:38,208-myloger-WARNING-交易日五档即成转撤销委托-整股拆零卖出
2020-06-16 15:12:39,310-myloger-WARNING-执行结果为True,,
2020-06-16 15:12:39,503-myloger-WARNING-上海Ａ股股票交易日限价委托买-错误的数量（数量<100）
2020-06-16 15:12:40,610-myloger-WARNING-执行结果为True,,
2020-06-16 15:12:40,627-myloger-WARNING-交易日限价委托-整股拆零卖出
2020-06-16 15:12:41,768-myloger-WARNING-执行结果为True,,
2020-06-16 15:12:41,990-myloger-WARNING-上海Ａ股股票交易日五档即成转限价委托买-错误的数量（数量<100）
2020-06-16 15:12:43,109-myloger-WARNING-执行结果为True,,
2020-06-16 15:12:43,127-myloger-WARNING-交易日五档即成转限价委托-整股拆零卖出
2020-06-16 15:12:44,246-myloger-WARNING-执行结果为True,,
2020-06-16 15:12:44,263-myloger-WARNING-上海Ａ股股票交易日五档即成转撤销委托买-错误的数量（数量<100）
2020-06-16 15:12:45,363-myloger-WARNING-执行结果为True,,
2020-06-16 15:12:45,380-myloger-WARNING-交易日五档即成转撤销委托-整股拆零卖出
2020-06-16 15:12:46,489-myloger-WARNING-执行结果为True,,
