2020-03-20 15:43:47,132-myloger-WARNING-限价委托买-已成（费用<min）
2020-03-20 15:43:47,717-myloger-WARNING-执行结果为True,,
2020-03-20 15:43:47,717-myloger-WARNING-限价委托卖-已成（费用>min）
2020-03-20 15:43:48,843-myloger-WARNING-执行结果为True,,
2020-03-20 15:43:48,847-myloger-WARNING-限价委托卖-废单再撤单（OMS）
2020-03-20 15:43:49,487-myloger-WARNING-执行结果为True,,
2020-03-20 15:43:49,487-myloger-WARNING-限价委托买-部成
2020-03-20 15:43:52,041-myloger-WARNING-执行结果为True,,
2020-03-20 15:43:52,042-myloger-WARNING-限价委托买-部成撤单 
2020-03-20 15:43:54,243-myloger-WARNING-报单查询等待...,xtpID=901029373942004074
2020-03-20 15:43:54,600-myloger-WARNING-执行结果为True,,
2020-03-20 15:43:54,601-myloger-WARNING-限价委托卖-部成
2020-03-20 15:43:57,241-myloger-WARNING-执行结果为True,,
2020-03-20 15:43:57,242-myloger-WARNING-限价委托卖-部成撤单 
2020-03-20 15:43:59,546-myloger-WARNING-报单查询等待...,xtpID=901029373942004077
2020-03-20 15:43:59,882-myloger-WARNING-执行结果为True,,
2020-03-20 15:43:59,882-myloger-WARNING-限价委托买-订单确认
2020-03-20 15:44:02,438-myloger-WARNING-执行结果为True,,
2020-03-20 15:44:02,438-myloger-WARNING-限价委托买-全部撤单
2020-03-20 15:44:04,537-myloger-WARNING-报单查询等待...,xtpID=901029373942004080
2020-03-20 15:44:04,985-myloger-WARNING-执行结果为True,,
2020-03-20 15:44:04,985-myloger-WARNING-限价委托卖-订单确认
2020-03-20 15:44:07,649-myloger-WARNING-执行结果为True,,
2020-03-20 15:44:07,650-myloger-WARNING-限价委托卖-全部撤单
2020-03-20 15:44:09,838-myloger-WARNING-报单查询等待...,xtpID=901029373942004083
2020-03-20 15:44:10,274-myloger-WARNING-执行结果为True,,
2020-03-20 15:44:11,046-myloger-WARNING-即成剩撤买--已成（费用<min）
2020-03-20 15:44:11,634-myloger-WARNING-执行结果为True,,
2020-03-20 15:44:11,635-myloger-WARNING-即成剩撤卖--已成（费用>min）
2020-03-20 15:44:12,742-myloger-WARNING-执行结果为True,,
2020-03-20 15:44:12,742-myloger-WARNING-五档即成转撤销买--已成（费用<min）
2020-03-20 15:44:13,309-myloger-WARNING-执行结果为True,,
2020-03-20 15:44:13,309-myloger-WARNING-五档即成转撤销卖--已成（费用>min）
2020-03-20 15:44:14,421-myloger-WARNING-执行结果为True,,
2020-03-20 15:44:14,421-myloger-WARNING-全部成交或撤销买--已成（费用<min）
2020-03-20 15:44:14,984-myloger-WARNING-执行结果为True,,
2020-03-20 15:44:14,985-myloger-WARNING-全部成交或撤销卖--已成（费用>min）
2020-03-20 15:44:16,116-myloger-WARNING-执行结果为True,,
2020-03-20 15:44:16,116-myloger-WARNING-本方最优买--已成（费用<min）
2020-03-20 15:44:16,685-myloger-WARNING-执行结果为True,,
2020-03-20 15:44:16,686-myloger-WARNING-本方最优卖--已成（费用>min）
2020-03-20 15:44:17,805-myloger-WARNING-执行结果为True,,
2020-03-20 15:44:17,805-myloger-WARNING-对方最优转限价买--已成（费用<min）
2020-03-20 15:44:18,376-myloger-WARNING-执行结果为True,,
2020-03-20 15:44:18,376-myloger-WARNING-对方最优转限价卖--已成（费用>min）
2020-03-20 15:44:19,486-myloger-WARNING-执行结果为True,,
2020-03-20 15:44:19,493-myloger-WARNING-即成剩撤卖-废单再撤单(OMS)
2020-03-20 15:44:20,122-myloger-WARNING-执行结果为True,,
2020-03-20 15:44:20,125-myloger-WARNING-五档即成转撤销买-废单再撤单(OMS)
2020-03-20 15:44:20,672-myloger-WARNING-执行结果为True,,
2020-03-20 15:44:20,674-myloger-WARNING-五档即成转撤销卖-废单再撤单(OMS)
2020-03-20 15:44:21,312-myloger-WARNING-执行结果为True,,
2020-03-20 15:44:21,314-myloger-WARNING-全部成交或撤销买-废单再撤单(OMS)
2020-03-20 15:44:21,866-myloger-WARNING-执行结果为True,,
2020-03-20 15:44:21,872-myloger-WARNING-全部成交或撤销卖-废单再撤单(OMS)
2020-03-20 15:44:22,521-myloger-WARNING-执行结果为True,,
2020-03-20 15:44:22,527-myloger-WARNING-本方最优买-废单再撤单(OMS)
2020-03-20 15:44:23,076-myloger-WARNING-执行结果为True,,
2020-03-20 15:44:23,078-myloger-WARNING-本方最优卖-废单再撤单(OMS)
2020-03-20 15:44:23,717-myloger-WARNING-执行结果为True,,
2020-03-20 15:44:23,719-myloger-WARNING-对方最优转限价买-废单再撤单(OMS)
2020-03-20 15:44:24,266-myloger-WARNING-执行结果为True,,
2020-03-20 15:44:24,268-myloger-WARNING-对方最优转限价卖-废单再撤单(OMS)
2020-03-20 15:44:24,913-myloger-WARNING-执行结果为True,,
2020-03-20 15:44:24,913-myloger-WARNING-即成剩撤买-部成撤单 
2020-03-20 15:44:25,467-myloger-WARNING-执行结果为True,,
2020-03-20 15:44:25,467-myloger-WARNING-即成剩撤卖-部成撤单 
2020-03-20 15:44:26,091-myloger-WARNING-执行结果为True,,
2020-03-20 15:44:26,091-myloger-WARNING-五档即成转撤销买-部成撤单 
2020-03-20 15:44:26,639-myloger-WARNING-执行结果为True,,
2020-03-20 15:44:26,639-myloger-WARNING-五档即成转撤销卖-部成撤单 
2020-03-20 15:44:27,269-myloger-WARNING-执行结果为True,,
2020-03-20 15:44:27,269-myloger-WARNING-本方最优买--部成
2020-03-20 15:44:29,827-myloger-WARNING-执行结果为True,,
2020-03-20 15:44:29,828-myloger-WARNING-本方最优买-部成（手动）撤单 
2020-03-20 15:44:32,026-myloger-WARNING-报单查询等待...,xtpID=901029373942004118
2020-03-20 15:44:32,387-myloger-WARNING-执行结果为True,,
2020-03-20 15:44:32,387-myloger-WARNING-本方最优卖--部成
2020-03-20 15:44:35,051-myloger-WARNING-执行结果为True,,
2020-03-20 15:44:35,051-myloger-WARNING-本方最优卖-部成(手动）撤单 
2020-03-20 15:44:37,341-myloger-WARNING-报单查询等待...,xtpID=901029373942004121
2020-03-20 15:44:37,694-myloger-WARNING-执行结果为True,,
2020-03-20 15:44:37,694-myloger-WARNING-对方最优转限价买--部成
2020-03-20 15:44:40,248-myloger-WARNING-执行结果为True,,
2020-03-20 15:44:40,249-myloger-WARNING-对方最优转限价买-部成撤单 
2020-03-20 15:44:42,461-myloger-WARNING-报单查询等待...,xtpID=901029373942004124
2020-03-20 15:44:42,824-myloger-WARNING-执行结果为True,,
2020-03-20 15:44:42,825-myloger-WARNING-对方最优转限价卖--部成
2020-03-20 15:44:45,463-myloger-WARNING-执行结果为True,,
2020-03-20 15:44:45,463-myloger-WARNING-对方最优转限价卖-部成撤单 
2020-03-20 15:44:47,732-myloger-WARNING-报单查询等待...,xtpID=901029373942004127
2020-03-20 15:44:47,975-myloger-ERROR-可用资金计算不正确
2020-03-20 15:44:48,101-myloger-WARNING-执行结果为False,报单查询,可用资金计算不正确
2020-03-20 15:44:48,101-myloger-WARNING-即成剩撤买-全部撤单
2020-03-20 15:44:48,655-myloger-WARNING-执行结果为True,,
2020-03-20 15:44:48,655-myloger-WARNING-即成剩撤卖-全部撤单
2020-03-20 15:44:49,299-myloger-WARNING-执行结果为True,,
2020-03-20 15:44:49,300-myloger-WARNING-五档即成转撤销买-全部撤单
2020-03-20 15:44:49,852-myloger-WARNING-执行结果为True,,
2020-03-20 15:44:49,852-myloger-WARNING-五档即成转撤销卖-全部撤单
2020-03-20 15:44:50,516-myloger-WARNING-执行结果为True,,
2020-03-20 15:44:50,516-myloger-WARNING-全部成交或撤销买-全部撤单
2020-03-20 15:44:51,081-myloger-WARNING-执行结果为True,,
2020-03-20 15:44:51,081-myloger-WARNING-全部成交或撤销卖-全部撤单
2020-03-20 15:44:51,719-myloger-WARNING-执行结果为True,,
2020-03-20 15:44:51,719-myloger-WARNING-本方最优买--订单确认
2020-03-20 15:44:54,269-myloger-WARNING-执行结果为True,,
2020-03-20 15:44:54,269-myloger-WARNING-本方最优买-全部（手动）撤单
2020-03-20 15:44:56,351-myloger-WARNING-报单查询等待...,xtpID=901029373942004136
2020-03-20 15:44:56,820-myloger-WARNING-执行结果为True,,
2020-03-20 15:44:56,820-myloger-WARNING-本方最优卖--订单确认
2020-03-20 15:44:59,470-myloger-WARNING-执行结果为True,,
2020-03-20 15:44:59,471-myloger-WARNING-本方最优卖-全部撤单
2020-03-20 15:45:01,656-myloger-WARNING-报单查询等待...,xtpID=901029373942004139
2020-03-20 15:45:02,112-myloger-WARNING-执行结果为True,,
2020-03-20 15:45:02,112-myloger-WARNING-对方最优转限价买-全部撤单
2020-03-20 15:45:02,662-myloger-WARNING-执行结果为True,,
2020-03-20 15:45:02,662-myloger-WARNING-对方最优转限价卖-全部撤单
2020-03-20 15:45:03,292-myloger-WARNING-执行结果为True,,
2020-03-20 15:45:03,781-myloger-WARNING-即成剩撤买--已成（费用<min）
2020-03-20 15:45:04,090-myloger-ERROR-可用资金计算有错,原可用资金、成交金额、费用、现可用资金分别是50126395452.0,1096.0,5.96,50126394350.4
2020-03-20 15:45:04,090-myloger-ERROR-总资产计算有错,原总资产、成交金额、费用、现总资产分别是50138112421.7,1096.0,5.96,50138111320.1
2020-03-20 15:45:04,090-myloger-ERROR-买入费用计算有误，原买入费用、费用、现买入费用分别是2357.49,5.96,2363.1
2020-03-20 15:45:04,347-myloger-WARNING-即成剩撤卖--已成（费用>min）
2020-03-20 15:45:04,970-myloger-ERROR-可用资金计算有错,原可用资金、成交金额、费用、现可用资金分别是50126394350.4,10960.0,22.04,50126405293.9
2020-03-20 15:45:04,970-myloger-ERROR-总资产计算有错,原总资产、成交金额、费用、现总资产分别是50138111320.1,10960.0,22.04,50138122263.6
2020-03-20 15:45:05,465-myloger-WARNING-执行结果为True,,
2020-03-20 15:45:05,465-myloger-WARNING-五档即成转撤销买--已成（费用<min）
2020-03-20 15:45:05,807-myloger-ERROR-可用资金计算有错,原可用资金、成交金额、费用、现可用资金分别是50126405293.9,1095.0,5.96,50126404193.3
2020-03-20 15:45:05,807-myloger-ERROR-总资产计算有错,原总资产、成交金额、费用、现总资产分别是50138122263.6,1095.0,5.96,50138121163.0
2020-03-20 15:45:05,807-myloger-ERROR-买入费用计算有误，原买入费用、费用、现买入费用分别是2363.1,5.96,2368.71
2020-03-20 15:45:06,033-myloger-ERROR-报单推送的xtpID与成交回报的xtpID不一致,bdhb_rs的xtpID=901029373942004145，cjhb_rs的xtp_id=901029373942004144
2020-03-20 15:45:06,033-myloger-WARNING-执行结果为False,报单推送或成交回报,报单推送的xtpID与成交回报的xtpID不一致
2020-03-20 15:45:06,033-myloger-WARNING-五档即成转撤销卖--已成（费用>min）
2020-03-20 15:45:06,646-myloger-ERROR-可用资金计算有错,原可用资金、成交金额、费用、现可用资金分别是50126404193.3,10950.0,22.03,50126415126.9
2020-03-20 15:45:06,646-myloger-ERROR-总资产计算有错,原总资产、成交金额、费用、现总资产分别是50138121163.0,10950.0,22.03,50138132096.6
2020-03-20 15:45:07,162-myloger-WARNING-执行结果为True,,
2020-03-20 15:45:07,162-myloger-WARNING-全部成交或撤销买--已成（费用<min）
2020-03-20 15:45:07,492-myloger-ERROR-可用资金计算有错,原可用资金、成交金额、费用、现可用资金分别是50126415126.9,1095.0,5.96,50126414026.2
2020-03-20 15:45:07,492-myloger-ERROR-总资产计算有错,原总资产、成交金额、费用、现总资产分别是50138132096.6,1095.0,5.96,50138130995.9
2020-03-20 15:45:07,492-myloger-ERROR-买入费用计算有误，原买入费用、费用、现买入费用分别是2368.71,5.96,2374.32
2020-03-20 15:45:07,726-myloger-ERROR-报单推送的xtpID与成交回报的xtpID不一致,bdhb_rs的xtpID=901029373942004147，cjhb_rs的xtp_id=901029373942004146
2020-03-20 15:45:07,726-myloger-WARNING-执行结果为False,报单推送或成交回报,报单推送的xtpID与成交回报的xtpID不一致
2020-03-20 15:45:07,726-myloger-WARNING-全部成交或撤销卖--已成（费用>min）
2020-03-20 15:45:08,338-myloger-ERROR-可用资金计算有错,原可用资金、成交金额、费用、现可用资金分别是50126414026.2,10950.0,22.03,50126424959.8
2020-03-20 15:45:08,338-myloger-ERROR-总资产计算有错,原总资产、成交金额、费用、现总资产分别是50138130995.9,10950.0,22.03,50138141929.5
2020-03-20 15:45:08,843-myloger-WARNING-执行结果为True,,
2020-03-20 15:45:08,844-myloger-WARNING-本方最优买--已成（费用<min）
2020-03-20 15:45:09,181-myloger-ERROR-可用资金计算有错,原可用资金、成交金额、费用、现可用资金分别是50126424959.8,1095.0,5.96,50126423859.2
2020-03-20 15:45:09,181-myloger-ERROR-总资产计算有错,原总资产、成交金额、费用、现总资产分别是50138141929.5,1095.0,5.96,50138140828.9
2020-03-20 15:45:09,181-myloger-ERROR-买入费用计算有误，原买入费用、费用、现买入费用分别是2374.32,5.96,2379.93
2020-03-20 15:45:09,416-myloger-ERROR-报单推送的xtpID与成交回报的xtpID不一致,bdhb_rs的xtpID=901029373942004149，cjhb_rs的xtp_id=901029373942004148
2020-03-20 15:45:09,417-myloger-WARNING-执行结果为False,报单推送或成交回报,报单推送的xtpID与成交回报的xtpID不一致
2020-03-20 15:45:09,417-myloger-WARNING-本方最优卖--已成（费用>min）
2020-03-20 15:45:10,032-myloger-ERROR-可用资金计算有错,原可用资金、成交金额、费用、现可用资金分别是50126423859.2,10950.0,22.03,50126434792.7
2020-03-20 15:45:10,032-myloger-ERROR-总资产计算有错,原总资产、成交金额、费用、现总资产分别是50138140828.9,10950.0,22.03,50138151762.4
2020-03-20 15:45:10,548-myloger-WARNING-执行结果为True,,
2020-03-20 15:45:10,548-myloger-WARNING-对方最优转限价买--已成（费用<min）
2020-03-20 15:45:10,912-myloger-ERROR-可用资金计算有错,原可用资金、成交金额、费用、现可用资金分别是50126434792.7,1095.0,5.96,50126433692.1
2020-03-20 15:45:10,912-myloger-ERROR-总资产计算有错,原总资产、成交金额、费用、现总资产分别是50138151762.4,1095.0,5.96,50138150661.8
2020-03-20 15:45:10,912-myloger-ERROR-买入费用计算有误，原买入费用、费用、现买入费用分别是2379.93,5.96,2385.54
2020-03-20 15:45:11,121-myloger-ERROR-报单推送的xtpID与成交回报的xtpID不一致,bdhb_rs的xtpID=901029373942004151，cjhb_rs的xtp_id=901029373942004150
2020-03-20 15:45:11,121-myloger-WARNING-执行结果为False,报单推送或成交回报,报单推送的xtpID与成交回报的xtpID不一致
2020-03-20 15:45:11,122-myloger-WARNING-对方最优转限价卖--已成（费用>min）
2020-03-20 15:45:11,712-myloger-ERROR-可用资金计算有错,原可用资金、成交金额、费用、现可用资金分别是50126433692.1,10950.0,22.03,50126444625.7
2020-03-20 15:45:11,712-myloger-ERROR-总资产计算有错,原总资产、成交金额、费用、现总资产分别是50138150661.8,10950.0,22.03,50138161595.4
2020-03-20 15:45:12,243-myloger-WARNING-执行结果为True,,
2020-03-20 15:45:12,245-myloger-WARNING-即成剩撤卖-废单再撤单(OMS)
2020-03-20 15:45:12,867-myloger-WARNING-执行结果为True,,
2020-03-20 15:45:12,872-myloger-WARNING-五档即成转撤销买-废单再撤单(OMS)
2020-03-20 15:45:13,499-myloger-WARNING-执行结果为True,,
2020-03-20 15:45:13,504-myloger-WARNING-五档即成转撤销卖-废单再撤单(OMS)
2020-03-20 15:45:14,143-myloger-WARNING-执行结果为True,,
2020-03-20 15:45:14,150-myloger-WARNING-全部成交或撤销买-废单再撤单(OMS)
2020-03-20 15:45:14,726-myloger-WARNING-执行结果为True,,
2020-03-20 15:45:14,730-myloger-WARNING-全部成交或撤销卖-废单再撤单(OMS)
2020-03-20 15:45:15,390-myloger-WARNING-执行结果为True,,
2020-03-20 15:45:15,391-myloger-WARNING-本方最优买-废单再撤单(OMS)
2020-03-20 15:45:15,966-myloger-WARNING-执行结果为True,,
2020-03-20 15:45:15,974-myloger-WARNING-本方最优卖-废单再撤单(OMS)
2020-03-20 15:45:16,613-myloger-WARNING-执行结果为True,,
2020-03-20 15:45:16,614-myloger-WARNING-对方最优转限价买-废单再撤单(OMS)
2020-03-20 15:45:17,197-myloger-WARNING-执行结果为True,,
2020-03-20 15:45:17,205-myloger-WARNING-对方最优转限价卖-废单再撤单(OMS)
2020-03-20 15:45:17,860-myloger-WARNING-执行结果为True,,
2020-03-20 15:45:17,860-myloger-WARNING-即成剩撤买-部成撤单 
2020-03-20 15:45:18,287-myloger-ERROR-可用资金计算不正确
2020-03-20 15:45:18,442-myloger-WARNING-执行结果为False,报单查询,可用资金计算不正确
2020-03-20 15:45:18,442-myloger-WARNING-即成剩撤卖-部成撤单 
2020-03-20 15:45:18,954-myloger-ERROR-可用资金计算不正确
2020-03-20 15:45:19,086-myloger-WARNING-执行结果为False,报单查询,可用资金计算不正确
2020-03-20 15:45:19,086-myloger-WARNING-五档即成转撤销买-部成撤单 
2020-03-20 15:45:19,497-myloger-ERROR-可用资金计算不正确
2020-03-20 15:45:19,666-myloger-WARNING-执行结果为False,报单查询,可用资金计算不正确
2020-03-20 15:45:19,667-myloger-WARNING-五档即成转撤销卖-部成撤单 
2020-03-20 15:45:20,174-myloger-ERROR-可用资金计算不正确
2020-03-20 15:45:20,321-myloger-WARNING-执行结果为False,报单查询,可用资金计算不正确
2020-03-20 15:45:20,322-myloger-WARNING-本方最优买--部成
2020-03-20 15:45:22,709-myloger-ERROR-可用资金计算有错,原可用资金、成交金额、待成交数量、委托价格、费用、现可用资金分别是50126445378.1,995848.0,100,9999.0,1000.7,50124448828.6
2020-03-20 15:45:22,898-myloger-WARNING-执行结果为False,成交回报,['\xe5\x8f\xaf\xe7\x94\xa8\xe8\xb5\x84\xe9\x87\x91\xe8\xae\xa1\xe7\xae\x97\xe6\x9c\x89\xe9\x94\x99', {'\xe8\xb4\xb9\xe7\x94\xa8': 1000.6999999999999, '\xe5\xbe\x85\xe6\x88\x90\xe4\xba\xa4\xe6\x95\xb0\xe9\x87\x8f': 100, '\xe6\x88\x90\xe4\xba\xa4\xe9\x87\x91\xe9\xa2\x9d': 995848.0, '\xe5\xa7\x94\xe6\x89\x98\xe4\xbb\xb7\xe6\xa0\xbc': 9999.01, '\xe7\x8e\xb0\xe5\x8f\xaf\xe7\x94\xa8\xe8\xb5\x84\xe9\x87\x91': 50124448828.63, '\xe5\x8e\x9f\xe5\x8f\xaf\xe7\x94\xa8\xe8\xb5\x84\xe9\x87\x91': 50126445378.05}]
2020-03-20 15:45:22,898-myloger-WARNING-本方最优买-部成（手动）撤单 
