2020-07-15 17:52:35,573-myloger-WARNING-限价委托买-已成（费用=min）
2020-07-15 17:52:36,704-myloger-WARNING-执行结果为True,,
2020-07-15 17:52:36,705-myloger-WARNING-限价委托买-已成（费用<min）
2020-07-15 17:52:37,825-myloger-WARNING-执行结果为True,,
2020-07-15 17:52:37,826-myloger-WARNING-限价委托买-买前有持仓
2020-07-15 17:52:38,978-myloger-WARNING-执行结果为True,,
2020-07-15 17:52:38,979-myloger-WARNING-限价委托买-订单确认
2020-07-15 17:52:42,951-myloger-WARNING-执行结果为True,,
2020-07-15 17:52:42,952-myloger-WARNING-限价委托买-部成
2020-07-15 17:52:46,632-myloger-WARNING-执行结果为True,,
2020-07-15 17:52:46,633-myloger-WARNING-限价委托买-部成撤单 
2020-07-15 17:52:49,665-myloger-WARNING-报单查询等待...,xtpID=901029373774139142
2020-07-15 17:52:50,482-myloger-WARNING-执行结果为True,,
2020-07-15 17:52:50,483-myloger-WARNING-限价委托买-全部撤单
2020-07-15 17:52:53,260-myloger-WARNING-报单查询等待...,xtpID=901029373774139144
2020-07-15 17:52:54,191-myloger-WARNING-执行结果为True,,
2020-07-15 17:52:54,217-myloger-WARNING-限价委托买-全成再撤单（OMS）
2020-07-15 17:52:56,960-myloger-WARNING-执行结果为True,,
2020-07-15 17:52:56,977-myloger-WARNING-限价委托买-部撤再撤单（OMS）
2020-07-15 17:52:59,869-myloger-WARNING-报单查询等待...,xtpID=901029373774139148
2020-07-15 17:53:00,678-myloger-WARNING-执行结果为True,,
2020-07-15 17:53:00,694-myloger-WARNING-限价委托买-全撤再撤单（OMS）
2020-07-15 17:53:03,454-myloger-WARNING-报单查询等待...,xtpID=901029373774139151
2020-07-15 17:53:04,381-myloger-WARNING-执行结果为True,,
2020-07-15 17:53:04,397-myloger-WARNING-默认3：订单报价超过涨跌幅限制-深A限价买>涨停价（涨停价+0.02）
2020-07-15 17:53:06,103-myloger-WARNING-执行结果为True,,
2020-07-15 17:53:06,103-myloger-WARNING-默认3：订单报价未超过涨跌幅限制-深A限价买=涨停价
2020-07-15 17:53:07,844-myloger-WARNING-执行结果为True,,
2020-07-15 17:53:07,861-myloger-WARNING-默认3：订单报价超过涨跌幅限制-深A限价买><跌停价（跌停价-0.02）
2020-07-15 17:53:08,984-myloger-WARNING-执行结果为True,,
2020-07-15 17:53:08,985-myloger-WARNING-默认3：订单报价未超过涨跌幅限制-深A限价买=跌停价
2020-07-15 17:53:10,697-myloger-WARNING-执行结果为True,,
2020-07-15 17:53:10,714-myloger-WARNING-深圳Ａ股股票交易日限价委托买-不存在的证券代码
2020-07-15 17:53:11,808-myloger-WARNING-执行结果为True,,
2020-07-15 17:53:11,825-myloger-WARNING-深圳Ａ股股票交易日限价委托买-错误的市场
2020-07-15 17:53:13,651-myloger-WARNING-执行结果为True,,
2020-07-15 17:53:13,667-myloger-WARNING-深圳Ａ股股票交易日限价委托买-错误的价格（价格<0）
2020-07-15 17:53:14,449-myloger-WARNING-执行结果为True,,
2020-07-15 17:53:14,465-myloger-WARNING-交易日限价委托买-错误的价格（价格=0）
2020-07-15 17:53:16,173-myloger-WARNING-执行结果为True,,
2020-07-15 17:53:16,191-myloger-WARNING-深圳Ａ股股票交易日限价委托买-错误的价格（价格巨大）
2020-07-15 17:53:17,932-myloger-WARNING-执行结果为True,,
2020-07-15 17:53:17,958-myloger-WARNING-深圳Ａ股股票交易日限价委托买-错误的数量（数量<0）
2020-07-15 17:53:18,683-myloger-WARNING-执行结果为True,,
2020-07-15 17:53:18,702-myloger-WARNING-深圳Ａ股股票交易日限价委托买-错误的数量（数量=0）
2020-07-15 17:53:20,423-myloger-WARNING-执行结果为True,,
2020-07-15 17:53:20,440-myloger-WARNING-深圳Ａ股股票交易日限价委托买-错误的数量（数量>100万）
2020-07-15 17:53:22,133-myloger-WARNING-执行结果为True,,
2020-07-15 17:53:22,149-myloger-WARNING-深圳Ａ股股票交易日限价委托买-错误的价格条件
2020-07-15 17:53:22,981-myloger-ERROR-报单的error_id与用例期望的不一致，期望和实际的error_id分别是11000314,11100020
2020-07-15 17:53:23,835-myloger-WARNING-执行结果为False,报单推送,报单的error_id与用例期望的不一致
2020-07-15 17:53:23,851-myloger-WARNING-深圳Ａ股股票交易日限价委托买-数量溢出（100亿）
2020-07-15 17:53:25,623-myloger-WARNING-执行结果为True,,
2020-07-15 17:53:25,623-myloger-WARNING-深圳Ａ股股票交易日限价委托买-金额溢出（总金额>10亿）
2020-07-15 17:53:26,770-myloger-WARNING-执行结果为True,,
2020-07-15 17:53:26,771-myloger-WARNING-限价委托卖-订单确认
2020-07-15 17:53:30,033-myloger-WARNING-执行结果为True,,
2020-07-15 17:53:30,034-myloger-WARNING-限价委托卖-部成
2020-07-15 17:53:33,293-myloger-WARNING-执行结果为True,,
2020-07-15 17:53:33,293-myloger-WARNING-限价委托卖-已成（费用>min）
2020-07-15 17:53:34,525-myloger-WARNING-执行结果为True,,
2020-07-15 17:53:34,526-myloger-WARNING-限价委托卖-已成（费用=min）
2020-07-15 17:53:35,779-myloger-WARNING-执行结果为True,,
2020-07-15 17:53:35,780-myloger-WARNING-限价委托卖-已成（费用<min）
2020-07-15 17:53:37,008-myloger-WARNING-执行结果为True,,
2020-07-15 17:53:37,009-myloger-WARNING-限价委托卖-部成撤单 
2020-07-15 17:53:39,441-myloger-WARNING-报单查询等待...,xtpID=901029373774139172
2020-07-15 17:53:40,267-myloger-WARNING-执行结果为True,,
2020-07-15 17:53:40,268-myloger-WARNING-限价委托卖-全部撤单
2020-07-15 17:53:42,619-myloger-WARNING-报单查询等待...,xtpID=901029373774139174
2020-07-15 17:53:43,561-myloger-WARNING-执行结果为True,,
2020-07-15 17:53:43,578-myloger-WARNING-限价委托卖-全成再撤单（OMS）
2020-07-15 17:53:45,934-myloger-WARNING-执行结果为True,,
2020-07-15 17:53:45,950-myloger-WARNING-限价委托卖-废单再撤单（OMS）
2020-07-15 17:53:47,220-myloger-WARNING-执行结果为True,,
2020-07-15 17:53:47,237-myloger-WARNING-限价委托卖-部撤再撤单（OMS）
2020-07-15 17:53:49,679-myloger-WARNING-报单查询等待...,xtpID=901029373774139180
2020-07-15 17:53:50,522-myloger-WARNING-执行结果为True,,
2020-07-15 17:53:50,539-myloger-WARNING-限价委托卖-全撤再撤单（OMS）
2020-07-15 17:53:52,872-myloger-WARNING-报单查询等待...,xtpID=901029373774139183
2020-07-15 17:53:53,810-myloger-WARNING-执行结果为True,,
2020-07-15 17:53:53,827-myloger-WARNING-深A限价卖（卖出数量=可用股份数+100）
2020-07-15 17:53:55,058-myloger-WARNING-执行结果为True,,
2020-07-15 17:53:55,059-myloger-WARNING-深A限价卖（卖出数量=可用股份数）
2020-07-15 17:53:56,328-myloger-WARNING-执行结果为True,,
2020-07-15 17:53:56,354-myloger-WARNING-默认3：订单报价超过涨跌幅限制-深A限价卖>涨停价（涨停价+0.02）
2020-07-15 17:53:57,634-myloger-WARNING-执行结果为True,,
2020-07-15 17:53:57,634-myloger-WARNING-默认3：订单报价超过涨跌幅限制-深A限价卖=涨停价
2020-07-15 17:53:58,904-myloger-WARNING-执行结果为True,,
2020-07-15 17:53:58,920-myloger-WARNING-默认3：订单报价超过涨跌幅限制-深A限价卖><跌停价（跌停价-0.02）
2020-07-15 17:54:00,064-myloger-WARNING-执行结果为True,,
2020-07-15 17:54:00,065-myloger-WARNING-默认3：订单报价未超过涨跌幅限制-深A限价卖=跌停价
2020-07-15 17:54:01,379-myloger-WARNING-执行结果为True,,
2020-07-15 17:54:01,395-myloger-WARNING-深圳Ａ股股票交易日限价委托卖-不存在的证券代码
2020-07-15 17:54:02,489-myloger-WARNING-执行结果为True,,
2020-07-15 17:54:02,505-myloger-WARNING-深圳Ａ股股票交易日限价委托卖-错误的市场
2020-07-15 17:54:03,778-myloger-WARNING-执行结果为True,,
2020-07-15 17:54:03,795-myloger-WARNING-深圳Ａ股股票交易日限价委托卖-错误的价格（价格<0）
2020-07-15 17:54:04,064-myloger-WARNING-执行结果为True,,
2020-07-15 17:54:04,080-myloger-WARNING-交易日限价委托卖-错误的价格（价格=0）
2020-07-15 17:54:05,409-myloger-WARNING-执行结果为True,,
2020-07-15 17:54:05,425-myloger-WARNING-深圳Ａ股股票交易日限价委托卖-错误的价格（价格巨大）
2020-07-15 17:54:06,683-myloger-WARNING-执行结果为True,,
2020-07-15 17:54:06,699-myloger-WARNING-深圳Ａ股股票交易日限价委托卖-错误的数量（数量<0）
2020-07-15 17:54:06,970-myloger-WARNING-执行结果为True,,
2020-07-15 17:54:06,995-myloger-WARNING-深圳Ａ股股票交易日限价委托卖-错误的数量（数量=0）
2020-07-15 17:54:08,283-myloger-WARNING-执行结果为True,,
2020-07-15 17:54:08,309-myloger-WARNING-深圳Ａ股股票交易日限价委托卖-错误的数量（数量>100万）
2020-07-15 17:54:09,583-myloger-WARNING-执行结果为True,,
2020-07-15 17:54:09,600-myloger-WARNING-深圳Ａ股股票交易日限价委托卖-错误的买卖方向
2020-07-15 17:54:10,858-myloger-WARNING-执行结果为True,,
2020-07-15 17:54:10,874-myloger-WARNING-深圳Ａ股股票交易日限价委托卖-数量溢出（100亿）
2020-07-15 17:54:12,177-myloger-WARNING-执行结果为True,,
2020-07-15 17:54:12,177-myloger-WARNING-深圳Ａ股股票交易日限价委托卖-金额溢出（总金额>10亿）
2020-07-15 17:54:13,460-myloger-WARNING-执行结果为True,,
2020-07-15 17:54:13,477-myloger-WARNING-交易日限价委托卖-非最后一次卖为非100的倍数
2020-07-15 17:54:14,705-myloger-WARNING-执行结果为True,,
2020-07-15 17:54:14,706-myloger-WARNING-交易日限价委托卖-最后一次卖为非100的倍数
2020-07-15 17:54:15,982-myloger-WARNING-执行结果为True,,
2020-07-15 17:54:15,983-myloger-WARNING-交易日限价委托卖-先卖零头股再卖整数股
2020-07-15 17:54:17,221-myloger-WARNING-执行结果为True,,
2020-07-15 17:54:17,221-myloger-WARNING-交易日限价委托卖-先卖零头股再卖整数股
2020-07-15 17:54:18,456-myloger-WARNING-执行结果为True,,
2020-07-15 17:54:18,456-myloger-WARNING-交易日限价委托卖-先卖整数股再卖零头股
2020-07-15 17:54:19,700-myloger-WARNING-执行结果为True,,
2020-07-15 17:54:19,701-myloger-WARNING-交易日限价委托卖-先卖整数股再卖零头股
2020-07-15 17:54:20,929-myloger-WARNING-执行结果为True,,
2020-07-15 17:54:20,929-myloger-WARNING-交易日限价委托卖-先卖含零头股的部分再卖整数股
2020-07-15 17:54:22,163-myloger-WARNING-执行结果为True,,
2020-07-15 17:54:22,164-myloger-WARNING-交易日限价委托卖-先卖含零头股的部分再卖整数股
2020-07-15 17:54:23,392-myloger-WARNING-执行结果为True,,
2020-07-15 17:54:23,393-myloger-WARNING-交易日限价委托卖-先卖整数股再卖含零头股的部分
2020-07-15 17:54:24,639-myloger-WARNING-执行结果为True,,
2020-07-15 17:54:24,639-myloger-WARNING-交易日限价委托卖-先卖整数股再卖含零头股的部分
2020-07-15 17:54:25,877-myloger-WARNING-执行结果为True,,
2020-07-15 17:54:25,878-myloger-WARNING-交易日限价委托-T+0卖→T+0买
2020-07-15 17:54:27,134-myloger-WARNING-执行结果为True,,
2020-07-15 17:54:27,134-myloger-WARNING-交易日限价委托-T+0卖→T+0买
2020-07-15 17:54:28,260-myloger-WARNING-执行结果为True,,
2020-07-15 17:54:28,261-myloger-WARNING-交易日限价委托-T+0买→T+0卖（未持有证券代码）
2020-07-15 17:54:29,423-myloger-WARNING-执行结果为True,,
2020-07-15 17:54:29,439-myloger-WARNING-交易日限价委托-T+0买→T+0卖（未持有证券代码）
2020-07-15 17:54:30,564-myloger-WARNING-执行结果为True,,
2020-07-15 17:54:30,564-myloger-WARNING-交易日限价委托-T+0买→T+0卖失败（已持有证券代码）
2020-07-15 17:54:31,692-myloger-WARNING-执行结果为True,,
2020-07-15 17:54:31,709-myloger-WARNING-交易日限价委托-T+0买→T+0卖失败（已持有证券代码）
2020-07-15 17:54:32,937-myloger-WARNING-执行结果为True,,
2020-07-15 17:54:32,937-myloger-WARNING-交易日限价委托-T+0买→T+0卖（已持有证券代码）
2020-07-15 17:54:34,101-myloger-WARNING-执行结果为True,,
2020-07-15 17:54:34,102-myloger-WARNING-交易日限价委托-T+0买→T+0卖（已持有证券代码）
2020-07-15 17:54:35,346-myloger-WARNING-执行结果为True,,
2020-07-15 17:54:36,620-myloger-WARNING-限价委托买-已成（费用=min）
2020-07-15 17:54:37,775-myloger-WARNING-执行结果为True,,
2020-07-15 17:54:37,776-myloger-WARNING-限价委托买-已成（费用<min）
2020-07-15 17:54:38,900-myloger-WARNING-执行结果为True,,
2020-07-15 17:54:38,901-myloger-WARNING-限价委托买-买前有持仓
2020-07-15 17:54:40,046-myloger-WARNING-执行结果为True,,
2020-07-15 17:54:40,072-myloger-WARNING-限价委托买-全成再撤单（OMS）
2020-07-15 17:54:42,944-myloger-WARNING-执行结果为True,,
2020-07-15 17:54:42,967-myloger-WARNING-默认3：订单报价超过涨跌幅限制-深A限价买>涨停价（涨停价+0.02）
2020-07-15 17:54:44,661-myloger-WARNING-执行结果为True,,
2020-07-15 17:54:44,662-myloger-WARNING-默认3：订单报价未超过涨跌幅限制-深A限价买=涨停价
2020-07-15 17:54:46,368-myloger-WARNING-执行结果为True,,
2020-07-15 17:54:46,385-myloger-WARNING-默认3：订单报价超过涨跌幅限制-深A限价买><跌停价（跌停价-0.02）
2020-07-15 17:54:47,526-myloger-WARNING-执行结果为True,,
2020-07-15 17:54:47,527-myloger-WARNING-默认3：订单报价未超过涨跌幅限制-深A限价买=跌停价
2020-07-15 17:54:49,259-myloger-WARNING-执行结果为True,,
2020-07-15 17:54:49,276-myloger-WARNING-深圳Ａ股股票交易日限价委托买-不存在的证券代码
2020-07-15 17:54:50,382-myloger-WARNING-执行结果为True,,
2020-07-15 17:54:50,408-myloger-WARNING-深圳Ａ股股票交易日限价委托买-错误的市场
2020-07-15 17:54:52,225-myloger-WARNING-执行结果为True,,
2020-07-15 17:54:52,241-myloger-WARNING-深圳Ａ股股票交易日限价委托买-错误的价格（价格<0）
2020-07-15 17:54:53,189-myloger-WARNING-执行结果为True,,
2020-07-15 17:54:53,215-myloger-WARNING-交易日限价委托买-错误的价格（价格=0）
2020-07-15 17:54:55,076-myloger-WARNING-执行结果为True,,
2020-07-15 17:54:55,092-myloger-WARNING-深圳Ａ股股票交易日限价委托买-错误的价格（价格巨大）
2020-07-15 17:54:56,841-myloger-WARNING-执行结果为True,,
2020-07-15 17:54:56,859-myloger-WARNING-深圳Ａ股股票交易日限价委托买-错误的数量（数量<0）
2020-07-15 17:54:57,563-myloger-WARNING-执行结果为True,,
2020-07-15 17:54:57,579-myloger-WARNING-深圳Ａ股股票交易日限价委托买-错误的数量（数量=0）
2020-07-15 17:54:59,308-myloger-WARNING-执行结果为True,,
2020-07-15 17:54:59,325-myloger-WARNING-深圳Ａ股股票交易日限价委托买-错误的数量（数量>100万）
2020-07-15 17:55:01,237-myloger-WARNING-执行结果为True,,
2020-07-15 17:55:01,257-myloger-WARNING-深圳Ａ股股票交易日限价委托买-错误的价格条件
2020-07-15 17:55:02,160-myloger-ERROR-报单的error_id与用例期望的不一致，期望和实际的error_id分别是11000315,11100020
2020-07-15 17:55:02,956-myloger-WARNING-执行结果为False,报单推送,报单的error_id与用例期望的不一致
2020-07-15 17:55:02,973-myloger-WARNING-深圳Ａ股股票交易日限价委托买-数量溢出（100亿）
2020-07-15 17:55:04,665-myloger-WARNING-执行结果为True,,
2020-07-15 17:55:04,665-myloger-WARNING-深圳Ａ股股票交易日限价委托买-金额溢出（总金额>10亿）
2020-07-15 17:55:05,786-myloger-WARNING-执行结果为True,,
2020-07-15 17:55:05,787-myloger-WARNING-限价委托卖-已成（费用>min）
2020-07-15 17:55:07,041-myloger-WARNING-执行结果为True,,
2020-07-15 17:55:07,041-myloger-WARNING-限价委托卖-已成（费用=min）
2020-07-15 17:55:08,268-myloger-WARNING-执行结果为True,,
2020-07-15 17:55:08,268-myloger-WARNING-限价委托卖-已成（费用<min）
2020-07-15 17:55:09,504-myloger-WARNING-执行结果为True,,
2020-07-15 17:55:09,531-myloger-WARNING-深A限价卖（卖出数量=可用股份数+100）
2020-07-15 17:55:10,784-myloger-WARNING-执行结果为True,,
2020-07-15 17:55:10,784-myloger-WARNING-深A限价卖（卖出数量=可用股份数）
2020-07-15 17:55:12,016-myloger-WARNING-执行结果为True,,
2020-07-15 17:55:12,042-myloger-WARNING-默认3：订单报价超过涨跌幅限制-深A限价卖>涨停价（涨停价+0.02）
2020-07-15 17:55:13,316-myloger-WARNING-执行结果为True,,
2020-07-15 17:55:13,332-myloger-WARNING-默认3：订单报价超过涨跌幅限制-深A限价卖><跌停价（跌停价-0.02）
2020-07-15 17:55:14,600-myloger-WARNING-执行结果为True,,
2020-07-15 17:55:14,617-myloger-WARNING-深圳Ａ股股票交易日限价委托卖-不存在的证券代码
2020-07-15 17:55:15,708-myloger-WARNING-执行结果为True,,
2020-07-15 17:55:15,726-myloger-WARNING-深圳Ａ股股票交易日限价委托卖-错误的市场
2020-07-15 17:55:16,985-myloger-WARNING-执行结果为True,,
2020-07-15 17:55:17,009-myloger-WARNING-深圳Ａ股股票交易日限价委托卖-错误的价格（价格<0）
2020-07-15 17:55:17,268-myloger-WARNING-执行结果为True,,
2020-07-15 17:55:17,285-myloger-WARNING-交易日限价委托卖-错误的价格（价格=0）
2020-07-15 17:55:18,551-myloger-WARNING-执行结果为True,,
2020-07-15 17:55:18,576-myloger-WARNING-深圳Ａ股股票交易日限价委托卖-错误的价格（价格巨大）
2020-07-15 17:55:19,836-myloger-WARNING-执行结果为True,,
2020-07-15 17:55:19,852-myloger-WARNING-深圳Ａ股股票交易日限价委托卖-错误的数量（数量<0）
2020-07-15 17:55:20,131-myloger-WARNING-执行结果为True,,
2020-07-15 17:55:20,147-myloger-WARNING-深圳Ａ股股票交易日限价委托卖-错误的数量（数量=0）
2020-07-15 17:55:21,434-myloger-WARNING-执行结果为True,,
2020-07-15 17:55:21,450-myloger-WARNING-深圳Ａ股股票交易日限价委托卖-错误的数量（数量>100万）
2020-07-15 17:55:22,705-myloger-WARNING-执行结果为True,,
2020-07-15 17:55:22,721-myloger-WARNING-深圳Ａ股股票交易日限价委托卖-错误的买卖方向
2020-07-15 17:55:24,009-myloger-WARNING-执行结果为True,,
2020-07-15 17:55:24,025-myloger-WARNING-深圳Ａ股股票交易日限价委托卖-数量溢出（100亿）
2020-07-15 17:55:25,304-myloger-WARNING-执行结果为True,,
2020-07-15 17:55:25,305-myloger-WARNING-深圳Ａ股股票交易日限价委托卖-金额溢出（总金额>10亿）
2020-07-15 17:55:26,576-myloger-WARNING-执行结果为True,,
2020-07-15 17:55:26,593-myloger-WARNING-交易日限价委托卖-非最后一次卖为非100的倍数
2020-07-15 17:55:27,842-myloger-WARNING-执行结果为True,,
2020-07-15 17:55:27,843-myloger-WARNING-交易日限价委托卖-最后一次卖为非100的倍数
2020-07-15 17:55:29,087-myloger-WARNING-执行结果为True,,
2020-07-15 17:55:29,240-myloger-WARNING-深圳Ａ股股票限价卖出先卖零头股再卖整数股-卖零头股
2020-07-15 17:55:30,344-myloger-WARNING-执行结果为True,,
2020-07-15 17:55:30,345-myloger-WARNING-深圳Ａ股股票限价卖出先卖零头股再卖整数股-卖整数股
2020-07-15 17:55:31,438-myloger-WARNING-执行结果为True,,
2020-07-15 17:55:31,579-myloger-WARNING-深圳Ａ股股票限价卖出先卖整数股再卖零头股-卖整数股
2020-07-15 17:55:32,669-myloger-WARNING-执行结果为True,,
2020-07-15 17:55:32,670-myloger-WARNING-深圳Ａ股股票限价卖出先卖整数股再卖零头股-卖零头股
2020-07-15 17:55:33,760-myloger-WARNING-执行结果为True,,
2020-07-15 17:55:33,910-myloger-WARNING-深圳Ａ股股票限价卖出先卖含零头股的部分再卖整数股-卖含零头股
2020-07-15 17:55:35,000-myloger-WARNING-执行结果为True,,
2020-07-15 17:55:35,000-myloger-WARNING-深圳Ａ股股票限价卖出先卖含零头股的部分再卖整数股-卖整数股
2020-07-15 17:55:36,102-myloger-WARNING-执行结果为True,,
2020-07-15 17:55:36,244-myloger-WARNING-深圳Ａ股股票限价卖出先卖整数股再卖含零头股的部分-卖整数股
2020-07-15 17:55:37,357-myloger-WARNING-执行结果为True,,
2020-07-15 17:55:37,357-myloger-WARNING-深圳Ａ股股票限价卖出先卖整数股再卖含零头股的部分-卖含零头股
2020-07-15 17:55:38,450-myloger-WARNING-执行结果为True,,
2020-07-15 17:55:38,591-myloger-WARNING-深圳Ａ股股票限价卖出交易日限价委托-T+0卖
2020-07-15 17:55:39,687-myloger-WARNING-执行结果为True,,
2020-07-15 17:55:39,687-myloger-WARNING-深圳Ａ股股票限价卖出交易日限价委托-T+0买
2020-07-15 17:55:40,778-myloger-WARNING-执行结果为True,,
2020-07-15 17:55:40,813-myloger-WARNING-深圳Ａ股股票限价卖出交易日限价委托（未持有证券代码）-T+0买
2020-07-15 17:55:41,941-myloger-WARNING-执行结果为True,,
2020-07-15 17:55:41,942-myloger-WARNING-深圳Ａ股股票限价卖出交易日限价委托（未持有证券代码）-T+0卖
2020-07-15 17:55:43,046-myloger-WARNING-执行结果为True,,
2020-07-15 17:55:43,185-myloger-WARNING-深圳Ａ股股票限价卖出交易日限价委托（已持有证券代码）-T+0买
2020-07-15 17:55:44,293-myloger-WARNING-执行结果为True,,
2020-07-15 17:55:44,294-myloger-WARNING-深圳Ａ股股票限价卖出交易日限价委托（已持有证券代码）-T+0卖
2020-07-15 17:55:45,411-myloger-WARNING-执行结果为True,,
2020-07-15 17:55:45,550-myloger-WARNING-深圳Ａ股股票限价卖出交易日限价委托（已持有证券代码）-T+0买
2020-07-15 17:55:46,651-myloger-WARNING-执行结果为True,,
2020-07-15 17:55:46,651-myloger-WARNING-深圳Ａ股股票限价卖出交易日限价委托（已持有证券代码）-T+0卖
2020-07-15 17:55:47,742-myloger-WARNING-执行结果为True,,
2020-07-15 17:55:47,765-myloger-WARNING-限价委托卖-全成再撤单（OMS）
2020-07-15 17:55:50,082-myloger-WARNING-执行结果为True,,
2020-07-15 17:55:50,083-myloger-WARNING-默认3：订单报价超过涨跌幅限制-深A限价卖=涨停价
2020-07-15 17:55:51,372-myloger-WARNING-执行结果为True,,
2020-07-15 17:55:51,372-myloger-WARNING-默认3：订单报价未超过涨跌幅限制-深A限价卖=跌停价
2020-07-15 17:55:52,636-myloger-WARNING-执行结果为True,,
2020-07-15 17:55:52,653-myloger-WARNING-限价委托卖-废单再撤单（OMS）
2020-07-15 17:55:53,914-myloger-WARNING-执行结果为True,,
2020-07-15 17:55:53,914-myloger-WARNING-限价委托买-部成
2020-07-15 17:55:57,628-myloger-WARNING-执行结果为True,,
2020-07-15 17:55:57,628-myloger-WARNING-限价委托买-部成撤单 
2020-07-15 17:56:00,527-myloger-WARNING-报单查询等待...,xtpID=901029373774139278
2020-07-15 17:56:01,365-myloger-WARNING-执行结果为True,,
2020-07-15 17:56:01,391-myloger-WARNING-限价委托买-部撤再撤单（OMS）
2020-07-15 17:56:04,286-myloger-WARNING-报单查询等待...,xtpID=901029373774139280
2020-07-15 17:56:05,126-myloger-WARNING-执行结果为True,,
2020-07-15 17:56:05,127-myloger-WARNING-限价委托卖-部成
2020-07-15 17:56:08,388-myloger-WARNING-执行结果为True,,
2020-07-15 17:56:08,389-myloger-WARNING-限价委托卖-部成撤单 
2020-07-15 17:56:10,803-myloger-WARNING-报单查询等待...,xtpID=901029373774139284
2020-07-15 17:56:11,646-myloger-WARNING-执行结果为True,,
2020-07-15 17:56:11,663-myloger-WARNING-限价委托卖-部撤再撤单（OMS）
2020-07-15 17:56:14,080-myloger-WARNING-报单查询等待...,xtpID=901029373774139286
2020-07-15 17:56:14,920-myloger-WARNING-执行结果为True,,
2020-07-15 17:56:14,921-myloger-WARNING-限价委托买-订单确认
2020-07-15 17:56:18,984-myloger-WARNING-执行结果为True,,
2020-07-15 17:56:18,985-myloger-WARNING-限价委托买-全部撤单
2020-07-15 17:56:21,778-myloger-WARNING-报单查询等待...,xtpID=901029373774139290
2020-07-15 17:56:22,719-myloger-WARNING-执行结果为True,,
2020-07-15 17:56:22,737-myloger-WARNING-限价委托买-全撤再撤单（OMS）
2020-07-15 17:56:25,511-myloger-WARNING-报单查询等待...,xtpID=901029373774139292
2020-07-15 17:56:26,449-myloger-WARNING-执行结果为True,,
2020-07-15 17:56:26,449-myloger-WARNING-限价委托卖-订单确认
2020-07-15 17:56:29,744-myloger-WARNING-执行结果为True,,
2020-07-15 17:56:29,744-myloger-WARNING-限价委托卖-全部撤单
2020-07-15 17:56:32,072-myloger-WARNING-报单查询等待...,xtpID=901029373774139296
2020-07-15 17:56:33,004-myloger-WARNING-执行结果为True,,
2020-07-15 17:56:33,030-myloger-WARNING-限价委托卖-全撤再撤单（OMS）
2020-07-15 17:56:35,371-myloger-WARNING-报单查询等待...,xtpID=901029373774139298
2020-07-15 17:56:36,297-myloger-WARNING-执行结果为True,,
2020-07-15 17:56:37,628-myloger-WARNING-限价委托买-已成（费用=min）
2020-07-15 17:56:38,783-myloger-WARNING-执行结果为True,,
2020-07-15 17:56:38,783-myloger-WARNING-限价委托买-已成（费用<min）
2020-07-15 17:56:39,909-myloger-WARNING-执行结果为True,,
2020-07-15 17:56:39,909-myloger-WARNING-限价委托买-买前有持仓
2020-07-15 17:56:41,052-myloger-WARNING-执行结果为True,,
2020-07-15 17:56:41,076-myloger-WARNING-限价委托买-全成再撤单（OMS）
2020-07-15 17:56:42,908-myloger-WARNING-执行结果为True,,
2020-07-15 17:56:42,925-myloger-WARNING-默认3：订单报价超过涨跌幅限制-沪A限价买>涨停价（涨停价+0.02）
2020-07-15 17:56:44,794-myloger-WARNING-执行结果为True,,
2020-07-15 17:56:44,795-myloger-WARNING-默认3：订单报价未超过涨跌幅限制-沪A限价买=涨停价
2020-07-15 17:56:46,684-myloger-WARNING-执行结果为True,,
2020-07-15 17:56:46,700-myloger-WARNING-默认3：订单报价超过涨跌幅限制-沪A限价买><跌停价（跌停价-0.02）
2020-07-15 17:56:47,844-myloger-WARNING-执行结果为True,,
2020-07-15 17:56:47,845-myloger-WARNING-默认3：订单报价未超过涨跌幅限制-沪A限价买=跌停价
2020-07-15 17:56:49,653-myloger-WARNING-执行结果为True,,
2020-07-15 17:56:49,669-myloger-WARNING-上海Ａ股股票交易日限价委托买-不存在的证券代码
2020-07-15 17:56:50,772-myloger-WARNING-执行结果为True,,
2020-07-15 17:56:50,788-myloger-WARNING-上海Ａ股股票交易日限价委托买-错误的市场
2020-07-15 17:56:52,659-myloger-WARNING-执行结果为True,,
2020-07-15 17:56:52,675-myloger-WARNING-上海Ａ股股票交易日限价委托买-错误的价格（价格<0）
2020-07-15 17:56:53,529-myloger-WARNING-执行结果为True,,
2020-07-15 17:56:53,545-myloger-WARNING-交易日限价委托买-错误的价格（价格=0）
2020-07-15 17:56:55,420-myloger-WARNING-执行结果为True,,
2020-07-15 17:56:55,436-myloger-WARNING-上海Ａ股股票交易日限价委托买-错误的价格（价格巨大）
2020-07-15 17:56:57,254-myloger-WARNING-执行结果为True,,
2020-07-15 17:56:57,271-myloger-WARNING-上海Ａ股股票交易日限价委托买-错误的数量（数量<0）
2020-07-15 17:56:58,121-myloger-WARNING-执行结果为True,,
2020-07-15 17:56:58,137-myloger-WARNING-上海Ａ股股票交易日限价委托买-错误的数量（数量=0）
2020-07-15 17:57:00,009-myloger-WARNING-执行结果为True,,
2020-07-15 17:57:00,030-myloger-WARNING-上海Ａ股股票交易日限价委托买-错误的数量（数量>100万）
2020-07-15 17:57:01,891-myloger-WARNING-执行结果为True,,
2020-07-15 17:57:01,908-myloger-WARNING-上海Ａ股股票交易日限价委托买-错误的价格条件
2020-07-15 17:57:02,899-myloger-ERROR-报单的error_id与用例期望的不一致，期望和实际的error_id分别是11000315,11110006
2020-07-15 17:57:03,752-myloger-WARNING-执行结果为False,报单推送,报单的error_id与用例期望的不一致
2020-07-15 17:57:03,769-myloger-WARNING-上海Ａ股股票交易日限价委托买-数量溢出（100亿）
2020-07-15 17:57:05,604-myloger-WARNING-执行结果为True,,
2020-07-15 17:57:05,605-myloger-WARNING-上海Ａ股股票交易日限价委托买-金额溢出（总金额>10亿）
2020-07-15 17:57:11,761-myloger-WARNING-执行结果为True,,
2020-07-15 17:57:11,761-myloger-WARNING-限价委托卖-已成（费用>min）
2020-07-15 17:57:12,995-myloger-WARNING-执行结果为True,,
2020-07-15 17:57:12,996-myloger-WARNING-限价委托卖-已成（费用=min）
2020-07-15 17:57:14,224-myloger-WARNING-执行结果为True,,
2020-07-15 17:57:14,225-myloger-WARNING-限价委托卖-已成（费用<min）
2020-07-15 17:57:15,504-myloger-WARNING-执行结果为True,,
2020-07-15 17:57:15,533-myloger-WARNING-沪A限价卖（卖出数量=可用股份数+100）
2020-07-15 17:57:16,832-myloger-WARNING-执行结果为True,,
2020-07-15 17:57:16,833-myloger-WARNING-沪A限价卖（卖出数量=可用股份数）
2020-07-15 17:57:18,065-myloger-WARNING-执行结果为True,,
2020-07-15 17:57:18,081-myloger-WARNING-默认3：订单报价超过涨跌幅限制-沪A限价卖>涨停价（涨停价+0.02）
2020-07-15 17:57:19,397-myloger-WARNING-执行结果为True,,
2020-07-15 17:57:19,413-myloger-WARNING-默认3：订单报价超过涨跌幅限制-沪A限价卖><跌停价（跌停价-0.02）
2020-07-15 17:57:20,664-myloger-WARNING-执行结果为True,,
2020-07-15 17:57:20,690-myloger-WARNING-上海Ａ股股票交易日限价委托卖-不存在的证券代码
2020-07-15 17:57:21,818-myloger-WARNING-执行结果为True,,
2020-07-15 17:57:21,834-myloger-WARNING-上海Ａ股股票交易日限价委托卖-错误的市场
2020-07-15 17:57:23,126-myloger-WARNING-执行结果为True,,
2020-07-15 17:57:23,143-myloger-WARNING-上海Ａ股股票交易日限价委托卖-错误的价格（价格<0）
2020-07-15 17:57:23,414-myloger-WARNING-执行结果为True,,
2020-07-15 17:57:23,430-myloger-WARNING-交易日限价委托卖-错误的价格（价格=0）
2020-07-15 17:57:24,691-myloger-WARNING-执行结果为True,,
2020-07-15 17:57:24,707-myloger-WARNING-上海Ａ股股票交易日限价委托卖-错误的价格（价格巨大）
2020-07-15 17:57:25,976-myloger-WARNING-执行结果为True,,
2020-07-15 17:57:25,992-myloger-WARNING-上海Ａ股股票交易日限价委托卖-错误的数量（数量<0）
2020-07-15 17:57:26,259-myloger-WARNING-执行结果为True,,
2020-07-15 17:57:26,275-myloger-WARNING-上海Ａ股股票交易日限价委托卖-错误的数量（数量=0）
2020-07-15 17:57:27,544-myloger-WARNING-执行结果为True,,
2020-07-15 17:57:27,562-myloger-WARNING-上海Ａ股股票交易日限价委托卖-错误的数量（数量>100万）
2020-07-15 17:57:28,843-myloger-WARNING-执行结果为True,,
2020-07-15 17:57:28,859-myloger-WARNING-上海Ａ股股票交易日限价委托卖-错误的买卖方向
2020-07-15 17:57:30,145-myloger-WARNING-执行结果为True,,
2020-07-15 17:57:30,162-myloger-WARNING-上海Ａ股股票交易日限价委托卖-数量溢出（100亿）
2020-07-15 17:57:31,447-myloger-WARNING-执行结果为True,,
2020-07-15 17:57:31,448-myloger-WARNING-上海Ａ股股票交易日限价委托卖-金额溢出（总金额>10亿）
2020-07-15 17:57:37,762-myloger-WARNING-执行结果为True,,
2020-07-15 17:57:37,779-myloger-WARNING-交易日限价委托卖-非最后一次卖为非100的倍数
2020-07-15 17:57:39,025-myloger-WARNING-执行结果为True,,
2020-07-15 17:57:39,025-myloger-WARNING-交易日限价委托卖-最后一次卖为非100的倍数
2020-07-15 17:57:40,263-myloger-WARNING-执行结果为True,,
2020-07-15 17:57:40,405-myloger-WARNING-上海Ａ股股票限价卖出先卖零头股再卖整数股-卖零头股
2020-07-15 17:57:41,497-myloger-WARNING-执行结果为True,,
2020-07-15 17:57:41,497-myloger-WARNING-上海Ａ股股票限价卖出先卖零头股再卖整数股-卖整数股
2020-07-15 17:57:42,591-myloger-WARNING-执行结果为True,,
2020-07-15 17:57:42,787-myloger-WARNING-上海Ａ股股票限价卖出先卖整数股再卖零头股-卖整数股
2020-07-15 17:57:43,879-myloger-WARNING-执行结果为True,,
2020-07-15 17:57:43,879-myloger-WARNING-上海Ａ股股票限价卖出先卖整数股再卖零头股-卖零头股
2020-07-15 17:57:44,998-myloger-WARNING-执行结果为True,,
2020-07-15 17:57:45,136-myloger-WARNING-上海Ａ股股票限价卖出先卖含零头股的部分再卖整数股-卖含零头股
2020-07-15 17:57:46,227-myloger-WARNING-执行结果为True,,
2020-07-15 17:57:46,228-myloger-WARNING-上海Ａ股股票限价卖出先卖含零头股的部分再卖整数股-卖整数股
2020-07-15 17:57:47,318-myloger-WARNING-执行结果为True,,
2020-07-15 17:57:47,510-myloger-WARNING-上海Ａ股股票限价卖出先卖整数股再卖含零头股的部分-卖整数股
2020-07-15 17:57:48,622-myloger-WARNING-执行结果为True,,
2020-07-15 17:57:48,623-myloger-WARNING-上海Ａ股股票限价卖出先卖整数股再卖含零头股的部分-卖含零头股
2020-07-15 17:57:49,752-myloger-WARNING-执行结果为True,,
2020-07-15 17:57:49,899-myloger-WARNING-上海Ａ股股票限价卖出交易日限价委托-T+0卖
2020-07-15 17:57:50,988-myloger-WARNING-执行结果为True,,
2020-07-15 17:57:50,988-myloger-WARNING-上海Ａ股股票限价卖出交易日限价委托-T+0买
2020-07-15 17:57:52,079-myloger-WARNING-执行结果为True,,
2020-07-15 17:57:52,113-myloger-WARNING-上海Ａ股股票限价卖出交易日限价委托（未持有证券代码）-T+0买
2020-07-15 17:57:53,205-myloger-WARNING-执行结果为True,,
2020-07-15 17:57:53,205-myloger-WARNING-上海Ａ股股票限价卖出交易日限价委托（未持有证券代码）-T+0卖
2020-07-15 17:57:54,316-myloger-WARNING-执行结果为True,,
2020-07-15 17:57:54,493-myloger-WARNING-上海Ａ股股票限价卖出交易日限价委托（已持有证券代码）-T+0买
2020-07-15 17:57:55,599-myloger-WARNING-执行结果为True,,
2020-07-15 17:57:55,599-myloger-WARNING-上海Ａ股股票限价卖出交易日限价委托（已持有证券代码）-T+0卖
2020-07-15 17:57:56,706-myloger-WARNING-执行结果为True,,
2020-07-15 17:57:56,852-myloger-WARNING-上海Ａ股股票限价卖出交易日限价委托（已持有证券代码）-T+0买
2020-07-15 17:57:57,956-myloger-WARNING-执行结果为True,,
2020-07-15 17:57:57,956-myloger-WARNING-上海Ａ股股票限价卖出交易日限价委托（已持有证券代码）-T+0卖
2020-07-15 17:57:59,051-myloger-WARNING-执行结果为True,,
2020-07-15 17:57:59,068-myloger-WARNING-限价委托卖-全成再撤单（OMS）
2020-07-15 17:58:00,326-myloger-WARNING-执行结果为True,,
2020-07-15 17:58:00,327-myloger-WARNING-默认3：订单报价未超过涨跌幅限制-沪A限价卖=涨停价
2020-07-15 17:58:01,594-myloger-WARNING-执行结果为True,,
2020-07-15 17:58:01,595-myloger-WARNING-默认3：订单报价未超过涨跌幅限制-沪A限价卖=跌停价
2020-07-15 17:58:02,015-myloger-ERROR-期望状态和报单状态、提交状态不匹配，期望状态、报单状态、提交状态分别为全成,XTP_ORDER_STATUS_REJECTED,XTP_ORDER_SUBMIT_STATUS_INSERT_REJECTED
2020-07-15 17:58:02,856-myloger-WARNING-执行结果为False,报单查询,期望状态与报单状态不匹配
2020-07-15 17:58:02,873-myloger-WARNING-限价委托卖-废单再撤单（OMS）
2020-07-15 17:58:04,171-myloger-WARNING-执行结果为True,,
2020-07-15 17:58:04,172-myloger-WARNING-限价委托买-部成
2020-07-15 17:58:08,064-myloger-WARNING-执行结果为True,,
2020-07-15 17:58:08,064-myloger-WARNING-限价委托买-部成撤单 
2020-07-15 17:58:11,314-myloger-WARNING-报单查询等待...,xtpID=901029373774139360
2020-07-15 17:58:12,136-myloger-WARNING-执行结果为True,,
2020-07-15 17:58:12,152-myloger-WARNING-限价委托买-部撤再撤单（OMS）
2020-07-15 17:58:15,216-myloger-WARNING-报单查询等待...,xtpID=901029373774139362
2020-07-15 17:58:16,044-myloger-WARNING-执行结果为True,,
2020-07-15 17:58:16,045-myloger-WARNING-限价委托卖-部成
2020-07-15 17:58:19,301-myloger-WARNING-执行结果为True,,
2020-07-15 17:58:19,302-myloger-WARNING-限价委托卖-部成撤单 
2020-07-15 17:58:21,828-myloger-WARNING-报单查询等待...,xtpID=901029373774139366
2020-07-15 17:58:22,622-myloger-WARNING-执行结果为True,,
2020-07-15 17:58:22,639-myloger-WARNING-限价委托卖-部撤再撤单（OMS）
2020-07-15 17:58:25,062-myloger-WARNING-报单查询等待...,xtpID=901029373774139368
2020-07-15 17:58:25,894-myloger-WARNING-执行结果为True,,
2020-07-15 17:58:25,895-myloger-WARNING-限价委托买-订单确认
2020-07-15 17:58:29,796-myloger-WARNING-执行结果为True,,
2020-07-15 17:58:29,797-myloger-WARNING-限价委托买-全部撤单
2020-07-15 17:58:32,710-myloger-WARNING-报单查询等待...,xtpID=901029373774139372
2020-07-15 17:58:33,833-myloger-WARNING-执行结果为True,,
2020-07-15 17:58:33,849-myloger-WARNING-限价委托买-全撤再撤单（OMS）
2020-07-15 17:58:36,859-myloger-WARNING-报单查询等待...,xtpID=901029373774139374
2020-07-15 17:58:37,788-myloger-WARNING-执行结果为True,,
2020-07-15 17:58:37,789-myloger-WARNING-限价委托卖-订单确认
2020-07-15 17:58:41,053-myloger-WARNING-执行结果为True,,
2020-07-15 17:58:41,053-myloger-WARNING-限价委托卖-全部撤单
2020-07-15 17:58:43,412-myloger-WARNING-报单查询等待...,xtpID=901029373774139378
2020-07-15 17:58:44,334-myloger-WARNING-执行结果为True,,
2020-07-15 17:58:44,351-myloger-WARNING-限价委托卖-全撤再撤单（OMS）
2020-07-15 17:58:46,704-myloger-WARNING-报单查询等待...,xtpID=901029373774139380
2020-07-15 17:58:47,635-myloger-WARNING-执行结果为True,,
2020-07-15 17:58:48,854-myloger-WARNING-限价委托买-订单确认
2020-07-15 17:58:52,726-myloger-WARNING-执行结果为True,,
2020-07-15 17:58:52,726-myloger-WARNING-限价委托买-部成
2020-07-15 17:58:56,895-myloger-WARNING-执行结果为True,,
2020-07-15 17:58:56,895-myloger-WARNING-限价委托买-已成（费用=min）
2020-07-15 17:58:58,017-myloger-WARNING-执行结果为True,,
2020-07-15 17:58:58,018-myloger-WARNING-限价委托买-已成（费用<min）
2020-07-15 17:58:59,161-myloger-WARNING-执行结果为True,,
2020-07-15 17:58:59,162-myloger-WARNING-限价委托买-买前有持仓
2020-07-15 17:59:00,303-myloger-WARNING-执行结果为True,,
2020-07-15 17:59:00,304-myloger-WARNING-限价委托买-部成撤单 
2020-07-15 17:59:03,344-myloger-WARNING-报单查询等待...,xtpID=901029373774139388
2020-07-15 17:59:04,171-myloger-WARNING-执行结果为True,,
2020-07-15 17:59:04,172-myloger-WARNING-限价委托买-全部撤单
2020-07-15 17:59:07,126-myloger-WARNING-报单查询等待...,xtpID=901029373774139390
2020-07-15 17:59:08,043-myloger-WARNING-执行结果为True,,
2020-07-15 17:59:08,067-myloger-WARNING-限价委托买-全成再撤单（OMS）
2020-07-15 17:59:09,966-myloger-WARNING-执行结果为True,,
2020-07-15 17:59:09,982-myloger-WARNING-限价委托买-部撤再撤单（OMS）
2020-07-15 17:59:12,973-myloger-WARNING-报单查询等待...,xtpID=901029373774139394
2020-07-15 17:59:13,805-myloger-WARNING-执行结果为True,,
2020-07-15 17:59:13,821-myloger-WARNING-限价委托买-全撤再撤单（OMS）
2020-07-15 17:59:16,731-myloger-WARNING-报单查询等待...,xtpID=901029373774139397
2020-07-15 17:59:17,662-myloger-WARNING-执行结果为True,,
2020-07-15 17:59:17,686-myloger-WARNING-默认3：订单报价超过涨跌幅限制-沪A限价买>涨停价（涨停价+0.02）
2020-07-15 17:59:19,529-myloger-WARNING-执行结果为True,,
2020-07-15 17:59:19,529-myloger-WARNING-默认3：订单报价未超过涨跌幅限制-沪A限价买=涨停价
2020-07-15 17:59:21,638-myloger-WARNING-执行结果为True,,
2020-07-15 17:59:21,654-myloger-WARNING-默认3：订单报价超过涨跌幅限制-沪A限价买><跌停价（跌停价-0.02）
2020-07-15 17:59:22,791-myloger-WARNING-执行结果为True,,
2020-07-15 17:59:22,791-myloger-WARNING-默认3：订单报价未超过涨跌幅限制-沪A限价买=跌停价
2020-07-15 17:59:24,710-myloger-WARNING-执行结果为True,,
2020-07-15 17:59:24,727-myloger-WARNING-上海Ａ股股票交易日限价委托买-不存在的证券代码
2020-07-15 17:59:25,818-myloger-WARNING-执行结果为True,,
2020-07-15 17:59:25,834-myloger-WARNING-上海Ａ股股票交易日限价委托买-错误的市场
2020-07-15 17:59:27,706-myloger-WARNING-执行结果为True,,
2020-07-15 17:59:27,722-myloger-WARNING-上海Ａ股股票交易日限价委托买-错误的价格（价格<0）
2020-07-15 17:59:28,600-myloger-WARNING-执行结果为True,,
2020-07-15 17:59:28,616-myloger-WARNING-交易日限价委托买-错误的价格（价格=0）
2020-07-15 17:59:30,497-myloger-WARNING-执行结果为True,,
2020-07-15 17:59:30,522-myloger-WARNING-上海Ａ股股票交易日限价委托买-错误的价格（价格巨大）
2020-07-15 17:59:32,345-myloger-WARNING-执行结果为True,,
2020-07-15 17:59:32,361-myloger-WARNING-上海Ａ股股票交易日限价委托买-错误的数量（数量<0）
2020-07-15 17:59:33,364-myloger-WARNING-执行结果为True,,
2020-07-15 17:59:33,380-myloger-WARNING-上海Ａ股股票交易日限价委托买-错误的数量（数量=0）
2020-07-15 17:59:35,201-myloger-WARNING-执行结果为True,,
2020-07-15 17:59:35,225-myloger-WARNING-上海Ａ股股票交易日限价委托买-错误的数量（数量>100万）
2020-07-15 17:59:37,137-myloger-WARNING-执行结果为True,,
2020-07-15 17:59:37,154-myloger-WARNING-上海Ａ股股票交易日限价委托买-错误的价格条件
2020-07-15 17:59:38,993-myloger-WARNING-执行结果为True,,
2020-07-15 17:59:39,016-myloger-WARNING-上海Ａ股股票交易日限价委托买-数量溢出（100亿）
2020-07-15 17:59:40,868-myloger-WARNING-执行结果为True,,
2020-07-15 17:59:40,869-myloger-WARNING-上海Ａ股股票交易日限价委托买-金额溢出（总金额>10亿）
2020-07-15 17:59:42,013-myloger-WARNING-执行结果为True,,
2020-07-15 17:59:42,014-myloger-WARNING-限价委托卖-订单确认
2020-07-15 17:59:45,315-myloger-WARNING-执行结果为True,,
2020-07-15 17:59:45,315-myloger-WARNING-限价委托卖-部成
2020-07-15 17:59:48,575-myloger-WARNING-执行结果为True,,
2020-07-15 17:59:48,575-myloger-WARNING-限价委托卖-已成（费用>min）
2020-07-15 17:59:49,821-myloger-WARNING-执行结果为True,,
2020-07-15 17:59:49,821-myloger-WARNING-限价委托卖-已成（费用=min）
2020-07-15 17:59:51,050-myloger-WARNING-执行结果为True,,
2020-07-15 17:59:51,050-myloger-WARNING-限价委托卖-已成（费用<min）
2020-07-15 17:59:52,307-myloger-WARNING-执行结果为True,,
2020-07-15 17:59:52,308-myloger-WARNING-限价委托卖-部成撤单 
2020-07-15 17:59:54,751-myloger-WARNING-报单查询等待...,xtpID=901029373774139418
2020-07-15 17:59:55,583-myloger-WARNING-执行结果为True,,
2020-07-15 17:59:55,583-myloger-WARNING-限价委托卖-全部撤单
2020-07-15 17:59:57,946-myloger-WARNING-报单查询等待...,xtpID=901029373774139420
2020-07-15 17:59:58,859-myloger-WARNING-执行结果为True,,
2020-07-15 17:59:58,876-myloger-WARNING-限价委托卖-全成再撤单（OMS）
2020-07-15 18:00:00,137-myloger-WARNING-执行结果为True,,
2020-07-15 18:00:00,153-myloger-WARNING-限价委托卖-废单再撤单（OMS）
2020-07-15 18:00:01,427-myloger-WARNING-执行结果为True,,
2020-07-15 18:00:01,444-myloger-WARNING-限价委托卖-部撤再撤单（OMS）
2020-07-15 18:00:03,881-myloger-WARNING-报单查询等待...,xtpID=901029373774139426
2020-07-15 18:00:04,713-myloger-WARNING-执行结果为True,,
2020-07-15 18:00:04,730-myloger-WARNING-限价委托卖-全撤再撤单（OMS）
2020-07-15 18:00:07,060-myloger-WARNING-报单查询等待...,xtpID=901029373774139429
2020-07-15 18:00:07,986-myloger-WARNING-执行结果为True,,
2020-07-15 18:00:08,004-myloger-WARNING-沪A限价卖（卖出数量=可用股份数+100）
2020-07-15 18:00:09,266-myloger-WARNING-执行结果为True,,
2020-07-15 18:00:09,266-myloger-WARNING-沪A限价卖（卖出数量=可用股份数）
2020-07-15 18:00:10,502-myloger-WARNING-执行结果为True,,
2020-07-15 18:00:10,519-myloger-WARNING-默认3：订单报价超过涨跌幅限制-沪A限价卖>涨停价（涨停价+0.02）
2020-07-15 18:00:11,826-myloger-WARNING-执行结果为True,,
2020-07-15 18:00:11,827-myloger-WARNING-默认3：订单报价未超过涨跌幅限制-沪A限价卖=涨停价
2020-07-15 18:00:13,119-myloger-WARNING-执行结果为True,,
2020-07-15 18:00:13,135-myloger-WARNING-默认3：订单报价超过涨跌幅限制-沪A限价卖><跌停价（跌停价-0.02）
2020-07-15 18:00:14,368-myloger-WARNING-执行结果为True,,
2020-07-15 18:00:14,368-myloger-WARNING-默认3：订单报价未超过涨跌幅限制-沪A限价卖=跌停价
2020-07-15 18:00:15,692-myloger-WARNING-执行结果为True,,
2020-07-15 18:00:15,708-myloger-WARNING-上海Ａ股股票交易日限价委托卖-不存在的证券代码
2020-07-15 18:00:16,807-myloger-WARNING-执行结果为True,,
2020-07-15 18:00:16,825-myloger-WARNING-上海Ａ股股票交易日限价委托卖-错误的市场
2020-07-15 18:00:18,083-myloger-WARNING-执行结果为True,,
2020-07-15 18:00:18,100-myloger-WARNING-上海Ａ股股票交易日限价委托卖-错误的价格（价格<0）
2020-07-15 18:00:18,356-myloger-WARNING-执行结果为True,,
2020-07-15 18:00:18,372-myloger-WARNING-交易日限价委托卖-错误的价格（价格=0）
2020-07-15 18:00:19,667-myloger-WARNING-执行结果为True,,
2020-07-15 18:00:19,689-myloger-WARNING-上海Ａ股股票交易日限价委托卖-错误的价格（价格巨大）
2020-07-15 18:00:20,998-myloger-WARNING-执行结果为True,,
2020-07-15 18:00:21,014-myloger-WARNING-上海Ａ股股票交易日限价委托卖-错误的数量（数量<0）
2020-07-15 18:00:21,270-myloger-WARNING-执行结果为True,,
2020-07-15 18:00:21,296-myloger-WARNING-上海Ａ股股票交易日限价委托卖-错误的数量（数量=0）
2020-07-15 18:00:22,572-myloger-WARNING-执行结果为True,,
2020-07-15 18:00:22,590-myloger-WARNING-上海Ａ股股票交易日限价委托卖-错误的数量（数量>100万）
2020-07-15 18:00:23,886-myloger-WARNING-执行结果为True,,
2020-07-15 18:00:23,912-myloger-WARNING-上海Ａ股股票交易日限价委托卖-错误的买卖方向
2020-07-15 18:00:25,222-myloger-WARNING-执行结果为True,,
2020-07-15 18:00:25,239-myloger-WARNING-上海Ａ股股票交易日限价委托卖-数量溢出（100亿）
2020-07-15 18:00:26,564-myloger-WARNING-执行结果为True,,
2020-07-15 18:00:26,565-myloger-WARNING-上海Ａ股股票交易日限价委托卖-金额溢出（总金额>10亿）
2020-07-15 18:00:27,803-myloger-WARNING-执行结果为True,,
2020-07-15 18:00:27,819-myloger-WARNING-交易日限价委托卖-非最后一次卖为非100的倍数
2020-07-15 18:00:29,058-myloger-WARNING-执行结果为True,,
2020-07-15 18:00:29,059-myloger-WARNING-交易日限价委托卖-最后一次卖为非100的倍数
2020-07-15 18:00:30,385-myloger-WARNING-执行结果为True,,
2020-07-15 18:00:30,386-myloger-WARNING-交易日限价委托卖-先卖零头股再卖整数股
2020-07-15 18:00:31,624-myloger-WARNING-执行结果为True,,
2020-07-15 18:00:31,624-myloger-WARNING-交易日限价委托卖-先卖零头股再卖整数股
2020-07-15 18:00:32,865-myloger-WARNING-执行结果为True,,
2020-07-15 18:00:32,866-myloger-WARNING-交易日限价委托卖-先卖整数股再卖零头股
2020-07-15 18:00:34,142-myloger-WARNING-执行结果为True,,
2020-07-15 18:00:34,142-myloger-WARNING-交易日限价委托卖-先卖整数股再卖零头股
2020-07-15 18:00:35,411-myloger-WARNING-执行结果为True,,
2020-07-15 18:00:35,411-myloger-WARNING-交易日限价委托卖-先卖含零头股部分再卖整数股
2020-07-15 18:00:36,645-myloger-WARNING-执行结果为True,,
2020-07-15 18:00:36,646-myloger-WARNING-交易日限价委托卖-先卖含零头股部分再卖整数股
2020-07-15 18:00:37,976-myloger-WARNING-执行结果为True,,
2020-07-15 18:00:37,976-myloger-WARNING-交易日限价委托卖-先卖整数股再卖含零头股部分
2020-07-15 18:00:39,213-myloger-WARNING-执行结果为True,,
2020-07-15 18:00:39,213-myloger-WARNING-交易日限价委托卖-先卖整数股再卖含零头股部分
2020-07-15 18:00:40,454-myloger-WARNING-执行结果为True,,
2020-07-15 18:00:40,454-myloger-WARNING-交易日限价委托-T+0卖→T+0买
2020-07-15 18:00:41,725-myloger-WARNING-执行结果为True,,
2020-07-15 18:00:41,726-myloger-WARNING-交易日限价委托-T+0卖→T+0买
2020-07-15 18:00:42,878-myloger-WARNING-执行结果为True,,
2020-07-15 18:00:42,878-myloger-WARNING-交易日限价委托-T+0买→T+0卖（未持有证券代码
2020-07-15 18:00:44,003-myloger-WARNING-执行结果为True,,
2020-07-15 18:00:44,019-myloger-WARNING-交易日限价委托-T+0买→T+0卖（未持有证券代码
2020-07-15 18:00:45,154-myloger-WARNING-执行结果为True,,
2020-07-15 18:00:45,155-myloger-WARNING-交易日限价委托-T+0买→T+0卖（已持有证券代码 失败
2020-07-15 18:00:46,291-myloger-WARNING-执行结果为True,,
2020-07-15 18:00:46,308-myloger-WARNING-交易日限价委托-T+0买→T+0卖（已持有证券代码 失败
2020-07-15 18:00:47,581-myloger-WARNING-执行结果为True,,
2020-07-15 18:00:47,582-myloger-WARNING-交易日限价委托-T+0买→T+0卖（已持有证券代码
2020-07-15 18:00:48,711-myloger-WARNING-执行结果为True,,
2020-07-15 18:00:48,711-myloger-WARNING-交易日限价委托-T+0买→T+0卖（已持有证券代码
2020-07-15 18:00:49,953-myloger-WARNING-执行结果为True,,
