2020-03-17 10:43:40,984-myloger-WARNING-限价委托买-订单确认
2020-03-17 10:43:43,552-myloger-WARNING-执行结果为True,,
2020-03-17 10:43:43,553-myloger-WARNING-限价委托买-部成
2020-03-17 10:43:46,617-myloger-WARNING-执行结果为True,,
2020-03-17 10:43:46,617-myloger-WARNING-限价委托买-已成（费用=min）
2020-03-17 10:43:47,682-myloger-WARNING-执行结果为True,,
2020-03-17 10:43:47,682-myloger-WARNING-限价委托买-已成（费用<min）
2020-03-17 10:43:48,747-myloger-WARNING-执行结果为True,,
2020-03-17 10:43:48,747-myloger-WARNING-限价委托买-买前有持仓
2020-03-17 10:43:49,832-myloger-WARNING-执行结果为True,,
2020-03-17 10:43:49,832-myloger-WARNING-限价委托买-部成撤单 
2020-03-17 10:43:52,173-myloger-WARNING-报单查询等待...,xtpID=901029373941909510
2020-03-17 10:43:52,920-myloger-WARNING-执行结果为True,,
2020-03-17 10:43:52,920-myloger-WARNING-限价委托买-全部撤单
2020-03-17 10:43:55,174-myloger-WARNING-报单查询等待...,xtpID=901029373941909512
2020-03-17 10:43:56,013-myloger-WARNING-执行结果为True,,
2020-03-17 10:43:56,015-myloger-WARNING-限价委托买-全成再撤单（OMS）
2020-03-17 10:43:57,085-myloger-WARNING-执行结果为True,,
2020-03-17 10:43:57,092-myloger-WARNING-限价委托买-部撤再撤单（OMS）
2020-03-17 10:43:59,426-myloger-WARNING-报单查询等待...,xtpID=901029373941909516
2020-03-17 10:44:00,167-myloger-WARNING-执行结果为True,,
2020-03-17 10:44:00,169-myloger-WARNING-限价委托买-全撤再撤单（OMS）
2020-03-17 10:44:02,384-myloger-WARNING-报单查询等待...,xtpID=901029373941909519
2020-03-17 10:44:03,248-myloger-WARNING-执行结果为True,,
2020-03-17 10:44:03,250-myloger-WARNING-上海Ａ股股票交易日限价委托买-错误的市场
2020-03-17 10:44:03,815-myloger-WARNING-执行结果为True,,
2020-03-17 10:44:03,822-myloger-WARNING-上海Ａ股股票交易日限价委托买-错误的价格（价格<0）
2020-03-17 10:44:03,897-myloger-WARNING-执行结果为True,,
2020-03-17 10:44:03,902-myloger-WARNING-交易日限价委托买-错误的价格（价格=0）
2020-03-17 10:44:04,469-myloger-WARNING-执行结果为True,,
2020-03-17 10:44:04,475-myloger-WARNING-上海Ａ股股票交易日限价委托买-错误的价格（价格巨大）
2020-03-17 10:44:05,035-myloger-WARNING-执行结果为True,,
2020-03-17 10:44:05,043-myloger-WARNING-上海Ａ股股票交易日限价委托买-错误的数量（数量<0）
2020-03-17 10:44:05,105-myloger-WARNING-执行结果为True,,
2020-03-17 10:44:05,107-myloger-WARNING-上海Ａ股股票交易日限价委托买-错误的数量（数量=0）
2020-03-17 10:44:05,683-myloger-WARNING-执行结果为True,,
2020-03-17 10:44:05,685-myloger-WARNING-上海Ａ股股票交易日限价委托买-错误的数量（数量>100万）
2020-03-17 10:44:06,257-myloger-WARNING-执行结果为True,,
2020-03-17 10:44:06,266-myloger-WARNING-上海Ａ股股票交易日限价委托买-错误的价格条件
2020-03-17 10:44:06,833-myloger-WARNING-执行结果为True,,
2020-03-17 10:44:06,834-myloger-WARNING-限价委托卖-订单确认
2020-03-17 10:44:09,441-myloger-WARNING-执行结果为True,,
2020-03-17 10:44:09,442-myloger-WARNING-限价委托卖-部成
2020-03-17 10:44:12,058-myloger-WARNING-执行结果为True,,
2020-03-17 10:44:12,059-myloger-WARNING-限价委托卖-已成（费用>min）
2020-03-17 10:44:13,163-myloger-WARNING-执行结果为True,,
2020-03-17 10:44:13,164-myloger-WARNING-限价委托卖-已成（费用=min）
2020-03-17 10:44:13,793-myloger-WARNING-执行结果为True,,
2020-03-17 10:44:13,793-myloger-WARNING-限价委托卖-已成（费用<min）
2020-03-17 10:44:14,897-myloger-WARNING-执行结果为True,,
2020-03-17 10:44:14,897-myloger-WARNING-限价委托卖-部成撤单 
2020-03-17 10:44:17,301-myloger-WARNING-报单查询等待...,xtpID=901029373941909533
2020-03-17 10:44:18,022-myloger-WARNING-执行结果为True,,
2020-03-17 10:44:18,022-myloger-WARNING-限价委托卖-全部撤单
2020-03-17 10:44:20,282-myloger-WARNING-报单查询等待...,xtpID=901029373941909535
2020-03-17 10:44:21,137-myloger-WARNING-执行结果为True,,
2020-03-17 10:44:21,145-myloger-WARNING-限价委托卖-全成再撤单（OMS）
2020-03-17 10:44:22,262-myloger-WARNING-执行结果为True,,
2020-03-17 10:44:22,264-myloger-WARNING-限价委托卖-废单再撤单（OMS）
2020-03-17 10:44:22,879-myloger-WARNING-执行结果为True,,
2020-03-17 10:44:22,880-myloger-WARNING-限价委托卖-部撤再撤单（OMS）
2020-03-17 10:44:25,214-myloger-WARNING-报单查询等待...,xtpID=901029373941909541
2020-03-17 10:44:25,979-myloger-WARNING-执行结果为True,,
2020-03-17 10:44:25,987-myloger-WARNING-限价委托卖-全撤再撤单（OMS）
2020-03-17 10:44:28,260-myloger-WARNING-报单查询等待...,xtpID=901029373941909544
2020-03-17 10:44:29,096-myloger-WARNING-执行结果为True,,
2020-03-17 10:44:29,101-myloger-WARNING-上海Ａ股股票交易日限价委托卖-错误的市场
2020-03-17 10:44:29,720-myloger-WARNING-执行结果为True,,
2020-03-17 10:44:29,736-myloger-WARNING-上海Ａ股股票交易日限价委托卖-错误的价格（价格<0）
2020-03-17 10:44:29,856-myloger-WARNING-执行结果为True,,
2020-03-17 10:44:29,859-myloger-WARNING-交易日限价委托卖-错误的价格（价格=0）
2020-03-17 10:44:30,460-myloger-WARNING-执行结果为True,,
2020-03-17 10:44:30,468-myloger-WARNING-上海Ａ股股票交易日限价委托卖-错误的价格（价格巨大）
2020-03-17 10:44:31,081-myloger-WARNING-执行结果为True,,
2020-03-17 10:44:31,087-myloger-WARNING-上海Ａ股股票交易日限价委托卖-错误的数量（数量<0）
2020-03-17 10:44:31,194-myloger-WARNING-执行结果为True,,
2020-03-17 10:44:31,196-myloger-WARNING-上海Ａ股股票交易日限价委托卖-错误的数量（数量=0）
2020-03-17 10:44:31,808-myloger-WARNING-执行结果为True,,
2020-03-17 10:44:31,810-myloger-WARNING-上海Ａ股股票交易日限价委托卖-错误的数量（数量>100万）
2020-03-17 10:44:32,411-myloger-WARNING-执行结果为True,,
2020-03-17 10:44:32,420-myloger-WARNING-上海Ａ股股票交易日限价委托卖-错误的买卖方向
2020-03-17 10:44:33,021-myloger-WARNING-执行结果为True,,
2020-03-17 10:44:33,026-myloger-WARNING-上海Ａ股股票交易日限价委托卖-数量溢出（100亿）
2020-03-17 10:44:33,630-myloger-WARNING-执行结果为True,,
2020-03-17 10:44:33,630-myloger-WARNING-上海Ａ股股票交易日限价委托卖-金额溢出（总金额>10亿）
2020-03-17 10:44:34,236-myloger-WARNING-执行结果为True,,
