2020-03-21 00:43:41,274-myloger-WARNING-限价委托买-订单确认
2020-03-21 00:43:43,847-myloger-WARNING-执行结果为True,,
2020-03-21 00:43:43,847-myloger-WARNING-限价委托买-部成
2020-03-21 00:43:46,415-myloger-WARNING-执行结果为True,,
2020-03-21 00:43:46,416-myloger-WARNING-限价委托买-已成（费用=min）
2020-03-21 00:43:47,000-myloger-WARNING-执行结果为True,,
2020-03-21 00:43:47,000-myloger-WARNING-限价委托买-已成（费用<min）
2020-03-21 00:43:47,563-myloger-WARNING-执行结果为True,,
2020-03-21 00:43:47,563-myloger-WARNING-限价委托买-买前有持仓
2020-03-21 00:43:48,128-myloger-WARNING-执行结果为True,,
2020-03-21 00:43:48,128-myloger-WARNING-限价委托买-部成撤单 
2020-03-21 00:43:50,391-myloger-WARNING-报单查询等待...,xtpID=901029373941992610
2020-03-21 00:43:51,210-myloger-WARNING-执行结果为True,,
2020-03-21 00:43:51,210-myloger-WARNING-限价委托买-全部撤单
2020-03-21 00:43:53,365-myloger-WARNING-报单查询等待...,xtpID=901029373941992612
2020-03-21 00:43:53,777-myloger-WARNING-执行结果为True,,
2020-03-21 00:43:53,778-myloger-WARNING-限价委托买-全成再撤单（OMS）
2020-03-21 00:43:54,847-myloger-WARNING-执行结果为True,,
2020-03-21 00:43:54,859-myloger-WARNING-限价委托买-部撤再撤单（OMS）
2020-03-21 00:43:57,094-myloger-WARNING-报单查询等待...,xtpID=901029373941992616
2020-03-21 00:43:57,930-myloger-WARNING-执行结果为True,,
2020-03-21 00:43:57,940-myloger-WARNING-限价委托买-全撤再撤单（OMS）
2020-03-21 00:44:00,090-myloger-WARNING-报单查询等待...,xtpID=901029373941992619
2020-03-21 00:44:00,519-myloger-WARNING-执行结果为True,,
2020-03-21 00:44:00,521-myloger-WARNING-上海Ａ股股票交易日限价委托买-错误的市场
2020-03-21 00:44:01,083-myloger-WARNING-执行结果为True,,
2020-03-21 00:44:01,088-myloger-WARNING-上海Ａ股股票交易日限价委托买-错误的价格（价格<0）
2020-03-21 00:44:01,156-myloger-WARNING-执行结果为True,,
2020-03-21 00:44:01,157-myloger-WARNING-交易日限价委托买-错误的价格（价格=0）
2020-03-21 00:44:01,717-myloger-WARNING-执行结果为True,,
2020-03-21 00:44:01,719-myloger-WARNING-上海Ａ股股票交易日限价委托买-错误的价格（价格巨大）
2020-03-21 00:44:02,280-myloger-WARNING-执行结果为True,,
2020-03-21 00:44:02,282-myloger-WARNING-上海Ａ股股票交易日限价委托买-错误的数量（数量<0）
2020-03-21 00:44:02,354-myloger-WARNING-执行结果为True,,
2020-03-21 00:44:02,360-myloger-WARNING-上海Ａ股股票交易日限价委托买-错误的数量（数量=0）
2020-03-21 00:44:02,925-myloger-WARNING-执行结果为True,,
2020-03-21 00:44:02,927-myloger-WARNING-上海Ａ股股票交易日限价委托买-错误的数量（数量>100万）
2020-03-21 00:44:03,497-myloger-WARNING-执行结果为True,,
2020-03-21 00:44:03,507-myloger-WARNING-上海Ａ股股票交易日限价委托买-错误的价格条件
2020-03-21 00:44:04,074-myloger-WARNING-执行结果为True,,
2020-03-21 00:44:04,075-myloger-WARNING-限价委托卖-订单确认
2020-03-21 00:44:06,684-myloger-WARNING-执行结果为True,,
2020-03-21 00:44:06,684-myloger-WARNING-限价委托卖-部成
2020-03-21 00:44:09,293-myloger-WARNING-执行结果为True,,
2020-03-21 00:44:09,294-myloger-WARNING-限价委托卖-已成（费用>min）
2020-03-21 00:44:09,901-myloger-WARNING-执行结果为True,,
2020-03-21 00:44:09,902-myloger-WARNING-限价委托卖-已成（费用=min）
2020-03-21 00:44:10,515-myloger-WARNING-执行结果为True,,
2020-03-21 00:44:10,515-myloger-WARNING-限价委托卖-已成（费用<min）
2020-03-21 00:44:11,137-myloger-WARNING-执行结果为True,,
2020-03-21 00:44:11,137-myloger-WARNING-限价委托卖-部成撤单 
2020-03-21 00:44:13,422-myloger-WARNING-报单查询等待...,xtpID=901029373941992633
2020-03-21 00:44:13,747-myloger-WARNING-执行结果为True,,
2020-03-21 00:44:13,747-myloger-WARNING-限价委托卖-全部撤单
2020-03-21 00:44:15,938-myloger-WARNING-报单查询等待...,xtpID=901029373941992635
2020-03-21 00:44:16,362-myloger-WARNING-执行结果为True,,
2020-03-21 00:44:16,364-myloger-WARNING-限价委托卖-全成再撤单（OMS）
2020-03-21 00:44:17,477-myloger-WARNING-执行结果为True,,
2020-03-21 00:44:17,487-myloger-WARNING-限价委托卖-废单再撤单（OMS）
2020-03-21 00:44:18,105-myloger-WARNING-执行结果为True,,
2020-03-21 00:44:18,110-myloger-WARNING-限价委托卖-部撤再撤单（OMS）
2020-03-21 00:44:20,405-myloger-WARNING-报单查询等待...,xtpID=901029373941992641
2020-03-21 00:44:21,244-myloger-WARNING-执行结果为True,,
2020-03-21 00:44:21,252-myloger-WARNING-限价委托卖-全撤再撤单（OMS）
2020-03-21 00:44:23,434-myloger-WARNING-报单查询等待...,xtpID=901029373941992644
2020-03-21 00:44:23,863-myloger-WARNING-执行结果为True,,
2020-03-21 00:44:23,869-myloger-WARNING-上海Ａ股股票交易日限价委托卖-错误的市场
2020-03-21 00:44:24,479-myloger-WARNING-执行结果为True,,
2020-03-21 00:44:24,487-myloger-WARNING-上海Ａ股股票交易日限价委托卖-错误的价格（价格<0）
2020-03-21 00:44:24,607-myloger-WARNING-执行结果为True,,
2020-03-21 00:44:24,612-myloger-WARNING-交易日限价委托卖-错误的价格（价格=0）
2020-03-21 00:44:25,212-myloger-WARNING-执行结果为True,,
2020-03-21 00:44:25,217-myloger-WARNING-上海Ａ股股票交易日限价委托卖-错误的价格（价格巨大）
2020-03-21 00:44:25,840-myloger-WARNING-执行结果为True,,
2020-03-21 00:44:25,846-myloger-WARNING-上海Ａ股股票交易日限价委托卖-错误的数量（数量<0）
2020-03-21 00:44:25,961-myloger-WARNING-执行结果为True,,
2020-03-21 00:44:25,966-myloger-WARNING-上海Ａ股股票交易日限价委托卖-错误的数量（数量=0）
2020-03-21 00:44:26,585-myloger-WARNING-执行结果为True,,
2020-03-21 00:44:26,597-myloger-WARNING-上海Ａ股股票交易日限价委托卖-错误的数量（数量>100万）
2020-03-21 00:44:27,211-myloger-WARNING-执行结果为True,,
2020-03-21 00:44:27,217-myloger-WARNING-上海Ａ股股票交易日限价委托卖-错误的买卖方向
2020-03-21 00:44:27,824-myloger-WARNING-执行结果为True,,
2020-03-21 00:44:27,826-myloger-WARNING-上海Ａ股股票交易日限价委托卖-数量溢出（100亿）
2020-03-21 00:44:28,433-myloger-WARNING-执行结果为True,,
2020-03-21 00:44:28,434-myloger-WARNING-上海Ａ股股票交易日限价委托卖-金额溢出（总金额>10亿）
2020-03-21 00:44:29,050-myloger-WARNING-执行结果为True,,
