2020-06-24 10:25:33,661-log_demo-INFO-sql able to connect!
2020-06-24 10:25:33,661-log_demo-INFO-delete from xtp_fund_asset_20200624 where fund_acc = 100065004975 and oms_id = 6
2020-06-24 10:25:33,663-log_demo-INFO-delete table xtp_fund_asset_20200624 success!
2020-06-24 10:25:33,709-log_demo-INFO-insert into xtp_fund_asset_20200624
                       select
                        100065004975,
                        cur_type,
                        fund_avl_bal,
                        fund_frz_bal,
                        fund_bal,
                        fund_buy_sale,
                        fund_unc_buy,
                        fund_unc_sale,
                        fund_trsf,
                        node_id,
                        6
                  from xtp_fund_asset_auto where py_name="YW_ZXBMM_SZXJ_012"
2020-06-24 10:25:33,712-log_demo-INFO-insert_fund_assetYW_ZXBMM_SZXJ_012success!
2020-06-24 10:25:33,724-paramiko.transport-INFO-Connected (version 2.0, client OpenSSH_6.6.1)
2020-06-24 10:25:33,845-paramiko.transport-INFO-Authentication (password) successful!
2020-06-24 10:25:36,688-log_demo-INFO-sql able to connect!
2020-06-24 10:25:36,688-log_demo-INFO-TRUNCATE TABLE ashare_cjhb
2020-06-24 10:25:36,691-log_demo-INFO-TRUNCATE TABLE ashare_ordwth
2020-06-24 10:25:36,694-log_demo-INFO-TRUNCATE TABLE ashare_ordwth2
2020-06-24 10:25:36,696-log_demo-INFO-TRUNCATE TABLE reqresp
2020-06-24 10:25:36,697-log_demo-INFO-TRUNCATE TABLE execreport
2020-06-24 10:25:36,699-log_demo-INFO-TRUNCATE TABLE ashare_ordwth_cancel
2020-06-24 10:25:36,700-log_demo-INFO-truncate table ashare_ordwth_cancel success!
2020-06-24 10:25:36,715-paramiko.transport-INFO-Connected (version 2.0, client OpenSSH_6.6.1)
2020-06-24 10:25:36,811-paramiko.transport-INFO-Authentication (password) successful!
2020-06-24 10:26:17,190-paramiko.transport-INFO-Connected (version 2.0, client OpenSSH_6.6.1)
2020-06-24 10:26:17,280-paramiko.transport-INFO-Authentication (password) successful!
2020-06-24 10:26:39,527-myloger-WARNING-限价委托买-已成（费用>min）
2020-06-24 10:26:40,678-myloger-WARNING-执行结果为True,,
2020-06-24 10:26:40,678-myloger-WARNING-限价委托买-已成（费用=min）
2020-06-24 10:26:41,797-myloger-WARNING-执行结果为True,,
2020-06-24 10:26:41,798-myloger-WARNING-限价委托买-已成（费用<min）
2020-06-24 10:26:42,914-myloger-WARNING-执行结果为True,,
2020-06-24 10:26:42,914-myloger-WARNING-限价委托买-买前有持仓
2020-06-24 10:26:44,066-myloger-WARNING-执行结果为True,,
2020-06-24 10:26:44,067-myloger-WARNING-限价委托买-订单确认
2020-06-24 10:26:47,320-myloger-WARNING-执行结果为True,,
2020-06-24 10:26:47,320-myloger-WARNING-限价委托买-部成
2020-06-24 10:26:50,583-myloger-WARNING-执行结果为True,,
2020-06-24 10:26:50,583-myloger-WARNING-限价委托买-部成撤单 
2020-06-24 10:26:52,988-myloger-WARNING-报单查询等待...,xtpID=901029373774141921
2020-06-24 10:26:53,831-myloger-WARNING-执行结果为True,,
2020-06-24 10:26:53,831-myloger-WARNING-限价委托买-全部撤单
2020-06-24 10:26:56,166-myloger-WARNING-报单查询等待...,xtpID=901029373774141923
2020-06-24 10:26:57,107-myloger-WARNING-执行结果为True,,
2020-06-24 10:26:57,124-myloger-WARNING-限价委托买-全成再撤单（OMS）
2020-06-24 10:26:59,398-myloger-WARNING-执行结果为True,,
2020-06-24 10:26:59,415-myloger-WARNING-限价委托买-部撤再撤单（OMS）
2020-06-24 10:27:01,820-myloger-WARNING-报单查询等待...,xtpID=901029373774141927
2020-06-24 10:27:02,663-myloger-WARNING-执行结果为True,,
2020-06-24 10:27:02,683-myloger-WARNING-限价委托买-全撤再撤单（OMS）
2020-06-24 10:27:05,008-myloger-WARNING-报单查询等待...,xtpID=901029373774141930
2020-06-24 10:27:05,950-myloger-WARNING-执行结果为True,,
2020-06-24 10:27:05,967-myloger-WARNING-默认3：订单报价超过涨跌幅限制-深A限价买>涨停价（涨停价+0.02）
2020-06-24 10:27:07,224-myloger-WARNING-执行结果为True,,
2020-06-24 10:27:07,225-myloger-WARNING-默认3：订单报价未超过涨跌幅限制-深A限价买=涨停价
2020-06-24 10:27:10,494-myloger-WARNING-执行结果为True,,
2020-06-24 10:27:10,510-myloger-WARNING-默认3：订单报价超过涨跌幅限制-深A限价买><跌停价（跌停价-0.02）
2020-06-24 10:27:11,634-myloger-WARNING-执行结果为True,,
2020-06-24 10:27:11,635-myloger-WARNING-默认3：订单报价未超过涨跌幅限制-深A限价买=跌停价
2020-06-24 10:27:14,881-myloger-WARNING-执行结果为True,,
2020-06-24 10:27:14,897-myloger-WARNING-深圳Ａ股股票交易日限价委托买-不存在的证券代码
2020-06-24 10:27:16,003-myloger-WARNING-执行结果为True,,
2020-06-24 10:27:16,020-myloger-WARNING-深圳Ａ股股票交易日限价委托买-错误的市场
2020-06-24 10:27:17,262-myloger-WARNING-执行结果为True,,
2020-06-24 10:27:17,291-myloger-WARNING-深圳Ａ股股票交易日限价委托买-错误的价格（价格<0）
2020-06-24 10:27:17,569-myloger-WARNING-执行结果为True,,
2020-06-24 10:27:17,586-myloger-WARNING-交易日限价委托买-错误的价格（价格=0）
2020-06-24 10:27:18,827-myloger-WARNING-执行结果为True,,
2020-06-24 10:27:18,843-myloger-WARNING-深圳Ａ股股票交易日限价委托买-错误的价格（价格巨大）
2020-06-24 10:27:20,082-myloger-WARNING-执行结果为True,,
2020-06-24 10:27:20,099-myloger-WARNING-深圳Ａ股股票交易日限价委托买-错误的数量（数量<0）
2020-06-24 10:27:20,344-myloger-WARNING-执行结果为True,,
2020-06-24 10:27:20,360-myloger-WARNING-深圳Ａ股股票交易日限价委托买-错误的数量（数量=0）
2020-06-24 10:27:21,610-myloger-WARNING-执行结果为True,,
2020-06-24 10:27:21,626-myloger-WARNING-深圳Ａ股股票交易日限价委托买-错误的数量（数量>100万）
2020-06-24 10:27:22,867-myloger-WARNING-执行结果为True,,
2020-06-24 10:27:22,884-myloger-WARNING-深圳Ａ股股票交易日限价委托买-错误的价格条件
2020-06-24 10:27:24,146-myloger-WARNING-执行结果为True,,
2020-06-24 10:27:24,162-myloger-WARNING-深圳Ａ股股票交易日限价委托买-数量溢出（100亿）
2020-06-24 10:27:25,407-myloger-WARNING-执行结果为True,,
2020-06-24 10:27:25,408-myloger-WARNING-深圳Ａ股股票交易日限价委托买-金额溢出（总金额>10亿）
2020-06-24 10:27:26,528-myloger-WARNING-执行结果为True,,
2020-06-24 10:27:26,528-myloger-WARNING-限价委托卖-订单确认
2020-06-24 10:27:29,784-myloger-WARNING-执行结果为True,,
2020-06-24 10:27:29,785-myloger-WARNING-限价委托卖-部成
2020-06-24 10:27:33,047-myloger-WARNING-执行结果为True,,
2020-06-24 10:27:33,048-myloger-WARNING-限价委托卖-已成（费用>min）
2020-06-24 10:27:34,314-myloger-WARNING-执行结果为True,,
2020-06-24 10:27:34,314-myloger-WARNING-限价委托卖-已成（费用=min）
2020-06-24 10:27:35,550-myloger-WARNING-执行结果为True,,
2020-06-24 10:27:35,551-myloger-WARNING-限价委托卖-已成（费用<min）
2020-06-24 10:27:36,781-myloger-WARNING-执行结果为True,,
2020-06-24 10:27:36,782-myloger-WARNING-限价委托卖-部成撤单 
2020-06-24 10:27:39,189-myloger-WARNING-报单查询等待...,xtpID=901029373774141951
2020-06-24 10:27:40,027-myloger-WARNING-执行结果为True,,
2020-06-24 10:27:40,027-myloger-WARNING-限价委托卖-全部撤单
2020-06-24 10:27:42,374-myloger-WARNING-报单查询等待...,xtpID=901029373774141953
2020-06-24 10:27:43,308-myloger-WARNING-执行结果为True,,
2020-06-24 10:27:43,325-myloger-WARNING-限价委托卖-全成再撤单（OMS）
2020-06-24 10:27:45,624-myloger-WARNING-执行结果为True,,
2020-06-24 10:27:45,641-myloger-WARNING-限价委托卖-废单再撤单（OMS）
2020-06-24 10:27:46,890-myloger-WARNING-执行结果为True,,
2020-06-24 10:27:46,908-myloger-WARNING-限价委托卖-部撤再撤单（OMS）
2020-06-24 10:27:49,354-myloger-WARNING-报单查询等待...,xtpID=901029373774141959
2020-06-24 10:27:50,178-myloger-WARNING-执行结果为True,,
2020-06-24 10:27:50,196-myloger-WARNING-限价委托卖-全撤再撤单（OMS）
2020-06-24 10:27:52,513-myloger-WARNING-报单查询等待...,xtpID=901029373774141962
2020-06-24 10:27:53,451-myloger-WARNING-执行结果为True,,
2020-06-24 10:27:53,469-myloger-WARNING-深A限价卖（卖出数量=可用股份数+100）
2020-06-24 10:27:54,708-myloger-WARNING-执行结果为True,,
2020-06-24 10:27:54,709-myloger-WARNING-深A限价卖（卖出数量=可用股份数）
2020-06-24 10:27:57,944-myloger-WARNING-执行结果为True,,
2020-06-24 10:27:57,961-myloger-WARNING-默认3：订单报价超过涨跌幅限制-深A限价卖>涨停价（涨停价+0.02）
2020-06-24 10:27:59,205-myloger-WARNING-执行结果为True,,
2020-06-24 10:27:59,205-myloger-WARNING-默认3：订单报价超过涨跌幅限制-深A限价卖=涨停价
2020-06-24 10:28:02,466-myloger-WARNING-执行结果为True,,
2020-06-24 10:28:02,483-myloger-WARNING-默认3：订单报价超过涨跌幅限制-深A限价卖><跌停价（跌停价-0.02）
2020-06-24 10:28:03,599-myloger-WARNING-执行结果为True,,
2020-06-24 10:28:03,599-myloger-WARNING-默认3：订单报价未超过涨跌幅限制-深A限价卖=跌停价
2020-06-24 10:28:06,860-myloger-WARNING-执行结果为True,,
2020-06-24 10:28:06,876-myloger-WARNING-深圳Ａ股股票交易日限价委托卖-不存在的证券代码
2020-06-24 10:28:07,962-myloger-WARNING-执行结果为True,,
2020-06-24 10:28:07,978-myloger-WARNING-深圳Ａ股股票交易日限价委托卖-错误的市场
2020-06-24 10:28:09,257-myloger-WARNING-执行结果为True,,
2020-06-24 10:28:09,278-myloger-WARNING-深圳Ａ股股票交易日限价委托卖-错误的价格（价格<0）
2020-06-24 10:28:09,607-myloger-WARNING-执行结果为True,,
2020-06-24 10:28:09,623-myloger-WARNING-交易日限价委托卖-错误的价格（价格=0）
2020-06-24 10:28:10,899-myloger-WARNING-执行结果为True,,
2020-06-24 10:28:10,916-myloger-WARNING-深圳Ａ股股票交易日限价委托卖-错误的价格（价格巨大）
2020-06-24 10:28:12,162-myloger-WARNING-执行结果为True,,
2020-06-24 10:28:12,178-myloger-WARNING-深圳Ａ股股票交易日限价委托卖-错误的数量（数量<0）
2020-06-24 10:28:12,431-myloger-WARNING-执行结果为True,,
2020-06-24 10:28:12,451-myloger-WARNING-深圳Ａ股股票交易日限价委托卖-错误的数量（数量=0）
2020-06-24 10:28:13,722-myloger-WARNING-执行结果为True,,
2020-06-24 10:28:13,739-myloger-WARNING-深圳Ａ股股票交易日限价委托卖-错误的数量（数量>100万）
2020-06-24 10:28:14,983-myloger-WARNING-执行结果为True,,
2020-06-24 10:28:15,000-myloger-WARNING-深圳Ａ股股票交易日限价委托卖-错误的买卖方向
2020-06-24 10:28:16,246-myloger-WARNING-执行结果为True,,
2020-06-24 10:28:16,262-myloger-WARNING-深圳Ａ股股票交易日限价委托卖-数量溢出（100亿）
2020-06-24 10:28:17,517-myloger-WARNING-执行结果为True,,
2020-06-24 10:28:17,518-myloger-WARNING-深圳Ａ股股票交易日限价委托卖-金额溢出（总金额>10亿）
2020-06-24 10:28:18,775-myloger-WARNING-执行结果为True,,
2020-06-24 10:28:18,792-myloger-WARNING-交易日限价委托卖-非最后一次卖为非100的倍数
2020-06-24 10:28:20,019-myloger-WARNING-执行结果为True,,
2020-06-24 10:28:20,019-myloger-WARNING-交易日限价委托卖-最后一次卖为非100的倍数
2020-06-24 10:28:21,248-myloger-WARNING-执行结果为True,,
2020-06-24 10:28:21,248-myloger-WARNING-交易日限价委托卖-先卖零头股再卖整数股
2020-06-24 10:28:22,517-myloger-WARNING-执行结果为True,,
2020-06-24 10:28:22,518-myloger-WARNING-交易日限价委托卖-先卖零头股再卖整数股
2020-06-24 10:28:23,738-myloger-WARNING-执行结果为True,,
2020-06-24 10:28:23,739-myloger-WARNING-交易日限价委托卖-先卖整数股再卖零头股
2020-06-24 10:28:24,953-myloger-WARNING-执行结果为True,,
2020-06-24 10:28:24,954-myloger-WARNING-交易日限价委托卖-先卖整数股再卖零头股
2020-06-24 10:28:26,172-myloger-WARNING-执行结果为True,,
2020-06-24 10:28:26,172-myloger-WARNING-交易日限价委托卖-先卖含零头股的部分再卖整数股
2020-06-24 10:28:27,411-myloger-WARNING-执行结果为True,,
2020-06-24 10:28:27,412-myloger-WARNING-交易日限价委托卖-先卖含零头股的部分再卖整数股
2020-06-24 10:28:28,668-myloger-WARNING-执行结果为True,,
2020-06-24 10:28:28,669-myloger-WARNING-交易日限价委托卖-先卖整数股再卖含零头股的部分
2020-06-24 10:28:29,898-myloger-WARNING-执行结果为True,,
2020-06-24 10:28:29,898-myloger-WARNING-交易日限价委托卖-先卖整数股再卖含零头股的部分
2020-06-24 10:28:31,112-myloger-WARNING-执行结果为True,,
2020-06-24 10:28:31,113-myloger-WARNING-交易日限价委托-T+0卖→T+0买
2020-06-24 10:28:32,341-myloger-WARNING-执行结果为True,,
2020-06-24 10:28:32,342-myloger-WARNING-交易日限价委托-T+0卖→T+0买
2020-06-24 10:28:33,458-myloger-WARNING-执行结果为True,,
2020-06-24 10:28:33,459-myloger-WARNING-交易日限价委托-T+0买→T+0卖（未持有证券代码）
2020-06-24 10:28:34,596-myloger-WARNING-执行结果为True,,
2020-06-24 10:28:34,622-myloger-WARNING-交易日限价委托-T+0买→T+0卖（未持有证券代码）
2020-06-24 10:28:35,740-myloger-WARNING-执行结果为True,,
2020-06-24 10:28:35,741-myloger-WARNING-交易日限价委托-T+0买→T+0卖失败（已持有证券代码）
2020-06-24 10:28:36,855-myloger-WARNING-执行结果为True,,
2020-06-24 10:28:36,871-myloger-WARNING-交易日限价委托-T+0买→T+0卖失败（已持有证券代码）
2020-06-24 10:28:38,087-myloger-WARNING-执行结果为True,,
2020-06-24 10:28:38,088-myloger-WARNING-交易日限价委托-T+0买→T+0卖（已持有证券代码）
2020-06-24 10:28:39,215-myloger-WARNING-执行结果为True,,
2020-06-24 10:28:39,216-myloger-WARNING-交易日限价委托-T+0买→T+0卖（已持有证券代码）
2020-06-24 10:28:40,472-myloger-WARNING-执行结果为True,,
2020-06-24 10:28:43,813-myloger-WARNING-即成剩撤买--已成（费用=min）
2020-06-24 10:28:44,934-myloger-WARNING-执行结果为True,,
2020-06-24 10:28:44,934-myloger-WARNING-即成剩撤买--已成（费用<min）
2020-06-24 10:28:46,051-myloger-WARNING-执行结果为True,,
2020-06-24 10:28:46,052-myloger-WARNING-即成剩撤买-买前有持仓
2020-06-24 10:28:47,168-myloger-WARNING-执行结果为True,,
2020-06-24 10:28:47,184-myloger-WARNING-深圳Ａ股股票交易日即成剩撤买——错误的价格(价格<0)
2020-06-24 10:28:47,426-myloger-WARNING-执行结果为True,,
2020-06-24 10:28:47,443-myloger-WARNING-深圳Ａ股股票交易日即成剩撤买——错误的数量(数量<0)
2020-06-24 10:28:47,682-myloger-WARNING-执行结果为True,,
2020-06-24 10:28:47,698-myloger-WARNING-深圳Ａ股股票交易日即成剩撤卖——错误的价格(价格<0)
2020-06-24 10:28:47,978-myloger-WARNING-执行结果为True,,
2020-06-24 10:28:47,994-myloger-WARNING-深圳Ａ股股票交易日即成剩撤卖——错误的数量(数量<0)
2020-06-24 10:28:48,255-myloger-WARNING-执行结果为True,,
2020-06-24 10:28:48,256-myloger-WARNING-深圳Ａ股股票交易日即成剩撤买——错误的价格(价格10亿)
2020-06-24 10:28:49,537-myloger-WARNING-执行结果为True,,
2020-06-24 10:28:49,554-myloger-WARNING-深圳Ａ股股票交易日五档即成转撤销买——错误的价格(价格<0)
2020-06-24 10:28:49,810-myloger-WARNING-执行结果为True,,
2020-06-24 10:28:49,826-myloger-WARNING-深圳Ａ股股票交易日五档即成转撤销买——错误的数量(数量<0)
2020-06-24 10:28:50,068-myloger-WARNING-执行结果为True,,
2020-06-24 10:28:50,084-myloger-WARNING-深圳Ａ股股票交易日五档即成转撤销卖——错误的价格(价格<0)
2020-06-24 10:28:50,325-myloger-WARNING-执行结果为True,,
2020-06-24 10:28:50,341-myloger-WARNING-深圳Ａ股股票交易日五档即成转撤销卖——错误的数量(数量<0)
2020-06-24 10:28:50,608-myloger-WARNING-执行结果为True,,
2020-06-24 10:28:50,624-myloger-WARNING-深圳Ａ股股票交易日全部成交或撤销买——错误的价格(价格<0)
2020-06-24 10:28:50,861-myloger-WARNING-执行结果为True,,
2020-06-24 10:28:50,862-myloger-WARNING-深圳Ａ股股票交易日即成剩撤买——金额溢出（总金额>10亿）
2020-06-24 10:28:51,976-myloger-WARNING-执行结果为True,,
2020-06-24 10:28:51,977-myloger-WARNING-即成剩撤卖--已成（费用>min）
2020-06-24 10:28:53,201-myloger-WARNING-执行结果为True,,
2020-06-24 10:28:53,201-myloger-WARNING-即成剩撤卖--已成（费用=min）
2020-06-24 10:28:54,465-myloger-WARNING-执行结果为True,,
2020-06-24 10:28:54,465-myloger-WARNING-即成剩撤卖--已成（费用<min）
2020-06-24 10:28:55,704-myloger-WARNING-执行结果为True,,
2020-06-24 10:28:55,704-myloger-WARNING-深A即成剩撤卖（卖出数量=可用股份数）
2020-06-24 10:28:56,917-myloger-WARNING-执行结果为True,,
2020-06-24 10:28:56,933-myloger-WARNING-深圳Ａ股股票交易日全部成交或撤销买——错误的数量(数量<0)
2020-06-24 10:28:57,190-myloger-WARNING-执行结果为True,,
2020-06-24 10:28:57,206-myloger-WARNING-深圳Ａ股股票交易日全部成交或撤销卖——错误的价格(价格<0)
2020-06-24 10:28:57,492-myloger-WARNING-执行结果为True,,
2020-06-24 10:28:57,508-myloger-WARNING-深圳Ａ股股票交易日全部成交或撤销卖——错误的数量(数量<0)
2020-06-24 10:28:57,784-myloger-WARNING-执行结果为True,,
2020-06-24 10:28:57,800-myloger-WARNING-深圳Ａ股股票交易日本方最优买——错误的价格(价格<0)
2020-06-24 10:28:58,052-myloger-WARNING-执行结果为True,,
2020-06-24 10:28:58,068-myloger-WARNING-深圳Ａ股股票交易日本方最优买——错误的数量(数量<0)
2020-06-24 10:28:58,328-myloger-WARNING-执行结果为True,,
2020-06-24 10:28:58,344-myloger-WARNING-深圳Ａ股股票交易日本方最优卖——错误的价格(价格<0)
2020-06-24 10:28:58,611-myloger-WARNING-执行结果为True,,
2020-06-24 10:28:58,628-myloger-WARNING-深圳Ａ股股票交易日本方最优卖——错误的数量(数量<0)
2020-06-24 10:28:58,870-myloger-WARNING-执行结果为True,,
2020-06-24 10:28:58,887-myloger-WARNING-深圳Ａ股股票交易日对方最优转限价买——错误的价格(价格<0)
2020-06-24 10:28:59,130-myloger-WARNING-执行结果为True,,
2020-06-24 10:28:59,146-myloger-WARNING-深圳Ａ股股票交易日对方最优转限价买——错误的数量(数量<0)
2020-06-24 10:28:59,411-myloger-WARNING-执行结果为True,,
2020-06-24 10:28:59,412-myloger-WARNING-深圳Ａ股股票交易日即成剩撤卖——金额溢出（总金额>10亿）
2020-06-24 10:29:00,640-myloger-WARNING-执行结果为True,,
2020-06-24 10:29:00,667-myloger-WARNING-深圳Ａ股股票交易日对方最优转限价卖——错误的价格(价格<0)
2020-06-24 10:29:00,967-myloger-WARNING-执行结果为True,,
2020-06-24 10:29:00,968-myloger-WARNING-交易日即成剩撤卖-最后一次卖为非100的倍数
2020-06-24 10:29:02,192-myloger-WARNING-执行结果为True,,
2020-06-24 10:29:02,192-myloger-WARNING-交易日即成剩撤卖-先卖零头股再卖整数股
2020-06-24 10:29:03,432-myloger-WARNING-执行结果为True,,
2020-06-24 10:29:03,433-myloger-WARNING-交易日即成剩撤卖-先卖零头股再卖整数股
2020-06-24 10:29:04,668-myloger-WARNING-执行结果为True,,
2020-06-24 10:29:04,668-myloger-WARNING-交易日即成剩撤卖-先卖整数股再卖零头股
2020-06-24 10:29:05,923-myloger-WARNING-执行结果为True,,
2020-06-24 10:29:05,924-myloger-WARNING-交易日即成剩撤卖-先卖整数股再卖零头股
2020-06-24 10:29:07,166-myloger-WARNING-执行结果为True,,
2020-06-24 10:29:07,166-myloger-WARNING-交易日即成剩撤卖-先卖含零头股的部分再卖整数股
2020-06-24 10:29:08,425-myloger-WARNING-执行结果为True,,
2020-06-24 10:29:08,425-myloger-WARNING-交易日即成剩撤卖-先卖含零头股的部分再卖整数股
2020-06-24 10:29:09,654-myloger-WARNING-执行结果为True,,
2020-06-24 10:29:09,654-myloger-WARNING-交易日即成剩撤卖-先卖整数股再卖含零头股的部分
2020-06-24 10:29:10,924-myloger-WARNING-执行结果为True,,
2020-06-24 10:29:10,924-myloger-WARNING-交易日即成剩撤卖-先卖整数股再卖含零头股的部分
2020-06-24 10:29:12,139-myloger-WARNING-执行结果为True,,
2020-06-24 10:29:12,140-myloger-WARNING-交易日即成剩撤-T+0卖→T+0买
2020-06-24 10:29:13,358-myloger-WARNING-执行结果为True,,
2020-06-24 10:29:13,358-myloger-WARNING-交易日即成剩撤-T+0卖→T+0买
2020-06-24 10:29:14,508-myloger-WARNING-执行结果为True,,
2020-06-24 10:29:14,509-myloger-WARNING-交易日即成剩撤-T+0买→T+0卖（未持有证券代码）
2020-06-24 10:29:15,678-myloger-WARNING-执行结果为True,,
2020-06-24 10:29:15,704-myloger-WARNING-交易日即成剩撤-T+0买→T+0卖（未持有证券代码）
2020-06-24 10:29:16,845-myloger-WARNING-执行结果为True,,
2020-06-24 10:29:16,846-myloger-WARNING-交易日即成剩撤-T+0买→T+0卖失败（已持有证券代码）
2020-06-24 10:29:17,962-myloger-WARNING-执行结果为True,,
2020-06-24 10:29:17,979-myloger-WARNING-交易日即成剩撤-T+0买→T+0卖失败（已持有证券代码）
2020-06-24 10:29:19,222-myloger-WARNING-执行结果为True,,
2020-06-24 10:29:19,222-myloger-WARNING-交易日即成剩撤-T+0买→T+0卖（已持有证券代码）
2020-06-24 10:29:20,339-myloger-WARNING-执行结果为True,,
2020-06-24 10:29:20,340-myloger-WARNING-交易日即成剩撤-T+0买→T+0卖（已持有证券代码）
2020-06-24 10:29:21,597-myloger-WARNING-执行结果为True,,
2020-06-24 10:29:21,597-myloger-WARNING-五档即成转撤销买--已成（费用>min）
2020-06-24 10:29:22,739-myloger-WARNING-执行结果为True,,
2020-06-24 10:29:22,739-myloger-WARNING-五档即成转撤销买--已成（费用=min）
2020-06-24 10:29:23,862-myloger-WARNING-执行结果为True,,
2020-06-24 10:29:23,863-myloger-WARNING-五档即成转撤销买--已成（费用<min）
2020-06-24 10:29:24,979-myloger-WARNING-执行结果为True,,
2020-06-24 10:29:24,979-myloger-WARNING-五档即成转撤销买-买前有持仓
2020-06-24 10:29:26,094-myloger-WARNING-执行结果为True,,
2020-06-24 10:29:26,111-myloger-WARNING-深圳Ａ股股票交易日对方最优转限价卖——错误的数量(数量<0)
2020-06-24 10:29:26,386-myloger-WARNING-执行结果为True,,
2020-06-24 10:29:26,402-myloger-WARNING-深圳Ａ股股票交易日即成剩撤买——不存在的证券代码
2020-06-24 10:29:27,489-myloger-WARNING-执行结果为True,,
2020-06-24 10:29:27,516-myloger-WARNING-深圳Ａ股股票交易日即成剩撤卖——不存在的证券代码
2020-06-24 10:29:28,608-myloger-WARNING-执行结果为True,,
2020-06-24 10:29:28,631-myloger-WARNING-深圳Ａ股股票交易日五档即成转撤销买——不存在的证券代码
2020-06-24 10:29:29,730-myloger-WARNING-执行结果为True,,
2020-06-24 10:29:29,730-myloger-WARNING-深圳Ａ股股票交易日五档即成转撤销买——错误的价格(价格10亿)
2020-06-24 10:29:30,999-myloger-WARNING-执行结果为True,,
2020-06-24 10:29:31,016-myloger-WARNING-深圳Ａ股股票交易日五档即成转撤销卖——不存在的证券代码
2020-06-24 10:29:32,104-myloger-WARNING-执行结果为True,,
2020-06-24 10:29:32,120-myloger-WARNING-深圳Ａ股股票交易日全部成交或撤销买——不存在的证券代码
2020-06-24 10:29:33,206-myloger-WARNING-执行结果为True,,
2020-06-24 10:29:33,222-myloger-WARNING-深圳Ａ股股票交易日全部成交或撤销卖——不存在的证券代码
2020-06-24 10:29:34,310-myloger-WARNING-执行结果为True,,
2020-06-24 10:29:34,326-myloger-WARNING-深圳Ａ股股票交易日本方最优买——不存在的证券代码
2020-06-24 10:29:35,436-myloger-WARNING-执行结果为True,,
2020-06-24 10:29:35,453-myloger-WARNING-深圳Ａ股股票交易日本方最优卖——不存在的证券代码
2020-06-24 10:29:36,581-myloger-WARNING-执行结果为True,,
2020-06-24 10:29:36,582-myloger-WARNING-深圳Ａ股股票交易日五档即成转撤销买——金额溢出（总金额>10亿）
2020-06-24 10:29:37,702-myloger-WARNING-执行结果为True,,
2020-06-24 10:29:37,702-myloger-WARNING-五档即成转撤销卖--已成（费用>min）
2020-06-24 10:29:38,925-myloger-WARNING-执行结果为True,,
2020-06-24 10:29:38,925-myloger-WARNING-五档即成转撤销卖--已成（费用=min）
2020-06-24 10:29:40,164-myloger-WARNING-执行结果为True,,
2020-06-24 10:29:40,165-myloger-WARNING-五档即成转撤销卖--已成（费用<min）
2020-06-24 10:29:41,383-myloger-WARNING-执行结果为True,,
2020-06-24 10:29:41,384-myloger-WARNING-深A五档即成转撤销卖（卖出数量=可用股份数）
2020-06-24 10:29:42,620-myloger-WARNING-执行结果为True,,
2020-06-24 10:29:42,642-myloger-WARNING-深圳Ａ股股票交易日对方最优转限价买——不存在的证券代码
2020-06-24 10:29:43,733-myloger-WARNING-执行结果为True,,
2020-06-24 10:29:43,750-myloger-WARNING-深圳Ａ股股票交易日对方最优转限价卖——不存在的证券代码
2020-06-24 10:29:44,876-myloger-WARNING-执行结果为True,,
2020-06-24 10:29:44,893-myloger-WARNING-深圳Ａ股股票交易日即成剩撤买——错误的数量(数量=0)
2020-06-24 10:29:46,137-myloger-WARNING-执行结果为True,,
2020-06-24 10:29:46,153-myloger-WARNING-深圳Ａ股股票交易日即成剩撤买——错误的数量(数量>100万)
2020-06-24 10:29:47,421-myloger-WARNING-执行结果为True,,
2020-06-24 10:29:47,441-myloger-WARNING-深圳Ａ股股票交易日即成剩撤买——数量溢出（100亿）
2020-06-24 10:29:48,710-myloger-WARNING-执行结果为True,,
2020-06-24 10:29:48,726-myloger-WARNING-深圳Ａ股股票交易日即成剩撤卖——错误的数量(数量=0)
2020-06-24 10:29:50,008-myloger-WARNING-执行结果为True,,
2020-06-24 10:29:50,024-myloger-WARNING-深圳Ａ股股票交易日即成剩撤卖——错误的数量(数量>100万)
2020-06-24 10:29:51,297-myloger-WARNING-执行结果为True,,
2020-06-24 10:29:51,314-myloger-WARNING-深圳Ａ股股票交易日即成剩撤卖——数量溢出（100亿）
2020-06-24 10:29:52,575-myloger-WARNING-执行结果为True,,
2020-06-24 10:29:52,592-myloger-WARNING-深圳Ａ股股票交易日五档即成转撤销买——错误的数量(数量=0)
2020-06-24 10:29:53,889-myloger-WARNING-执行结果为True,,
2020-06-24 10:29:53,890-myloger-WARNING-深圳Ａ股股票交易日五档即成转撤销卖——金额溢出（总金额>10亿）
2020-06-24 10:29:55,132-myloger-WARNING-执行结果为True,,
2020-06-24 10:29:55,149-myloger-WARNING-深圳Ａ股股票交易日五档即成转撤销买——错误的数量(数量>100万)
2020-06-24 10:29:56,389-myloger-WARNING-执行结果为True,,
2020-06-24 10:29:56,389-myloger-WARNING-交易日五档即成转撤销卖-最后一次卖为非100的倍数
2020-06-24 10:29:57,627-myloger-WARNING-执行结果为True,,
2020-06-24 10:29:57,627-myloger-WARNING-交易日五档即成转撤销卖-先卖零头股再卖整数股
2020-06-24 10:29:58,874-myloger-WARNING-执行结果为True,,
2020-06-24 10:29:58,874-myloger-WARNING-交易日五档即成转撤销卖-先卖零头股再卖整数股
2020-06-24 10:30:00,106-myloger-WARNING-执行结果为True,,
2020-06-24 10:30:00,107-myloger-WARNING-交易日五档即成转撤销卖-先卖整数股再卖零头股
2020-06-24 10:30:01,334-myloger-WARNING-执行结果为True,,
2020-06-24 10:30:01,335-myloger-WARNING-交易日五档即成转撤销卖-先卖整数股再卖零头股
2020-06-24 10:30:02,584-myloger-WARNING-执行结果为True,,
2020-06-24 10:30:02,585-myloger-WARNING-交易日五档即成转撤销卖-先卖含零头股的部分再卖整数股
2020-06-24 10:30:03,829-myloger-WARNING-执行结果为True,,
2020-06-24 10:30:03,830-myloger-WARNING-交易日五档即成转撤销卖-先卖含零头股的部分再卖整数股
2020-06-24 10:30:05,047-myloger-WARNING-执行结果为True,,
2020-06-24 10:30:05,048-myloger-WARNING-交易日五档即成转撤销卖-先卖整数股再卖含零头股的部分
2020-06-24 10:30:06,298-myloger-WARNING-执行结果为True,,
2020-06-24 10:30:06,299-myloger-WARNING-交易日五档即成转撤销卖-先卖整数股再卖含零头股的部分
2020-06-24 10:30:07,539-myloger-WARNING-执行结果为True,,
2020-06-24 10:30:07,540-myloger-WARNING-交易日五档即成转撤销-T+0卖→T+0买
2020-06-24 10:30:08,774-myloger-WARNING-执行结果为True,,
2020-06-24 10:30:08,775-myloger-WARNING-交易日五档即成转撤销-T+0卖→T+0买
2020-06-24 10:30:09,892-myloger-WARNING-执行结果为True,,
2020-06-24 10:30:09,892-myloger-WARNING-交易日五档即成转撤销-T+0买→T+0卖（未持有证券代码）
2020-06-24 10:30:11,007-myloger-WARNING-执行结果为True,,
2020-06-24 10:30:11,024-myloger-WARNING-交易日五档即成转撤销-T+0买→T+0卖（未持有证券代码）
2020-06-24 10:30:12,140-myloger-WARNING-执行结果为True,,
2020-06-24 10:30:12,140-myloger-WARNING-交易日五档即成转撤销-T+0买→T+0卖失败（已持有证券代码）
2020-06-24 10:30:13,277-myloger-WARNING-执行结果为True,,
2020-06-24 10:30:13,294-myloger-WARNING-交易日五档即成转撤销-T+0买→T+0卖失败（已持有证券代码）
2020-06-24 10:30:14,512-myloger-WARNING-执行结果为True,,
2020-06-24 10:30:14,512-myloger-WARNING-交易日五档即成转撤销-T+0买→T+0卖（已持有证券代码）
2020-06-24 10:30:15,641-myloger-WARNING-执行结果为True,,
2020-06-24 10:30:15,642-myloger-WARNING-交易日五档即成转撤销-T+0买→T+0卖（已持有证券代码）
2020-06-24 10:30:16,888-myloger-WARNING-执行结果为True,,
2020-06-24 10:30:16,888-myloger-WARNING-全部成交或撤销买--已成（费用>min）
2020-06-24 10:30:18,004-myloger-WARNING-执行结果为True,,
2020-06-24 10:30:18,005-myloger-WARNING-全部成交或撤销买--已成（费用<min）
2020-06-24 10:30:19,120-myloger-WARNING-执行结果为True,,
2020-06-24 10:30:19,120-myloger-WARNING-全部成交或撤销买-买前有持仓
2020-06-24 10:30:20,234-myloger-WARNING-执行结果为True,,
2020-06-24 10:30:20,250-myloger-WARNING-深圳Ａ股股票交易日五档即成转撤销买——数量溢出（100亿）
2020-06-24 10:30:21,516-myloger-WARNING-执行结果为True,,
2020-06-24 10:30:21,535-myloger-WARNING-深圳Ａ股股票交易日五档即成转撤销卖——错误的数量(数量=0)
2020-06-24 10:30:22,808-myloger-WARNING-执行结果为True,,
2020-06-24 10:30:22,834-myloger-WARNING-深圳Ａ股股票交易日五档即成转撤销卖——错误的数量(数量>100万)
2020-06-24 10:30:24,157-myloger-WARNING-执行结果为True,,
2020-06-24 10:30:24,173-myloger-WARNING-深圳Ａ股股票交易日五档即成转撤销卖——数量溢出（100亿）
2020-06-24 10:30:25,414-myloger-WARNING-执行结果为True,,
2020-06-24 10:30:25,414-myloger-WARNING-深圳Ａ股股票交易日全部成交或撤销买——错误的价格(价格10亿)
2020-06-24 10:30:26,680-myloger-WARNING-执行结果为True,,
2020-06-24 10:30:26,696-myloger-WARNING-深圳Ａ股股票交易日全部成交或撤销买——错误的数量(数量=0)
2020-06-24 10:30:27,937-myloger-WARNING-执行结果为True,,
2020-06-24 10:30:27,953-myloger-WARNING-深圳Ａ股股票交易日全部成交或撤销买——错误的数量(数量>100万)
2020-06-24 10:30:29,293-myloger-WARNING-执行结果为True,,
2020-06-24 10:30:29,309-myloger-WARNING-深圳Ａ股股票交易日全部成交或撤销买——数量溢出（100亿）
2020-06-24 10:30:30,562-myloger-WARNING-执行结果为True,,
2020-06-24 10:30:30,580-myloger-WARNING-深圳Ａ股股票交易日全部成交或撤销卖——错误的数量(数量=0)
2020-06-24 10:30:31,909-myloger-WARNING-执行结果为True,,
2020-06-24 10:30:31,926-myloger-WARNING-深圳Ａ股股票交易日全部成交或撤销卖——错误的数量(数量>100万)
2020-06-24 10:30:33,182-myloger-WARNING-执行结果为True,,
2020-06-24 10:30:33,182-myloger-WARNING-深圳Ａ股股票交易日全部成交或撤销买——金额溢出（总金额>10亿）
2020-06-24 10:30:34,312-myloger-WARNING-执行结果为True,,
2020-06-24 10:30:34,313-myloger-WARNING-全部成交或撤销卖--已成（费用>min）
2020-06-24 10:30:35,576-myloger-WARNING-执行结果为True,,
2020-06-24 10:30:35,577-myloger-WARNING-全部成交或撤销卖--已成（费用=min）
2020-06-24 10:30:36,806-myloger-WARNING-执行结果为True,,
2020-06-24 10:30:36,806-myloger-WARNING-全部成交或撤销卖--已成（费用<min）
2020-06-24 10:30:38,049-myloger-WARNING-执行结果为True,,
2020-06-24 10:30:38,049-myloger-WARNING-深A全部成交或撤销卖（卖出数量=可用股份数）
2020-06-24 10:30:39,339-myloger-WARNING-执行结果为True,,
2020-06-24 10:30:39,355-myloger-WARNING-深圳Ａ股股票交易日全部成交或撤销卖——数量溢出（100亿）
2020-06-24 10:30:40,602-myloger-WARNING-执行结果为True,,
2020-06-24 10:30:40,619-myloger-WARNING-深圳Ａ股股票交易日本方最优买——错误的数量(数量=0)
2020-06-24 10:30:41,867-myloger-WARNING-执行结果为True,,
2020-06-24 10:30:41,883-myloger-WARNING-深圳Ａ股股票交易日本方最优买——错误的数量(数量>100万)
2020-06-24 10:30:43,218-myloger-WARNING-执行结果为True,,
2020-06-24 10:30:43,235-myloger-WARNING-深圳Ａ股股票交易日本方最优买——数量溢出（100亿）
2020-06-24 10:30:44,501-myloger-WARNING-执行结果为True,,
2020-06-24 10:30:44,517-myloger-WARNING-深圳Ａ股股票交易日本方最优卖——错误的数量(数量=0)
2020-06-24 10:30:45,761-myloger-WARNING-执行结果为True,,
2020-06-24 10:30:45,778-myloger-WARNING-深圳Ａ股股票交易日本方最优卖——错误的数量(数量>100万)
2020-06-24 10:30:47,064-myloger-WARNING-执行结果为True,,
2020-06-24 10:30:47,081-myloger-WARNING-深圳Ａ股股票交易日本方最优卖——数量溢出（100亿）
2020-06-24 10:30:48,332-myloger-WARNING-执行结果为True,,
2020-06-24 10:30:48,349-myloger-WARNING-深圳Ａ股股票交易日对方最优转限价买——错误的数量(数量=0)
2020-06-24 10:30:49,590-myloger-WARNING-执行结果为True,,
2020-06-24 10:30:49,606-myloger-WARNING-深圳Ａ股股票交易日对方最优转限价买——错误的数量(数量>100万)
2020-06-24 10:30:50,859-myloger-WARNING-执行结果为True,,
2020-06-24 10:30:50,860-myloger-WARNING-深圳Ａ股股票交易日全部成交或撤销卖——金额溢出（总金额>10亿）
2020-06-24 10:30:52,085-myloger-WARNING-执行结果为True,,
2020-06-24 10:30:52,102-myloger-WARNING-深圳Ａ股股票交易日对方最优转限价买——数量溢出（100亿）
2020-06-24 10:30:53,343-myloger-WARNING-执行结果为True,,
2020-06-24 10:30:53,344-myloger-WARNING-交易日全部成交或撤销卖-最后一次卖为非100的倍数
2020-06-24 10:30:54,611-myloger-WARNING-执行结果为True,,
2020-06-24 10:30:54,611-myloger-WARNING-交易日全部成交或撤销卖-先卖零头股再卖整数股
2020-06-24 10:30:55,837-myloger-WARNING-执行结果为True,,
2020-06-24 10:30:55,838-myloger-WARNING-交易日全部成交或撤销卖-先卖零头股再卖整数股
2020-06-24 10:30:57,056-myloger-WARNING-执行结果为True,,
2020-06-24 10:30:57,057-myloger-WARNING-交易日全部成交或撤销卖-先卖整数股再卖零头股
2020-06-24 10:30:58,277-myloger-WARNING-执行结果为True,,
2020-06-24 10:30:58,278-myloger-WARNING-交易日全部成交或撤销卖-先卖整数股再卖零头股
2020-06-24 10:30:59,542-myloger-WARNING-执行结果为True,,
2020-06-24 10:30:59,543-myloger-WARNING-交易日全部成交或撤销卖-先卖含零头股的部分再卖整数股
2020-06-24 10:31:00,773-myloger-WARNING-执行结果为True,,
2020-06-24 10:31:00,774-myloger-WARNING-交易日全部成交或撤销卖-先卖含零头股的部分再卖整数股
2020-06-24 10:31:01,997-myloger-WARNING-执行结果为True,,
2020-06-24 10:31:01,998-myloger-WARNING-交易日全部成交或撤销卖-先卖整数股再卖含零头股的部分
2020-06-24 10:31:03,264-myloger-WARNING-执行结果为True,,
2020-06-24 10:31:03,265-myloger-WARNING-交易日全部成交或撤销卖-先卖整数股再卖含零头股的部分
2020-06-24 10:31:04,488-myloger-WARNING-执行结果为True,,
2020-06-24 10:31:04,489-myloger-WARNING-交易日全部成交或撤销-T+0卖→T+0买
2020-06-24 10:31:05,716-myloger-WARNING-执行结果为True,,
2020-06-24 10:31:05,717-myloger-WARNING-交易日全部成交或撤销-T+0卖→T+0买
2020-06-24 10:31:06,839-myloger-WARNING-执行结果为True,,
2020-06-24 10:31:06,839-myloger-WARNING-交易日全部成交或撤销-T+0买→T+0卖（未持有证券代码）
2020-06-24 10:31:07,957-myloger-WARNING-执行结果为True,,
2020-06-24 10:31:07,975-myloger-WARNING-交易日全部成交或撤销-T+0买→T+0卖（未持有证券代码）
2020-06-24 10:31:09,107-myloger-WARNING-执行结果为True,,
2020-06-24 10:31:09,108-myloger-WARNING-交易日全部成交或撤销-T+0买→T+0卖失败（已持有证券代码）
2020-06-24 10:31:10,233-myloger-WARNING-执行结果为True,,
2020-06-24 10:31:10,249-myloger-WARNING-交易日全部成交或撤销-T+0买→T+0卖失败（已持有证券代码）
2020-06-24 10:31:11,468-myloger-WARNING-执行结果为True,,
2020-06-24 10:31:11,469-myloger-WARNING-交易日全部成交或撤销-T+0买→T+0卖（已持有证券代码）
2020-06-24 10:31:12,586-myloger-WARNING-执行结果为True,,
2020-06-24 10:31:12,587-myloger-WARNING-交易日全部成交或撤销-T+0买→T+0卖（已持有证券代码）
2020-06-24 10:31:13,805-myloger-WARNING-执行结果为True,,
2020-06-24 10:31:13,805-myloger-WARNING-本方最优买--已成（费用>min）
2020-06-24 10:31:14,921-myloger-WARNING-执行结果为True,,
2020-06-24 10:31:14,922-myloger-WARNING-本方最优买--已成（费用=min）
2020-06-24 10:31:16,063-myloger-WARNING-执行结果为True,,
2020-06-24 10:31:16,064-myloger-WARNING-本方最优买--已成（费用<min）
2020-06-24 10:31:17,195-myloger-WARNING-执行结果为True,,
2020-06-24 10:31:17,196-myloger-WARNING-本方最优买-买前有持仓
2020-06-24 10:31:18,332-myloger-WARNING-执行结果为True,,
2020-06-24 10:31:18,349-myloger-WARNING-深圳Ａ股股票交易日对方最优转限价卖——错误的数量(数量=0)
2020-06-24 10:31:19,598-myloger-WARNING-执行结果为True,,
2020-06-24 10:31:19,614-myloger-WARNING-深圳Ａ股股票交易日对方最优转限价卖——错误的数量(数量>100万)
2020-06-24 10:31:20,881-myloger-WARNING-执行结果为True,,
2020-06-24 10:31:20,898-myloger-WARNING-深圳Ａ股股票交易日对方最优转限价卖——数量溢出（100亿）
2020-06-24 10:31:22,158-myloger-WARNING-执行结果为True,,
2020-06-24 10:31:22,175-myloger-WARNING-深圳Ａ股股票交易日即成剩撤买——错误的市场
2020-06-24 10:31:23,486-myloger-WARNING-执行结果为True,,
2020-06-24 10:31:23,487-myloger-WARNING-深圳Ａ股股票交易日本方最优买——错误的价格(价格10亿)
2020-06-24 10:31:24,731-myloger-WARNING-执行结果为True,,
2020-06-24 10:31:24,747-myloger-WARNING-深圳Ａ股股票交易日即成剩撤卖——错误的市场
2020-06-24 10:31:26,027-myloger-WARNING-执行结果为True,,
2020-06-24 10:31:26,043-myloger-WARNING-深圳Ａ股股票交易日五档即成转撤销买——错误的市场
2020-06-24 10:31:27,303-myloger-WARNING-执行结果为True,,
2020-06-24 10:31:27,319-myloger-WARNING-深圳Ａ股股票交易日五档即成转撤销卖——错误的市场
2020-06-24 10:31:28,587-myloger-WARNING-执行结果为True,,
2020-06-24 10:31:28,619-myloger-WARNING-深圳Ａ股股票交易日全部成交或撤销买——错误的市场
2020-06-24 10:31:29,897-myloger-WARNING-执行结果为True,,
2020-06-24 10:31:29,923-myloger-WARNING-深圳Ａ股股票交易日全部成交或撤销卖——错误的市场
2020-06-24 10:31:31,208-myloger-WARNING-执行结果为True,,
2020-06-24 10:31:31,208-myloger-WARNING-深圳Ａ股股票交易日本方最优买——金额溢出（总金额>10亿）
2020-06-24 10:31:32,343-myloger-WARNING-执行结果为True,,
2020-06-24 10:31:32,343-myloger-WARNING-本方最优卖--已成（费用>min）
2020-06-24 10:31:33,586-myloger-WARNING-执行结果为True,,
2020-06-24 10:31:33,586-myloger-WARNING-本方最优卖--已成（费用=min）
2020-06-24 10:31:34,826-myloger-WARNING-执行结果为True,,
2020-06-24 10:31:34,826-myloger-WARNING-本方最优卖--已成（费用<min）
2020-06-24 10:31:36,085-myloger-WARNING-执行结果为True,,
2020-06-24 10:31:36,086-myloger-WARNING-深A本方最优卖（卖出数量=可用股份数）
2020-06-24 10:31:39,350-myloger-WARNING-执行结果为True,,
2020-06-24 10:31:39,368-myloger-WARNING-深圳Ａ股股票交易日本方最优买——错误的市场
2020-06-24 10:31:40,638-myloger-WARNING-执行结果为True,,
2020-06-24 10:31:40,656-myloger-WARNING-深圳Ａ股股票交易日本方最优卖——错误的市场
2020-06-24 10:31:41,929-myloger-WARNING-执行结果为True,,
2020-06-24 10:31:41,948-myloger-WARNING-深圳Ａ股股票交易日对方最优转限价买——错误的市场
2020-06-24 10:31:43,208-myloger-WARNING-执行结果为True,,
2020-06-24 10:31:43,233-myloger-WARNING-深圳Ａ股股票交易日对方最优转限价卖——错误的市场
2020-06-24 10:31:44,511-myloger-WARNING-执行结果为True,,
2020-06-24 10:31:44,527-myloger-WARNING-深圳Ａ股股票交易日即成剩撤卖-错误的买卖方向（新增）
2020-06-24 10:31:45,782-myloger-WARNING-执行结果为True,,
2020-06-24 10:31:45,798-myloger-WARNING-深圳Ａ股股票交易日五档即成转撤销卖-错误的买卖方向（新增）
2020-06-24 10:31:47,043-myloger-WARNING-执行结果为True,,
2020-06-24 10:31:47,059-myloger-WARNING-深圳Ａ股股票全部成交或撤销卖-错误的买卖方向（新增）
2020-06-24 10:31:48,375-myloger-WARNING-执行结果为True,,
2020-06-24 10:31:48,392-myloger-WARNING-深圳Ａ股股票交易日本方最优卖-错误的买卖方向（新增）
2020-06-24 10:31:49,650-myloger-WARNING-执行结果为True,,
2020-06-24 10:31:49,666-myloger-WARNING-深圳Ａ股股票交易日对方最优转限价卖-错误的买卖方向（新增）
2020-06-24 10:31:50,914-myloger-WARNING-执行结果为True,,
2020-06-24 10:31:50,914-myloger-WARNING-深圳Ａ股股票交易日本方最优卖——金额溢出（总金额>10亿）
2020-06-24 10:31:52,129-myloger-WARNING-执行结果为True,,
2020-06-24 10:31:52,145-myloger-WARNING-即成剩撤买-全成再撤单(OMS)
2020-06-24 10:31:54,418-myloger-WARNING-执行结果为True,,
2020-06-24 10:31:54,419-myloger-WARNING-交易日本方最优卖-最后一次卖为非100的倍数
2020-06-24 10:31:55,663-myloger-WARNING-执行结果为True,,
2020-06-24 10:31:55,664-myloger-WARNING-交易日本方最优卖-先卖零头股再卖整数股
2020-06-24 10:31:56,894-myloger-WARNING-执行结果为True,,
2020-06-24 10:31:56,894-myloger-WARNING-交易日本方最优卖-先卖零头股再卖整数股
2020-06-24 10:31:58,134-myloger-WARNING-执行结果为True,,
2020-06-24 10:31:58,135-myloger-WARNING-交易日本方最优卖-先卖整数股再卖零头股
2020-06-24 10:31:59,408-myloger-WARNING-执行结果为True,,
2020-06-24 10:31:59,408-myloger-WARNING-交易日本方最优卖-先卖整数股再卖零头股
2020-06-24 10:32:00,632-myloger-WARNING-执行结果为True,,
2020-06-24 10:32:00,632-myloger-WARNING-交易日本方最优卖-先卖含零头股的部分再卖整数股
2020-06-24 10:32:01,849-myloger-WARNING-执行结果为True,,
2020-06-24 10:32:01,849-myloger-WARNING-交易日本方最优卖-先卖含零头股的部分再卖整数股
2020-06-24 10:32:03,065-myloger-WARNING-执行结果为True,,
2020-06-24 10:32:03,065-myloger-WARNING-交易日本方最优卖-先卖整数股再卖含零头股的部分
2020-06-24 10:32:04,296-myloger-WARNING-执行结果为True,,
2020-06-24 10:32:04,297-myloger-WARNING-交易日本方最优卖-先卖整数股再卖含零头股的部分
2020-06-24 10:32:05,524-myloger-WARNING-执行结果为True,,
2020-06-24 10:32:05,525-myloger-WARNING-交易日本方最优-T+0卖→T+0买
2020-06-24 10:32:06,739-myloger-WARNING-执行结果为True,,
2020-06-24 10:32:06,740-myloger-WARNING-交易日本方最优-T+0卖→T+0买
2020-06-24 10:32:07,856-myloger-WARNING-执行结果为True,,
2020-06-24 10:32:07,856-myloger-WARNING-交易日本方最优-T+0买→T+0卖（未持有证券代码）
2020-06-24 10:32:08,973-myloger-WARNING-执行结果为True,,
2020-06-24 10:32:09,001-myloger-WARNING-交易日本方最优-T+0买→T+0卖（未持有证券代码）
2020-06-24 10:32:10,118-myloger-WARNING-执行结果为True,,
2020-06-24 10:32:10,119-myloger-WARNING-交易日本方最优-T+0买→T+0卖失败（已持有证券代码）
2020-06-24 10:32:11,343-myloger-WARNING-执行结果为True,,
2020-06-24 10:32:11,362-myloger-WARNING-交易日本方最优-T+0买→T+0卖失败（已持有证券代码）
2020-06-24 10:32:12,607-myloger-WARNING-执行结果为True,,
2020-06-24 10:32:12,607-myloger-WARNING-交易日本方最优-T+0买→T+0卖（已持有证券代码）
2020-06-24 10:32:13,723-myloger-WARNING-执行结果为True,,
2020-06-24 10:32:13,724-myloger-WARNING-交易日本方最优-T+0买→T+0卖（已持有证券代码）
2020-06-24 10:32:14,959-myloger-WARNING-执行结果为True,,
2020-06-24 10:32:14,960-myloger-WARNING-对方最优转限价买--已成（费用>min）
2020-06-24 10:32:16,079-myloger-WARNING-执行结果为True,,
2020-06-24 10:32:16,079-myloger-WARNING-对方最优转限价买--已成（费用=min）
2020-06-24 10:32:17,198-myloger-WARNING-执行结果为True,,
2020-06-24 10:32:17,199-myloger-WARNING-对方最优转限价买--已成（费用<min）
2020-06-24 10:32:18,314-myloger-WARNING-执行结果为True,,
2020-06-24 10:32:18,314-myloger-WARNING-对方最优转限价买-买前有持仓
2020-06-24 10:32:19,460-myloger-WARNING-执行结果为True,,
2020-06-24 10:32:19,480-myloger-WARNING-五档即成转撤销买-全成再撤单(OMS)
2020-06-24 10:32:21,760-myloger-WARNING-执行结果为True,,
2020-06-24 10:32:21,776-myloger-WARNING-全部成交或撤销买-全成再撤单(OMS)
2020-06-24 10:32:24,021-myloger-WARNING-执行结果为True,,
2020-06-24 10:32:24,037-myloger-WARNING-本方最优买-全成再撤单(OMS)
2020-06-24 10:32:26,310-myloger-WARNING-执行结果为True,,
2020-06-24 10:32:26,327-myloger-WARNING-对方最优转限价买-全成再撤单(OMS)
2020-06-24 10:32:28,589-myloger-WARNING-执行结果为True,,
2020-06-24 10:32:28,589-myloger-WARNING-深圳Ａ股股票交易日对方最优转限价买——错误的价格(价格10亿)
2020-06-24 10:32:29,848-myloger-WARNING-执行结果为True,,
2020-06-24 10:32:29,865-myloger-WARNING-即成剩撤卖-全成再撤单(OMS)
2020-06-24 10:32:32,185-myloger-WARNING-执行结果为True,,
2020-06-24 10:32:32,213-myloger-WARNING-五档即成转撤销卖-全成再撤单(OMS)
2020-06-24 10:32:34,561-myloger-WARNING-执行结果为True,,
2020-06-24 10:32:34,578-myloger-WARNING-全部成交或撤销卖-全成再撤单(OMS)
2020-06-24 10:32:36,847-myloger-WARNING-执行结果为True,,
2020-06-24 10:32:36,864-myloger-WARNING-本方最优卖-全成再撤单(OMS)
2020-06-24 10:32:39,162-myloger-WARNING-执行结果为True,,
2020-06-24 10:32:39,180-myloger-WARNING-对方最优转限价卖-全成再撤单(OMS)
2020-06-24 10:32:41,511-myloger-WARNING-执行结果为True,,
2020-06-24 10:32:41,512-myloger-WARNING-深圳Ａ股股票交易日对方最优转限价买——金额溢出（总金额>10亿）
2020-06-24 10:32:42,630-myloger-WARNING-执行结果为True,,
2020-06-24 10:32:42,630-myloger-WARNING-对方最优转限价卖--已成（费用>min）
2020-06-24 10:32:43,890-myloger-WARNING-执行结果为True,,
2020-06-24 10:32:43,891-myloger-WARNING-对方最优转限价卖--已成（费用=min）
2020-06-24 10:32:45,110-myloger-WARNING-执行结果为True,,
2020-06-24 10:32:45,111-myloger-WARNING-对方最优转限价卖--已成（费用<min）
2020-06-24 10:32:46,360-myloger-WARNING-执行结果为True,,
2020-06-24 10:32:46,361-myloger-WARNING-深A对方最优转限价卖（卖出数量=可用股份数）
2020-06-24 10:32:47,624-myloger-WARNING-执行结果为True,,
2020-06-24 10:32:47,643-myloger-WARNING-即成剩撤卖-废单再撤单(OMS)
2020-06-24 10:32:48,889-myloger-WARNING-执行结果为True,,
2020-06-24 10:32:48,905-myloger-WARNING-五档即成转撤销买-废单再撤单(OMS)
2020-06-24 10:32:50,150-myloger-WARNING-执行结果为True,,
2020-06-24 10:32:50,166-myloger-WARNING-五档即成转撤销卖-废单再撤单(OMS)
2020-06-24 10:32:51,418-myloger-WARNING-执行结果为True,,
2020-06-24 10:32:51,434-myloger-WARNING-全部成交或撤销买-废单再撤单(OMS)
2020-06-24 10:32:52,716-myloger-WARNING-执行结果为True,,
2020-06-24 10:32:52,732-myloger-WARNING-全部成交或撤销卖-废单再撤单(OMS)
2020-06-24 10:32:53,992-myloger-WARNING-执行结果为True,,
2020-06-24 10:32:54,009-myloger-WARNING-本方最优买-废单再撤单(OMS)
2020-06-24 10:32:55,250-myloger-WARNING-执行结果为True,,
2020-06-24 10:32:55,268-myloger-WARNING-本方最优卖-废单再撤单(OMS)
2020-06-24 10:32:56,522-myloger-WARNING-执行结果为True,,
2020-06-24 10:32:56,538-myloger-WARNING-对方最优转限价买-废单再撤单(OMS)
2020-06-24 10:32:57,832-myloger-WARNING-执行结果为True,,
2020-06-24 10:32:57,833-myloger-WARNING-深圳Ａ股股票交易日对方最优转限价卖——金额溢出（总金额>10亿）
2020-06-24 10:32:59,109-myloger-WARNING-执行结果为True,,
2020-06-24 10:32:59,125-myloger-WARNING-对方最优转限价卖-废单再撤单(OMS)
2020-06-24 10:33:00,386-myloger-WARNING-执行结果为True,,
2020-06-24 10:33:00,387-myloger-WARNING-交易日对方最优转限价卖-最后一次卖为非100的倍数
2020-06-24 10:33:01,646-myloger-WARNING-执行结果为True,,
2020-06-24 10:33:01,647-myloger-WARNING-交易日对方最优转限价卖-先卖零头股再卖整数股
2020-06-24 10:33:02,878-myloger-WARNING-执行结果为True,,
2020-06-24 10:33:02,878-myloger-WARNING-交易日对方最优转限价卖-先卖零头股再卖整数股
2020-06-24 10:33:04,128-myloger-WARNING-执行结果为True,,
2020-06-24 10:33:04,129-myloger-WARNING-交易日对方最优转限价卖-先卖整数股再卖零头股
2020-06-24 10:33:05,356-myloger-WARNING-执行结果为True,,
2020-06-24 10:33:05,356-myloger-WARNING-交易日对方最优转限价卖-先卖整数股再卖零头股
2020-06-24 10:33:06,582-myloger-WARNING-执行结果为True,,
2020-06-24 10:33:06,583-myloger-WARNING-交易日对方最优转限价卖-先卖含零头股的部分再卖整数股
2020-06-24 10:33:07,822-myloger-WARNING-执行结果为True,,
2020-06-24 10:33:07,823-myloger-WARNING-交易日对方最优转限价卖-先卖含零头股的部分再卖整数股
2020-06-24 10:33:09,040-myloger-WARNING-执行结果为True,,
2020-06-24 10:33:09,040-myloger-WARNING-交易日对方最优转限价卖-先卖整数股再卖含零头股的部分
2020-06-24 10:33:10,267-myloger-WARNING-执行结果为True,,
2020-06-24 10:33:10,267-myloger-WARNING-交易日对方最优转限价卖-先卖整数股再卖含零头股的部分
2020-06-24 10:33:11,498-myloger-WARNING-执行结果为True,,
2020-06-24 10:33:11,499-myloger-WARNING-交易日对方最优转限价-T+0卖→T+0买(风险警示代码)
2020-06-24 10:33:12,753-myloger-WARNING-执行结果为True,,
2020-06-24 10:33:12,754-myloger-WARNING-交易日对方最优转限价-T+0卖→T+0买(风险警示代码)
2020-06-24 10:33:13,880-myloger-WARNING-执行结果为True,,
2020-06-24 10:33:13,880-myloger-WARNING-交易日对方最优转限价-T+0买→T+0卖（未持有证券代码）
2020-06-24 10:33:14,997-myloger-WARNING-执行结果为True,,
2020-06-24 10:33:15,015-myloger-WARNING-交易日对方最优转限价-T+0买→T+0卖（未持有证券代码）
2020-06-24 10:33:16,134-myloger-WARNING-执行结果为True,,
2020-06-24 10:33:16,134-myloger-WARNING-交易日对方最优转限价-T+0买→T+0卖失败（已持有证券代码）
2020-06-24 10:33:17,251-myloger-WARNING-执行结果为True,,
2020-06-24 10:33:17,267-myloger-WARNING-交易日对方最优转限价-T+0买→T+0卖失败（已持有证券代码）
2020-06-24 10:33:18,486-myloger-WARNING-执行结果为True,,
2020-06-24 10:33:18,487-myloger-WARNING-交易日对方最优转限价-T+0买→T+0卖（已持有证券代码）
2020-06-24 10:33:19,609-myloger-WARNING-执行结果为True,,
2020-06-24 10:33:19,610-myloger-WARNING-交易日对方最优转限价-T+0买→T+0卖（已持有证券代码）
2020-06-24 10:33:20,929-myloger-WARNING-执行结果为True,,
2020-06-24 10:33:20,945-myloger-WARNING-即成剩撤买-部撤再撤单(OMS)
2020-06-24 10:33:22,189-myloger-WARNING-执行结果为True,,
2020-06-24 10:33:22,205-myloger-WARNING-即成剩撤卖-部撤再撤单(OMS)
2020-06-24 10:33:23,451-myloger-WARNING-执行结果为True,,
2020-06-24 10:33:23,467-myloger-WARNING-五档即成转撤销买-部撤再撤单(OMS)
2020-06-24 10:33:24,748-myloger-WARNING-执行结果为True,,
2020-06-24 10:33:24,765-myloger-WARNING-五档即成转撤销卖-部撤再撤单(OMS)
2020-06-24 10:33:26,013-myloger-WARNING-执行结果为True,,
2020-06-24 10:33:26,030-myloger-WARNING-本方最优买-部撤再撤单(OMS)
2020-06-24 10:33:28,446-myloger-WARNING-报单查询等待...,xtpID=901029373774142237
2020-06-24 10:33:29,289-myloger-WARNING-执行结果为True,,
2020-06-24 10:33:29,306-myloger-WARNING-本方最优卖-部撤再撤单(OMS)
2020-06-24 10:33:31,724-myloger-WARNING-报单查询等待...,xtpID=901029373774142240
2020-06-24 10:33:32,557-myloger-WARNING-执行结果为True,,
2020-06-24 10:33:32,558-myloger-WARNING-深圳Ａ股股票交易日即成剩撤卖——错误的价格(价格10亿)
2020-06-24 10:33:33,831-myloger-WARNING-执行结果为True,,
2020-06-24 10:33:33,847-myloger-WARNING-对方最优转限价买-部撤再撤单(OMS)
2020-06-24 10:33:36,257-myloger-WARNING-报单查询等待...,xtpID=901029373774142244
2020-06-24 10:33:37,101-myloger-WARNING-执行结果为True,,
2020-06-24 10:33:37,101-myloger-WARNING-深圳Ａ股股票交易日五档即成转撤销卖——错误的价格(价格10亿)
2020-06-24 10:33:38,349-myloger-WARNING-执行结果为True,,
2020-06-24 10:33:38,365-myloger-WARNING-对方最优转限价卖-部撤再撤单(OMS)
2020-06-24 10:33:40,828-myloger-WARNING-报单查询等待...,xtpID=901029373774142248
2020-06-24 10:33:41,669-myloger-WARNING-执行结果为True,,
2020-06-24 10:33:41,670-myloger-WARNING-深圳Ａ股股票交易日全部成交或撤销卖——错误的价格(价格10亿)
2020-06-24 10:33:42,978-myloger-WARNING-执行结果为True,,
2020-06-24 10:33:42,994-myloger-WARNING-即成剩撤买-全撤再撤单(OMS)
2020-06-24 10:33:44,237-myloger-WARNING-执行结果为True,,
2020-06-24 10:33:44,238-myloger-WARNING-深圳Ａ股股票交易日本方最优卖——错误的价格(价格10亿)
2020-06-24 10:33:45,490-myloger-WARNING-执行结果为True,,
2020-06-24 10:33:45,506-myloger-WARNING-即成剩撤卖-全撤再撤单(OMS)
2020-06-24 10:33:46,783-myloger-WARNING-执行结果为True,,
2020-06-24 10:33:46,784-myloger-WARNING-深圳Ａ股股票交易日对方最优转限价卖——错误的价格(价格10亿)
2020-06-24 10:33:48,059-myloger-WARNING-执行结果为True,,
2020-06-24 10:33:48,090-myloger-WARNING-五档即成转撤销买-全撤再撤单(OMS)
2020-06-24 10:33:49,353-myloger-WARNING-执行结果为True,,
2020-06-24 10:33:49,370-myloger-WARNING-五档即成转撤销卖-全撤再撤单(OMS)
2020-06-24 10:33:50,625-myloger-WARNING-执行结果为True,,
2020-06-24 10:33:50,642-myloger-WARNING-全部成交或撤销买-全撤再撤单(OMS)
2020-06-24 10:33:51,883-myloger-WARNING-执行结果为True,,
2020-06-24 10:33:51,899-myloger-WARNING-全部成交或撤销卖-全撤再撤单(OMS)
2020-06-24 10:33:53,154-myloger-WARNING-执行结果为True,,
2020-06-24 10:33:53,170-myloger-WARNING-本方最优买-全撤再撤单(OMS)
2020-06-24 10:33:55,489-myloger-WARNING-报单查询等待...,xtpID=901029373774142266
2020-06-24 10:33:56,416-myloger-WARNING-执行结果为True,,
2020-06-24 10:33:56,432-myloger-WARNING-本方最优卖-全撤再撤单(OMS)
2020-06-24 10:33:58,758-myloger-WARNING-报单查询等待...,xtpID=901029373774142269
2020-06-24 10:33:59,698-myloger-WARNING-执行结果为True,,
2020-06-24 10:33:59,714-myloger-WARNING-对方最优转限价买-全撤再撤单(OMS)
2020-06-24 10:34:00,964-myloger-WARNING-执行结果为True,,
2020-06-24 10:34:00,980-myloger-WARNING-对方最优转限价卖-全撤再撤单(OMS)
2020-06-24 10:34:02,263-myloger-WARNING-执行结果为True,,
2020-06-24 10:34:02,279-myloger-WARNING-深A即成剩撤卖（卖出数量=可用股份数+100）
2020-06-24 10:34:03,498-myloger-WARNING-执行结果为True,,
2020-06-24 10:34:03,515-myloger-WARNING-深A五档即成转撤销卖（卖出数量=可用股份数+100）
2020-06-24 10:34:04,784-myloger-WARNING-执行结果为True,,
2020-06-24 10:34:04,800-myloger-WARNING-深A全部成交或撤销卖（卖出数量=可用股份数+100）
2020-06-24 10:34:06,032-myloger-WARNING-执行结果为True,,
2020-06-24 10:34:06,049-myloger-WARNING-深A本方最优卖（卖出数量=可用股份数+100）
2020-06-24 10:34:07,267-myloger-WARNING-执行结果为True,,
2020-06-24 10:34:07,285-myloger-WARNING-深A对方最优转限价卖（卖出数量=可用股份数+100）
2020-06-24 10:34:08,509-myloger-WARNING-执行结果为True,,
2020-06-24 10:34:08,527-myloger-WARNING-交易日即成剩撤卖-非最后一次卖为非100的倍数
2020-06-24 10:34:09,774-myloger-WARNING-执行结果为True,,
2020-06-24 10:34:09,790-myloger-WARNING-交易日五档即成转撤销卖-非最后一次卖为非100的倍数
2020-06-24 10:34:11,022-myloger-WARNING-执行结果为True,,
2020-06-24 10:34:11,022-myloger-WARNING-即成剩撤买-部成撤单 
2020-06-24 10:34:12,267-myloger-WARNING-执行结果为True,,
2020-06-24 10:34:12,283-myloger-WARNING-交易日全部成交或撤销卖-非最后一次卖为非100的倍数
2020-06-24 10:34:13,502-myloger-WARNING-执行结果为True,,
2020-06-24 10:34:13,502-myloger-WARNING-即成剩撤卖-部成撤单 
2020-06-24 10:34:14,760-myloger-WARNING-执行结果为True,,
2020-06-24 10:34:14,776-myloger-WARNING-交易日本方最优卖-非最后一次卖为非100的倍数
2020-06-24 10:34:15,995-myloger-WARNING-执行结果为True,,
2020-06-24 10:34:15,995-myloger-WARNING-五档即成转撤销买-部成撤单 
2020-06-24 10:34:17,249-myloger-WARNING-执行结果为True,,
2020-06-24 10:34:17,266-myloger-WARNING-交易日对方最优转限价卖-非最后一次卖为非100的倍数
2020-06-24 10:34:18,504-myloger-WARNING-执行结果为True,,
2020-06-24 10:34:18,504-myloger-WARNING-五档即成转撤销卖-部成撤单 
2020-06-24 10:34:19,808-myloger-WARNING-执行结果为True,,
2020-06-24 10:34:19,808-myloger-WARNING-本方最优买--部成
2020-06-24 10:34:23,069-myloger-WARNING-执行结果为True,,
2020-06-24 10:34:23,069-myloger-WARNING-本方最优买-部成（手动）撤单 
2020-06-24 10:34:25,488-myloger-WARNING-报单查询等待...,xtpID=901029373774142291
2020-06-24 10:34:26,332-myloger-WARNING-执行结果为True,,
2020-06-24 10:34:26,333-myloger-WARNING-本方最优卖--部成
2020-06-24 10:34:29,580-myloger-WARNING-执行结果为True,,
2020-06-24 10:34:29,581-myloger-WARNING-本方最优卖-部成(手动）撤单 
2020-06-24 10:34:31,986-myloger-WARNING-报单查询等待...,xtpID=901029373774142294
2020-06-24 10:34:32,828-myloger-WARNING-执行结果为True,,
2020-06-24 10:34:32,829-myloger-WARNING-对方最优转限价买--部成
2020-06-24 10:34:36,074-myloger-WARNING-执行结果为True,,
2020-06-24 10:34:36,074-myloger-WARNING-对方最优转限价买-部成撤单 
2020-06-24 10:34:38,481-myloger-WARNING-报单查询等待...,xtpID=901029373774142297
2020-06-24 10:34:39,325-myloger-WARNING-执行结果为True,,
2020-06-24 10:34:39,326-myloger-WARNING-对方最优转限价卖--部成
2020-06-24 10:34:42,584-myloger-WARNING-执行结果为True,,
2020-06-24 10:34:42,585-myloger-WARNING-对方最优转限价卖-部成撤单 
2020-06-24 10:34:44,999-myloger-WARNING-报单查询等待...,xtpID=901029373774142300
2020-06-24 10:34:45,832-myloger-WARNING-执行结果为True,,
2020-06-24 10:34:45,833-myloger-WARNING-即成剩撤买-全部撤单
2020-06-24 10:34:47,077-myloger-WARNING-执行结果为True,,
2020-06-24 10:34:47,095-myloger-WARNING-深圳Ａ股股票交易日即成剩撤买——错误的价格条件
2020-06-24 10:34:48,343-myloger-WARNING-执行结果为True,,
2020-06-24 10:34:48,343-myloger-WARNING-即成剩撤卖-全部撤单
2020-06-24 10:34:49,591-myloger-WARNING-执行结果为True,,
2020-06-24 10:34:49,607-myloger-WARNING-深圳Ａ股股票交易日即成剩撤卖——错误的价格条件
2020-06-24 10:34:50,874-myloger-WARNING-执行结果为True,,
2020-06-24 10:34:50,875-myloger-WARNING-五档即成转撤销买-全部撤单
2020-06-24 10:34:52,119-myloger-WARNING-执行结果为True,,
2020-06-24 10:34:52,135-myloger-WARNING-深圳Ａ股股票交易日五档即成转撤销买——错误的价格条件
2020-06-24 10:34:53,378-myloger-WARNING-执行结果为True,,
2020-06-24 10:34:53,379-myloger-WARNING-五档即成转撤销卖-全部撤单
2020-06-24 10:34:54,716-myloger-WARNING-执行结果为True,,
2020-06-24 10:34:54,733-myloger-WARNING-深圳Ａ股股票交易日五档即成转撤销卖——错误的价格条件
2020-06-24 10:34:55,988-myloger-WARNING-执行结果为True,,
2020-06-24 10:34:55,988-myloger-WARNING-全部成交或撤销买-全部撤单
2020-06-24 10:34:57,262-myloger-WARNING-执行结果为True,,
2020-06-24 10:34:57,278-myloger-WARNING-深圳Ａ股股票交易日全部成交或撤销买——错误的价格条件
2020-06-24 10:34:58,545-myloger-WARNING-执行结果为True,,
2020-06-24 10:34:58,546-myloger-WARNING-全部成交或撤销卖-全部撤单
2020-06-24 10:34:59,792-myloger-WARNING-执行结果为True,,
2020-06-24 10:34:59,808-myloger-WARNING-深圳Ａ股股票交易日全部成交或撤销卖——错误的价格条件
2020-06-24 10:35:01,091-myloger-WARNING-执行结果为True,,
2020-06-24 10:35:01,092-myloger-WARNING-本方最优买--订单确认
2020-06-24 10:35:04,366-myloger-WARNING-执行结果为True,,
2020-06-24 10:35:04,366-myloger-WARNING-本方最优买-全部（手动）撤单
2020-06-24 10:35:04,753-myloger-ERROR-期望状态和报单状态、提交状态不匹配，期望状态、报单状态、提交状态分别为已撤,XTP_ORDER_STATUS_REJECTED,XTP_ORDER_SUBMIT_STATUS_INSERT_REJECTED
2020-06-24 10:35:05,612-myloger-WARNING-执行结果为False,报单查询－状态检查,期望状态与报单状态不匹配
2020-06-24 10:35:05,630-myloger-WARNING-深圳Ａ股股票交易日本方最优买——错误的价格条件
2020-06-24 10:35:06,875-myloger-WARNING-执行结果为True,,
2020-06-24 10:35:06,876-myloger-WARNING-本方最优卖--订单确认
2020-06-24 10:35:10,135-myloger-WARNING-执行结果为True,,
2020-06-24 10:35:10,135-myloger-WARNING-本方最优卖-全部撤单
2020-06-24 10:35:12,455-myloger-WARNING-报单查询等待...,xtpID=901029373774142318
2020-06-24 10:35:13,399-myloger-WARNING-执行结果为True,,
2020-06-24 10:35:13,417-myloger-WARNING-深圳Ａ股股票交易日本方最优卖——错误的价格条件
2020-06-24 10:35:14,709-myloger-WARNING-执行结果为True,,
2020-06-24 10:35:14,709-myloger-WARNING-对方最优转限价买-全部撤单
2020-06-24 10:35:16,050-myloger-WARNING-执行结果为True,,
2020-06-24 10:35:16,067-myloger-WARNING-深圳Ａ股股票交易日对方最优转限价买——错误的价格条件
2020-06-24 10:35:17,358-myloger-WARNING-执行结果为True,,
2020-06-24 10:35:17,359-myloger-WARNING-对方最优转限价卖-全部撤单
2020-06-24 10:35:18,636-myloger-WARNING-执行结果为True,,
2020-06-24 10:35:18,652-myloger-WARNING-深圳Ａ股股票交易日对方最优转限价卖——错误的价格条件
2020-06-24 10:35:19,951-myloger-WARNING-执行结果为True,,
2020-06-24 10:35:25,715-myloger-WARNING-限价委托买-已成（费用=min）
2020-06-24 10:35:26,851-myloger-WARNING-执行结果为True,,
2020-06-24 10:35:26,851-myloger-WARNING-限价委托买-已成（费用<min）
2020-06-24 10:35:27,996-myloger-WARNING-执行结果为True,,
2020-06-24 10:35:27,996-myloger-WARNING-限价委托买-买前有持仓
2020-06-24 10:35:29,118-myloger-WARNING-执行结果为True,,
2020-06-24 10:35:29,134-myloger-WARNING-限价委托买-全成再撤单（OMS）
2020-06-24 10:35:30,954-myloger-WARNING-执行结果为True,,
2020-06-24 10:35:30,971-myloger-WARNING-默认3：订单报价超过涨跌幅限制-沪A限价买>涨停价（涨停价+0.02）
2020-06-24 10:35:32,816-myloger-WARNING-执行结果为True,,
2020-06-24 10:35:32,816-myloger-WARNING-默认3：订单报价未超过涨跌幅限制-沪A限价买=涨停价
2020-06-24 10:35:36,619-myloger-WARNING-执行结果为True,,
2020-06-24 10:35:36,635-myloger-WARNING-默认3：订单报价超过涨跌幅限制-沪A限价买><跌停价（跌停价-0.02）
2020-06-24 10:35:37,756-myloger-WARNING-执行结果为True,,
2020-06-24 10:35:37,757-myloger-WARNING-默认3：订单报价未超过涨跌幅限制-沪A限价买=跌停价
2020-06-24 10:35:41,636-myloger-WARNING-执行结果为True,,
2020-06-24 10:35:41,653-myloger-WARNING-上海Ａ股股票交易日限价委托买-不存在的证券代码
2020-06-24 10:35:42,739-myloger-WARNING-执行结果为True,,
2020-06-24 10:35:42,755-myloger-WARNING-上海Ａ股股票交易日限价委托买-错误的市场
2020-06-24 10:35:44,665-myloger-WARNING-执行结果为True,,
2020-06-24 10:35:44,683-myloger-WARNING-上海Ａ股股票交易日限价委托买-错误的价格（价格<0）
2020-06-24 10:35:45,494-myloger-WARNING-执行结果为True,,
2020-06-24 10:35:45,510-myloger-WARNING-交易日限价委托买-错误的价格（价格=0）
2020-06-24 10:35:47,386-myloger-WARNING-执行结果为True,,
2020-06-24 10:35:47,403-myloger-WARNING-上海Ａ股股票交易日限价委托买-错误的价格（价格巨大）
2020-06-24 10:35:49,213-myloger-WARNING-执行结果为True,,
2020-06-24 10:35:49,229-myloger-WARNING-上海Ａ股股票交易日限价委托买-错误的数量（数量<0）
2020-06-24 10:35:50,042-myloger-WARNING-执行结果为True,,
2020-06-24 10:35:50,058-myloger-WARNING-上海Ａ股股票交易日限价委托买-错误的数量（数量=0）
2020-06-24 10:35:51,869-myloger-WARNING-执行结果为True,,
2020-06-24 10:35:51,885-myloger-WARNING-上海Ａ股股票交易日限价委托买-错误的数量（数量>100万）
2020-06-24 10:35:53,807-myloger-WARNING-执行结果为True,,
2020-06-24 10:35:53,824-myloger-WARNING-上海Ａ股股票交易日限价委托买-错误的价格条件
2020-06-24 10:35:56,101-myloger-WARNING-执行结果为True,,
2020-06-24 10:35:56,117-myloger-WARNING-上海Ａ股股票交易日限价委托买-数量溢出（100亿）
2020-06-24 10:35:57,987-myloger-WARNING-执行结果为True,,
2020-06-24 10:35:57,987-myloger-WARNING-上海Ａ股股票交易日限价委托买-金额溢出（总金额>10亿）
2020-06-24 10:36:04,166-myloger-WARNING-执行结果为True,,
2020-06-24 10:36:04,166-myloger-WARNING-限价委托卖-已成（费用>min）
2020-06-24 10:36:05,385-myloger-WARNING-执行结果为True,,
2020-06-24 10:36:05,385-myloger-WARNING-限价委托卖-已成（费用=min）
2020-06-24 10:36:06,615-myloger-WARNING-执行结果为True,,
2020-06-24 10:36:06,616-myloger-WARNING-限价委托卖-已成（费用<min）
2020-06-24 10:36:07,900-myloger-WARNING-执行结果为True,,
2020-06-24 10:36:07,916-myloger-WARNING-沪A限价卖（卖出数量=可用股份数+100）
2020-06-24 10:36:09,164-myloger-WARNING-执行结果为True,,
2020-06-24 10:36:09,165-myloger-WARNING-沪A限价卖（卖出数量=可用股份数）
2020-06-24 10:36:12,410-myloger-WARNING-执行结果为True,,
2020-06-24 10:36:12,426-myloger-WARNING-默认3：订单报价超过涨跌幅限制-沪A限价卖>涨停价（涨停价+0.02）
2020-06-24 10:36:13,684-myloger-WARNING-执行结果为True,,
2020-06-24 10:36:13,700-myloger-WARNING-默认3：订单报价超过涨跌幅限制-沪A限价卖><跌停价（跌停价-0.02）
2020-06-24 10:36:14,917-myloger-WARNING-执行结果为True,,
2020-06-24 10:36:14,934-myloger-WARNING-上海Ａ股股票交易日限价委托卖-不存在的证券代码
2020-06-24 10:36:16,020-myloger-WARNING-执行结果为True,,
2020-06-24 10:36:16,049-myloger-WARNING-上海Ａ股股票交易日限价委托卖-错误的市场
2020-06-24 10:36:17,334-myloger-WARNING-执行结果为True,,
2020-06-24 10:36:17,350-myloger-WARNING-上海Ａ股股票交易日限价委托卖-错误的价格（价格<0）
2020-06-24 10:36:17,613-myloger-WARNING-执行结果为True,,
2020-06-24 10:36:17,629-myloger-WARNING-交易日限价委托卖-错误的价格（价格=0）
2020-06-24 10:36:18,985-myloger-WARNING-执行结果为True,,
2020-06-24 10:36:19,001-myloger-WARNING-上海Ａ股股票交易日限价委托卖-错误的价格（价格巨大）
2020-06-24 10:36:20,306-myloger-WARNING-执行结果为True,,
2020-06-24 10:36:20,322-myloger-WARNING-上海Ａ股股票交易日限价委托卖-错误的数量（数量<0）
2020-06-24 10:36:20,575-myloger-WARNING-执行结果为True,,
2020-06-24 10:36:20,591-myloger-WARNING-上海Ａ股股票交易日限价委托卖-错误的数量（数量=0）
2020-06-24 10:36:21,867-myloger-WARNING-执行结果为True,,
2020-06-24 10:36:21,884-myloger-WARNING-上海Ａ股股票交易日限价委托卖-错误的数量（数量>100万）
2020-06-24 10:36:23,142-myloger-WARNING-执行结果为True,,
2020-06-24 10:36:23,162-myloger-WARNING-上海Ａ股股票交易日限价委托卖-错误的买卖方向
2020-06-24 10:36:24,443-myloger-WARNING-执行结果为True,,
2020-06-24 10:36:24,461-myloger-WARNING-上海Ａ股股票交易日限价委托卖-数量溢出（100亿）
2020-06-24 10:36:25,735-myloger-WARNING-执行结果为True,,
2020-06-24 10:36:25,735-myloger-WARNING-上海Ａ股股票交易日限价委托卖-金额溢出（总金额>10亿）
2020-06-24 10:36:32,017-myloger-WARNING-执行结果为True,,
2020-06-24 10:36:32,033-myloger-WARNING-交易日限价委托卖-非最后一次卖为非100的倍数
2020-06-24 10:36:33,287-myloger-WARNING-执行结果为True,,
2020-06-24 10:36:33,288-myloger-WARNING-交易日限价委托卖-最后一次卖为非100的倍数
2020-06-24 10:36:34,519-myloger-WARNING-执行结果为True,,
2020-06-24 10:36:34,656-myloger-WARNING-上海Ａ股股票限价卖出先卖零头股再卖整数股-卖零头股
2020-06-24 10:36:35,742-myloger-WARNING-执行结果为True,,
2020-06-24 10:36:35,742-myloger-WARNING-上海Ａ股股票限价卖出先卖零头股再卖整数股-卖整数股
2020-06-24 10:36:36,855-myloger-WARNING-执行结果为True,,
2020-06-24 10:36:36,988-myloger-WARNING-上海Ａ股股票限价卖出先卖整数股再卖零头股-卖整数股
2020-06-24 10:36:38,078-myloger-WARNING-执行结果为True,,
2020-06-24 10:36:38,078-myloger-WARNING-上海Ａ股股票限价卖出先卖整数股再卖零头股-卖零头股
2020-06-24 10:36:39,168-myloger-WARNING-执行结果为True,,
2020-06-24 10:36:39,357-myloger-WARNING-上海Ａ股股票限价卖出先卖含零头股的部分再卖整数股-卖含零头股
2020-06-24 10:36:40,450-myloger-WARNING-执行结果为True,,
2020-06-24 10:36:40,450-myloger-WARNING-上海Ａ股股票限价卖出先卖含零头股的部分再卖整数股-卖整数股
2020-06-24 10:36:41,543-myloger-WARNING-执行结果为True,,
2020-06-24 10:36:41,706-myloger-WARNING-上海Ａ股股票限价卖出先卖整数股再卖含零头股的部分-卖整数股
2020-06-24 10:36:42,815-myloger-WARNING-执行结果为True,,
2020-06-24 10:36:42,815-myloger-WARNING-上海Ａ股股票限价卖出先卖整数股再卖含零头股的部分-卖含零头股
2020-06-24 10:36:43,901-myloger-WARNING-执行结果为True,,
2020-06-24 10:36:44,037-myloger-WARNING-上海Ａ股股票限价卖出交易日限价委托-T+0卖
2020-06-24 10:36:45,139-myloger-WARNING-执行结果为True,,
2020-06-24 10:36:45,140-myloger-WARNING-上海Ａ股股票限价卖出交易日限价委托-T+0买
2020-06-24 10:36:46,238-myloger-WARNING-执行结果为True,,
2020-06-24 10:36:46,269-myloger-WARNING-上海Ａ股股票限价卖出交易日限价委托（未持有证券代码）-T+0买
2020-06-24 10:36:47,359-myloger-WARNING-执行结果为True,,
2020-06-24 10:36:47,359-myloger-WARNING-上海Ａ股股票限价卖出交易日限价委托（未持有证券代码）-T+0卖
2020-06-24 10:36:48,504-myloger-WARNING-执行结果为True,,
2020-06-24 10:36:48,641-myloger-WARNING-上海Ａ股股票限价卖出交易日限价委托（已持有证券代码）-T+0买
2020-06-24 10:36:49,728-myloger-WARNING-执行结果为True,,
2020-06-24 10:36:49,728-myloger-WARNING-上海Ａ股股票限价卖出交易日限价委托（已持有证券代码）-T+0卖
2020-06-24 10:36:50,830-myloger-WARNING-执行结果为True,,
2020-06-24 10:36:50,965-myloger-WARNING-上海Ａ股股票限价卖出交易日限价委托（已持有证券代码）-T+0买
2020-06-24 10:36:52,055-myloger-WARNING-执行结果为True,,
2020-06-24 10:36:52,055-myloger-WARNING-上海Ａ股股票限价卖出交易日限价委托（已持有证券代码）-T+0卖
2020-06-24 10:36:53,144-myloger-WARNING-执行结果为True,,
2020-06-24 10:36:53,160-myloger-WARNING-限价委托卖-全成再撤单（OMS）
2020-06-24 10:36:54,444-myloger-WARNING-执行结果为True,,
2020-06-24 10:36:54,445-myloger-WARNING-默认3：订单报价未超过涨跌幅限制-沪A限价卖=涨停价
2020-06-24 10:36:57,754-myloger-WARNING-执行结果为True,,
2020-06-24 10:36:57,754-myloger-WARNING-默认3：订单报价未超过涨跌幅限制-沪A限价卖=跌停价
2020-06-24 10:36:59,008-myloger-WARNING-执行结果为True,,
2020-06-24 10:36:59,057-log_demo-INFO-sql able to connect!
2020-06-24 10:36:59,057-log_demo-INFO-delete from xtp_fund_asset_20200624 where fund_acc = 100065004975 and oms_id = 6
2020-06-24 10:36:59,059-log_demo-INFO-delete table xtp_fund_asset_20200624 success!
2020-06-24 10:36:59,106-log_demo-INFO-insert into xtp_fund_asset_20200624
                       select
                        100065004975,
                        cur_type,
                        fund_avl_bal,
                        fund_frz_bal,
                        fund_bal,
                        fund_buy_sale,
                        fund_unc_buy,
                        fund_unc_sale,
                        fund_trsf,
                        node_id,
                        6
                  from xtp_fund_asset_auto where py_name="YW_GPMM_SHXJ_022"
2020-06-24 10:36:59,108-log_demo-INFO-insert_fund_assetYW_GPMM_SHXJ_022success!
2020-06-24 10:36:59,121-paramiko.transport-INFO-Connected (version 2.0, client OpenSSH_6.6.1)
2020-06-24 10:36:59,203-paramiko.transport-INFO-Authentication (password) successful!
2020-06-24 10:37:02,016-log_demo-INFO-sql able to connect!
2020-06-24 10:37:02,016-log_demo-INFO-TRUNCATE TABLE ashare_cjhb
2020-06-24 10:37:02,019-log_demo-INFO-TRUNCATE TABLE ashare_ordwth
2020-06-24 10:37:02,021-log_demo-INFO-TRUNCATE TABLE ashare_ordwth2
2020-06-24 10:37:02,023-log_demo-INFO-TRUNCATE TABLE reqresp
2020-06-24 10:37:02,024-log_demo-INFO-TRUNCATE TABLE execreport
2020-06-24 10:37:02,026-log_demo-INFO-TRUNCATE TABLE ashare_ordwth_cancel
2020-06-24 10:37:02,027-log_demo-INFO-truncate table ashare_ordwth_cancel success!
2020-06-24 10:37:36,086-paramiko.transport-INFO-Connected (version 2.0, client OpenSSH_6.6.1)
2020-06-24 10:37:36,174-paramiko.transport-INFO-Authentication (password) successful!
2020-06-24 10:38:06,583-myloger-WARNING-限价委托买-废单再撤单（OMS）
2020-06-24 10:38:08,454-myloger-WARNING-执行结果为True,,
2020-06-24 10:38:08,479-myloger-WARNING-限价委托卖-废单再撤单（OMS）
2020-06-24 10:38:09,772-myloger-WARNING-执行结果为True,,
2020-06-24 10:38:09,773-myloger-WARNING-限价委托买-部成
2020-06-24 10:38:13,603-myloger-WARNING-执行结果为True,,
2020-06-24 10:38:13,604-myloger-WARNING-限价委托买-部成撤单 
2020-06-24 10:38:16,580-myloger-WARNING-报单查询等待...,xtpID=901029373774143386
2020-06-24 10:38:17,411-myloger-WARNING-执行结果为True,,
2020-06-24 10:38:17,428-myloger-WARNING-限价委托买-部撤再撤单（OMS）
2020-06-24 10:38:20,411-myloger-WARNING-报单查询等待...,xtpID=901029373774143388
2020-06-24 10:38:21,243-myloger-WARNING-执行结果为True,,
2020-06-24 10:38:21,244-myloger-WARNING-限价委托卖-部成
2020-06-24 10:38:24,514-myloger-WARNING-执行结果为True,,
2020-06-24 10:38:24,515-myloger-WARNING-限价委托卖-部成撤单 
2020-06-24 10:38:26,930-myloger-WARNING-报单查询等待...,xtpID=901029373774143392
2020-06-24 10:38:27,762-myloger-WARNING-执行结果为True,,
2020-06-24 10:38:27,781-myloger-WARNING-限价委托卖-部撤再撤单（OMS）
2020-06-24 10:38:30,224-myloger-WARNING-报单查询等待...,xtpID=901029373774143394
2020-06-24 10:38:31,058-myloger-WARNING-执行结果为True,,
2020-06-24 10:38:31,058-myloger-WARNING-限价委托买-订单确认
2020-06-24 10:38:34,954-myloger-WARNING-执行结果为True,,
2020-06-24 10:38:34,954-myloger-WARNING-限价委托买-全部撤单
2020-06-24 10:38:37,971-myloger-WARNING-报单查询等待...,xtpID=901029373774143398
2020-06-24 10:38:38,902-myloger-WARNING-执行结果为True,,
2020-06-24 10:38:38,918-myloger-WARNING-限价委托买-全撤再撤单（OMS）
2020-06-24 10:38:41,800-myloger-WARNING-报单查询等待...,xtpID=901029373774143400
2020-06-24 10:38:42,730-myloger-WARNING-执行结果为True,,
2020-06-24 10:38:42,731-myloger-WARNING-限价委托卖-订单确认
2020-06-24 10:38:45,980-myloger-WARNING-执行结果为True,,
2020-06-24 10:38:45,981-myloger-WARNING-限价委托卖-全部撤单
2020-06-24 10:38:48,325-myloger-WARNING-报单查询等待...,xtpID=901029373774143404
2020-06-24 10:38:49,251-myloger-WARNING-执行结果为True,,
2020-06-24 10:38:49,267-myloger-WARNING-限价委托卖-全撤再撤单（OMS）
2020-06-24 10:38:51,595-myloger-WARNING-报单查询等待...,xtpID=901029373774143406
2020-06-24 10:38:52,526-myloger-WARNING-执行结果为True,,
2020-06-24 10:38:58,364-myloger-WARNING-五档即成转限价买--已成（费用=min）
2020-06-24 10:38:59,514-myloger-WARNING-执行结果为True,,
2020-06-24 10:38:59,515-myloger-WARNING-五档即成转限价买--已成（费用<min）
2020-06-24 10:39:00,638-myloger-WARNING-执行结果为True,,
2020-06-24 10:39:00,639-myloger-WARNING-五档即成转限价买-买前有持仓
2020-06-24 10:39:01,758-myloger-WARNING-执行结果为True,,
2020-06-24 10:39:01,775-myloger-WARNING-五档即成转限价买-全成再撤单(OMS)
2020-06-24 10:39:03,591-myloger-WARNING-执行结果为True,,
2020-06-24 10:39:03,607-myloger-WARNING-上海Ａ股股票交易日五档即成转限价买——不存在的证券代码
2020-06-24 10:39:04,712-myloger-WARNING-执行结果为True,,
2020-06-24 10:39:04,728-myloger-WARNING-上海Ａ股股票交易日五档即成转限价买——错误的市场
2020-06-24 10:39:06,525-myloger-WARNING-执行结果为True,,
2020-06-24 10:39:06,542-myloger-WARNING-上海Ａ股股票交易日五档即成转限价买——错误的价格(价格<0)
2020-06-24 10:39:07,353-myloger-WARNING-执行结果为True,,
2020-06-24 10:39:07,353-myloger-WARNING-上海Ａ股股票交易日五档即成转限价买——错误的价格(价格10亿)
2020-06-24 10:39:09,299-myloger-WARNING-执行结果为True,,
2020-06-24 10:39:09,315-myloger-WARNING-上海Ａ股股票交易日五档即成转限价买——错误的数量(数量<0)
2020-06-24 10:39:10,101-myloger-WARNING-执行结果为True,,
2020-06-24 10:39:10,117-myloger-WARNING-上海Ａ股股票交易日五档即成转限价买——错误的数量(数量=0)
2020-06-24 10:39:11,950-myloger-WARNING-执行结果为True,,
2020-06-24 10:39:11,966-myloger-WARNING-上海Ａ股股票交易日五档即成转限价买——错误的数量(数量>100万)
2020-06-24 10:39:13,824-myloger-WARNING-执行结果为True,,
2020-06-24 10:39:13,840-myloger-WARNING-上海Ａ股股票交易日五档即成转限价买——错误的价格条件
2020-06-24 10:39:15,804-myloger-WARNING-执行结果为True,,
2020-06-24 10:39:15,820-myloger-WARNING-上海Ａ股股票交易日五档即成转限价买——数量溢出（100亿）
2020-06-24 10:39:17,639-myloger-WARNING-执行结果为True,,
2020-06-24 10:39:17,640-myloger-WARNING-上海Ａ股股票交易日五档即成转限价买——金额溢出（总金额>10亿）
2020-06-24 10:39:23,819-myloger-WARNING-执行结果为True,,
2020-06-24 10:39:23,819-myloger-WARNING-五档即成转限价卖--已成（费用>min）
2020-06-24 10:39:25,037-myloger-WARNING-执行结果为True,,
2020-06-24 10:39:25,038-myloger-WARNING-五档即成转限价卖--已成（费用=min）
2020-06-24 10:39:26,262-myloger-WARNING-执行结果为True,,
2020-06-24 10:39:26,263-myloger-WARNING-五档即成转限价卖--已成（费用<min）
2020-06-24 10:39:27,484-myloger-WARNING-执行结果为True,,
2020-06-24 10:39:27,484-myloger-WARNING-沪A五档即成转限价卖（卖出数量=可用股份数）
2020-06-24 10:39:30,705-myloger-WARNING-执行结果为True,,
2020-06-24 10:39:30,722-myloger-WARNING-沪A五档即成转限价卖（卖出数量=可用股份数+100）
2020-06-24 10:39:31,944-myloger-WARNING-执行结果为True,,
2020-06-24 10:39:31,961-myloger-WARNING-上海Ａ股股票交易日五档即成转限价卖——不存在的证券代码
2020-06-24 10:39:33,069-myloger-WARNING-执行结果为True,,
2020-06-24 10:39:33,086-myloger-WARNING-上海Ａ股股票交易日五档即成转限价卖——错误的市场
2020-06-24 10:39:34,385-myloger-WARNING-执行结果为True,,
2020-06-24 10:39:34,401-myloger-WARNING-上海Ａ股股票交易日五档即成转限价卖——错误的价格(价格<0)
2020-06-24 10:39:34,649-myloger-WARNING-执行结果为True,,
2020-06-24 10:39:34,665-myloger-WARNING-上海Ａ股股票交易日五档即成转限价卖——错误的数量(数量<0)
2020-06-24 10:39:34,912-myloger-WARNING-执行结果为True,,
2020-06-24 10:39:34,930-myloger-WARNING-上海Ａ股股票交易日五档即成转限价卖——错误的数量(数量=0)
2020-06-24 10:39:36,205-myloger-WARNING-执行结果为True,,
2020-06-24 10:39:36,221-myloger-WARNING-上海Ａ股股票交易日五档即成转限价卖——错误的数量(数量>100万)
2020-06-24 10:39:37,474-myloger-WARNING-执行结果为True,,
2020-06-24 10:39:37,491-myloger-WARNING-上海Ａ股股票交易日五档即成转限价卖——错误的价格条件
2020-06-24 10:39:38,736-myloger-WARNING-执行结果为True,,
2020-06-24 10:39:38,753-myloger-WARNING-上海Ａ股股票交易日五档即成转限价卖——数量溢出（100亿）
2020-06-24 10:39:40,025-myloger-WARNING-执行结果为True,,
2020-06-24 10:39:40,026-myloger-WARNING-上海Ａ股股票交易日五档即成转限价卖——金额溢出（总金额>10亿）
2020-06-24 10:39:46,315-myloger-WARNING-执行结果为True,,
2020-06-24 10:39:46,332-myloger-WARNING-交易日五档即成转限价卖-非最后一次卖为非100的倍数
2020-06-24 10:39:47,599-myloger-WARNING-执行结果为True,,
2020-06-24 10:39:47,599-myloger-WARNING-交易日五档即成转限价卖-最后一次卖为非100的倍数
2020-06-24 10:39:48,821-myloger-WARNING-执行结果为True,,
2020-06-24 10:39:48,822-myloger-WARNING-五档即成转撤销买--已成（费用>min）
2020-06-24 10:39:49,944-myloger-WARNING-执行结果为True,,
2020-06-24 10:39:49,944-myloger-WARNING-五档即成转撤销买--已成（费用=min）
2020-06-24 10:39:51,064-myloger-WARNING-执行结果为True,,
2020-06-24 10:39:51,065-myloger-WARNING-五档即成转撤销买--已成（费用<min）
2020-06-24 10:39:52,184-myloger-WARNING-执行结果为True,,
2020-06-24 10:39:52,185-myloger-WARNING-五档即成转撤销买-买前有持仓
2020-06-24 10:39:53,326-myloger-WARNING-执行结果为True,,
2020-06-24 10:39:53,342-myloger-WARNING-五档即成转撤销买-全成再撤单(OMS)
2020-06-24 10:39:55,211-myloger-WARNING-执行结果为True,,
2020-06-24 10:39:55,228-myloger-WARNING-上海Ａ股股票交易日五档即成转撤销买——不存在的证券代码
2020-06-24 10:39:56,315-myloger-WARNING-执行结果为True,,
2020-06-24 10:39:56,331-myloger-WARNING-上海Ａ股股票交易日五档即成转撤销买——错误的市场
2020-06-24 10:39:58,141-myloger-WARNING-执行结果为True,,
2020-06-24 10:39:58,165-myloger-WARNING-上海Ａ股股票交易日五档即成转撤销买——错误的价格(价格<0)
2020-06-24 10:39:59,002-myloger-WARNING-执行结果为True,,
2020-06-24 10:39:59,002-myloger-WARNING-上海Ａ股股票交易日五档即成转撤销买——错误的价格(价格10亿)
2020-06-24 10:40:00,903-myloger-WARNING-执行结果为True,,
2020-06-24 10:40:00,919-myloger-WARNING-上海Ａ股股票交易日五档即成转撤销买——错误的数量(数量<0)
2020-06-24 10:40:01,710-myloger-WARNING-执行结果为True,,
2020-06-24 10:40:01,726-myloger-WARNING-上海Ａ股股票交易日五档即成转撤销买——错误的数量(数量=0)
2020-06-24 10:40:03,538-myloger-WARNING-执行结果为True,,
2020-06-24 10:40:03,554-myloger-WARNING-上海Ａ股股票交易日五档即成转撤销买——错误的数量(数量>100万)
2020-06-24 10:40:05,407-myloger-WARNING-执行结果为True,,
2020-06-24 10:40:05,424-myloger-WARNING-上海Ａ股股票交易日五档即成转撤销买——错误的价格条件
2020-06-24 10:40:07,304-myloger-WARNING-执行结果为True,,
2020-06-24 10:40:07,321-myloger-WARNING-上海Ａ股股票交易日五档即成转撤销买——数量溢出（100亿）
2020-06-24 10:40:09,257-myloger-WARNING-执行结果为True,,
2020-06-24 10:40:09,258-myloger-WARNING-上海Ａ股股票交易日五档即成转撤销买——金额溢出（总金额>10亿）
2020-06-24 10:40:15,479-myloger-WARNING-执行结果为True,,
2020-06-24 10:40:15,479-myloger-WARNING-五档即成转撤销卖--已成（费用>min）
2020-06-24 10:40:16,720-myloger-WARNING-执行结果为True,,
2020-06-24 10:40:16,721-myloger-WARNING-五档即成转撤销卖--已成（费用=min）
2020-06-24 10:40:17,943-myloger-WARNING-执行结果为True,,
2020-06-24 10:40:17,944-myloger-WARNING-五档即成转撤销卖--已成（费用<min）
2020-06-24 10:40:19,196-myloger-WARNING-执行结果为True,,
2020-06-24 10:40:19,197-myloger-WARNING-沪A五档即成转撤销卖（卖出数量=可用股份数）
2020-06-24 10:40:20,418-myloger-WARNING-执行结果为True,,
2020-06-24 10:40:20,435-myloger-WARNING-沪A五档即成转撤销卖（卖出数量=可用股份数+100）
2020-06-24 10:40:21,709-myloger-WARNING-执行结果为True,,
2020-06-24 10:40:21,725-myloger-WARNING-上海Ａ股股票交易日五档即成转撤销卖——不存在的证券代码
2020-06-24 10:40:22,825-myloger-WARNING-执行结果为True,,
2020-06-24 10:40:22,842-myloger-WARNING-上海Ａ股股票交易日五档即成转撤销卖——错误的市场
2020-06-24 10:40:24,144-myloger-WARNING-执行结果为True,,
2020-06-24 10:40:24,160-myloger-WARNING-上海Ａ股股票交易日五档即成转撤销卖——错误的价格(价格<0)
2020-06-24 10:40:24,438-myloger-WARNING-执行结果为True,,
2020-06-24 10:40:24,457-myloger-WARNING-上海Ａ股股票交易日五档即成转撤销卖——错误的数量(数量<0)
2020-06-24 10:40:24,801-myloger-WARNING-执行结果为True,,
2020-06-24 10:40:24,817-myloger-WARNING-上海Ａ股股票交易日五档即成转撤销卖——错误的数量(数量=0)
2020-06-24 10:40:26,099-myloger-WARNING-执行结果为True,,
2020-06-24 10:40:26,116-myloger-WARNING-上海Ａ股股票交易日五档即成转撤销卖——错误的数量(数量>100万)
2020-06-24 10:40:27,372-myloger-WARNING-执行结果为True,,
2020-06-24 10:40:27,388-myloger-WARNING-上海Ａ股股票交易日五档即成转撤销卖——错误的价格条件
2020-06-24 10:40:28,648-myloger-WARNING-执行结果为True,,
2020-06-24 10:40:28,664-myloger-WARNING-上海Ａ股股票交易日五档即成转撤销卖——数量溢出（100亿）
2020-06-24 10:40:29,966-myloger-WARNING-执行结果为True,,
2020-06-24 10:40:29,966-myloger-WARNING-上海Ａ股股票交易日五档即成转撤销卖——金额溢出（总金额>10亿）
2020-06-24 10:40:36,266-myloger-WARNING-执行结果为True,,
2020-06-24 10:40:36,283-myloger-WARNING-交易日五档即成转撤销卖-非最后一次卖为非100的倍数
2020-06-24 10:40:37,570-myloger-WARNING-执行结果为True,,
2020-06-24 10:40:37,570-myloger-WARNING-交易日五档即成转撤销卖-最后一次卖为非100的倍数
2020-06-24 10:40:38,812-myloger-WARNING-执行结果为True,,
2020-06-24 10:40:38,956-myloger-WARNING-上海Ａ股交易日五档即成转撤销卖-卖零头股
2020-06-24 10:40:40,044-myloger-WARNING-执行结果为True,,
2020-06-24 10:40:40,044-myloger-WARNING-上海Ａ股交易日五档即成转撤销卖-卖整数股
2020-06-24 10:40:41,133-myloger-WARNING-执行结果为True,,
2020-06-24 10:40:41,281-myloger-WARNING-上海Ａ股交易日五档即成转撤销卖-卖整数股
2020-06-24 10:40:42,388-myloger-WARNING-执行结果为True,,
2020-06-24 10:40:42,388-myloger-WARNING-上海Ａ股交易日五档即成转撤销卖-卖零头股
2020-06-24 10:40:43,479-myloger-WARNING-执行结果为True,,
2020-06-24 10:40:43,614-myloger-WARNING-上海Ａ股交易日五档即成转撤销卖-卖含零头股
2020-06-24 10:40:44,699-myloger-WARNING-执行结果为True,,
2020-06-24 10:40:44,700-myloger-WARNING-上海Ａ股交易日五档即成转撤销卖-卖整数股
2020-06-24 10:40:45,794-myloger-WARNING-执行结果为True,,
2020-06-24 10:40:45,939-myloger-WARNING-上海Ａ股交易日五档即成转撤销卖-卖整数股
2020-06-24 10:40:47,026-myloger-WARNING-执行结果为True,,
2020-06-24 10:40:47,026-myloger-WARNING-上海Ａ股交易日五档即成转撤销卖-卖含零头股
2020-06-24 10:40:48,114-myloger-WARNING-执行结果为True,,
2020-06-24 10:40:48,247-myloger-WARNING-上海Ａ股交易日五档即成转撤销卖-T+0卖
2020-06-24 10:40:49,336-myloger-WARNING-执行结果为True,,
2020-06-24 10:40:49,336-myloger-WARNING-上海Ａ股交易日五档即成转撤销卖-T+0买
2020-06-24 10:40:50,428-myloger-WARNING-执行结果为True,,
2020-06-24 10:40:50,460-myloger-WARNING-上海Ａ股交易日五档即成转撤销卖（未持有证券代码）-T+0买
2020-06-24 10:40:51,580-myloger-WARNING-执行结果为True,,
2020-06-24 10:40:51,580-myloger-WARNING-上海Ａ股交易日五档即成转撤销卖（未持有证券代码）-T+0卖
2020-06-24 10:40:52,687-myloger-WARNING-执行结果为True,,
2020-06-24 10:40:52,821-myloger-WARNING-上海Ａ股交易日五档即成转撤销卖（已持有证券代码）-T+0买
2020-06-24 10:40:53,909-myloger-WARNING-执行结果为True,,
2020-06-24 10:40:53,909-myloger-WARNING-上海Ａ股交易日五档即成转撤销卖（已持有证券代码）-T+0卖
2020-06-24 10:40:55,015-myloger-WARNING-执行结果为True,,
2020-06-24 10:40:55,174-myloger-WARNING-上海Ａ股交易日五档即成转撤销卖（已持有证券代码）-T+0买
2020-06-24 10:40:56,264-myloger-WARNING-执行结果为True,,
2020-06-24 10:40:56,264-myloger-WARNING-上海Ａ股交易日五档即成转撤销卖（已持有证券代码）-T+0卖
2020-06-24 10:40:57,350-myloger-WARNING-执行结果为True,,
2020-06-24 10:40:57,369-myloger-WARNING-上海Ａ股股票交易日五档即成转限价卖-错误的买卖方向（新增）
2020-06-24 10:40:58,623-myloger-WARNING-执行结果为True,,
2020-06-24 10:40:58,650-myloger-WARNING-上海Ａ股股票交易日五档即成转撤销卖-错误的买卖方向（新增）
2020-06-24 10:40:59,954-myloger-WARNING-执行结果为True,,
2020-06-24 10:40:59,970-myloger-WARNING-五档即成转限价卖-全成再撤单(OMS)
2020-06-24 10:41:01,229-myloger-WARNING-执行结果为True,,
2020-06-24 10:41:01,229-myloger-WARNING-上海Ａ股股票交易日五档即成转限价卖——错误的价格(价格10亿)
2020-06-24 10:41:02,495-myloger-WARNING-执行结果为True,,
2020-06-24 10:41:02,512-myloger-WARNING-五档即成转撤销卖-全成再撤单(OMS)
2020-06-24 10:41:03,828-myloger-WARNING-执行结果为True,,
2020-06-24 10:41:03,829-myloger-WARNING-上海Ａ股股票交易日五档即成转撤销卖——错误的价格(价格10亿)
2020-06-24 10:41:05,082-myloger-WARNING-执行结果为True,,
2020-06-24 10:41:05,129-log_demo-INFO-sql able to connect!
2020-06-24 10:41:05,129-log_demo-INFO-delete from xtp_fund_asset_20200624 where fund_acc = 100065004975 and oms_id = 6
2020-06-24 10:41:05,131-log_demo-INFO-delete table xtp_fund_asset_20200624 success!
2020-06-24 10:41:05,178-log_demo-INFO-insert into xtp_fund_asset_20200624
                       select
                        100065004975,
                        cur_type,
                        fund_avl_bal,
                        fund_frz_bal,
                        fund_bal,
                        fund_buy_sale,
                        fund_unc_buy,
                        fund_unc_sale,
                        fund_trsf,
                        node_id,
                        6
                  from xtp_fund_asset_auto where py_name="YW_GPMM_SHSJ_017"
2020-06-24 10:41:05,180-log_demo-INFO-insert_fund_assetYW_GPMM_SHSJ_017success!
2020-06-24 10:41:05,192-paramiko.transport-INFO-Connected (version 2.0, client OpenSSH_6.6.1)
2020-06-24 10:41:05,276-paramiko.transport-INFO-Authentication (password) successful!
2020-06-24 10:41:08,079-log_demo-INFO-sql able to connect!
2020-06-24 10:41:08,079-log_demo-INFO-TRUNCATE TABLE ashare_cjhb
2020-06-24 10:41:08,082-log_demo-INFO-TRUNCATE TABLE ashare_ordwth
2020-06-24 10:41:08,084-log_demo-INFO-TRUNCATE TABLE ashare_ordwth2
2020-06-24 10:41:08,087-log_demo-INFO-TRUNCATE TABLE reqresp
2020-06-24 10:41:08,088-log_demo-INFO-TRUNCATE TABLE execreport
2020-06-24 10:41:08,089-log_demo-INFO-TRUNCATE TABLE ashare_ordwth_cancel
2020-06-24 10:41:08,091-log_demo-INFO-truncate table ashare_ordwth_cancel success!
2020-06-24 10:41:42,377-paramiko.transport-INFO-Connected (version 2.0, client OpenSSH_6.6.1)
2020-06-24 10:41:42,461-paramiko.transport-INFO-Authentication (password) successful!
2020-06-24 10:42:12,958-myloger-WARNING-五档即成转限价买-废单再撤单(OMS)
2020-06-24 10:42:14,813-myloger-WARNING-执行结果为True,,
2020-06-24 10:42:14,830-myloger-WARNING-五档即成转限价卖-废单再撤单(OMS)
2020-06-24 10:42:16,155-myloger-WARNING-执行结果为True,,
2020-06-24 10:42:16,172-myloger-WARNING-五档即成转撤销买-废单再撤单(OMS)
2020-06-24 10:42:17,980-myloger-WARNING-执行结果为True,,
2020-06-24 10:42:17,997-myloger-WARNING-五档即成转撤销卖-废单再撤单(OMS)
2020-06-24 10:42:19,268-myloger-WARNING-执行结果为True,,
2020-06-24 10:42:19,268-myloger-WARNING-五档即成转限价买--部成
2020-06-24 10:42:23,142-myloger-WARNING-执行结果为True,,
2020-06-24 10:42:23,143-myloger-WARNING-五档即成转限价买-部成撤单 
2020-06-24 10:42:26,133-myloger-WARNING-报单查询等待...,xtpID=901029373774144497
2020-06-24 10:42:26,953-myloger-WARNING-执行结果为True,,
2020-06-24 10:42:26,971-myloger-WARNING-五档即成转限价买-部撤再撤单(OMS)
2020-06-24 10:42:29,981-myloger-WARNING-报单查询等待...,xtpID=901029373774144499
2020-06-24 10:42:30,811-myloger-WARNING-执行结果为True,,
2020-06-24 10:42:30,812-myloger-WARNING-五档即成转限价卖--部成
2020-06-24 10:42:34,080-myloger-WARNING-执行结果为True,,
2020-06-24 10:42:34,081-myloger-WARNING-五档即成转限价卖-部成撤单 
2020-06-24 10:42:36,539-myloger-WARNING-报单查询等待...,xtpID=901029373774144503
2020-06-24 10:42:37,371-myloger-WARNING-执行结果为True,,
2020-06-24 10:42:37,388-myloger-WARNING-五档即成转限价卖-部撤再撤单(OMS)
2020-06-24 10:42:39,848-myloger-WARNING-报单查询等待...,xtpID=901029373774144505
2020-06-24 10:42:40,681-myloger-WARNING-执行结果为True,,
2020-06-24 10:42:40,681-myloger-WARNING-五档即成转撤销买-部成(系统自动）撤单 
2020-06-24 10:42:42,483-myloger-WARNING-执行结果为True,,
2020-06-24 10:42:42,500-myloger-WARNING-五档即成转撤销买-部撤再撤单(OMS)
2020-06-24 10:42:44,505-myloger-WARNING-执行结果为True,,
2020-06-24 10:42:44,506-myloger-WARNING-五档即成转撤销卖-部成(系统自动）撤单 
2020-06-24 10:42:45,790-myloger-WARNING-执行结果为True,,
2020-06-24 10:42:45,806-myloger-WARNING-五档即成转撤销卖-部撤再撤单(OMS)
2020-06-24 10:42:47,136-myloger-WARNING-执行结果为True,,
2020-06-24 10:42:47,136-myloger-WARNING-五档即成转限价买--订单确认
2020-06-24 10:42:51,012-myloger-WARNING-执行结果为True,,
2020-06-24 10:42:51,012-myloger-WARNING-五档即成转限价买-全部撤单
2020-06-24 10:42:53,920-myloger-WARNING-报单查询等待...,xtpID=901029373774144515
2020-06-24 10:42:54,847-myloger-WARNING-执行结果为True,,
2020-06-24 10:42:54,878-myloger-WARNING-五档即成转限价买-全撤再撤单(OMS)
2020-06-24 10:42:57,864-myloger-WARNING-报单查询等待...,xtpID=901029373774144517
2020-06-24 10:42:58,794-myloger-WARNING-执行结果为True,,
2020-06-24 10:42:58,794-myloger-WARNING-五档即成转限价卖--订单确认
2020-06-24 10:43:02,049-myloger-WARNING-执行结果为True,,
2020-06-24 10:43:02,050-myloger-WARNING-五档即成转限价卖-全部撤单
2020-06-24 10:43:04,419-myloger-WARNING-报单查询等待...,xtpID=901029373774144521
2020-06-24 10:43:05,350-myloger-WARNING-执行结果为True,,
2020-06-24 10:43:05,366-myloger-WARNING-五档即成转限价卖-全撤再撤单(OMS)
2020-06-24 10:43:07,702-myloger-WARNING-报单查询等待...,xtpID=901029373774144523
2020-06-24 10:43:08,633-myloger-WARNING-执行结果为True,,
2020-06-24 10:43:08,634-myloger-WARNING-五档即成转撤销买-全部撤单
2020-06-24 10:43:10,565-myloger-WARNING-执行结果为True,,
2020-06-24 10:43:10,581-myloger-WARNING-五档即成转撤销买-全撤再撤单(OMS)
2020-06-24 10:43:12,399-myloger-WARNING-执行结果为True,,
2020-06-24 10:43:12,400-myloger-WARNING-五档即成转撤销卖-全部撤单
2020-06-24 10:43:13,656-myloger-WARNING-执行结果为True,,
2020-06-24 10:43:13,674-myloger-WARNING-五档即成转撤销卖-全撤再撤单(OMS)
2020-06-24 10:43:14,939-myloger-WARNING-执行结果为True,,
