2020-07-24 14:40:51,793-log_demo-INFO-sql able to connect!
2020-07-24 14:40:51,793-log_demo-INFO-TRUNCATE TABLE ashare_cjhb
2020-07-24 14:40:51,804-log_demo-INFO-TRUNCATE TABLE ashare_ordwth
2020-07-24 14:40:51,805-log_demo-INFO-TRUNCATE TABLE ashare_ordwth2
2020-07-24 14:40:51,807-log_demo-INFO-TRUNCATE TABLE reqresp
2020-07-24 14:40:51,808-log_demo-INFO-TRUNCATE TABLE execreport
2020-07-24 14:40:51,810-log_demo-INFO-TRUNCATE TABLE ashare_ordwth_cancel
2020-07-24 14:40:51,812-log_demo-INFO-truncate table ashare_ordwth_cancel success!
2020-07-24 14:40:51,813-paramiko.transport-DEBUG-starting thread (client mode): 0x31b9a50L
2020-07-24 14:40:51,813-paramiko.transport-DEBUG-Local version/idstring: SSH-2.0-paramiko_2.4.1
2020-07-24 14:40:51,823-paramiko.transport-DEBUG-Remote version/idstring: SSH-2.0-OpenSSH_6.6.1
2020-07-24 14:40:51,823-paramiko.transport-INFO-Connected (version 2.0, client OpenSSH_6.6.1)
2020-07-24 14:40:51,826-paramiko.transport-DEBUG-kex algos:[u'curve25519-sha256@libssh.org', u'ecdh-sha2-nistp256', u'ecdh-sha2-nistp384', u'ecdh-sha2-nistp521', u'diffie-hellman-group-exchange-sha256', u'diffie-hellman-group-exchange-sha1', u'diffie-hellman-group14-sha1', u'diffie-hellman-group1-sha1'] server key:[u'ssh-rsa', u'ecdsa-sha2-nistp256', u'ssh-ed25519'] client encrypt:[u'aes128-ctr', u'aes192-ctr', u'aes256-ctr', u'arcfour256', u'arcfour128', u'aes128-gcm@openssh.com', u'aes256-gcm@openssh.com', u'chacha20-poly1305@openssh.com', u'aes128-cbc', u'3des-cbc', u'blowfish-cbc', u'cast128-cbc', u'aes192-cbc', u'aes256-cbc', u'arcfour', u'rijndael-cbc@lysator.liu.se'] server encrypt:[u'aes128-ctr', u'aes192-ctr', u'aes256-ctr', u'arcfour256', u'arcfour128', u'aes128-gcm@openssh.com', u'aes256-gcm@openssh.com', u'chacha20-poly1305@openssh.com', u'aes128-cbc', u'3des-cbc', u'blowfish-cbc', u'cast128-cbc', u'aes192-cbc', u'aes256-cbc', u'arcfour', u'rijndael-cbc@lysator.liu.se'] client mac:[u'hmac-md5-etm@openssh.com', u'hmac-sha1-etm@openssh.com', u'umac-64-etm@openssh.com', u'umac-128-etm@openssh.com', u'hmac-sha2-256-etm@openssh.com', u'hmac-sha2-512-etm@openssh.com', u'hmac-ripemd160-etm@openssh.com', u'hmac-sha1-96-etm@openssh.com', u'hmac-md5-96-etm@openssh.com', u'hmac-md5', u'hmac-sha1', u'umac-64@openssh.com', u'umac-128@openssh.com', u'hmac-sha2-256', u'hmac-sha2-512', u'hmac-ripemd160', u'hmac-ripemd160@openssh.com', u'hmac-sha1-96', u'hmac-md5-96'] server mac:[u'hmac-md5-etm@openssh.com', u'hmac-sha1-etm@openssh.com', u'umac-64-etm@openssh.com', u'umac-128-etm@openssh.com', u'hmac-sha2-256-etm@openssh.com', u'hmac-sha2-512-etm@openssh.com', u'hmac-ripemd160-etm@openssh.com', u'hmac-sha1-96-etm@openssh.com', u'hmac-md5-96-etm@openssh.com', u'hmac-md5', u'hmac-sha1', u'umac-64@openssh.com', u'umac-128@openssh.com', u'hmac-sha2-256', u'hmac-sha2-512', u'hmac-ripemd160', u'hmac-ripemd160@openssh.com', u'hmac-sha1-96', u'hmac-md5-96'] client compress:[u'none', u'zlib@openssh.com'] server compress:[u'none', u'zlib@openssh.com'] client lang:[u''] server lang:[u''] kex follows?False
2020-07-24 14:40:51,826-paramiko.transport-DEBUG-Kex agreed: ecdh-sha2-nistp256
2020-07-24 14:40:51,826-paramiko.transport-DEBUG-HostKey agreed: ssh-ed25519
2020-07-24 14:40:51,826-paramiko.transport-DEBUG-Cipher agreed: aes128-ctr
2020-07-24 14:40:51,827-paramiko.transport-DEBUG-MAC agreed: hmac-sha2-256
2020-07-24 14:40:51,827-paramiko.transport-DEBUG-Compression agreed: none
2020-07-24 14:40:51,831-paramiko.transport-DEBUG-kex engine KexNistp256 specified hash_algo <built-in function openssl_sha256>
2020-07-24 14:40:51,832-paramiko.transport-DEBUG-Switch to new keys ...
2020-07-24 14:40:51,844-paramiko.transport-DEBUG-Adding ssh-ed25519 host key for 10.29.193.60: 9c589c255248bf0581d9b58ecf85e2ed
2020-07-24 14:40:51,872-paramiko.transport-DEBUG-userauth is OK
2020-07-24 14:40:51,913-paramiko.transport-INFO-Authentication (password) successful!
2020-07-24 14:40:51,945-paramiko.transport-DEBUG-[chan 0] Max packet in: 32768 bytes
2020-07-24 14:40:52,108-paramiko.transport-DEBUG-[chan 0] Max packet out: 32768 bytes
2020-07-24 14:40:52,108-paramiko.transport-DEBUG-Secsh channel 0 opened.
2020-07-24 14:40:52,112-paramiko.transport-DEBUG-[chan 0] Sesch channel 0 request ok
2020-07-24 14:40:52,133-paramiko.transport-DEBUG-[chan 0] EOF received (0)
2020-07-24 14:40:52,134-paramiko.transport-DEBUG-[chan 0] EOF sent (0)
2020-07-24 14:40:54,136-paramiko.transport-DEBUG-[chan 1] Max packet in: 32768 bytes
2020-07-24 14:40:54,137-paramiko.transport-DEBUG-[chan 1] Max packet out: 32768 bytes
2020-07-24 14:40:54,137-paramiko.transport-DEBUG-Secsh channel 1 opened.
2020-07-24 14:40:54,139-paramiko.transport-DEBUG-[chan 1] Sesch channel 1 request ok
2020-07-24 14:40:54,158-paramiko.transport-DEBUG-[chan 1] EOF received (1)
2020-07-24 14:40:54,158-paramiko.transport-DEBUG-[chan 1] EOF sent (1)
2020-07-24 14:40:56,159-paramiko.transport-DEBUG-[chan 2] Max packet in: 32768 bytes
2020-07-24 14:40:56,159-paramiko.transport-DEBUG-[chan 2] Max packet out: 32768 bytes
2020-07-24 14:40:56,159-paramiko.transport-DEBUG-Secsh channel 2 opened.
2020-07-24 14:40:56,161-paramiko.transport-DEBUG-[chan 2] Sesch channel 2 request ok
2020-07-24 14:40:56,179-paramiko.transport-DEBUG-[chan 2] EOF received (2)
2020-07-24 14:40:56,179-paramiko.transport-DEBUG-[chan 2] EOF sent (2)
2020-07-24 14:40:58,183-paramiko.transport-DEBUG-EOF in transport thread
2020-07-24 14:41:32,229-paramiko.transport-DEBUG-starting thread (client mode): 0x1829df10L
2020-07-24 14:41:32,229-paramiko.transport-DEBUG-Local version/idstring: SSH-2.0-paramiko_2.4.1
2020-07-24 14:41:32,244-paramiko.transport-DEBUG-Remote version/idstring: SSH-2.0-OpenSSH_6.6.1
2020-07-24 14:41:32,244-paramiko.transport-INFO-Connected (version 2.0, client OpenSSH_6.6.1)
2020-07-24 14:41:32,248-paramiko.transport-DEBUG-kex algos:[u'curve25519-sha256@libssh.org', u'ecdh-sha2-nistp256', u'ecdh-sha2-nistp384', u'ecdh-sha2-nistp521', u'diffie-hellman-group-exchange-sha256', u'diffie-hellman-group-exchange-sha1', u'diffie-hellman-group14-sha1', u'diffie-hellman-group1-sha1'] server key:[u'ssh-rsa', u'ecdsa-sha2-nistp256', u'ssh-ed25519'] client encrypt:[u'aes128-ctr', u'aes192-ctr', u'aes256-ctr', u'arcfour256', u'arcfour128', u'aes128-gcm@openssh.com', u'aes256-gcm@openssh.com', u'chacha20-poly1305@openssh.com', u'aes128-cbc', u'3des-cbc', u'blowfish-cbc', u'cast128-cbc', u'aes192-cbc', u'aes256-cbc', u'arcfour', u'rijndael-cbc@lysator.liu.se'] server encrypt:[u'aes128-ctr', u'aes192-ctr', u'aes256-ctr', u'arcfour256', u'arcfour128', u'aes128-gcm@openssh.com', u'aes256-gcm@openssh.com', u'chacha20-poly1305@openssh.com', u'aes128-cbc', u'3des-cbc', u'blowfish-cbc', u'cast128-cbc', u'aes192-cbc', u'aes256-cbc', u'arcfour', u'rijndael-cbc@lysator.liu.se'] client mac:[u'hmac-md5-etm@openssh.com', u'hmac-sha1-etm@openssh.com', u'umac-64-etm@openssh.com', u'umac-128-etm@openssh.com', u'hmac-sha2-256-etm@openssh.com', u'hmac-sha2-512-etm@openssh.com', u'hmac-ripemd160-etm@openssh.com', u'hmac-sha1-96-etm@openssh.com', u'hmac-md5-96-etm@openssh.com', u'hmac-md5', u'hmac-sha1', u'umac-64@openssh.com', u'umac-128@openssh.com', u'hmac-sha2-256', u'hmac-sha2-512', u'hmac-ripemd160', u'hmac-ripemd160@openssh.com', u'hmac-sha1-96', u'hmac-md5-96'] server mac:[u'hmac-md5-etm@openssh.com', u'hmac-sha1-etm@openssh.com', u'umac-64-etm@openssh.com', u'umac-128-etm@openssh.com', u'hmac-sha2-256-etm@openssh.com', u'hmac-sha2-512-etm@openssh.com', u'hmac-ripemd160-etm@openssh.com', u'hmac-sha1-96-etm@openssh.com', u'hmac-md5-96-etm@openssh.com', u'hmac-md5', u'hmac-sha1', u'umac-64@openssh.com', u'umac-128@openssh.com', u'hmac-sha2-256', u'hmac-sha2-512', u'hmac-ripemd160', u'hmac-ripemd160@openssh.com', u'hmac-sha1-96', u'hmac-md5-96'] client compress:[u'none', u'zlib@openssh.com'] server compress:[u'none', u'zlib@openssh.com'] client lang:[u''] server lang:[u''] kex follows?False
2020-07-24 14:41:32,248-paramiko.transport-DEBUG-Kex agreed: ecdh-sha2-nistp256
2020-07-24 14:41:32,248-paramiko.transport-DEBUG-HostKey agreed: ssh-ed25519
2020-07-24 14:41:32,248-paramiko.transport-DEBUG-Cipher agreed: aes128-ctr
2020-07-24 14:41:32,249-paramiko.transport-DEBUG-MAC agreed: hmac-sha2-256
2020-07-24 14:41:32,249-paramiko.transport-DEBUG-Compression agreed: none
2020-07-24 14:41:32,254-paramiko.transport-DEBUG-kex engine KexNistp256 specified hash_algo <built-in function openssl_sha256>
2020-07-24 14:41:32,255-paramiko.transport-DEBUG-Switch to new keys ...
2020-07-24 14:41:32,261-paramiko.transport-DEBUG-Adding ssh-ed25519 host key for 10.29.193.60: 9c589c255248bf0581d9b58ecf85e2ed
2020-07-24 14:41:32,294-paramiko.transport-DEBUG-userauth is OK
2020-07-24 14:41:32,337-paramiko.transport-INFO-Authentication (password) successful!
2020-07-24 14:41:32,362-paramiko.transport-DEBUG-[chan 0] Max packet in: 32768 bytes
2020-07-24 14:41:32,553-paramiko.transport-DEBUG-[chan 0] Max packet out: 32768 bytes
2020-07-24 14:41:32,554-paramiko.transport-DEBUG-Secsh channel 0 opened.
2020-07-24 14:41:32,565-paramiko.transport-DEBUG-[chan 0] Sesch channel 0 request ok
2020-07-24 14:41:34,354-paramiko.transport-DEBUG-[chan 0] EOF received (0)
2020-07-24 14:41:34,355-paramiko.transport-DEBUG-[chan 0] EOF sent (0)
2020-07-24 14:41:36,355-paramiko.transport-DEBUG-[chan 1] Max packet in: 32768 bytes
2020-07-24 14:41:36,356-paramiko.transport-DEBUG-[chan 1] Max packet out: 32768 bytes
2020-07-24 14:41:36,356-paramiko.transport-DEBUG-Secsh channel 1 opened.
2020-07-24 14:41:36,358-paramiko.transport-DEBUG-[chan 1] Sesch channel 1 request ok
2020-07-24 14:41:38,367-paramiko.transport-DEBUG-[chan 1] EOF received (1)
2020-07-24 14:41:38,367-paramiko.transport-DEBUG-[chan 1] EOF sent (1)
2020-07-24 14:41:44,369-paramiko.transport-DEBUG-[chan 2] Max packet in: 32768 bytes
2020-07-24 14:41:44,370-paramiko.transport-DEBUG-[chan 2] Max packet out: 32768 bytes
2020-07-24 14:41:44,370-paramiko.transport-DEBUG-Secsh channel 2 opened.
2020-07-24 14:41:44,372-paramiko.transport-DEBUG-[chan 2] Sesch channel 2 request ok
2020-07-24 14:41:46,353-paramiko.transport-DEBUG-[chan 2] EOF received (2)
2020-07-24 14:41:46,354-paramiko.transport-DEBUG-[chan 2] EOF sent (2)
2020-07-24 14:41:48,355-paramiko.transport-DEBUG-[chan 3] Max packet in: 32768 bytes
2020-07-24 14:41:48,356-paramiko.transport-DEBUG-[chan 3] Max packet out: 32768 bytes
2020-07-24 14:41:48,356-paramiko.transport-DEBUG-Secsh channel 3 opened.
2020-07-24 14:41:48,359-paramiko.transport-DEBUG-[chan 3] Sesch channel 3 request ok
2020-07-24 14:41:48,944-paramiko.transport-DEBUG-[chan 3] EOF received (3)
2020-07-24 14:41:48,945-paramiko.transport-DEBUG-[chan 3] EOF sent (3)
2020-07-24 14:41:50,947-paramiko.transport-DEBUG-[chan 4] Max packet in: 32768 bytes
2020-07-24 14:41:50,947-paramiko.transport-DEBUG-[chan 4] Max packet out: 32768 bytes
2020-07-24 14:41:50,947-paramiko.transport-DEBUG-Secsh channel 4 opened.
2020-07-24 14:41:50,950-paramiko.transport-DEBUG-[chan 4] Sesch channel 4 request ok
2020-07-24 14:41:52,594-paramiko.transport-DEBUG-[chan 4] EOF received (4)
2020-07-24 14:41:52,595-paramiko.transport-DEBUG-[chan 4] EOF sent (4)
2020-07-24 14:41:54,599-paramiko.transport-DEBUG-EOF in transport thread
