2020-07-27 14:11:15,864-myloger-WARNING-认购行权-15:00前撤单
2020-07-27 14:11:15,972-myloger-ERROR-期望状态和报单状态、提交状态不匹配，期望状态、报单状态、提交状态分别为已撤,XTP_ORDER_STATUS_REJECTED,XTP_ORDER_SUBMIT_STATUS_INSERT_REJECTED
2020-07-27 14:11:16,411-myloger-WARNING-执行结果为False,报单查询－状态检查,"期望状态与报单状态不匹配"
2020-07-27 14:11:16,437-myloger-WARNING-认购行权-全撤再撤单（OMS）
2020-07-27 14:11:16,533-myloger-ERROR-期望状态和报单状态、提交状态不匹配，期望状态、报单状态、提交状态分别为已撤,XTP_ORDER_STATUS_REJECTED,XTP_ORDER_SUBMIT_STATUS_INSERT_REJECTED
2020-07-27 14:11:16,979-myloger-WARNING-执行结果为False,报单查询－状态检查,"期望状态与报单状态不匹配"
2020-07-27 14:11:16,980-myloger-WARNING-认购行权-金额溢出（总金额>30亿）
2020-07-27 14:11:17,044-myloger-ERROR-期望状态和报单状态、提交状态不匹配，期望状态、报单状态、提交状态分别为未成交,XTP_ORDER_STATUS_REJECTED,XTP_ORDER_SUBMIT_STATUS_INSERT_REJECTED
2020-07-27 14:11:17,505-myloger-WARNING-执行结果为False,报单查询,"期望状态与报单状态不匹配"
2020-07-27 14:11:17,528-myloger-WARNING-认购行权-不存在的证券代码
2020-07-27 14:11:18,031-myloger-WARNING-执行结果为True
2020-07-27 14:11:18,059-myloger-WARNING-认购行权-错误的市场
2020-07-27 14:11:18,580-myloger-WARNING-执行结果为True
2020-07-27 14:11:18,600-myloger-WARNING-认购行权-错误的数量（>OMS设定的最大值）
2020-07-27 14:11:19,123-myloger-WARNING-执行结果为True
2020-07-27 14:11:19,148-myloger-WARNING-认购行权-错误的数量（数量=0）
2020-07-27 14:11:19,673-myloger-WARNING-执行结果为True
2020-07-27 14:11:19,674-myloger-WARNING-认购行权-非行权日进行行权
2020-07-27 14:11:20,206-myloger-WARNING-执行结果为True
2020-07-27 14:11:20,227-myloger-WARNING-认购行权-数量溢出（100亿）
2020-07-27 14:11:20,750-myloger-WARNING-执行结果为True
2020-07-27 14:11:20,751-myloger-WARNING-认沽行权-订单确认
2020-07-27 14:11:20,847-myloger-ERROR-期望状态和报单状态、提交状态不匹配，期望状态、报单状态、提交状态分别为未成交,XTP_ORDER_STATUS_REJECTED,XTP_ORDER_SUBMIT_STATUS_INSERT_REJECTED
2020-07-27 14:11:21,274-myloger-WARNING-执行结果为False,报单查询,"期望状态与报单状态不匹配"
2020-07-27 14:11:21,276-myloger-WARNING-认沽行权-15:00前撤单
2020-07-27 14:11:21,350-myloger-ERROR-期望状态和报单状态、提交状态不匹配，期望状态、报单状态、提交状态分别为已撤,XTP_ORDER_STATUS_REJECTED,XTP_ORDER_SUBMIT_STATUS_INSERT_REJECTED
2020-07-27 14:11:21,808-myloger-WARNING-执行结果为False,报单查询－状态检查,"期望状态与报单状态不匹配"
2020-07-27 14:11:21,831-myloger-WARNING-认沽行权-全撤再撤单（OMS）
2020-07-27 14:11:21,897-myloger-ERROR-期望状态和报单状态、提交状态不匹配，期望状态、报单状态、提交状态分别为已撤,XTP_ORDER_STATUS_REJECTED,XTP_ORDER_SUBMIT_STATUS_INSERT_REJECTED
2020-07-27 14:11:22,357-myloger-WARNING-执行结果为False,报单查询－状态检查,"期望状态与报单状态不匹配"
2020-07-27 14:11:22,386-myloger-WARNING-认沽行权-不存在的证券代码
2020-07-27 14:11:22,890-myloger-WARNING-执行结果为True
2020-07-27 14:11:22,909-myloger-WARNING-认沽行权-错误的市场
2020-07-27 14:11:23,434-myloger-WARNING-执行结果为True
2020-07-27 14:11:23,451-myloger-WARNING-认沽行权-错误的数量（数量=10001）
2020-07-27 14:11:23,972-myloger-WARNING-执行结果为True
2020-07-27 14:11:23,996-myloger-WARNING-认沽行权-错误的数量（数量=0）
2020-07-27 14:11:24,525-myloger-WARNING-执行结果为True
2020-07-27 14:11:24,547-myloger-WARNING-认沽行权-数量溢出（100亿）
2020-07-27 14:11:25,067-myloger-WARNING-执行结果为True
