2020-06-10 15:10:43,469-myloger-WARNING-限价委托买-已成（费用=min）
2020-06-10 15:10:43,780-myloger-ERROR-期望状态和报单状态、提交状态不匹配，期望状态、报单状态、提交状态分别为全成,XTP_ORDER_STATUS_REJECTED,XTP_ORDER_SUBMIT_STATUS_INSERT_REJECTED
2020-06-10 15:10:44,600-myloger-WARNING-执行结果为False,报单查询,期望状态与报单状态不匹配
2020-06-10 15:10:44,601-myloger-WARNING-限价委托买-已成（费用<min）
2020-06-10 15:10:44,876-myloger-ERROR-期望状态和报单状态、提交状态不匹配，期望状态、报单状态、提交状态分别为全成,XTP_ORDER_STATUS_REJECTED,XTP_ORDER_SUBMIT_STATUS_INSERT_REJECTED
2020-06-10 15:10:45,736-myloger-WARNING-执行结果为False,报单查询,期望状态与报单状态不匹配
2020-06-10 15:10:45,737-myloger-WARNING-限价委托买-买前有持仓
2020-06-10 15:10:46,010-myloger-ERROR-期望状态和报单状态、提交状态不匹配，期望状态、报单状态、提交状态分别为全成,XTP_ORDER_STATUS_REJECTED,XTP_ORDER_SUBMIT_STATUS_INSERT_REJECTED
2020-06-10 15:10:46,869-myloger-WARNING-执行结果为False,报单查询,期望状态与报单状态不匹配
2020-06-10 15:10:46,888-myloger-WARNING-限价委托买-全成再撤单（OMS）
2020-06-10 15:10:47,905-myloger-ERROR-期望状态和报单状态、提交状态不匹配，期望状态、报单状态、提交状态分别为全成,XTP_ORDER_STATUS_REJECTED,XTP_ORDER_SUBMIT_STATUS_INSERT_REJECTED
2020-06-10 15:10:48,780-myloger-WARNING-默认3：订单报价超过涨跌幅限制-沪A限价买>涨停价（涨停价+0.02）
2020-06-10 15:10:50,628-myloger-WARNING-执行结果为True,,
2020-06-10 15:10:50,629-myloger-WARNING-默认3：订单报价未超过涨跌幅限制-沪A限价买=涨停价
2020-06-10 15:10:51,579-myloger-ERROR-期望状态和报单状态、提交状态不匹配，期望状态、报单状态、提交状态分别为未成交,XTP_ORDER_STATUS_REJECTED,XTP_ORDER_SUBMIT_STATUS_INSERT_REJECTED
2020-06-10 15:10:52,436-myloger-WARNING-执行结果为False,报单查询,期望状态与报单状态不匹配
2020-06-10 15:10:52,453-myloger-WARNING-默认3：订单报价超过涨跌幅限制-沪A限价买><跌停价（跌停价-0.02）
2020-06-10 15:10:53,584-myloger-WARNING-执行结果为True,,
2020-06-10 15:10:53,585-myloger-WARNING-默认3：订单报价未超过涨跌幅限制-沪A限价买=跌停价
2020-06-10 15:10:54,991-myloger-ERROR-期望状态和报单状态、提交状态不匹配，期望状态、报单状态、提交状态分别为未成交,XTP_ORDER_STATUS_REJECTED,XTP_ORDER_SUBMIT_STATUS_INSERT_REJECTED
2020-06-10 15:10:55,822-myloger-WARNING-执行结果为False,报单查询,期望状态与报单状态不匹配
2020-06-10 15:10:55,839-myloger-WARNING-上海Ａ股股票交易日限价委托买-不存在的证券代码
2020-06-10 15:10:56,926-myloger-WARNING-执行结果为True,,
2020-06-10 15:10:56,943-myloger-WARNING-上海Ａ股股票交易日限价委托买-错误的市场
2020-06-10 15:10:58,783-myloger-WARNING-执行结果为True,,
2020-06-10 15:10:58,801-myloger-WARNING-上海Ａ股股票交易日限价委托买-错误的价格（价格<0）
2020-06-10 15:10:59,607-myloger-WARNING-执行结果为True,,
2020-06-10 15:10:59,623-myloger-WARNING-交易日限价委托买-错误的价格（价格=0）
2020-06-10 15:11:01,435-myloger-WARNING-执行结果为True,,
2020-06-10 15:11:01,451-myloger-WARNING-上海Ａ股股票交易日限价委托买-错误的价格（价格巨大）
2020-06-10 15:11:03,273-myloger-WARNING-执行结果为True,,
2020-06-10 15:11:03,290-myloger-WARNING-上海Ａ股股票交易日限价委托买-错误的数量（数量<0）
2020-06-10 15:11:04,086-myloger-WARNING-执行结果为True,,
2020-06-10 15:11:04,102-myloger-WARNING-上海Ａ股股票交易日限价委托买-错误的数量（数量=0）
2020-06-10 15:11:05,939-myloger-WARNING-执行结果为True,,
2020-06-10 15:11:05,956-myloger-WARNING-上海Ａ股股票交易日限价委托买-错误的数量（数量>100万）
2020-06-10 15:11:07,757-myloger-WARNING-执行结果为True,,
2020-06-10 15:11:07,774-myloger-WARNING-上海Ａ股股票交易日限价委托买-错误的价格条件
2020-06-10 15:11:08,742-myloger-ERROR-报单的error_id与用例期望的不一致，期望和实际的error_id分别是11110006,11113011
2020-06-10 15:11:09,592-myloger-WARNING-执行结果为False,报单推送,报单的error_id与用例期望的不一致
2020-06-10 15:11:09,608-myloger-WARNING-上海Ａ股股票交易日限价委托买-数量溢出（100亿）
2020-06-10 15:11:11,410-myloger-WARNING-执行结果为True,,
2020-06-10 15:11:11,411-myloger-WARNING-上海Ａ股股票交易日限价委托买-金额溢出（总金额>10亿）
2020-06-10 15:11:11,682-myloger-ERROR-期望状态和报单状态、提交状态不匹配，期望状态、报单状态、提交状态分别为全成,XTP_ORDER_STATUS_REJECTED,XTP_ORDER_SUBMIT_STATUS_INSERT_REJECTED
2020-06-10 15:11:12,537-myloger-WARNING-执行结果为False,报单查询,期望状态与报单状态不匹配
2020-06-10 15:11:12,538-myloger-WARNING-限价委托卖-已成（费用>min）
2020-06-10 15:11:12,923-myloger-ERROR-期望状态和报单状态、提交状态不匹配，期望状态、报单状态、提交状态分别为全成,XTP_ORDER_STATUS_REJECTED,XTP_ORDER_SUBMIT_STATUS_INSERT_REJECTED
2020-06-10 15:11:13,777-myloger-WARNING-执行结果为False,报单查询,期望状态与报单状态不匹配
2020-06-10 15:11:13,779-myloger-WARNING-限价委托卖-已成（费用=min）
2020-06-10 15:11:14,168-myloger-ERROR-期望状态和报单状态、提交状态不匹配，期望状态、报单状态、提交状态分别为全成,XTP_ORDER_STATUS_REJECTED,XTP_ORDER_SUBMIT_STATUS_INSERT_REJECTED
2020-06-10 15:11:15,018-myloger-WARNING-执行结果为False,报单查询,期望状态与报单状态不匹配
2020-06-10 15:11:15,019-myloger-WARNING-限价委托卖-已成（费用<min）
2020-06-10 15:11:15,385-myloger-ERROR-期望状态和报单状态、提交状态不匹配，期望状态、报单状态、提交状态分别为全成,XTP_ORDER_STATUS_REJECTED,XTP_ORDER_SUBMIT_STATUS_INSERT_REJECTED
2020-06-10 15:11:16,241-myloger-WARNING-执行结果为False,报单查询,期望状态与报单状态不匹配
2020-06-10 15:11:16,257-myloger-WARNING-沪A限价卖（卖出数量=可用股份数+100）
2020-06-10 15:11:17,478-myloger-WARNING-执行结果为True,,
2020-06-10 15:11:17,478-myloger-WARNING-沪A限价卖（卖出数量=可用股份数）
2020-06-10 15:11:17,851-myloger-ERROR-期望状态和报单状态、提交状态不匹配，期望状态、报单状态、提交状态分别为未成交,XTP_ORDER_STATUS_REJECTED,XTP_ORDER_SUBMIT_STATUS_INSERT_REJECTED
2020-06-10 15:11:18,707-myloger-WARNING-执行结果为False,报单查询,期望状态与报单状态不匹配
2020-06-10 15:11:18,723-myloger-WARNING-默认3：订单报价超过涨跌幅限制-沪A限价卖>涨停价（涨停价+0.02）
