2020-04-23 23:37:05,245-myloger-WARNING-限价委托买-已成（费用<min）
2020-04-23 23:37:05,860-myloger-WARNING-执行结果为True,,
2020-04-23 23:37:05,861-myloger-WARNING-限价委托卖-已成（费用>min）
2020-04-23 23:37:07,066-myloger-WARNING-执行结果为True,,
2020-04-23 23:37:07,067-myloger-WARNING-限价委托卖-已成（费用<min）
2020-04-23 23:37:07,758-myloger-WARNING-执行结果为True,,
2020-04-23 23:37:07,774-myloger-WARNING-限价委托卖-废单再撤单（OMS）
2020-04-23 23:37:08,514-myloger-WARNING-执行结果为True,,
2020-04-23 23:37:08,514-myloger-WARNING-限价委托买-部成
2020-04-23 23:37:11,683-myloger-WARNING-执行结果为True,,
2020-04-23 23:37:11,683-myloger-WARNING-限价委托买-部成撤单 
2020-04-23 23:37:14,016-myloger-WARNING-报单查询等待...,xtpID=901029373774136303
2020-04-23 23:37:14,857-myloger-WARNING-执行结果为True,,
2020-04-23 23:37:14,858-myloger-WARNING-限价委托卖-部成
2020-04-23 23:37:17,580-myloger-WARNING-执行结果为True,,
2020-04-23 23:37:17,580-myloger-WARNING-限价委托卖-部成撤单 
2020-04-23 23:37:19,962-myloger-WARNING-报单查询等待...,xtpID=901029373774136306
2020-04-23 23:37:20,803-myloger-WARNING-执行结果为True,,
2020-04-23 23:37:20,803-myloger-WARNING-限价委托买-订单确认
2020-04-23 23:37:23,467-myloger-WARNING-执行结果为True,,
2020-04-23 23:37:23,467-myloger-WARNING-限价委托买-全部撤单
2020-04-23 23:37:25,687-myloger-WARNING-报单查询等待...,xtpID=901029373774136309
2020-04-23 23:37:26,132-myloger-WARNING-执行结果为True,,
2020-04-23 23:37:26,132-myloger-WARNING-限价委托卖-订单确认
2020-04-23 23:37:28,860-myloger-WARNING-执行结果为True,,
2020-04-23 23:37:28,861-myloger-WARNING-限价委托卖-全部撤单
2020-04-23 23:37:31,156-myloger-WARNING-报单查询等待...,xtpID=901029373774136312
2020-04-23 23:37:31,600-myloger-WARNING-执行结果为True,,
2020-04-23 23:37:32,116-myloger-WARNING-即成剩撤买--已成（费用<min）
2020-04-23 23:37:33,223-myloger-WARNING-执行结果为True,,
2020-04-23 23:37:33,224-myloger-WARNING-即成剩撤卖--已成（费用>min）
2020-04-23 23:37:34,419-myloger-WARNING-执行结果为True,,
2020-04-23 23:37:34,419-myloger-WARNING-五档即成转撤销买--已成（费用<min）
2020-04-23 23:37:35,022-myloger-WARNING-执行结果为True,,
2020-04-23 23:37:35,023-myloger-WARNING-五档即成转撤销卖--已成（费用>min）
2020-04-23 23:37:36,223-myloger-WARNING-执行结果为True,,
2020-04-23 23:37:36,223-myloger-WARNING-五档即成转撤销卖--已成（费用=min）
2020-04-23 23:37:37,434-myloger-WARNING-执行结果为True,,
2020-04-23 23:37:37,434-myloger-WARNING-全部成交或撤销买--已成（费用<min）
2020-04-23 23:37:38,539-myloger-WARNING-执行结果为True,,
2020-04-23 23:37:38,539-myloger-WARNING-全部成交或撤销卖--已成（费用>min）
2020-04-23 23:37:39,733-myloger-WARNING-执行结果为True,,
2020-04-23 23:37:39,733-myloger-WARNING-本方最优买--已成（费用<min）
2020-04-23 23:37:40,336-myloger-WARNING-执行结果为True,,
2020-04-23 23:37:40,337-myloger-WARNING-本方最优卖--已成（费用>min）
2020-04-23 23:37:41,544-myloger-WARNING-执行结果为True,,
2020-04-23 23:37:41,544-myloger-WARNING-对方最优转限价买--已成（费用<min）
2020-04-23 23:37:42,147-myloger-WARNING-执行结果为True,,
2020-04-23 23:37:42,148-myloger-WARNING-对方最优转限价卖--已成（费用>min）
2020-04-23 23:37:43,339-myloger-WARNING-执行结果为True,,
2020-04-23 23:37:43,355-myloger-WARNING-即成剩撤卖-废单再撤单(OMS)
2020-04-23 23:37:44,075-myloger-WARNING-执行结果为True,,
2020-04-23 23:37:44,091-myloger-WARNING-五档即成转撤销买-废单再撤单(OMS)
2020-04-23 23:37:44,768-myloger-WARNING-执行结果为True,,
2020-04-23 23:37:44,787-myloger-WARNING-五档即成转撤销卖-废单再撤单(OMS)
2020-04-23 23:37:45,513-myloger-WARNING-执行结果为True,,
2020-04-23 23:37:45,529-myloger-WARNING-全部成交或撤销买-废单再撤单(OMS)
2020-04-23 23:37:46,198-myloger-WARNING-执行结果为True,,
2020-04-23 23:37:46,214-myloger-WARNING-全部成交或撤销卖-废单再撤单(OMS)
2020-04-23 23:37:46,956-myloger-WARNING-执行结果为True,,
2020-04-23 23:37:46,972-myloger-WARNING-本方最优买-废单再撤单(OMS)
2020-04-23 23:37:47,635-myloger-WARNING-执行结果为True,,
2020-04-23 23:37:47,651-myloger-WARNING-本方最优卖-废单再撤单(OMS)
2020-04-23 23:37:48,371-myloger-WARNING-执行结果为True,,
2020-04-23 23:37:48,387-myloger-WARNING-对方最优转限价买-废单再撤单(OMS)
2020-04-23 23:37:49,051-myloger-WARNING-执行结果为True,,
2020-04-23 23:37:49,067-myloger-WARNING-对方最优转限价卖-废单再撤单(OMS)
2020-04-23 23:37:49,788-myloger-WARNING-执行结果为True,,
2020-04-23 23:37:49,788-myloger-WARNING-即成剩撤买-部成撤单 
2020-04-23 23:37:50,457-myloger-WARNING-执行结果为True,,
2020-04-23 23:37:50,457-myloger-WARNING-即成剩撤卖-部成撤单 
2020-04-23 23:37:51,180-myloger-WARNING-执行结果为True,,
2020-04-23 23:37:51,181-myloger-WARNING-五档即成转撤销买-部成撤单 
2020-04-23 23:37:51,855-myloger-WARNING-执行结果为True,,
2020-04-23 23:37:51,855-myloger-WARNING-五档即成转撤销卖-部成撤单 
2020-04-23 23:37:52,575-myloger-WARNING-执行结果为True,,
2020-04-23 23:37:52,576-myloger-WARNING-本方最优买--部成
2020-04-23 23:37:55,744-myloger-WARNING-执行结果为True,,
2020-04-23 23:37:55,744-myloger-WARNING-本方最优买-部成（手动）撤单 
2020-04-23 23:37:58,103-myloger-WARNING-报单查询等待...,xtpID=901029373774136348
2020-04-23 23:37:58,950-myloger-WARNING-执行结果为True,,
2020-04-23 23:37:58,950-myloger-WARNING-本方最优卖--部成
2020-04-23 23:38:01,683-myloger-WARNING-执行结果为True,,
2020-04-23 23:38:01,684-myloger-WARNING-本方最优卖-部成(手动）撤单 
2020-04-23 23:38:04,087-myloger-WARNING-报单查询等待...,xtpID=901029373774136351
2020-04-23 23:38:04,932-myloger-WARNING-执行结果为True,,
2020-04-23 23:38:04,933-myloger-WARNING-对方最优转限价买--部成
2020-04-23 23:38:08,105-myloger-WARNING-执行结果为True,,
2020-04-23 23:38:08,105-myloger-WARNING-对方最优转限价买-部成撤单 
2020-04-23 23:38:10,436-myloger-WARNING-报单查询等待...,xtpID=901029373774136354
2020-04-23 23:38:11,283-myloger-WARNING-执行结果为True,,
2020-04-23 23:38:11,283-myloger-WARNING-对方最优转限价卖--部成
2020-04-23 23:38:14,009-myloger-WARNING-执行结果为True,,
2020-04-23 23:38:14,010-myloger-WARNING-对方最优转限价卖-部成撤单 
2020-04-23 23:38:16,407-myloger-WARNING-报单查询等待...,xtpID=901029373774136357
2020-04-23 23:38:17,249-myloger-WARNING-执行结果为True,,
2020-04-23 23:38:17,250-myloger-WARNING-即成剩撤买-全部撤单
2020-04-23 23:38:17,913-myloger-WARNING-执行结果为True,,
2020-04-23 23:38:17,914-myloger-WARNING-即成剩撤卖-全部撤单
2020-04-23 23:38:18,638-myloger-WARNING-执行结果为True,,
2020-04-23 23:38:18,639-myloger-WARNING-五档即成转撤销买-全部撤单
2020-04-23 23:38:19,303-myloger-WARNING-执行结果为True,,
2020-04-23 23:38:19,303-myloger-WARNING-五档即成转撤销卖-全部撤单
2020-04-23 23:38:20,025-myloger-WARNING-执行结果为True,,
2020-04-23 23:38:20,026-myloger-WARNING-全部成交或撤销买-全部撤单
2020-04-23 23:38:20,696-myloger-WARNING-执行结果为True,,
2020-04-23 23:38:20,697-myloger-WARNING-全部成交或撤销卖-全部撤单
2020-04-23 23:38:21,420-myloger-WARNING-执行结果为True,,
2020-04-23 23:38:21,421-myloger-WARNING-本方最优买--订单确认
2020-04-23 23:38:24,100-myloger-WARNING-执行结果为True,,
2020-04-23 23:38:24,100-myloger-WARNING-本方最优买-全部（手动）撤单
2020-04-23 23:38:26,320-myloger-WARNING-报单查询等待...,xtpID=901029373774136366
2020-04-23 23:38:27,265-myloger-WARNING-执行结果为True,,
2020-04-23 23:38:27,266-myloger-WARNING-本方最优卖--订单确认
2020-04-23 23:38:29,995-myloger-WARNING-执行结果为True,,
2020-04-23 23:38:29,996-myloger-WARNING-本方最优卖-全部撤单
2020-04-23 23:38:32,281-myloger-WARNING-报单查询等待...,xtpID=901029373774136369
2020-04-23 23:38:32,718-myloger-WARNING-执行结果为True,,
2020-04-23 23:38:32,719-myloger-WARNING-对方最优转限价买-全部撤单
2020-04-23 23:38:33,384-myloger-WARNING-执行结果为True,,
2020-04-23 23:38:33,384-myloger-WARNING-对方最优转限价卖-全部撤单
2020-04-23 23:38:34,111-myloger-WARNING-执行结果为True,,
2020-04-23 23:38:38,539-myloger-WARNING-限价委托买-部成
2020-04-23 23:38:41,646-myloger-WARNING-执行结果为True,,
2020-04-23 23:38:41,646-myloger-WARNING-限价委托买-已成（费用=min）
2020-04-23 23:38:42,752-myloger-WARNING-执行结果为True,,
2020-04-23 23:38:42,752-myloger-WARNING-限价委托买-已成（费用<min）
2020-04-23 23:38:43,857-myloger-WARNING-执行结果为True,,
2020-04-23 23:38:43,857-myloger-WARNING-限价委托买-买前有持仓
2020-04-23 23:38:44,964-myloger-WARNING-执行结果为True,,
2020-04-23 23:38:44,964-myloger-WARNING-限价委托买-部成撤单 
2020-04-23 23:38:47,228-myloger-WARNING-报单查询等待...,xtpID=901029373774136377
2020-04-23 23:38:48,072-myloger-WARNING-执行结果为True,,
2020-04-23 23:38:48,073-myloger-WARNING-限价委托买-全部撤单
2020-04-23 23:38:50,237-myloger-WARNING-报单查询等待...,xtpID=901029373774136379
2020-04-23 23:38:50,680-myloger-WARNING-执行结果为True,,
2020-04-23 23:38:50,696-myloger-WARNING-限价委托买-全成再撤单（OMS）
2020-04-23 23:38:52,321-myloger-WARNING-执行结果为True,,
2020-04-23 23:38:52,338-myloger-WARNING-限价委托买-部撤再撤单（OMS）
2020-04-23 23:38:54,602-myloger-WARNING-报单查询等待...,xtpID=901029373774136383
2020-04-23 23:38:55,450-myloger-WARNING-执行结果为True,,
2020-04-23 23:38:55,467-myloger-WARNING-限价委托买-全撤再撤单（OMS）
2020-04-23 23:38:57,646-myloger-WARNING-报单查询等待...,xtpID=901029373774136386
2020-04-23 23:38:58,089-myloger-WARNING-执行结果为True,,
2020-04-23 23:38:58,105-myloger-WARNING-深圳Ａ股股票交易日限价委托买-错误的市场
2020-04-23 23:38:58,719-myloger-WARNING-执行结果为True,,
2020-04-23 23:38:58,736-myloger-WARNING-深圳Ａ股股票交易日限价委托买-错误的价格（价格<0）
2020-04-23 23:38:58,839-myloger-WARNING-执行结果为True,,
2020-04-23 23:38:58,855-myloger-WARNING-交易日限价委托买-错误的价格（价格=0）
2020-04-23 23:38:59,486-myloger-WARNING-执行结果为True,,
2020-04-23 23:38:59,502-myloger-WARNING-深圳Ａ股股票交易日限价委托买-错误的价格（价格巨大）
2020-04-23 23:39:00,106-myloger-WARNING-执行结果为True,,
2020-04-23 23:39:00,122-myloger-WARNING-深圳Ａ股股票交易日限价委托买-错误的数量（数量<0）
2020-04-23 23:39:00,228-myloger-WARNING-执行结果为True,,
2020-04-23 23:39:00,244-myloger-WARNING-深圳Ａ股股票交易日限价委托买-错误的数量（数量=0）
2020-04-23 23:39:00,848-myloger-WARNING-执行结果为True,,
2020-04-23 23:39:00,864-myloger-WARNING-深圳Ａ股股票交易日限价委托买-错误的数量（数量>100万）
2020-04-23 23:39:01,467-myloger-WARNING-执行结果为True,,
2020-04-23 23:39:01,483-myloger-WARNING-深圳Ａ股股票交易日限价委托买-错误的价格条件
2020-04-23 23:39:02,102-myloger-WARNING-执行结果为True,,
2020-04-23 23:39:02,102-myloger-WARNING-限价委托卖-订单确认
2020-04-23 23:39:04,799-myloger-WARNING-执行结果为True,,
2020-04-23 23:39:04,800-myloger-WARNING-限价委托卖-部成
2020-04-23 23:39:07,498-myloger-WARNING-执行结果为True,,
2020-04-23 23:39:07,498-myloger-WARNING-限价委托卖-已成（费用>min）
2020-04-23 23:39:08,712-myloger-WARNING-执行结果为True,,
2020-04-23 23:39:08,712-myloger-WARNING-限价委托卖-已成（费用=min）
2020-04-23 23:39:09,912-myloger-WARNING-执行结果为True,,
2020-04-23 23:39:09,912-myloger-WARNING-限价委托卖-已成（费用<min）
2020-04-23 23:39:11,108-myloger-WARNING-执行结果为True,,
2020-04-23 23:39:11,108-myloger-WARNING-限价委托卖-部成撤单 
2020-04-23 23:39:13,462-myloger-WARNING-报单查询等待...,xtpID=901029373774136400
2020-04-23 23:39:14,305-myloger-WARNING-执行结果为True,,
2020-04-23 23:39:14,305-myloger-WARNING-限价委托卖-全部撤单
2020-04-23 23:39:16,557-myloger-WARNING-报单查询等待...,xtpID=901029373774136402
2020-04-23 23:39:17,002-myloger-WARNING-执行结果为True,,
2020-04-23 23:39:17,018-myloger-WARNING-限价委托卖-全成再撤单（OMS）
2020-04-23 23:39:18,718-myloger-WARNING-执行结果为True,,
2020-04-23 23:39:18,734-myloger-WARNING-限价委托卖-废单再撤单（OMS）
2020-04-23 23:39:19,429-myloger-WARNING-执行结果为True,,
2020-04-23 23:39:19,446-myloger-WARNING-限价委托卖-部撤再撤单（OMS）
2020-04-23 23:39:21,807-myloger-WARNING-报单查询等待...,xtpID=901029373774136408
2020-04-23 23:39:22,660-myloger-WARNING-执行结果为True,,
2020-04-23 23:39:22,676-myloger-WARNING-限价委托卖-全撤再撤单（OMS）
2020-04-23 23:39:24,931-myloger-WARNING-报单查询等待...,xtpID=901029373774136411
2020-04-23 23:39:25,375-myloger-WARNING-执行结果为True,,
2020-04-23 23:39:25,391-myloger-WARNING-深圳Ａ股股票交易日限价委托卖-错误的市场
2020-04-23 23:39:26,083-myloger-WARNING-执行结果为True,,
2020-04-23 23:39:26,099-myloger-WARNING-深圳Ａ股股票交易日限价委托卖-错误的价格（价格<0）
2020-04-23 23:39:26,295-myloger-WARNING-执行结果为True,,
2020-04-23 23:39:26,311-myloger-WARNING-交易日限价委托卖-错误的价格（价格=0）
2020-04-23 23:39:27,011-myloger-WARNING-执行结果为True,,
2020-04-23 23:39:27,026-myloger-WARNING-深圳Ａ股股票交易日限价委托卖-错误的价格（价格巨大）
2020-04-23 23:39:27,734-myloger-WARNING-执行结果为True,,
2020-04-23 23:39:27,750-myloger-WARNING-深圳Ａ股股票交易日限价委托卖-错误的数量（数量<0）
2020-04-23 23:39:27,941-myloger-WARNING-执行结果为True,,
2020-04-23 23:39:27,957-myloger-WARNING-深圳Ａ股股票交易日限价委托卖-错误的数量（数量=0）
2020-04-23 23:39:28,648-myloger-WARNING-执行结果为True,,
2020-04-23 23:39:28,670-myloger-WARNING-深圳Ａ股股票交易日限价委托卖-错误的数量（数量>100万）
2020-04-23 23:39:29,365-myloger-WARNING-执行结果为True,,
2020-04-23 23:39:29,382-myloger-WARNING-深圳Ａ股股票交易日限价委托卖-错误的买卖方向
2020-04-23 23:39:30,074-myloger-WARNING-执行结果为True,,
2020-04-23 23:39:32,748-myloger-WARNING-限价委托买-已成（费用<min)
2020-04-23 23:39:33,854-myloger-WARNING-执行结果为True,,
2020-04-23 23:39:33,855-myloger-WARNING-限价委托卖-已成（费用>min)
2020-04-23 23:39:35,047-myloger-WARNING-执行结果为True,,
2020-04-23 23:39:35,064-myloger-WARNING-限价委托卖-废单再撤单（OMS)
2020-04-23 23:39:35,787-myloger-WARNING-执行结果为True,,
2020-04-23 23:39:35,787-myloger-WARNING-限价委托买-部成
2020-04-23 23:39:38,882-myloger-WARNING-执行结果为True,,
2020-04-23 23:39:38,883-myloger-WARNING-限价委托买-部成撤单 
2020-04-23 23:39:41,133-myloger-WARNING-报单查询等待...,xtpID=901029373774136425
2020-04-23 23:39:41,979-myloger-WARNING-执行结果为True,,
2020-04-23 23:39:41,979-myloger-WARNING-限价委托卖-部成
2020-04-23 23:39:44,705-myloger-WARNING-执行结果为True,,
2020-04-23 23:39:44,706-myloger-WARNING-限价委托卖-部成撤单 
2020-04-23 23:39:47,086-myloger-WARNING-报单查询等待...,xtpID=901029373774136428
2020-04-23 23:39:47,931-myloger-WARNING-执行结果为True,,
2020-04-23 23:39:47,931-myloger-WARNING-限价委托买-订单确认
2020-04-23 23:39:50,525-myloger-WARNING-执行结果为True,,
2020-04-23 23:39:50,525-myloger-WARNING-限价委托买-全部撤单
2020-04-23 23:39:52,686-myloger-WARNING-报单查询等待...,xtpID=901029373774136431
2020-04-23 23:39:53,119-myloger-WARNING-执行结果为True,,
2020-04-23 23:39:53,119-myloger-WARNING-限价委托卖-订单确认
2020-04-23 23:39:55,856-myloger-WARNING-执行结果为True,,
2020-04-23 23:39:55,856-myloger-WARNING-限价委托卖-全部撤单
2020-04-23 23:39:58,141-myloger-WARNING-报单查询等待...,xtpID=901029373774136434
2020-04-23 23:39:58,585-myloger-WARNING-执行结果为True,,
2020-04-23 23:39:59,410-myloger-WARNING-即成剩撤买--已成（费用<min）
2020-04-23 23:40:00,031-myloger-WARNING-执行结果为True,,
2020-04-23 23:40:00,032-myloger-WARNING-即成剩撤卖--已成（费用>min）
2020-04-23 23:40:01,230-myloger-WARNING-执行结果为True,,
2020-04-23 23:40:01,230-myloger-WARNING-五档即成转撤销买--已成（费用<min）
2020-04-23 23:40:01,833-myloger-WARNING-执行结果为True,,
2020-04-23 23:40:01,833-myloger-WARNING-五档即成转撤销卖--已成（费用>min）
2020-04-23 23:40:03,041-myloger-WARNING-执行结果为True,,
2020-04-23 23:40:03,041-myloger-WARNING-全部成交或撤销买--已成（费用<min）
2020-04-23 23:40:03,659-myloger-WARNING-执行结果为True,,
2020-04-23 23:40:03,659-myloger-WARNING-全部成交或撤销卖--已成（费用>min）
2020-04-23 23:40:04,871-myloger-WARNING-执行结果为True,,
2020-04-23 23:40:04,872-myloger-WARNING-本方最优买--已成（费用<min）
2020-04-23 23:40:05,483-myloger-WARNING-执行结果为True,,
2020-04-23 23:40:05,483-myloger-WARNING-本方最优卖--已成（费用>min）
2020-04-23 23:40:06,675-myloger-WARNING-执行结果为True,,
2020-04-23 23:40:06,675-myloger-WARNING-对方最优转限价买--已成（费用<min）
2020-04-23 23:40:07,294-myloger-WARNING-执行结果为True,,
2020-04-23 23:40:07,294-myloger-WARNING-对方最优转限价卖--已成（费用>min）
2020-04-23 23:40:08,490-myloger-WARNING-执行结果为True,,
2020-04-23 23:40:08,506-myloger-WARNING-即成剩撤卖-废单再撤单(OMS)
2020-04-23 23:40:09,226-myloger-WARNING-执行结果为True,,
2020-04-23 23:40:09,243-myloger-WARNING-五档即成转撤销买-废单再撤单(OMS)
2020-04-23 23:40:09,838-myloger-WARNING-执行结果为True,,
2020-04-23 23:40:09,854-myloger-WARNING-五档即成转撤销卖-废单再撤单(OMS)
2020-04-23 23:40:10,577-myloger-WARNING-执行结果为True,,
2020-04-23 23:40:10,593-myloger-WARNING-全部成交或撤销买-废单再撤单(OMS)
2020-04-23 23:40:11,186-myloger-WARNING-执行结果为True,,
2020-04-23 23:40:11,202-myloger-WARNING-全部成交或撤销卖-废单再撤单(OMS)
2020-04-23 23:40:11,923-myloger-WARNING-执行结果为True,,
2020-04-23 23:40:11,940-myloger-WARNING-本方最优买-废单再撤单(OMS)
2020-04-23 23:40:12,544-myloger-WARNING-执行结果为True,,
2020-04-23 23:40:12,560-myloger-WARNING-本方最优卖-废单再撤单(OMS)
2020-04-23 23:40:13,284-myloger-WARNING-执行结果为True,,
2020-04-23 23:40:13,301-myloger-WARNING-对方最优转限价买-废单再撤单(OMS)
2020-04-23 23:40:13,891-myloger-WARNING-执行结果为True,,
2020-04-23 23:40:13,908-myloger-WARNING-对方最优转限价卖-废单再撤单(OMS)
2020-04-23 23:40:14,631-myloger-WARNING-执行结果为True,,
2020-04-23 23:40:14,632-myloger-WARNING-即成剩撤买-部成撤单 
2020-04-23 23:40:15,224-myloger-WARNING-执行结果为True,,
2020-04-23 23:40:15,225-myloger-WARNING-即成剩撤卖-部成撤单 
2020-04-23 23:40:15,946-myloger-WARNING-执行结果为True,,
2020-04-23 23:40:15,946-myloger-WARNING-五档即成转撤销买-部成撤单 
2020-04-23 23:40:16,536-myloger-WARNING-执行结果为True,,
2020-04-23 23:40:16,537-myloger-WARNING-五档即成转撤销卖-部成撤单 
2020-04-23 23:40:17,268-myloger-WARNING-执行结果为True,,
2020-04-23 23:40:17,269-myloger-WARNING-本方最优买--部成
2020-04-23 23:40:20,364-myloger-WARNING-执行结果为True,,
2020-04-23 23:40:20,364-myloger-WARNING-本方最优买-部成（手动）撤单 
2020-04-23 23:40:22,631-myloger-WARNING-报单查询等待...,xtpID=901029373774136469
2020-04-23 23:40:23,475-myloger-WARNING-执行结果为True,,
2020-04-23 23:40:23,475-myloger-WARNING-本方最优卖--部成
2020-04-23 23:40:26,198-myloger-WARNING-执行结果为True,,
2020-04-23 23:40:26,198-myloger-WARNING-本方最优卖-部成(手动）撤单 
2020-04-23 23:40:28,584-myloger-WARNING-报单查询等待...,xtpID=901029373774136472
2020-04-23 23:40:28,915-myloger-ERROR-可用资金计算不正确
2020-04-23 23:40:29,428-myloger-WARNING-执行结果为False,报单查询,可用资金计算不正确
2020-04-23 23:40:29,429-myloger-WARNING-对方最优转限价买--部成
2020-04-23 23:40:32,524-myloger-WARNING-执行结果为True,,
2020-04-23 23:40:32,524-myloger-WARNING-对方最优转限价买-部成撤单 
2020-04-23 23:40:34,774-myloger-WARNING-报单查询等待...,xtpID=901029373774136475
2020-04-23 23:40:35,618-myloger-WARNING-执行结果为True,,
2020-04-23 23:40:35,618-myloger-WARNING-对方最优转限价卖--部成
2020-04-23 23:40:38,343-myloger-WARNING-执行结果为True,,
2020-04-23 23:40:38,344-myloger-WARNING-对方最优转限价卖-部成撤单 
2020-04-23 23:40:40,761-myloger-WARNING-报单查询等待...,xtpID=901029373774136478
2020-04-23 23:40:41,071-myloger-ERROR-可用资金计算不正确
2020-04-23 23:40:41,606-myloger-WARNING-执行结果为False,报单查询,可用资金计算不正确
2020-04-23 23:40:41,606-myloger-WARNING-即成剩撤买-全部撤单
2020-04-23 23:40:42,199-myloger-WARNING-执行结果为True,,
2020-04-23 23:40:42,199-myloger-WARNING-即成剩撤卖-全部撤单
2020-04-23 23:40:42,924-myloger-WARNING-执行结果为True,,
2020-04-23 23:40:42,924-myloger-WARNING-五档即成转撤销买-全部撤单
2020-04-23 23:40:43,517-myloger-WARNING-执行结果为True,,
2020-04-23 23:40:43,517-myloger-WARNING-五档即成转撤销卖-全部撤单
2020-04-23 23:40:44,260-myloger-WARNING-执行结果为True,,
2020-04-23 23:40:44,261-myloger-WARNING-全部成交或撤销买-全部撤单
2020-04-23 23:40:44,856-myloger-WARNING-执行结果为True,,
2020-04-23 23:40:44,857-myloger-WARNING-全部成交或撤销卖-全部撤单
2020-04-23 23:40:45,604-myloger-WARNING-执行结果为True,,
2020-04-23 23:40:45,604-myloger-WARNING-本方最优买--订单确认
2020-04-23 23:40:48,197-myloger-WARNING-执行结果为True,,
2020-04-23 23:40:48,198-myloger-WARNING-本方最优买-全部（手动）撤单
2020-04-23 23:40:50,349-myloger-WARNING-报单查询等待...,xtpID=901029373774136487
2020-04-23 23:40:50,794-myloger-WARNING-执行结果为True,,
2020-04-23 23:40:50,794-myloger-WARNING-本方最优卖--订单确认
2020-04-23 23:40:53,520-myloger-WARNING-执行结果为True,,
2020-04-23 23:40:53,520-myloger-WARNING-本方最优卖-全部撤单
2020-04-23 23:40:55,816-myloger-WARNING-报单查询等待...,xtpID=901029373774136490
2020-04-23 23:40:56,758-myloger-WARNING-执行结果为True,,
2020-04-23 23:40:56,759-myloger-WARNING-对方最优转限价买-全部撤单
2020-04-23 23:40:57,350-myloger-WARNING-执行结果为True,,
2020-04-23 23:40:57,351-myloger-WARNING-对方最优转限价卖-全部撤单
2020-04-23 23:40:58,078-myloger-WARNING-执行结果为True,,
2020-04-23 23:41:00,771-myloger-WARNING-限价委托买-已成（费用<min）
2020-04-23 23:41:01,379-myloger-WARNING-执行结果为True,,
2020-04-23 23:41:01,380-myloger-WARNING-限价委托卖-已成（费用>min）
2020-04-23 23:41:02,577-myloger-WARNING-执行结果为True,,
2020-04-23 23:41:02,593-myloger-WARNING-限价委托卖-废单再撤单（OMS）
2020-04-23 23:41:03,322-myloger-WARNING-执行结果为True,,
2020-04-23 23:41:03,323-myloger-WARNING-限价委托买-部成
2020-04-23 23:41:06,417-myloger-WARNING-执行结果为True,,
2020-04-23 23:41:06,417-myloger-WARNING-限价委托买-部成撤单 
2020-04-23 23:41:08,667-myloger-WARNING-报单查询等待...,xtpID=901029373774136499
2020-04-23 23:41:09,512-myloger-WARNING-执行结果为True,,
2020-04-23 23:41:09,513-myloger-WARNING-限价委托卖-部成
2020-04-23 23:41:12,235-myloger-WARNING-执行结果为True,,
2020-04-23 23:41:12,236-myloger-WARNING-限价委托卖-部成撤单 
2020-04-23 23:41:14,614-myloger-WARNING-报单查询等待...,xtpID=901029373774136502
2020-04-23 23:41:15,458-myloger-WARNING-执行结果为True,,
2020-04-23 23:41:15,459-myloger-WARNING-限价委托买-订单确认
2020-04-23 23:41:18,071-myloger-WARNING-执行结果为True,,
2020-04-23 23:41:18,071-myloger-WARNING-限价委托买-全部撤单
2020-04-23 23:41:20,222-myloger-WARNING-报单查询等待...,xtpID=901029373774136505
2020-04-23 23:41:20,666-myloger-WARNING-执行结果为True,,
2020-04-23 23:41:20,666-myloger-WARNING-限价委托卖-订单确认
2020-04-23 23:41:23,396-myloger-WARNING-执行结果为True,,
2020-04-23 23:41:23,396-myloger-WARNING-限价委托卖-全部撤单
2020-04-23 23:41:25,686-myloger-WARNING-报单查询等待...,xtpID=901029373774136508
2020-04-23 23:41:26,120-myloger-WARNING-执行结果为True,,
2020-04-23 23:41:26,843-myloger-WARNING-即成剩撤买--已成（费用<min）
2020-04-23 23:41:27,460-myloger-WARNING-执行结果为True,,
2020-04-23 23:41:27,461-myloger-WARNING-即成剩撤卖--已成（费用>min）
2020-04-23 23:41:28,662-myloger-WARNING-执行结果为True,,
2020-04-23 23:41:28,662-myloger-WARNING-五档即成转撤销买--已成（费用<min）
2020-04-23 23:41:29,769-myloger-WARNING-执行结果为True,,
2020-04-23 23:41:29,770-myloger-WARNING-五档即成转撤销卖--已成（费用>min）
2020-04-23 23:41:30,969-myloger-WARNING-执行结果为True,,
2020-04-23 23:41:30,969-myloger-WARNING-全部成交或撤销买--已成（费用<min）
2020-04-23 23:41:31,577-myloger-WARNING-执行结果为True,,
2020-04-23 23:41:31,578-myloger-WARNING-全部成交或撤销卖--已成（费用>min）
2020-04-23 23:41:32,779-myloger-WARNING-执行结果为True,,
2020-04-23 23:41:32,779-myloger-WARNING-本方最优买--已成（费用<min）
2020-04-23 23:41:33,887-myloger-WARNING-执行结果为True,,
2020-04-23 23:41:33,887-myloger-WARNING-本方最优卖--已成（费用>min）
2020-04-23 23:41:35,091-myloger-WARNING-执行结果为True,,
2020-04-23 23:41:35,091-myloger-WARNING-对方最优转限价买--已成（费用<min）
2020-04-23 23:41:35,700-myloger-WARNING-执行结果为True,,
2020-04-23 23:41:35,701-myloger-WARNING-对方最优转限价卖--已成（费用>min）
2020-04-23 23:41:36,897-myloger-WARNING-执行结果为True,,
2020-04-23 23:41:36,913-myloger-WARNING-即成剩撤卖-废单再撤单(OMS)
2020-04-23 23:41:37,647-myloger-WARNING-执行结果为True,,
2020-04-23 23:41:37,663-myloger-WARNING-五档即成转撤销买-废单再撤单(OMS)
2020-04-23 23:41:38,262-myloger-WARNING-执行结果为True,,
2020-04-23 23:41:38,278-myloger-WARNING-五档即成转撤销卖-废单再撤单(OMS)
2020-04-23 23:41:38,999-myloger-WARNING-执行结果为True,,
2020-04-23 23:41:39,015-myloger-WARNING-全部成交或撤销买-废单再撤单(OMS)
2020-04-23 23:41:39,606-myloger-WARNING-执行结果为True,,
2020-04-23 23:41:39,622-myloger-WARNING-全部成交或撤销卖-废单再撤单(OMS)
2020-04-23 23:41:40,346-myloger-WARNING-执行结果为True,,
2020-04-23 23:41:40,362-myloger-WARNING-本方最优买-废单再撤单(OMS)
2020-04-23 23:41:40,963-myloger-WARNING-执行结果为True,,
2020-04-23 23:41:40,979-myloger-WARNING-本方最优卖-废单再撤单(OMS)
2020-04-23 23:41:41,707-myloger-WARNING-执行结果为True,,
2020-04-23 23:41:41,723-myloger-WARNING-对方最优转限价买-废单再撤单(OMS)
2020-04-23 23:41:42,329-myloger-WARNING-执行结果为True,,
2020-04-23 23:41:42,345-myloger-WARNING-对方最优转限价卖-废单再撤单(OMS)
2020-04-23 23:41:43,069-myloger-WARNING-执行结果为True,,
2020-04-23 23:41:43,070-myloger-WARNING-即成剩撤买-部成撤单 
2020-04-23 23:41:43,661-myloger-WARNING-执行结果为True,,
2020-04-23 23:41:43,661-myloger-WARNING-即成剩撤卖-部成撤单 
2020-04-23 23:41:44,299-myloger-ERROR-可用资金计算不正确
2020-04-23 23:41:44,386-myloger-WARNING-执行结果为False,报单查询,可用资金计算不正确
2020-04-23 23:41:44,387-myloger-WARNING-五档即成转撤销买-部成撤单 
2020-04-23 23:41:44,994-myloger-WARNING-执行结果为True,,
2020-04-23 23:41:44,994-myloger-WARNING-五档即成转撤销卖-部成撤单 
2020-04-23 23:41:45,721-myloger-WARNING-执行结果为True,,
2020-04-23 23:41:45,722-myloger-WARNING-本方最优买--部成
2020-04-23 23:41:48,816-myloger-WARNING-执行结果为True,,
2020-04-23 23:41:48,817-myloger-WARNING-本方最优买-部成（手动）撤单 
2020-04-23 23:41:51,067-myloger-WARNING-报单查询等待...,xtpID=901029373774136543
2020-04-23 23:41:51,911-myloger-WARNING-执行结果为True,,
2020-04-23 23:41:51,911-myloger-WARNING-本方最优卖--部成
2020-04-23 23:41:54,640-myloger-WARNING-执行结果为True,,
2020-04-23 23:41:54,640-myloger-WARNING-本方最优卖-部成(手动）撤单 
2020-04-23 23:41:57,036-myloger-WARNING-报单查询等待...,xtpID=901029373774136546
2020-04-23 23:41:57,880-myloger-WARNING-执行结果为True,,
2020-04-23 23:41:57,880-myloger-WARNING-对方最优转限价买--部成
2020-04-23 23:42:00,977-myloger-WARNING-执行结果为True,,
2020-04-23 23:42:00,978-myloger-WARNING-对方最优转限价买-部成撤单 
2020-04-23 23:42:03,229-myloger-WARNING-报单查询等待...,xtpID=901029373774136549
2020-04-23 23:42:04,072-myloger-WARNING-执行结果为True,,
2020-04-23 23:42:04,073-myloger-WARNING-对方最优转限价卖--部成
2020-04-23 23:42:06,799-myloger-WARNING-执行结果为True,,
2020-04-23 23:42:06,800-myloger-WARNING-对方最优转限价卖-部成撤单 
2020-04-23 23:42:09,178-myloger-WARNING-报单查询等待...,xtpID=901029373774136552
2020-04-23 23:42:10,023-myloger-WARNING-执行结果为True,,
2020-04-23 23:42:10,024-myloger-WARNING-即成剩撤买-全部撤单
2020-04-23 23:42:10,617-myloger-WARNING-执行结果为True,,
2020-04-23 23:42:10,617-myloger-WARNING-即成剩撤卖-全部撤单
2020-04-23 23:42:11,341-myloger-WARNING-执行结果为True,,
2020-04-23 23:42:11,341-myloger-WARNING-五档即成转撤销买-全部撤单
2020-04-23 23:42:11,935-myloger-WARNING-执行结果为True,,
2020-04-23 23:42:11,936-myloger-WARNING-五档即成转撤销卖-全部撤单
2020-04-23 23:42:12,680-myloger-WARNING-执行结果为True,,
2020-04-23 23:42:12,681-myloger-WARNING-全部成交或撤销买-全部撤单
2020-04-23 23:42:13,274-myloger-WARNING-执行结果为True,,
2020-04-23 23:42:13,274-myloger-WARNING-全部成交或撤销卖-全部撤单
2020-04-23 23:42:14,004-myloger-WARNING-执行结果为True,,
2020-04-23 23:42:14,005-myloger-WARNING-本方最优买--订单确认
2020-04-23 23:42:16,608-myloger-WARNING-执行结果为True,,
2020-04-23 23:42:16,609-myloger-WARNING-本方最优买-全部（手动）撤单
2020-04-23 23:42:18,774-myloger-WARNING-报单查询等待...,xtpID=901029373774136561
2020-04-23 23:42:19,220-myloger-WARNING-执行结果为True,,
2020-04-23 23:42:19,220-myloger-WARNING-本方最优卖--订单确认
2020-04-23 23:42:21,945-myloger-WARNING-执行结果为True,,
2020-04-23 23:42:21,946-myloger-WARNING-本方最优卖-全部撤单
2020-04-23 23:42:24,231-myloger-WARNING-报单查询等待...,xtpID=901029373774136564
2020-04-23 23:42:24,676-myloger-WARNING-执行结果为True,,
2020-04-23 23:42:24,676-myloger-WARNING-对方最优转限价买-全部撤单
2020-04-23 23:42:25,272-myloger-WARNING-执行结果为True,,
2020-04-23 23:42:25,272-myloger-WARNING-对方最优转限价卖-全部撤单
2020-04-23 23:42:26,015-myloger-WARNING-执行结果为True,,
2020-04-23 23:42:28,490-myloger-WARNING-深圳新股申购--等于股票申购额度：16500股
2020-04-23 23:42:29,070-myloger-WARNING-执行结果为True,,
2020-04-23 23:42:29,087-myloger-WARNING-深圳新股申购--大于股票申购额度：16000股
2020-04-23 23:42:29,665-myloger-WARNING-执行结果为True,,
2020-04-23 23:42:29,665-myloger-WARNING-深圳新股申购--多次申购
2020-04-23 23:42:29,665-myloger-WARNING-深圳新股申购--多次申购-第一次下单
2020-04-23 23:42:30,244-myloger-WARNING-执行结果为True,,
2020-04-23 23:42:30,245-myloger-WARNING-深圳新股申购--多次申购-第二次下单
2020-04-23 23:42:30,821-myloger-WARNING-执行结果为True,,
2020-04-23 23:42:30,821-myloger-WARNING-深圳新股申购--多次申购-第三次下单
2020-04-23 23:42:31,396-myloger-WARNING-执行结果为True,,
2020-04-23 23:42:33,888-myloger-WARNING-深圳配股缴款--废单
2020-04-23 23:42:34,469-myloger-WARNING-执行结果为True,,
2020-04-23 23:42:34,470-myloger-WARNING-深圳配股缴款--撤单已成
2020-04-23 23:42:36,552-myloger-WARNING-报单查询等待...,xtpID=901029373774136574
2020-04-23 23:42:37,048-myloger-WARNING-执行结果为True,,
2020-04-23 23:42:37,049-myloger-WARNING-深圳配股缴款--买卖方向：卖
2020-04-23 23:42:39,630-myloger-WARNING-执行结果为True,,
2020-04-23 23:42:39,631-myloger-WARNING-深圳配股缴款--验券：持仓=买数量
2020-04-23 23:42:42,210-myloger-WARNING-执行结果为True,,
2020-04-23 23:42:44,696-myloger-WARNING-限价委托买-已成（费用<min）
2020-04-23 23:43:45,355-myloger-WARNING-执行结果为False,,用例超时
2020-04-23 23:43:45,356-myloger-WARNING-限价委托卖-已成（费用>min）
2020-04-23 23:43:50,422-myloger-WARNING-限价委托卖-废单再撤单（OMS）
2020-04-24 00:48:45,681-myloger-WARNING-限价委托买-部成
2020-04-24 00:48:50,815-myloger-WARNING-限价委托买-部成撤单 
2020-04-24 00:48:55,915-myloger-WARNING-限价委托卖-部成
2020-04-24 00:48:55,983-myloger-WARNING-限价委托卖-部成撤单 
2020-04-24 00:48:56,045-myloger-WARNING-限价委托买-订单确认
2020-04-24 00:49:01,145-myloger-WARNING-限价委托买-全部撤单
2020-04-24 00:49:06,253-myloger-WARNING-限价委托卖-订单确认
2020-04-24 00:49:06,316-myloger-WARNING-限价委托卖-全部撤单
2020-04-24 00:49:06,871-myloger-WARNING-五档即成转限价买--已成（费用<min）
2020-04-24 00:49:11,912-myloger-WARNING-五档即成转限价卖--已成（费用>min）
2020-04-24 00:49:16,961-myloger-WARNING-五档即成转撤销买--已成（费用<min）
2020-04-24 00:49:21,992-myloger-WARNING-五档即成转撤销卖--已成（费用>min）
2020-04-24 00:49:27,054-myloger-WARNING-五档即成转限价卖-废单再撤单(OMS)
2020-04-24 00:49:27,130-myloger-WARNING-五档即成转撤销买-废单再撤单(OMS)
2020-04-24 00:49:32,249-myloger-WARNING-五档即成转撤销卖-废单再撤单(OMS)
2020-04-24 00:49:32,311-myloger-WARNING-五档即成转限价买--部成
2020-04-24 00:49:37,413-myloger-WARNING-五档即成转限价买-部成撤单 
2020-04-24 00:49:42,535-myloger-WARNING-五档即成转限价卖--部成
2020-04-24 00:49:42,612-myloger-WARNING-五档即成转限价卖-部成撤单 
2020-04-24 00:49:42,674-myloger-WARNING-五档即成转撤销买-部成(系统自动）撤单 
2020-04-24 00:49:47,777-myloger-WARNING-五档即成转撤销卖-部成(系统自动）撤单 
2020-04-24 00:49:47,843-myloger-WARNING-五档即成转限价买--订单确认
2020-04-24 00:49:52,943-myloger-WARNING-五档即成转限价买-全部撤单
2020-04-24 00:49:58,044-myloger-WARNING-五档即成转限价卖--订单确认
2020-04-24 00:49:58,113-myloger-WARNING-五档即成转限价卖-全部撤单
2020-04-24 00:49:58,181-myloger-WARNING-五档即成转撤销买-全部撤单
2020-04-24 00:50:03,282-myloger-WARNING-五档即成转撤销卖-全部撤单
2020-04-24 00:50:06,016-myloger-WARNING-限价委托买-已成（费用<min）
2020-04-24 00:50:11,048-myloger-WARNING-限价委托卖-已成（费用>min）
2020-04-24 00:50:16,111-myloger-WARNING-限价委托卖-废单再撤单（OMS）
2020-04-24 00:50:16,172-myloger-WARNING-限价委托买-部成
2020-04-24 00:50:21,190-myloger-WARNING-限价委托买-部成撤单 
2020-04-24 00:50:26,208-myloger-WARNING-限价委托卖-部成
2020-04-24 00:50:26,270-myloger-WARNING-限价委托卖-部成撤单 
2020-04-24 00:50:26,332-myloger-WARNING-限价委托买-订单确认
2020-04-24 00:50:31,349-myloger-WARNING-限价委托买-全部撤单
2020-04-24 00:50:36,367-myloger-WARNING-限价委托卖-订单确认
2020-04-24 00:50:36,430-myloger-WARNING-限价委托卖-全部撤单
2020-04-24 00:50:37,192-myloger-WARNING-五档即成转限价买--已成（费用<min）
2020-04-24 00:50:42,224-myloger-WARNING-五档即成转限价卖--已成（费用>min）
2020-04-24 00:50:47,271-myloger-WARNING-五档即成转撤销买--已成（费用<min）
2020-04-24 00:50:52,301-myloger-WARNING-五档即成转撤销卖--已成（费用>min）
2020-04-24 00:50:57,364-myloger-WARNING-五档即成转限价卖-废单再撤单(OMS)
2020-04-24 00:50:57,444-myloger-WARNING-五档即成转撤销买-废单再撤单(OMS)
2020-04-24 00:51:02,477-myloger-WARNING-五档即成转撤销卖-废单再撤单(OMS)
2020-04-24 00:51:02,538-myloger-WARNING-五档即成转限价买--部成
2020-04-24 00:51:07,555-myloger-WARNING-五档即成转限价买-部成撤单 
2020-04-24 00:51:12,573-myloger-WARNING-五档即成转限价卖--部成
2020-04-24 00:51:12,635-myloger-WARNING-五档即成转限价卖-部成撤单 
2020-04-24 00:51:12,702-myloger-WARNING-五档即成转撤销买-部成(系统自动）撤单 
2020-04-24 00:51:17,720-myloger-WARNING-五档即成转撤销卖-部成(系统自动）撤单 
2020-04-24 00:51:17,781-myloger-WARNING-五档即成转限价买--订单确认
2020-04-24 00:51:22,798-myloger-WARNING-五档即成转限价买-全部撤单
2020-04-24 00:51:27,816-myloger-WARNING-五档即成转限价卖--订单确认
2020-04-24 00:51:27,894-myloger-WARNING-五档即成转限价卖-全部撤单
2020-04-24 00:51:27,963-myloger-WARNING-五档即成转撤销买-全部撤单
2020-04-24 00:51:32,980-myloger-WARNING-五档即成转撤销卖-全部撤单
2020-04-24 00:51:35,718-myloger-WARNING-限价委托买-已成（费用<min）
2020-04-24 00:51:40,750-myloger-WARNING-限价委托卖-已成（费用>min）
2020-04-24 00:51:45,812-myloger-WARNING-限价委托卖-废单再撤单（OMS）
2020-04-24 00:51:45,873-myloger-WARNING-限价委托买-部成
2020-04-24 00:51:50,890-myloger-WARNING-限价委托买-部成撤单 
2020-04-24 00:51:55,911-myloger-WARNING-限价委托卖-部成
2020-04-24 00:51:55,972-myloger-WARNING-限价委托卖-部成撤单 
2020-04-24 00:51:56,034-myloger-WARNING-限价委托买-订单确认
2020-04-24 00:52:01,050-myloger-WARNING-限价委托买-全部撤单
2020-04-24 00:52:06,068-myloger-WARNING-限价委托卖-订单确认
2020-04-24 00:52:06,130-myloger-WARNING-限价委托卖-全部撤单
2020-04-24 00:52:06,899-myloger-WARNING-五档即成转限价买--已成（费用<min）
2020-04-24 00:52:11,931-myloger-WARNING-五档即成转限价卖--已成（费用>min）
2020-04-24 00:52:16,979-myloger-WARNING-五档即成转撤销买--已成（费用<min）
2020-04-24 00:52:22,010-myloger-WARNING-五档即成转撤销卖--已成（费用>min）
2020-04-24 00:52:27,085-myloger-WARNING-五档即成转限价卖-废单再撤单(OMS)
2020-04-24 00:52:27,162-myloger-WARNING-五档即成转撤销买-废单再撤单(OMS)
2020-04-24 00:52:32,195-myloger-WARNING-五档即成转撤销卖-废单再撤单(OMS)
2020-04-24 00:52:32,257-myloger-WARNING-五档即成转限价买--部成
2020-04-24 00:52:37,273-myloger-WARNING-五档即成转限价买-部成撤单 
2020-04-24 00:52:42,291-myloger-WARNING-五档即成转限价卖--部成
2020-04-24 00:52:42,353-myloger-WARNING-五档即成转限价卖-部成撤单 
2020-04-24 00:52:42,414-myloger-WARNING-五档即成转撤销买-部成(系统自动）撤单 
2020-04-24 00:52:47,432-myloger-WARNING-五档即成转撤销卖-部成(系统自动）撤单 
2020-04-24 00:52:47,494-myloger-WARNING-五档即成转限价买--订单确认
2020-04-24 00:52:52,511-myloger-WARNING-五档即成转限价买-全部撤单
2020-04-24 00:52:57,528-myloger-WARNING-五档即成转限价卖--订单确认
2020-04-24 00:52:57,590-myloger-WARNING-五档即成转限价卖-全部撤单
2020-04-24 00:52:57,652-myloger-WARNING-五档即成转撤销买-全部撤单
2020-04-24 00:53:02,669-myloger-WARNING-五档即成转撤销卖-全部撤单
2020-04-24 00:53:05,216-myloger-WARNING-上海新股申购--等于股票申购额度：15000股
2020-04-24 00:53:10,233-myloger-WARNING-上海新股申购--大于股票申购额度：16000股
2020-04-24 00:53:15,234-myloger-WARNING-上海新股申购--多次申购
2020-04-24 00:53:15,235-myloger-WARNING-上海新股申购--多次申购-第一次下单
2020-04-24 00:53:22,738-myloger-WARNING-上海配股缴款--废单
2020-04-24 00:53:27,739-myloger-WARNING-上海配股缴款--买卖方向：卖
2020-04-24 00:53:32,740-myloger-WARNING-上海配股缴款--验券：持仓=买数量
2020-04-24 00:53:37,741-myloger-WARNING-上海配股缴款--验券：买数量=100w
2020-04-24 00:53:45,234-myloger-WARNING-上海逆回购--已成-182天
2020-04-24 00:53:50,296-myloger-WARNING-上海逆回购--数量（小于1000张）
2020-04-24 00:53:55,343-myloger-WARNING-上海逆回购--部成-91天
2020-04-24 00:54:00,391-myloger-WARNING-上海逆回购--撤单部成-28天
2020-04-24 00:54:05,439-myloger-WARNING-上海逆回购--已报-14天
2020-04-24 00:54:10,487-myloger-WARNING-上海逆回购--撤单已成-7天
2020-04-24 00:54:18,018-myloger-WARNING-深圳逆回购--已成-2天
2020-04-24 00:54:23,081-myloger-WARNING-深圳逆回购--错误的市场
2020-04-24 00:54:28,127-myloger-WARNING-深圳逆回购--部成-3天
2020-04-24 00:54:33,174-myloger-WARNING-深圳逆回购--撤单部成-4天
2020-04-24 00:54:38,220-myloger-WARNING-深圳逆回购--已报-7天
2020-04-24 00:54:43,266-myloger-WARNING-深圳逆回购--撤单已成-14天
