2017-05-02 10:29:44,655 - B_XJ_SA_GP.py:34 - 深圳Ａ股股票限价买入撤单废单测试,case_ID=ATC-204-01
2017-05-02 10:29:44,693 - QueryStkPriceQty.py:116 - 查询到的委托入参相关信息如下
2017-05-02 10:29:44,694 - log.py:31 - 跌停价:5.24
2017-05-02 10:29:44,694 - log.py:31 - 证券代码:000005
2017-05-02 10:29:44,694 - log.py:31 - 返回结果:True
2017-05-02 10:29:44,694 - log.py:31 - 卖－随机数量:0
2017-05-02 10:29:44,694 - log.py:31 - 涨停价:6.4
2017-05-02 10:29:44,694 - log.py:31 - 昨收盘价:5.82
2017-05-02 10:29:44,694 - log.py:31 - 随机中间价:5.75
2017-05-02 10:29:44,694 - log.py:31 - 卖－可用数量:0
2017-05-02 10:29:44,694 - log.py:31 - 错误原因:
2017-05-02 10:29:44,694 - mainService.py:115 - ParmIni初始化全局变量开始..
2017-05-02 10:29:44,694 - mainService.py:176 - ParmIni初始化全局变量完成
2017-05-02 10:29:44,694 - CaseParmInsertMysql.py:13 - 测试用例入参和期待结果插入数据库
2017-05-02 10:29:44,706 - mainService.py:864 - 初始资金持仓为:
2017-05-02 10:29:44,706 - log.py:31 - 可用资金:34455817.92
2017-05-02 10:29:44,706 - log.py:31 - 预扣资金:0.0
2017-05-02 10:29:44,706 - log.py:31 - 拥股数量:0
2017-05-02 10:29:44,706 - log.py:31 - 卖出资金:0.0
2017-05-02 10:29:44,706 - log.py:31 - 买入费用:0.0
2017-05-02 10:29:44,706 - log.py:31 - 可用股份数:0
2017-05-02 10:29:44,706 - log.py:31 - 市场:XTP_MKT_SZ_A
2017-05-02 10:29:44,707 - log.py:31 - 总资产:34455817.92
2017-05-02 10:29:44,707 - log.py:31 - 卖出费用:0.0
2017-05-02 10:29:44,707 - log.py:31 - 股票代码:000005
2017-05-02 10:29:44,707 - log.py:31 - 持仓成本:0
2017-05-02 10:29:44,707 - log.py:31 - 买入资金:0.0
2017-05-02 10:29:44,707 - log.py:31 - 浮动盈亏:0
2017-05-02 10:29:44,707 - mainService.py:960 - 等待开市44
2017-05-02 10:29:44,707 - mainService.py:377 - 下单的xtpID=900884947210880659
2017-05-02 10:29:44,817 - mainService.py:813 - 正在进行报单查询，xtpID=900884947210880659
2017-05-02 10:29:44,818 - mainService.py:254 - 报单推送-报单状态/提交状态check结果:False,
2017-05-02 10:29:44,820 - mainService.py:185 - 报单查询回调开始，当前报单xtpID=900884947210880659,报单状态=XTP_ORDER_STATUS_NOTRADEQUEUEING,提交状态=XTP_ORDER_SUBMIT_STATUS_INSERT_ACCEPTED
2017-05-02 10:29:44,820 - mainService.py:996 - 等待休市44
2017-05-02 10:29:54,445 - mainService.py:187 - 报单查询-报单状态/提交状态check结果:False,pending,
2017-05-02 10:29:54,446 - mainService.py:224 - 报单查询等待...,xtpID=900884947210880659
2017-05-02 10:29:59,434 - mainService.py:905 - 最终资金持仓为:
2017-05-02 10:29:59,434 - log.py:31 - 可用资金:34455817.92
2017-05-02 10:29:59,434 - log.py:31 - 预扣资金:0.0
2017-05-02 10:29:59,434 - log.py:31 - 拥股数量:0
2017-05-02 10:29:59,434 - log.py:31 - 卖出资金:0.0
2017-05-02 10:29:59,434 - log.py:31 - 买入费用:0.0
2017-05-02 10:29:59,435 - log.py:31 - 可用股份数:0
2017-05-02 10:29:59,435 - log.py:31 - 市场:XTP_MKT_SZ_A
2017-05-02 10:29:59,435 - log.py:31 - 总资产:34455817.92
2017-05-02 10:29:59,435 - log.py:31 - 卖出费用:0.0
2017-05-02 10:29:59,435 - log.py:31 - 股票代码:000005
2017-05-02 10:29:59,435 - log.py:31 - 持仓成本:0
2017-05-02 10:29:59,435 - log.py:31 - 买入资金:0.0
2017-05-02 10:29:59,435 - log.py:31 - 浮动盈亏:0
2017-05-02 10:29:59,435 - mainService.py:813 - 正在进行报单查询，xtpID=900884947210880660
2017-05-02 10:29:59,435 - mainService.py:254 - 报单推送-报单状态/提交状态check结果:True,
2017-05-02 10:29:59,477 - BdtsDataCheck.py:251 - 报单回报状态为已撤,XTP_ORDER_STATUS_CANCELED
2017-05-02 10:29:59,477 - BdtsDataCheck.py:65 - 报单推送数据检查结束，检查结果如下
2017-05-02 10:29:59,477 - log.py:31 - 撤销时间:20170502103000071
2017-05-02 10:29:59,477 - log.py:31 - 报单检查状态:pending
2017-05-02 10:29:59,477 - log.py:31 - 提交状态:XTP_ORDER_SUBMIT_STATUS_INSERT_ACCEPTED
2017-05-02 10:29:59,477 - log.py:31 - 报单状态:XTP_ORDER_STATUS_CANCELED
2017-05-02 10:29:59,477 - log.py:31 - cancel_xtpID:900884947210880660
2017-05-02 10:29:59,477 - log.py:31 - 成交金额:0.0
2017-05-02 10:29:59,477 - log.py:31 - xtpID:900884947210880659
2017-05-02 10:29:59,477 - log.py:31 - ErrMsg:
2017-05-02 10:29:59,477 - log.py:31 - 剩余数量:200
2017-05-02 10:29:59,477 - log.py:31 - 错误信息:
2017-05-02 10:29:59,477 - log.py:31 - 测试结果:False
2017-05-02 10:29:59,477 - log.py:31 - 委托时间:20170502102950048
2017-05-02 10:29:59,477 - log.py:31 - 成交数量:0
2017-05-02 10:29:59,477 - log.py:31 - Err_code:0
2017-05-02 10:29:59,478 - log.py:31 - 最后修改时间:0
2017-05-02 10:29:59,478 - log.py:31 - 委托价格:5.75
2017-05-02 10:29:59,478 - mainService.py:303 - 当前为撤废异步回调函数..start
2017-05-02 10:29:59,678 - CancelOrderErrorDataCheck.py:7 - 当前是撤废数据检查函数
2017-05-02 10:29:59,679 - mainService.py:813 - 正在进行报单查询，xtpID=900884947210880661
2017-05-02 10:29:59,679 - mainService.py:185 - 报单查询回调开始，当前报单xtpID=900884947210880660,报单状态=XTP_ORDER_STATUS_CANCELED,提交状态=XTP_ORDER_SUBMIT_STATUS_CANCEL_ACCEPTED
2017-05-02 10:29:59,679 - mainService.py:187 - 报单查询-报单状态/提交状态check结果:True,end,
2017-05-02 10:29:59,679 - BdqueryDataCheck.py:62 - 当前为撤单类型data
2017-05-02 10:29:59,717 - BdqueryDataCheck.py:518 - 撤单报单查询状态为已撤,提交状态为已提交，XTP_ORDER_STATUS_CANCELED,XTP_ORDER_SUBMIT_STATUS_CANCEL_ACCEPTED
2017-05-02 10:29:59,717 - BdqueryDataCheck.py:80 - 报单查询数据检查结束，检查结果如下
2017-05-02 10:29:59,717 - log.py:31 - 报单类型:撤单
2017-05-02 10:29:59,717 - log.py:31 - 撤销时间:20170502103000071
2017-05-02 10:29:59,717 - log.py:31 - 报单检查状态:pending
2017-05-02 10:29:59,717 - log.py:31 - 提交状态:XTP_ORDER_SUBMIT_STATUS_CANCEL_ACCEPTED
2017-05-02 10:29:59,717 - log.py:31 - 报单状态:XTP_ORDER_STATUS_CANCELED
2017-05-02 10:29:59,717 - log.py:31 - cancel_xtpID:0
2017-05-02 10:29:59,717 - log.py:31 - 成交金额:0.0
2017-05-02 10:29:59,717 - log.py:31 - xtpID:900884947210880660
2017-05-02 10:29:59,717 - log.py:31 - ErrMsg:
2017-05-02 10:29:59,717 - log.py:31 - 剩余数量:0
2017-05-02 10:29:59,717 - log.py:31 - 错误信息:
2017-05-02 10:29:59,718 - log.py:31 - 测试结果:False
2017-05-02 10:29:59,718 - log.py:31 - 委托时间:20170502102959285
2017-05-02 10:29:59,718 - log.py:31 - 成交数量:200
2017-05-02 10:29:59,718 - log.py:31 - Err_code:0
2017-05-02 10:29:59,718 - log.py:31 - 最后修改时间:0
2017-05-02 10:29:59,718 - log.py:31 - 委托价格:5.75
2017-05-02 10:29:59,718 - mainService.py:185 - 报单查询回调开始，当前报单xtpID=900884947210880661,报单状态=XTP_ORDER_STATUS_REJECTED,提交状态=XTP_ORDER_SUBMIT_STATUS_CANCEL_REJECTED
2017-05-02 10:29:59,730 - mainService.py:905 - 最终资金持仓为:
2017-05-02 10:29:59,730 - log.py:31 - 可用资金:34455817.92
2017-05-02 10:29:59,730 - log.py:31 - 预扣资金:0.0
2017-05-02 10:29:59,730 - log.py:31 - 拥股数量:0
2017-05-02 10:29:59,730 - log.py:31 - 卖出资金:0.0
2017-05-02 10:29:59,730 - log.py:31 - 买入费用:0.0
2017-05-02 10:29:59,730 - log.py:31 - 可用股份数:0
2017-05-02 10:29:59,730 - log.py:31 - 市场:XTP_MKT_SZ_A
2017-05-02 10:29:59,730 - log.py:31 - 总资产:34455817.92
2017-05-02 10:29:59,730 - log.py:31 - 卖出费用:0.0
2017-05-02 10:29:59,731 - log.py:31 - 股票代码:000005
2017-05-02 10:29:59,731 - log.py:31 - 持仓成本:0
2017-05-02 10:29:59,731 - log.py:31 - 买入资金:0.0
2017-05-02 10:29:59,731 - log.py:31 - 浮动盈亏:0
2017-05-02 10:29:59,731 - mainService.py:187 - 报单查询-报单状态/提交状态check结果:True,end,
2017-05-02 10:29:59,731 - BdqueryDataCheck.py:62 - 当前为撤单类型data
2017-05-02 10:29:59,760 - B_XJ_SA_GP.py:59 - 用例case_ID=ATC-204-01执行结果为False,撤废-报单查询,


2017-05-02 10:38:01,471 - B_XJ_SA_GP.py:34 - 深圳Ａ股股票限价买入撤单废单测试,case_ID=ATC-204-01
2017-05-02 10:38:01,518 - QueryStkPriceQty.py:116 - 查询到的委托入参相关信息如下
2017-05-02 10:38:01,518 - log.py:31 - 跌停价:16.85
2017-05-02 10:38:01,518 - log.py:31 - 证券代码:000151
2017-05-02 10:38:01,518 - log.py:31 - 返回结果:True
2017-05-02 10:38:01,518 - log.py:31 - 卖－随机数量:0
2017-05-02 10:38:01,518 - log.py:31 - 涨停价:20.59
2017-05-02 10:38:01,519 - log.py:31 - 昨收盘价:18.72
2017-05-02 10:38:01,519 - log.py:31 - 随机中间价:18.51
2017-05-02 10:38:01,519 - log.py:31 - 卖－可用数量:0
2017-05-02 10:38:01,519 - log.py:31 - 错误原因:
2017-05-02 10:38:01,519 - mainService.py:115 - ParmIni初始化全局变量开始..
2017-05-02 10:38:01,519 - mainService.py:176 - ParmIni初始化全局变量完成
2017-05-02 10:38:01,519 - CaseParmInsertMysql.py:13 - 测试用例入参和期待结果插入数据库
2017-05-02 10:38:01,534 - mainService.py:864 - 初始资金持仓为:
2017-05-02 10:38:01,534 - log.py:31 - 可用资金:34455817.92
2017-05-02 10:38:01,534 - log.py:31 - 预扣资金:0.0
2017-05-02 10:38:01,534 - log.py:31 - 拥股数量:0
2017-05-02 10:38:01,534 - log.py:31 - 卖出资金:0.0
2017-05-02 10:38:01,534 - log.py:31 - 买入费用:0.0
2017-05-02 10:38:01,534 - log.py:31 - 可用股份数:0
2017-05-02 10:38:01,535 - log.py:31 - 市场:XTP_MKT_SZ_A
2017-05-02 10:38:01,535 - log.py:31 - 总资产:34455817.92
2017-05-02 10:38:01,535 - log.py:31 - 卖出费用:0.0
2017-05-02 10:38:01,535 - log.py:31 - 股票代码:000151
2017-05-02 10:38:01,535 - log.py:31 - 持仓成本:0
2017-05-02 10:38:01,535 - log.py:31 - 买入资金:0.0
2017-05-02 10:38:01,535 - log.py:31 - 浮动盈亏:0
2017-05-02 10:38:01,535 - mainService.py:960 - 等待开市1
2017-05-02 10:38:01,535 - mainService.py:377 - 下单的xtpID=900884947210900739
2017-05-02 10:38:01,640 - mainService.py:813 - 正在进行报单查询，xtpID=900884947210900739
2017-05-02 10:38:01,641 - mainService.py:254 - 报单推送-报单状态/提交状态check结果:False,
2017-05-02 10:38:01,643 - mainService.py:185 - 报单查询回调开始，当前报单xtpID=900884947210900739,报单状态=XTP_ORDER_STATUS_NOTRADEQUEUEING,提交状态=XTP_ORDER_SUBMIT_STATUS_INSERT_ACCEPTED
2017-05-02 10:38:01,644 - mainService.py:996 - 等待休市1
2017-05-02 10:38:14,281 - mainService.py:187 - 报单查询-报单状态/提交状态check结果:False,pending,
2017-05-02 10:38:14,293 - mainService.py:224 - 报单查询等待...,xtpID=900884947210900739
2017-05-02 10:38:19,532 - mainService.py:905 - 最终资金持仓为:
2017-05-02 10:38:19,533 - log.py:31 - 可用资金:34455817.92
2017-05-02 10:38:19,533 - log.py:31 - 预扣资金:0.0
2017-05-02 10:38:19,533 - log.py:31 - 拥股数量:0
2017-05-02 10:38:19,533 - log.py:31 - 卖出资金:0.0
2017-05-02 10:38:19,533 - log.py:31 - 买入费用:0.0
2017-05-02 10:38:19,533 - log.py:31 - 可用股份数:0
2017-05-02 10:38:19,533 - log.py:31 - 市场:XTP_MKT_SZ_A
2017-05-02 10:38:19,533 - log.py:31 - 总资产:34455817.92
2017-05-02 10:38:19,533 - log.py:31 - 卖出费用:0.0
2017-05-02 10:38:19,533 - log.py:31 - 股票代码:000151
2017-05-02 10:38:19,533 - log.py:31 - 持仓成本:0
2017-05-02 10:38:19,533 - log.py:31 - 买入资金:0.0
2017-05-02 10:38:19,533 - log.py:31 - 浮动盈亏:0
2017-05-02 10:38:19,533 - mainService.py:813 - 正在进行报单查询，xtpID=900884947210900740
2017-05-02 10:38:19,533 - mainService.py:254 - 报单推送-报单状态/提交状态check结果:True,
2017-05-02 10:38:19,864 - BdtsDataCheck.py:251 - 报单回报状态为已撤,XTP_ORDER_STATUS_CANCELED
2017-05-02 10:38:19,864 - BdtsDataCheck.py:65 - 报单推送数据检查结束，检查结果如下
2017-05-02 10:38:19,864 - log.py:31 - 撤销时间:20170502103820098
2017-05-02 10:38:19,865 - log.py:31 - 报单检查状态:pending
2017-05-02 10:38:19,865 - log.py:31 - 提交状态:XTP_ORDER_SUBMIT_STATUS_INSERT_ACCEPTED
2017-05-02 10:38:19,865 - log.py:31 - 报单状态:XTP_ORDER_STATUS_CANCELED
2017-05-02 10:38:19,866 - log.py:31 - cancel_xtpID:900884947210900740
2017-05-02 10:38:19,866 - log.py:31 - 成交金额:0.0
2017-05-02 10:38:19,866 - log.py:31 - xtpID:900884947210900739
2017-05-02 10:38:19,866 - log.py:31 - ErrMsg:
2017-05-02 10:38:19,866 - log.py:31 - 剩余数量:200
2017-05-02 10:38:19,866 - log.py:31 - 错误信息:
2017-05-02 10:38:19,867 - log.py:31 - 测试结果:False
2017-05-02 10:38:19,867 - log.py:31 - 委托时间:20170502103806879
2017-05-02 10:38:19,867 - log.py:31 - 成交数量:0
2017-05-02 10:38:19,867 - log.py:31 - Err_code:0
2017-05-02 10:38:19,867 - log.py:31 - 最后修改时间:0
2017-05-02 10:38:19,867 - log.py:31 - 委托价格:18.51
2017-05-02 10:38:19,867 - mainService.py:303 - 当前为撤废异步回调函数..start
2017-05-02 10:38:20,068 - CancelOrderErrorDataCheck.py:7 - 当前是撤废数据检查函数
2017-05-02 10:38:20,069 - mainService.py:813 - 正在进行报单查询，xtpID=900884947210900741
2017-05-02 10:38:20,069 - mainService.py:185 - 报单查询回调开始，当前报单xtpID=900884947210900740,报单状态=XTP_ORDER_STATUS_CANCELED,提交状态=XTP_ORDER_SUBMIT_STATUS_CANCEL_ACCEPTED
2017-05-02 10:38:20,069 - mainService.py:187 - 报单查询-报单状态/提交状态check结果:True,end,
2017-05-02 10:38:20,069 - BdqueryDataCheck.py:62 - 当前为撤单类型data
2017-05-02 10:38:20,373 - BdqueryDataCheck.py:518 - 撤单报单查询状态为已撤,提交状态为已提交，XTP_ORDER_STATUS_CANCELED,XTP_ORDER_SUBMIT_STATUS_CANCEL_ACCEPTED
2017-05-02 10:38:20,374 - BdqueryDataCheck.py:80 - 报单查询数据检查结束，检查结果如下
2017-05-02 10:38:20,374 - log.py:31 - 报单类型:撤单
2017-05-02 10:38:20,374 - log.py:31 - 撤销时间:20170502103820098
2017-05-02 10:38:20,374 - log.py:31 - 报单检查状态:pending
2017-05-02 10:38:20,375 - log.py:31 - 提交状态:XTP_ORDER_SUBMIT_STATUS_CANCEL_ACCEPTED
2017-05-02 10:38:20,375 - log.py:31 - 报单状态:XTP_ORDER_STATUS_CANCELED
2017-05-02 10:38:20,375 - log.py:31 - cancel_xtpID:0
2017-05-02 10:38:20,375 - log.py:31 - 成交金额:0.0
2017-05-02 10:38:20,375 - log.py:31 - xtpID:900884947210900740
2017-05-02 10:38:20,375 - log.py:31 - ErrMsg:
2017-05-02 10:38:20,375 - log.py:31 - 剩余数量:0
2017-05-02 10:38:20,376 - log.py:31 - 错误信息:
2017-05-02 10:38:20,376 - log.py:31 - 测试结果:False
2017-05-02 10:38:20,376 - log.py:31 - 委托时间:20170502103819124
2017-05-02 10:38:20,376 - log.py:31 - 成交数量:200
2017-05-02 10:38:20,376 - log.py:31 - Err_code:0
2017-05-02 10:38:20,376 - log.py:31 - 最后修改时间:0
2017-05-02 10:38:20,376 - log.py:31 - 委托价格:18.51
2017-05-02 10:38:20,377 - mainService.py:185 - 报单查询回调开始，当前报单xtpID=900884947210900741,报单状态=XTP_ORDER_STATUS_REJECTED,提交状态=XTP_ORDER_SUBMIT_STATUS_CANCEL_REJECTED
2017-05-02 10:38:20,535 - mainService.py:905 - 最终资金持仓为:
2017-05-02 10:38:20,536 - log.py:31 - 可用资金:34455817.92
2017-05-02 10:38:20,536 - log.py:31 - 预扣资金:0.0
2017-05-02 10:38:20,536 - log.py:31 - 拥股数量:0
2017-05-02 10:38:20,536 - log.py:31 - 卖出资金:0.0
2017-05-02 10:38:20,536 - log.py:31 - 买入费用:0.0
2017-05-02 10:38:20,537 - log.py:31 - 可用股份数:0
2017-05-02 10:38:20,537 - log.py:31 - 市场:XTP_MKT_SZ_A
2017-05-02 10:38:20,537 - log.py:31 - 总资产:34455817.92
2017-05-02 10:38:20,537 - log.py:31 - 卖出费用:0.0
2017-05-02 10:38:20,537 - log.py:31 - 股票代码:000151
2017-05-02 10:38:20,537 - log.py:31 - 持仓成本:0
2017-05-02 10:38:20,537 - log.py:31 - 买入资金:0.0
2017-05-02 10:38:20,537 - log.py:31 - 浮动盈亏:0
2017-05-02 10:38:20,537 - mainService.py:187 - 报单查询-报单状态/提交状态check结果:True,end,
2017-05-02 10:38:20,537 - BdqueryDataCheck.py:62 - 当前为撤单类型data
2017-05-02 10:38:20,595 - B_XJ_SA_GP.py:59 - 用例case_ID=ATC-204-01执行结果为False,撤废-报单查询,


2017-05-02 10:55:32,537 - B_XJ_SA_GP.py:34 - 深圳Ａ股股票限价买入撤单废单测试,case_ID=ATC-204-01
2017-05-02 10:55:32,584 - QueryStkPriceQty.py:116 - 查询到的委托入参相关信息如下
2017-05-02 10:55:32,584 - log.py:31 - 跌停价:8.63
2017-05-02 10:55:32,584 - log.py:31 - 证券代码:000551
2017-05-02 10:55:32,584 - log.py:31 - 返回结果:True
2017-05-02 10:55:32,584 - log.py:31 - 卖－随机数量:0
2017-05-02 10:55:32,584 - log.py:31 - 涨停价:10.55
2017-05-02 10:55:32,584 - log.py:31 - 昨收盘价:9.59
2017-05-02 10:55:32,584 - log.py:31 - 随机中间价:9.43
2017-05-02 10:55:32,584 - log.py:31 - 卖－可用数量:0
2017-05-02 10:55:32,584 - log.py:31 - 错误原因:
2017-05-02 10:55:32,584 - mainService.py:115 - ParmIni初始化全局变量开始..
2017-05-02 10:55:32,585 - mainService.py:176 - ParmIni初始化全局变量完成
2017-05-02 10:55:32,585 - CaseParmInsertMysql.py:13 - 测试用例入参和期待结果插入数据库
2017-05-02 10:55:32,601 - mainService.py:864 - 初始资金持仓为:
2017-05-02 10:55:32,601 - log.py:31 - 可用资金:34455817.92
2017-05-02 10:55:32,601 - log.py:31 - 预扣资金:0.0
2017-05-02 10:55:32,601 - log.py:31 - 拥股数量:0
2017-05-02 10:55:32,601 - log.py:31 - 卖出资金:0.0
2017-05-02 10:55:32,601 - log.py:31 - 买入费用:0.0
2017-05-02 10:55:32,601 - log.py:31 - 可用股份数:0
2017-05-02 10:55:32,602 - log.py:31 - 市场:XTP_MKT_SZ_A
2017-05-02 10:55:32,602 - log.py:31 - 总资产:34455817.92
2017-05-02 10:55:32,602 - log.py:31 - 卖出费用:0.0
2017-05-02 10:55:32,602 - log.py:31 - 股票代码:000551
2017-05-02 10:55:32,602 - log.py:31 - 持仓成本:0
2017-05-02 10:55:32,602 - log.py:31 - 买入资金:0.0
2017-05-02 10:55:32,602 - log.py:31 - 浮动盈亏:0
2017-05-02 10:55:32,602 - mainService.py:960 - 等待开市32
2017-05-02 10:55:40,629 - mainService.py:377 - 下单的xtpID=900884947210920819
2017-05-02 10:55:40,738 - mainService.py:813 - 正在进行报单查询，xtpID=900884947210920819
2017-05-02 10:55:40,739 - mainService.py:254 - 报单推送-报单状态/提交状态check结果:False,
2017-05-02 10:55:40,741 - mainService.py:185 - 报单查询回调开始，当前报单xtpID=900884947210920819,报单状态=XTP_ORDER_STATUS_NOTRADEQUEUEING,提交状态=XTP_ORDER_SUBMIT_STATUS_INSERT_ACCEPTED
2017-05-02 10:55:40,741 - mainService.py:996 - 等待休市40
2017-05-02 10:55:54,384 - mainService.py:187 - 报单查询-报单状态/提交状态check结果:False,pending,
2017-05-02 10:55:54,385 - mainService.py:224 - 报单查询等待...,xtpID=900884947210920819
2017-05-02 10:55:59,350 - mainService.py:905 - 最终资金持仓为:
2017-05-02 10:55:59,350 - log.py:31 - 可用资金:34455817.92
2017-05-02 10:55:59,350 - log.py:31 - 预扣资金:0.0
2017-05-02 10:55:59,350 - log.py:31 - 拥股数量:0
2017-05-02 10:55:59,350 - log.py:31 - 卖出资金:0.0
2017-05-02 10:55:59,350 - log.py:31 - 买入费用:0.0
2017-05-02 10:55:59,351 - log.py:31 - 可用股份数:0
2017-05-02 10:55:59,351 - log.py:31 - 市场:XTP_MKT_SZ_A
2017-05-02 10:55:59,351 - log.py:31 - 总资产:34455817.92
2017-05-02 10:55:59,351 - log.py:31 - 卖出费用:0.0
2017-05-02 10:55:59,351 - log.py:31 - 股票代码:000551
2017-05-02 10:55:59,351 - log.py:31 - 持仓成本:0
2017-05-02 10:55:59,351 - log.py:31 - 买入资金:0.0
2017-05-02 10:55:59,351 - log.py:31 - 浮动盈亏:0
2017-05-02 10:55:59,351 - mainService.py:813 - 正在进行报单查询，xtpID=900884947210920820
2017-05-02 10:55:59,351 - mainService.py:254 - 报单推送-报单状态/提交状态check结果:True,
2017-05-02 10:55:59,397 - BdtsDataCheck.py:251 - 报单回报状态为已撤,XTP_ORDER_STATUS_CANCELED
2017-05-02 10:55:59,397 - BdtsDataCheck.py:65 - 报单推送数据检查结束，检查结果如下
2017-05-02 10:55:59,397 - log.py:31 - 撤销时间:20170502105600028
2017-05-02 10:55:59,397 - log.py:31 - 报单检查状态:pending
2017-05-02 10:55:59,397 - log.py:31 - 提交状态:XTP_ORDER_SUBMIT_STATUS_INSERT_ACCEPTED
2017-05-02 10:55:59,397 - log.py:31 - 报单状态:XTP_ORDER_STATUS_CANCELED
2017-05-02 10:55:59,397 - log.py:31 - cancel_xtpID:900884947210920820
2017-05-02 10:55:59,398 - log.py:31 - 成交金额:0.0
2017-05-02 10:55:59,398 - log.py:31 - xtpID:900884947210920819
2017-05-02 10:55:59,398 - log.py:31 - ErrMsg:
2017-05-02 10:55:59,398 - log.py:31 - 剩余数量:200
2017-05-02 10:55:59,398 - log.py:31 - 错误信息:
2017-05-02 10:55:59,398 - log.py:31 - 测试结果:False
2017-05-02 10:55:59,399 - log.py:31 - 委托时间:20170502105545980
2017-05-02 10:55:59,399 - log.py:31 - 成交数量:0
2017-05-02 10:55:59,399 - log.py:31 - Err_code:0
2017-05-02 10:55:59,399 - log.py:31 - 最后修改时间:0
2017-05-02 10:55:59,400 - log.py:31 - 委托价格:9.43
2017-05-02 10:55:59,400 - mainService.py:185 - 报单查询回调开始，当前报单xtpID=900884947210920820,报单状态=XTP_ORDER_STATUS_CANCELED,提交状态=XTP_ORDER_SUBMIT_STATUS_CANCEL_ACCEPTED
2017-05-02 10:55:59,401 - mainService.py:187 - 报单查询-报单状态/提交状态check结果:True,end,
2017-05-02 10:55:59,401 - BdqueryDataCheck.py:62 - 当前为撤单类型data
2017-05-02 10:55:59,446 - BdqueryDataCheck.py:518 - 撤单报单查询状态为已撤,提交状态为已提交，XTP_ORDER_STATUS_CANCELED,XTP_ORDER_SUBMIT_STATUS_CANCEL_ACCEPTED
2017-05-02 10:55:59,447 - BdqueryDataCheck.py:80 - 报单查询数据检查结束，检查结果如下
2017-05-02 10:55:59,447 - log.py:31 - 报单类型:撤单
2017-05-02 10:55:59,447 - log.py:31 - 撤销时间:20170502105600028
2017-05-02 10:55:59,447 - log.py:31 - 报单检查状态:pending
2017-05-02 10:55:59,447 - log.py:31 - 提交状态:XTP_ORDER_SUBMIT_STATUS_CANCEL_ACCEPTED
2017-05-02 10:55:59,448 - log.py:31 - 报单状态:XTP_ORDER_STATUS_CANCELED
2017-05-02 10:55:59,448 - log.py:31 - cancel_xtpID:0
2017-05-02 10:55:59,448 - log.py:31 - 成交金额:0.0
2017-05-02 10:55:59,449 - log.py:31 - xtpID:900884947210920820
2017-05-02 10:55:59,449 - log.py:31 - ErrMsg:
2017-05-02 10:55:59,449 - log.py:31 - 剩余数量:0
2017-05-02 10:55:59,449 - log.py:31 - 错误信息:
2017-05-02 10:55:59,449 - log.py:31 - 测试结果:False
2017-05-02 10:55:59,449 - log.py:31 - 委托时间:20170502105559231
2017-05-02 10:55:59,450 - log.py:31 - 成交数量:200
2017-05-02 10:55:59,450 - log.py:31 - Err_code:0
2017-05-02 10:55:59,450 - log.py:31 - 最后修改时间:0
2017-05-02 10:55:59,450 - log.py:31 - 委托价格:9.43
2017-05-02 10:55:59,450 - mainService.py:303 - 当前为撤废异步回调函数..start
2017-05-02 10:55:59,660 - CancelOrderErrorDataCheck.py:7 - 当前是撤废数据检查函数
2017-05-02 10:55:59,661 - mainService.py:813 - 正在进行报单查询，xtpID=900884947210920821
2017-05-02 10:55:59,663 - mainService.py:185 - 报单查询回调开始，当前报单xtpID=900884947210920821,报单状态=XTP_ORDER_STATUS_REJECTED,提交状态=XTP_ORDER_SUBMIT_STATUS_CANCEL_REJECTED
2017-05-02 10:55:59,675 - mainService.py:905 - 最终资金持仓为:
2017-05-02 10:55:59,675 - log.py:31 - 可用资金:34455817.92
2017-05-02 10:55:59,676 - log.py:31 - 预扣资金:0.0
2017-05-02 10:55:59,676 - log.py:31 - 拥股数量:0
2017-05-02 10:55:59,676 - log.py:31 - 卖出资金:0.0
2017-05-02 10:55:59,676 - log.py:31 - 买入费用:0.0
2017-05-02 10:55:59,676 - log.py:31 - 可用股份数:0
2017-05-02 10:55:59,676 - log.py:31 - 市场:XTP_MKT_SZ_A
2017-05-02 10:55:59,676 - log.py:31 - 总资产:34455817.92
2017-05-02 10:55:59,676 - log.py:31 - 卖出费用:0.0
2017-05-02 10:55:59,676 - log.py:31 - 股票代码:000551
2017-05-02 10:55:59,676 - log.py:31 - 持仓成本:0
2017-05-02 10:55:59,676 - log.py:31 - 买入资金:0.0
2017-05-02 10:55:59,676 - log.py:31 - 浮动盈亏:0
2017-05-02 10:55:59,676 - mainService.py:187 - 报单查询-报单状态/提交状态check结果:True,end,
2017-05-02 10:55:59,676 - BdqueryDataCheck.py:62 - 当前为撤单类型data
2017-05-02 10:55:59,702 - B_XJ_SA_GP.py:59 - 用例case_ID=ATC-204-01执行结果为False,撤废-报单查询,


2017-05-02 11:04:23,060 - B_XJ_SA_GP.py:34 - 深圳Ａ股股票限价买入撤单废单测试,case_ID=ATC-204-01
2017-05-02 11:04:23,107 - QueryStkPriceQty.py:116 - 查询到的委托入参相关信息如下
2017-05-02 11:04:23,108 - log.py:31 - 跌停价:5.87
2017-05-02 11:04:23,108 - log.py:31 - 证券代码:000509
2017-05-02 11:04:23,108 - log.py:31 - 返回结果:True
2017-05-02 11:04:23,108 - log.py:31 - 卖－随机数量:0
2017-05-02 11:04:23,108 - log.py:31 - 涨停价:7.17
2017-05-02 11:04:23,108 - log.py:31 - 昨收盘价:6.52
2017-05-02 11:04:23,108 - log.py:31 - 随机中间价:6.92
2017-05-02 11:04:23,108 - log.py:31 - 卖－可用数量:0
2017-05-02 11:04:23,108 - log.py:31 - 错误原因:
2017-05-02 11:04:23,108 - mainService.py:115 - ParmIni初始化全局变量开始..
2017-05-02 11:04:23,108 - mainService.py:176 - ParmIni初始化全局变量完成
2017-05-02 11:04:23,108 - CaseParmInsertMysql.py:13 - 测试用例入参和期待结果插入数据库
2017-05-02 11:04:23,128 - mainService.py:864 - 初始资金持仓为:
2017-05-02 11:04:23,129 - log.py:31 - 可用资金:34455817.92
2017-05-02 11:04:23,129 - log.py:31 - 预扣资金:0.0
2017-05-02 11:04:23,129 - log.py:31 - 拥股数量:0
2017-05-02 11:04:23,129 - log.py:31 - 卖出资金:0.0
2017-05-02 11:04:23,129 - log.py:31 - 买入费用:0.0
2017-05-02 11:04:23,129 - log.py:31 - 可用股份数:0
2017-05-02 11:04:23,129 - log.py:31 - 市场:XTP_MKT_SZ_A
2017-05-02 11:04:23,129 - log.py:31 - 总资产:34455817.92
2017-05-02 11:04:23,129 - log.py:31 - 卖出费用:0.0
2017-05-02 11:04:23,129 - log.py:31 - 股票代码:000509
2017-05-02 11:04:23,129 - log.py:31 - 持仓成本:0
2017-05-02 11:04:23,129 - log.py:31 - 买入资金:0.0
2017-05-02 11:04:23,129 - log.py:31 - 浮动盈亏:0
2017-05-02 11:04:23,130 - mainService.py:960 - 等待开市23
2017-05-02 11:04:23,130 - mainService.py:377 - 下单的xtpID=900884947210922827
2017-05-02 11:04:23,238 - mainService.py:813 - 正在进行报单查询，xtpID=900884947210922827
2017-05-02 11:04:23,239 - mainService.py:254 - 报单推送-报单状态/提交状态check结果:False,
2017-05-02 11:04:23,243 - mainService.py:185 - 报单查询回调开始，当前报单xtpID=900884947210922827,报单状态=XTP_ORDER_STATUS_NOTRADEQUEUEING,提交状态=XTP_ORDER_SUBMIT_STATUS_INSERT_ACCEPTED
2017-05-02 11:04:23,243 - mainService.py:996 - 等待休市23
2017-05-02 11:04:33,874 - mainService.py:187 - 报单查询-报单状态/提交状态check结果:False,pending,
2017-05-02 11:04:33,874 - mainService.py:224 - 报单查询等待...,xtpID=900884947210922827
2017-05-02 11:04:39,415 - mainService.py:303 - 当前为撤废异步回调函数..start
2017-05-02 11:04:39,632 - CancelOrderErrorDataCheck.py:7 - 当前是撤废数据检查函数
2017-05-02 11:04:39,634 - mainService.py:813 - 正在进行报单查询，xtpID=900884947210922829
2017-05-02 11:04:39,658 - mainService.py:905 - 最终资金持仓为:
2017-05-02 11:04:39,658 - log.py:31 - 可用资金:34455817.92
2017-05-02 11:04:39,658 - log.py:31 - 预扣资金:0.0
2017-05-02 11:04:39,658 - log.py:31 - 拥股数量:0
2017-05-02 11:04:39,658 - log.py:31 - 卖出资金:0.0
2017-05-02 11:04:39,658 - log.py:31 - 买入费用:0.0
2017-05-02 11:04:39,658 - log.py:31 - 可用股份数:0
2017-05-02 11:04:39,658 - log.py:31 - 市场:XTP_MKT_SZ_A
2017-05-02 11:04:39,658 - log.py:31 - 总资产:34455817.92
2017-05-02 11:04:39,659 - log.py:31 - 卖出费用:0.0
2017-05-02 11:04:39,659 - log.py:31 - 股票代码:000509
2017-05-02 11:04:39,659 - log.py:31 - 持仓成本:0
2017-05-02 11:04:39,659 - log.py:31 - 买入资金:0.0
2017-05-02 11:04:39,659 - log.py:31 - 浮动盈亏:0
2017-05-02 11:04:39,659 - mainService.py:813 - 正在进行报单查询，xtpID=900884947210922828
2017-05-02 11:04:39,659 - mainService.py:254 - 报单推送-报单状态/提交状态check结果:True,
2017-05-02 11:04:39,701 - BdtsDataCheck.py:251 - 报单回报状态为已撤,XTP_ORDER_STATUS_CANCELED
2017-05-02 11:04:39,701 - BdtsDataCheck.py:65 - 报单推送数据检查结束，检查结果如下
2017-05-02 11:04:39,701 - log.py:31 - 撤销时间:20170502110440081
2017-05-02 11:04:39,701 - log.py:31 - 报单检查状态:pending
2017-05-02 11:04:39,701 - log.py:31 - 提交状态:XTP_ORDER_SUBMIT_STATUS_INSERT_ACCEPTED
2017-05-02 11:04:39,701 - log.py:31 - 报单状态:XTP_ORDER_STATUS_CANCELED
2017-05-02 11:04:39,701 - log.py:31 - cancel_xtpID:900884947210922828
2017-05-02 11:04:39,701 - log.py:31 - 成交金额:0.0
2017-05-02 11:04:39,701 - log.py:31 - xtpID:900884947210922827
2017-05-02 11:04:39,701 - log.py:31 - ErrMsg:
2017-05-02 11:04:39,701 - log.py:31 - 剩余数量:200
2017-05-02 11:04:39,701 - log.py:31 - 错误信息:
2017-05-02 11:04:39,701 - log.py:31 - 测试结果:False
2017-05-02 11:04:39,701 - log.py:31 - 委托时间:20170502110428485
2017-05-02 11:04:39,701 - log.py:31 - 成交数量:0
2017-05-02 11:04:39,701 - log.py:31 - Err_code:0
2017-05-02 11:04:39,701 - log.py:31 - 最后修改时间:0
2017-05-02 11:04:39,701 - log.py:31 - 委托价格:6.92
2017-05-02 11:04:39,701 - mainService.py:185 - 报单查询回调开始，当前报单xtpID=900884947210922829,报单状态=XTP_ORDER_STATUS_REJECTED,提交状态=XTP_ORDER_SUBMIT_STATUS_CANCEL_REJECTED
2017-05-02 11:04:39,713 - mainService.py:905 - 最终资金持仓为:
2017-05-02 11:04:39,714 - log.py:31 - 可用资金:34455817.92
2017-05-02 11:04:39,714 - log.py:31 - 预扣资金:0.0
2017-05-02 11:04:39,714 - log.py:31 - 拥股数量:0
2017-05-02 11:04:39,714 - log.py:31 - 卖出资金:0.0
2017-05-02 11:04:39,714 - log.py:31 - 买入费用:0.0
2017-05-02 11:04:39,714 - log.py:31 - 可用股份数:0
2017-05-02 11:04:39,714 - log.py:31 - 市场:XTP_MKT_SZ_A
2017-05-02 11:04:39,714 - log.py:31 - 总资产:34455817.92
2017-05-02 11:04:39,714 - log.py:31 - 卖出费用:0.0
2017-05-02 11:04:39,714 - log.py:31 - 股票代码:000509
2017-05-02 11:04:39,714 - log.py:31 - 持仓成本:0
2017-05-02 11:04:39,714 - log.py:31 - 买入资金:0.0
2017-05-02 11:04:39,714 - log.py:31 - 浮动盈亏:0
2017-05-02 11:04:39,714 - mainService.py:187 - 报单查询-报单状态/提交状态check结果:True,end,
2017-05-02 11:04:39,714 - BdqueryDataCheck.py:62 - 当前为撤单类型data
2017-05-02 11:04:39,758 - BdqueryDataCheck.py:542 - 撤单报单状态为已拒绝,提交状态为撤单已拒绝，XTP_ORDER_STATUS_REJECTED,XTP_ORDER_SUBMIT_STATUS_CANCEL_REJECTED
2017-05-02 11:04:39,758 - FundStkCheck.py:106 - 已撤、部撤已报、已报待撤、撤废状态报单资金股份校验
2017-05-02 11:04:39,758 - FundStkCheck.py:176 - 资金股份验证正确
2017-05-02 11:04:39,758 - BdqueryDataCheck.py:1182 - 撤单查询废单状态业务处理
2017-05-02 11:04:39,758 - BdqueryDataCheck.py:1225 - 废单状态的报单查询业务校验正确
2017-05-02 11:04:39,758 - BdqueryDataCheck.py:82 - 报单查询数据检查结束，检查结果如下
2017-05-02 11:04:39,758 - log.py:31 - 报单类型:撤单
2017-05-02 11:04:39,758 - log.py:31 - 撤销时间:0
2017-05-02 11:04:39,759 - log.py:31 - 报单检查状态:end
2017-05-02 11:04:39,759 - log.py:31 - 提交状态:XTP_ORDER_SUBMIT_STATUS_CANCEL_REJECTED
2017-05-02 11:04:39,759 - log.py:31 - 报单状态:XTP_ORDER_STATUS_REJECTED
2017-05-02 11:04:39,759 - log.py:31 - cancel_xtpID:0
2017-05-02 11:04:39,759 - log.py:31 - 成交金额:0.0
2017-05-02 11:04:39,759 - log.py:31 - xtpID:900884947210922829
2017-05-02 11:04:39,759 - log.py:31 - ErrMsg:
2017-05-02 11:04:39,759 - log.py:31 - 剩余数量:0
2017-05-02 11:04:39,759 - log.py:31 - 错误信息:
2017-05-02 11:04:39,759 - log.py:31 - 测试结果:True
2017-05-02 11:04:39,759 - log.py:31 - 委托时间:20170502110439258
2017-05-02 11:04:39,759 - log.py:31 - 成交数量:0
2017-05-02 11:04:39,759 - log.py:31 - Err_code:0
2017-05-02 11:04:39,759 - log.py:31 - 最后修改时间:0
2017-05-02 11:04:39,759 - log.py:31 - 委托价格:6.92
2017-05-02 11:04:39,759 - mainService.py:185 - 报单查询回调开始，当前报单xtpID=900884947210922828,报单状态=XTP_ORDER_STATUS_CANCELED,提交状态=XTP_ORDER_SUBMIT_STATUS_CANCEL_ACCEPTED
2017-05-02 11:04:39,759 - mainService.py:187 - 报单查询-报单状态/提交状态check结果:True,end,
2017-05-02 11:04:39,759 - BdqueryDataCheck.py:62 - 当前为撤单类型data
2017-05-02 11:04:39,811 - BdqueryDataCheck.py:520 - 撤单报单查询状态为已撤,提交状态为已提交，XTP_ORDER_STATUS_CANCELED,XTP_ORDER_SUBMIT_STATUS_CANCEL_ACCEPTED
2017-05-02 11:04:39,811 - BdqueryDataCheck.py:82 - 报单查询数据检查结束，检查结果如下
2017-05-02 11:04:39,811 - log.py:31 - 报单类型:撤单
2017-05-02 11:04:39,811 - log.py:31 - 撤销时间:20170502110440081
2017-05-02 11:04:39,811 - log.py:31 - 报单检查状态:pending
2017-05-02 11:04:39,811 - log.py:31 - 提交状态:XTP_ORDER_SUBMIT_STATUS_CANCEL_ACCEPTED
2017-05-02 11:04:39,811 - log.py:31 - 报单状态:XTP_ORDER_STATUS_CANCELED
2017-05-02 11:04:39,811 - log.py:31 - cancel_xtpID:0
2017-05-02 11:04:39,811 - log.py:31 - 成交金额:0.0
2017-05-02 11:04:39,812 - log.py:31 - xtpID:900884947210922828
2017-05-02 11:04:39,812 - log.py:31 - ErrMsg:
2017-05-02 11:04:39,812 - log.py:31 - 剩余数量:0
2017-05-02 11:04:39,812 - log.py:31 - 错误信息:
2017-05-02 11:04:39,812 - log.py:31 - 测试结果:False
2017-05-02 11:04:39,812 - log.py:31 - 委托时间:20170502110438724
2017-05-02 11:04:39,812 - log.py:31 - 成交数量:200
2017-05-02 11:04:39,812 - log.py:31 - Err_code:0
2017-05-02 11:04:39,812 - log.py:31 - 最后修改时间:0
2017-05-02 11:04:39,812 - log.py:31 - 委托价格:6.92
2017-05-02 11:04:40,205 - B_XJ_SA_GP.py:59 - 用例case_ID=ATC-204-01执行结果为False,撤废-报单查询,

2017-05-02 13:47:26,601 - B_XJ_SA_GP.py:34 - 深圳Ａ股股票限价买入撤单废单测试,case_ID=ATC-204-01
2017-05-02 13:47:26,648 - QueryStkPriceQty.py:116 - 查询到的委托入参相关信息如下
2017-05-02 13:47:26,648 - log.py:31 - 跌停价:7.42
2017-05-02 13:47:26,648 - log.py:31 - 证券代码:001896
2017-05-02 13:47:26,648 - log.py:31 - 返回结果:True
2017-05-02 13:47:26,648 - log.py:31 - 卖－随机数量:0
2017-05-02 13:47:26,648 - log.py:31 - 涨停价:9.06
2017-05-02 13:47:26,648 - log.py:31 - 昨收盘价:8.24
2017-05-02 13:47:26,648 - log.py:31 - 随机中间价:8.59
2017-05-02 13:47:26,648 - log.py:31 - 卖－可用数量:0
2017-05-02 13:47:26,648 - log.py:31 - 错误原因:
2017-05-02 13:47:26,648 - mainService.py:115 - ParmIni初始化全局变量开始..
2017-05-02 13:47:26,648 - mainService.py:176 - ParmIni初始化全局变量完成
2017-05-02 13:47:26,648 - CaseParmInsertMysql.py:13 - 测试用例入参和期待结果插入数据库
2017-05-02 13:47:26,661 - mainService.py:864 - 初始资金持仓为:
2017-05-02 13:47:26,661 - log.py:31 - 可用资金:34455817.92
2017-05-02 13:47:26,661 - log.py:31 - 预扣资金:0.0
2017-05-02 13:47:26,662 - log.py:31 - 拥股数量:0
2017-05-02 13:47:26,662 - log.py:31 - 卖出资金:0.0
2017-05-02 13:47:26,662 - log.py:31 - 买入费用:0.0
2017-05-02 13:47:26,662 - log.py:31 - 可用股份数:0
2017-05-02 13:47:26,662 - log.py:31 - 市场:XTP_MKT_SZ_A
2017-05-02 13:47:26,662 - log.py:31 - 总资产:34455817.92
2017-05-02 13:47:26,662 - log.py:31 - 卖出费用:0.0
2017-05-02 13:47:26,662 - log.py:31 - 股票代码:001896
2017-05-02 13:47:26,662 - log.py:31 - 持仓成本:0
2017-05-02 13:47:26,662 - log.py:31 - 买入资金:0.0
2017-05-02 13:47:26,662 - log.py:31 - 浮动盈亏:0
2017-05-02 13:47:26,662 - mainService.py:960 - 等待开市26
2017-05-02 13:47:26,662 - mainService.py:377 - 下单的xtpID=900884947210946923
2017-05-02 13:47:26,771 - mainService.py:813 - 正在进行报单查询，xtpID=900884947210946923
2017-05-02 13:47:26,772 - mainService.py:254 - 报单推送-报单状态/提交状态check结果:False,
2017-05-02 13:47:26,775 - mainService.py:185 - 报单查询回调开始，当前报单xtpID=900884947210946923,报单状态=XTP_ORDER_STATUS_NOTRADEQUEUEING,提交状态=XTP_ORDER_SUBMIT_STATUS_INSERT_ACCEPTED
2017-05-02 13:47:26,776 - mainService.py:996 - 等待休市26
2017-05-02 13:47:34,402 - mainService.py:187 - 报单查询-报单状态/提交状态check结果:False,pending,
2017-05-02 13:47:34,402 - mainService.py:224 - 报单查询等待...,xtpID=900884947210946923
2017-05-02 13:47:39,313 - mainService.py:905 - 最终资金持仓为:
2017-05-02 13:47:39,314 - log.py:31 - 可用资金:34455817.92
2017-05-02 13:47:39,314 - log.py:31 - 预扣资金:0.0
2017-05-02 13:47:39,314 - log.py:31 - 拥股数量:0
2017-05-02 13:47:39,314 - log.py:31 - 卖出资金:0.0
2017-05-02 13:47:39,314 - log.py:31 - 买入费用:0.0
2017-05-02 13:47:39,314 - log.py:31 - 可用股份数:0
2017-05-02 13:47:39,315 - log.py:31 - 市场:XTP_MKT_SZ_A
2017-05-02 13:47:39,315 - log.py:31 - 总资产:34455817.92
2017-05-02 13:47:39,315 - log.py:31 - 卖出费用:0.0
2017-05-02 13:47:39,315 - log.py:31 - 股票代码:001896
2017-05-02 13:47:39,315 - log.py:31 - 持仓成本:0
2017-05-02 13:47:39,315 - log.py:31 - 买入资金:0.0
2017-05-02 13:47:39,315 - log.py:31 - 浮动盈亏:0
2017-05-02 13:47:39,316 - mainService.py:813 - 正在进行报单查询，xtpID=900884947210946924
2017-05-02 13:47:39,316 - mainService.py:254 - 报单推送-报单状态/提交状态check结果:True,
2017-05-02 13:47:39,364 - BdtsDataCheck.py:251 - 报单回报状态为已撤,XTP_ORDER_STATUS_CANCELED
2017-05-02 13:47:39,365 - BdtsDataCheck.py:65 - 报单推送数据检查结束，检查结果如下
2017-05-02 13:47:39,365 - log.py:31 - 撤销时间:20170502134740029
2017-05-02 13:47:39,365 - log.py:31 - 报单检查状态:pending
2017-05-02 13:47:39,365 - log.py:31 - 提交状态:XTP_ORDER_SUBMIT_STATUS_INSERT_ACCEPTED
2017-05-02 13:47:39,365 - log.py:31 - 报单状态:XTP_ORDER_STATUS_CANCELED
2017-05-02 13:47:39,365 - log.py:31 - cancel_xtpID:900884947210946924
2017-05-02 13:47:39,365 - log.py:31 - 成交金额:0.0
2017-05-02 13:47:39,365 - log.py:31 - xtpID:900884947210946923
2017-05-02 13:47:39,366 - log.py:31 - ErrMsg:
2017-05-02 13:47:39,366 - log.py:31 - 剩余数量:200
2017-05-02 13:47:39,366 - log.py:31 - 错误信息:
2017-05-02 13:47:39,366 - log.py:31 - 测试结果:False
2017-05-02 13:47:39,366 - log.py:31 - 委托时间:20170502134732092
2017-05-02 13:47:39,367 - log.py:31 - 成交数量:0
2017-05-02 13:47:39,367 - log.py:31 - Err_code:0
2017-05-02 13:47:39,367 - log.py:31 - 最后修改时间:0
2017-05-02 13:47:39,367 - log.py:31 - 委托价格:8.59
2017-05-02 13:47:39,367 - mainService.py:303 - 当前为撤废异步回调函数..start
2017-05-02 13:47:39,568 - CancelOrderErrorDataCheck.py:7 - 当前是撤废数据检查函数
2017-05-02 13:47:39,569 - mainService.py:813 - 正在进行报单查询，xtpID=900884947210946925
2017-05-02 13:47:39,569 - mainService.py:185 - 报单查询回调开始，当前报单xtpID=900884947210946924,报单状态=XTP_ORDER_STATUS_CANCELED,提交状态=XTP_ORDER_SUBMIT_STATUS_CANCEL_ACCEPTED
2017-05-02 13:47:39,569 - mainService.py:187 - 报单查询-报单状态/提交状态check结果:True,end,
2017-05-02 13:47:39,569 - BdqueryDataCheck.py:62 - 当前为撤单类型data
2017-05-02 13:47:39,620 - BdqueryDataCheck.py:520 - 撤单报单查询状态为已撤,提交状态为已提交，XTP_ORDER_STATUS_CANCELED,XTP_ORDER_SUBMIT_STATUS_CANCEL_ACCEPTED
2017-05-02 13:47:39,620 - BdqueryDataCheck.py:82 - 报单查询数据检查结束，检查结果如下
2017-05-02 13:47:39,621 - log.py:31 - 报单类型:撤单
2017-05-02 13:47:39,621 - log.py:31 - 撤销时间:20170502134740029
2017-05-02 13:47:39,621 - log.py:31 - 报单检查状态:pending
2017-05-02 13:47:39,621 - log.py:31 - 提交状态:XTP_ORDER_SUBMIT_STATUS_CANCEL_ACCEPTED
2017-05-02 13:47:39,621 - log.py:31 - 报单状态:XTP_ORDER_STATUS_CANCELED
2017-05-02 13:47:39,621 - log.py:31 - cancel_xtpID:0
2017-05-02 13:47:39,621 - log.py:31 - 成交金额:0.0
2017-05-02 13:47:39,621 - log.py:31 - xtpID:900884947210946924
2017-05-02 13:47:39,621 - log.py:31 - ErrMsg:
2017-05-02 13:47:39,621 - log.py:31 - 剩余数量:0
2017-05-02 13:47:39,622 - log.py:31 - 错误信息:
2017-05-02 13:47:39,622 - log.py:31 - 测试结果:False
2017-05-02 13:47:39,622 - log.py:31 - 委托时间:20170502134739327
2017-05-02 13:47:39,622 - log.py:31 - 成交数量:200
2017-05-02 13:47:39,622 - log.py:31 - Err_code:0
2017-05-02 13:47:39,622 - log.py:31 - 最后修改时间:0
2017-05-02 13:47:39,622 - log.py:31 - 委托价格:8.59
2017-05-02 13:47:39,622 - mainService.py:185 - 报单查询回调开始，当前报单xtpID=900884947210946925,报单状态=XTP_ORDER_STATUS_REJECTED,提交状态=XTP_ORDER_SUBMIT_STATUS_CANCEL_REJECTED
2017-05-02 13:47:39,645 - mainService.py:905 - 最终资金持仓为:
2017-05-02 13:47:39,645 - log.py:31 - 可用资金:34455817.92
2017-05-02 13:47:39,645 - log.py:31 - 预扣资金:0.0
2017-05-02 13:47:39,645 - log.py:31 - 拥股数量:0
2017-05-02 13:47:39,646 - log.py:31 - 卖出资金:0.0
2017-05-02 13:47:39,646 - log.py:31 - 买入费用:0.0
2017-05-02 13:47:39,646 - log.py:31 - 可用股份数:0
2017-05-02 13:47:39,646 - log.py:31 - 市场:XTP_MKT_SZ_A
2017-05-02 13:47:39,646 - log.py:31 - 总资产:34455817.92
2017-05-02 13:47:39,646 - log.py:31 - 卖出费用:0.0
2017-05-02 13:47:39,646 - log.py:31 - 股票代码:001896
2017-05-02 13:47:39,646 - log.py:31 - 持仓成本:0
2017-05-02 13:47:39,646 - log.py:31 - 买入资金:0.0
2017-05-02 13:47:39,646 - log.py:31 - 浮动盈亏:0
2017-05-02 13:47:39,647 - mainService.py:187 - 报单查询-报单状态/提交状态check结果:True,end,
2017-05-02 13:47:39,647 - BdqueryDataCheck.py:62 - 当前为撤单类型data
2017-05-02 13:47:39,711 - B_XJ_SA_GP.py:59 - 用例case_ID=ATC-204-01执行结果为False,撤废-报单查询,