2020-07-17 13:03:58,508-log_demo-INFO-sql able to connect!
2020-07-17 13:03:58,508-log_demo-INFO-TRUNCATE TABLE ashare_cjhb
2020-07-17 13:03:58,510-log_demo-INFO-TRUNCATE TABLE ashare_ordwth
2020-07-17 13:03:58,512-log_demo-INFO-TRUNCATE TABLE ashare_ordwth2
2020-07-17 13:03:58,514-log_demo-INFO-TRUNCATE TABLE reqresp
2020-07-17 13:03:58,516-log_demo-INFO-TRUNCATE TABLE execreport
2020-07-17 13:03:58,517-log_demo-INFO-TRUNCATE TABLE ashare_ordwth_cancel
2020-07-17 13:03:58,519-log_demo-INFO-truncate table ashare_ordwth_cancel success!
2020-07-17 13:03:58,520-paramiko.transport-DEBUG-starting thread (client mode): 0x226da10L
2020-07-17 13:03:58,521-paramiko.transport-DEBUG-Local version/idstring: SSH-2.0-paramiko_2.4.1
2020-07-17 13:03:58,531-paramiko.transport-DEBUG-Remote version/idstring: SSH-2.0-OpenSSH_6.6.1
2020-07-17 13:03:58,531-paramiko.transport-INFO-Connected (version 2.0, client OpenSSH_6.6.1)
2020-07-17 13:03:58,535-paramiko.transport-DEBUG-kex algos:[u'curve25519-sha256@libssh.org', u'ecdh-sha2-nistp256', u'ecdh-sha2-nistp384', u'ecdh-sha2-nistp521', u'diffie-hellman-group-exchange-sha256', u'diffie-hellman-group-exchange-sha1', u'diffie-hellman-group14-sha1', u'diffie-hellman-group1-sha1'] server key:[u'ssh-rsa', u'ecdsa-sha2-nistp256', u'ssh-ed25519'] client encrypt:[u'aes128-ctr', u'aes192-ctr', u'aes256-ctr', u'arcfour256', u'arcfour128', u'aes128-gcm@openssh.com', u'aes256-gcm@openssh.com', u'chacha20-poly1305@openssh.com', u'aes128-cbc', u'3des-cbc', u'blowfish-cbc', u'cast128-cbc', u'aes192-cbc', u'aes256-cbc', u'arcfour', u'rijndael-cbc@lysator.liu.se'] server encrypt:[u'aes128-ctr', u'aes192-ctr', u'aes256-ctr', u'arcfour256', u'arcfour128', u'aes128-gcm@openssh.com', u'aes256-gcm@openssh.com', u'chacha20-poly1305@openssh.com', u'aes128-cbc', u'3des-cbc', u'blowfish-cbc', u'cast128-cbc', u'aes192-cbc', u'aes256-cbc', u'arcfour', u'rijndael-cbc@lysator.liu.se'] client mac:[u'hmac-md5-etm@openssh.com', u'hmac-sha1-etm@openssh.com', u'umac-64-etm@openssh.com', u'umac-128-etm@openssh.com', u'hmac-sha2-256-etm@openssh.com', u'hmac-sha2-512-etm@openssh.com', u'hmac-ripemd160-etm@openssh.com', u'hmac-sha1-96-etm@openssh.com', u'hmac-md5-96-etm@openssh.com', u'hmac-md5', u'hmac-sha1', u'umac-64@openssh.com', u'umac-128@openssh.com', u'hmac-sha2-256', u'hmac-sha2-512', u'hmac-ripemd160', u'hmac-ripemd160@openssh.com', u'hmac-sha1-96', u'hmac-md5-96'] server mac:[u'hmac-md5-etm@openssh.com', u'hmac-sha1-etm@openssh.com', u'umac-64-etm@openssh.com', u'umac-128-etm@openssh.com', u'hmac-sha2-256-etm@openssh.com', u'hmac-sha2-512-etm@openssh.com', u'hmac-ripemd160-etm@openssh.com', u'hmac-sha1-96-etm@openssh.com', u'hmac-md5-96-etm@openssh.com', u'hmac-md5', u'hmac-sha1', u'umac-64@openssh.com', u'umac-128@openssh.com', u'hmac-sha2-256', u'hmac-sha2-512', u'hmac-ripemd160', u'hmac-ripemd160@openssh.com', u'hmac-sha1-96', u'hmac-md5-96'] client compress:[u'none', u'zlib@openssh.com'] server compress:[u'none', u'zlib@openssh.com'] client lang:[u''] server lang:[u''] kex follows?False
2020-07-17 13:03:58,535-paramiko.transport-DEBUG-Kex agreed: ecdh-sha2-nistp256
2020-07-17 13:03:58,535-paramiko.transport-DEBUG-HostKey agreed: ssh-ed25519
2020-07-17 13:03:58,535-paramiko.transport-DEBUG-Cipher agreed: aes128-ctr
2020-07-17 13:03:58,535-paramiko.transport-DEBUG-MAC agreed: hmac-sha2-256
2020-07-17 13:03:58,535-paramiko.transport-DEBUG-Compression agreed: none
2020-07-17 13:03:58,542-paramiko.transport-DEBUG-kex engine KexNistp256 specified hash_algo <built-in function openssl_sha256>
2020-07-17 13:03:58,543-paramiko.transport-DEBUG-Switch to new keys ...
2020-07-17 13:03:58,552-paramiko.transport-DEBUG-Adding ssh-ed25519 host key for 10.29.193.60: 9c589c255248bf0581d9b58ecf85e2ed
2020-07-17 13:03:58,583-paramiko.transport-DEBUG-userauth is OK
2020-07-17 13:03:58,628-paramiko.transport-INFO-Authentication (password) successful!
2020-07-17 13:03:58,653-paramiko.transport-DEBUG-[chan 0] Max packet in: 32768 bytes
2020-07-17 13:03:58,825-paramiko.transport-DEBUG-[chan 0] Max packet out: 32768 bytes
2020-07-17 13:03:58,825-paramiko.transport-DEBUG-Secsh channel 0 opened.
2020-07-17 13:03:58,858-paramiko.transport-DEBUG-[chan 0] Sesch channel 0 request ok
2020-07-17 13:03:58,881-paramiko.transport-DEBUG-[chan 0] EOF received (0)
2020-07-17 13:03:58,882-paramiko.transport-DEBUG-[chan 0] EOF sent (0)
2020-07-17 13:04:00,884-paramiko.transport-DEBUG-[chan 1] Max packet in: 32768 bytes
2020-07-17 13:04:00,884-paramiko.transport-DEBUG-[chan 1] Max packet out: 32768 bytes
2020-07-17 13:04:00,885-paramiko.transport-DEBUG-Secsh channel 1 opened.
2020-07-17 13:04:00,887-paramiko.transport-DEBUG-[chan 1] Sesch channel 1 request ok
2020-07-17 13:04:00,904-paramiko.transport-DEBUG-[chan 1] EOF received (1)
2020-07-17 13:04:00,904-paramiko.transport-DEBUG-[chan 1] EOF sent (1)
2020-07-17 13:04:02,905-paramiko.transport-DEBUG-[chan 2] Max packet in: 32768 bytes
2020-07-17 13:04:02,906-paramiko.transport-DEBUG-[chan 2] Max packet out: 32768 bytes
2020-07-17 13:04:02,906-paramiko.transport-DEBUG-Secsh channel 2 opened.
2020-07-17 13:04:02,908-paramiko.transport-DEBUG-[chan 2] Sesch channel 2 request ok
2020-07-17 13:04:02,925-paramiko.transport-DEBUG-[chan 2] EOF received (2)
2020-07-17 13:04:02,926-paramiko.transport-DEBUG-[chan 2] EOF sent (2)
2020-07-17 13:04:04,930-paramiko.transport-DEBUG-EOF in transport thread
2020-07-17 13:04:38,977-paramiko.transport-DEBUG-starting thread (client mode): 0x48280a10L
2020-07-17 13:04:38,977-paramiko.transport-DEBUG-Local version/idstring: SSH-2.0-paramiko_2.4.1
2020-07-17 13:04:38,990-paramiko.transport-DEBUG-Remote version/idstring: SSH-2.0-OpenSSH_6.6.1
2020-07-17 13:04:38,990-paramiko.transport-INFO-Connected (version 2.0, client OpenSSH_6.6.1)
2020-07-17 13:04:38,993-paramiko.transport-DEBUG-kex algos:[u'curve25519-sha256@libssh.org', u'ecdh-sha2-nistp256', u'ecdh-sha2-nistp384', u'ecdh-sha2-nistp521', u'diffie-hellman-group-exchange-sha256', u'diffie-hellman-group-exchange-sha1', u'diffie-hellman-group14-sha1', u'diffie-hellman-group1-sha1'] server key:[u'ssh-rsa', u'ecdsa-sha2-nistp256', u'ssh-ed25519'] client encrypt:[u'aes128-ctr', u'aes192-ctr', u'aes256-ctr', u'arcfour256', u'arcfour128', u'aes128-gcm@openssh.com', u'aes256-gcm@openssh.com', u'chacha20-poly1305@openssh.com', u'aes128-cbc', u'3des-cbc', u'blowfish-cbc', u'cast128-cbc', u'aes192-cbc', u'aes256-cbc', u'arcfour', u'rijndael-cbc@lysator.liu.se'] server encrypt:[u'aes128-ctr', u'aes192-ctr', u'aes256-ctr', u'arcfour256', u'arcfour128', u'aes128-gcm@openssh.com', u'aes256-gcm@openssh.com', u'chacha20-poly1305@openssh.com', u'aes128-cbc', u'3des-cbc', u'blowfish-cbc', u'cast128-cbc', u'aes192-cbc', u'aes256-cbc', u'arcfour', u'rijndael-cbc@lysator.liu.se'] client mac:[u'hmac-md5-etm@openssh.com', u'hmac-sha1-etm@openssh.com', u'umac-64-etm@openssh.com', u'umac-128-etm@openssh.com', u'hmac-sha2-256-etm@openssh.com', u'hmac-sha2-512-etm@openssh.com', u'hmac-ripemd160-etm@openssh.com', u'hmac-sha1-96-etm@openssh.com', u'hmac-md5-96-etm@openssh.com', u'hmac-md5', u'hmac-sha1', u'umac-64@openssh.com', u'umac-128@openssh.com', u'hmac-sha2-256', u'hmac-sha2-512', u'hmac-ripemd160', u'hmac-ripemd160@openssh.com', u'hmac-sha1-96', u'hmac-md5-96'] server mac:[u'hmac-md5-etm@openssh.com', u'hmac-sha1-etm@openssh.com', u'umac-64-etm@openssh.com', u'umac-128-etm@openssh.com', u'hmac-sha2-256-etm@openssh.com', u'hmac-sha2-512-etm@openssh.com', u'hmac-ripemd160-etm@openssh.com', u'hmac-sha1-96-etm@openssh.com', u'hmac-md5-96-etm@openssh.com', u'hmac-md5', u'hmac-sha1', u'umac-64@openssh.com', u'umac-128@openssh.com', u'hmac-sha2-256', u'hmac-sha2-512', u'hmac-ripemd160', u'hmac-ripemd160@openssh.com', u'hmac-sha1-96', u'hmac-md5-96'] client compress:[u'none', u'zlib@openssh.com'] server compress:[u'none', u'zlib@openssh.com'] client lang:[u''] server lang:[u''] kex follows?False
2020-07-17 13:04:38,994-paramiko.transport-DEBUG-Kex agreed: ecdh-sha2-nistp256
2020-07-17 13:04:38,994-paramiko.transport-DEBUG-HostKey agreed: ssh-ed25519
2020-07-17 13:04:38,994-paramiko.transport-DEBUG-Cipher agreed: aes128-ctr
2020-07-17 13:04:38,994-paramiko.transport-DEBUG-MAC agreed: hmac-sha2-256
2020-07-17 13:04:38,994-paramiko.transport-DEBUG-Compression agreed: none
2020-07-17 13:04:39,000-paramiko.transport-DEBUG-kex engine KexNistp256 specified hash_algo <built-in function openssl_sha256>
2020-07-17 13:04:39,000-paramiko.transport-DEBUG-Switch to new keys ...
2020-07-17 13:04:39,008-paramiko.transport-DEBUG-Adding ssh-ed25519 host key for 10.29.193.60: 9c589c255248bf0581d9b58ecf85e2ed
2020-07-17 13:04:39,040-paramiko.transport-DEBUG-userauth is OK
2020-07-17 13:04:39,083-paramiko.transport-INFO-Authentication (password) successful!
2020-07-17 13:04:39,109-paramiko.transport-DEBUG-[chan 0] Max packet in: 32768 bytes
2020-07-17 13:04:39,268-paramiko.transport-DEBUG-[chan 0] Max packet out: 32768 bytes
2020-07-17 13:04:39,268-paramiko.transport-DEBUG-Secsh channel 0 opened.
2020-07-17 13:04:39,277-paramiko.transport-DEBUG-[chan 0] Sesch channel 0 request ok
2020-07-17 13:04:41,066-paramiko.transport-DEBUG-[chan 0] EOF received (0)
2020-07-17 13:04:41,066-paramiko.transport-DEBUG-[chan 0] EOF sent (0)
2020-07-17 13:04:43,068-paramiko.transport-DEBUG-[chan 1] Max packet in: 32768 bytes
2020-07-17 13:04:43,069-paramiko.transport-DEBUG-[chan 1] Max packet out: 32768 bytes
2020-07-17 13:04:43,069-paramiko.transport-DEBUG-Secsh channel 1 opened.
2020-07-17 13:04:43,071-paramiko.transport-DEBUG-[chan 1] Sesch channel 1 request ok
2020-07-17 13:04:45,049-paramiko.transport-DEBUG-[chan 1] EOF received (1)
2020-07-17 13:04:45,050-paramiko.transport-DEBUG-[chan 1] EOF sent (1)
2020-07-17 13:04:51,055-paramiko.transport-DEBUG-[chan 2] Max packet in: 32768 bytes
2020-07-17 13:04:51,055-paramiko.transport-DEBUG-[chan 2] Max packet out: 32768 bytes
2020-07-17 13:04:51,055-paramiko.transport-DEBUG-Secsh channel 2 opened.
2020-07-17 13:04:51,058-paramiko.transport-DEBUG-[chan 2] Sesch channel 2 request ok
2020-07-17 13:04:53,056-paramiko.transport-DEBUG-[chan 2] EOF received (2)
2020-07-17 13:04:53,057-paramiko.transport-DEBUG-[chan 2] EOF sent (2)
2020-07-17 13:04:55,060-paramiko.transport-DEBUG-[chan 3] Max packet in: 32768 bytes
2020-07-17 13:04:55,060-paramiko.transport-DEBUG-[chan 3] Max packet out: 32768 bytes
2020-07-17 13:04:55,060-paramiko.transport-DEBUG-Secsh channel 3 opened.
2020-07-17 13:04:55,062-paramiko.transport-DEBUG-[chan 3] Sesch channel 3 request ok
2020-07-17 13:04:55,674-paramiko.transport-DEBUG-[chan 3] EOF received (3)
2020-07-17 13:04:55,675-paramiko.transport-DEBUG-[chan 3] EOF sent (3)
2020-07-17 13:04:57,675-paramiko.transport-DEBUG-[chan 4] Max packet in: 32768 bytes
2020-07-17 13:04:57,676-paramiko.transport-DEBUG-[chan 4] Max packet out: 32768 bytes
2020-07-17 13:04:57,676-paramiko.transport-DEBUG-Secsh channel 4 opened.
2020-07-17 13:04:57,678-paramiko.transport-DEBUG-[chan 4] Sesch channel 4 request ok
2020-07-17 13:04:59,370-paramiko.transport-DEBUG-[chan 4] EOF received (4)
2020-07-17 13:04:59,370-paramiko.transport-DEBUG-[chan 4] EOF sent (4)
2020-07-17 13:05:01,374-paramiko.transport-DEBUG-EOF in transport thread
2020-07-17 13:05:01,526-myloger-WARNING-有买入核准制创业板股票的权限&无买入注册制创业板股票的权限-买入核准制创业板股票
2020-07-17 13:05:02,665-myloger-WARNING-执行结果为True,,
