2018-06-11 17:57:58,518 - YW_GPMM_SZXJ_015.py:35 - 限价委托买-买前有持仓
2018-06-11 17:57:58,765 - QueryStkPriceQty.py:128 - 查询到的委托入参相关信息如下
2018-06-11 17:57:58,765 - log.py:31 - 跌停价:24.22
2018-06-11 17:57:58,765 - log.py:31 - 证券代码:000002
2018-06-11 17:57:58,765 - log.py:31 - 返回结果:True
2018-06-11 17:57:58,765 - log.py:31 - 卖－随机数量:0
2018-06-11 17:57:58,765 - log.py:31 - 涨停价:29.6
2018-06-11 17:57:58,765 - log.py:31 - 昨收盘价:26.91
2018-06-11 17:57:58,765 - log.py:31 - 随机中间价:27.34
2018-06-11 17:57:58,765 - log.py:31 - 卖－可用数量:0
2018-06-11 17:57:58,765 - log.py:31 - 错误原因:
2018-06-11 17:57:58,766 - mainService.py:120 - ParmIni初始化全局变量开始..
2018-06-11 17:57:58,766 - mainService.py:185 - ParmIni初始化全局变量完成
2018-06-11 17:57:58,766 - CaseParmInsertMysql.py:13 - 测试用例入参和期待结果插入数据库
2018-06-11 17:57:58,879 - mainService.py:905 - 初始资金持仓为:
2018-06-11 17:57:58,879 - log.py:31 - 可用资金:49999889469.4
2018-06-11 17:57:58,879 - log.py:31 - 预扣资金:2908.7
2018-06-11 17:57:58,879 - log.py:31 - 拥股数量:3700
2018-06-11 17:57:58,880 - log.py:31 - 卖出资金:0.0
2018-06-11 17:57:58,880 - log.py:31 - 买入费用:321.9
2018-06-11 17:57:58,880 - log.py:31 - 可用股份数:0
2018-06-11 17:57:58,880 - log.py:31 - 市场:XTP_MKT_SZ_A
2018-06-11 17:57:58,880 - log.py:31 - 总资产:49999892378.1
2018-06-11 17:57:58,880 - log.py:31 - 卖出费用:0.0
2018-06-11 17:57:58,880 - log.py:31 - 昨日持仓:0
2018-06-11 17:57:58,880 - log.py:31 - 股票代码:000002
2018-06-11 17:57:58,880 - log.py:31 - 持仓成本:29.0
2018-06-11 17:57:58,880 - log.py:31 - 买入资金:107300.0
2018-06-11 17:57:58,880 - log.py:31 - 今日可申购赎回持仓:3700
2018-06-11 17:57:58,880 - log.py:31 - 浮动盈亏:0.0
2018-06-11 17:57:58,880 - mainService.py:402 - 下单的xtpID=901946379323074989
2018-06-11 17:57:58,945 - mainService.py:488 - 当前报单推送状态为未成交，等待..
2018-06-11 17:57:58,946 - mainService.py:262 - 报单推送-报单状态/提交状态check结果:False,
2018-06-11 17:57:58,946 - mainService.py:288 - 交易数据回报如下
2018-06-11 17:57:58,946 - log.py:31 - business_type:XTP_BUSINESS_TYPE_CASH
2018-06-11 17:57:58,946 - log.py:31 - trade_amount:2734.0
2018-06-11 17:57:58,946 - log.py:31 - exec_id:0000004213839649
2018-06-11 17:57:58,946 - log.py:31 - trade_type:0
2018-06-11 17:57:58,946 - log.py:31 - order_client_id:2
2018-06-11 17:57:58,946 - log.py:31 - order_exch_id:00000000E001F9D8
2018-06-11 17:57:58,946 - log.py:31 - reserved1:0
2018-06-11 17:57:58,946 - log.py:31 - price:27.34
2018-06-11 17:57:58,946 - log.py:31 - report_index:77
2018-06-11 17:57:58,946 - log.py:31 - local_order_id:901946379323074989
2018-06-11 17:57:58,946 - log.py:31 - branch_pbu:016701
2018-06-11 17:57:58,946 - log.py:31 - position_effect:0
2018-06-11 17:57:58,946 - log.py:31 - trade_time:20180611181103804
2018-06-11 17:57:58,946 - log.py:31 - order_xtp_id:901946379323074989
2018-06-11 17:57:58,946 - log.py:31 - reserved2:0
2018-06-11 17:57:58,946 - log.py:31 - ticker:000002
2018-06-11 17:57:58,946 - log.py:31 - side:1
2018-06-11 17:57:58,946 - log.py:31 - market:XTP_MKT_SZ_A
2018-06-11 17:57:58,946 - log.py:31 - quantity:100
2018-06-11 17:57:59,062 - mainService.py:950 - 最终资金持仓为:
2018-06-11 17:57:59,063 - log.py:31 - 可用资金:49999886727.2
2018-06-11 17:57:59,063 - log.py:31 - 预扣资金:2908.7
2018-06-11 17:57:59,063 - log.py:31 - 拥股数量:3800
2018-06-11 17:57:59,063 - log.py:31 - 卖出资金:0.0
2018-06-11 17:57:59,063 - log.py:31 - 买入费用:330.1
2018-06-11 17:57:59,063 - log.py:31 - 可用股份数:0
2018-06-11 17:57:59,063 - log.py:31 - 市场:XTP_MKT_SZ_A
2018-06-11 17:57:59,063 - log.py:31 - 总资产:49999889635.9
2018-06-11 17:57:59,063 - log.py:31 - 卖出费用:0.0
2018-06-11 17:57:59,063 - log.py:31 - 昨日持仓:0
2018-06-11 17:57:59,063 - log.py:31 - 股票代码:000002
2018-06-11 17:57:59,063 - log.py:31 - 持仓成本:28.956
2018-06-11 17:57:59,063 - log.py:31 - 买入资金:110034.0
2018-06-11 17:57:59,063 - log.py:31 - 今日可申购赎回持仓:3800
2018-06-11 17:57:59,063 - log.py:31 - 浮动盈亏:0.0
2018-06-11 17:58:00,194 - CjhbDataCheck.py:96 - 成交回报检查：全部成交业务数据开始检查
2018-06-11 17:58:00,194 - CjhbDataCheck.py:316 - 成交回报－买－全部成交－费用持仓检查
2018-06-11 17:58:00,194 - CjhbDataCheck.py:454 - 买_全成_成交回报_业务校验正确！
2018-06-11 17:58:00,195 - mainService.py:847 - 正在进行报单查询，xtpID=901946379323074989
2018-06-11 17:58:00,195 - mainService.py:262 - 报单推送-报单状态/提交状态check结果:True,
2018-06-11 17:58:00,513 - BdtsDataCheck.py:199 - 报单回报状态为全部成交，提交状态为已提交,XTP_ORDER_STATUS_ALLTRADED,XTP_ORDER_SUBMIT_STATUS_INSERT_ACCEPTED
2018-06-11 17:58:00,513 - BdtsDataCheck.py:368 - 这里是全部成交状态的报单推送业务校验
2018-06-11 17:58:00,513 - BdtsDataCheck.py:424 - 全部成交状态报单回报校验正确！
2018-06-11 17:58:00,513 - BdtsDataCheck.py:68 - 报单推送数据检查结束，检查结果如下
2018-06-11 17:58:00,513 - log.py:31 - 撤销时间:0
2018-06-11 17:58:00,513 - log.py:31 - 报单检查状态:end
2018-06-11 17:58:00,513 - log.py:31 - 提交状态:XTP_ORDER_SUBMIT_STATUS_INSERT_ACCEPTED
2018-06-11 17:58:00,513 - log.py:31 - 报单状态:XTP_ORDER_STATUS_ALLTRADED
2018-06-11 17:58:00,513 - log.py:31 - cancel_xtpID:0
2018-06-11 17:58:00,513 - log.py:31 - 成交金额:2734.0
2018-06-11 17:58:00,513 - log.py:31 - xtpID:901946379323074989
2018-06-11 17:58:00,513 - log.py:31 - ErrMsg:
2018-06-11 17:58:00,513 - log.py:31 - 剩余数量:0
2018-06-11 17:58:00,513 - log.py:31 - 错误信息:
2018-06-11 17:58:00,513 - log.py:31 - 测试结果:True
2018-06-11 17:58:00,513 - log.py:31 - 委托时间:20180611181103795
2018-06-11 17:58:00,513 - log.py:31 - 成交数量:100
2018-06-11 17:58:00,513 - log.py:31 - Err_code:0
2018-06-11 17:58:00,513 - log.py:31 - 最后修改时间:0
2018-06-11 17:58:00,513 - log.py:31 - 委托价格:27.34
2018-06-11 17:58:00,513 - mainService.py:194 - 报单查询回调开始，当前报单xtpID=901946379323074989,报单状态=XTP_ORDER_STATUS_ALLTRADED,提交状态=XTP_ORDER_SUBMIT_STATUS_INSERT_ACCEPTED
2018-06-11 17:58:00,513 - mainService.py:196 - 报单查询-报单状态/提交状态check结果:True,end,
2018-06-11 17:58:00,513 - BdqueryDataCheck.py:44 - 当前为报单类型data
2018-06-11 17:58:00,879 - BdqueryDataCheck.py:300 - 报单查询状态为全部成交，提交状态为已提交XTP_ORDER_STATUS_ALLTRADED,XTP_ORDER_SUBMIT_STATUS_INSERT_ACCEPTED
2018-06-11 17:58:00,879 - BdqueryDataCheck.py:764 - 正在进行全部成交状态的报单查询业务校验
2018-06-11 17:58:00,879 - BdqueryDataCheck.py:806 - 全成状态的报单查询业务校验正确
2018-06-11 17:58:00,879 - BdqueryDataCheck.py:80 - 报单查询数据检查结束，检查结果如下
2018-06-11 17:58:00,879 - log.py:31 - 报单类型:报单
2018-06-11 17:58:00,880 - log.py:31 - 撤销时间:0
2018-06-11 17:58:00,880 - log.py:31 - 报单检查状态:end
2018-06-11 17:58:00,880 - log.py:31 - 提交状态:XTP_ORDER_SUBMIT_STATUS_INSERT_ACCEPTED
2018-06-11 17:58:00,880 - log.py:31 - 报单状态:XTP_ORDER_STATUS_ALLTRADED
2018-06-11 17:58:00,880 - log.py:31 - cancel_xtpID:0
2018-06-11 17:58:00,880 - log.py:31 - 成交金额:2734.0
2018-06-11 17:58:00,880 - log.py:31 - xtpID:901946379323074989
2018-06-11 17:58:00,880 - log.py:31 - ErrMsg:
2018-06-11 17:58:00,880 - log.py:31 - 剩余数量:0
2018-06-11 17:58:00,880 - log.py:31 - 错误信息:
2018-06-11 17:58:00,880 - log.py:31 - 测试结果:True
2018-06-11 17:58:00,880 - log.py:31 - 委托时间:20180611181103795
2018-06-11 17:58:00,880 - log.py:31 - 成交数量:100
2018-06-11 17:58:00,880 - log.py:31 - Err_code:0
2018-06-11 17:58:00,880 - log.py:31 - 最后修改时间:0
2018-06-11 17:58:00,880 - log.py:31 - 委托价格:27.34
2018-06-11 17:58:00,882 - CaseEndCheck.py:7 - CaseEndCheck校验开始
2018-06-11 17:58:00,882 - CaseEndCheck.py:50 - CaseEndCheck校验结束
2018-06-11 17:58:00,882 - YW_GPMM_SZXJ_015.py:61 - 执行结果为True,,
