2018-05-31 09:52:04,979 - sj_put_init.py:51 - 卖开（义务方开仓）：T日增加20002380和20002378空头持仓
2018-05-31 09:52:09,857 - sj_put_init.py:83 - 执行结果为True
2018-05-31 10:28:36,257 - YW_GGQQ_YWFSJHA_GU_100.py:35 - 卖开（义务方开仓）：市价剩余撤销-已成（费用=min）
2018-05-31 10:30:03,499 - YW_GGQQ_YWFSJHA_GU_100.py:35 - 卖开（义务方开仓）：市价剩余撤销-已成（费用=min）
2018-05-31 10:30:08,898 - YW_GGQQ_YWFSJHA_GU_100.py:65 - 执行结果为True
2018-05-31 10:31:53,097 - xj_right_init.py:51 - 卖开（义务方开仓）：T日增加10001032和20002438多头持仓
2018-05-31 10:31:56,824 - xj_right_init.py:83 - 执行结果为True
2018-05-31 10:32:02,671 - xj_right_init.py:83 - 执行结果为True
2018-05-31 10:32:07,406 - xj_right_init.py:83 - 执行结果为True
2018-05-31 10:32:13,207 - xj_right_init.py:83 - 执行结果为True
2018-05-31 10:32:19,432 - xj_right_init.py:83 - 执行结果为True
2018-05-31 10:32:25,167 - xj_right_init.py:83 - 执行结果为True
2018-05-31 10:32:48,227 - YW_GGQQ_QLFXJHA_011.py:45 - 买开（权利方开仓）：限价-订单确认
2018-05-31 10:32:50,159 - BdtsDataCheck.py:163 - 报单回报状态为未成交,提交状态为已提交,XTP_ORDER_STATUS_NOTRADEQUEUEING,XTP_ORDER_SUBMIT_STATUS_INSERT_ACCEPTED
2018-05-31 10:32:51,583 - YW_GGQQ_QLFXJHA_011.py:74 - 执行结果为True
2018-05-31 10:32:51,583 - YW_GGQQ_QLFXJHA_012.py:35 - 买开（权利方开仓）：限价-部成
2018-05-31 10:32:54,245 - BdtsDataCheck.py:163 - 报单回报状态为未成交,提交状态为已提交,XTP_ORDER_STATUS_NOTRADEQUEUEING,XTP_ORDER_SUBMIT_STATUS_INSERT_ACCEPTED
2018-05-31 10:32:56,110 - YW_GGQQ_QLFXJHA_012.py:65 - 执行结果为True
2018-05-31 10:32:56,110 - YW_GGQQ_QLFXJHA_013.py:35 - 买开（权利方开仓）：限价-已成（费用=min）
2018-05-31 10:32:59,797 - YW_GGQQ_QLFXJHA_013.py:65 - 执行结果为True
2018-05-31 10:32:59,798 - YW_GGQQ_QLFXJHA_014.py:35 - 买开（权利方开仓）：限价-已成（费用>min）
2018-05-31 10:33:03,670 - YW_GGQQ_QLFXJHA_014.py:65 - 执行结果为True
2018-05-31 10:33:03,671 - YW_GGQQ_QLFXJHA_017.py:35 - 沪A买开（权利方开仓）：限价-OMS拒单（涨停价+0.0002）
2018-05-31 10:33:05,125 - YW_GGQQ_QLFXJHA_017.py:65 - 执行结果为True
2018-05-31 10:33:05,125 - YW_GGQQ_QLFXJHA_018.py:35 - 沪A买开（权利方开仓）：限价-OMS拒单（跌停价-0.0002）
2018-05-31 10:33:06,355 - YW_GGQQ_QLFXJHA_018.py:65 - 执行结果为True
2018-05-31 10:33:06,355 - YW_GGQQ_QLFXJHA_019.py:35 - 买开（权利方开仓）：限价-部成撤单
2018-05-31 10:33:08,435 - BdtsDataCheck.py:163 - 报单回报状态为未成交,提交状态为已提交,XTP_ORDER_STATUS_NOTRADEQUEUEING,XTP_ORDER_SUBMIT_STATUS_INSERT_ACCEPTED
2018-05-31 10:33:08,435 - mainService.py:199 - 报单查询等待...,xtpID=901943080821723055
2018-05-31 10:33:12,604 - YW_GGQQ_QLFXJHA_019.py:65 - 执行结果为True
2018-05-31 10:33:12,604 - YW_GGQQ_QLFXJHA_020.py:35 - 买开（权利方开仓）：限价-全部撤单
2018-05-31 10:33:14,596 - BdtsDataCheck.py:163 - 报单回报状态为未成交,提交状态为已提交,XTP_ORDER_STATUS_NOTRADEQUEUEING,XTP_ORDER_SUBMIT_STATUS_INSERT_ACCEPTED
2018-05-31 10:33:14,597 - mainService.py:199 - 报单查询等待...,xtpID=901943080821723057
2018-05-31 10:33:18,119 - YW_GGQQ_QLFXJHA_020.py:65 - 执行结果为True
2018-05-31 10:33:18,120 - YW_GGQQ_QLFXJHA_022.py:35 - 买开（权利方开仓）：限价-全成再撤单（OMS）
2018-05-31 13:29:03,529 - xj_right_init.py:51 - 卖开（义务方开仓）：T日增加10001032和20002438多头持仓
2018-05-31 13:29:07,323 - xj_right_init.py:83 - 执行结果为True
2018-05-31 13:29:13,139 - xj_right_init.py:83 - 执行结果为True
2018-05-31 13:29:18,877 - xj_right_init.py:83 - 执行结果为True
2018-05-31 13:29:24,746 - xj_right_init.py:83 - 执行结果为True
2018-05-31 13:29:31,555 - xj_right_init.py:83 - 执行结果为True
2018-05-31 13:29:37,896 - xj_right_init.py:83 - 执行结果为True
