2020-06-04 10:05:56,906-log_demo-INFO-sql able to connect!
2020-06-04 10:05:56,906-log_demo-INFO-TRUNCATE TABLE ashare_cjhb
2020-06-04 10:05:56,909-log_demo-INFO-TRUNCATE TABLE ashare_ordwth
2020-06-04 10:05:56,912-log_demo-INFO-TRUNCATE TABLE ashare_ordwth2
2020-06-04 10:05:56,914-log_demo-INFO-TRUNCATE TABLE reqresp
2020-06-04 10:05:56,916-log_demo-INFO-TRUNCATE TABLE execreport
2020-06-04 10:05:56,917-log_demo-INFO-TRUNCATE TABLE ashare_ordwth_cancel
2020-06-04 10:05:56,919-log_demo-INFO-truncate table ashare_ordwth_cancel success!
2020-06-04 10:05:56,920-paramiko.transport-DEBUG-starting thread (client mode): 0x181f710L
2020-06-04 10:05:56,920-paramiko.transport-DEBUG-Local version/idstring: SSH-2.0-paramiko_2.4.1
2020-06-04 10:05:56,931-paramiko.transport-DEBUG-Remote version/idstring: SSH-2.0-OpenSSH_6.6.1
2020-06-04 10:05:56,931-paramiko.transport-INFO-Connected (version 2.0, client OpenSSH_6.6.1)
2020-06-04 10:05:56,935-paramiko.transport-DEBUG-kex algos:[u'curve25519-sha256@libssh.org', u'ecdh-sha2-nistp256', u'ecdh-sha2-nistp384', u'ecdh-sha2-nistp521', u'diffie-hellman-group-exchange-sha256', u'diffie-hellman-group-exchange-sha1', u'diffie-hellman-group14-sha1', u'diffie-hellman-group1-sha1'] server key:[u'ssh-rsa', u'ecdsa-sha2-nistp256', u'ssh-ed25519'] client encrypt:[u'aes128-ctr', u'aes192-ctr', u'aes256-ctr', u'arcfour256', u'arcfour128', u'aes128-gcm@openssh.com', u'aes256-gcm@openssh.com', u'chacha20-poly1305@openssh.com', u'aes128-cbc', u'3des-cbc', u'blowfish-cbc', u'cast128-cbc', u'aes192-cbc', u'aes256-cbc', u'arcfour', u'rijndael-cbc@lysator.liu.se'] server encrypt:[u'aes128-ctr', u'aes192-ctr', u'aes256-ctr', u'arcfour256', u'arcfour128', u'aes128-gcm@openssh.com', u'aes256-gcm@openssh.com', u'chacha20-poly1305@openssh.com', u'aes128-cbc', u'3des-cbc', u'blowfish-cbc', u'cast128-cbc', u'aes192-cbc', u'aes256-cbc', u'arcfour', u'rijndael-cbc@lysator.liu.se'] client mac:[u'hmac-md5-etm@openssh.com', u'hmac-sha1-etm@openssh.com', u'umac-64-etm@openssh.com', u'umac-128-etm@openssh.com', u'hmac-sha2-256-etm@openssh.com', u'hmac-sha2-512-etm@openssh.com', u'hmac-ripemd160-etm@openssh.com', u'hmac-sha1-96-etm@openssh.com', u'hmac-md5-96-etm@openssh.com', u'hmac-md5', u'hmac-sha1', u'umac-64@openssh.com', u'umac-128@openssh.com', u'hmac-sha2-256', u'hmac-sha2-512', u'hmac-ripemd160', u'hmac-ripemd160@openssh.com', u'hmac-sha1-96', u'hmac-md5-96'] server mac:[u'hmac-md5-etm@openssh.com', u'hmac-sha1-etm@openssh.com', u'umac-64-etm@openssh.com', u'umac-128-etm@openssh.com', u'hmac-sha2-256-etm@openssh.com', u'hmac-sha2-512-etm@openssh.com', u'hmac-ripemd160-etm@openssh.com', u'hmac-sha1-96-etm@openssh.com', u'hmac-md5-96-etm@openssh.com', u'hmac-md5', u'hmac-sha1', u'umac-64@openssh.com', u'umac-128@openssh.com', u'hmac-sha2-256', u'hmac-sha2-512', u'hmac-ripemd160', u'hmac-ripemd160@openssh.com', u'hmac-sha1-96', u'hmac-md5-96'] client compress:[u'none', u'zlib@openssh.com'] server compress:[u'none', u'zlib@openssh.com'] client lang:[u''] server lang:[u''] kex follows?False
2020-06-04 10:05:56,935-paramiko.transport-DEBUG-Kex agreed: ecdh-sha2-nistp256
2020-06-04 10:05:56,935-paramiko.transport-DEBUG-HostKey agreed: ssh-ed25519
2020-06-04 10:05:56,935-paramiko.transport-DEBUG-Cipher agreed: aes128-ctr
2020-06-04 10:05:56,935-paramiko.transport-DEBUG-MAC agreed: hmac-sha2-256
2020-06-04 10:05:56,935-paramiko.transport-DEBUG-Compression agreed: none
2020-06-04 10:05:56,940-paramiko.transport-DEBUG-kex engine KexNistp256 specified hash_algo <built-in function openssl_sha256>
2020-06-04 10:05:56,940-paramiko.transport-DEBUG-Switch to new keys ...
2020-06-04 10:05:56,952-paramiko.transport-DEBUG-Adding ssh-ed25519 host key for 10.29.193.60: 9c589c255248bf0581d9b58ecf85e2ed
2020-06-04 10:05:56,980-paramiko.transport-DEBUG-userauth is OK
2020-06-04 10:05:57,016-paramiko.transport-INFO-Authentication (password) successful!
2020-06-04 10:05:57,053-paramiko.transport-DEBUG-[chan 0] Max packet in: 32768 bytes
2020-06-04 10:05:57,210-paramiko.transport-DEBUG-[chan 0] Max packet out: 32768 bytes
2020-06-04 10:05:57,210-paramiko.transport-DEBUG-Secsh channel 0 opened.
2020-06-04 10:05:57,220-paramiko.transport-DEBUG-[chan 0] Sesch channel 0 request ok
2020-06-04 10:05:57,242-paramiko.transport-DEBUG-[chan 0] EOF received (0)
2020-06-04 10:05:57,242-paramiko.transport-DEBUG-[chan 0] EOF sent (0)
2020-06-04 10:05:59,243-paramiko.transport-DEBUG-[chan 1] Max packet in: 32768 bytes
2020-06-04 10:05:59,244-paramiko.transport-DEBUG-[chan 1] Max packet out: 32768 bytes
2020-06-04 10:05:59,244-paramiko.transport-DEBUG-Secsh channel 1 opened.
2020-06-04 10:05:59,246-paramiko.transport-DEBUG-[chan 1] Sesch channel 1 request ok
2020-06-04 10:05:59,268-paramiko.transport-DEBUG-[chan 1] EOF received (1)
2020-06-04 10:05:59,268-paramiko.transport-DEBUG-[chan 1] EOF sent (1)
2020-06-04 10:06:01,269-paramiko.transport-DEBUG-[chan 2] Max packet in: 32768 bytes
2020-06-04 10:06:01,270-paramiko.transport-DEBUG-[chan 2] Max packet out: 32768 bytes
2020-06-04 10:06:01,270-paramiko.transport-DEBUG-Secsh channel 2 opened.
2020-06-04 10:06:01,272-paramiko.transport-DEBUG-[chan 2] Sesch channel 2 request ok
2020-06-04 10:06:01,289-paramiko.transport-DEBUG-[chan 2] EOF received (2)
2020-06-04 10:06:01,290-paramiko.transport-DEBUG-[chan 2] EOF sent (2)
2020-06-04 10:06:03,294-paramiko.transport-DEBUG-EOF in transport thread
2020-06-04 10:06:37,346-paramiko.transport-DEBUG-starting thread (client mode): 0x58281dd0L
2020-06-04 10:06:37,347-paramiko.transport-DEBUG-Local version/idstring: SSH-2.0-paramiko_2.4.1
2020-06-04 10:06:37,359-paramiko.transport-DEBUG-Remote version/idstring: SSH-2.0-OpenSSH_6.6.1
2020-06-04 10:06:37,359-paramiko.transport-INFO-Connected (version 2.0, client OpenSSH_6.6.1)
2020-06-04 10:06:37,363-paramiko.transport-DEBUG-kex algos:[u'curve25519-sha256@libssh.org', u'ecdh-sha2-nistp256', u'ecdh-sha2-nistp384', u'ecdh-sha2-nistp521', u'diffie-hellman-group-exchange-sha256', u'diffie-hellman-group-exchange-sha1', u'diffie-hellman-group14-sha1', u'diffie-hellman-group1-sha1'] server key:[u'ssh-rsa', u'ecdsa-sha2-nistp256', u'ssh-ed25519'] client encrypt:[u'aes128-ctr', u'aes192-ctr', u'aes256-ctr', u'arcfour256', u'arcfour128', u'aes128-gcm@openssh.com', u'aes256-gcm@openssh.com', u'chacha20-poly1305@openssh.com', u'aes128-cbc', u'3des-cbc', u'blowfish-cbc', u'cast128-cbc', u'aes192-cbc', u'aes256-cbc', u'arcfour', u'rijndael-cbc@lysator.liu.se'] server encrypt:[u'aes128-ctr', u'aes192-ctr', u'aes256-ctr', u'arcfour256', u'arcfour128', u'aes128-gcm@openssh.com', u'aes256-gcm@openssh.com', u'chacha20-poly1305@openssh.com', u'aes128-cbc', u'3des-cbc', u'blowfish-cbc', u'cast128-cbc', u'aes192-cbc', u'aes256-cbc', u'arcfour', u'rijndael-cbc@lysator.liu.se'] client mac:[u'hmac-md5-etm@openssh.com', u'hmac-sha1-etm@openssh.com', u'umac-64-etm@openssh.com', u'umac-128-etm@openssh.com', u'hmac-sha2-256-etm@openssh.com', u'hmac-sha2-512-etm@openssh.com', u'hmac-ripemd160-etm@openssh.com', u'hmac-sha1-96-etm@openssh.com', u'hmac-md5-96-etm@openssh.com', u'hmac-md5', u'hmac-sha1', u'umac-64@openssh.com', u'umac-128@openssh.com', u'hmac-sha2-256', u'hmac-sha2-512', u'hmac-ripemd160', u'hmac-ripemd160@openssh.com', u'hmac-sha1-96', u'hmac-md5-96'] server mac:[u'hmac-md5-etm@openssh.com', u'hmac-sha1-etm@openssh.com', u'umac-64-etm@openssh.com', u'umac-128-etm@openssh.com', u'hmac-sha2-256-etm@openssh.com', u'hmac-sha2-512-etm@openssh.com', u'hmac-ripemd160-etm@openssh.com', u'hmac-sha1-96-etm@openssh.com', u'hmac-md5-96-etm@openssh.com', u'hmac-md5', u'hmac-sha1', u'umac-64@openssh.com', u'umac-128@openssh.com', u'hmac-sha2-256', u'hmac-sha2-512', u'hmac-ripemd160', u'hmac-ripemd160@openssh.com', u'hmac-sha1-96', u'hmac-md5-96'] client compress:[u'none', u'zlib@openssh.com'] server compress:[u'none', u'zlib@openssh.com'] client lang:[u''] server lang:[u''] kex follows?False
2020-06-04 10:06:37,363-paramiko.transport-DEBUG-Kex agreed: ecdh-sha2-nistp256
2020-06-04 10:06:37,364-paramiko.transport-DEBUG-HostKey agreed: ssh-ed25519
2020-06-04 10:06:37,364-paramiko.transport-DEBUG-Cipher agreed: aes128-ctr
2020-06-04 10:06:37,364-paramiko.transport-DEBUG-MAC agreed: hmac-sha2-256
2020-06-04 10:06:37,364-paramiko.transport-DEBUG-Compression agreed: none
2020-06-04 10:06:37,369-paramiko.transport-DEBUG-kex engine KexNistp256 specified hash_algo <built-in function openssl_sha256>
2020-06-04 10:06:37,369-paramiko.transport-DEBUG-Switch to new keys ...
2020-06-04 10:06:37,378-paramiko.transport-DEBUG-Adding ssh-ed25519 host key for 10.29.193.60: 9c589c255248bf0581d9b58ecf85e2ed
2020-06-04 10:06:37,409-paramiko.transport-DEBUG-userauth is OK
2020-06-04 10:06:37,451-paramiko.transport-INFO-Authentication (password) successful!
2020-06-04 10:06:37,480-paramiko.transport-DEBUG-[chan 0] Max packet in: 32768 bytes
2020-06-04 10:06:37,693-paramiko.transport-DEBUG-[chan 0] Max packet out: 32768 bytes
2020-06-04 10:06:37,693-paramiko.transport-DEBUG-Secsh channel 0 opened.
2020-06-04 10:06:37,701-paramiko.transport-DEBUG-[chan 0] Sesch channel 0 request ok
2020-06-04 10:06:39,622-paramiko.transport-DEBUG-[chan 0] EOF received (0)
2020-06-04 10:06:39,622-paramiko.transport-DEBUG-[chan 0] EOF sent (0)
2020-06-04 10:06:41,624-paramiko.transport-DEBUG-[chan 1] Max packet in: 32768 bytes
2020-06-04 10:06:41,625-paramiko.transport-DEBUG-[chan 1] Max packet out: 32768 bytes
2020-06-04 10:06:41,625-paramiko.transport-DEBUG-Secsh channel 1 opened.
2020-06-04 10:06:41,627-paramiko.transport-DEBUG-[chan 1] Sesch channel 1 request ok
2020-06-04 10:06:43,523-paramiko.transport-DEBUG-[chan 1] EOF received (1)
2020-06-04 10:06:43,524-paramiko.transport-DEBUG-[chan 1] EOF sent (1)
2020-06-04 10:06:49,531-paramiko.transport-DEBUG-[chan 2] Max packet in: 32768 bytes
2020-06-04 10:06:49,532-paramiko.transport-DEBUG-[chan 2] Max packet out: 32768 bytes
2020-06-04 10:06:49,532-paramiko.transport-DEBUG-Secsh channel 2 opened.
2020-06-04 10:06:49,534-paramiko.transport-DEBUG-[chan 2] Sesch channel 2 request ok
2020-06-04 10:06:51,520-paramiko.transport-DEBUG-[chan 2] EOF received (2)
2020-06-04 10:06:51,520-paramiko.transport-DEBUG-[chan 2] EOF sent (2)
2020-06-04 10:06:53,524-paramiko.transport-DEBUG-[chan 3] Max packet in: 32768 bytes
2020-06-04 10:06:53,524-paramiko.transport-DEBUG-[chan 3] Max packet out: 32768 bytes
2020-06-04 10:06:53,524-paramiko.transport-DEBUG-Secsh channel 3 opened.
2020-06-04 10:06:53,528-paramiko.transport-DEBUG-[chan 3] Sesch channel 3 request ok
2020-06-04 10:06:54,121-paramiko.transport-DEBUG-[chan 3] EOF received (3)
2020-06-04 10:06:54,121-paramiko.transport-DEBUG-[chan 3] EOF sent (3)
2020-06-04 10:06:56,123-paramiko.transport-DEBUG-[chan 4] Max packet in: 32768 bytes
2020-06-04 10:06:56,125-paramiko.transport-DEBUG-[chan 4] Max packet out: 32768 bytes
2020-06-04 10:06:56,125-paramiko.transport-DEBUG-Secsh channel 4 opened.
2020-06-04 10:06:56,128-paramiko.transport-DEBUG-[chan 4] Sesch channel 4 request ok
2020-06-04 10:06:57,761-paramiko.transport-DEBUG-[chan 4] EOF received (4)
2020-06-04 10:06:57,761-paramiko.transport-DEBUG-[chan 4] EOF sent (4)
2020-06-04 10:06:59,765-paramiko.transport-DEBUG-EOF in transport thread
2020-06-04 10:06:59,928-myloger-WARNING-OMS初始化—可选权限—Secuinfo表，沪A证券账号无买入科创板股票权限（一级市场交易权限验证）
2020-06-04 10:07:01,024-myloger-WARNING-执行结果为True,,
