2019-02-15 17:32:26,135-log_demo-INFO-sql able to connect!
2019-02-15 17:32:26,136-log_demo-INFO-TRUNCATE TABLE ashare_cjhb
2019-02-15 17:32:26,137-log_demo-INFO-TRUNCATE TABLE ashare_ordwth
2019-02-15 17:32:26,138-log_demo-INFO-TRUNCATE TABLE ashare_ordwth2
2019-02-15 17:32:26,139-log_demo-INFO-TRUNCATE TABLE reqresp
2019-02-15 17:32:26,140-log_demo-INFO-TRUNCATE TABLE execreport
2019-02-15 17:32:26,141-log_demo-INFO-TRUNCATE TABLE ashare_ordwth_cancel
2019-02-15 17:32:26,142-log_demo-INFO-truncate table ashare_ordwth_cancel success!
2019-02-15 17:32:26,143-paramiko.transport-DEBUG-starting thread (client mode): 0x21d86d0L
2019-02-15 17:32:26,144-paramiko.transport-DEBUG-Local version/idstring: SSH-2.0-paramiko_2.4.1
2019-02-15 17:32:26,149-paramiko.transport-DEBUG-Remote version/idstring: SSH-2.0-OpenSSH_6.6.1
2019-02-15 17:32:26,150-paramiko.transport-INFO-Connected (version 2.0, client OpenSSH_6.6.1)
2019-02-15 17:32:26,151-paramiko.transport-DEBUG-kex algos:[u'curve25519-sha256@libssh.org', u'ecdh-sha2-nistp256', u'ecdh-sha2-nistp384', u'ecdh-sha2-nistp521', u'diffie-hellman-group-exchange-sha256', u'diffie-hellman-group-exchange-sha1', u'diffie-hellman-group14-sha1', u'diffie-hellman-group1-sha1'] server key:[u'ssh-rsa', u'ecdsa-sha2-nistp256', u'ssh-ed25519'] client encrypt:[u'aes128-ctr', u'aes192-ctr', u'aes256-ctr', u'arcfour256', u'arcfour128', u'aes128-gcm@openssh.com', u'aes256-gcm@openssh.com', u'chacha20-poly1305@openssh.com', u'aes128-cbc', u'3des-cbc', u'blowfish-cbc', u'cast128-cbc', u'aes192-cbc', u'aes256-cbc', u'arcfour', u'rijndael-cbc@lysator.liu.se'] server encrypt:[u'aes128-ctr', u'aes192-ctr', u'aes256-ctr', u'arcfour256', u'arcfour128', u'aes128-gcm@openssh.com', u'aes256-gcm@openssh.com', u'chacha20-poly1305@openssh.com', u'aes128-cbc', u'3des-cbc', u'blowfish-cbc', u'cast128-cbc', u'aes192-cbc', u'aes256-cbc', u'arcfour', u'rijndael-cbc@lysator.liu.se'] client mac:[u'hmac-md5-etm@openssh.com', u'hmac-sha1-etm@openssh.com', u'umac-64-etm@openssh.com', u'umac-128-etm@openssh.com', u'hmac-sha2-256-etm@openssh.com', u'hmac-sha2-512-etm@openssh.com', u'hmac-ripemd160-etm@openssh.com', u'hmac-sha1-96-etm@openssh.com', u'hmac-md5-96-etm@openssh.com', u'hmac-md5', u'hmac-sha1', u'umac-64@openssh.com', u'umac-128@openssh.com', u'hmac-sha2-256', u'hmac-sha2-512', u'hmac-ripemd160', u'hmac-ripemd160@openssh.com', u'hmac-sha1-96', u'hmac-md5-96'] server mac:[u'hmac-md5-etm@openssh.com', u'hmac-sha1-etm@openssh.com', u'umac-64-etm@openssh.com', u'umac-128-etm@openssh.com', u'hmac-sha2-256-etm@openssh.com', u'hmac-sha2-512-etm@openssh.com', u'hmac-ripemd160-etm@openssh.com', u'hmac-sha1-96-etm@openssh.com', u'hmac-md5-96-etm@openssh.com', u'hmac-md5', u'hmac-sha1', u'umac-64@openssh.com', u'umac-128@openssh.com', u'hmac-sha2-256', u'hmac-sha2-512', u'hmac-ripemd160', u'hmac-ripemd160@openssh.com', u'hmac-sha1-96', u'hmac-md5-96'] client compress:[u'none', u'zlib@openssh.com'] server compress:[u'none', u'zlib@openssh.com'] client lang:[u''] server lang:[u''] kex follows?False
2019-02-15 17:32:26,151-paramiko.transport-DEBUG-Kex agreed: ecdh-sha2-nistp256
2019-02-15 17:32:26,151-paramiko.transport-DEBUG-HostKey agreed: ssh-ed25519
2019-02-15 17:32:26,151-paramiko.transport-DEBUG-Cipher agreed: aes128-ctr
2019-02-15 17:32:26,151-paramiko.transport-DEBUG-MAC agreed: hmac-sha2-256
2019-02-15 17:32:26,151-paramiko.transport-DEBUG-Compression agreed: none
2019-02-15 17:32:26,154-paramiko.transport-DEBUG-kex engine KexNistp256 specified hash_algo <built-in function openssl_sha256>
2019-02-15 17:32:26,155-paramiko.transport-DEBUG-Switch to new keys ...
2019-02-15 17:32:26,159-paramiko.transport-DEBUG-Adding ssh-ed25519 host key for 10.29.182.38: 9c589c255248bf0581d9b58ecf85e2ed
2019-02-15 17:32:26,194-paramiko.transport-DEBUG-userauth is OK
2019-02-15 17:32:26,216-paramiko.transport-INFO-Authentication (password) successful!
2019-02-15 17:32:26,223-paramiko.transport-DEBUG-[chan 0] Max packet in: 32768 bytes
2019-02-15 17:32:26,313-paramiko.transport-DEBUG-[chan 0] Max packet out: 32768 bytes
2019-02-15 17:32:26,314-paramiko.transport-DEBUG-Secsh channel 0 opened.
2019-02-15 17:32:26,325-paramiko.transport-DEBUG-[chan 0] Sesch channel 0 request ok
2019-02-15 17:32:26,339-paramiko.transport-DEBUG-[chan 0] EOF received (0)
2019-02-15 17:32:26,339-paramiko.transport-DEBUG-[chan 0] EOF sent (0)
2019-02-15 17:32:28,342-paramiko.transport-DEBUG-[chan 1] Max packet in: 32768 bytes
2019-02-15 17:32:28,342-paramiko.transport-DEBUG-[chan 1] Max packet out: 32768 bytes
2019-02-15 17:32:28,342-paramiko.transport-DEBUG-Secsh channel 1 opened.
2019-02-15 17:32:28,344-paramiko.transport-DEBUG-[chan 1] Sesch channel 1 request ok
2019-02-15 17:32:28,356-paramiko.transport-DEBUG-[chan 1] EOF received (1)
2019-02-15 17:32:28,356-paramiko.transport-DEBUG-[chan 1] EOF sent (1)
2019-02-15 17:32:30,358-paramiko.transport-DEBUG-[chan 2] Max packet in: 32768 bytes
2019-02-15 17:32:30,359-paramiko.transport-DEBUG-[chan 2] Max packet out: 32768 bytes
2019-02-15 17:32:30,359-paramiko.transport-DEBUG-Secsh channel 2 opened.
2019-02-15 17:32:30,361-paramiko.transport-DEBUG-[chan 2] Sesch channel 2 request ok
2019-02-15 17:32:30,372-paramiko.transport-DEBUG-[chan 2] EOF received (2)
2019-02-15 17:32:30,373-paramiko.transport-DEBUG-[chan 2] EOF sent (2)
2019-02-15 17:32:32,376-paramiko.transport-DEBUG-EOF in transport thread
