2018-03-09 18:14:48,085-log_demo-INFO-sql able to connect!
2018-03-09 18:14:48,085-log_demo-INFO-TRUNCATE TABLE ashare_cjhb
2018-03-09 18:14:48,094-log_demo-INFO-TRUNCATE TABLE ashare_ordwth
2018-03-09 18:14:48,098-log_demo-INFO-TRUNCATE TABLE ashare_ordwth2
2018-03-09 18:14:48,102-log_demo-INFO-truncate table ashare_ordwth2 success!
2018-03-09 18:17:31,810-paramiko.transport-DEBUG-starting thread (client mode): 0x2e4f2d0L
2018-03-09 18:17:31,811-paramiko.transport-DEBUG-Local version/idstring: SSH-2.0-paramiko_2.1.4
2018-03-09 18:17:31,825-paramiko.transport-DEBUG-Remote version/idstring: SSH-2.0-OpenSSH_6.6.1
2018-03-09 18:17:31,825-paramiko.transport-INFO-Connected (version 2.0, client OpenSSH_6.6.1)
2018-03-09 18:17:31,828-paramiko.transport-DEBUG-kex algos:[u'curve25519-sha256@libssh.org', u'ecdh-sha2-nistp256', u'ecdh-sha2-nistp384', u'ecdh-sha2-nistp521', u'diffie-hellman-group-exchange-sha256', u'diffie-hellman-group-exchange-sha1', u'diffie-hellman-group14-sha1', u'diffie-hellman-group1-sha1'] server key:[u'ssh-rsa', u'ecdsa-sha2-nistp256', u'ssh-ed25519'] client encrypt:[u'aes128-ctr', u'aes192-ctr', u'aes256-ctr', u'arcfour256', u'arcfour128', u'aes128-gcm@openssh.com', u'aes256-gcm@openssh.com', u'chacha20-poly1305@openssh.com', u'aes128-cbc', u'3des-cbc', u'blowfish-cbc', u'cast128-cbc', u'aes192-cbc', u'aes256-cbc', u'arcfour', u'rijndael-cbc@lysator.liu.se'] server encrypt:[u'aes128-ctr', u'aes192-ctr', u'aes256-ctr', u'arcfour256', u'arcfour128', u'aes128-gcm@openssh.com', u'aes256-gcm@openssh.com', u'chacha20-poly1305@openssh.com', u'aes128-cbc', u'3des-cbc', u'blowfish-cbc', u'cast128-cbc', u'aes192-cbc', u'aes256-cbc', u'arcfour', u'rijndael-cbc@lysator.liu.se'] client mac:[u'hmac-md5-etm@openssh.com', u'hmac-sha1-etm@openssh.com', u'umac-64-etm@openssh.com', u'umac-128-etm@openssh.com', u'hmac-sha2-256-etm@openssh.com', u'hmac-sha2-512-etm@openssh.com', u'hmac-ripemd160-etm@openssh.com', u'hmac-sha1-96-etm@openssh.com', u'hmac-md5-96-etm@openssh.com', u'hmac-md5', u'hmac-sha1', u'umac-64@openssh.com', u'umac-128@openssh.com', u'hmac-sha2-256', u'hmac-sha2-512', u'hmac-ripemd160', u'hmac-ripemd160@openssh.com', u'hmac-sha1-96', u'hmac-md5-96'] server mac:[u'hmac-md5-etm@openssh.com', u'hmac-sha1-etm@openssh.com', u'umac-64-etm@openssh.com', u'umac-128-etm@openssh.com', u'hmac-sha2-256-etm@openssh.com', u'hmac-sha2-512-etm@openssh.com', u'hmac-ripemd160-etm@openssh.com', u'hmac-sha1-96-etm@openssh.com', u'hmac-md5-96-etm@openssh.com', u'hmac-md5', u'hmac-sha1', u'umac-64@openssh.com', u'umac-128@openssh.com', u'hmac-sha2-256', u'hmac-sha2-512', u'hmac-ripemd160', u'hmac-ripemd160@openssh.com', u'hmac-sha1-96', u'hmac-md5-96'] client compress:[u'none', u'zlib@openssh.com'] server compress:[u'none', u'zlib@openssh.com'] client lang:[u''] server lang:[u''] kex follows?False
2018-03-09 18:17:31,828-paramiko.transport-DEBUG-Kex agreed: diffie-hellman-group1-sha1
2018-03-09 18:17:31,828-paramiko.transport-DEBUG-HostKey agreed: ecdsa-sha2-nistp256
2018-03-09 18:17:31,828-paramiko.transport-DEBUG-Cipher agreed: aes128-ctr
2018-03-09 18:17:31,829-paramiko.transport-DEBUG-MAC agreed: hmac-sha2-256
2018-03-09 18:17:31,829-paramiko.transport-DEBUG-Compression agreed: none
2018-03-09 18:17:31,861-paramiko.transport-DEBUG-kex engine KexGroup1 specified hash_algo <built-in function openssl_sha1>
2018-03-09 18:17:31,861-paramiko.transport-DEBUG-Switch to new keys ...
2018-03-09 18:17:31,890-paramiko.transport-DEBUG-Adding ecdsa-sha2-nistp256 host key for 10.26.134.198: 3d1842d20ab9aae1ed9777a303bff486
2018-03-09 18:17:31,900-paramiko.transport-DEBUG-userauth is OK
2018-03-09 18:17:31,946-paramiko.transport-INFO-Authentication (password) successful!
2018-03-09 18:17:31,955-paramiko.transport-DEBUG-[chan 0] Max packet in: 32768 bytes
2018-03-09 18:17:32,131-paramiko.transport-DEBUG-[chan 0] Max packet out: 32768 bytes
2018-03-09 18:17:32,132-paramiko.transport-DEBUG-Secsh channel 0 opened.
2018-03-09 18:17:32,159-paramiko.transport-DEBUG-[chan 0] Sesch channel 0 request ok
2018-03-09 18:17:33,697-paramiko.transport-DEBUG-[chan 0] EOF received (0)
2018-03-09 18:17:33,697-paramiko.transport-DEBUG-[chan 0] EOF sent (0)
2018-03-09 18:17:35,699-paramiko.transport-DEBUG-[chan 1] Max packet in: 32768 bytes
2018-03-09 18:17:35,700-paramiko.transport-DEBUG-[chan 1] Max packet out: 32768 bytes
2018-03-09 18:17:35,700-paramiko.transport-DEBUG-Secsh channel 1 opened.
2018-03-09 18:17:35,703-paramiko.transport-DEBUG-[chan 1] Sesch channel 1 request ok
2018-03-09 18:17:37,530-paramiko.transport-DEBUG-[chan 1] EOF received (1)
2018-03-09 18:17:37,530-paramiko.transport-DEBUG-[chan 1] EOF sent (1)
2018-03-09 18:17:39,531-paramiko.transport-DEBUG-[chan 2] Max packet in: 32768 bytes
2018-03-09 18:17:39,532-paramiko.transport-DEBUG-[chan 2] Max packet out: 32768 bytes
2018-03-09 18:17:39,532-paramiko.transport-DEBUG-Secsh channel 2 opened.
2018-03-09 18:17:39,535-paramiko.transport-DEBUG-[chan 2] Sesch channel 2 request ok
2018-03-09 18:17:40,208-paramiko.transport-DEBUG-[chan 2] EOF received (2)
2018-03-09 18:17:40,208-paramiko.transport-DEBUG-[chan 2] EOF sent (2)
2018-03-09 18:17:42,211-paramiko.transport-DEBUG-[chan 3] Max packet in: 32768 bytes
2018-03-09 18:17:42,211-paramiko.transport-DEBUG-[chan 3] Max packet out: 32768 bytes
2018-03-09 18:17:42,212-paramiko.transport-DEBUG-Secsh channel 3 opened.
2018-03-09 18:17:42,214-paramiko.transport-DEBUG-[chan 3] Sesch channel 3 request ok
2018-03-09 18:17:43,735-paramiko.transport-DEBUG-[chan 3] EOF received (3)
2018-03-09 18:17:43,735-paramiko.transport-DEBUG-[chan 3] EOF sent (3)
2018-03-09 18:17:45,736-paramiko.transport-DEBUG-[chan 4] Max packet in: 32768 bytes
2018-03-09 18:17:45,737-paramiko.transport-DEBUG-[chan 4] Max packet out: 32768 bytes
2018-03-09 18:17:45,737-paramiko.transport-DEBUG-Secsh channel 4 opened.
2018-03-09 18:17:45,740-paramiko.transport-DEBUG-[chan 4] Sesch channel 4 request ok
2018-03-09 18:17:46,426-paramiko.transport-DEBUG-[chan 4] EOF received (4)
2018-03-09 18:17:46,426-paramiko.transport-DEBUG-[chan 4] EOF sent (4)
2018-03-09 18:17:48,428-paramiko.transport-DEBUG-[chan 5] Max packet in: 32768 bytes
2018-03-09 18:17:48,429-paramiko.transport-DEBUG-[chan 5] Max packet out: 32768 bytes
2018-03-09 18:17:48,429-paramiko.transport-DEBUG-Secsh channel 5 opened.
2018-03-09 18:17:48,432-paramiko.transport-DEBUG-[chan 5] Sesch channel 5 request ok
2018-03-09 18:17:49,459-paramiko.transport-DEBUG-[chan 5] EOF received (5)
2018-03-09 18:17:49,459-paramiko.transport-DEBUG-[chan 5] EOF sent (5)
2018-03-09 18:17:51,462-paramiko.transport-DEBUG-[chan 6] Max packet in: 32768 bytes
2018-03-09 18:17:51,463-paramiko.transport-DEBUG-[chan 6] Max packet out: 32768 bytes
2018-03-09 18:17:51,463-paramiko.transport-DEBUG-Secsh channel 6 opened.
2018-03-09 18:17:51,465-paramiko.transport-DEBUG-[chan 6] Sesch channel 6 request ok
2018-03-09 18:17:52,963-paramiko.transport-DEBUG-[chan 6] EOF received (6)
2018-03-09 18:17:52,964-paramiko.transport-DEBUG-[chan 6] EOF sent (6)
2018-03-09 18:17:54,968-paramiko.transport-DEBUG-EOF in transport thread
