2020-03-19 09:58:19,053-log_demo-INFO-sql able to connect!
2020-03-19 09:58:19,053-log_demo-INFO-TRUNCATE TABLE ashare_cjhb
2020-03-19 09:58:19,057-log_demo-INFO-TRUNCATE TABLE ashare_ordwth
2020-03-19 09:58:19,059-log_demo-INFO-TRUNCATE TABLE ashare_ordwth2
2020-03-19 09:58:19,061-log_demo-INFO-TRUNCATE TABLE reqresp
2020-03-19 09:58:19,062-log_demo-INFO-TRUNCATE TABLE execreport
2020-03-19 09:58:19,064-log_demo-INFO-TRUNCATE TABLE ashare_ordwth_cancel
2020-03-19 09:58:19,065-log_demo-INFO-truncate table ashare_ordwth_cancel success!
2020-03-19 09:58:19,066-paramiko.transport-DEBUG-starting thread (client mode): 0x3348850L
2020-03-19 09:58:19,066-paramiko.transport-DEBUG-Local version/idstring: SSH-2.0-paramiko_2.4.1
2020-03-19 09:58:19,072-paramiko.transport-DEBUG-Remote version/idstring: SSH-2.0-OpenSSH_6.6.1
2020-03-19 09:58:19,072-paramiko.transport-INFO-Connected (version 2.0, client OpenSSH_6.6.1)
2020-03-19 09:58:19,073-paramiko.transport-DEBUG-kex algos:[u'curve25519-sha256@libssh.org', u'ecdh-sha2-nistp256', u'ecdh-sha2-nistp384', u'ecdh-sha2-nistp521', u'diffie-hellman-group-exchange-sha256', u'diffie-hellman-group-exchange-sha1', u'diffie-hellman-group14-sha1', u'diffie-hellman-group1-sha1'] server key:[u'ssh-rsa', u'ecdsa-sha2-nistp256', u'ssh-ed25519'] client encrypt:[u'aes128-ctr', u'aes192-ctr', u'aes256-ctr', u'arcfour256', u'arcfour128', u'aes128-gcm@openssh.com', u'aes256-gcm@openssh.com', u'chacha20-poly1305@openssh.com', u'aes128-cbc', u'3des-cbc', u'blowfish-cbc', u'cast128-cbc', u'aes192-cbc', u'aes256-cbc', u'arcfour', u'rijndael-cbc@lysator.liu.se'] server encrypt:[u'aes128-ctr', u'aes192-ctr', u'aes256-ctr', u'arcfour256', u'arcfour128', u'aes128-gcm@openssh.com', u'aes256-gcm@openssh.com', u'chacha20-poly1305@openssh.com', u'aes128-cbc', u'3des-cbc', u'blowfish-cbc', u'cast128-cbc', u'aes192-cbc', u'aes256-cbc', u'arcfour', u'rijndael-cbc@lysator.liu.se'] client mac:[u'hmac-md5-etm@openssh.com', u'hmac-sha1-etm@openssh.com', u'umac-64-etm@openssh.com', u'umac-128-etm@openssh.com', u'hmac-sha2-256-etm@openssh.com', u'hmac-sha2-512-etm@openssh.com', u'hmac-ripemd160-etm@openssh.com', u'hmac-sha1-96-etm@openssh.com', u'hmac-md5-96-etm@openssh.com', u'hmac-md5', u'hmac-sha1', u'umac-64@openssh.com', u'umac-128@openssh.com', u'hmac-sha2-256', u'hmac-sha2-512', u'hmac-ripemd160', u'hmac-ripemd160@openssh.com', u'hmac-sha1-96', u'hmac-md5-96'] server mac:[u'hmac-md5-etm@openssh.com', u'hmac-sha1-etm@openssh.com', u'umac-64-etm@openssh.com', u'umac-128-etm@openssh.com', u'hmac-sha2-256-etm@openssh.com', u'hmac-sha2-512-etm@openssh.com', u'hmac-ripemd160-etm@openssh.com', u'hmac-sha1-96-etm@openssh.com', u'hmac-md5-96-etm@openssh.com', u'hmac-md5', u'hmac-sha1', u'umac-64@openssh.com', u'umac-128@openssh.com', u'hmac-sha2-256', u'hmac-sha2-512', u'hmac-ripemd160', u'hmac-ripemd160@openssh.com', u'hmac-sha1-96', u'hmac-md5-96'] client compress:[u'none', u'zlib@openssh.com'] server compress:[u'none', u'zlib@openssh.com'] client lang:[u''] server lang:[u''] kex follows?False
2020-03-19 09:58:19,073-paramiko.transport-DEBUG-Kex agreed: ecdh-sha2-nistp256
2020-03-19 09:58:19,073-paramiko.transport-DEBUG-HostKey agreed: ssh-ed25519
2020-03-19 09:58:19,073-paramiko.transport-DEBUG-Cipher agreed: aes128-ctr
2020-03-19 09:58:19,073-paramiko.transport-DEBUG-MAC agreed: hmac-sha2-256
2020-03-19 09:58:19,073-paramiko.transport-DEBUG-Compression agreed: none
2020-03-19 09:58:19,078-paramiko.transport-DEBUG-kex engine KexNistp256 specified hash_algo <built-in function openssl_sha256>
2020-03-19 09:58:19,078-paramiko.transport-DEBUG-Switch to new keys ...
2020-03-19 09:58:19,082-paramiko.transport-DEBUG-Adding ssh-ed25519 host key for 10.29.182.38: 9c589c255248bf0581d9b58ecf85e2ed
2020-03-19 09:58:19,118-paramiko.transport-DEBUG-userauth is OK
2020-03-19 09:58:19,139-paramiko.transport-INFO-Authentication (password) successful!
2020-03-19 09:58:19,146-paramiko.transport-DEBUG-[chan 0] Max packet in: 32768 bytes
2020-03-19 09:58:19,147-paramiko.transport-DEBUG-[chan 0] Max packet out: 32768 bytes
2020-03-19 09:58:19,147-paramiko.transport-DEBUG-Secsh channel 0 opened.
2020-03-19 09:58:19,149-paramiko.transport-DEBUG-[chan 0] Sesch channel 0 request ok
2020-03-19 09:58:19,159-paramiko.transport-DEBUG-[chan 0] EOF received (0)
2020-03-19 09:58:19,159-paramiko.transport-DEBUG-[chan 0] EOF sent (0)
2020-03-19 09:58:21,162-paramiko.transport-DEBUG-[chan 1] Max packet in: 32768 bytes
2020-03-19 09:58:21,162-paramiko.transport-DEBUG-[chan 1] Max packet out: 32768 bytes
2020-03-19 09:58:21,162-paramiko.transport-DEBUG-Secsh channel 1 opened.
2020-03-19 09:58:21,164-paramiko.transport-DEBUG-[chan 1] Sesch channel 1 request ok
2020-03-19 09:58:21,175-paramiko.transport-DEBUG-[chan 1] EOF received (1)
2020-03-19 09:58:21,175-paramiko.transport-DEBUG-[chan 1] EOF sent (1)
2020-03-19 09:58:23,176-paramiko.transport-DEBUG-[chan 2] Max packet in: 32768 bytes
2020-03-19 09:58:23,177-paramiko.transport-DEBUG-[chan 2] Max packet out: 32768 bytes
2020-03-19 09:58:23,177-paramiko.transport-DEBUG-Secsh channel 2 opened.
2020-03-19 09:58:23,179-paramiko.transport-DEBUG-[chan 2] Sesch channel 2 request ok
2020-03-19 09:58:23,190-paramiko.transport-DEBUG-[chan 2] EOF received (2)
2020-03-19 09:58:23,190-paramiko.transport-DEBUG-[chan 2] EOF sent (2)
2020-03-19 09:58:25,193-paramiko.transport-DEBUG-EOF in transport thread
2020-03-19 09:58:57,399-paramiko.transport-DEBUG-starting thread (client mode): 0x3348390L
2020-03-19 09:58:57,399-paramiko.transport-DEBUG-Local version/idstring: SSH-2.0-paramiko_2.4.1
2020-03-19 09:58:57,399-paramiko.transport-DEBUG-Remote version/idstring: SSH-2.0-OpenSSH_6.6.1
2020-03-19 09:58:57,399-paramiko.transport-INFO-Connected (version 2.0, client OpenSSH_6.6.1)
2020-03-19 09:58:57,401-paramiko.transport-DEBUG-kex algos:[u'curve25519-sha256@libssh.org', u'ecdh-sha2-nistp256', u'ecdh-sha2-nistp384', u'ecdh-sha2-nistp521', u'diffie-hellman-group-exchange-sha256', u'diffie-hellman-group-exchange-sha1', u'diffie-hellman-group14-sha1', u'diffie-hellman-group1-sha1'] server key:[u'ssh-rsa', u'ecdsa-sha2-nistp256', u'ssh-ed25519'] client encrypt:[u'aes128-ctr', u'aes192-ctr', u'aes256-ctr', u'arcfour256', u'arcfour128', u'aes128-gcm@openssh.com', u'aes256-gcm@openssh.com', u'chacha20-poly1305@openssh.com', u'aes128-cbc', u'3des-cbc', u'blowfish-cbc', u'cast128-cbc', u'aes192-cbc', u'aes256-cbc', u'arcfour', u'rijndael-cbc@lysator.liu.se'] server encrypt:[u'aes128-ctr', u'aes192-ctr', u'aes256-ctr', u'arcfour256', u'arcfour128', u'aes128-gcm@openssh.com', u'aes256-gcm@openssh.com', u'chacha20-poly1305@openssh.com', u'aes128-cbc', u'3des-cbc', u'blowfish-cbc', u'cast128-cbc', u'aes192-cbc', u'aes256-cbc', u'arcfour', u'rijndael-cbc@lysator.liu.se'] client mac:[u'hmac-md5-etm@openssh.com', u'hmac-sha1-etm@openssh.com', u'umac-64-etm@openssh.com', u'umac-128-etm@openssh.com', u'hmac-sha2-256-etm@openssh.com', u'hmac-sha2-512-etm@openssh.com', u'hmac-ripemd160-etm@openssh.com', u'hmac-sha1-96-etm@openssh.com', u'hmac-md5-96-etm@openssh.com', u'hmac-md5', u'hmac-sha1', u'umac-64@openssh.com', u'umac-128@openssh.com', u'hmac-sha2-256', u'hmac-sha2-512', u'hmac-ripemd160', u'hmac-ripemd160@openssh.com', u'hmac-sha1-96', u'hmac-md5-96'] server mac:[u'hmac-md5-etm@openssh.com', u'hmac-sha1-etm@openssh.com', u'umac-64-etm@openssh.com', u'umac-128-etm@openssh.com', u'hmac-sha2-256-etm@openssh.com', u'hmac-sha2-512-etm@openssh.com', u'hmac-ripemd160-etm@openssh.com', u'hmac-sha1-96-etm@openssh.com', u'hmac-md5-96-etm@openssh.com', u'hmac-md5', u'hmac-sha1', u'umac-64@openssh.com', u'umac-128@openssh.com', u'hmac-sha2-256', u'hmac-sha2-512', u'hmac-ripemd160', u'hmac-ripemd160@openssh.com', u'hmac-sha1-96', u'hmac-md5-96'] client compress:[u'none', u'zlib@openssh.com'] server compress:[u'none', u'zlib@openssh.com'] client lang:[u''] server lang:[u''] kex follows?False
2020-03-19 09:58:57,401-paramiko.transport-DEBUG-Kex agreed: ecdh-sha2-nistp256
2020-03-19 09:58:57,401-paramiko.transport-DEBUG-HostKey agreed: ssh-ed25519
2020-03-19 09:58:57,401-paramiko.transport-DEBUG-Cipher agreed: aes128-ctr
2020-03-19 09:58:57,401-paramiko.transport-DEBUG-MAC agreed: hmac-sha2-256
2020-03-19 09:58:57,401-paramiko.transport-DEBUG-Compression agreed: none
2020-03-19 09:58:57,405-paramiko.transport-DEBUG-kex engine KexNistp256 specified hash_algo <built-in function openssl_sha256>
2020-03-19 09:58:57,405-paramiko.transport-DEBUG-Switch to new keys ...
2020-03-19 09:58:57,407-paramiko.transport-DEBUG-Adding ssh-ed25519 host key for 10.29.182.38: 9c589c255248bf0581d9b58ecf85e2ed
2020-03-19 09:58:57,445-paramiko.transport-DEBUG-userauth is OK
2020-03-19 09:58:57,469-paramiko.transport-INFO-Authentication (password) successful!
2020-03-19 09:58:57,471-paramiko.transport-DEBUG-[chan 0] Max packet in: 32768 bytes
2020-03-19 09:58:57,474-paramiko.transport-DEBUG-[chan 0] Max packet out: 32768 bytes
2020-03-19 09:58:57,474-paramiko.transport-DEBUG-Secsh channel 0 opened.
2020-03-19 09:58:57,476-paramiko.transport-DEBUG-[chan 0] Sesch channel 0 request ok
2020-03-19 09:58:58,074-paramiko.transport-DEBUG-[chan 0] EOF received (0)
2020-03-19 09:58:58,074-paramiko.transport-DEBUG-[chan 0] EOF sent (0)
2020-03-19 09:59:00,076-paramiko.transport-DEBUG-[chan 1] Max packet in: 32768 bytes
2020-03-19 09:59:00,076-paramiko.transport-DEBUG-[chan 1] Max packet out: 32768 bytes
2020-03-19 09:59:00,076-paramiko.transport-DEBUG-Secsh channel 1 opened.
2020-03-19 09:59:00,078-paramiko.transport-DEBUG-[chan 1] Sesch channel 1 request ok
2020-03-19 09:59:00,862-paramiko.transport-DEBUG-[chan 1] EOF received (1)
2020-03-19 09:59:00,862-paramiko.transport-DEBUG-[chan 1] EOF sent (1)
2020-03-19 09:59:06,867-paramiko.transport-DEBUG-[chan 2] Max packet in: 32768 bytes
2020-03-19 09:59:06,868-paramiko.transport-DEBUG-[chan 2] Max packet out: 32768 bytes
2020-03-19 09:59:06,868-paramiko.transport-DEBUG-Secsh channel 2 opened.
2020-03-19 09:59:06,870-paramiko.transport-DEBUG-[chan 2] Sesch channel 2 request ok
2020-03-19 09:59:07,412-paramiko.transport-DEBUG-[chan 2] EOF received (2)
2020-03-19 09:59:07,412-paramiko.transport-DEBUG-[chan 2] EOF sent (2)
2020-03-19 09:59:09,414-paramiko.transport-DEBUG-[chan 3] Max packet in: 32768 bytes
2020-03-19 09:59:09,415-paramiko.transport-DEBUG-[chan 3] Max packet out: 32768 bytes
2020-03-19 09:59:09,415-paramiko.transport-DEBUG-Secsh channel 3 opened.
2020-03-19 09:59:09,416-paramiko.transport-DEBUG-[chan 3] Sesch channel 3 request ok
2020-03-19 09:59:09,815-paramiko.transport-DEBUG-[chan 3] EOF received (3)
2020-03-19 09:59:09,815-paramiko.transport-DEBUG-[chan 3] EOF sent (3)
2020-03-19 09:59:11,818-paramiko.transport-DEBUG-[chan 4] Max packet in: 32768 bytes
2020-03-19 09:59:11,818-paramiko.transport-DEBUG-[chan 4] Max packet out: 32768 bytes
2020-03-19 09:59:11,818-paramiko.transport-DEBUG-Secsh channel 4 opened.
2020-03-19 09:59:11,820-paramiko.transport-DEBUG-[chan 4] Sesch channel 4 request ok
2020-03-19 09:59:12,508-paramiko.transport-DEBUG-[chan 4] EOF received (4)
2020-03-19 09:59:12,509-paramiko.transport-DEBUG-[chan 4] EOF sent (4)
2020-03-19 09:59:14,512-paramiko.transport-DEBUG-EOF in transport thread
