2020-03-27 00:10:47,538-log_demo-INFO-sql able to connect!
2020-03-27 00:10:47,538-log_demo-INFO-delete from xtp_opt_fund_asset_20200327 where fund_acc = 300065003677 and oms_id = 6
2020-03-27 00:10:47,540-log_demo-INFO-delete table xtp_opt_fund_asset_20200327 success!
2020-03-27 00:10:47,585-log_demo-INFO-insert into xtp_opt_fund_asset_20200327
                       select
                        300065003677,
                        cur_type,
                        fund_avl_bal,
                        fund_frz_bal,
                        fund_bal,
                        fund_buy_sale,
                        fund_unc_buy,
                        fund_unc_sale,
                        fund_trsf,
                        node_id,
                        margin_used,
                        margin_incl_rlt,
                        fund_exe_freeze,
                        fund_exe_margin,
                        fund_fee_freeze,
			6
                  from xtp_opt_fund_asset_auto where py_name="YW_GGQQ_QLFSJHA_133"
2020-03-27 00:10:47,587-log_demo-INFO-insert_fund_assetYW_GGQQ_QLFSJHA_133success!
2020-03-27 00:10:47,588-paramiko.transport-DEBUG-starting thread (client mode): 0x27bec90L
2020-03-27 00:10:47,588-paramiko.transport-DEBUG-Local version/idstring: SSH-2.0-paramiko_2.4.1
2020-03-27 00:10:47,598-paramiko.transport-DEBUG-Remote version/idstring: SSH-2.0-OpenSSH_6.6.1
2020-03-27 00:10:47,598-paramiko.transport-INFO-Connected (version 2.0, client OpenSSH_6.6.1)
2020-03-27 00:10:47,601-paramiko.transport-DEBUG-kex algos:[u'curve25519-sha256@libssh.org', u'ecdh-sha2-nistp256', u'ecdh-sha2-nistp384', u'ecdh-sha2-nistp521', u'diffie-hellman-group-exchange-sha256', u'diffie-hellman-group-exchange-sha1', u'diffie-hellman-group14-sha1', u'diffie-hellman-group1-sha1'] server key:[u'ssh-rsa', u'ecdsa-sha2-nistp256', u'ssh-ed25519'] client encrypt:[u'aes128-ctr', u'aes192-ctr', u'aes256-ctr', u'arcfour256', u'arcfour128', u'aes128-gcm@openssh.com', u'aes256-gcm@openssh.com', u'chacha20-poly1305@openssh.com', u'aes128-cbc', u'3des-cbc', u'blowfish-cbc', u'cast128-cbc', u'aes192-cbc', u'aes256-cbc', u'arcfour', u'rijndael-cbc@lysator.liu.se'] server encrypt:[u'aes128-ctr', u'aes192-ctr', u'aes256-ctr', u'arcfour256', u'arcfour128', u'aes128-gcm@openssh.com', u'aes256-gcm@openssh.com', u'chacha20-poly1305@openssh.com', u'aes128-cbc', u'3des-cbc', u'blowfish-cbc', u'cast128-cbc', u'aes192-cbc', u'aes256-cbc', u'arcfour', u'rijndael-cbc@lysator.liu.se'] client mac:[u'hmac-md5-etm@openssh.com', u'hmac-sha1-etm@openssh.com', u'umac-64-etm@openssh.com', u'umac-128-etm@openssh.com', u'hmac-sha2-256-etm@openssh.com', u'hmac-sha2-512-etm@openssh.com', u'hmac-ripemd160-etm@openssh.com', u'hmac-sha1-96-etm@openssh.com', u'hmac-md5-96-etm@openssh.com', u'hmac-md5', u'hmac-sha1', u'umac-64@openssh.com', u'umac-128@openssh.com', u'hmac-sha2-256', u'hmac-sha2-512', u'hmac-ripemd160', u'hmac-ripemd160@openssh.com', u'hmac-sha1-96', u'hmac-md5-96'] server mac:[u'hmac-md5-etm@openssh.com', u'hmac-sha1-etm@openssh.com', u'umac-64-etm@openssh.com', u'umac-128-etm@openssh.com', u'hmac-sha2-256-etm@openssh.com', u'hmac-sha2-512-etm@openssh.com', u'hmac-ripemd160-etm@openssh.com', u'hmac-sha1-96-etm@openssh.com', u'hmac-md5-96-etm@openssh.com', u'hmac-md5', u'hmac-sha1', u'umac-64@openssh.com', u'umac-128@openssh.com', u'hmac-sha2-256', u'hmac-sha2-512', u'hmac-ripemd160', u'hmac-ripemd160@openssh.com', u'hmac-sha1-96', u'hmac-md5-96'] client compress:[u'none', u'zlib@openssh.com'] server compress:[u'none', u'zlib@openssh.com'] client lang:[u''] server lang:[u''] kex follows?False
2020-03-27 00:10:47,602-paramiko.transport-DEBUG-Kex agreed: ecdh-sha2-nistp256
2020-03-27 00:10:47,602-paramiko.transport-DEBUG-HostKey agreed: ssh-ed25519
2020-03-27 00:10:47,602-paramiko.transport-DEBUG-Cipher agreed: aes128-ctr
2020-03-27 00:10:47,602-paramiko.transport-DEBUG-MAC agreed: hmac-sha2-256
2020-03-27 00:10:47,602-paramiko.transport-DEBUG-Compression agreed: none
2020-03-27 00:10:47,642-paramiko.transport-DEBUG-kex engine KexNistp256 specified hash_algo <built-in function openssl_sha256>
2020-03-27 00:10:47,643-paramiko.transport-DEBUG-Switch to new keys ...
2020-03-27 00:10:47,666-paramiko.transport-DEBUG-Adding ssh-ed25519 host key for 10.29.193.60: 9c589c255248bf0581d9b58ecf85e2ed
2020-03-27 00:10:47,682-paramiko.transport-DEBUG-userauth is OK
2020-03-27 00:10:47,717-paramiko.transport-INFO-Authentication (password) successful!
2020-03-27 00:10:47,730-paramiko.transport-DEBUG-[chan 0] Max packet in: 32768 bytes
2020-03-27 00:10:47,906-paramiko.transport-DEBUG-[chan 0] Max packet out: 32768 bytes
2020-03-27 00:10:47,906-paramiko.transport-DEBUG-Secsh channel 0 opened.
2020-03-27 00:10:47,933-paramiko.transport-DEBUG-[chan 0] Sesch channel 0 request ok
2020-03-27 00:10:48,513-paramiko.transport-DEBUG-[chan 0] EOF received (0)
2020-03-27 00:10:48,513-paramiko.transport-DEBUG-[chan 0] EOF sent (0)
2020-03-27 00:10:50,517-paramiko.transport-DEBUG-EOF in transport thread
2020-03-27 00:10:50,528-log_demo-INFO-sql able to connect!
2020-03-27 00:10:50,528-log_demo-INFO-TRUNCATE TABLE ashare_cjhb
2020-03-27 00:10:50,530-log_demo-INFO-TRUNCATE TABLE ashare_ordwth
2020-03-27 00:10:50,531-log_demo-INFO-TRUNCATE TABLE ashare_ordwth2
2020-03-27 00:10:50,533-log_demo-INFO-TRUNCATE TABLE reqresp
2020-03-27 00:10:50,535-log_demo-INFO-TRUNCATE TABLE execreport
2020-03-27 00:10:50,537-log_demo-INFO-TRUNCATE TABLE ashare_ordwth_cancel
2020-03-27 00:10:50,539-log_demo-INFO-truncate table ashare_ordwth_cancel success!
2020-03-27 00:11:18,174-paramiko.transport-DEBUG-starting thread (client mode): 0x27bee90L
2020-03-27 00:11:18,175-paramiko.transport-DEBUG-Local version/idstring: SSH-2.0-paramiko_2.4.1
2020-03-27 00:11:18,185-paramiko.transport-DEBUG-Remote version/idstring: SSH-2.0-OpenSSH_6.6.1
2020-03-27 00:11:18,185-paramiko.transport-INFO-Connected (version 2.0, client OpenSSH_6.6.1)
2020-03-27 00:11:18,189-paramiko.transport-DEBUG-kex algos:[u'curve25519-sha256@libssh.org', u'ecdh-sha2-nistp256', u'ecdh-sha2-nistp384', u'ecdh-sha2-nistp521', u'diffie-hellman-group-exchange-sha256', u'diffie-hellman-group-exchange-sha1', u'diffie-hellman-group14-sha1', u'diffie-hellman-group1-sha1'] server key:[u'ssh-rsa', u'ecdsa-sha2-nistp256', u'ssh-ed25519'] client encrypt:[u'aes128-ctr', u'aes192-ctr', u'aes256-ctr', u'arcfour256', u'arcfour128', u'aes128-gcm@openssh.com', u'aes256-gcm@openssh.com', u'chacha20-poly1305@openssh.com', u'aes128-cbc', u'3des-cbc', u'blowfish-cbc', u'cast128-cbc', u'aes192-cbc', u'aes256-cbc', u'arcfour', u'rijndael-cbc@lysator.liu.se'] server encrypt:[u'aes128-ctr', u'aes192-ctr', u'aes256-ctr', u'arcfour256', u'arcfour128', u'aes128-gcm@openssh.com', u'aes256-gcm@openssh.com', u'chacha20-poly1305@openssh.com', u'aes128-cbc', u'3des-cbc', u'blowfish-cbc', u'cast128-cbc', u'aes192-cbc', u'aes256-cbc', u'arcfour', u'rijndael-cbc@lysator.liu.se'] client mac:[u'hmac-md5-etm@openssh.com', u'hmac-sha1-etm@openssh.com', u'umac-64-etm@openssh.com', u'umac-128-etm@openssh.com', u'hmac-sha2-256-etm@openssh.com', u'hmac-sha2-512-etm@openssh.com', u'hmac-ripemd160-etm@openssh.com', u'hmac-sha1-96-etm@openssh.com', u'hmac-md5-96-etm@openssh.com', u'hmac-md5', u'hmac-sha1', u'umac-64@openssh.com', u'umac-128@openssh.com', u'hmac-sha2-256', u'hmac-sha2-512', u'hmac-ripemd160', u'hmac-ripemd160@openssh.com', u'hmac-sha1-96', u'hmac-md5-96'] server mac:[u'hmac-md5-etm@openssh.com', u'hmac-sha1-etm@openssh.com', u'umac-64-etm@openssh.com', u'umac-128-etm@openssh.com', u'hmac-sha2-256-etm@openssh.com', u'hmac-sha2-512-etm@openssh.com', u'hmac-ripemd160-etm@openssh.com', u'hmac-sha1-96-etm@openssh.com', u'hmac-md5-96-etm@openssh.com', u'hmac-md5', u'hmac-sha1', u'umac-64@openssh.com', u'umac-128@openssh.com', u'hmac-sha2-256', u'hmac-sha2-512', u'hmac-ripemd160', u'hmac-ripemd160@openssh.com', u'hmac-sha1-96', u'hmac-md5-96'] client compress:[u'none', u'zlib@openssh.com'] server compress:[u'none', u'zlib@openssh.com'] client lang:[u''] server lang:[u''] kex follows?False
2020-03-27 00:11:18,189-paramiko.transport-DEBUG-Kex agreed: ecdh-sha2-nistp256
2020-03-27 00:11:18,189-paramiko.transport-DEBUG-HostKey agreed: ssh-ed25519
2020-03-27 00:11:18,189-paramiko.transport-DEBUG-Cipher agreed: aes128-ctr
2020-03-27 00:11:18,189-paramiko.transport-DEBUG-MAC agreed: hmac-sha2-256
2020-03-27 00:11:18,189-paramiko.transport-DEBUG-Compression agreed: none
2020-03-27 00:11:18,194-paramiko.transport-DEBUG-kex engine KexNistp256 specified hash_algo <built-in function openssl_sha256>
2020-03-27 00:11:18,195-paramiko.transport-DEBUG-Switch to new keys ...
2020-03-27 00:11:18,206-paramiko.transport-DEBUG-Adding ssh-ed25519 host key for 10.29.193.60: 9c589c255248bf0581d9b58ecf85e2ed
2020-03-27 00:11:18,233-paramiko.transport-DEBUG-userauth is OK
2020-03-27 00:11:18,266-paramiko.transport-INFO-Authentication (password) successful!
2020-03-27 00:11:18,270-paramiko.transport-DEBUG-[chan 0] Max packet in: 32768 bytes
2020-03-27 00:11:18,451-paramiko.transport-DEBUG-[chan 0] Max packet out: 32768 bytes
2020-03-27 00:11:18,451-paramiko.transport-DEBUG-Secsh channel 0 opened.
2020-03-27 00:11:18,473-paramiko.transport-DEBUG-[chan 0] Sesch channel 0 request ok
2020-03-27 00:11:19,129-paramiko.transport-DEBUG-[chan 0] EOF received (0)
2020-03-27 00:11:19,130-paramiko.transport-DEBUG-[chan 0] EOF sent (0)
2020-03-27 00:11:25,136-paramiko.transport-DEBUG-[chan 1] Max packet in: 32768 bytes
2020-03-27 00:11:25,137-paramiko.transport-DEBUG-[chan 1] Max packet out: 32768 bytes
2020-03-27 00:11:25,137-paramiko.transport-DEBUG-Secsh channel 1 opened.
2020-03-27 00:11:25,139-paramiko.transport-DEBUG-[chan 1] Sesch channel 1 request ok
2020-03-27 00:11:25,712-paramiko.transport-DEBUG-[chan 1] EOF received (1)
2020-03-27 00:11:25,712-paramiko.transport-DEBUG-[chan 1] EOF sent (1)
2020-03-27 00:11:27,714-paramiko.transport-DEBUG-[chan 2] Max packet in: 32768 bytes
2020-03-27 00:11:27,714-paramiko.transport-DEBUG-[chan 2] Max packet out: 32768 bytes
2020-03-27 00:11:27,715-paramiko.transport-DEBUG-Secsh channel 2 opened.
2020-03-27 00:11:27,716-paramiko.transport-DEBUG-[chan 2] Sesch channel 2 request ok
2020-03-27 00:11:28,622-paramiko.transport-DEBUG-[chan 2] EOF received (2)
2020-03-27 00:11:28,623-paramiko.transport-DEBUG-[chan 2] EOF sent (2)
2020-03-27 00:11:34,625-paramiko.transport-DEBUG-[chan 3] Max packet in: 32768 bytes
2020-03-27 00:11:34,625-paramiko.transport-DEBUG-[chan 3] Max packet out: 32768 bytes
2020-03-27 00:11:34,626-paramiko.transport-DEBUG-Secsh channel 3 opened.
2020-03-27 00:11:34,628-paramiko.transport-DEBUG-[chan 3] Sesch channel 3 request ok
2020-03-27 00:11:35,224-paramiko.transport-DEBUG-[chan 3] EOF received (3)
2020-03-27 00:11:35,224-paramiko.transport-DEBUG-[chan 3] EOF sent (3)
2020-03-27 00:11:37,226-paramiko.transport-DEBUG-[chan 4] Max packet in: 32768 bytes
2020-03-27 00:11:37,227-paramiko.transport-DEBUG-[chan 4] Max packet out: 32768 bytes
2020-03-27 00:11:37,227-paramiko.transport-DEBUG-Secsh channel 4 opened.
2020-03-27 00:11:37,229-paramiko.transport-DEBUG-[chan 4] Sesch channel 4 request ok
2020-03-27 00:11:38,473-paramiko.transport-DEBUG-[chan 4] EOF received (4)
2020-03-27 00:11:38,473-paramiko.transport-DEBUG-[chan 4] EOF sent (4)
2020-03-27 00:11:44,475-paramiko.transport-DEBUG-[chan 5] Max packet in: 32768 bytes
2020-03-27 00:11:44,476-paramiko.transport-DEBUG-[chan 5] Max packet out: 32768 bytes
2020-03-27 00:11:44,476-paramiko.transport-DEBUG-Secsh channel 5 opened.
2020-03-27 00:11:44,478-paramiko.transport-DEBUG-[chan 5] Sesch channel 5 request ok
2020-03-27 00:11:45,761-paramiko.transport-DEBUG-[chan 5] EOF received (5)
2020-03-27 00:11:45,762-paramiko.transport-DEBUG-[chan 5] EOF sent (5)
2020-03-27 00:11:47,766-paramiko.transport-DEBUG-EOF in transport thread
2020-03-27 00:11:47,912-myloger-WARNING-卖平（权利方平仓）：市价剩余撤销-验资（可用资金<=0且下单导致可用资金增加后变成正数）
2020-03-27 00:11:48,430-myloger-WARNING-执行结果为True
