2020-03-25 17:47:34,362-log_demo-INFO-sql able to connect!
2020-03-25 17:47:34,362-log_demo-INFO-delete from xtp_fund_asset_20200325 where fund_acc = 100065004975 and oms_id = 6
2020-03-25 17:47:34,365-log_demo-INFO-delete table xtp_fund_asset_20200325 success!
2020-03-25 17:47:34,410-log_demo-INFO-insert into xtp_fund_asset_20200325
                       select
                        100065004975,
                        cur_type,
                        fund_avl_bal,
                        fund_frz_bal,
                        fund_bal,
                        fund_buy_sale,
                        fund_unc_buy,
                        fund_unc_sale,
                        fund_trsf,
                        node_id,
                        6
                  from xtp_fund_asset_auto where py_name="YW_KZZMM_SZXJ_012"
2020-03-25 17:47:34,411-log_demo-INFO-insert_fund_assetYW_KZZMM_SZXJ_012success!
2020-03-25 17:47:34,413-paramiko.transport-DEBUG-starting thread (client mode): 0x3220fd0L
2020-03-25 17:47:34,413-paramiko.transport-DEBUG-Local version/idstring: SSH-2.0-paramiko_2.4.1
2020-03-25 17:47:34,423-paramiko.transport-DEBUG-Remote version/idstring: SSH-2.0-OpenSSH_6.6.1
2020-03-25 17:47:34,423-paramiko.transport-INFO-Connected (version 2.0, client OpenSSH_6.6.1)
2020-03-25 17:47:34,426-paramiko.transport-DEBUG-kex algos:[u'curve25519-sha256@libssh.org', u'ecdh-sha2-nistp256', u'ecdh-sha2-nistp384', u'ecdh-sha2-nistp521', u'diffie-hellman-group-exchange-sha256', u'diffie-hellman-group-exchange-sha1', u'diffie-hellman-group14-sha1', u'diffie-hellman-group1-sha1'] server key:[u'ssh-rsa', u'ecdsa-sha2-nistp256', u'ssh-ed25519'] client encrypt:[u'aes128-ctr', u'aes192-ctr', u'aes256-ctr', u'arcfour256', u'arcfour128', u'aes128-gcm@openssh.com', u'aes256-gcm@openssh.com', u'chacha20-poly1305@openssh.com', u'aes128-cbc', u'3des-cbc', u'blowfish-cbc', u'cast128-cbc', u'aes192-cbc', u'aes256-cbc', u'arcfour', u'rijndael-cbc@lysator.liu.se'] server encrypt:[u'aes128-ctr', u'aes192-ctr', u'aes256-ctr', u'arcfour256', u'arcfour128', u'aes128-gcm@openssh.com', u'aes256-gcm@openssh.com', u'chacha20-poly1305@openssh.com', u'aes128-cbc', u'3des-cbc', u'blowfish-cbc', u'cast128-cbc', u'aes192-cbc', u'aes256-cbc', u'arcfour', u'rijndael-cbc@lysator.liu.se'] client mac:[u'hmac-md5-etm@openssh.com', u'hmac-sha1-etm@openssh.com', u'umac-64-etm@openssh.com', u'umac-128-etm@openssh.com', u'hmac-sha2-256-etm@openssh.com', u'hmac-sha2-512-etm@openssh.com', u'hmac-ripemd160-etm@openssh.com', u'hmac-sha1-96-etm@openssh.com', u'hmac-md5-96-etm@openssh.com', u'hmac-md5', u'hmac-sha1', u'umac-64@openssh.com', u'umac-128@openssh.com', u'hmac-sha2-256', u'hmac-sha2-512', u'hmac-ripemd160', u'hmac-ripemd160@openssh.com', u'hmac-sha1-96', u'hmac-md5-96'] server mac:[u'hmac-md5-etm@openssh.com', u'hmac-sha1-etm@openssh.com', u'umac-64-etm@openssh.com', u'umac-128-etm@openssh.com', u'hmac-sha2-256-etm@openssh.com', u'hmac-sha2-512-etm@openssh.com', u'hmac-ripemd160-etm@openssh.com', u'hmac-sha1-96-etm@openssh.com', u'hmac-md5-96-etm@openssh.com', u'hmac-md5', u'hmac-sha1', u'umac-64@openssh.com', u'umac-128@openssh.com', u'hmac-sha2-256', u'hmac-sha2-512', u'hmac-ripemd160', u'hmac-ripemd160@openssh.com', u'hmac-sha1-96', u'hmac-md5-96'] client compress:[u'none', u'zlib@openssh.com'] server compress:[u'none', u'zlib@openssh.com'] client lang:[u''] server lang:[u''] kex follows?False
2020-03-25 17:47:34,427-paramiko.transport-DEBUG-Kex agreed: ecdh-sha2-nistp256
2020-03-25 17:47:34,427-paramiko.transport-DEBUG-HostKey agreed: ssh-ed25519
2020-03-25 17:47:34,427-paramiko.transport-DEBUG-Cipher agreed: aes128-ctr
2020-03-25 17:47:34,427-paramiko.transport-DEBUG-MAC agreed: hmac-sha2-256
2020-03-25 17:47:34,427-paramiko.transport-DEBUG-Compression agreed: none
2020-03-25 17:47:34,464-paramiko.transport-DEBUG-kex engine KexNistp256 specified hash_algo <built-in function openssl_sha256>
2020-03-25 17:47:34,465-paramiko.transport-DEBUG-Switch to new keys ...
2020-03-25 17:47:34,488-paramiko.transport-DEBUG-Adding ssh-ed25519 host key for 10.29.193.59: 9c589c255248bf0581d9b58ecf85e2ed
2020-03-25 17:47:34,504-paramiko.transport-DEBUG-userauth is OK
2020-03-25 17:47:34,536-paramiko.transport-INFO-Authentication (password) successful!
2020-03-25 17:47:34,553-paramiko.transport-DEBUG-[chan 0] Max packet in: 32768 bytes
2020-03-25 17:47:34,724-paramiko.transport-DEBUG-[chan 0] Max packet out: 32768 bytes
2020-03-25 17:47:34,724-paramiko.transport-DEBUG-Secsh channel 0 opened.
2020-03-25 17:47:34,756-paramiko.transport-DEBUG-[chan 0] Sesch channel 0 request ok
2020-03-25 17:47:35,308-paramiko.transport-DEBUG-[chan 0] EOF received (0)
2020-03-25 17:47:35,308-paramiko.transport-DEBUG-[chan 0] EOF sent (0)
2020-03-25 17:47:37,312-paramiko.transport-DEBUG-EOF in transport thread
2020-03-25 17:47:37,326-log_demo-INFO-sql able to connect!
2020-03-25 17:47:37,326-log_demo-INFO-TRUNCATE TABLE ashare_cjhb
2020-03-25 17:47:37,327-log_demo-INFO-TRUNCATE TABLE ashare_ordwth
2020-03-25 17:47:37,329-log_demo-INFO-TRUNCATE TABLE ashare_ordwth2
2020-03-25 17:47:37,330-log_demo-INFO-TRUNCATE TABLE reqresp
2020-03-25 17:47:37,332-log_demo-INFO-TRUNCATE TABLE execreport
2020-03-25 17:47:37,333-log_demo-INFO-TRUNCATE TABLE ashare_ordwth_cancel
2020-03-25 17:47:37,334-log_demo-INFO-truncate table ashare_ordwth_cancel success!
2020-03-25 17:47:37,335-paramiko.transport-DEBUG-starting thread (client mode): 0x3220ed0L
2020-03-25 17:47:37,336-paramiko.transport-DEBUG-Local version/idstring: SSH-2.0-paramiko_2.4.1
2020-03-25 17:47:37,345-paramiko.transport-DEBUG-Remote version/idstring: SSH-2.0-OpenSSH_6.6.1
2020-03-25 17:47:37,345-paramiko.transport-INFO-Connected (version 2.0, client OpenSSH_6.6.1)
2020-03-25 17:47:37,348-paramiko.transport-DEBUG-kex algos:[u'curve25519-sha256@libssh.org', u'ecdh-sha2-nistp256', u'ecdh-sha2-nistp384', u'ecdh-sha2-nistp521', u'diffie-hellman-group-exchange-sha256', u'diffie-hellman-group-exchange-sha1', u'diffie-hellman-group14-sha1', u'diffie-hellman-group1-sha1'] server key:[u'ssh-rsa', u'ecdsa-sha2-nistp256', u'ssh-ed25519'] client encrypt:[u'aes128-ctr', u'aes192-ctr', u'aes256-ctr', u'arcfour256', u'arcfour128', u'aes128-gcm@openssh.com', u'aes256-gcm@openssh.com', u'chacha20-poly1305@openssh.com', u'aes128-cbc', u'3des-cbc', u'blowfish-cbc', u'cast128-cbc', u'aes192-cbc', u'aes256-cbc', u'arcfour', u'rijndael-cbc@lysator.liu.se'] server encrypt:[u'aes128-ctr', u'aes192-ctr', u'aes256-ctr', u'arcfour256', u'arcfour128', u'aes128-gcm@openssh.com', u'aes256-gcm@openssh.com', u'chacha20-poly1305@openssh.com', u'aes128-cbc', u'3des-cbc', u'blowfish-cbc', u'cast128-cbc', u'aes192-cbc', u'aes256-cbc', u'arcfour', u'rijndael-cbc@lysator.liu.se'] client mac:[u'hmac-md5-etm@openssh.com', u'hmac-sha1-etm@openssh.com', u'umac-64-etm@openssh.com', u'umac-128-etm@openssh.com', u'hmac-sha2-256-etm@openssh.com', u'hmac-sha2-512-etm@openssh.com', u'hmac-ripemd160-etm@openssh.com', u'hmac-sha1-96-etm@openssh.com', u'hmac-md5-96-etm@openssh.com', u'hmac-md5', u'hmac-sha1', u'umac-64@openssh.com', u'umac-128@openssh.com', u'hmac-sha2-256', u'hmac-sha2-512', u'hmac-ripemd160', u'hmac-ripemd160@openssh.com', u'hmac-sha1-96', u'hmac-md5-96'] server mac:[u'hmac-md5-etm@openssh.com', u'hmac-sha1-etm@openssh.com', u'umac-64-etm@openssh.com', u'umac-128-etm@openssh.com', u'hmac-sha2-256-etm@openssh.com', u'hmac-sha2-512-etm@openssh.com', u'hmac-ripemd160-etm@openssh.com', u'hmac-sha1-96-etm@openssh.com', u'hmac-md5-96-etm@openssh.com', u'hmac-md5', u'hmac-sha1', u'umac-64@openssh.com', u'umac-128@openssh.com', u'hmac-sha2-256', u'hmac-sha2-512', u'hmac-ripemd160', u'hmac-ripemd160@openssh.com', u'hmac-sha1-96', u'hmac-md5-96'] client compress:[u'none', u'zlib@openssh.com'] server compress:[u'none', u'zlib@openssh.com'] client lang:[u''] server lang:[u''] kex follows?False
2020-03-25 17:47:37,348-paramiko.transport-DEBUG-Kex agreed: ecdh-sha2-nistp256
2020-03-25 17:47:37,349-paramiko.transport-DEBUG-HostKey agreed: ssh-ed25519
2020-03-25 17:47:37,349-paramiko.transport-DEBUG-Cipher agreed: aes128-ctr
2020-03-25 17:47:37,349-paramiko.transport-DEBUG-MAC agreed: hmac-sha2-256
2020-03-25 17:47:37,349-paramiko.transport-DEBUG-Compression agreed: none
2020-03-25 17:47:37,354-paramiko.transport-DEBUG-kex engine KexNistp256 specified hash_algo <built-in function openssl_sha256>
2020-03-25 17:47:37,354-paramiko.transport-DEBUG-Switch to new keys ...
2020-03-25 17:47:37,367-paramiko.transport-DEBUG-Adding ssh-ed25519 host key for 10.29.193.59: 9c589c255248bf0581d9b58ecf85e2ed
2020-03-25 17:47:37,394-paramiko.transport-DEBUG-userauth is OK
2020-03-25 17:47:37,425-paramiko.transport-INFO-Authentication (password) successful!
2020-03-25 17:47:37,431-paramiko.transport-DEBUG-[chan 0] Max packet in: 32768 bytes
2020-03-25 17:47:37,604-paramiko.transport-DEBUG-[chan 0] Max packet out: 32768 bytes
2020-03-25 17:47:37,604-paramiko.transport-DEBUG-Secsh channel 0 opened.
2020-03-25 17:47:37,633-paramiko.transport-DEBUG-[chan 0] Sesch channel 0 request ok
2020-03-25 17:47:37,654-paramiko.transport-DEBUG-[chan 0] EOF received (0)
2020-03-25 17:47:37,654-paramiko.transport-DEBUG-[chan 0] EOF sent (0)
2020-03-25 17:47:39,655-paramiko.transport-DEBUG-[chan 1] Max packet in: 32768 bytes
2020-03-25 17:47:39,655-paramiko.transport-DEBUG-[chan 1] Max packet out: 32768 bytes
2020-03-25 17:47:39,656-paramiko.transport-DEBUG-Secsh channel 1 opened.
2020-03-25 17:47:39,658-paramiko.transport-DEBUG-[chan 1] Sesch channel 1 request ok
2020-03-25 17:47:39,675-paramiko.transport-DEBUG-[chan 1] EOF received (1)
2020-03-25 17:47:39,675-paramiko.transport-DEBUG-[chan 1] EOF sent (1)
2020-03-25 17:47:41,677-paramiko.transport-DEBUG-[chan 2] Max packet in: 32768 bytes
2020-03-25 17:47:41,678-paramiko.transport-DEBUG-[chan 2] Max packet out: 32768 bytes
2020-03-25 17:47:41,678-paramiko.transport-DEBUG-Secsh channel 2 opened.
2020-03-25 17:47:41,680-paramiko.transport-DEBUG-[chan 2] Sesch channel 2 request ok
2020-03-25 17:47:41,696-paramiko.transport-DEBUG-[chan 2] EOF received (2)
2020-03-25 17:47:41,697-paramiko.transport-DEBUG-[chan 2] EOF sent (2)
2020-03-25 17:47:43,700-paramiko.transport-DEBUG-EOF in transport thread
2020-03-25 17:48:11,367-paramiko.transport-DEBUG-starting thread (client mode): 0x3225290L
2020-03-25 17:48:11,368-paramiko.transport-DEBUG-Local version/idstring: SSH-2.0-paramiko_2.4.1
2020-03-25 17:48:11,377-paramiko.transport-DEBUG-Remote version/idstring: SSH-2.0-OpenSSH_6.6.1
2020-03-25 17:48:11,378-paramiko.transport-INFO-Connected (version 2.0, client OpenSSH_6.6.1)
2020-03-25 17:48:11,380-paramiko.transport-DEBUG-kex algos:[u'curve25519-sha256@libssh.org', u'ecdh-sha2-nistp256', u'ecdh-sha2-nistp384', u'ecdh-sha2-nistp521', u'diffie-hellman-group-exchange-sha256', u'diffie-hellman-group-exchange-sha1', u'diffie-hellman-group14-sha1', u'diffie-hellman-group1-sha1'] server key:[u'ssh-rsa', u'ecdsa-sha2-nistp256', u'ssh-ed25519'] client encrypt:[u'aes128-ctr', u'aes192-ctr', u'aes256-ctr', u'arcfour256', u'arcfour128', u'aes128-gcm@openssh.com', u'aes256-gcm@openssh.com', u'chacha20-poly1305@openssh.com', u'aes128-cbc', u'3des-cbc', u'blowfish-cbc', u'cast128-cbc', u'aes192-cbc', u'aes256-cbc', u'arcfour', u'rijndael-cbc@lysator.liu.se'] server encrypt:[u'aes128-ctr', u'aes192-ctr', u'aes256-ctr', u'arcfour256', u'arcfour128', u'aes128-gcm@openssh.com', u'aes256-gcm@openssh.com', u'chacha20-poly1305@openssh.com', u'aes128-cbc', u'3des-cbc', u'blowfish-cbc', u'cast128-cbc', u'aes192-cbc', u'aes256-cbc', u'arcfour', u'rijndael-cbc@lysator.liu.se'] client mac:[u'hmac-md5-etm@openssh.com', u'hmac-sha1-etm@openssh.com', u'umac-64-etm@openssh.com', u'umac-128-etm@openssh.com', u'hmac-sha2-256-etm@openssh.com', u'hmac-sha2-512-etm@openssh.com', u'hmac-ripemd160-etm@openssh.com', u'hmac-sha1-96-etm@openssh.com', u'hmac-md5-96-etm@openssh.com', u'hmac-md5', u'hmac-sha1', u'umac-64@openssh.com', u'umac-128@openssh.com', u'hmac-sha2-256', u'hmac-sha2-512', u'hmac-ripemd160', u'hmac-ripemd160@openssh.com', u'hmac-sha1-96', u'hmac-md5-96'] server mac:[u'hmac-md5-etm@openssh.com', u'hmac-sha1-etm@openssh.com', u'umac-64-etm@openssh.com', u'umac-128-etm@openssh.com', u'hmac-sha2-256-etm@openssh.com', u'hmac-sha2-512-etm@openssh.com', u'hmac-ripemd160-etm@openssh.com', u'hmac-sha1-96-etm@openssh.com', u'hmac-md5-96-etm@openssh.com', u'hmac-md5', u'hmac-sha1', u'umac-64@openssh.com', u'umac-128@openssh.com', u'hmac-sha2-256', u'hmac-sha2-512', u'hmac-ripemd160', u'hmac-ripemd160@openssh.com', u'hmac-sha1-96', u'hmac-md5-96'] client compress:[u'none', u'zlib@openssh.com'] server compress:[u'none', u'zlib@openssh.com'] client lang:[u''] server lang:[u''] kex follows?False
2020-03-25 17:48:11,381-paramiko.transport-DEBUG-Kex agreed: ecdh-sha2-nistp256
2020-03-25 17:48:11,381-paramiko.transport-DEBUG-HostKey agreed: ssh-ed25519
2020-03-25 17:48:11,381-paramiko.transport-DEBUG-Cipher agreed: aes128-ctr
2020-03-25 17:48:11,381-paramiko.transport-DEBUG-MAC agreed: hmac-sha2-256
2020-03-25 17:48:11,381-paramiko.transport-DEBUG-Compression agreed: none
2020-03-25 17:48:11,386-paramiko.transport-DEBUG-kex engine KexNistp256 specified hash_algo <built-in function openssl_sha256>
2020-03-25 17:48:11,387-paramiko.transport-DEBUG-Switch to new keys ...
2020-03-25 17:48:11,399-paramiko.transport-DEBUG-Adding ssh-ed25519 host key for 10.29.193.59: 9c589c255248bf0581d9b58ecf85e2ed
2020-03-25 17:48:11,426-paramiko.transport-DEBUG-userauth is OK
2020-03-25 17:48:11,469-paramiko.transport-INFO-Authentication (password) successful!
2020-03-25 17:48:11,500-paramiko.transport-DEBUG-[chan 0] Max packet in: 32768 bytes
2020-03-25 17:48:11,645-paramiko.transport-DEBUG-[chan 0] Max packet out: 32768 bytes
2020-03-25 17:48:11,645-paramiko.transport-DEBUG-Secsh channel 0 opened.
2020-03-25 17:48:11,666-paramiko.transport-DEBUG-[chan 0] Sesch channel 0 request ok
2020-03-25 17:48:12,934-paramiko.transport-DEBUG-[chan 0] EOF received (0)
2020-03-25 17:48:12,935-paramiko.transport-DEBUG-[chan 0] EOF sent (0)
2020-03-25 17:48:14,937-paramiko.transport-DEBUG-[chan 1] Max packet in: 32768 bytes
2020-03-25 17:48:14,937-paramiko.transport-DEBUG-[chan 1] Max packet out: 32768 bytes
2020-03-25 17:48:14,937-paramiko.transport-DEBUG-Secsh channel 1 opened.
2020-03-25 17:48:14,939-paramiko.transport-DEBUG-[chan 1] Sesch channel 1 request ok
2020-03-25 17:48:16,460-paramiko.transport-DEBUG-[chan 1] EOF received (1)
2020-03-25 17:48:16,460-paramiko.transport-DEBUG-[chan 1] EOF sent (1)
2020-03-25 17:48:22,467-paramiko.transport-DEBUG-[chan 2] Max packet in: 32768 bytes
2020-03-25 17:48:22,467-paramiko.transport-DEBUG-[chan 2] Max packet out: 32768 bytes
2020-03-25 17:48:22,468-paramiko.transport-DEBUG-Secsh channel 2 opened.
2020-03-25 17:48:22,470-paramiko.transport-DEBUG-[chan 2] Sesch channel 2 request ok
2020-03-25 17:48:24,004-paramiko.transport-DEBUG-[chan 2] EOF received (2)
2020-03-25 17:48:24,004-paramiko.transport-DEBUG-[chan 2] EOF sent (2)
2020-03-25 17:48:26,007-paramiko.transport-DEBUG-[chan 3] Max packet in: 32768 bytes
2020-03-25 17:48:26,007-paramiko.transport-DEBUG-[chan 3] Max packet out: 32768 bytes
2020-03-25 17:48:26,007-paramiko.transport-DEBUG-Secsh channel 3 opened.
2020-03-25 17:48:26,009-paramiko.transport-DEBUG-[chan 3] Sesch channel 3 request ok
2020-03-25 17:48:26,564-paramiko.transport-DEBUG-[chan 3] EOF received (3)
2020-03-25 17:48:26,565-paramiko.transport-DEBUG-[chan 3] EOF sent (3)
2020-03-25 17:48:28,567-paramiko.transport-DEBUG-[chan 4] Max packet in: 32768 bytes
2020-03-25 17:48:28,567-paramiko.transport-DEBUG-[chan 4] Max packet out: 32768 bytes
2020-03-25 17:48:28,567-paramiko.transport-DEBUG-Secsh channel 4 opened.
2020-03-25 17:48:28,570-paramiko.transport-DEBUG-[chan 4] Sesch channel 4 request ok
2020-03-25 17:48:29,789-paramiko.transport-DEBUG-[chan 4] EOF received (4)
2020-03-25 17:48:29,790-paramiko.transport-DEBUG-[chan 4] EOF sent (4)
2020-03-25 17:48:31,794-paramiko.transport-DEBUG-EOF in transport thread
2020-03-25 17:48:31,939-myloger-WARNING-限价委托买-已成（费用>min）
2020-03-25 17:48:33,048-myloger-WARNING-执行结果为True,,
