2019-07-04 11:12:44,181-log_demo-INFO-sql able to connect!
2019-07-04 11:12:44,182-log_demo-INFO-delete xtp_cur_risk from xtp_cur_risk, xtp_oms_user where xtp_oms_user.user_name = 'testshopt02tgt'  and xtp_cur_risk.server_id = xtp_oms_user.trade_server_id
2019-07-04 11:12:44,311-log_demo-INFO-delete table xtp_cur_risk success!
2019-07-04 11:12:44,312-log_demo-INFO-sql able to connect!
2019-07-04 11:12:44,314-log_demo-INFO-sql able to connect!
2019-07-04 11:12:44,314-log_demo-INFO-select * from xtp_cur_risk_auto where xtp_cur_risk_auto.py_name = 'FK_FKYW_GPWT_631'
2019-07-04 11:12:44,315-log_demo-INFO-insert_cur_risk success!
2019-07-04 11:12:44,315-log_demo-INFO-insert into xtp_cur_risk values(null, 283, 0, '1', 2)
2019-07-04 11:12:44,316-log_demo-INFO-insert into xtp_cur_risk values(null, 283, 1001, '0', 2)
2019-07-04 11:12:44,316-log_demo-INFO-insert into xtp_cur_risk values(null, 283, 1002, '320000', 2)
2019-07-04 11:12:44,316-log_demo-INFO-insert into xtp_cur_risk values(null, 283, 2001, '0', 2)
2019-07-04 11:12:44,317-log_demo-INFO-insert into xtp_cur_risk values(null, 283, 2002, '10000000', 2)
2019-07-04 11:12:44,317-log_demo-INFO-insert into xtp_cur_risk values(null, 283, 9001, '0', 2)
2019-07-04 11:12:44,317-log_demo-INFO-insert into xtp_cur_risk values(null, 283, 9002, '310000', 2)
2019-07-04 11:12:44,318-log_demo-INFO-insert into xtp_cur_risk values(null, 283, 10001, '0', 2)
2019-07-04 11:12:44,318-log_demo-INFO-insert into xtp_cur_risk values(null, 283, 10002, '300000', 2)
2019-07-04 11:12:44,318-log_demo-INFO-insert into xtp_cur_risk values(null, 283, 14001, '0', 2)
2019-07-04 11:12:44,319-log_demo-INFO-insert into xtp_cur_risk values(null, 283, 14002, '3000', 2)
2019-07-04 11:12:44,319-log_demo-INFO-insert into xtp_cur_risk values(null, 283, 14003, '1', 2)
2019-07-04 11:12:44,319-log_demo-INFO-insert into xtp_cur_risk values(null, 283, 14004, '60', 2)
2019-07-04 11:12:44,320-log_demo-INFO-insert into xtp_cur_risk values(null, 283, 25001, '0', 2)
2019-07-04 11:12:44,320-log_demo-INFO-insert into xtp_cur_risk values(null, 283, 25002, '100', 2)
2019-07-04 11:12:44,320-log_demo-INFO-insert into xtp_cur_risk values(null, 283, 26001, '0', 2)
2019-07-04 11:12:44,320-log_demo-INFO-insert into xtp_cur_risk values(null, 283, 26002, '500', 2)
2019-07-04 11:12:44,321-log_demo-INFO-insert into xtp_cur_risk values(null, 283, 27001, '0', 2)
2019-07-04 11:12:44,321-log_demo-INFO-insert into xtp_cur_risk values(null, 283, 27002, '5', 2)
2019-07-04 11:12:44,321-log_demo-INFO-insert into xtp_cur_risk values(null, 283, 27003, '10', 2)
2019-07-04 11:12:44,321-log_demo-INFO-insert into xtp_cur_risk values(null, 283, 27004, '60', 2)
2019-07-04 11:12:44,322-log_demo-INFO-insert into xtp_cur_risk values(null, 283, 38001, '0', 2)
2019-07-04 11:12:44,322-log_demo-INFO-insert into xtp_cur_risk values(null, 283, 38002, '5', 2)
2019-07-04 11:12:44,322-log_demo-INFO-insert into xtp_cur_risk values(null, 283, 38003, '10', 2)
2019-07-04 11:12:44,322-log_demo-INFO-insert into xtp_cur_risk values(null, 283, 38004, '60', 2)
2019-07-04 11:12:44,323-log_demo-INFO-insert into xtp_cur_risk values(null, 283, 41001, '0', 2)
2019-07-04 11:12:44,323-log_demo-INFO-insert into xtp_cur_risk values(null, 283, 41002, '3', 2)
2019-07-04 11:12:44,323-log_demo-INFO-insert into xtp_cur_risk values(null, 283, 42001, '0', 2)
2019-07-04 11:12:44,323-log_demo-INFO-insert into xtp_cur_risk values(null, 283, 42002, '59', 2)
2019-07-04 11:12:44,324-log_demo-INFO-insert into xtp_cur_risk values(null, 283, 42003, '2', 2)
2019-07-04 11:12:44,324-log_demo-INFO-insert into xtp_cur_risk values(null, -1, 43001, '1', 2)
2019-07-04 11:12:44,324-log_demo-INFO-insert into xtp_cur_risk values(null, -1, 43002, '1000', 2)
2019-07-04 11:12:44,324-log_demo-INFO-insert into xtp_cur_risk values(null, -1, 43003, '1', 2)
2019-07-04 11:12:44,325-log_demo-INFO-insert into xtp_cur_risk values(null, -1, 43004, '60', 2)
2019-07-04 11:12:44,326-log_demo-INFO-insert_cur_risk success!
2019-07-04 11:12:44,327-paramiko.transport-DEBUG-starting thread (client mode): 0xd9cd9950L
2019-07-04 11:12:44,327-paramiko.transport-DEBUG-Local version/idstring: SSH-2.0-paramiko_2.4.2
2019-07-04 11:12:44,340-paramiko.transport-DEBUG-Remote version/idstring: SSH-2.0-OpenSSH_7.4
2019-07-04 11:12:44,340-paramiko.transport-INFO-Connected (version 2.0, client OpenSSH_7.4)
2019-07-04 11:12:44,342-paramiko.transport-DEBUG-kex algos:[u'curve25519-sha256', u'curve25519-sha256@libssh.org', u'ecdh-sha2-nistp256', u'ecdh-sha2-nistp384', u'ecdh-sha2-nistp521', u'diffie-hellman-group-exchange-sha256', u'diffie-hellman-group16-sha512', u'diffie-hellman-group18-sha512', u'diffie-hellman-group-exchange-sha1', u'diffie-hellman-group14-sha256', u'diffie-hellman-group14-sha1', u'diffie-hellman-group1-sha1'] server key:[u'ssh-rsa', u'rsa-sha2-512', u'rsa-sha2-256', u'ecdsa-sha2-nistp256', u'ssh-ed25519'] client encrypt:[u'chacha20-poly1305@openssh.com', u'aes128-ctr', u'aes192-ctr', u'aes256-ctr', u'aes128-gcm@openssh.com', u'aes256-gcm@openssh.com', u'aes128-cbc', u'aes192-cbc', u'aes256-cbc', u'blowfish-cbc', u'cast128-cbc', u'3des-cbc'] server encrypt:[u'chacha20-poly1305@openssh.com', u'aes128-ctr', u'aes192-ctr', u'aes256-ctr', u'aes128-gcm@openssh.com', u'aes256-gcm@openssh.com', u'aes128-cbc', u'aes192-cbc', u'aes256-cbc', u'blowfish-cbc', u'cast128-cbc', u'3des-cbc'] client mac:[u'umac-64-etm@openssh.com', u'umac-128-etm@openssh.com', u'hmac-sha2-256-etm@openssh.com', u'hmac-sha2-512-etm@openssh.com', u'hmac-sha1-etm@openssh.com', u'umac-64@openssh.com', u'umac-128@openssh.com', u'hmac-sha2-256', u'hmac-sha2-512', u'hmac-sha1'] server mac:[u'umac-64-etm@openssh.com', u'umac-128-etm@openssh.com', u'hmac-sha2-256-etm@openssh.com', u'hmac-sha2-512-etm@openssh.com', u'hmac-sha1-etm@openssh.com', u'umac-64@openssh.com', u'umac-128@openssh.com', u'hmac-sha2-256', u'hmac-sha2-512', u'hmac-sha1'] client compress:[u'none', u'zlib@openssh.com'] server compress:[u'none', u'zlib@openssh.com'] client lang:[u''] server lang:[u''] kex follows?False
2019-07-04 11:12:44,342-paramiko.transport-DEBUG-Kex agreed: ecdh-sha2-nistp256
2019-07-04 11:12:44,343-paramiko.transport-DEBUG-HostKey agreed: ssh-ed25519
2019-07-04 11:12:44,343-paramiko.transport-DEBUG-Cipher agreed: aes128-ctr
2019-07-04 11:12:44,343-paramiko.transport-DEBUG-MAC agreed: hmac-sha2-256
2019-07-04 11:12:44,343-paramiko.transport-DEBUG-Compression agreed: none
2019-07-04 11:12:44,387-paramiko.transport-DEBUG-kex engine KexNistp256 specified hash_algo <built-in function openssl_sha256>
2019-07-04 11:12:44,388-paramiko.transport-DEBUG-Switch to new keys ...
2019-07-04 11:12:44,394-paramiko.transport-DEBUG-Adding ssh-ed25519 host key for 10.29.182.168: a7baecfa850eafc4f99d868eb0c34c61
2019-07-04 11:12:44,428-paramiko.transport-DEBUG-userauth is OK
2019-07-04 11:12:44,457-paramiko.transport-INFO-Authentication (password) successful!
2019-07-04 11:12:44,459-paramiko.transport-DEBUG-[chan 0] Max packet in: 32768 bytes
2019-07-04 11:12:44,466-paramiko.transport-DEBUG-Received global request "hostkeys-00@openssh.com"
2019-07-04 11:12:44,466-paramiko.transport-DEBUG-Rejecting "hostkeys-00@openssh.com" global request from server.
2019-07-04 11:12:44,505-paramiko.transport-DEBUG-[chan 0] Max packet out: 32768 bytes
2019-07-04 11:12:44,505-paramiko.transport-DEBUG-Secsh channel 0 opened.
2019-07-04 11:12:44,525-paramiko.transport-DEBUG-[chan 0] Sesch channel 0 request ok
2019-07-04 11:12:45,085-paramiko.transport-DEBUG-[chan 0] EOF received (0)
2019-07-04 11:12:45,085-paramiko.transport-DEBUG-[chan 0] EOF sent (0)
2019-07-04 11:12:47,089-paramiko.transport-DEBUG-EOF in transport thread
2019-07-04 11:12:47,091-paramiko.transport-DEBUG-starting thread (client mode): 0xd9cd9790L
2019-07-04 11:12:47,092-paramiko.transport-DEBUG-Local version/idstring: SSH-2.0-paramiko_2.4.2
2019-07-04 11:12:47,102-paramiko.transport-DEBUG-Remote version/idstring: SSH-2.0-OpenSSH_7.4
2019-07-04 11:12:47,102-paramiko.transport-INFO-Connected (version 2.0, client OpenSSH_7.4)
2019-07-04 11:12:47,105-paramiko.transport-DEBUG-kex algos:[u'curve25519-sha256', u'curve25519-sha256@libssh.org', u'ecdh-sha2-nistp256', u'ecdh-sha2-nistp384', u'ecdh-sha2-nistp521', u'diffie-hellman-group-exchange-sha256', u'diffie-hellman-group16-sha512', u'diffie-hellman-group18-sha512', u'diffie-hellman-group-exchange-sha1', u'diffie-hellman-group14-sha256', u'diffie-hellman-group14-sha1', u'diffie-hellman-group1-sha1'] server key:[u'ssh-rsa', u'rsa-sha2-512', u'rsa-sha2-256', u'ecdsa-sha2-nistp256', u'ssh-ed25519'] client encrypt:[u'chacha20-poly1305@openssh.com', u'aes128-ctr', u'aes192-ctr', u'aes256-ctr', u'aes128-gcm@openssh.com', u'aes256-gcm@openssh.com', u'aes128-cbc', u'aes192-cbc', u'aes256-cbc', u'blowfish-cbc', u'cast128-cbc', u'3des-cbc'] server encrypt:[u'chacha20-poly1305@openssh.com', u'aes128-ctr', u'aes192-ctr', u'aes256-ctr', u'aes128-gcm@openssh.com', u'aes256-gcm@openssh.com', u'aes128-cbc', u'aes192-cbc', u'aes256-cbc', u'blowfish-cbc', u'cast128-cbc', u'3des-cbc'] client mac:[u'umac-64-etm@openssh.com', u'umac-128-etm@openssh.com', u'hmac-sha2-256-etm@openssh.com', u'hmac-sha2-512-etm@openssh.com', u'hmac-sha1-etm@openssh.com', u'umac-64@openssh.com', u'umac-128@openssh.com', u'hmac-sha2-256', u'hmac-sha2-512', u'hmac-sha1'] server mac:[u'umac-64-etm@openssh.com', u'umac-128-etm@openssh.com', u'hmac-sha2-256-etm@openssh.com', u'hmac-sha2-512-etm@openssh.com', u'hmac-sha1-etm@openssh.com', u'umac-64@openssh.com', u'umac-128@openssh.com', u'hmac-sha2-256', u'hmac-sha2-512', u'hmac-sha1'] client compress:[u'none', u'zlib@openssh.com'] server compress:[u'none', u'zlib@openssh.com'] client lang:[u''] server lang:[u''] kex follows?False
2019-07-04 11:12:47,105-paramiko.transport-DEBUG-Kex agreed: ecdh-sha2-nistp256
2019-07-04 11:12:47,105-paramiko.transport-DEBUG-HostKey agreed: ssh-ed25519
2019-07-04 11:12:47,105-paramiko.transport-DEBUG-Cipher agreed: aes128-ctr
2019-07-04 11:12:47,105-paramiko.transport-DEBUG-MAC agreed: hmac-sha2-256
2019-07-04 11:12:47,106-paramiko.transport-DEBUG-Compression agreed: none
2019-07-04 11:12:47,110-paramiko.transport-DEBUG-kex engine KexNistp256 specified hash_algo <built-in function openssl_sha256>
2019-07-04 11:12:47,110-paramiko.transport-DEBUG-Switch to new keys ...
2019-07-04 11:12:47,123-paramiko.transport-DEBUG-Adding ssh-ed25519 host key for 10.29.182.168: a7baecfa850eafc4f99d868eb0c34c61
2019-07-04 11:12:47,150-paramiko.transport-DEBUG-userauth is OK
2019-07-04 11:12:47,185-paramiko.transport-INFO-Authentication (password) successful!
2019-07-04 11:12:47,188-paramiko.transport-DEBUG-[chan 0] Max packet in: 32768 bytes
2019-07-04 11:12:47,193-paramiko.transport-DEBUG-Received global request "hostkeys-00@openssh.com"
2019-07-04 11:12:47,194-paramiko.transport-DEBUG-Rejecting "hostkeys-00@openssh.com" global request from server.
2019-07-04 11:12:47,233-paramiko.transport-DEBUG-[chan 0] Max packet out: 32768 bytes
2019-07-04 11:12:47,233-paramiko.transport-DEBUG-Secsh channel 0 opened.
2019-07-04 11:12:47,254-paramiko.transport-DEBUG-[chan 0] Sesch channel 0 request ok
2019-07-04 11:12:47,299-paramiko.transport-DEBUG-[chan 0] EOF received (0)
2019-07-04 11:12:47,299-paramiko.transport-DEBUG-[chan 0] EOF sent (0)
2019-07-04 11:12:49,299-paramiko.transport-DEBUG-[chan 1] Max packet in: 32768 bytes
2019-07-04 11:12:49,300-paramiko.transport-DEBUG-[chan 1] Max packet out: 32768 bytes
2019-07-04 11:12:49,300-paramiko.transport-DEBUG-Secsh channel 1 opened.
2019-07-04 11:12:49,303-paramiko.transport-DEBUG-[chan 1] Sesch channel 1 request ok
2019-07-04 11:12:49,349-paramiko.transport-DEBUG-[chan 1] EOF received (1)
2019-07-04 11:12:49,350-paramiko.transport-DEBUG-[chan 1] EOF sent (1)
2019-07-04 11:12:51,352-paramiko.transport-DEBUG-[chan 2] Max packet in: 32768 bytes
2019-07-04 11:12:51,353-paramiko.transport-DEBUG-[chan 2] Max packet out: 32768 bytes
2019-07-04 11:12:51,353-paramiko.transport-DEBUG-Secsh channel 2 opened.
2019-07-04 11:12:51,356-paramiko.transport-DEBUG-[chan 2] Sesch channel 2 request ok
2019-07-04 11:12:51,405-paramiko.transport-DEBUG-[chan 2] EOF received (2)
2019-07-04 11:12:51,405-paramiko.transport-DEBUG-[chan 2] EOF sent (2)
2019-07-04 11:12:53,410-paramiko.transport-DEBUG-EOF in transport thread
2019-07-04 11:12:53,413-paramiko.transport-DEBUG-starting thread (client mode): 0xd9cd99d0L
2019-07-04 11:12:53,414-paramiko.transport-DEBUG-Local version/idstring: SSH-2.0-paramiko_2.4.2
2019-07-04 11:12:53,424-paramiko.transport-DEBUG-Remote version/idstring: SSH-2.0-OpenSSH_7.4
2019-07-04 11:12:53,424-paramiko.transport-INFO-Connected (version 2.0, client OpenSSH_7.4)
2019-07-04 11:12:53,427-paramiko.transport-DEBUG-kex algos:[u'curve25519-sha256', u'curve25519-sha256@libssh.org', u'ecdh-sha2-nistp256', u'ecdh-sha2-nistp384', u'ecdh-sha2-nistp521', u'diffie-hellman-group-exchange-sha256', u'diffie-hellman-group16-sha512', u'diffie-hellman-group18-sha512', u'diffie-hellman-group-exchange-sha1', u'diffie-hellman-group14-sha256', u'diffie-hellman-group14-sha1', u'diffie-hellman-group1-sha1'] server key:[u'ssh-rsa', u'rsa-sha2-512', u'rsa-sha2-256', u'ecdsa-sha2-nistp256', u'ssh-ed25519'] client encrypt:[u'chacha20-poly1305@openssh.com', u'aes128-ctr', u'aes192-ctr', u'aes256-ctr', u'aes128-gcm@openssh.com', u'aes256-gcm@openssh.com', u'aes128-cbc', u'aes192-cbc', u'aes256-cbc', u'blowfish-cbc', u'cast128-cbc', u'3des-cbc'] server encrypt:[u'chacha20-poly1305@openssh.com', u'aes128-ctr', u'aes192-ctr', u'aes256-ctr', u'aes128-gcm@openssh.com', u'aes256-gcm@openssh.com', u'aes128-cbc', u'aes192-cbc', u'aes256-cbc', u'blowfish-cbc', u'cast128-cbc', u'3des-cbc'] client mac:[u'umac-64-etm@openssh.com', u'umac-128-etm@openssh.com', u'hmac-sha2-256-etm@openssh.com', u'hmac-sha2-512-etm@openssh.com', u'hmac-sha1-etm@openssh.com', u'umac-64@openssh.com', u'umac-128@openssh.com', u'hmac-sha2-256', u'hmac-sha2-512', u'hmac-sha1'] server mac:[u'umac-64-etm@openssh.com', u'umac-128-etm@openssh.com', u'hmac-sha2-256-etm@openssh.com', u'hmac-sha2-512-etm@openssh.com', u'hmac-sha1-etm@openssh.com', u'umac-64@openssh.com', u'umac-128@openssh.com', u'hmac-sha2-256', u'hmac-sha2-512', u'hmac-sha1'] client compress:[u'none', u'zlib@openssh.com'] server compress:[u'none', u'zlib@openssh.com'] client lang:[u''] server lang:[u''] kex follows?False
2019-07-04 11:12:53,428-paramiko.transport-DEBUG-Kex agreed: ecdh-sha2-nistp256
2019-07-04 11:12:53,428-paramiko.transport-DEBUG-HostKey agreed: ssh-ed25519
2019-07-04 11:12:53,428-paramiko.transport-DEBUG-Cipher agreed: aes128-ctr
2019-07-04 11:12:53,428-paramiko.transport-DEBUG-MAC agreed: hmac-sha2-256
2019-07-04 11:12:53,428-paramiko.transport-DEBUG-Compression agreed: none
2019-07-04 11:12:53,433-paramiko.transport-DEBUG-kex engine KexNistp256 specified hash_algo <built-in function openssl_sha256>
2019-07-04 11:12:53,433-paramiko.transport-DEBUG-Switch to new keys ...
2019-07-04 11:12:53,445-paramiko.transport-DEBUG-Adding ssh-ed25519 host key for 10.29.182.168: a7baecfa850eafc4f99d868eb0c34c61
2019-07-04 11:12:53,473-paramiko.transport-DEBUG-userauth is OK
2019-07-04 11:12:53,498-paramiko.transport-INFO-Authentication (password) successful!
2019-07-04 11:12:53,510-paramiko.transport-DEBUG-[chan 0] Max packet in: 32768 bytes
2019-07-04 11:12:53,510-paramiko.transport-DEBUG-Received global request "hostkeys-00@openssh.com"
2019-07-04 11:12:53,510-paramiko.transport-DEBUG-Rejecting "hostkeys-00@openssh.com" global request from server.
2019-07-04 11:12:53,550-paramiko.transport-DEBUG-[chan 0] Max packet out: 32768 bytes
2019-07-04 11:12:53,550-paramiko.transport-DEBUG-Secsh channel 0 opened.
2019-07-04 11:12:53,576-paramiko.transport-DEBUG-[chan 0] Sesch channel 0 request ok
2019-07-04 11:12:54,598-paramiko.transport-DEBUG-[chan 0] EOF received (0)
2019-07-04 11:12:54,598-paramiko.transport-DEBUG-[chan 0] EOF sent (0)
2019-07-04 11:12:56,601-paramiko.transport-DEBUG-[chan 1] Max packet in: 32768 bytes
2019-07-04 11:12:56,601-paramiko.transport-DEBUG-[chan 1] Max packet out: 32768 bytes
2019-07-04 11:12:56,601-paramiko.transport-DEBUG-Secsh channel 1 opened.
2019-07-04 11:12:56,604-paramiko.transport-DEBUG-[chan 1] Sesch channel 1 request ok
2019-07-04 11:12:57,846-paramiko.transport-DEBUG-[chan 1] EOF received (1)
2019-07-04 11:12:57,847-paramiko.transport-DEBUG-[chan 1] EOF sent (1)
2019-07-04 11:13:03,854-paramiko.transport-DEBUG-[chan 2] Max packet in: 32768 bytes
2019-07-04 11:13:03,854-paramiko.transport-DEBUG-[chan 2] Max packet out: 32768 bytes
2019-07-04 11:13:03,854-paramiko.transport-DEBUG-Secsh channel 2 opened.
2019-07-04 11:13:03,857-paramiko.transport-DEBUG-[chan 2] Sesch channel 2 request ok
2019-07-04 11:13:05,089-paramiko.transport-DEBUG-[chan 2] EOF received (2)
2019-07-04 11:13:05,089-paramiko.transport-DEBUG-[chan 2] EOF sent (2)
2019-07-04 11:13:07,091-paramiko.transport-DEBUG-[chan 3] Max packet in: 32768 bytes
2019-07-04 11:13:07,092-paramiko.transport-DEBUG-[chan 3] Max packet out: 32768 bytes
2019-07-04 11:13:07,092-paramiko.transport-DEBUG-Secsh channel 3 opened.
2019-07-04 11:13:07,095-paramiko.transport-DEBUG-[chan 3] Sesch channel 3 request ok
2019-07-04 11:13:07,653-paramiko.transport-DEBUG-[chan 3] EOF received (3)
2019-07-04 11:13:07,654-paramiko.transport-DEBUG-[chan 3] EOF sent (3)
2019-07-04 11:13:09,656-paramiko.transport-DEBUG-[chan 4] Max packet in: 32768 bytes
2019-07-04 11:13:09,657-paramiko.transport-DEBUG-[chan 4] Max packet out: 32768 bytes
2019-07-04 11:13:09,657-paramiko.transport-DEBUG-Secsh channel 4 opened.
2019-07-04 11:13:09,660-paramiko.transport-DEBUG-[chan 4] Sesch channel 4 request ok
2019-07-04 11:13:10,666-paramiko.transport-DEBUG-[chan 4] EOF received (4)
2019-07-04 11:13:10,667-paramiko.transport-DEBUG-[chan 4] EOF sent (4)
2019-07-04 11:13:12,671-paramiko.transport-DEBUG-EOF in transport thread
2019-07-04 11:13:14,784-myloger-WARNING-默认rule43,rule0=1
2019-07-04 11:14:20,230-myloger-WARNING-执行结果为True，rule43风控校验正确!
