2020-03-23 14:50:16,315-log_demo-INFO-sql able to connect!
2020-03-23 14:50:16,315-log_demo-INFO-delete from xtp_fund_asset_20200323 where fund_acc = 100065004975 and oms_id = 11
2020-03-23 14:50:16,323-log_demo-INFO-delete table xtp_fund_asset_20200323 success!
2020-03-23 14:50:16,340-log_demo-INFO-insert into xtp_fund_asset_20200323
                       select
                        100065004975,
                        cur_type,
                        fund_avl_bal,
                        fund_frz_bal,
                        fund_bal,
                        fund_buy_sale,
                        fund_unc_buy,
                        fund_unc_sale,
                        fund_trsf,
                        node_id,
                        11
                  from xtp_fund_asset_auto where py_name="YW_GPMM_SZXJ_012"
2020-03-23 14:50:16,343-log_demo-INFO-insert_fund_assetYW_GPMM_SZXJ_012success!
2020-03-23 14:50:16,344-paramiko.transport-DEBUG-starting thread (client mode): 0x1cf15d0L
2020-03-23 14:50:16,344-paramiko.transport-DEBUG-Local version/idstring: SSH-2.0-paramiko_2.4.1
2020-03-23 14:50:16,351-paramiko.transport-DEBUG-Remote version/idstring: SSH-2.0-OpenSSH_6.6.1
2020-03-23 14:50:16,351-paramiko.transport-INFO-Connected (version 2.0, client OpenSSH_6.6.1)
2020-03-23 14:50:16,369-paramiko.transport-DEBUG-kex algos:[u'curve25519-sha256@libssh.org', u'ecdh-sha2-nistp256', u'ecdh-sha2-nistp384', u'ecdh-sha2-nistp521', u'diffie-hellman-group-exchange-sha256', u'diffie-hellman-group-exchange-sha1', u'diffie-hellman-group14-sha1', u'diffie-hellman-group1-sha1'] server key:[u'ssh-rsa', u'ecdsa-sha2-nistp256', u'ssh-ed25519'] client encrypt:[u'aes128-ctr', u'aes192-ctr', u'aes256-ctr', u'arcfour256', u'arcfour128', u'aes128-gcm@openssh.com', u'aes256-gcm@openssh.com', u'chacha20-poly1305@openssh.com', u'aes128-cbc', u'3des-cbc', u'blowfish-cbc', u'cast128-cbc', u'aes192-cbc', u'aes256-cbc', u'arcfour', u'rijndael-cbc@lysator.liu.se'] server encrypt:[u'aes128-ctr', u'aes192-ctr', u'aes256-ctr', u'arcfour256', u'arcfour128', u'aes128-gcm@openssh.com', u'aes256-gcm@openssh.com', u'chacha20-poly1305@openssh.com', u'aes128-cbc', u'3des-cbc', u'blowfish-cbc', u'cast128-cbc', u'aes192-cbc', u'aes256-cbc', u'arcfour', u'rijndael-cbc@lysator.liu.se'] client mac:[u'hmac-md5-etm@openssh.com', u'hmac-sha1-etm@openssh.com', u'umac-64-etm@openssh.com', u'umac-128-etm@openssh.com', u'hmac-sha2-256-etm@openssh.com', u'hmac-sha2-512-etm@openssh.com', u'hmac-ripemd160-etm@openssh.com', u'hmac-sha1-96-etm@openssh.com', u'hmac-md5-96-etm@openssh.com', u'hmac-md5', u'hmac-sha1', u'umac-64@openssh.com', u'umac-128@openssh.com', u'hmac-sha2-256', u'hmac-sha2-512', u'hmac-ripemd160', u'hmac-ripemd160@openssh.com', u'hmac-sha1-96', u'hmac-md5-96'] server mac:[u'hmac-md5-etm@openssh.com', u'hmac-sha1-etm@openssh.com', u'umac-64-etm@openssh.com', u'umac-128-etm@openssh.com', u'hmac-sha2-256-etm@openssh.com', u'hmac-sha2-512-etm@openssh.com', u'hmac-ripemd160-etm@openssh.com', u'hmac-sha1-96-etm@openssh.com', u'hmac-md5-96-etm@openssh.com', u'hmac-md5', u'hmac-sha1', u'umac-64@openssh.com', u'umac-128@openssh.com', u'hmac-sha2-256', u'hmac-sha2-512', u'hmac-ripemd160', u'hmac-ripemd160@openssh.com', u'hmac-sha1-96', u'hmac-md5-96'] client compress:[u'none', u'zlib@openssh.com'] server compress:[u'none', u'zlib@openssh.com'] client lang:[u''] server lang:[u''] kex follows?False
2020-03-23 14:50:16,369-paramiko.transport-DEBUG-Kex agreed: ecdh-sha2-nistp256
2020-03-23 14:50:16,369-paramiko.transport-DEBUG-HostKey agreed: ssh-ed25519
2020-03-23 14:50:16,369-paramiko.transport-DEBUG-Cipher agreed: aes128-ctr
2020-03-23 14:50:16,369-paramiko.transport-DEBUG-MAC agreed: hmac-sha2-256
2020-03-23 14:50:16,369-paramiko.transport-DEBUG-Compression agreed: none
2020-03-23 14:50:16,412-paramiko.transport-DEBUG-kex engine KexNistp256 specified hash_algo <built-in function openssl_sha256>
2020-03-23 14:50:16,412-paramiko.transport-DEBUG-Switch to new keys ...
2020-03-23 14:50:16,413-paramiko.transport-DEBUG-Adding ssh-ed25519 host key for 10.29.182.38: 9c589c255248bf0581d9b58ecf85e2ed
2020-03-23 14:50:16,451-paramiko.transport-DEBUG-userauth is OK
2020-03-23 14:50:16,474-paramiko.transport-INFO-Authentication (password) successful!
2020-03-23 14:50:16,477-paramiko.transport-DEBUG-[chan 0] Max packet in: 32768 bytes
2020-03-23 14:50:16,482-paramiko.transport-DEBUG-[chan 0] Max packet out: 32768 bytes
2020-03-23 14:50:16,482-paramiko.transport-DEBUG-Secsh channel 0 opened.
2020-03-23 14:50:16,485-paramiko.transport-DEBUG-[chan 0] Sesch channel 0 request ok
2020-03-23 14:50:16,905-paramiko.transport-DEBUG-[chan 0] EOF received (0)
2020-03-23 14:50:16,905-paramiko.transport-DEBUG-[chan 0] EOF sent (0)
2020-03-23 14:50:18,908-paramiko.transport-DEBUG-EOF in transport thread
2020-03-23 14:50:18,918-log_demo-INFO-sql able to connect!
2020-03-23 14:50:18,918-log_demo-INFO-TRUNCATE TABLE ashare_cjhb
2020-03-23 14:50:18,921-log_demo-INFO-TRUNCATE TABLE ashare_ordwth
2020-03-23 14:50:18,927-log_demo-INFO-TRUNCATE TABLE ashare_ordwth2
2020-03-23 14:50:18,931-log_demo-INFO-TRUNCATE TABLE reqresp
2020-03-23 14:50:18,934-log_demo-INFO-TRUNCATE TABLE execreport
2020-03-23 14:50:18,937-log_demo-INFO-TRUNCATE TABLE ashare_ordwth_cancel
2020-03-23 14:50:18,942-log_demo-INFO-truncate table ashare_ordwth_cancel success!
2020-03-23 14:50:18,943-paramiko.transport-DEBUG-starting thread (client mode): 0x1cf1610L
2020-03-23 14:50:18,943-paramiko.transport-DEBUG-Local version/idstring: SSH-2.0-paramiko_2.4.1
2020-03-23 14:50:18,952-paramiko.transport-DEBUG-Remote version/idstring: SSH-2.0-OpenSSH_6.6.1
2020-03-23 14:50:18,952-paramiko.transport-INFO-Connected (version 2.0, client OpenSSH_6.6.1)
2020-03-23 14:50:18,953-paramiko.transport-DEBUG-kex algos:[u'curve25519-sha256@libssh.org', u'ecdh-sha2-nistp256', u'ecdh-sha2-nistp384', u'ecdh-sha2-nistp521', u'diffie-hellman-group-exchange-sha256', u'diffie-hellman-group-exchange-sha1', u'diffie-hellman-group14-sha1', u'diffie-hellman-group1-sha1'] server key:[u'ssh-rsa', u'ecdsa-sha2-nistp256', u'ssh-ed25519'] client encrypt:[u'aes128-ctr', u'aes192-ctr', u'aes256-ctr', u'arcfour256', u'arcfour128', u'aes128-gcm@openssh.com', u'aes256-gcm@openssh.com', u'chacha20-poly1305@openssh.com', u'aes128-cbc', u'3des-cbc', u'blowfish-cbc', u'cast128-cbc', u'aes192-cbc', u'aes256-cbc', u'arcfour', u'rijndael-cbc@lysator.liu.se'] server encrypt:[u'aes128-ctr', u'aes192-ctr', u'aes256-ctr', u'arcfour256', u'arcfour128', u'aes128-gcm@openssh.com', u'aes256-gcm@openssh.com', u'chacha20-poly1305@openssh.com', u'aes128-cbc', u'3des-cbc', u'blowfish-cbc', u'cast128-cbc', u'aes192-cbc', u'aes256-cbc', u'arcfour', u'rijndael-cbc@lysator.liu.se'] client mac:[u'hmac-md5-etm@openssh.com', u'hmac-sha1-etm@openssh.com', u'umac-64-etm@openssh.com', u'umac-128-etm@openssh.com', u'hmac-sha2-256-etm@openssh.com', u'hmac-sha2-512-etm@openssh.com', u'hmac-ripemd160-etm@openssh.com', u'hmac-sha1-96-etm@openssh.com', u'hmac-md5-96-etm@openssh.com', u'hmac-md5', u'hmac-sha1', u'umac-64@openssh.com', u'umac-128@openssh.com', u'hmac-sha2-256', u'hmac-sha2-512', u'hmac-ripemd160', u'hmac-ripemd160@openssh.com', u'hmac-sha1-96', u'hmac-md5-96'] server mac:[u'hmac-md5-etm@openssh.com', u'hmac-sha1-etm@openssh.com', u'umac-64-etm@openssh.com', u'umac-128-etm@openssh.com', u'hmac-sha2-256-etm@openssh.com', u'hmac-sha2-512-etm@openssh.com', u'hmac-ripemd160-etm@openssh.com', u'hmac-sha1-96-etm@openssh.com', u'hmac-md5-96-etm@openssh.com', u'hmac-md5', u'hmac-sha1', u'umac-64@openssh.com', u'umac-128@openssh.com', u'hmac-sha2-256', u'hmac-sha2-512', u'hmac-ripemd160', u'hmac-ripemd160@openssh.com', u'hmac-sha1-96', u'hmac-md5-96'] client compress:[u'none', u'zlib@openssh.com'] server compress:[u'none', u'zlib@openssh.com'] client lang:[u''] server lang:[u''] kex follows?False
2020-03-23 14:50:18,954-paramiko.transport-DEBUG-Kex agreed: ecdh-sha2-nistp256
2020-03-23 14:50:18,954-paramiko.transport-DEBUG-HostKey agreed: ssh-ed25519
2020-03-23 14:50:18,954-paramiko.transport-DEBUG-Cipher agreed: aes128-ctr
2020-03-23 14:50:18,954-paramiko.transport-DEBUG-MAC agreed: hmac-sha2-256
2020-03-23 14:50:18,954-paramiko.transport-DEBUG-Compression agreed: none
2020-03-23 14:50:18,959-paramiko.transport-DEBUG-kex engine KexNistp256 specified hash_algo <built-in function openssl_sha256>
2020-03-23 14:50:18,960-paramiko.transport-DEBUG-Switch to new keys ...
2020-03-23 14:50:18,964-paramiko.transport-DEBUG-Adding ssh-ed25519 host key for 10.29.182.38: 9c589c255248bf0581d9b58ecf85e2ed
2020-03-23 14:50:18,999-paramiko.transport-DEBUG-userauth is OK
2020-03-23 14:50:19,036-paramiko.transport-INFO-Authentication (password) successful!
2020-03-23 14:50:19,065-paramiko.transport-DEBUG-[chan 0] Max packet in: 32768 bytes
2020-03-23 14:50:19,065-paramiko.transport-DEBUG-[chan 0] Max packet out: 32768 bytes
2020-03-23 14:50:19,065-paramiko.transport-DEBUG-Secsh channel 0 opened.
2020-03-23 14:50:19,067-paramiko.transport-DEBUG-[chan 0] Sesch channel 0 request ok
2020-03-23 14:50:19,081-paramiko.transport-DEBUG-[chan 0] EOF received (0)
2020-03-23 14:50:19,082-paramiko.transport-DEBUG-[chan 0] EOF sent (0)
2020-03-23 14:50:21,083-paramiko.transport-DEBUG-[chan 1] Max packet in: 32768 bytes
2020-03-23 14:50:21,083-paramiko.transport-DEBUG-[chan 1] Max packet out: 32768 bytes
2020-03-23 14:50:21,083-paramiko.transport-DEBUG-Secsh channel 1 opened.
2020-03-23 14:50:21,085-paramiko.transport-DEBUG-[chan 1] Sesch channel 1 request ok
2020-03-23 14:50:21,097-paramiko.transport-DEBUG-[chan 1] EOF received (1)
2020-03-23 14:50:21,097-paramiko.transport-DEBUG-[chan 1] EOF sent (1)
2020-03-23 14:50:23,099-paramiko.transport-DEBUG-[chan 2] Max packet in: 32768 bytes
2020-03-23 14:50:23,100-paramiko.transport-DEBUG-[chan 2] Max packet out: 32768 bytes
2020-03-23 14:50:23,100-paramiko.transport-DEBUG-Secsh channel 2 opened.
2020-03-23 14:50:23,101-paramiko.transport-DEBUG-[chan 2] Sesch channel 2 request ok
2020-03-23 14:50:23,114-paramiko.transport-DEBUG-[chan 2] EOF received (2)
2020-03-23 14:50:23,114-paramiko.transport-DEBUG-[chan 2] EOF sent (2)
2020-03-23 14:50:25,117-paramiko.transport-DEBUG-EOF in transport thread
2020-03-23 14:50:55,931-paramiko.transport-DEBUG-starting thread (client mode): 0x1cf1650L
2020-03-23 14:50:55,932-paramiko.transport-DEBUG-Local version/idstring: SSH-2.0-paramiko_2.4.1
2020-03-23 14:50:55,938-paramiko.transport-DEBUG-Remote version/idstring: SSH-2.0-OpenSSH_6.6.1
2020-03-23 14:50:55,938-paramiko.transport-INFO-Connected (version 2.0, client OpenSSH_6.6.1)
2020-03-23 14:50:55,939-paramiko.transport-DEBUG-kex algos:[u'curve25519-sha256@libssh.org', u'ecdh-sha2-nistp256', u'ecdh-sha2-nistp384', u'ecdh-sha2-nistp521', u'diffie-hellman-group-exchange-sha256', u'diffie-hellman-group-exchange-sha1', u'diffie-hellman-group14-sha1', u'diffie-hellman-group1-sha1'] server key:[u'ssh-rsa', u'ecdsa-sha2-nistp256', u'ssh-ed25519'] client encrypt:[u'aes128-ctr', u'aes192-ctr', u'aes256-ctr', u'arcfour256', u'arcfour128', u'aes128-gcm@openssh.com', u'aes256-gcm@openssh.com', u'chacha20-poly1305@openssh.com', u'aes128-cbc', u'3des-cbc', u'blowfish-cbc', u'cast128-cbc', u'aes192-cbc', u'aes256-cbc', u'arcfour', u'rijndael-cbc@lysator.liu.se'] server encrypt:[u'aes128-ctr', u'aes192-ctr', u'aes256-ctr', u'arcfour256', u'arcfour128', u'aes128-gcm@openssh.com', u'aes256-gcm@openssh.com', u'chacha20-poly1305@openssh.com', u'aes128-cbc', u'3des-cbc', u'blowfish-cbc', u'cast128-cbc', u'aes192-cbc', u'aes256-cbc', u'arcfour', u'rijndael-cbc@lysator.liu.se'] client mac:[u'hmac-md5-etm@openssh.com', u'hmac-sha1-etm@openssh.com', u'umac-64-etm@openssh.com', u'umac-128-etm@openssh.com', u'hmac-sha2-256-etm@openssh.com', u'hmac-sha2-512-etm@openssh.com', u'hmac-ripemd160-etm@openssh.com', u'hmac-sha1-96-etm@openssh.com', u'hmac-md5-96-etm@openssh.com', u'hmac-md5', u'hmac-sha1', u'umac-64@openssh.com', u'umac-128@openssh.com', u'hmac-sha2-256', u'hmac-sha2-512', u'hmac-ripemd160', u'hmac-ripemd160@openssh.com', u'hmac-sha1-96', u'hmac-md5-96'] server mac:[u'hmac-md5-etm@openssh.com', u'hmac-sha1-etm@openssh.com', u'umac-64-etm@openssh.com', u'umac-128-etm@openssh.com', u'hmac-sha2-256-etm@openssh.com', u'hmac-sha2-512-etm@openssh.com', u'hmac-ripemd160-etm@openssh.com', u'hmac-sha1-96-etm@openssh.com', u'hmac-md5-96-etm@openssh.com', u'hmac-md5', u'hmac-sha1', u'umac-64@openssh.com', u'umac-128@openssh.com', u'hmac-sha2-256', u'hmac-sha2-512', u'hmac-ripemd160', u'hmac-ripemd160@openssh.com', u'hmac-sha1-96', u'hmac-md5-96'] client compress:[u'none', u'zlib@openssh.com'] server compress:[u'none', u'zlib@openssh.com'] client lang:[u''] server lang:[u''] kex follows?False
2020-03-23 14:50:55,939-paramiko.transport-DEBUG-Kex agreed: ecdh-sha2-nistp256
2020-03-23 14:50:55,939-paramiko.transport-DEBUG-HostKey agreed: ssh-ed25519
2020-03-23 14:50:55,939-paramiko.transport-DEBUG-Cipher agreed: aes128-ctr
2020-03-23 14:50:55,939-paramiko.transport-DEBUG-MAC agreed: hmac-sha2-256
2020-03-23 14:50:55,939-paramiko.transport-DEBUG-Compression agreed: none
2020-03-23 14:50:55,943-paramiko.transport-DEBUG-kex engine KexNistp256 specified hash_algo <built-in function openssl_sha256>
2020-03-23 14:50:55,943-paramiko.transport-DEBUG-Switch to new keys ...
2020-03-23 14:50:55,947-paramiko.transport-DEBUG-Adding ssh-ed25519 host key for 10.29.182.38: 9c589c255248bf0581d9b58ecf85e2ed
2020-03-23 14:50:55,983-paramiko.transport-DEBUG-userauth is OK
2020-03-23 14:50:56,005-paramiko.transport-INFO-Authentication (password) successful!
2020-03-23 14:50:56,011-paramiko.transport-DEBUG-[chan 0] Max packet in: 32768 bytes
2020-03-23 14:50:56,012-paramiko.transport-DEBUG-[chan 0] Max packet out: 32768 bytes
2020-03-23 14:50:56,012-paramiko.transport-DEBUG-Secsh channel 0 opened.
2020-03-23 14:50:56,013-paramiko.transport-DEBUG-[chan 0] Sesch channel 0 request ok
2020-03-23 14:50:56,642-paramiko.transport-DEBUG-[chan 0] EOF received (0)
2020-03-23 14:50:56,642-paramiko.transport-DEBUG-[chan 0] EOF sent (0)
2020-03-23 14:50:58,643-paramiko.transport-DEBUG-[chan 1] Max packet in: 32768 bytes
2020-03-23 14:50:58,643-paramiko.transport-DEBUG-[chan 1] Max packet out: 32768 bytes
2020-03-23 14:50:58,644-paramiko.transport-DEBUG-Secsh channel 1 opened.
2020-03-23 14:50:58,646-paramiko.transport-DEBUG-[chan 1] Sesch channel 1 request ok
2020-03-23 14:50:59,445-paramiko.transport-DEBUG-[chan 1] EOF received (1)
2020-03-23 14:50:59,445-paramiko.transport-DEBUG-[chan 1] EOF sent (1)
2020-03-23 14:51:05,456-paramiko.transport-DEBUG-[chan 2] Max packet in: 32768 bytes
2020-03-23 14:51:05,456-paramiko.transport-DEBUG-[chan 2] Max packet out: 32768 bytes
2020-03-23 14:51:05,456-paramiko.transport-DEBUG-Secsh channel 2 opened.
2020-03-23 14:51:05,458-paramiko.transport-DEBUG-[chan 2] Sesch channel 2 request ok
2020-03-23 14:51:06,248-paramiko.transport-DEBUG-[chan 2] EOF received (2)
2020-03-23 14:51:06,248-paramiko.transport-DEBUG-[chan 2] EOF sent (2)
2020-03-23 14:51:08,251-paramiko.transport-DEBUG-[chan 3] Max packet in: 32768 bytes
2020-03-23 14:51:08,251-paramiko.transport-DEBUG-[chan 3] Max packet out: 32768 bytes
2020-03-23 14:51:08,251-paramiko.transport-DEBUG-Secsh channel 3 opened.
2020-03-23 14:51:08,254-paramiko.transport-DEBUG-[chan 3] Sesch channel 3 request ok
2020-03-23 14:51:08,706-paramiko.transport-DEBUG-[chan 3] EOF received (3)
2020-03-23 14:51:08,706-paramiko.transport-DEBUG-[chan 3] EOF sent (3)
2020-03-23 14:51:10,708-paramiko.transport-DEBUG-[chan 4] Max packet in: 32768 bytes
2020-03-23 14:51:10,709-paramiko.transport-DEBUG-[chan 4] Max packet out: 32768 bytes
2020-03-23 14:51:10,709-paramiko.transport-DEBUG-Secsh channel 4 opened.
2020-03-23 14:51:10,711-paramiko.transport-DEBUG-[chan 4] Sesch channel 4 request ok
2020-03-23 14:51:11,414-paramiko.transport-DEBUG-[chan 4] EOF received (4)
2020-03-23 14:51:11,414-paramiko.transport-DEBUG-[chan 4] EOF sent (4)
2020-03-23 14:51:13,418-paramiko.transport-DEBUG-EOF in transport thread
2020-03-23 14:51:13,544-myloger-WARNING-限价委托买-已成（费用>min）
2020-03-23 14:51:14,616-myloger-WARNING-执行结果为True,,
