2020-07-10 20:55:56,282-log_demo-INFO-sql able to connect!
2020-07-10 20:55:56,282-log_demo-INFO-TRUNCATE TABLE ashare_cjhb
2020-07-10 20:55:56,285-log_demo-INFO-TRUNCATE TABLE ashare_ordwth
2020-07-10 20:55:56,288-log_demo-INFO-TRUNCATE TABLE ashare_ordwth2
2020-07-10 20:55:56,290-log_demo-INFO-TRUNCATE TABLE reqresp
2020-07-10 20:55:56,292-log_demo-INFO-TRUNCATE TABLE execreport
2020-07-10 20:55:56,294-log_demo-INFO-TRUNCATE TABLE ashare_ordwth_cancel
2020-07-10 20:55:56,296-log_demo-INFO-truncate table ashare_ordwth_cancel success!
2020-07-10 20:55:56,297-paramiko.transport-DEBUG-starting thread (client mode): 0x2a1a410L
2020-07-10 20:55:56,297-paramiko.transport-DEBUG-Local version/idstring: SSH-2.0-paramiko_2.4.1
2020-07-10 20:55:56,310-paramiko.transport-DEBUG-Remote version/idstring: SSH-2.0-OpenSSH_6.6.1
2020-07-10 20:55:56,311-paramiko.transport-INFO-Connected (version 2.0, client OpenSSH_6.6.1)
2020-07-10 20:55:56,314-paramiko.transport-DEBUG-kex algos:[u'curve25519-sha256@libssh.org', u'ecdh-sha2-nistp256', u'ecdh-sha2-nistp384', u'ecdh-sha2-nistp521', u'diffie-hellman-group-exchange-sha256', u'diffie-hellman-group-exchange-sha1', u'diffie-hellman-group14-sha1', u'diffie-hellman-group1-sha1'] server key:[u'ssh-rsa', u'ecdsa-sha2-nistp256', u'ssh-ed25519'] client encrypt:[u'aes128-ctr', u'aes192-ctr', u'aes256-ctr', u'arcfour256', u'arcfour128', u'aes128-gcm@openssh.com', u'aes256-gcm@openssh.com', u'chacha20-poly1305@openssh.com', u'aes128-cbc', u'3des-cbc', u'blowfish-cbc', u'cast128-cbc', u'aes192-cbc', u'aes256-cbc', u'arcfour', u'rijndael-cbc@lysator.liu.se'] server encrypt:[u'aes128-ctr', u'aes192-ctr', u'aes256-ctr', u'arcfour256', u'arcfour128', u'aes128-gcm@openssh.com', u'aes256-gcm@openssh.com', u'chacha20-poly1305@openssh.com', u'aes128-cbc', u'3des-cbc', u'blowfish-cbc', u'cast128-cbc', u'aes192-cbc', u'aes256-cbc', u'arcfour', u'rijndael-cbc@lysator.liu.se'] client mac:[u'hmac-md5-etm@openssh.com', u'hmac-sha1-etm@openssh.com', u'umac-64-etm@openssh.com', u'umac-128-etm@openssh.com', u'hmac-sha2-256-etm@openssh.com', u'hmac-sha2-512-etm@openssh.com', u'hmac-ripemd160-etm@openssh.com', u'hmac-sha1-96-etm@openssh.com', u'hmac-md5-96-etm@openssh.com', u'hmac-md5', u'hmac-sha1', u'umac-64@openssh.com', u'umac-128@openssh.com', u'hmac-sha2-256', u'hmac-sha2-512', u'hmac-ripemd160', u'hmac-ripemd160@openssh.com', u'hmac-sha1-96', u'hmac-md5-96'] server mac:[u'hmac-md5-etm@openssh.com', u'hmac-sha1-etm@openssh.com', u'umac-64-etm@openssh.com', u'umac-128-etm@openssh.com', u'hmac-sha2-256-etm@openssh.com', u'hmac-sha2-512-etm@openssh.com', u'hmac-ripemd160-etm@openssh.com', u'hmac-sha1-96-etm@openssh.com', u'hmac-md5-96-etm@openssh.com', u'hmac-md5', u'hmac-sha1', u'umac-64@openssh.com', u'umac-128@openssh.com', u'hmac-sha2-256', u'hmac-sha2-512', u'hmac-ripemd160', u'hmac-ripemd160@openssh.com', u'hmac-sha1-96', u'hmac-md5-96'] client compress:[u'none', u'zlib@openssh.com'] server compress:[u'none', u'zlib@openssh.com'] client lang:[u''] server lang:[u''] kex follows?False
2020-07-10 20:55:56,315-paramiko.transport-DEBUG-Kex agreed: ecdh-sha2-nistp256
2020-07-10 20:55:56,315-paramiko.transport-DEBUG-HostKey agreed: ssh-ed25519
2020-07-10 20:55:56,315-paramiko.transport-DEBUG-Cipher agreed: aes128-ctr
2020-07-10 20:55:56,315-paramiko.transport-DEBUG-MAC agreed: hmac-sha2-256
2020-07-10 20:55:56,315-paramiko.transport-DEBUG-Compression agreed: none
2020-07-10 20:55:56,322-paramiko.transport-DEBUG-kex engine KexNistp256 specified hash_algo <built-in function openssl_sha256>
2020-07-10 20:55:56,323-paramiko.transport-DEBUG-Switch to new keys ...
2020-07-10 20:55:56,328-paramiko.transport-DEBUG-Adding ssh-ed25519 host key for 10.29.193.60: 9c589c255248bf0581d9b58ecf85e2ed
2020-07-10 20:55:56,362-paramiko.transport-DEBUG-userauth is OK
2020-07-10 20:55:56,396-paramiko.transport-INFO-Authentication (password) successful!
2020-07-10 20:55:56,429-paramiko.transport-DEBUG-[chan 0] Max packet in: 32768 bytes
2020-07-10 20:55:56,582-paramiko.transport-DEBUG-[chan 0] Max packet out: 32768 bytes
2020-07-10 20:55:56,582-paramiko.transport-DEBUG-Secsh channel 0 opened.
2020-07-10 20:55:56,597-paramiko.transport-DEBUG-[chan 0] Sesch channel 0 request ok
2020-07-10 20:55:56,620-paramiko.transport-DEBUG-[chan 0] EOF received (0)
2020-07-10 20:55:56,621-paramiko.transport-DEBUG-[chan 0] EOF sent (0)
2020-07-10 20:55:58,621-paramiko.transport-DEBUG-[chan 1] Max packet in: 32768 bytes
2020-07-10 20:55:58,622-paramiko.transport-DEBUG-[chan 1] Max packet out: 32768 bytes
2020-07-10 20:55:58,622-paramiko.transport-DEBUG-Secsh channel 1 opened.
2020-07-10 20:55:58,625-paramiko.transport-DEBUG-[chan 1] Sesch channel 1 request ok
2020-07-10 20:55:58,643-paramiko.transport-DEBUG-[chan 1] EOF received (1)
2020-07-10 20:55:58,643-paramiko.transport-DEBUG-[chan 1] EOF sent (1)
2020-07-10 20:56:00,644-paramiko.transport-DEBUG-[chan 2] Max packet in: 32768 bytes
2020-07-10 20:56:00,644-paramiko.transport-DEBUG-[chan 2] Max packet out: 32768 bytes
2020-07-10 20:56:00,645-paramiko.transport-DEBUG-Secsh channel 2 opened.
2020-07-10 20:56:00,647-paramiko.transport-DEBUG-[chan 2] Sesch channel 2 request ok
2020-07-10 20:56:00,664-paramiko.transport-DEBUG-[chan 2] EOF received (2)
2020-07-10 20:56:00,664-paramiko.transport-DEBUG-[chan 2] EOF sent (2)
2020-07-10 20:56:02,668-paramiko.transport-DEBUG-EOF in transport thread
2020-07-10 20:56:36,836-paramiko.transport-DEBUG-starting thread (client mode): 0x6027ea50L
2020-07-10 20:56:36,836-paramiko.transport-DEBUG-Local version/idstring: SSH-2.0-paramiko_2.4.1
2020-07-10 20:56:36,851-paramiko.transport-DEBUG-Remote version/idstring: SSH-2.0-OpenSSH_6.6.1
2020-07-10 20:56:36,851-paramiko.transport-INFO-Connected (version 2.0, client OpenSSH_6.6.1)
2020-07-10 20:56:36,855-paramiko.transport-DEBUG-kex algos:[u'curve25519-sha256@libssh.org', u'ecdh-sha2-nistp256', u'ecdh-sha2-nistp384', u'ecdh-sha2-nistp521', u'diffie-hellman-group-exchange-sha256', u'diffie-hellman-group-exchange-sha1', u'diffie-hellman-group14-sha1', u'diffie-hellman-group1-sha1'] server key:[u'ssh-rsa', u'ecdsa-sha2-nistp256', u'ssh-ed25519'] client encrypt:[u'aes128-ctr', u'aes192-ctr', u'aes256-ctr', u'arcfour256', u'arcfour128', u'aes128-gcm@openssh.com', u'aes256-gcm@openssh.com', u'chacha20-poly1305@openssh.com', u'aes128-cbc', u'3des-cbc', u'blowfish-cbc', u'cast128-cbc', u'aes192-cbc', u'aes256-cbc', u'arcfour', u'rijndael-cbc@lysator.liu.se'] server encrypt:[u'aes128-ctr', u'aes192-ctr', u'aes256-ctr', u'arcfour256', u'arcfour128', u'aes128-gcm@openssh.com', u'aes256-gcm@openssh.com', u'chacha20-poly1305@openssh.com', u'aes128-cbc', u'3des-cbc', u'blowfish-cbc', u'cast128-cbc', u'aes192-cbc', u'aes256-cbc', u'arcfour', u'rijndael-cbc@lysator.liu.se'] client mac:[u'hmac-md5-etm@openssh.com', u'hmac-sha1-etm@openssh.com', u'umac-64-etm@openssh.com', u'umac-128-etm@openssh.com', u'hmac-sha2-256-etm@openssh.com', u'hmac-sha2-512-etm@openssh.com', u'hmac-ripemd160-etm@openssh.com', u'hmac-sha1-96-etm@openssh.com', u'hmac-md5-96-etm@openssh.com', u'hmac-md5', u'hmac-sha1', u'umac-64@openssh.com', u'umac-128@openssh.com', u'hmac-sha2-256', u'hmac-sha2-512', u'hmac-ripemd160', u'hmac-ripemd160@openssh.com', u'hmac-sha1-96', u'hmac-md5-96'] server mac:[u'hmac-md5-etm@openssh.com', u'hmac-sha1-etm@openssh.com', u'umac-64-etm@openssh.com', u'umac-128-etm@openssh.com', u'hmac-sha2-256-etm@openssh.com', u'hmac-sha2-512-etm@openssh.com', u'hmac-ripemd160-etm@openssh.com', u'hmac-sha1-96-etm@openssh.com', u'hmac-md5-96-etm@openssh.com', u'hmac-md5', u'hmac-sha1', u'umac-64@openssh.com', u'umac-128@openssh.com', u'hmac-sha2-256', u'hmac-sha2-512', u'hmac-ripemd160', u'hmac-ripemd160@openssh.com', u'hmac-sha1-96', u'hmac-md5-96'] client compress:[u'none', u'zlib@openssh.com'] server compress:[u'none', u'zlib@openssh.com'] client lang:[u''] server lang:[u''] kex follows?False
2020-07-10 20:56:36,855-paramiko.transport-DEBUG-Kex agreed: ecdh-sha2-nistp256
2020-07-10 20:56:36,855-paramiko.transport-DEBUG-HostKey agreed: ssh-ed25519
2020-07-10 20:56:36,855-paramiko.transport-DEBUG-Cipher agreed: aes128-ctr
2020-07-10 20:56:36,855-paramiko.transport-DEBUG-MAC agreed: hmac-sha2-256
2020-07-10 20:56:36,855-paramiko.transport-DEBUG-Compression agreed: none
2020-07-10 20:56:36,862-paramiko.transport-DEBUG-kex engine KexNistp256 specified hash_algo <built-in function openssl_sha256>
2020-07-10 20:56:36,863-paramiko.transport-DEBUG-Switch to new keys ...
2020-07-10 20:56:36,868-paramiko.transport-DEBUG-Adding ssh-ed25519 host key for 10.29.193.60: 9c589c255248bf0581d9b58ecf85e2ed
2020-07-10 20:56:36,903-paramiko.transport-DEBUG-userauth is OK
2020-07-10 20:56:36,937-paramiko.transport-INFO-Authentication (password) successful!
2020-07-10 20:56:36,968-paramiko.transport-DEBUG-[chan 0] Max packet in: 32768 bytes
2020-07-10 20:56:37,135-paramiko.transport-DEBUG-[chan 0] Max packet out: 32768 bytes
2020-07-10 20:56:37,136-paramiko.transport-DEBUG-Secsh channel 0 opened.
2020-07-10 20:56:37,173-paramiko.transport-DEBUG-[chan 0] Sesch channel 0 request ok
2020-07-10 20:56:38,849-paramiko.transport-DEBUG-[chan 0] EOF received (0)
2020-07-10 20:56:38,849-paramiko.transport-DEBUG-[chan 0] EOF sent (0)
2020-07-10 20:56:40,851-paramiko.transport-DEBUG-[chan 1] Max packet in: 32768 bytes
2020-07-10 20:56:40,852-paramiko.transport-DEBUG-[chan 1] Max packet out: 32768 bytes
2020-07-10 20:56:40,852-paramiko.transport-DEBUG-Secsh channel 1 opened.
2020-07-10 20:56:40,854-paramiko.transport-DEBUG-[chan 1] Sesch channel 1 request ok
2020-07-10 20:56:42,783-paramiko.transport-DEBUG-[chan 1] EOF received (1)
2020-07-10 20:56:42,783-paramiko.transport-DEBUG-[chan 1] EOF sent (1)
2020-07-10 20:56:48,788-paramiko.transport-DEBUG-[chan 2] Max packet in: 32768 bytes
2020-07-10 20:56:48,788-paramiko.transport-DEBUG-[chan 2] Max packet out: 32768 bytes
2020-07-10 20:56:48,788-paramiko.transport-DEBUG-Secsh channel 2 opened.
2020-07-10 20:56:48,791-paramiko.transport-DEBUG-[chan 2] Sesch channel 2 request ok
2020-07-10 20:56:50,847-paramiko.transport-DEBUG-[chan 2] EOF received (2)
2020-07-10 20:56:50,848-paramiko.transport-DEBUG-[chan 2] EOF sent (2)
2020-07-10 20:56:52,849-paramiko.transport-DEBUG-[chan 3] Max packet in: 32768 bytes
2020-07-10 20:56:52,850-paramiko.transport-DEBUG-[chan 3] Max packet out: 32768 bytes
2020-07-10 20:56:52,850-paramiko.transport-DEBUG-Secsh channel 3 opened.
2020-07-10 20:56:52,852-paramiko.transport-DEBUG-[chan 3] Sesch channel 3 request ok
2020-07-10 20:56:53,454-paramiko.transport-DEBUG-[chan 3] EOF received (3)
2020-07-10 20:56:53,454-paramiko.transport-DEBUG-[chan 3] EOF sent (3)
2020-07-10 20:56:55,455-paramiko.transport-DEBUG-[chan 4] Max packet in: 32768 bytes
2020-07-10 20:56:55,456-paramiko.transport-DEBUG-[chan 4] Max packet out: 32768 bytes
2020-07-10 20:56:55,456-paramiko.transport-DEBUG-Secsh channel 4 opened.
2020-07-10 20:56:55,458-paramiko.transport-DEBUG-[chan 4] Sesch channel 4 request ok
2020-07-10 20:56:57,154-paramiko.transport-DEBUG-[chan 4] EOF received (4)
2020-07-10 20:56:57,154-paramiko.transport-DEBUG-[chan 4] EOF sent (4)
2020-07-10 20:56:59,158-paramiko.transport-DEBUG-EOF in transport thread
2020-07-10 20:56:59,307-myloger-WARNING-OMS初始化—可选权限—Secuinfo表，沪A证券账号无市价委托权限--买入
2020-07-10 20:57:01,009-myloger-WARNING-执行结果为True,,
